Jun 29 01:11:50 localhost app-32: [SpamBlockerLiteApp] <> INFO  Loading settings from /usr/share/untangle/settings/spam-blocker-lite/settings_32.js
Jun 29 01:11:50 localhost app-32: [AppBase] <> INFO  Starting   spam-blocker-lite [32] ...
Jun 29 01:11:59 localhost app-32: [AppBase] <> INFO  Started    spam-blocker-lite [32] ...
Jul 28 10:59:02 localhost app-32: [SpamSmtpHandler] <TCP_98219431648818> WARN  Load too high: 11.41 5.46 2.31 23/533
Jul 28 10:59:02 localhost app-32: [SpamSmtpHandler] <TCP_98219431648818> WARN  Load too high, rejecting connection from: /192.168.1.142
Jul 28 10:59:03 localhost app-32: [SpamSmtpHandler] <TCP_98219431648825> WARN  Load too high, but allowing anyway: 11.41 5.46 2.31 26/534
Jul 28 10:59:03 localhost app-32: [SpamSmtpHandler] <TCP_98219431648830> WARN  Load too high: 11.41 5.46 2.31 6/535
Jul 28 10:59:03 localhost app-32: [SpamSmtpHandler] <TCP_98219431648830> WARN  Load too high, rejecting connection from: /192.168.1.142
Jul 28 10:59:21 localhost app-32: [SpamSmtpHandler] <TCP_98219431648905> WARN  Load too high: 11.34 5.9 2.52 4/514
Jul 28 10:59:21 localhost app-32: [SpamSmtpHandler] <TCP_98219431648905> WARN  Load too high, rejecting connection from: /192.168.1.142
Jul 28 10:59:21 localhost app-32: [SpamSmtpHandler] <TCP_98219431648908> WARN  Load too high: 11.34 5.9 2.52 6/514
Jul 28 10:59:21 localhost app-32: [SpamSmtpHandler] <TCP_98219431648908> WARN  Load too high, rejecting connection from: /192.168.1.142
Jul 28 10:59:22 localhost app-32: [SpamSmtpHandler] <TCP_98219431648909> WARN  Load too high: 11.34 5.9 2.52 6/516
Jul 28 10:59:22 localhost app-32: [SpamSmtpHandler] <TCP_98219431648909> WARN  Load too high, rejecting connection from: /192.168.1.142
Sep 26 09:04:15 localhost app-32: [SpamAssassinClient] <TCP98219443591122> WARN  <UTThread-50032>127.0.0.1:783, spamc failed: java.lang.Exception: <UTThread-50032>127.0.0.1:783, spamd/spamc terminated connection early
Sep 26 09:04:15 localhost app-32: [SpamAssassinClient] <TCP98219443591122> WARN  <UTThread-50032>127.0.0.1:783, spamc returned no result (timeout:45s) (elapsed: 2s)
Sep 26 09:04:15 localhost app-32: [SpamSmtpHandler] <TCP98219443591122> WARN  Error scanning message. Failing open
Oct 13 01:04:50 localhost app-32: [AppBase] <> INFO  Stopping   spam-blocker-lite [32] ...
Oct 13 01:04:51 localhost app-32: [AppBase] <> INFO  Stopped    spam-blocker-lite [32] ...
Oct 13 01:10:34 localhost app-32: [SpamBlockerLiteApp] <> INFO  Loading settings from /usr/share/untangle/settings/spam-blocker-lite/settings_32.js
Oct 13 01:10:34 localhost app-32: [SpamBlockerBaseApp] <> INFO  Loading greylist from file...
Oct 13 01:10:34 localhost app-32: [SpamBlockerBaseApp] <> INFO  Loading greylist from file... done (0 entries)
Oct 13 01:10:34 localhost app-32: [AppBase] <> INFO  Starting   spam-blocker-lite [32] ...
Oct 13 01:10:55 localhost app-32: [AppBase] <> INFO  Started    spam-blocker-lite [32] ...
Oct 18 08:36:04 localhost app-32: [SpamAssassinClient] <TCP98819625806501> WARN  <UTThread-2519>127.0.0.1:783, spamc failed: java.lang.Exception: <UTThread-2519>127.0.0.1:783, spamd/spamc terminated connection early
Oct 18 08:36:04 localhost app-32: [SpamAssassinClient] <TCP98819625806501> WARN  <UTThread-2519>127.0.0.1:783, spamc returned no result (timeout:45s) (elapsed: 2s)
Oct 18 08:36:04 localhost app-32: [SpamSmtpHandler] <TCP98819625806501> WARN  Error scanning message. Failing open
Oct 20 01:10:34 localhost app-32: [SpamBlockerBaseApp] <> INFO  Saving greylist to file... (0 entries)
Oct 20 01:10:34 localhost app-32: [SpamBlockerBaseApp] <> INFO  Saving greylist to file... done
Oct 27 01:10:34 localhost app-32: [SpamBlockerBaseApp] <> INFO  Saving greylist to file... (0 entries)
Oct 27 01:10:34 localhost app-32: [SpamBlockerBaseApp] <> INFO  Saving greylist to file... done
Nov  3 01:10:34 localhost app-32: [SpamBlockerBaseApp] <> INFO  Saving greylist to file... (0 entries)
Nov  3 01:10:34 localhost app-32: [SpamBlockerBaseApp] <> INFO  Saving greylist to file... done
Nov  3 14:59:39 localhost app-32: [SpamAssassinClient] <TCP98819629381715> WARN  <UTThread-8952>127.0.0.1:783, spamc failed: java.lang.Exception: <UTThread-8952>127.0.0.1:783, spamd/spamc terminated connection early
Nov  3 14:59:39 localhost app-32: [SpamAssassinClient] <TCP98819629381715> WARN  <UTThread-8952>127.0.0.1:783, spamc returned no result (timeout:45s) (elapsed: 1s)
Nov  3 14:59:39 localhost app-32: [SpamSmtpHandler] <TCP98819629381715> WARN  Error scanning message. Failing open
Nov 10 00:10:34 localhost app-32: [SpamBlockerBaseApp] <> INFO  Saving greylist to file... (0 entries)
Nov 10 00:10:34 localhost app-32: [SpamBlockerBaseApp] <> INFO  Saving greylist to file... done
Nov 17 00:10:34 localhost app-32: [SpamBlockerBaseApp] <> INFO  Saving greylist to file... (0 entries)
Nov 17 00:10:34 localhost app-32: [SpamBlockerBaseApp] <> INFO  Saving greylist to file... done
Nov 24 00:10:34 localhost app-32: [SpamBlockerBaseApp] <> INFO  Saving greylist to file... (0 entries)
Nov 24 00:10:34 localhost app-32: [SpamBlockerBaseApp] <> INFO  Saving greylist to file... done
Dec  1 00:10:34 localhost app-32: [SpamBlockerBaseApp] <> INFO  Saving greylist to file... (0 entries)
Dec  1 00:10:34 localhost app-32: [SpamBlockerBaseApp] <> INFO  Saving greylist to file... done
Dec  8 00:10:34 localhost app-32: [SpamBlockerBaseApp] <> INFO  Saving greylist to file... (0 entries)
Dec  8 00:10:34 localhost app-32: [SpamBlockerBaseApp] <> INFO  Saving greylist to file... done
Dec 13 15:49:35 localhost app-32: [SmtpEventHandler] <TCP98819638097026> INFO  Response received without a registered handler
Dec 15 00:10:34 localhost app-32: [SpamBlockerBaseApp] <> INFO  Saving greylist to file... (0 entries)
Dec 15 00:10:34 localhost app-32: [SpamBlockerBaseApp] <> INFO  Saving greylist to file... done
Dec 22 00:10:34 localhost app-32: [SpamBlockerBaseApp] <> INFO  Saving greylist to file... (0 entries)
Dec 22 00:10:34 localhost app-32: [SpamBlockerBaseApp] <> INFO  Saving greylist to file... done
Dec 27 08:15:59 localhost app-32: [SpamBlockerLiteApp] <> INFO  Loading settings from /usr/share/untangle/settings/spam-blocker-lite/settings_32.js
Dec 27 08:15:59 localhost app-32: [SpamBlockerBaseApp] <> INFO  Loading greylist from file...
Dec 27 08:15:59 localhost app-32: [SpamBlockerBaseApp] <> INFO  Loading greylist from file... done (0 entries)
Dec 27 08:16:00 localhost app-32: [AppBase] <> INFO  Starting   spam-blocker-lite [32] ...
Dec 27 08:16:23 localhost app-32: [AppBase] <> INFO  Started    spam-blocker-lite [32] ...
Jan  3 08:15:59 localhost app-32: [SpamBlockerBaseApp] <> INFO  Saving greylist to file... (0 entries)
Jan  3 08:16:00 localhost app-32: [SpamBlockerBaseApp] <> INFO  Saving greylist to file... done
Jan  4 08:49:47 localhost app-32: [SpamBlockerBaseApp] <> INFO  Loading greylist from file...
Jan  4 08:49:47 localhost app-32: [SpamBlockerBaseApp] <> INFO  Loading greylist from file... done (0 entries)
Jan  4 08:49:47 localhost app-32: [SpamBlockerLiteApp] <> INFO  Loading settings from /usr/share/untangle/settings/spam-blocker-lite/settings_32.js
Jan  4 08:49:48 localhost app-32: [AppBase] <> INFO  Starting   spam-blocker-lite [32] ...
Jan  4 08:50:11 localhost app-32: [AppBase] <> INFO  Started    spam-blocker-lite [32] ...
Jan  4 10:50:34 localhost app-32: [SpamBlockerLiteApp] <> INFO  Loading settings from /usr/share/untangle/settings/spam-blocker-lite/settings_32.js
Jan  4 10:50:34 localhost app-32: [SpamBlockerBaseApp] <> INFO  Loading greylist from file...
Jan  4 10:50:34 localhost app-32: [AppBase] <> INFO  Starting   spam-blocker-lite [32] ...
Jan  4 10:50:35 localhost app-32: [SpamBlockerBaseApp] <> INFO  Loading greylist from file... done (0 entries)
Jan  4 10:50:58 localhost app-32: [AppBase] <> INFO  Started    spam-blocker-lite [32] ...
Jul 19 05:05:30 localhost app-32: [SpamBlockerLiteApp] <> INFO  Loading settings from /usr/share/untangle/settings/spam-blocker-lite/settings_32.js
Jul 19 05:05:31 localhost app-32: [AppBase] <> INFO  Starting   spam-blocker-lite [32] ...
Jul 19 05:05:59 localhost app-32: [AppBase] <> INFO  Started    spam-blocker-lite [32] ...
Jan  9 01:03:13 localhost app-32: [AppBase] <> INFO  Stopping   spam-blocker-lite [32] ...
Jan  9 01:03:13 localhost app-32: [AppBase] <> INFO  Stopped    spam-blocker-lite [32] ...
Jan  9 01:05:24 localhost app-32: [SpamBlockerBaseApp] <> INFO  Loading greylist from file...
Jan  9 01:05:24 localhost app-32: [SpamBlockerBaseApp] <> INFO  Loading greylist from file... done (0 entries)
Jan  9 01:05:24 localhost app-32: [SpamBlockerLiteApp] <> INFO  Loading settings from /usr/share/untangle/settings/spam-blocker-lite/settings_32.js
Jan  9 01:05:24 localhost app-32: [AppBase] <> INFO  Starting   spam-blocker-lite [32] ...
Jan  9 01:05:56 localhost app-32: [AppBase] <> INFO  Started    spam-blocker-lite [32] ...
Jan 16 01:05:24 localhost app-32: [SpamBlockerBaseApp] <> INFO  Saving greylist to file... (0 entries)
Jan 16 01:05:24 localhost app-32: [SpamBlockerBaseApp] <> INFO  Saving greylist to file... done
Jan 23 01:05:24 localhost app-32: [SpamBlockerBaseApp] <> INFO  Saving greylist to file... (0 entries)
Jan 23 01:05:24 localhost app-32: [SpamBlockerBaseApp] <> INFO  Saving greylist to file... done
Jan 30 01:05:24 localhost app-32: [SpamBlockerBaseApp] <> INFO  Saving greylist to file... (0 entries)
Jan 30 01:05:24 localhost app-32: [SpamBlockerBaseApp] <> INFO  Saving greylist to file... done
Feb  6 01:05:24 localhost app-32: [SpamBlockerBaseApp] <> INFO  Saving greylist to file... (0 entries)
Feb  6 01:05:24 localhost app-32: [SpamBlockerBaseApp] <> INFO  Saving greylist to file... done
Feb 13 01:05:24 localhost app-32: [SpamBlockerBaseApp] <> INFO  Saving greylist to file... (0 entries)
Feb 13 01:05:24 localhost app-32: [SpamBlockerBaseApp] <> INFO  Saving greylist to file... done
Feb 13 12:22:04 localhost app-32: [SmtpEventHandler] <TCP99318132702284> INFO  Response received without a registered handler
Feb 20 01:05:24 localhost app-32: [SpamBlockerBaseApp] <> INFO  Saving greylist to file... (0 entries)
Feb 20 01:05:24 localhost app-32: [SpamBlockerBaseApp] <> INFO  Saving greylist to file... done
Feb 21 01:02:37 localhost app-32: [AppBase] <> INFO  Stopping   spam-blocker-lite [32] ...
Feb 21 01:02:38 localhost app-32: [SpamBlockerBaseApp] <> INFO  Saving greylist to file... (0 entries)
Feb 21 01:02:38 localhost app-32: [AppBase] <> INFO  Stopped    spam-blocker-lite [32] ...
Feb 21 01:02:40 localhost app-32: [SpamBlockerBaseApp] <> INFO  Saving greylist to file... done
Feb 21 01:04:54 localhost app-32: [SpamBlockerLiteApp] <> INFO  Loading settings from /usr/share/untangle/settings/spam-blocker-lite/settings_32.js
Feb 21 01:04:54 localhost app-32: [AppBase] <> INFO  Starting   spam-blocker-lite [32] ...
Feb 21 01:05:35 localhost app-32: [AppBase] <> INFO  Started    spam-blocker-lite [32] ...
Apr 23 10:12:37 localhost app-32: [MIMEUtil] <TCP99561617007204> ERROR java.io.UnsupportedEncodingException: UTF-7
Apr 23 10:12:37 localhost app-32: [MIMEUtil] <TCP99561617007204> ERROR java.io.UnsupportedEncodingException: UTF-7
Apr 23 10:12:40 localhost app-32: [MIMEUtil] <TCP99561617007204> ERROR java.io.UnsupportedEncodingException: UTF-7
Apr 26 01:09:49 localhost app-32: [AppBase] <> INFO  Stopping   spam-blocker-lite [32] ...
Apr 26 01:09:53 localhost app-32: [AppBase] <> INFO  Stopped    spam-blocker-lite [32] ...
Apr 26 01:15:27 localhost app-32: [SpamBlockerBaseApp] <> INFO  Loading greylist from file...
Apr 26 01:15:27 localhost app-32: [SpamBlockerBaseApp] <> INFO  Loading greylist from file... done (0 entries)
Apr 26 01:15:27 localhost app-32: [SpamBlockerLiteApp] <> INFO  Loading settings from /usr/share/untangle/settings/spam-blocker-lite/settings_32.js
Apr 26 01:15:27 localhost app-32: [AppBase] <> INFO  Starting   spam-blocker-lite [32] ...
Apr 26 01:15:53 localhost app-32: [AppBase] <> INFO  Started    spam-blocker-lite [32] ...
May  3 01:15:27 localhost app-32: [SpamBlockerBaseApp] <> INFO  Saving greylist to file... (0 entries)
May  3 01:15:27 localhost app-32: [SpamBlockerBaseApp] <> INFO  Saving greylist to file... done
May  4 09:32:23 localhost app-32: [SpamAssassinClient] <TCP99923796470869> WARN  <UTThread-7451>127.0.0.1:783, spamc failed: java.lang.Exception: <UTThread-7451>127.0.0.1:783, spamd/spamc terminated connection early
May  4 09:32:23 localhost app-32: [SpamAssassinClient] <TCP99923796470869> WARN  <UTThread-7451>127.0.0.1:783, spamc returned no result (timeout:45s) (elapsed: 1s)
May  4 09:32:23 localhost app-32: [SpamSmtpHandler] <TCP99923796470869> WARN  Error scanning message. Failing open
May 10 01:15:27 localhost app-32: [SpamBlockerBaseApp] <> INFO  Saving greylist to file... (0 entries)
May 10 01:15:27 localhost app-32: [SpamBlockerBaseApp] <> INFO  Saving greylist to file... done
May 15 11:47:34 localhost app-32: [MIMEUtil] <TCP99923799096336> ERROR java.io.UnsupportedEncodingException: UTF-7
May 15 11:47:34 localhost app-32: [MIMEUtil] <TCP99923799096336> ERROR java.io.UnsupportedEncodingException: UTF-7
May 15 11:47:37 localhost app-32: [MIMEUtil] <TCP99923799096336> ERROR java.io.UnsupportedEncodingException: UTF-7
May 17 01:15:27 localhost app-32: [SpamBlockerBaseApp] <> INFO  Saving greylist to file... (0 entries)
May 17 01:15:27 localhost app-32: [SpamBlockerBaseApp] <> INFO  Saving greylist to file... done
May 24 01:15:27 localhost app-32: [SpamBlockerBaseApp] <> INFO  Saving greylist to file... (0 entries)
May 24 01:15:27 localhost app-32: [SpamBlockerBaseApp] <> INFO  Saving greylist to file... done
May 31 01:15:27 localhost app-32: [SpamBlockerBaseApp] <> INFO  Saving greylist to file... (0 entries)
May 31 01:15:27 localhost app-32: [SpamBlockerBaseApp] <> INFO  Saving greylist to file... done
Jun  7 01:15:27 localhost app-32: [SpamBlockerBaseApp] <> INFO  Saving greylist to file... (0 entries)
Jun  7 01:15:27 localhost app-32: [SpamBlockerBaseApp] <> INFO  Saving greylist to file... done
Jun 14 01:15:27 localhost app-32: [SpamBlockerBaseApp] <> INFO  Saving greylist to file... (0 entries)
Jun 14 01:15:27 localhost app-32: [SpamBlockerBaseApp] <> INFO  Saving greylist to file... done
Jun 21 01:15:27 localhost app-32: [SpamBlockerBaseApp] <> INFO  Saving greylist to file... (0 entries)
Jun 21 01:15:27 localhost app-32: [SpamBlockerBaseApp] <> INFO  Saving greylist to file... done
Jun 28 01:15:27 localhost app-32: [SpamBlockerBaseApp] <> INFO  Saving greylist to file... (0 entries)
Jun 28 01:15:27 localhost app-32: [SpamBlockerBaseApp] <> INFO  Saving greylist to file... done
Jul  5 01:15:27 localhost app-32: [SpamBlockerBaseApp] <> INFO  Saving greylist to file... (0 entries)
Jul  5 01:15:27 localhost app-32: [SpamBlockerBaseApp] <> INFO  Saving greylist to file... done
Jul 12 01:15:27 localhost app-32: [SpamBlockerBaseApp] <> INFO  Saving greylist to file... (0 entries)
Jul 12 01:15:27 localhost app-32: [SpamBlockerBaseApp] <> INFO  Saving greylist to file... done
Jul 19 01:15:27 localhost app-32: [SpamBlockerBaseApp] <> INFO  Saving greylist to file... (0 entries)
Jul 19 01:15:27 localhost app-32: [SpamBlockerBaseApp] <> INFO  Saving greylist to file... done
Jul 26 01:15:27 localhost app-32: [SpamBlockerBaseApp] <> INFO  Saving greylist to file... (0 entries)
Jul 26 01:15:27 localhost app-32: [SpamBlockerBaseApp] <> INFO  Saving greylist to file... done
Aug  2 01:15:27 localhost app-32: [SpamBlockerBaseApp] <> INFO  Saving greylist to file... (0 entries)
Aug  2 01:15:27 localhost app-32: [SpamBlockerBaseApp] <> INFO  Saving greylist to file... done
Aug  3 13:59:28 localhost app-32: [SmtpEventHandler] <TCP99923818862773> INFO  Response received without a registered handler
Aug  5 01:32:45 localhost app-32: [AppBase] <> INFO  Stopping   spam-blocker-lite [32] ...
Aug  5 01:32:46 localhost app-32: [SpamBlockerBaseApp] <> INFO  Saving greylist to file... (0 entries)
Aug  5 01:32:47 localhost app-32: [AppBase] <> INFO  Stopped    spam-blocker-lite [32] ...
Aug  5 01:32:53 localhost app-32: [SpamBlockerBaseApp] <> INFO  Saving greylist to file... done
Aug  5 01:59:46 localhost app-32: [SpamBlockerLiteApp] <> INFO  Loading settings from /usr/share/untangle/settings/spam-blocker-lite/settings_32.js
Aug  5 01:59:47 localhost app-32: [SpamBlockerLiteApp] <> INFO  Signatures not found! Forcing Asynchronous update...
Aug  5 01:59:47 localhost app-32: [AppBase] <> INFO  Starting   spam-blocker-lite [32] ...
Aug  5 02:00:39 localhost app-32: [AppBase] <> INFO  Started    spam-blocker-lite [32] ...
Aug  7 07:06:13 localhost app-32: [SpamBlockerLiteApp] <> INFO  Loading settings from /usr/share/untangle/settings/spam-blocker-lite/settings_32.js
Aug  7 07:06:13 localhost app-32: [SpamBlockerBaseApp] <> INFO  Loading greylist from file...
Aug  7 07:06:13 localhost app-32: [SpamBlockerBaseApp] <> INFO  Loading greylist from file... done (0 entries)
Aug  7 07:06:13 localhost app-32: [AppBase] <> INFO  Starting   spam-blocker-lite [32] ...
Aug  7 07:06:33 localhost app-32: [AppBase] <> INFO  Started    spam-blocker-lite [32] ...
Aug  8 11:47:38 localhost app-32: [SmtpEventHandler] <TCP100508392838660> INFO  Response received without a registered handler
Aug 12 01:13:03 localhost app-32: [AppBase] <> INFO  Stopping   spam-blocker-lite [32] ...
Aug 12 01:13:03 localhost app-32: [SpamBlockerBaseApp] <> INFO  Saving greylist to file... (0 entries)
Aug 12 01:13:03 localhost app-32: [AppBase] <> INFO  Stopped    spam-blocker-lite [32] ...
Aug 12 01:13:03 localhost app-32: [SpamBlockerBaseApp] <> INFO  Saving greylist to file... done
Aug 12 01:17:59 localhost app-32: [SpamBlockerBaseApp] <> INFO  Loading greylist from file...
Aug 12 01:17:59 localhost app-32: [SpamBlockerBaseApp] <> INFO  Loading greylist from file... done (0 entries)
Aug 12 01:17:59 localhost app-32: [SpamBlockerLiteApp] <> INFO  Loading settings from /usr/share/untangle/settings/spam-blocker-lite/settings_32.js
Aug 12 01:18:00 localhost app-32: [AppBase] <> INFO  Starting   spam-blocker-lite [32] ...
Aug 12 01:18:25 localhost app-32: [AppBase] <> INFO  Started    spam-blocker-lite [32] ...
Aug 19 01:17:59 localhost app-32: [SpamBlockerBaseApp] <> INFO  Saving greylist to file... (0 entries)
Aug 19 01:17:59 localhost app-32: [SpamBlockerBaseApp] <> INFO  Saving greylist to file... done
Aug 26 01:17:59 localhost app-32: [SpamBlockerBaseApp] <> INFO  Saving greylist to file... (0 entries)
Aug 26 01:17:59 localhost app-32: [SpamBlockerBaseApp] <> INFO  Saving greylist to file... done
Aug 28 01:01:49 localhost app-32: [AppBase] <> INFO  Stopping   spam-blocker-lite [32] ...
Aug 28 01:01:49 localhost app-32: [SpamBlockerBaseApp] <> INFO  Saving greylist to file... (0 entries)
Aug 28 01:01:49 localhost app-32: [SpamBlockerBaseApp] <> INFO  Saving greylist to file... done
Aug 28 01:01:49 localhost app-32: [AppBase] <> INFO  Stopped    spam-blocker-lite [32] ...
Aug 28 01:06:53 localhost app-32: [SpamBlockerLiteApp] <> INFO  Loading settings from /usr/share/untangle/settings/spam-blocker-lite/settings_32.js
Aug 28 01:06:54 localhost app-32: [AppBase] <> INFO  Starting   spam-blocker-lite [32] ...
Aug 28 01:07:09 localhost app-32: [AppBase] <> INFO  Started    spam-blocker-lite [32] ...
Aug 28 18:15:58 localhost app-32: [SpamBlockerBaseApp] <> INFO  Loading greylist from file...
Aug 28 18:15:58 localhost app-32: [SpamBlockerBaseApp] <> INFO  Loading greylist from file... done (0 entries)
Aug 28 18:15:58 localhost app-32: [SpamBlockerLiteApp] <> INFO  Loading settings from /usr/share/untangle/settings/spam-blocker-lite/settings_32.js
Aug 28 18:15:59 localhost app-32: [AppBase] <> INFO  Starting   spam-blocker-lite [32] ...
Aug 28 18:16:28 localhost app-32: [AppBase] <> INFO  Started    spam-blocker-lite [32] ...
Sep  4 18:15:58 localhost app-32: [SpamBlockerBaseApp] <> INFO  Saving greylist to file... (0 entries)
Sep  4 18:15:59 localhost app-32: [SpamBlockerBaseApp] <> INFO  Saving greylist to file... done
Sep 11 18:15:58 localhost app-32: [SpamBlockerBaseApp] <> INFO  Saving greylist to file... (0 entries)
Sep 11 18:15:59 localhost app-32: [SpamBlockerBaseApp] <> INFO  Saving greylist to file... done
Sep 18 11:09:37 localhost app-32: [MIMEUtil] <TCP100629939264693> ERROR java.io.UnsupportedEncodingException: UTF-7
Sep 18 11:09:37 localhost app-32: [MIMEUtil] <TCP100629939264693> ERROR java.io.UnsupportedEncodingException: UTF-7
Sep 18 11:09:40 localhost app-32: [MIMEUtil] <TCP100629939264693> ERROR java.io.UnsupportedEncodingException: UTF-7
Sep 18 18:15:58 localhost app-32: [SpamBlockerBaseApp] <> INFO  Saving greylist to file... (0 entries)
Sep 18 18:15:58 localhost app-32: [SpamBlockerBaseApp] <> INFO  Saving greylist to file... done
Sep 25 18:15:58 localhost app-32: [SpamBlockerBaseApp] <> INFO  Saving greylist to file... (0 entries)
Sep 25 18:15:59 localhost app-32: [SpamBlockerBaseApp] <> INFO  Saving greylist to file... done
Oct  2 18:15:58 localhost app-32: [SpamBlockerBaseApp] <> INFO  Saving greylist to file... (0 entries)
Oct  2 18:15:59 localhost app-32: [SpamBlockerBaseApp] <> INFO  Saving greylist to file... done
Oct  9 18:15:58 localhost app-32: [SpamBlockerBaseApp] <> INFO  Saving greylist to file... (0 entries)
Oct  9 18:15:59 localhost app-32: [SpamBlockerBaseApp] <> INFO  Saving greylist to file... done
Oct 16 18:15:58 localhost app-32: [SpamBlockerBaseApp] <> INFO  Saving greylist to file... (0 entries)
Oct 16 18:15:59 localhost app-32: [SpamBlockerBaseApp] <> INFO  Saving greylist to file... done
Oct 23 18:15:58 localhost app-32: [SpamBlockerBaseApp] <> INFO  Saving greylist to file... (0 entries)
Oct 23 18:15:59 localhost app-32: [SpamBlockerBaseApp] <> INFO  Saving greylist to file... done
Oct 25 14:53:40 localhost app-32: [SmtpEventHandler] <TCP100629948619990> WARN  Enqueuing negative response to non-allowed command "STARTTLS" ()
Oct 30 09:55:21 localhost app-32: [SmtpEventHandler] <TCP100629949671184> INFO  Response received without a registered handler
Oct 30 18:15:58 localhost app-32: [SpamBlockerBaseApp] <> INFO  Saving greylist to file... (0 entries)
Oct 30 18:15:59 localhost app-32: [SpamBlockerBaseApp] <> INFO  Saving greylist to file... done
Nov  6 17:15:58 localhost app-32: [SpamBlockerBaseApp] <> INFO  Saving greylist to file... (0 entries)
Nov  6 17:15:59 localhost app-32: [SpamBlockerBaseApp] <> INFO  Saving greylist to file... done
Nov 13 17:15:58 localhost app-32: [SpamBlockerBaseApp] <> INFO  Saving greylist to file... (0 entries)
Nov 13 17:15:59 localhost app-32: [SpamBlockerBaseApp] <> INFO  Saving greylist to file... done
Nov 20 17:15:58 localhost app-32: [SpamBlockerBaseApp] <> INFO  Saving greylist to file... (0 entries)
Nov 20 17:15:59 localhost app-32: [SpamBlockerBaseApp] <> INFO  Saving greylist to file... done
Nov 27 17:15:58 localhost app-32: [SpamBlockerBaseApp] <> INFO  Saving greylist to file... (0 entries)
Nov 27 17:15:59 localhost app-32: [SpamBlockerBaseApp] <> INFO  Saving greylist to file... done
Nov 29 13:29:37 localhost app-32: [SpamBlockerBaseApp] <> INFO  Loading greylist from file...
Nov 29 13:29:37 localhost app-32: [SpamBlockerBaseApp] <> INFO  Loading greylist from file... done (0 entries)
Nov 29 13:29:37 localhost app-32: [SpamBlockerLiteApp] <> INFO  Loading settings from /usr/share/untangle/settings/spam-blocker-lite/settings_32.js
Nov 29 13:29:37 localhost app-32: [AppBase] <> INFO  Starting   spam-blocker-lite [32] ...
Nov 29 13:30:09 localhost app-32: [AppBase] <> INFO  Started    spam-blocker-lite [32] ...
Dec  4 12:01:26 localhost app-32: [MIMEUtil] <TCP101155640410860> ERROR java.io.UnsupportedEncodingException: UTF-7
Dec  4 12:01:26 localhost app-32: [MIMEUtil] <TCP101155640410860> ERROR java.io.UnsupportedEncodingException: UTF-7
Dec  4 12:01:28 localhost app-32: [MIMEUtil] <TCP101155640410860> ERROR java.io.UnsupportedEncodingException: UTF-7
Dec  6 13:29:37 localhost app-32: [SpamBlockerBaseApp] <> INFO  Saving greylist to file... (0 entries)
Dec  6 13:29:37 localhost app-32: [SpamBlockerBaseApp] <> INFO  Saving greylist to file... done
Dec  8 01:16:43 localhost app-32: [AppBase] <> INFO  Stopping   spam-blocker-lite [32] ...
Dec  8 01:16:44 localhost app-32: [SpamBlockerBaseApp] <> INFO  Saving greylist to file... (0 entries)
Dec  8 01:16:44 localhost app-32: [SpamBlockerBaseApp] <> INFO  Saving greylist to file... done
Dec  8 01:16:44 localhost app-32: [AppBase] <> INFO  Stopped    spam-blocker-lite [32] ...
Dec  8 01:24:07 localhost app-32: [SpamBlockerLiteApp] <> INFO  Loading settings from /usr/share/untangle/settings/spam-blocker-lite/settings_32.js
Dec  8 01:24:07 localhost app-32: [SpamBlockerBaseApp] <> INFO  Loading greylist from file...
Dec  8 01:24:07 localhost app-32: [SpamBlockerBaseApp] <> INFO  Loading greylist from file... done (0 entries)
Dec  8 01:24:07 localhost app-32: [AppBase] <> INFO  Starting   spam-blocker-lite [32] ...
Dec  8 01:24:24 localhost app-32: [AppBase] <> INFO  Started    spam-blocker-lite [32] ...
Dec 15 01:24:07 localhost app-32: [SpamBlockerBaseApp] <> INFO  Saving greylist to file... (0 entries)
Dec 15 01:24:07 localhost app-32: [SpamBlockerBaseApp] <> INFO  Saving greylist to file... done
Dec 22 01:24:07 localhost app-32: [SpamBlockerBaseApp] <> INFO  Saving greylist to file... (0 entries)
Dec 22 01:24:07 localhost app-32: [SpamBlockerBaseApp] <> INFO  Saving greylist to file... done
Dec 29 01:24:07 localhost app-32: [SpamBlockerBaseApp] <> INFO  Saving greylist to file... (0 entries)
Dec 29 01:24:07 localhost app-32: [SpamBlockerBaseApp] <> INFO  Saving greylist to file... done
Jan  5 01:24:07 localhost app-32: [SpamBlockerBaseApp] <> INFO  Saving greylist to file... (0 entries)
Jan  5 01:24:07 localhost app-32: [SpamBlockerBaseApp] <> INFO  Saving greylist to file... done
Jan 12 01:24:07 localhost app-32: [SpamBlockerBaseApp] <> INFO  Saving greylist to file... (0 entries)
Jan 12 01:24:07 localhost app-32: [SpamBlockerBaseApp] <> INFO  Saving greylist to file... done
Jan 14 08:52:30 localhost app-32: [SmtpEventHandler] <TCP101203755371380> INFO  Response received without a registered handler
Jan 14 10:44:45 localhost app-32: [MIMEUtil] <TCP101203755408058> ERROR java.io.UnsupportedEncodingException: utf-7
Jan 14 10:44:45 localhost app-32: [MIMEUtil] <TCP101203755408058> ERROR java.io.UnsupportedEncodingException: utf-7
Jan 14 10:44:49 localhost app-32: [MIMEUtil] <TCP101203755408058> ERROR java.io.UnsupportedEncodingException: utf-7
Jan 19 01:24:07 localhost app-32: [SpamBlockerBaseApp] <> INFO  Saving greylist to file... (0 entries)
Jan 19 01:24:07 localhost app-32: [SpamBlockerBaseApp] <> INFO  Saving greylist to file... done
Jan 26 01:24:07 localhost app-32: [SpamBlockerBaseApp] <> INFO  Saving greylist to file... (0 entries)
Jan 26 01:24:07 localhost app-32: [SpamBlockerBaseApp] <> INFO  Saving greylist to file... done
Jan 29 01:03:18 localhost app-32: [AppBase] <> INFO  Stopping   spam-blocker-lite [32] ...
Jan 29 01:03:18 localhost app-32: [SpamBlockerBaseApp] <> INFO  Saving greylist to file... (0 entries)
Jan 29 01:03:18 localhost app-32: [SpamBlockerBaseApp] <> INFO  Saving greylist to file... done
Jan 29 01:03:18 localhost app-32: [AppBase] <> INFO  Stopped    spam-blocker-lite [32] ...
Jan 29 01:09:15 localhost app-32: [SpamBlockerLiteApp] <> INFO  Loading settings from /usr/share/untangle/settings/spam-blocker-lite/settings_32.js
Jan 29 01:09:16 localhost app-32: [SpamBlockerBaseApp] <> INFO  Loading greylist from file...
Jan 29 01:09:16 localhost app-32: [SpamBlockerBaseApp] <> INFO  Loading greylist from file... done (0 entries)
Jan 29 01:09:16 localhost app-32: [AppBase] <> INFO  Starting   spam-blocker-lite [32] ...
Jan 29 01:09:43 localhost app-32: [AppBase] <> INFO  Started    spam-blocker-lite [32] ...
Feb  1 15:14:22 localhost app-32: [SpamBlockerBaseApp] <> INFO  Loading greylist from file...
Feb  1 15:14:22 localhost app-32: [SpamBlockerLiteApp] <> INFO  Loading settings from /usr/share/untangle/settings/spam-blocker-lite/settings_32.js
Feb  1 15:14:22 localhost app-32: [SpamBlockerBaseApp] <> INFO  Loading greylist from file... done (0 entries)
Feb  1 15:14:24 localhost app-32: [AppBase] <> INFO  Starting   spam-blocker-lite [32] ...
Feb  1 15:14:44 localhost app-32: [AppBase] <> INFO  Started    spam-blocker-lite [32] ...
Feb  8 15:14:22 localhost app-32: [SpamBlockerBaseApp] <> INFO  Saving greylist to file... (0 entries)
Feb  8 15:14:23 localhost app-32: [SpamBlockerBaseApp] <> INFO  Saving greylist to file... done
Feb 15 15:14:22 localhost app-32: [SpamBlockerBaseApp] <> INFO  Saving greylist to file... (0 entries)
Feb 15 15:14:23 localhost app-32: [SpamBlockerBaseApp] <> INFO  Saving greylist to file... done
Feb 19 08:53:29 localhost app-32: [MIMEUtil] <TCP101518443302563> ERROR java.io.UnsupportedEncodingException: UTF-7
Feb 19 08:53:29 localhost app-32: [MIMEUtil] <TCP101518443302563> ERROR java.io.UnsupportedEncodingException: UTF-7
Feb 19 08:53:42 localhost app-32: [MIMEUtil] <TCP101518443302563> ERROR java.io.UnsupportedEncodingException: UTF-7
Feb 22 15:14:22 localhost app-32: [SpamBlockerBaseApp] <> INFO  Saving greylist to file... (0 entries)
Feb 22 15:14:23 localhost app-32: [SpamBlockerBaseApp] <> INFO  Saving greylist to file... done
Mar  1 15:14:22 localhost app-32: [SpamBlockerBaseApp] <> INFO  Saving greylist to file... (0 entries)
Mar  1 15:14:23 localhost app-32: [SpamBlockerBaseApp] <> INFO  Saving greylist to file... done
Mar  8 15:14:22 localhost app-32: [SpamBlockerBaseApp] <> INFO  Saving greylist to file... (0 entries)
Mar  8 15:14:23 localhost app-32: [SpamBlockerBaseApp] <> INFO  Saving greylist to file... done
Mar 15 16:14:22 localhost app-32: [SpamBlockerBaseApp] <> INFO  Saving greylist to file... (0 entries)
Mar 15 16:14:23 localhost app-32: [SpamBlockerBaseApp] <> INFO  Saving greylist to file... done
Mar 20 08:31:13 localhost app-32: [SpamBlockerLiteApp] <> INFO  Loading settings from /usr/share/untangle/settings/spam-blocker-lite/settings_32.js
Mar 20 08:31:13 localhost app-32: [SpamBlockerBaseApp] <> INFO  Loading greylist from file...
Mar 20 08:31:14 localhost app-32: [SpamBlockerBaseApp] <> INFO  Loading greylist from file... done (0 entries)
Mar 20 08:31:14 localhost app-32: [AppBase] <> INFO  Starting   spam-blocker-lite [32] ...
Mar 20 08:31:37 localhost app-32: [AppBase] <> INFO  Started    spam-blocker-lite [32] ...
Mar 25 15:00:54 localhost app-32: [SmtpEventHandler] <TCP101782747801059> INFO  Response received without a registered handler
Mar 27 08:31:13 localhost app-32: [SpamBlockerBaseApp] <> INFO  Saving greylist to file... (0 entries)
Mar 27 08:31:14 localhost app-32: [SpamBlockerBaseApp] <> INFO  Saving greylist to file... done
Apr  3 08:31:13 localhost app-32: [SpamBlockerBaseApp] <> INFO  Saving greylist to file... (0 entries)
Apr  3 08:31:14 localhost app-32: [SpamBlockerBaseApp] <> INFO  Saving greylist to file... done
Apr  4 11:01:24 localhost app-32: [MIMEUtil] <TCP101782750203288> ERROR java.io.UnsupportedEncodingException: UTF-7
Apr  4 11:01:24 localhost app-32: [MIMEUtil] <TCP101782750203288> ERROR java.io.UnsupportedEncodingException: UTF-7
Apr  4 11:01:27 localhost app-32: [MIMEUtil] <TCP101782750203288> ERROR java.io.UnsupportedEncodingException: UTF-7
Apr  5 14:45:54 localhost app-32: [MIMEUtil] <TCP101782750536634> ERROR java.io.UnsupportedEncodingException: UTF-7
Apr  5 14:45:54 localhost app-32: [MIMEUtil] <TCP101782750536634> ERROR java.io.UnsupportedEncodingException: UTF-7
Apr  5 14:45:57 localhost app-32: [MIMEUtil] <TCP101782750536634> ERROR java.io.UnsupportedEncodingException: UTF-7
Apr  9 01:15:11 localhost app-32: [AppBase] <> INFO  Stopping   spam-blocker-lite [32] ...
Apr  9 01:15:11 localhost app-32: [SpamBlockerBaseApp] <> INFO  Saving greylist to file... (0 entries)
Apr  9 01:15:11 localhost app-32: [SpamBlockerBaseApp] <> INFO  Saving greylist to file... done
Apr  9 01:15:11 localhost app-32: [AppBase] <> INFO  Stopped    spam-blocker-lite [32] ...
Apr  9 01:20:55 localhost app-32: [SpamBlockerLiteApp] <> INFO  Loading settings from /usr/share/untangle/settings/spam-blocker-lite/settings_32.js
Apr  9 01:20:55 localhost app-32: [AppBase] <> INFO  Starting   spam-blocker-lite [32] ...
Apr  9 01:21:24 localhost app-32: [AppBase] <> INFO  Started    spam-blocker-lite [32] ...
Apr 12 14:24:09 localhost app-32: [SmtpEventHandler] <TCP101894301925662> INFO  Response received without a registered handler
Apr 12 15:19:18 localhost app-32: [SmtpEventHandler] <TCP101894301941062> INFO  Response received without a registered handler
May 30 09:59:06 localhost app-32: [SmtpEventHandler] <TCP101894313182902> INFO  Response received without a registered handler
Jul 22 01:12:28 localhost app-32: [SpamBlockerLiteApp] <> INFO  Loading settings from /usr/share/untangle/settings/spam-blocker-lite/settings_32.js
Jul 22 01:12:28 localhost app-32: [AppBase] <> INFO  Starting   spam-blocker-lite [32] ...
Jul 22 01:12:30 localhost app-32: [AppBase] <> INFO  Started    spam-blocker-lite [32] ...
Aug 20 01:01:27 localhost app-32: [AppBase] <> INFO  Stopping   spam-blocker-lite [32] ...
Aug 20 01:01:27 localhost app-32: [AppBase] <> INFO  Stopped    spam-blocker-lite [32] ...
Aug 20 01:06:21 localhost app-32: [SpamBlockerBaseApp] <> INFO  Loading greylist from file...
Aug 20 01:06:21 localhost app-32: [SpamBlockerBaseApp] <> INFO  Loading greylist from file... done (0 entries)
Aug 20 01:06:21 localhost app-32: [SpamBlockerLiteApp] <> INFO  Loading settings from /usr/share/untangle/settings/spam-blocker-lite/settings_32.js
Aug 20 01:06:21 localhost app-32: [AppBase] <> INFO  Starting   spam-blocker-lite [32] ...
Aug 20 01:06:49 localhost app-32: [AppBase] <> INFO  Started    spam-blocker-lite [32] ...
Aug 27 01:06:21 localhost app-32: [SpamBlockerBaseApp] <> INFO  Saving greylist to file... (0 entries)
Aug 27 01:06:21 localhost app-32: [SpamBlockerBaseApp] <> INFO  Saving greylist to file... done
Sep  3 01:06:21 localhost app-32: [SpamBlockerBaseApp] <> INFO  Saving greylist to file... (0 entries)
Sep  3 01:06:21 localhost app-32: [SpamBlockerBaseApp] <> INFO  Saving greylist to file... done
Sep 10 01:06:21 localhost app-32: [SpamBlockerBaseApp] <> INFO  Saving greylist to file... (0 entries)
Sep 10 01:06:21 localhost app-32: [SpamBlockerBaseApp] <> INFO  Saving greylist to file... done
Sep 14 01:01:56 localhost app-32: [AppBase] <> INFO  Stopping   spam-blocker-lite [32] ...
Sep 14 01:01:56 localhost app-32: [SpamBlockerBaseApp] <> INFO  Saving greylist to file... (0 entries)
Sep 14 01:01:56 localhost app-32: [AppBase] <> INFO  Stopped    spam-blocker-lite [32] ...
Sep 14 01:01:58 localhost app-32: [SpamBlockerBaseApp] <> INFO  Saving greylist to file... done
Sep 14 01:06:43 localhost app-32: [SpamBlockerLiteApp] <> INFO  Loading settings from /usr/share/untangle/settings/spam-blocker-lite/settings_32.js
Sep 14 01:06:44 localhost app-32: [AppBase] <> INFO  Starting   spam-blocker-lite [32] ...
Sep 14 01:07:13 localhost app-32: [AppBase] <> INFO  Started    spam-blocker-lite [32] ...
Oct  7 15:35:39 localhost app-32: [SpamBlockerBaseApp] <> INFO  Loading greylist from file...
Oct  7 15:35:39 localhost app-32: [SpamBlockerLiteApp] <> INFO  Loading settings from /usr/share/untangle/settings/spam-blocker-lite/settings_32.js
Oct  7 15:35:39 localhost app-32: [SpamBlockerBaseApp] <> INFO  Loading greylist from file... done (0 entries)
Oct  7 15:35:39 localhost app-32: [AppBase] <> INFO  Starting   spam-blocker-lite [32] ...
Oct  7 15:36:08 localhost app-32: [AppBase] <> INFO  Started    spam-blocker-lite [32] ...
Oct 14 15:35:39 localhost app-32: [SpamBlockerBaseApp] <> INFO  Saving greylist to file... (0 entries)
Oct 14 15:35:39 localhost app-32: [SpamBlockerBaseApp] <> INFO  Saving greylist to file... done
Oct 21 15:35:39 localhost app-32: [SpamBlockerBaseApp] <> INFO  Saving greylist to file... (0 entries)
Oct 21 15:35:39 localhost app-32: [SpamBlockerBaseApp] <> INFO  Saving greylist to file... done
Oct 28 15:35:39 localhost app-32: [SpamBlockerBaseApp] <> INFO  Saving greylist to file... (0 entries)
Oct 28 15:35:39 localhost app-32: [SpamBlockerBaseApp] <> INFO  Saving greylist to file... done
Nov  4 14:35:39 localhost app-32: [SpamBlockerBaseApp] <> INFO  Saving greylist to file... (0 entries)
Nov  4 14:35:39 localhost app-32: [SpamBlockerBaseApp] <> INFO  Saving greylist to file... done
Nov 11 14:35:39 localhost app-32: [SpamBlockerBaseApp] <> INFO  Saving greylist to file... (0 entries)
Nov 11 14:35:39 localhost app-32: [SpamBlockerBaseApp] <> INFO  Saving greylist to file... done
Nov 18 14:35:39 localhost app-32: [SpamBlockerBaseApp] <> INFO  Saving greylist to file... (0 entries)
Nov 18 14:35:39 localhost app-32: [SpamBlockerBaseApp] <> INFO  Saving greylist to file... done
Nov 21 13:36:43 localhost app-32: [SpamAssassinClient] <TCP102922553681874> WARN  <UTThread-27448>127.0.0.1:783, spamc failed: java.lang.Exception: <UTThread-27448>127.0.0.1:783, spamd/spamc terminated connection early
Nov 21 13:36:43 localhost app-32: [SpamAssassinClient] <TCP102922553681874> WARN  <UTThread-27448>127.0.0.1:783, spamc returned no result (timeout:45s) (elapsed: 1s)
Nov 21 13:36:43 localhost app-32: [SpamSmtpHandler] <TCP102922553681874> WARN  Error scanning message. Failing open
Nov 25 14:35:39 localhost app-32: [SpamBlockerBaseApp] <> INFO  Saving greylist to file... (0 entries)
Nov 25 14:35:39 localhost app-32: [SpamBlockerBaseApp] <> INFO  Saving greylist to file... done
Dec  2 14:35:39 localhost app-32: [SpamBlockerBaseApp] <> INFO  Saving greylist to file... (0 entries)
Dec  2 14:35:39 localhost app-32: [SpamBlockerBaseApp] <> INFO  Saving greylist to file... done
Dec  9 14:35:39 localhost app-32: [SpamBlockerBaseApp] <> INFO  Saving greylist to file... (0 entries)
Dec  9 14:35:39 localhost app-32: [SpamBlockerBaseApp] <> INFO  Saving greylist to file... done
Dec 16 14:35:39 localhost app-32: [SpamBlockerBaseApp] <> INFO  Saving greylist to file... (0 entries)
Dec 16 14:35:39 localhost app-32: [SpamBlockerBaseApp] <> INFO  Saving greylist to file... done
Dec 23 14:35:39 localhost app-32: [SpamBlockerBaseApp] <> INFO  Saving greylist to file... (0 entries)
Dec 23 14:35:39 localhost app-32: [SpamBlockerBaseApp] <> INFO  Saving greylist to file... done
Dec 30 14:35:39 localhost app-32: [SpamBlockerBaseApp] <> INFO  Saving greylist to file... (0 entries)
Dec 30 14:35:39 localhost app-32: [SpamBlockerBaseApp] <> INFO  Saving greylist to file... done
Jan  6 14:35:39 localhost app-32: [SpamBlockerBaseApp] <> INFO  Saving greylist to file... (0 entries)
Jan  6 14:35:39 localhost app-32: [SpamBlockerBaseApp] <> INFO  Saving greylist to file... done
Jan 13 14:35:39 localhost app-32: [SpamBlockerBaseApp] <> INFO  Saving greylist to file... (0 entries)
Jan 13 14:35:39 localhost app-32: [SpamBlockerBaseApp] <> INFO  Saving greylist to file... done
Jan 20 14:35:39 localhost app-32: [SpamBlockerBaseApp] <> INFO  Saving greylist to file... (0 entries)
Jan 20 14:35:39 localhost app-32: [SpamBlockerBaseApp] <> INFO  Saving greylist to file... done
Jan 27 14:35:39 localhost app-32: [SpamBlockerBaseApp] <> INFO  Saving greylist to file... (0 entries)
Jan 27 14:35:39 localhost app-32: [SpamBlockerBaseApp] <> INFO  Saving greylist to file... done
Feb  3 14:35:39 localhost app-32: [SpamBlockerBaseApp] <> INFO  Saving greylist to file... (0 entries)
Feb  3 14:35:39 localhost app-32: [SpamBlockerBaseApp] <> INFO  Saving greylist to file... done
Feb 10 14:35:39 localhost app-32: [SpamBlockerBaseApp] <> INFO  Saving greylist to file... (0 entries)
Feb 10 14:35:39 localhost app-32: [SpamBlockerBaseApp] <> INFO  Saving greylist to file... done
Feb 17 14:35:39 localhost app-32: [SpamBlockerBaseApp] <> INFO  Saving greylist to file... (0 entries)
Feb 17 14:35:39 localhost app-32: [SpamBlockerBaseApp] <> INFO  Saving greylist to file... done
Feb 24 09:59:00 localhost app-32: [SmtpEventHandler] <TCP102922581737132> INFO  Response received without a registered handler
Feb 24 14:35:39 localhost app-32: [SpamBlockerBaseApp] <> INFO  Saving greylist to file... (0 entries)
Feb 24 14:35:39 localhost app-32: [SpamBlockerBaseApp] <> INFO  Saving greylist to file... done
Mar  2 14:35:39 localhost app-32: [SpamBlockerBaseApp] <> INFO  Saving greylist to file... (0 entries)
Mar  2 14:35:39 localhost app-32: [SpamBlockerBaseApp] <> INFO  Saving greylist to file... done
Mar  6 01:03:11 localhost app-32: [AppBase] <> INFO  Stopping   spam-blocker-lite [32] ...
Mar  6 01:03:13 localhost app-32: [SpamBlockerBaseApp] <> INFO  Saving greylist to file... (0 entries)
Mar  6 01:03:14 localhost app-32: [AppBase] <> INFO  Stopped    spam-blocker-lite [32] ...
Mar  6 01:03:15 localhost app-32: [SpamBlockerBaseApp] <> INFO  Saving greylist to file... done
Mar  6 01:12:35 localhost app-32: [SpamBlockerLiteApp] <> INFO  Loading settings from /usr/share/untangle/settings/spam-blocker-lite/settings_32.js
Mar  6 01:12:35 localhost app-32: [SpamBlockerBaseApp] <> INFO  Loading greylist from file...
Mar  6 01:12:35 localhost app-32: [SpamBlockerBaseApp] <> INFO  Loading greylist from file... done (0 entries)
Mar  6 01:12:35 localhost app-32: [AppBase] <> INFO  Starting   spam-blocker-lite [32] ...
Mar  6 01:13:10 localhost app-32: [AppBase] <> INFO  Started    spam-blocker-lite [32] ...
Mar 13 02:12:35 localhost app-32: [SpamBlockerBaseApp] <> INFO  Saving greylist to file... (0 entries)
Mar 13 02:12:35 localhost app-32: [SpamBlockerBaseApp] <> INFO  Saving greylist to file... done
Mar 20 02:12:35 localhost app-32: [SpamBlockerBaseApp] <> INFO  Saving greylist to file... (0 entries)
Mar 20 02:12:35 localhost app-32: [SpamBlockerBaseApp] <> INFO  Saving greylist to file... done
Mar 21 01:01:49 localhost app-32: [AppBase] <> INFO  Stopping   spam-blocker-lite [32] ...
Mar 21 01:01:49 localhost app-32: [SpamBlockerBaseApp] <> INFO  Saving greylist to file... (0 entries)
Mar 21 01:01:50 localhost app-32: [SpamBlockerBaseApp] <> INFO  Saving greylist to file... done
Mar 21 01:01:51 localhost app-32: [AppBase] <> INFO  Stopped    spam-blocker-lite [32] ...
Mar 21 01:04:22 localhost app-32: [SpamBlockerLiteApp] <> INFO  Loading settings from /usr/share/untangle/settings/spam-blocker-lite/settings_32.js
Mar 21 01:04:22 localhost app-32: [SpamBlockerBaseApp] <> INFO  Loading greylist from file...
Mar 21 01:04:22 localhost app-32: [SpamBlockerBaseApp] <> INFO  Loading greylist from file... done (0 entries)
Mar 21 01:04:22 localhost app-32: [AppBase] <> INFO  Starting   spam-blocker-lite [32] ...
Mar 21 01:04:54 localhost app-32: [AppBase] <> INFO  Started    spam-blocker-lite [32] ...
Mar 28 01:04:22 localhost app-32: [SpamBlockerBaseApp] <> INFO  Saving greylist to file... (0 entries)
Mar 28 01:04:22 localhost app-32: [SpamBlockerBaseApp] <> INFO  Saving greylist to file... done
Apr  4 01:04:22 localhost app-32: [SpamBlockerBaseApp] <> INFO  Saving greylist to file... (0 entries)
Apr  4 01:04:22 localhost app-32: [SpamBlockerBaseApp] <> INFO  Saving greylist to file... done
Apr 11 01:04:22 localhost app-32: [SpamBlockerBaseApp] <> INFO  Saving greylist to file... (0 entries)
Apr 11 01:04:22 localhost app-32: [SpamBlockerBaseApp] <> INFO  Saving greylist to file... done
Apr 18 01:04:22 localhost app-32: [SpamBlockerBaseApp] <> INFO  Saving greylist to file... (0 entries)
Apr 18 01:04:22 localhost app-32: [SpamBlockerBaseApp] <> INFO  Saving greylist to file... done
Apr 25 01:04:22 localhost app-32: [SpamBlockerBaseApp] <> INFO  Saving greylist to file... (0 entries)
Apr 25 01:04:22 localhost app-32: [SpamBlockerBaseApp] <> INFO  Saving greylist to file... done
May  2 01:04:22 localhost app-32: [SpamBlockerBaseApp] <> INFO  Saving greylist to file... (0 entries)
May  2 01:04:22 localhost app-32: [SpamBlockerBaseApp] <> INFO  Saving greylist to file... done
May  9 01:04:22 localhost app-32: [SpamBlockerBaseApp] <> INFO  Saving greylist to file... (0 entries)
May  9 01:04:22 localhost app-32: [SpamBlockerBaseApp] <> INFO  Saving greylist to file... done
May 14 10:48:13 localhost app-32: [SpamBlockerLiteApp] <> INFO  Loading settings from /usr/share/untangle/settings/spam-blocker-lite/settings_32.js
May 14 10:48:13 localhost app-32: [SpamBlockerBaseApp] <> INFO  Loading greylist from file...
May 14 10:48:13 localhost app-32: [SpamBlockerBaseApp] <> INFO  Loading greylist from file...
May 14 10:48:13 localhost app-32: [SpamBlockerBaseApp] <> INFO  Loading greylist from file... done (0 entries)
May 14 10:48:13 localhost app-32: [SpamBlockerBaseApp] <> INFO  Loading greylist from file... done (0 entries)
May 14 10:48:13 localhost app-32: [AppBase] <> INFO  Starting   spam-blocker-lite [32] ...
May 14 10:48:44 localhost app-32: [AppBase] <> INFO  Started    spam-blocker-lite [32] ...
May 21 10:48:13 localhost app-32: [SpamBlockerBaseApp] <> INFO  Saving greylist to file... (0 entries)
May 21 10:48:13 localhost app-32: [SpamBlockerBaseApp] <> INFO  Saving greylist to file... done
May 28 10:48:13 localhost app-32: [SpamBlockerBaseApp] <> INFO  Saving greylist to file... (0 entries)
May 28 10:48:13 localhost app-32: [SpamBlockerBaseApp] <> INFO  Saving greylist to file... done
Jun  4 10:48:13 localhost app-32: [SpamBlockerBaseApp] <> INFO  Saving greylist to file... (0 entries)
Jun  4 10:48:13 localhost app-32: [SpamBlockerBaseApp] <> INFO  Saving greylist to file... done
Jun 11 10:48:13 localhost app-32: [SpamBlockerBaseApp] <> INFO  Saving greylist to file... (0 entries)
Jun 11 10:48:13 localhost app-32: [SpamBlockerBaseApp] <> INFO  Saving greylist to file... done
Jun 15 01:46:13 localhost app-32: [SpamBlockerBaseApp] <> INFO  Loading greylist from file...
Jun 15 01:46:13 localhost app-32: [SpamBlockerLiteApp] <> INFO  Loading settings from /usr/share/untangle/settings/spam-blocker-lite/settings_32.js
Jun 15 01:46:13 localhost app-32: [SpamBlockerBaseApp] <> INFO  Loading greylist from file... done (0 entries)
Jun 15 01:46:14 localhost app-32: [AppBase] <> INFO  Starting   spam-blocker-lite [32] ...
Jun 15 01:46:52 localhost app-32: [AppBase] <> INFO  Started    spam-blocker-lite [32] ...
Jun 22 01:46:14 localhost app-32: [SpamBlockerBaseApp] <> INFO  Saving greylist to file... (0 entries)
Jun 22 01:46:15 localhost app-32: [SpamBlockerBaseApp] <> INFO  Saving greylist to file... done
Jun 24 01:00:43 localhost app-32: [AppBase] <> INFO  Stopping   spam-blocker-lite [32] ...
Jun 24 01:00:44 localhost app-32: [SpamBlockerBaseApp] <> INFO  Saving greylist to file... (0 entries)
Jun 24 01:00:49 localhost app-32: [AppBase] <> INFO  Stopped    spam-blocker-lite [32] ...
Jun 24 01:00:50 localhost app-32: [SpamBlockerBaseApp] <> INFO  Saving greylist to file... done
Jun 24 01:03:07 localhost app-32: [SpamBlockerLiteApp] <> INFO  Loading settings from /usr/share/untangle/settings/spam-blocker-lite/settings_32.js
Jun 24 01:03:07 localhost app-32: [SpamBlockerBaseApp] <> INFO  Loading greylist from file...
Jun 24 01:03:07 localhost app-32: [SpamBlockerBaseApp] <> INFO  Loading greylist from file... done (0 entries)
Jun 24 01:03:07 localhost app-32: [AppBase] <> INFO  Starting   spam-blocker-lite [32] ...
Jun 24 01:03:37 localhost app-32: [AppBase] <> INFO  Started    spam-blocker-lite [32] ...
Jul  1 01:03:07 localhost app-32: [SpamBlockerBaseApp] <> INFO  Saving greylist to file... (0 entries)
Jul  1 01:03:07 localhost app-32: [SpamBlockerBaseApp] <> INFO  Saving greylist to file... done
Jul  2 13:53:12 localhost app-32: [AppBase] <> INFO  Stopping   spam-blocker-lite [32] ...
Jul  2 13:53:13 localhost app-32: [SpamBlockerBaseApp] <> INFO  Saving greylist to file... (0 entries)
Jul  2 13:53:15 localhost app-32: [SpamBlockerBaseApp] <> INFO  Saving greylist to file... done
Jul  2 13:53:22 localhost app-32: [AppBase] <> INFO  Stopped    spam-blocker-lite [32] ...
Jul  2 14:38:02 localhost app-32: [SpamBlockerBaseApp] <> INFO  Loading greylist from file...
Jul  2 14:38:02 localhost app-32: [SpamBlockerLiteApp] <> INFO  Loading settings from /usr/share/untangle/settings/spam-blocker-lite/settings_32.js
Jul  2 14:38:03 localhost app-32: [SpamBlockerBaseApp] <> INFO  Loading greylist from file... done (0 entries)
Jul  2 14:38:03 localhost app-32: [AppBase] <> INFO  Starting   spam-blocker-lite [32] ...
Jul  2 14:38:32 localhost app-32: [AppBase] <> INFO  Started    spam-blocker-lite [32] ...
Jul  7 16:05:57 localhost app-32: [AppBase] <> INFO  Stopping   spam-blocker-lite [32] ...
Jul  7 16:05:58 localhost app-32: [SpamBlockerBaseApp] <> INFO  Saving greylist to file... (0 entries)
Jul  7 16:06:04 localhost app-32: [AppBase] <> INFO  Stopped    spam-blocker-lite [32] ...
Jul  7 16:06:05 localhost app-32: [SpamBlockerBaseApp] <> INFO  Saving greylist to file... done
Jul  7 18:06:06 localhost app-32: [SpamBlockerLiteApp] <> INFO  Loading settings from /usr/share/untangle/settings/spam-blocker-lite/settings_32.js
Jul  7 18:06:06 localhost app-32: [SpamBlockerBaseApp] <> INFO  Loading greylist from file...
Jul  7 18:06:06 localhost app-32: [SpamBlockerBaseApp] <> INFO  Loading greylist from file... done (0 entries)
Jul  7 18:06:07 localhost app-32: [AppBase] <> INFO  Starting   spam-blocker-lite [32] ...
Jul  7 18:06:32 localhost app-32: [AppBase] <> INFO  Started    spam-blocker-lite [32] ...
Jul 12 10:09:55 localhost app-32: [AppBase] <> INFO  Stopping   spam-blocker-lite [32] ...
Jul 12 10:09:56 localhost app-32: [SpamBlockerBaseApp] <> INFO  Saving greylist to file... (0 entries)
Jul 12 10:10:01 localhost app-32: [SpamBlockerBaseApp] <> INFO  Saving greylist to file... done
Jul 12 10:10:01 localhost app-32: [AppBase] <> INFO  Stopped    spam-blocker-lite [32] ...
Jul 13 09:17:33 localhost app-32: [SpamBlockerBaseApp] <> INFO  Loading greylist from file...
Jul 13 09:17:33 localhost app-32: [SpamBlockerBaseApp] <> INFO  Loading greylist from file... done (0 entries)
Jul 13 09:17:33 localhost app-32: [SpamBlockerLiteApp] <> INFO  Loading settings from /usr/share/untangle/settings/spam-blocker-lite/settings_32.js
Jul 13 09:17:33 localhost app-32: [AppBase] <> INFO  Starting   spam-blocker-lite [32] ...
Jul 13 09:18:12 localhost app-32: [AppBase] <> INFO  Started    spam-blocker-lite [32] ...
Jul 15 12:24:09 localhost app-32: [SpamBlockerBaseApp] <> INFO  Saving greylist to file... (0 entries)
Jul 15 12:24:09 localhost app-32: [SpamBlockerBaseApp] <> INFO  Saving greylist to file... done
Jul 15 12:24:30 localhost app-32: [AppBase] <> INFO  Stopping   spam-blocker-lite [32] ...
Jul 15 12:24:31 localhost app-32: [AppBase] <> INFO  Stopped    spam-blocker-lite [32] ...
Jul 15 12:24:31 localhost app-32: [AppBase] <> INFO  Destroying spam-blocker-lite [32] ...
Jul 15 12:24:31 localhost app-32: [AppBase] <> INFO  Destroyed  spam-blocker-lite [32] ...
Jul 20 09:17:33 localhost app-32: [SpamBlockerBaseApp] <> INFO  Saving greylist to file... (0 entries)
Jul 20 09:17:33 localhost app-32: [SpamBlockerBaseApp] <> INFO  Saving greylist to file... done
Jul 27 09:17:33 localhost app-32: [SpamBlockerBaseApp] <> INFO  Saving greylist to file... (0 entries)
Jul 27 09:17:33 localhost app-32: [SpamBlockerBaseApp] <> INFO  Saving greylist to file... done
Aug  3 09:17:33 localhost app-32: [SpamBlockerBaseApp] <> INFO  Saving greylist to file... (0 entries)
Aug  3 09:17:33 localhost app-32: [SpamBlockerBaseApp] <> INFO  Saving greylist to file... done
Aug 10 09:17:33 localhost app-32: [SpamBlockerBaseApp] <> INFO  Saving greylist to file... (0 entries)
Aug 10 09:17:33 localhost app-32: [SpamBlockerBaseApp] <> INFO  Saving greylist to file... done
Aug 17 09:17:33 localhost app-32: [SpamBlockerBaseApp] <> INFO  Saving greylist to file... (0 entries)
Aug 17 09:17:33 localhost app-32: [SpamBlockerBaseApp] <> INFO  Saving greylist to file... done
Aug 24 09:17:33 localhost app-32: [SpamBlockerBaseApp] <> INFO  Saving greylist to file... (0 entries)
Aug 24 09:17:33 localhost app-32: [SpamBlockerBaseApp] <> INFO  Saving greylist to file... done
