Jun 29 01:11:50 localhost app-11: [SpamBlockerBaseApp] <> INFO  Loading greylist from file...
Jun 29 01:11:50 localhost app-11: [PhishBlockerApp] <> INFO  Loading settings from /usr/share/untangle/settings/phish-blocker/settings_11.js
Jun 29 01:11:50 localhost app-11: [SpamBlockerBaseApp] <> INFO  Loading greylist from file... done (0 entries)
Jun 29 01:11:50 localhost app-11: [AppBase] <> INFO  Starting   phish-blocker [11] ...
Jun 29 01:11:54 localhost app-11: [AppBase] <> INFO  Started    phish-blocker [11] ...
Jul  6 01:11:50 localhost app-11: [SpamBlockerBaseApp] <> INFO  Saving greylist to file... (0 entries)
Jul  6 01:11:50 localhost app-11: [SpamBlockerBaseApp] <> INFO  Saving greylist to file... done
Jul 13 01:11:50 localhost app-11: [SpamBlockerBaseApp] <> INFO  Saving greylist to file... (0 entries)
Jul 13 01:11:50 localhost app-11: [SpamBlockerBaseApp] <> INFO  Saving greylist to file... done
Jul 20 01:11:50 localhost app-11: [SpamBlockerBaseApp] <> INFO  Saving greylist to file... (0 entries)
Jul 20 01:11:50 localhost app-11: [SpamBlockerBaseApp] <> INFO  Saving greylist to file... done
Jul 27 01:11:50 localhost app-11: [SpamBlockerBaseApp] <> INFO  Saving greylist to file... (0 entries)
Jul 27 01:11:50 localhost app-11: [SpamBlockerBaseApp] <> INFO  Saving greylist to file... done
Jul 28 10:59:03 localhost app-11: [SpamSmtpHandler] <TCP_98219431648825> WARN  Load too high: 11.41 5.46 2.31 26/534
Jul 28 10:59:03 localhost app-11: [SpamSmtpHandler] <TCP_98219431648825> WARN  Load too high, rejecting connection from: /192.168.1.142
Aug  3 01:11:50 localhost app-11: [SpamBlockerBaseApp] <> INFO  Saving greylist to file... (0 entries)
Aug  3 01:11:50 localhost app-11: [SpamBlockerBaseApp] <> INFO  Saving greylist to file... done
Aug 10 01:11:50 localhost app-11: [SpamBlockerBaseApp] <> INFO  Saving greylist to file... (0 entries)
Aug 10 01:11:50 localhost app-11: [SpamBlockerBaseApp] <> INFO  Saving greylist to file... done
Aug 17 01:11:50 localhost app-11: [SpamBlockerBaseApp] <> INFO  Saving greylist to file... (0 entries)
Aug 17 01:11:50 localhost app-11: [SpamBlockerBaseApp] <> INFO  Saving greylist to file... done
Aug 24 01:11:50 localhost app-11: [SpamBlockerBaseApp] <> INFO  Saving greylist to file... (0 entries)
Aug 24 01:11:50 localhost app-11: [SpamBlockerBaseApp] <> INFO  Saving greylist to file... done
Aug 31 01:11:50 localhost app-11: [SpamBlockerBaseApp] <> INFO  Saving greylist to file... (0 entries)
Aug 31 01:11:50 localhost app-11: [SpamBlockerBaseApp] <> INFO  Saving greylist to file... done
Sep  7 01:11:50 localhost app-11: [SpamBlockerBaseApp] <> INFO  Saving greylist to file... (0 entries)
Sep  7 01:11:50 localhost app-11: [SpamBlockerBaseApp] <> INFO  Saving greylist to file... done
Sep 14 01:11:50 localhost app-11: [SpamBlockerBaseApp] <> INFO  Saving greylist to file... (0 entries)
Sep 14 01:11:50 localhost app-11: [SpamBlockerBaseApp] <> INFO  Saving greylist to file... done
Sep 21 01:11:50 localhost app-11: [SpamBlockerBaseApp] <> INFO  Saving greylist to file... (0 entries)
Sep 21 01:11:50 localhost app-11: [SpamBlockerBaseApp] <> INFO  Saving greylist to file... done
Sep 28 01:11:50 localhost app-11: [SpamBlockerBaseApp] <> INFO  Saving greylist to file... (0 entries)
Sep 28 01:11:50 localhost app-11: [SpamBlockerBaseApp] <> INFO  Saving greylist to file... done
Oct  5 01:11:50 localhost app-11: [SpamBlockerBaseApp] <> INFO  Saving greylist to file... (0 entries)
Oct  5 01:11:50 localhost app-11: [SpamBlockerBaseApp] <> INFO  Saving greylist to file... done
Oct 12 01:11:50 localhost app-11: [SpamBlockerBaseApp] <> INFO  Saving greylist to file... (0 entries)
Oct 12 01:11:50 localhost app-11: [SpamBlockerBaseApp] <> INFO  Saving greylist to file... done
Oct 13 01:04:50 localhost app-11: [AppBase] <> INFO  Stopping   phish-blocker [11] ...
Oct 13 01:04:51 localhost app-11: [SpamBlockerBaseApp] <> INFO  Saving greylist to file... (0 entries)
Oct 13 01:04:52 localhost app-11: [SpamBlockerBaseApp] <> INFO  Saving greylist to file... done
Oct 13 01:04:52 localhost app-11: [AppBase] <> INFO  Stopped    phish-blocker [11] ...
Oct 13 01:10:34 localhost app-11: [PhishBlockerApp] <> INFO  Loading settings from /usr/share/untangle/settings/phish-blocker/settings_11.js
Oct 13 01:10:34 localhost app-11: [AppBase] <> INFO  Starting   phish-blocker [11] ...
Oct 13 01:11:38 localhost app-11: [AppBase] <> INFO  Started    phish-blocker [11] ...
Dec 13 15:49:35 localhost app-11: [SmtpEventHandler] <TCP98819638097026> INFO  Response received without a registered handler
Dec 27 08:16:00 localhost app-11: [PhishBlockerApp] <> INFO  Loading settings from /usr/share/untangle/settings/phish-blocker/settings_11.js
Dec 27 08:16:00 localhost app-11: [AppBase] <> INFO  Starting   phish-blocker [11] ...
Dec 27 08:17:19 localhost app-11: [AppBase] <> INFO  Started    phish-blocker [11] ...
Jan  4 08:49:47 localhost app-11: [PhishBlockerApp] <> INFO  Loading settings from /usr/share/untangle/settings/phish-blocker/settings_11.js
Jan  4 08:49:48 localhost app-11: [AppBase] <> INFO  Starting   phish-blocker [11] ...
Jan  4 08:51:04 localhost app-11: [AppBase] <> INFO  Started    phish-blocker [11] ...
Jan  4 10:50:34 localhost app-11: [PhishBlockerApp] <> INFO  Loading settings from /usr/share/untangle/settings/phish-blocker/settings_11.js
Jan  4 10:50:34 localhost app-11: [AppBase] <> INFO  Starting   phish-blocker [11] ...
Jul 19 05:05:30 localhost app-11: [SpamBlockerBaseApp] <> INFO  Loading greylist from file...
Jul 19 05:05:30 localhost app-11: [SpamBlockerBaseApp] <> INFO  Loading greylist from file... done (0 entries)
Jul 19 05:05:30 localhost app-11: [PhishBlockerApp] <> INFO  Loading settings from /usr/share/untangle/settings/phish-blocker/settings_11.js
Jul 19 05:05:31 localhost app-11: [AppBase] <> INFO  Starting   phish-blocker [11] ...
Jan  5 00:17:11 localhost app-11: [AppBase] <> INFO  Started    phish-blocker [11] ...
Jan  9 01:03:13 localhost app-11: [AppBase] <> INFO  Stopping   phish-blocker [11] ...
Jan  9 01:03:13 localhost app-11: [SpamBlockerBaseApp] <> INFO  Saving greylist to file... (0 entries)
Jan  9 01:03:14 localhost app-11: [SpamBlockerBaseApp] <> INFO  Saving greylist to file... done
Jan  9 01:03:14 localhost app-11: [AppBase] <> INFO  Stopped    phish-blocker [11] ...
Jan  9 01:05:24 localhost app-11: [PhishBlockerApp] <> INFO  Loading settings from /usr/share/untangle/settings/phish-blocker/settings_11.js
Jan  9 01:05:24 localhost app-11: [AppBase] <> INFO  Starting   phish-blocker [11] ...
Jan  9 01:06:37 localhost app-11: [AppBase] <> INFO  Started    phish-blocker [11] ...
Feb 13 12:22:04 localhost app-11: [SmtpEventHandler] <TCP99318132702284> INFO  Response received without a registered handler
Feb 21 01:02:37 localhost app-11: [AppBase] <> INFO  Stopping   phish-blocker [11] ...
Feb 21 01:02:40 localhost app-11: [AppBase] <> INFO  Stopped    phish-blocker [11] ...
Feb 21 01:04:54 localhost app-11: [SpamBlockerBaseApp] <> INFO  Loading greylist from file...
Feb 21 01:04:54 localhost app-11: [SpamBlockerBaseApp] <> INFO  Loading greylist from file... done (0 entries)
Feb 21 01:04:54 localhost app-11: [PhishBlockerApp] <> INFO  Loading settings from /usr/share/untangle/settings/phish-blocker/settings_11.js
Feb 21 01:04:55 localhost app-11: [AppBase] <> INFO  Starting   phish-blocker [11] ...
Feb 21 01:06:13 localhost app-11: [AppBase] <> INFO  Started    phish-blocker [11] ...
Feb 28 01:04:54 localhost app-11: [SpamBlockerBaseApp] <> INFO  Saving greylist to file... (0 entries)
Feb 28 01:04:54 localhost app-11: [SpamBlockerBaseApp] <> INFO  Saving greylist to file... done
Mar  7 01:04:54 localhost app-11: [SpamBlockerBaseApp] <> INFO  Saving greylist to file... (0 entries)
Mar  7 01:04:54 localhost app-11: [SpamBlockerBaseApp] <> INFO  Saving greylist to file... done
Mar 14 02:04:54 localhost app-11: [SpamBlockerBaseApp] <> INFO  Saving greylist to file... (0 entries)
Mar 14 02:04:54 localhost app-11: [SpamBlockerBaseApp] <> INFO  Saving greylist to file... done
Mar 21 02:04:54 localhost app-11: [SpamBlockerBaseApp] <> INFO  Saving greylist to file... (0 entries)
Mar 21 02:04:54 localhost app-11: [SpamBlockerBaseApp] <> INFO  Saving greylist to file... done
Mar 28 02:04:54 localhost app-11: [SpamBlockerBaseApp] <> INFO  Saving greylist to file... (0 entries)
Mar 28 02:04:54 localhost app-11: [SpamBlockerBaseApp] <> INFO  Saving greylist to file... done
Apr  4 02:04:54 localhost app-11: [SpamBlockerBaseApp] <> INFO  Saving greylist to file... (0 entries)
Apr  4 02:04:54 localhost app-11: [SpamBlockerBaseApp] <> INFO  Saving greylist to file... done
Apr 11 02:04:54 localhost app-11: [SpamBlockerBaseApp] <> INFO  Saving greylist to file... (0 entries)
Apr 11 02:04:54 localhost app-11: [SpamBlockerBaseApp] <> INFO  Saving greylist to file... done
Apr 18 02:04:54 localhost app-11: [SpamBlockerBaseApp] <> INFO  Saving greylist to file... (0 entries)
Apr 18 02:04:54 localhost app-11: [SpamBlockerBaseApp] <> INFO  Saving greylist to file... done
Apr 25 02:04:54 localhost app-11: [SpamBlockerBaseApp] <> INFO  Saving greylist to file... (0 entries)
Apr 25 02:04:54 localhost app-11: [SpamBlockerBaseApp] <> INFO  Saving greylist to file... done
Apr 26 01:09:49 localhost app-11: [AppBase] <> INFO  Stopping   phish-blocker [11] ...
Apr 26 01:09:50 localhost app-11: [SpamBlockerBaseApp] <> INFO  Saving greylist to file... (0 entries)
Apr 26 01:09:50 localhost app-11: [AppBase] <> INFO  Stopped    phish-blocker [11] ...
Apr 26 01:09:53 localhost app-11: [SpamBlockerBaseApp] <> INFO  Saving greylist to file... done
Apr 26 01:15:27 localhost app-11: [PhishBlockerApp] <> INFO  Loading settings from /usr/share/untangle/settings/phish-blocker/settings_11.js
Apr 26 01:15:27 localhost app-11: [AppBase] <> INFO  Starting   phish-blocker [11] ...
Apr 26 01:16:41 localhost app-11: [AppBase] <> INFO  Started    phish-blocker [11] ...
Aug  3 13:59:28 localhost app-11: [SmtpEventHandler] <TCP99923818862773> INFO  Response received without a registered handler
Aug  5 01:32:45 localhost app-11: [AppBase] <> INFO  Stopping   phish-blocker [11] ...
Aug  5 01:32:53 localhost app-11: [AppBase] <> INFO  Stopped    phish-blocker [11] ...
Aug  5 01:59:46 localhost app-11: [SpamBlockerBaseApp] <> INFO  Loading greylist from file...
Aug  5 01:59:46 localhost app-11: [PhishBlockerApp] <> INFO  Loading settings from /usr/share/untangle/settings/phish-blocker/settings_11.js
Aug  5 01:59:47 localhost app-11: [SpamBlockerBaseApp] <> INFO  Loading greylist from file... done (0 entries)
Aug  5 01:59:47 localhost app-11: [AppBase] <> INFO  Starting   phish-blocker [11] ...
Aug  5 01:59:47 localhost app-11: [AppBase] <> INFO  Started    phish-blocker [11] ...
Aug  7 07:06:13 localhost app-11: [PhishBlockerApp] <> INFO  Loading settings from /usr/share/untangle/settings/phish-blocker/settings_11.js
Aug  7 07:06:13 localhost app-11: [AppBase] <> INFO  Starting   phish-blocker [11] ...
Aug  7 07:06:14 localhost app-11: [AppBase] <> INFO  Started    phish-blocker [11] ...
Aug  8 11:47:38 localhost app-11: [SmtpEventHandler] <TCP100508392838660> INFO  Response received without a registered handler
Aug 12 01:13:03 localhost app-11: [AppBase] <> INFO  Stopping   phish-blocker [11] ...
Aug 12 01:13:03 localhost app-11: [AppBase] <> INFO  Stopped    phish-blocker [11] ...
Aug 12 01:17:59 localhost app-11: [PhishBlockerApp] <> INFO  Loading settings from /usr/share/untangle/settings/phish-blocker/settings_11.js
Aug 12 01:18:00 localhost app-11: [AppBase] <> INFO  Starting   phish-blocker [11] ...
Aug 12 01:18:00 localhost app-11: [AppBase] <> INFO  Started    phish-blocker [11] ...
Aug 28 01:01:49 localhost app-11: [AppBase] <> INFO  Stopping   phish-blocker [11] ...
Aug 28 01:01:49 localhost app-11: [AppBase] <> INFO  Stopped    phish-blocker [11] ...
Aug 28 01:06:53 localhost app-11: [PhishBlockerApp] <> INFO  Loading settings from /usr/share/untangle/settings/phish-blocker/settings_11.js
Aug 28 01:06:53 localhost app-11: [SpamBlockerBaseApp] <> INFO  Loading greylist from file...
Aug 28 01:06:53 localhost app-11: [SpamBlockerBaseApp] <> INFO  Loading greylist from file... done (0 entries)
Aug 28 01:06:53 localhost app-11: [AppBase] <> INFO  Starting   phish-blocker [11] ...
Aug 28 01:06:54 localhost app-11: [AppBase] <> INFO  Started    phish-blocker [11] ...
Aug 28 18:15:58 localhost app-11: [PhishBlockerApp] <> INFO  Loading settings from /usr/share/untangle/settings/phish-blocker/settings_11.js
Aug 28 18:15:59 localhost app-11: [AppBase] <> INFO  Starting   phish-blocker [11] ...
Aug 28 18:15:59 localhost app-11: [AppBase] <> INFO  Started    phish-blocker [11] ...
Oct 30 09:55:21 localhost app-11: [SmtpEventHandler] <TCP100629949671184> INFO  Response received without a registered handler
Nov 29 13:29:37 localhost app-11: [PhishBlockerApp] <> INFO  Loading settings from /usr/share/untangle/settings/phish-blocker/settings_11.js
Nov 29 13:29:37 localhost app-11: [AppBase] <> INFO  Starting   phish-blocker [11] ...
Nov 29 13:29:38 localhost app-11: [AppBase] <> INFO  Started    phish-blocker [11] ...
Dec  8 01:16:43 localhost app-11: [AppBase] <> INFO  Stopping   phish-blocker [11] ...
Dec  8 01:16:44 localhost app-11: [AppBase] <> INFO  Stopped    phish-blocker [11] ...
Dec  8 01:24:07 localhost app-11: [PhishBlockerApp] <> INFO  Loading settings from /usr/share/untangle/settings/phish-blocker/settings_11.js
Dec  8 01:24:07 localhost app-11: [AppBase] <> INFO  Starting   phish-blocker [11] ...
Dec  8 01:24:07 localhost app-11: [AppBase] <> INFO  Started    phish-blocker [11] ...
Jan 14 08:52:30 localhost app-11: [SmtpEventHandler] <TCP101203755371380> INFO  Response received without a registered handler
Jan 29 01:03:18 localhost app-11: [AppBase] <> INFO  Stopping   phish-blocker [11] ...
Jan 29 01:03:18 localhost app-11: [AppBase] <> INFO  Stopped    phish-blocker [11] ...
Jan 29 01:09:15 localhost app-11: [PhishBlockerApp] <> INFO  Loading settings from /usr/share/untangle/settings/phish-blocker/settings_11.js
Jan 29 01:09:16 localhost app-11: [AppBase] <> INFO  Starting   phish-blocker [11] ...
Jan 29 01:09:16 localhost app-11: [AppBase] <> INFO  Started    phish-blocker [11] ...
Feb  1 15:14:22 localhost app-11: [PhishBlockerApp] <> INFO  Loading settings from /usr/share/untangle/settings/phish-blocker/settings_11.js
Feb  1 15:14:23 localhost app-11: [AppBase] <> INFO  Starting   phish-blocker [11] ...
Feb  1 15:14:24 localhost app-11: [AppBase] <> INFO  Started    phish-blocker [11] ...
Mar 20 08:31:13 localhost app-11: [PhishBlockerApp] <> INFO  Loading settings from /usr/share/untangle/settings/phish-blocker/settings_11.js
Mar 20 08:31:14 localhost app-11: [AppBase] <> INFO  Starting   phish-blocker [11] ...
Mar 20 08:31:14 localhost app-11: [AppBase] <> INFO  Started    phish-blocker [11] ...
Mar 25 15:00:54 localhost app-11: [SmtpEventHandler] <TCP101782747801059> INFO  Response received without a registered handler
Apr  9 01:15:11 localhost app-11: [AppBase] <> INFO  Stopping   phish-blocker [11] ...
Apr  9 01:15:11 localhost app-11: [AppBase] <> INFO  Stopped    phish-blocker [11] ...
Apr  9 01:20:55 localhost app-11: [SpamBlockerBaseApp] <> INFO  Loading greylist from file...
Apr  9 01:20:55 localhost app-11: [SpamBlockerBaseApp] <> INFO  Loading greylist from file... done (0 entries)
Apr  9 01:20:55 localhost app-11: [PhishBlockerApp] <> INFO  Loading settings from /usr/share/untangle/settings/phish-blocker/settings_11.js
Apr  9 01:20:55 localhost app-11: [AppBase] <> INFO  Starting   phish-blocker [11] ...
Apr  9 01:20:55 localhost app-11: [AppBase] <> INFO  Started    phish-blocker [11] ...
Apr 12 14:24:09 localhost app-11: [SmtpEventHandler] <TCP101894301925662> INFO  Response received without a registered handler
Apr 12 15:19:18 localhost app-11: [SmtpEventHandler] <TCP101894301941062> INFO  Response received without a registered handler
Apr 16 01:20:55 localhost app-11: [SpamBlockerBaseApp] <> INFO  Saving greylist to file... (0 entries)
Apr 16 01:20:55 localhost app-11: [SpamBlockerBaseApp] <> INFO  Saving greylist to file... done
Apr 23 01:20:55 localhost app-11: [SpamBlockerBaseApp] <> INFO  Saving greylist to file... (0 entries)
Apr 23 01:20:55 localhost app-11: [SpamBlockerBaseApp] <> INFO  Saving greylist to file... done
Apr 30 01:20:55 localhost app-11: [SpamBlockerBaseApp] <> INFO  Saving greylist to file... (0 entries)
Apr 30 01:20:55 localhost app-11: [SpamBlockerBaseApp] <> INFO  Saving greylist to file... done
May  7 01:20:55 localhost app-11: [SpamBlockerBaseApp] <> INFO  Saving greylist to file... (0 entries)
May  7 01:20:55 localhost app-11: [SpamBlockerBaseApp] <> INFO  Saving greylist to file... done
May 14 01:20:55 localhost app-11: [SpamBlockerBaseApp] <> INFO  Saving greylist to file... (0 entries)
May 14 01:20:55 localhost app-11: [SpamBlockerBaseApp] <> INFO  Saving greylist to file... done
May 21 01:20:55 localhost app-11: [SpamBlockerBaseApp] <> INFO  Saving greylist to file... (0 entries)
May 21 01:20:55 localhost app-11: [SpamBlockerBaseApp] <> INFO  Saving greylist to file... done
May 28 01:20:55 localhost app-11: [SpamBlockerBaseApp] <> INFO  Saving greylist to file... (0 entries)
May 28 01:20:55 localhost app-11: [SpamBlockerBaseApp] <> INFO  Saving greylist to file... done
May 30 09:59:06 localhost app-11: [SmtpEventHandler] <TCP101894313182902> INFO  Response received without a registered handler
Jun  4 01:20:55 localhost app-11: [SpamBlockerBaseApp] <> INFO  Saving greylist to file... (0 entries)
Jun  4 01:20:55 localhost app-11: [SpamBlockerBaseApp] <> INFO  Saving greylist to file... done
Jun 11 01:20:55 localhost app-11: [SpamBlockerBaseApp] <> INFO  Saving greylist to file... (0 entries)
Jun 11 01:20:55 localhost app-11: [SpamBlockerBaseApp] <> INFO  Saving greylist to file... done
Jun 18 01:20:55 localhost app-11: [SpamBlockerBaseApp] <> INFO  Saving greylist to file... (0 entries)
Jun 18 01:20:55 localhost app-11: [SpamBlockerBaseApp] <> INFO  Saving greylist to file... done
Jun 25 01:20:55 localhost app-11: [SpamBlockerBaseApp] <> INFO  Saving greylist to file... (0 entries)
Jun 25 01:20:55 localhost app-11: [SpamBlockerBaseApp] <> INFO  Saving greylist to file... done
Jul  2 01:20:55 localhost app-11: [SpamBlockerBaseApp] <> INFO  Saving greylist to file... (0 entries)
Jul  2 01:20:55 localhost app-11: [SpamBlockerBaseApp] <> INFO  Saving greylist to file... done
Jul  9 01:20:55 localhost app-11: [SpamBlockerBaseApp] <> INFO  Saving greylist to file... (0 entries)
Jul  9 01:20:55 localhost app-11: [SpamBlockerBaseApp] <> INFO  Saving greylist to file... done
Jul 16 01:20:55 localhost app-11: [SpamBlockerBaseApp] <> INFO  Saving greylist to file... (0 entries)
Jul 16 01:20:55 localhost app-11: [SpamBlockerBaseApp] <> INFO  Saving greylist to file... done
Jul 22 01:12:28 localhost app-11: [SpamBlockerBaseApp] <> INFO  Loading greylist from file...
Jul 22 01:12:28 localhost app-11: [PhishBlockerApp] <> INFO  Loading settings from /usr/share/untangle/settings/phish-blocker/settings_11.js
Jul 22 01:12:28 localhost app-11: [AppBase] <> INFO  Starting   phish-blocker [11] ...
Jul 22 01:12:28 localhost app-11: [SpamBlockerBaseApp] <> INFO  Loading greylist from file... done (0 entries)
Jul 22 01:12:28 localhost app-11: [AppBase] <> INFO  Started    phish-blocker [11] ...
Jul 29 01:12:28 localhost app-11: [SpamBlockerBaseApp] <> INFO  Saving greylist to file... (0 entries)
Jul 29 01:12:28 localhost app-11: [SpamBlockerBaseApp] <> INFO  Saving greylist to file... done
Aug  5 01:12:28 localhost app-11: [SpamBlockerBaseApp] <> INFO  Saving greylist to file... (0 entries)
Aug  5 01:12:28 localhost app-11: [SpamBlockerBaseApp] <> INFO  Saving greylist to file... done
Aug 12 01:12:28 localhost app-11: [SpamBlockerBaseApp] <> INFO  Saving greylist to file... (0 entries)
Aug 12 01:12:28 localhost app-11: [SpamBlockerBaseApp] <> INFO  Saving greylist to file... done
Aug 19 01:12:28 localhost app-11: [SpamBlockerBaseApp] <> INFO  Saving greylist to file... (0 entries)
Aug 19 01:12:28 localhost app-11: [SpamBlockerBaseApp] <> INFO  Saving greylist to file... done
Aug 20 01:01:27 localhost app-11: [AppBase] <> INFO  Stopping   phish-blocker [11] ...
Aug 20 01:01:27 localhost app-11: [SpamBlockerBaseApp] <> INFO  Saving greylist to file... (0 entries)
Aug 20 01:01:27 localhost app-11: [SpamBlockerBaseApp] <> INFO  Saving greylist to file... done
Aug 20 01:01:27 localhost app-11: [AppBase] <> INFO  Stopped    phish-blocker [11] ...
Aug 20 01:06:21 localhost app-11: [PhishBlockerApp] <> INFO  Loading settings from /usr/share/untangle/settings/phish-blocker/settings_11.js
Aug 20 01:06:21 localhost app-11: [AppBase] <> INFO  Starting   phish-blocker [11] ...
Aug 20 01:06:21 localhost app-11: [AppBase] <> INFO  Started    phish-blocker [11] ...
Sep 14 01:01:56 localhost app-11: [AppBase] <> INFO  Stopping   phish-blocker [11] ...
Sep 14 01:01:58 localhost app-11: [AppBase] <> INFO  Stopped    phish-blocker [11] ...
Sep 14 01:06:43 localhost app-11: [SpamBlockerBaseApp] <> INFO  Loading greylist from file...
Sep 14 01:06:43 localhost app-11: [PhishBlockerApp] <> INFO  Loading settings from /usr/share/untangle/settings/phish-blocker/settings_11.js
Sep 14 01:06:43 localhost app-11: [SpamBlockerBaseApp] <> INFO  Loading greylist from file... done (0 entries)
Sep 14 01:06:43 localhost app-11: [AppBase] <> INFO  Starting   phish-blocker [11] ...
Sep 14 01:06:44 localhost app-11: [AppBase] <> INFO  Started    phish-blocker [11] ...
Sep 21 01:06:43 localhost app-11: [SpamBlockerBaseApp] <> INFO  Saving greylist to file... (0 entries)
Sep 21 01:06:43 localhost app-11: [SpamBlockerBaseApp] <> INFO  Saving greylist to file... done
Sep 28 01:06:43 localhost app-11: [SpamBlockerBaseApp] <> INFO  Saving greylist to file... (0 entries)
Sep 28 01:06:43 localhost app-11: [SpamBlockerBaseApp] <> INFO  Saving greylist to file... done
Oct  5 01:06:43 localhost app-11: [SpamBlockerBaseApp] <> INFO  Saving greylist to file... (0 entries)
Oct  5 01:06:43 localhost app-11: [SpamBlockerBaseApp] <> INFO  Saving greylist to file... done
Oct  7 15:35:39 localhost app-11: [PhishBlockerApp] <> INFO  Loading settings from /usr/share/untangle/settings/phish-blocker/settings_11.js
Oct  7 15:35:39 localhost app-11: [AppBase] <> INFO  Starting   phish-blocker [11] ...
Oct  7 15:35:40 localhost app-11: [AppBase] <> INFO  Started    phish-blocker [11] ...
Feb 24 09:59:00 localhost app-11: [SmtpEventHandler] <TCP102922581737132> INFO  Response received without a registered handler
Mar  6 01:03:11 localhost app-11: [AppBase] <> INFO  Stopping   phish-blocker [11] ...
Mar  6 01:03:15 localhost app-11: [AppBase] <> INFO  Stopped    phish-blocker [11] ...
Mar  6 01:12:35 localhost app-11: [PhishBlockerApp] <> INFO  Loading settings from /usr/share/untangle/settings/phish-blocker/settings_11.js
Mar  6 01:12:35 localhost app-11: [AppBase] <> INFO  Starting   phish-blocker [11] ...
Mar  6 01:12:36 localhost app-11: [AppBase] <> INFO  Started    phish-blocker [11] ...
Mar 21 01:01:49 localhost app-11: [AppBase] <> INFO  Stopping   phish-blocker [11] ...
Mar 21 01:01:50 localhost app-11: [AppBase] <> INFO  Stopped    phish-blocker [11] ...
Mar 21 01:04:22 localhost app-11: [PhishBlockerApp] <> INFO  Loading settings from /usr/share/untangle/settings/phish-blocker/settings_11.js
Mar 21 01:04:23 localhost app-11: [AppBase] <> INFO  Starting   phish-blocker [11] ...
Mar 21 01:04:23 localhost app-11: [AppBase] <> INFO  Started    phish-blocker [11] ...
May 14 10:48:13 localhost app-11: [PhishBlockerApp] <> INFO  Loading settings from /usr/share/untangle/settings/phish-blocker/settings_11.js
May 14 10:48:13 localhost app-11: [AppBase] <> INFO  Starting   phish-blocker [11] ...
May 14 10:48:14 localhost app-11: [AppBase] <> INFO  Started    phish-blocker [11] ...
Jun 15 01:46:14 localhost app-11: [PhishBlockerApp] <> INFO  Loading settings from /usr/share/untangle/settings/phish-blocker/settings_11.js
Jun 15 01:46:14 localhost app-11: [AppBase] <> INFO  Starting   phish-blocker [11] ...
Jun 15 01:46:14 localhost app-11: [AppBase] <> INFO  Started    phish-blocker [11] ...
Jun 24 01:00:44 localhost app-11: [AppBase] <> INFO  Stopping   phish-blocker [11] ...
Jun 24 01:00:50 localhost app-11: [AppBase] <> INFO  Stopped    phish-blocker [11] ...
Jun 24 01:03:07 localhost app-11: [PhishBlockerApp] <> INFO  Loading settings from /usr/share/untangle/settings/phish-blocker/settings_11.js
Jun 24 01:03:07 localhost app-11: [AppBase] <> INFO  Starting   phish-blocker [11] ...
Jun 24 01:03:08 localhost app-11: [AppBase] <> INFO  Started    phish-blocker [11] ...
Jul  2 13:53:12 localhost app-11: [AppBase] <> INFO  Stopping   phish-blocker [11] ...
Jul  2 13:53:15 localhost app-11: [AppBase] <> INFO  Stopped    phish-blocker [11] ...
Jul  2 14:38:03 localhost app-11: [PhishBlockerApp] <> INFO  Loading settings from /usr/share/untangle/settings/phish-blocker/settings_11.js
Jul  2 14:38:03 localhost app-11: [AppBase] <> INFO  Starting   phish-blocker [11] ...
Jul  2 14:38:04 localhost app-11: [AppBase] <> INFO  Started    phish-blocker [11] ...
Jul  7 16:05:57 localhost app-11: [AppBase] <> INFO  Stopping   phish-blocker [11] ...
Jul  7 16:06:05 localhost app-11: [AppBase] <> INFO  Stopped    phish-blocker [11] ...
Jul  7 18:06:06 localhost app-11: [PhishBlockerApp] <> INFO  Loading settings from /usr/share/untangle/settings/phish-blocker/settings_11.js
Jul  7 18:06:06 localhost app-11: [AppBase] <> INFO  Starting   phish-blocker [11] ...
Jul  7 18:06:07 localhost app-11: [AppBase] <> INFO  Started    phish-blocker [11] ...
Jul 12 10:09:54 localhost app-11: [AppBase] <> INFO  Stopping   phish-blocker [11] ...
Jul 12 10:09:56 localhost app-11: [AppBase] <> INFO  Stopped    phish-blocker [11] ...
Jul 13 09:17:33 localhost app-11: [PhishBlockerApp] <> INFO  Loading settings from /usr/share/untangle/settings/phish-blocker/settings_11.js
Jul 13 09:17:33 localhost app-11: [AppBase] <> INFO  Starting   phish-blocker [11] ...
Jul 13 09:17:34 localhost app-11: [AppBase] <> INFO  Started    phish-blocker [11] ...
Jul 15 12:24:09 localhost app-11: [AppBase] <> INFO  Stopping   phish-blocker [11] ...
Jul 15 12:24:09 localhost app-11: [AppBase] <> INFO  Stopped    phish-blocker [11] ...
Jul 15 12:24:09 localhost app-11: [AppBase] <> INFO  Destroying phish-blocker [11] ...
Jul 15 12:24:10 localhost app-11: [AppBase] <> INFO  Destroyed  phish-blocker [11] ...
