Dec  6 13:46:32 localhost app-36: [OpenVpnMonitor] <> INFO  OpenVPN client connected: DerekBent
Dec  6 13:50:13 localhost app-36: [OpenVpnMonitor] <> INFO  OpenVPN client disconnected: DerekBent
Dec  7 07:58:44 localhost app-36: [OpenVpnMonitor] <> INFO  OpenVPN client connected: DerekBent
Dec  7 17:30:50 localhost app-36: [OpenVpnMonitor] <> INFO  OpenVPN client disconnected: DerekBent
Dec  7 20:52:46 localhost app-36: [OpenVpnMonitor] <> INFO  OpenVPN client connected: DerekBent
Dec  7 22:05:44 localhost app-36: [OpenVpnMonitor] <> INFO  OpenVPN client disconnected: DerekBent
Dec  8 07:12:39 localhost app-36: [OpenVpnMonitor] <> WARN  Ignoring client with 127.0.0.1 address: DerekBent 127.0.0.1
Dec  8 07:12:45 localhost app-36: [OpenVpnMonitor] <> INFO  OpenVPN client connected: DerekBent
Dec  8 09:43:27 localhost app-36: [OpenVpnAppImpl] <> INFO  /usr/share/untangle/bin/openvpn-generate-client-certs: 
Dec  8 09:43:27 localhost app-36: [OpenVpnAppImpl] <> INFO  /usr/share/untangle/bin/openvpn-generate-client-certs: The client amartin already has a key
Dec  8 09:43:27 localhost app-36: [OpenVpnManager] <> INFO  Writing File: /tmp/openvpn/client-packages//client-amartin.conf
Dec  8 09:43:27 localhost app-36: [OpenVpnManager] <> INFO  Writing File: /tmp/openvpn/client-packages//client-amartin.ovpn
Dec  8 09:43:27 localhost app-36: [OpenVpnManager] <> INFO  /usr/share/untangle/bin/openvpn-generate-client-zip: 
Dec  8 09:43:27 localhost app-36: [OpenVpnManager] <> INFO  /usr/share/untangle/bin/openvpn-generate-client-zip: /tmp/openvpn/client-packages/config-amartin.zip already exists and is up to date
Dec  8 09:43:27 localhost app-36: [OpenVpnAppImpl] <> INFO  /usr/share/untangle/bin/openvpn-generate-client-certs: 
Dec  8 09:43:27 localhost app-36: [OpenVpnAppImpl] <> INFO  /usr/share/untangle/bin/openvpn-generate-client-certs: The client amartin already has a key
Dec  8 09:43:27 localhost app-36: [OpenVpnManager] <> INFO  Writing File: /tmp/openvpn/client-packages//client-amartin.conf
Dec  8 09:43:27 localhost app-36: [OpenVpnManager] <> INFO  Writing File: /tmp/openvpn/client-packages//client-amartin.ovpn
Dec  8 09:43:27 localhost app-36: [OpenVpnManager] <> INFO  /usr/share/untangle/bin/openvpn-generate-client-ovpn: 
Dec  8 09:43:27 localhost app-36: [OpenVpnManager] <> INFO  /usr/share/untangle/bin/openvpn-generate-client-ovpn: /tmp/openvpn/client-packages/inline-amartin.ovpn already exists and is up to date
Dec  8 09:43:27 localhost app-36: [OpenVpnAppImpl] <> INFO  /usr/share/untangle/bin/openvpn-generate-client-certs: 
Dec  8 09:43:27 localhost app-36: [OpenVpnAppImpl] <> INFO  /usr/share/untangle/bin/openvpn-generate-client-certs: The client amartin already has a key
Dec  8 09:43:27 localhost app-36: [OpenVpnManager] <> INFO  Writing File: /tmp/openvpn/client-packages//client-amartin.conf
Dec  8 09:43:27 localhost app-36: [OpenVpnManager] <> INFO  Writing File: /tmp/openvpn/client-packages//client-amartin.ovpn
Dec  8 09:43:27 localhost app-36: [OpenVpnManager] <> INFO  /usr/share/untangle/bin/openvpn-generate-client-onc: 
Dec  8 09:43:27 localhost app-36: [OpenVpnManager] <> INFO  /usr/share/untangle/bin/openvpn-generate-client-onc: 
Dec  8 10:03:13 localhost app-36: [OpenVpnMonitor] <> INFO  OpenVPN client connected: amartin
Dec  8 10:08:56 localhost app-36: [OpenVpnMonitor] <> INFO  OpenVPN client disconnected: amartin
Dec  8 12:28:42 localhost app-36: [OpenVpnMonitor] <> INFO  OpenVPN client disconnected: DerekBent
Dec  8 20:47:28 localhost app-36: [OpenVpnMonitor] <> INFO  OpenVPN client connected: DerekBent
Dec  8 22:02:47 localhost app-36: [OpenVpnMonitor] <> INFO  OpenVPN client disconnected: DerekBent
Dec  9 00:00:50 localhost app-36: [OpenVpnMonitor] <> INFO  OpenVPN client connected: DerekBent
Dec  9 00:02:46 localhost app-36: [OpenVpnMonitor] <> INFO  OpenVPN client disconnected: DerekBent
Dec  9 07:46:15 localhost app-36: [OpenVpnMonitor] <> WARN  Ignoring client with 127.0.0.1 address: DerekBent 127.0.0.1
Dec  9 07:46:20 localhost app-36: [OpenVpnMonitor] <> INFO  OpenVPN client connected: DerekBent
Dec  9 17:30:33 localhost app-36: [OpenVpnMonitor] <> INFO  OpenVPN client disconnected: DerekBent
Dec 10 07:21:42 localhost app-36: [OpenVpnMonitor] <> INFO  OpenVPN client connected: DerekBent
Dec 10 17:38:00 localhost app-36: [OpenVpnMonitor] <> INFO  OpenVPN client disconnected: DerekBent
Dec 10 18:44:07 localhost app-36: [OpenVpnMonitor] <> INFO  OpenVPN client connected: DerekBent
Dec 10 19:12:06 localhost app-36: [OpenVpnMonitor] <> INFO  OpenVPN client disconnected: DerekBent
Dec 10 19:39:12 localhost app-36: [OpenVpnMonitor] <> INFO  OpenVPN client connected: DerekBent
Dec 10 20:02:07 localhost app-36: [OpenVpnMonitor] <> INFO  OpenVPN client disconnected: DerekBent
Dec 10 21:01:09 localhost app-36: [OpenVpnMonitor] <> INFO  OpenVPN client connected: amartin
Dec 10 21:09:07 localhost app-36: [OpenVpnMonitor] <> INFO  OpenVPN client disconnected: amartin
Dec 10 21:15:42 localhost app-36: [OpenVpnMonitor] <> INFO  OpenVPN client connected: amartin
Dec 10 21:16:58 localhost app-36: [OpenVpnMonitor] <> INFO  OpenVPN client disconnected: amartin
Dec 10 21:17:33 localhost app-36: [OpenVpnMonitor] <> INFO  OpenVPN client connected: amartin
Dec 10 21:23:51 localhost app-36: [OpenVpnMonitor] <> INFO  OpenVPN client disconnected: amartin
Dec 10 21:24:16 localhost app-36: [OpenVpnMonitor] <> WARN  Ignoring client with 127.0.0.1 address: amartin 127.0.0.1
Dec 10 21:24:21 localhost app-36: [OpenVpnMonitor] <> INFO  OpenVPN client connected: amartin
Dec 10 21:25:16 localhost app-36: [OpenVpnMonitor] <> INFO  OpenVPN client disconnected: amartin
Dec 11 05:34:00 localhost app-36: [OpenVpnMonitor] <> INFO  OpenVPN client connected: amartin
Dec 11 05:42:44 localhost app-36: [OpenVpnMonitor] <> INFO  OpenVPN client disconnected: amartin
Dec 11 07:32:38 localhost app-36: [OpenVpnMonitor] <> INFO  OpenVPN client connected: DerekBent
Dec 11 07:38:51 localhost app-36: [OpenVpnMonitor] <> INFO  OpenVPN client disconnected: DerekBent
Dec 11 12:43:15 localhost app-36: [OpenVpnMonitor] <> INFO  OpenVPN client connected: DerekBent
Dec 11 17:09:43 localhost app-36: [OpenVpnMonitor] <> INFO  OpenVPN client disconnected: DerekBent
Dec 12 16:30:13 localhost app-36: [OpenVpnMonitor] <> INFO  OpenVPN client connected: amartin
Dec 12 16:47:11 localhost app-36: [OpenVpnMonitor] <> INFO  OpenVPN client disconnected: amartin
Dec 12 16:49:46 localhost app-36: [OpenVpnMonitor] <> INFO  OpenVPN client connected: amartin
Dec 12 16:53:03 localhost app-36: [OpenVpnMonitor] <> INFO  OpenVPN client disconnected: amartin
Dec 12 16:59:43 localhost app-36: [OpenVpnMonitor] <> INFO  OpenVPN client connected: amartin
Dec 12 17:12:54 localhost app-36: [OpenVpnMonitor] <> INFO  OpenVPN client disconnected: amartin
Dec 12 17:13:49 localhost app-36: [OpenVpnMonitor] <> INFO  OpenVPN client connected: amartin
Dec 12 17:16:15 localhost app-36: [OpenVpnMonitor] <> INFO  OpenVPN client disconnected: amartin
Dec 12 17:16:25 localhost app-36: [OpenVpnMonitor] <> INFO  OpenVPN client connected: amartin
Dec 12 17:18:41 localhost app-36: [OpenVpnMonitor] <> INFO  OpenVPN client disconnected: amartin
Dec 13 07:24:41 localhost app-36: [OpenVpnMonitor] <> INFO  OpenVPN client connected: DerekBent
Dec 13 11:38:26 localhost app-36: [OpenVpnMonitor] <> INFO  OpenVPN client disconnected: DerekBent
Dec 13 13:04:28 localhost app-36: [OpenVpnMonitor] <> INFO  OpenVPN client connected: DerekBent
Dec 13 17:05:33 localhost app-36: [OpenVpnMonitor] <> INFO  OpenVPN client disconnected: DerekBent
Dec 14 08:08:19 localhost app-36: [OpenVpnMonitor] <> INFO  OpenVPN client connected: DerekBent
Dec 14 16:32:10 localhost app-36: [OpenVpnMonitor] <> INFO  OpenVPN client disconnected: DerekBent
Dec 14 18:00:38 localhost app-36: [OpenVpnMonitor] <> INFO  OpenVPN client connected: DerekBent
Dec 14 18:29:37 localhost app-36: [OpenVpnMonitor] <> INFO  OpenVPN client disconnected: DerekBent
Dec 14 19:12:59 localhost app-36: [OpenVpnMonitor] <> INFO  OpenVPN client connected: DerekBent
Dec 14 19:30:13 localhost app-36: [OpenVpnMonitor] <> INFO  OpenVPN client disconnected: DerekBent
Dec 14 20:31:19 localhost app-36: [OpenVpnMonitor] <> INFO  OpenVPN client connected: DerekBent
Dec 14 21:23:06 localhost app-36: [OpenVpnMonitor] <> INFO  OpenVPN client disconnected: DerekBent
Dec 15 07:36:19 localhost app-36: [OpenVpnMonitor] <> INFO  OpenVPN client connected: DerekBent
Dec 15 07:44:28 localhost app-36: [OpenVpnMonitor] <> INFO  OpenVPN client connected: msawler
Dec 15 07:44:58 localhost app-36: [OpenVpnMonitor] <> INFO  OpenVPN client connected: amartin
Dec 15 07:45:49 localhost app-36: [OpenVpnMonitor] <> INFO  OpenVPN client disconnected: amartin
Dec 15 07:45:59 localhost app-36: [OpenVpnMonitor] <> INFO  OpenVPN client connected: amartin
Dec 15 07:48:15 localhost app-36: [OpenVpnMonitor] <> INFO  OpenVPN client disconnected: amartin
Dec 15 10:12:05 localhost app-36: [OpenVpnMonitor] <> INFO  OpenVPN client connected: amartin
Dec 15 10:12:40 localhost app-36: [OpenVpnMonitor] <> INFO  OpenVPN client disconnected: amartin
Dec 15 10:13:51 localhost app-36: [OpenVpnMonitor] <> INFO  OpenVPN client connected: amartin
Dec 15 10:17:02 localhost app-36: [OpenVpnMonitor] <> INFO  OpenVPN client disconnected: amartin
Dec 15 10:17:07 localhost app-36: [OpenVpnMonitor] <> INFO  OpenVPN client connected: amartin
Dec 15 10:25:37 localhost app-36: [OpenVpnMonitor] <> INFO  OpenVPN client disconnected: amartin
Dec 15 10:25:48 localhost app-36: [OpenVpnAppImpl] <> INFO  /usr/share/untangle/bin/openvpn-generate-client-certs: 
Dec 15 10:25:48 localhost app-36: [OpenVpnAppImpl] <> INFO  /usr/share/untangle/bin/openvpn-generate-client-certs: The client amartin already has a key
Dec 15 10:25:48 localhost app-36: [OpenVpnManager] <> INFO  Writing File: /tmp/openvpn/client-packages//client-amartin.conf
Dec 15 10:25:48 localhost app-36: [OpenVpnManager] <> INFO  Writing File: /tmp/openvpn/client-packages//client-amartin.ovpn
Dec 15 10:25:48 localhost app-36: [OpenVpnManager] <> INFO  /usr/share/untangle/bin/openvpn-generate-client-zip: 
Dec 15 10:25:48 localhost app-36: [OpenVpnManager] <> INFO  /usr/share/untangle/bin/openvpn-generate-client-zip: /tmp/openvpn/client-packages/config-amartin.zip already exists and is up to date
Dec 15 10:25:48 localhost app-36: [OpenVpnAppImpl] <> INFO  /usr/share/untangle/bin/openvpn-generate-client-certs: 
Dec 15 10:25:48 localhost app-36: [OpenVpnAppImpl] <> INFO  /usr/share/untangle/bin/openvpn-generate-client-certs: The client amartin already has a key
Dec 15 10:25:48 localhost app-36: [OpenVpnManager] <> INFO  Writing File: /tmp/openvpn/client-packages//client-amartin.conf
Dec 15 10:25:48 localhost app-36: [OpenVpnManager] <> INFO  Writing File: /tmp/openvpn/client-packages//client-amartin.ovpn
Dec 15 10:25:48 localhost app-36: [OpenVpnManager] <> INFO  /usr/share/untangle/bin/openvpn-generate-client-ovpn: 
Dec 15 10:25:48 localhost app-36: [OpenVpnManager] <> INFO  /usr/share/untangle/bin/openvpn-generate-client-ovpn: /tmp/openvpn/client-packages/inline-amartin.ovpn already exists and is up to date
Dec 15 10:25:48 localhost app-36: [OpenVpnAppImpl] <> INFO  /usr/share/untangle/bin/openvpn-generate-client-certs: 
Dec 15 10:25:48 localhost app-36: [OpenVpnAppImpl] <> INFO  /usr/share/untangle/bin/openvpn-generate-client-certs: The client amartin already has a key
Dec 15 10:25:48 localhost app-36: [OpenVpnManager] <> INFO  Writing File: /tmp/openvpn/client-packages//client-amartin.conf
Dec 15 10:25:48 localhost app-36: [OpenVpnManager] <> INFO  Writing File: /tmp/openvpn/client-packages//client-amartin.ovpn
Dec 15 10:25:49 localhost app-36: [OpenVpnManager] <> INFO  /usr/share/untangle/bin/openvpn-generate-client-onc: 
Dec 15 10:25:49 localhost app-36: [OpenVpnManager] <> INFO  /usr/share/untangle/bin/openvpn-generate-client-onc: 
Dec 15 10:27:28 localhost app-36: [OpenVpnManager] <> INFO  Writing File: /etc/untangle/iptables-rules.d/720-openvpn
Dec 15 10:27:28 localhost app-36: [OpenVpnManager] <> INFO  Writing File: /etc/openvpn/server.conf
Dec 15 10:27:28 localhost app-36: [OpenVpnManager] <> INFO  Writing client configuration file for [B2B-NOC]
Dec 15 10:27:28 localhost app-36: [OpenVpnManager] <> INFO  Writing File: /etc/openvpn/ccd/B2B-NOC
Dec 15 10:27:28 localhost app-36: [OpenVpnManager] <> INFO  Writing client configuration file for [DPugsley]
Dec 15 10:27:28 localhost app-36: [OpenVpnManager] <> INFO  Writing File: /etc/openvpn/ccd/DPugsley
Dec 15 10:27:28 localhost app-36: [OpenVpnManager] <> INFO  Writing client configuration file for [B2B-Jeff]
Dec 15 10:27:28 localhost app-36: [OpenVpnManager] <> INFO  Writing File: /etc/openvpn/ccd/B2B-Jeff
Dec 15 10:27:28 localhost app-36: [OpenVpnManager] <> INFO  Writing client configuration file for [Ralph]
Dec 15 10:27:28 localhost app-36: [OpenVpnManager] <> INFO  Writing File: /etc/openvpn/ccd/Ralph
Dec 15 10:27:28 localhost app-36: [OpenVpnManager] <> INFO  Writing client configuration file for [DerekBent]
Dec 15 10:27:28 localhost app-36: [OpenVpnManager] <> INFO  Writing File: /etc/openvpn/ccd/DerekBent
Dec 15 10:27:28 localhost app-36: [OpenVpnManager] <> INFO  Writing client configuration file for [dmacdonald]
Dec 15 10:27:28 localhost app-36: [OpenVpnManager] <> INFO  Writing File: /etc/openvpn/ccd/dmacdonald
Dec 15 10:27:28 localhost app-36: [OpenVpnManager] <> INFO  Writing client configuration file for [cbarnhill]
Dec 15 10:27:28 localhost app-36: [OpenVpnManager] <> INFO  Writing File: /etc/openvpn/ccd/cbarnhill
Dec 15 10:27:28 localhost app-36: [OpenVpnManager] <> INFO  Writing client configuration file for [jcrossman]
Dec 15 10:27:28 localhost app-36: [OpenVpnManager] <> INFO  Writing File: /etc/openvpn/ccd/jcrossman
Dec 15 10:27:28 localhost app-36: [OpenVpnManager] <> INFO  Writing client configuration file for [kwilson]
Dec 15 10:27:28 localhost app-36: [OpenVpnManager] <> INFO  Writing File: /etc/openvpn/ccd/kwilson
Dec 15 10:27:28 localhost app-36: [OpenVpnManager] <> INFO  Writing client configuration file for [brent]
Dec 15 10:27:28 localhost app-36: [OpenVpnManager] <> INFO  Writing File: /etc/openvpn/ccd/brent
Dec 15 10:27:28 localhost app-36: [OpenVpnManager] <> INFO  Writing client configuration file for [msawler]
Dec 15 10:27:28 localhost app-36: [OpenVpnManager] <> INFO  Writing File: /etc/openvpn/ccd/msawler
Dec 15 10:27:28 localhost app-36: [OpenVpnManager] <> INFO  Writing client configuration file for [dgertridge]
Dec 15 10:27:28 localhost app-36: [OpenVpnManager] <> INFO  Writing File: /etc/openvpn/ccd/dgertridge
Dec 15 10:27:28 localhost app-36: [OpenVpnManager] <> INFO  Writing client configuration file for [rspinney]
Dec 15 10:27:28 localhost app-36: [OpenVpnManager] <> INFO  Writing File: /etc/openvpn/ccd/rspinney
Dec 15 10:27:28 localhost app-36: [OpenVpnAppImpl] <> INFO  Cleanup checking: /usr/share/untangle/settings/openvpn/remote-clients/client-amartin.b64
Dec 15 10:27:28 localhost app-36: [OpenVpnAppImpl] <> INFO  Cleanup removing: /usr/share/untangle/settings/openvpn/remote-clients/client-amartin.b64
Dec 15 10:27:28 localhost app-36: [OpenVpnAppImpl] <> INFO  Cleanup checking: /usr/share/untangle/settings/openvpn/remote-clients/client-DerekBent.key
Dec 15 10:27:28 localhost app-36: [OpenVpnAppImpl] <> INFO  Cleanup checking: /usr/share/untangle/settings/openvpn/remote-clients/client-DPugsley.key
Dec 15 10:27:28 localhost app-36: [OpenVpnAppImpl] <> INFO  Cleanup checking: /usr/share/untangle/settings/openvpn/remote-clients/client-rspinney.b64
Dec 15 10:27:28 localhost app-36: [OpenVpnAppImpl] <> INFO  Cleanup checking: /usr/share/untangle/settings/openvpn/remote-clients/client-cbarnhill.key
Dec 15 10:27:28 localhost app-36: [OpenVpnAppImpl] <> INFO  Cleanup checking: /usr/share/untangle/settings/openvpn/remote-clients/client-DPugsley.p12
Dec 15 10:27:28 localhost app-36: [OpenVpnAppImpl] <> INFO  Cleanup checking: /usr/share/untangle/settings/openvpn/remote-clients/client-brent.key
Dec 15 10:27:28 localhost app-36: [OpenVpnAppImpl] <> INFO  Cleanup checking: /usr/share/untangle/settings/openvpn/remote-clients/client-jcrossman.crt
Dec 15 10:27:28 localhost app-36: [OpenVpnAppImpl] <> INFO  Cleanup checking: /usr/share/untangle/settings/openvpn/remote-clients/client-cbarnhill.p12
Dec 15 10:27:28 localhost app-36: [OpenVpnAppImpl] <> INFO  Cleanup checking: /usr/share/untangle/settings/openvpn/remote-clients/client-cbarnhill.b64
Dec 15 10:27:28 localhost app-36: [OpenVpnAppImpl] <> INFO  Cleanup checking: /usr/share/untangle/settings/openvpn/remote-clients/client-kwilson.p12
Dec 15 10:27:28 localhost app-36: [OpenVpnAppImpl] <> INFO  Cleanup checking: /usr/share/untangle/settings/openvpn/remote-clients/client-amartin.crt
Dec 15 10:27:28 localhost app-36: [OpenVpnAppImpl] <> INFO  Cleanup removing: /usr/share/untangle/settings/openvpn/remote-clients/client-amartin.crt
Dec 15 10:27:28 localhost app-36: [OpenVpnAppImpl] <> INFO  Cleanup checking: /usr/share/untangle/settings/openvpn/remote-clients/client-rspinney.key
Dec 15 10:27:28 localhost app-36: [OpenVpnAppImpl] <> INFO  Cleanup checking: /usr/share/untangle/settings/openvpn/remote-clients/client-msawler.key
Dec 15 10:27:28 localhost app-36: [OpenVpnAppImpl] <> INFO  Cleanup checking: /usr/share/untangle/settings/openvpn/remote-clients/client-DerekBent.b64
Dec 15 10:27:28 localhost app-36: [OpenVpnAppImpl] <> INFO  Cleanup checking: /usr/share/untangle/settings/openvpn/remote-clients/client-amartin.key
Dec 15 10:27:28 localhost app-36: [OpenVpnAppImpl] <> INFO  Cleanup removing: /usr/share/untangle/settings/openvpn/remote-clients/client-amartin.key
Dec 15 10:27:28 localhost app-36: [OpenVpnAppImpl] <> INFO  Cleanup checking: /usr/share/untangle/settings/openvpn/remote-clients/client-dgertridge.p12
Dec 15 10:27:28 localhost app-36: [OpenVpnAppImpl] <> INFO  Cleanup checking: /usr/share/untangle/settings/openvpn/remote-clients/client-dmacdonald.crt
Dec 15 10:27:28 localhost app-36: [OpenVpnAppImpl] <> INFO  Cleanup checking: /usr/share/untangle/settings/openvpn/remote-clients/client-DerekBent.p12
Dec 15 10:27:28 localhost app-36: [OpenVpnAppImpl] <> INFO  Cleanup checking: /usr/share/untangle/settings/openvpn/remote-clients/client-msawler.p12
Dec 15 10:27:28 localhost app-36: [OpenVpnAppImpl] <> INFO  Cleanup checking: /usr/share/untangle/settings/openvpn/remote-clients/client-kwilson.crt
Dec 15 10:27:28 localhost app-36: [OpenVpnAppImpl] <> INFO  Cleanup checking: /usr/share/untangle/settings/openvpn/remote-clients/client-dgertridge.b64
Dec 15 10:27:28 localhost app-36: [OpenVpnAppImpl] <> INFO  Cleanup checking: /usr/share/untangle/settings/openvpn/remote-clients/client-amartin.p12
Dec 15 10:27:28 localhost app-36: [OpenVpnAppImpl] <> INFO  Cleanup removing: /usr/share/untangle/settings/openvpn/remote-clients/client-amartin.p12
Dec 15 10:27:28 localhost app-36: [OpenVpnAppImpl] <> INFO  Cleanup checking: /usr/share/untangle/settings/openvpn/remote-clients/client-kwilson.b64
Dec 15 10:27:28 localhost app-36: [OpenVpnAppImpl] <> INFO  Cleanup checking: /usr/share/untangle/settings/openvpn/remote-clients/client-brent.p12
Dec 15 10:27:28 localhost app-36: [OpenVpnAppImpl] <> INFO  Cleanup checking: /usr/share/untangle/settings/openvpn/remote-clients/client-dmacdonald.p12
Dec 15 10:27:28 localhost app-36: [OpenVpnAppImpl] <> INFO  Cleanup checking: /usr/share/untangle/settings/openvpn/remote-clients/client-Ralph.crt
Dec 15 10:27:28 localhost app-36: [OpenVpnAppImpl] <> INFO  Cleanup checking: /usr/share/untangle/settings/openvpn/remote-clients/client-rspinney.p12
Dec 15 10:27:28 localhost app-36: [OpenVpnAppImpl] <> INFO  Cleanup checking: /usr/share/untangle/settings/openvpn/remote-clients/client-Ralph.p12
Dec 15 10:27:28 localhost app-36: [OpenVpnAppImpl] <> INFO  Cleanup checking: /usr/share/untangle/settings/openvpn/remote-clients/client-DPugsley.crt
Dec 15 10:27:28 localhost app-36: [OpenVpnAppImpl] <> INFO  Cleanup checking: /usr/share/untangle/settings/openvpn/remote-clients/client-brent.crt
Dec 15 10:27:28 localhost app-36: [OpenVpnAppImpl] <> INFO  Cleanup checking: /usr/share/untangle/settings/openvpn/remote-clients/client-rspinney.crt
Dec 15 10:27:28 localhost app-36: [OpenVpnAppImpl] <> INFO  Cleanup checking: /usr/share/untangle/settings/openvpn/remote-clients/client-dgertridge.key
Dec 15 10:27:28 localhost app-36: [OpenVpnAppImpl] <> INFO  Cleanup checking: /usr/share/untangle/settings/openvpn/remote-clients/client-Ralph.key
Dec 15 10:27:28 localhost app-36: [OpenVpnAppImpl] <> INFO  Cleanup checking: /usr/share/untangle/settings/openvpn/remote-clients/client-msawler.crt
Dec 15 10:27:28 localhost app-36: [OpenVpnAppImpl] <> INFO  Cleanup checking: /usr/share/untangle/settings/openvpn/remote-clients/client-kwilson.key
Dec 15 10:27:28 localhost app-36: [OpenVpnAppImpl] <> INFO  Cleanup checking: /usr/share/untangle/settings/openvpn/remote-clients/client-dmacdonald.key
Dec 15 10:27:28 localhost app-36: [OpenVpnAppImpl] <> INFO  Cleanup checking: /usr/share/untangle/settings/openvpn/remote-clients/client-msawler.b64
Dec 15 10:27:28 localhost app-36: [OpenVpnAppImpl] <> INFO  Cleanup checking: /usr/share/untangle/settings/openvpn/remote-clients/client-DerekBent.crt
Dec 15 10:27:28 localhost app-36: [OpenVpnAppImpl] <> INFO  Cleanup checking: /usr/share/untangle/settings/openvpn/remote-clients/client-jcrossman.key
Dec 15 10:27:28 localhost app-36: [OpenVpnAppImpl] <> INFO  Cleanup checking: /usr/share/untangle/settings/openvpn/remote-clients/client-jcrossman.b64
Dec 15 10:27:28 localhost app-36: [OpenVpnAppImpl] <> INFO  Cleanup checking: /usr/share/untangle/settings/openvpn/remote-clients/client-Ralph.b64
Dec 15 10:27:28 localhost app-36: [OpenVpnAppImpl] <> INFO  Cleanup checking: /usr/share/untangle/settings/openvpn/remote-clients/client-dmacdonald.b64
Dec 15 10:27:28 localhost app-36: [OpenVpnAppImpl] <> INFO  Cleanup checking: /usr/share/untangle/settings/openvpn/remote-clients/client-jcrossman.p12
Dec 15 10:27:28 localhost app-36: [OpenVpnAppImpl] <> INFO  Cleanup checking: /usr/share/untangle/settings/openvpn/remote-clients/client-DPugsley.b64
Dec 15 10:27:28 localhost app-36: [OpenVpnAppImpl] <> INFO  Cleanup checking: /usr/share/untangle/settings/openvpn/remote-clients/client-dgertridge.crt
Dec 15 10:27:28 localhost app-36: [OpenVpnAppImpl] <> INFO  Cleanup checking: /usr/share/untangle/settings/openvpn/remote-clients/client-brent.b64
Dec 15 10:27:28 localhost app-36: [OpenVpnAppImpl] <> INFO  Cleanup checking: /usr/share/untangle/settings/openvpn/remote-clients/client-cbarnhill.crt
Dec 15 10:27:28 localhost app-36: [OpenVpnAppImpl] <> INFO  Cleanup checking: /tmp/openvpn/client-packages/client-amartin.conf
Dec 15 10:27:28 localhost app-36: [OpenVpnAppImpl] <> INFO  Cleanup removing: /tmp/openvpn/client-packages/client-amartin.conf
Dec 15 10:27:28 localhost app-36: [OpenVpnAppImpl] <> INFO  Cleanup checking: /tmp/openvpn/client-packages/config-amartin.zip
Dec 15 10:27:28 localhost app-36: [OpenVpnAppImpl] <> INFO  Cleanup removing: /tmp/openvpn/client-packages/config-amartin.zip
Dec 15 10:27:28 localhost app-36: [OpenVpnAppImpl] <> INFO  Cleanup checking: /tmp/openvpn/client-packages/client-amartin.ovpn
Dec 15 10:27:28 localhost app-36: [OpenVpnAppImpl] <> INFO  Cleanup removing: /tmp/openvpn/client-packages/client-amartin.ovpn
Dec 15 10:27:28 localhost app-36: [OpenVpnAppImpl] <> INFO  Cleanup checking: /tmp/openvpn/client-packages/chrome-amartin.onc
Dec 15 10:27:28 localhost app-36: [OpenVpnAppImpl] <> INFO  Cleanup removing: /tmp/openvpn/client-packages/chrome-amartin.onc
Dec 15 10:27:28 localhost app-36: [OpenVpnAppImpl] <> INFO  Cleanup checking: /tmp/openvpn/client-packages/inline-amartin.ovpn
Dec 15 10:27:28 localhost app-36: [OpenVpnAppImpl] <> INFO  Cleanup removing: /tmp/openvpn/client-packages/inline-amartin.ovpn
Dec 15 10:27:45 localhost app-36: [OpenVpnManager] <> INFO  Writing File: /etc/untangle/iptables-rules.d/720-openvpn
Dec 15 10:27:45 localhost app-36: [OpenVpnManager] <> INFO  Writing File: /etc/openvpn/server.conf
Dec 15 10:27:45 localhost app-36: [OpenVpnManager] <> INFO  Writing client configuration file for [B2B-NOC]
Dec 15 10:27:45 localhost app-36: [OpenVpnManager] <> INFO  Writing File: /etc/openvpn/ccd/B2B-NOC
Dec 15 10:27:45 localhost app-36: [OpenVpnManager] <> INFO  Writing client configuration file for [DPugsley]
Dec 15 10:27:45 localhost app-36: [OpenVpnManager] <> INFO  Writing File: /etc/openvpn/ccd/DPugsley
Dec 15 10:27:45 localhost app-36: [OpenVpnManager] <> INFO  Writing client configuration file for [B2B-Jeff]
Dec 15 10:27:45 localhost app-36: [OpenVpnManager] <> INFO  Writing File: /etc/openvpn/ccd/B2B-Jeff
Dec 15 10:27:45 localhost app-36: [OpenVpnManager] <> INFO  Writing client configuration file for [Ralph]
Dec 15 10:27:45 localhost app-36: [OpenVpnManager] <> INFO  Writing File: /etc/openvpn/ccd/Ralph
Dec 15 10:27:45 localhost app-36: [OpenVpnManager] <> INFO  Writing client configuration file for [DerekBent]
Dec 15 10:27:45 localhost app-36: [OpenVpnManager] <> INFO  Writing File: /etc/openvpn/ccd/DerekBent
Dec 15 10:27:45 localhost app-36: [OpenVpnManager] <> INFO  Writing client configuration file for [dmacdonald]
Dec 15 10:27:45 localhost app-36: [OpenVpnManager] <> INFO  Writing File: /etc/openvpn/ccd/dmacdonald
Dec 15 10:27:45 localhost app-36: [OpenVpnManager] <> INFO  Writing client configuration file for [cbarnhill]
Dec 15 10:27:45 localhost app-36: [OpenVpnManager] <> INFO  Writing File: /etc/openvpn/ccd/cbarnhill
Dec 15 10:27:45 localhost app-36: [OpenVpnManager] <> INFO  Writing client configuration file for [jcrossman]
Dec 15 10:27:45 localhost app-36: [OpenVpnManager] <> INFO  Writing File: /etc/openvpn/ccd/jcrossman
Dec 15 10:27:45 localhost app-36: [OpenVpnManager] <> INFO  Writing client configuration file for [kwilson]
Dec 15 10:27:45 localhost app-36: [OpenVpnManager] <> INFO  Writing File: /etc/openvpn/ccd/kwilson
Dec 15 10:27:45 localhost app-36: [OpenVpnManager] <> INFO  Writing client configuration file for [brent]
Dec 15 10:27:45 localhost app-36: [OpenVpnManager] <> INFO  Writing File: /etc/openvpn/ccd/brent
Dec 15 10:27:45 localhost app-36: [OpenVpnManager] <> INFO  Writing client configuration file for [msawler]
Dec 15 10:27:45 localhost app-36: [OpenVpnManager] <> INFO  Writing File: /etc/openvpn/ccd/msawler
Dec 15 10:27:45 localhost app-36: [OpenVpnManager] <> INFO  Writing client configuration file for [dgertridge]
Dec 15 10:27:45 localhost app-36: [OpenVpnManager] <> INFO  Writing File: /etc/openvpn/ccd/dgertridge
Dec 15 10:27:45 localhost app-36: [OpenVpnManager] <> INFO  Writing client configuration file for [rspinney]
Dec 15 10:27:45 localhost app-36: [OpenVpnManager] <> INFO  Writing File: /etc/openvpn/ccd/rspinney
Dec 15 10:27:45 localhost app-36: [OpenVpnManager] <> INFO  Writing client configuration file for [amartin]
Dec 15 10:27:45 localhost app-36: [OpenVpnManager] <> INFO  Writing File: /etc/openvpn/ccd/amartin
Dec 15 10:27:45 localhost app-36: [OpenVpnAppImpl] <> INFO  Cleanup checking: /usr/share/untangle/settings/openvpn/remote-clients/client-DerekBent.key
Dec 15 10:27:45 localhost app-36: [OpenVpnAppImpl] <> INFO  Cleanup checking: /usr/share/untangle/settings/openvpn/remote-clients/client-DPugsley.key
Dec 15 10:27:45 localhost app-36: [OpenVpnAppImpl] <> INFO  Cleanup checking: /usr/share/untangle/settings/openvpn/remote-clients/client-rspinney.b64
Dec 15 10:27:45 localhost app-36: [OpenVpnAppImpl] <> INFO  Cleanup checking: /usr/share/untangle/settings/openvpn/remote-clients/client-cbarnhill.key
Dec 15 10:27:45 localhost app-36: [OpenVpnAppImpl] <> INFO  Cleanup checking: /usr/share/untangle/settings/openvpn/remote-clients/client-DPugsley.p12
Dec 15 10:27:45 localhost app-36: [OpenVpnAppImpl] <> INFO  Cleanup checking: /usr/share/untangle/settings/openvpn/remote-clients/client-brent.key
Dec 15 10:27:45 localhost app-36: [OpenVpnAppImpl] <> INFO  Cleanup checking: /usr/share/untangle/settings/openvpn/remote-clients/client-jcrossman.crt
Dec 15 10:27:45 localhost app-36: [OpenVpnAppImpl] <> INFO  Cleanup checking: /usr/share/untangle/settings/openvpn/remote-clients/client-cbarnhill.p12
Dec 15 10:27:45 localhost app-36: [OpenVpnAppImpl] <> INFO  Cleanup checking: /usr/share/untangle/settings/openvpn/remote-clients/client-cbarnhill.b64
Dec 15 10:27:45 localhost app-36: [OpenVpnAppImpl] <> INFO  Cleanup checking: /usr/share/untangle/settings/openvpn/remote-clients/client-kwilson.p12
Dec 15 10:27:45 localhost app-36: [OpenVpnAppImpl] <> INFO  Cleanup checking: /usr/share/untangle/settings/openvpn/remote-clients/client-rspinney.key
Dec 15 10:27:45 localhost app-36: [OpenVpnAppImpl] <> INFO  Cleanup checking: /usr/share/untangle/settings/openvpn/remote-clients/client-msawler.key
Dec 15 10:27:45 localhost app-36: [OpenVpnAppImpl] <> INFO  Cleanup checking: /usr/share/untangle/settings/openvpn/remote-clients/client-DerekBent.b64
Dec 15 10:27:45 localhost app-36: [OpenVpnAppImpl] <> INFO  Cleanup checking: /usr/share/untangle/settings/openvpn/remote-clients/client-dgertridge.p12
Dec 15 10:27:45 localhost app-36: [OpenVpnAppImpl] <> INFO  Cleanup checking: /usr/share/untangle/settings/openvpn/remote-clients/client-dmacdonald.crt
Dec 15 10:27:45 localhost app-36: [OpenVpnAppImpl] <> INFO  Cleanup checking: /usr/share/untangle/settings/openvpn/remote-clients/client-DerekBent.p12
Dec 15 10:27:45 localhost app-36: [OpenVpnAppImpl] <> INFO  Cleanup checking: /usr/share/untangle/settings/openvpn/remote-clients/client-msawler.p12
Dec 15 10:27:45 localhost app-36: [OpenVpnAppImpl] <> INFO  Cleanup checking: /usr/share/untangle/settings/openvpn/remote-clients/client-kwilson.crt
Dec 15 10:27:45 localhost app-36: [OpenVpnAppImpl] <> INFO  Cleanup checking: /usr/share/untangle/settings/openvpn/remote-clients/client-dgertridge.b64
Dec 15 10:27:45 localhost app-36: [OpenVpnAppImpl] <> INFO  Cleanup checking: /usr/share/untangle/settings/openvpn/remote-clients/client-kwilson.b64
Dec 15 10:27:45 localhost app-36: [OpenVpnAppImpl] <> INFO  Cleanup checking: /usr/share/untangle/settings/openvpn/remote-clients/client-brent.p12
Dec 15 10:27:45 localhost app-36: [OpenVpnAppImpl] <> INFO  Cleanup checking: /usr/share/untangle/settings/openvpn/remote-clients/client-dmacdonald.p12
Dec 15 10:27:45 localhost app-36: [OpenVpnAppImpl] <> INFO  Cleanup checking: /usr/share/untangle/settings/openvpn/remote-clients/client-Ralph.crt
Dec 15 10:27:45 localhost app-36: [OpenVpnAppImpl] <> INFO  Cleanup checking: /usr/share/untangle/settings/openvpn/remote-clients/client-rspinney.p12
Dec 15 10:27:45 localhost app-36: [OpenVpnAppImpl] <> INFO  Cleanup checking: /usr/share/untangle/settings/openvpn/remote-clients/client-Ralph.p12
Dec 15 10:27:45 localhost app-36: [OpenVpnAppImpl] <> INFO  Cleanup checking: /usr/share/untangle/settings/openvpn/remote-clients/client-DPugsley.crt
Dec 15 10:27:45 localhost app-36: [OpenVpnAppImpl] <> INFO  Cleanup checking: /usr/share/untangle/settings/openvpn/remote-clients/client-brent.crt
Dec 15 10:27:45 localhost app-36: [OpenVpnAppImpl] <> INFO  Cleanup checking: /usr/share/untangle/settings/openvpn/remote-clients/client-rspinney.crt
Dec 15 10:27:45 localhost app-36: [OpenVpnAppImpl] <> INFO  Cleanup checking: /usr/share/untangle/settings/openvpn/remote-clients/client-dgertridge.key
Dec 15 10:27:45 localhost app-36: [OpenVpnAppImpl] <> INFO  Cleanup checking: /usr/share/untangle/settings/openvpn/remote-clients/client-Ralph.key
Dec 15 10:27:45 localhost app-36: [OpenVpnAppImpl] <> INFO  Cleanup checking: /usr/share/untangle/settings/openvpn/remote-clients/client-msawler.crt
Dec 15 10:27:45 localhost app-36: [OpenVpnAppImpl] <> INFO  Cleanup checking: /usr/share/untangle/settings/openvpn/remote-clients/client-kwilson.key
Dec 15 10:27:45 localhost app-36: [OpenVpnAppImpl] <> INFO  Cleanup checking: /usr/share/untangle/settings/openvpn/remote-clients/client-dmacdonald.key
Dec 15 10:27:45 localhost app-36: [OpenVpnAppImpl] <> INFO  Cleanup checking: /usr/share/untangle/settings/openvpn/remote-clients/client-msawler.b64
Dec 15 10:27:45 localhost app-36: [OpenVpnAppImpl] <> INFO  Cleanup checking: /usr/share/untangle/settings/openvpn/remote-clients/client-DerekBent.crt
Dec 15 10:27:45 localhost app-36: [OpenVpnAppImpl] <> INFO  Cleanup checking: /usr/share/untangle/settings/openvpn/remote-clients/client-jcrossman.key
Dec 15 10:27:45 localhost app-36: [OpenVpnAppImpl] <> INFO  Cleanup checking: /usr/share/untangle/settings/openvpn/remote-clients/client-jcrossman.b64
Dec 15 10:27:45 localhost app-36: [OpenVpnAppImpl] <> INFO  Cleanup checking: /usr/share/untangle/settings/openvpn/remote-clients/client-Ralph.b64
Dec 15 10:27:45 localhost app-36: [OpenVpnAppImpl] <> INFO  Cleanup checking: /usr/share/untangle/settings/openvpn/remote-clients/client-dmacdonald.b64
Dec 15 10:27:45 localhost app-36: [OpenVpnAppImpl] <> INFO  Cleanup checking: /usr/share/untangle/settings/openvpn/remote-clients/client-jcrossman.p12
Dec 15 10:27:45 localhost app-36: [OpenVpnAppImpl] <> INFO  Cleanup checking: /usr/share/untangle/settings/openvpn/remote-clients/client-DPugsley.b64
Dec 15 10:27:45 localhost app-36: [OpenVpnAppImpl] <> INFO  Cleanup checking: /usr/share/untangle/settings/openvpn/remote-clients/client-dgertridge.crt
Dec 15 10:27:45 localhost app-36: [OpenVpnAppImpl] <> INFO  Cleanup checking: /usr/share/untangle/settings/openvpn/remote-clients/client-brent.b64
Dec 15 10:27:45 localhost app-36: [OpenVpnAppImpl] <> INFO  Cleanup checking: /usr/share/untangle/settings/openvpn/remote-clients/client-cbarnhill.crt
Dec 15 10:27:56 localhost app-36: [OpenVpnAppImpl] <> INFO  /usr/share/untangle/bin/openvpn-generate-client-certs: 
Dec 15 10:27:56 localhost app-36: [OpenVpnAppImpl] <> INFO  /usr/share/untangle/bin/openvpn-generate-client-certs: Ignoring -days; not generating a certificate
Dec 15 10:27:56 localhost app-36: [OpenVpnAppImpl] <> INFO  /usr/share/untangle/bin/openvpn-generate-client-certs: Generating a RSA private key
Dec 15 10:27:56 localhost app-36: [OpenVpnAppImpl] <> INFO  /usr/share/untangle/bin/openvpn-generate-client-certs: ........................++++
Dec 15 10:27:56 localhost app-36: [OpenVpnAppImpl] <> INFO  /usr/share/untangle/bin/openvpn-generate-client-certs: ......++++
Dec 15 10:27:56 localhost app-36: [OpenVpnAppImpl] <> INFO  /usr/share/untangle/bin/openvpn-generate-client-certs: writing new private key to '/usr/share/untangle/settings/openvpn/remote-clients/client-amartin.key'
Dec 15 10:27:56 localhost app-36: [OpenVpnAppImpl] <> INFO  /usr/share/untangle/bin/openvpn-generate-client-certs: -----
Dec 15 10:27:56 localhost app-36: [OpenVpnAppImpl] <> INFO  /usr/share/untangle/bin/openvpn-generate-client-certs: Using configuration from /usr/share/untangle/lib/openvpn/openssl.cnf
Dec 15 10:27:56 localhost app-36: [OpenVpnAppImpl] <> INFO  /usr/share/untangle/bin/openvpn-generate-client-certs: Check that the request matches the signature
Dec 15 10:27:56 localhost app-36: [OpenVpnAppImpl] <> INFO  /usr/share/untangle/bin/openvpn-generate-client-certs: Signature ok
Dec 15 10:27:56 localhost app-36: [OpenVpnAppImpl] <> INFO  /usr/share/untangle/bin/openvpn-generate-client-certs: The Subject's Distinguished Name is as follows
Dec 15 10:27:56 localhost app-36: [OpenVpnAppImpl] <> INFO  /usr/share/untangle/bin/openvpn-generate-client-certs: commonName            :PRINTABLE:'amartin'
Dec 15 10:27:56 localhost app-36: [OpenVpnAppImpl] <> INFO  /usr/share/untangle/bin/openvpn-generate-client-certs: countryName           :PRINTABLE:'CO'
Dec 15 10:27:56 localhost app-36: [OpenVpnAppImpl] <> INFO  /usr/share/untangle/bin/openvpn-generate-client-certs: stateOrProvinceName   :PRINTABLE:'ST'
Dec 15 10:27:56 localhost app-36: [OpenVpnAppImpl] <> INFO  /usr/share/untangle/bin/openvpn-generate-client-certs: localityName          :PRINTABLE:'L'
Dec 15 10:27:56 localhost app-36: [OpenVpnAppImpl] <> INFO  /usr/share/untangle/bin/openvpn-generate-client-certs: organizationName      :PRINTABLE:'O'
Dec 15 10:27:56 localhost app-36: [OpenVpnAppImpl] <> INFO  /usr/share/untangle/bin/openvpn-generate-client-certs: organizationalUnitName:PRINTABLE:'OU'
Dec 15 10:27:56 localhost app-36: [OpenVpnAppImpl] <> INFO  /usr/share/untangle/bin/openvpn-generate-client-certs: dnQualifier           :PRINTABLE:'client-amartin'
Dec 15 10:27:56 localhost app-36: [OpenVpnAppImpl] <> INFO  /usr/share/untangle/bin/openvpn-generate-client-certs: Certificate is to be certified until Dec 13 14:27:56 2030 GMT (3650 days)
Dec 15 10:27:56 localhost app-36: [OpenVpnAppImpl] <> INFO  /usr/share/untangle/bin/openvpn-generate-client-certs: 
Dec 15 10:27:56 localhost app-36: [OpenVpnAppImpl] <> INFO  /usr/share/untangle/bin/openvpn-generate-client-certs: Write out database with 1 new entries
Dec 15 10:27:56 localhost app-36: [OpenVpnAppImpl] <> INFO  /usr/share/untangle/bin/openvpn-generate-client-certs: Data Base Updated
Dec 15 10:27:56 localhost app-36: [OpenVpnManager] <> INFO  Writing File: /tmp/openvpn/client-packages//client-amartin.conf
Dec 15 10:27:56 localhost app-36: [OpenVpnManager] <> INFO  Writing File: /tmp/openvpn/client-packages//client-amartin.ovpn
Dec 15 10:27:56 localhost app-36: [OpenVpnManager] <> INFO  /usr/share/untangle/bin/openvpn-generate-client-zip: 
Dec 15 10:27:56 localhost app-36: [OpenVpnManager] <> INFO  /usr/share/untangle/bin/openvpn-generate-client-zip: Created /tmp/openvpn/client-packages/config-amartin.zip
Dec 15 10:28:59 localhost app-36: [OpenVpnAppImpl] <> INFO  /usr/share/untangle/bin/openvpn-generate-client-certs: 
Dec 15 10:28:59 localhost app-36: [OpenVpnAppImpl] <> INFO  /usr/share/untangle/bin/openvpn-generate-client-certs: The client amartin already has a key
Dec 15 10:28:59 localhost app-36: [OpenVpnManager] <> INFO  Writing File: /tmp/openvpn/client-packages//client-amartin.conf
Dec 15 10:28:59 localhost app-36: [OpenVpnManager] <> INFO  Writing File: /tmp/openvpn/client-packages//client-amartin.ovpn
Dec 15 10:28:59 localhost app-36: [OpenVpnAppImpl] <> INFO  /usr/share/untangle/bin/openvpn-generate-client-certs: 
Dec 15 10:28:59 localhost app-36: [OpenVpnAppImpl] <> INFO  /usr/share/untangle/bin/openvpn-generate-client-certs: The client amartin already has a key
Dec 15 10:28:59 localhost app-36: [OpenVpnManager] <> INFO  Writing File: /tmp/openvpn/client-packages//client-amartin.conf
Dec 15 10:28:59 localhost app-36: [OpenVpnManager] <> INFO  Writing File: /tmp/openvpn/client-packages//client-amartin.ovpn
Dec 15 10:28:59 localhost app-36: [OpenVpnManager] <> INFO  /usr/share/untangle/bin/openvpn-generate-client-zip: 
Dec 15 10:28:59 localhost app-36: [OpenVpnManager] <> INFO  /usr/share/untangle/bin/openvpn-generate-client-zip: /tmp/openvpn/client-packages/config-amartin.zip already exists and is up to date
Dec 15 10:28:59 localhost app-36: [OpenVpnManager] <> INFO  /usr/share/untangle/bin/openvpn-generate-client-zip: 
Dec 15 10:28:59 localhost app-36: [OpenVpnManager] <> INFO  /usr/share/untangle/bin/openvpn-generate-client-zip: /tmp/openvpn/client-packages/config-amartin.zip already exists and is up to date
Dec 15 10:29:00 localhost app-36: [OpenVpnAppImpl] <> INFO  /usr/share/untangle/bin/openvpn-generate-client-certs: 
Dec 15 10:29:00 localhost app-36: [OpenVpnAppImpl] <> INFO  /usr/share/untangle/bin/openvpn-generate-client-certs: The client amartin already has a key
Dec 15 10:29:00 localhost app-36: [OpenVpnManager] <> INFO  Writing File: /tmp/openvpn/client-packages//client-amartin.conf
Dec 15 10:29:00 localhost app-36: [OpenVpnManager] <> INFO  Writing File: /tmp/openvpn/client-packages//client-amartin.ovpn
Dec 15 10:29:00 localhost app-36: [OpenVpnManager] <> INFO  /usr/share/untangle/bin/openvpn-generate-client-ovpn: 
Dec 15 10:29:00 localhost app-36: [OpenVpnManager] <> INFO  /usr/share/untangle/bin/openvpn-generate-client-ovpn: 
Dec 15 10:29:00 localhost app-36: [OpenVpnAppImpl] <> INFO  /usr/share/untangle/bin/openvpn-generate-client-certs: 
Dec 15 10:29:00 localhost app-36: [OpenVpnAppImpl] <> INFO  /usr/share/untangle/bin/openvpn-generate-client-certs: The client amartin already has a key
Dec 15 10:29:00 localhost app-36: [OpenVpnManager] <> INFO  Writing File: /tmp/openvpn/client-packages//client-amartin.conf
Dec 15 10:29:00 localhost app-36: [OpenVpnManager] <> INFO  Writing File: /tmp/openvpn/client-packages//client-amartin.ovpn
Dec 15 10:29:00 localhost app-36: [OpenVpnManager] <> INFO  /usr/share/untangle/bin/openvpn-generate-client-ovpn: 
Dec 15 10:29:00 localhost app-36: [OpenVpnManager] <> INFO  /usr/share/untangle/bin/openvpn-generate-client-ovpn: /tmp/openvpn/client-packages/inline-amartin.ovpn already exists and is up to date
Dec 15 10:29:01 localhost app-36: [OpenVpnAppImpl] <> INFO  /usr/share/untangle/bin/openvpn-generate-client-certs: 
Dec 15 10:29:01 localhost app-36: [OpenVpnAppImpl] <> INFO  /usr/share/untangle/bin/openvpn-generate-client-certs: The client amartin already has a key
Dec 15 10:29:01 localhost app-36: [OpenVpnManager] <> INFO  Writing File: /tmp/openvpn/client-packages//client-amartin.conf
Dec 15 10:29:01 localhost app-36: [OpenVpnManager] <> INFO  Writing File: /tmp/openvpn/client-packages//client-amartin.ovpn
Dec 15 10:29:01 localhost app-36: [OpenVpnManager] <> INFO  /usr/share/untangle/bin/openvpn-generate-client-onc: 
Dec 15 10:29:01 localhost app-36: [OpenVpnManager] <> INFO  /usr/share/untangle/bin/openvpn-generate-client-onc: 
Dec 15 10:29:01 localhost app-36: [OpenVpnAppImpl] <> INFO  /usr/share/untangle/bin/openvpn-generate-client-certs: 
Dec 15 10:29:01 localhost app-36: [OpenVpnAppImpl] <> INFO  /usr/share/untangle/bin/openvpn-generate-client-certs: The client amartin already has a key
Dec 15 10:29:01 localhost app-36: [OpenVpnManager] <> INFO  Writing File: /tmp/openvpn/client-packages//client-amartin.conf
Dec 15 10:29:01 localhost app-36: [OpenVpnManager] <> INFO  Writing File: /tmp/openvpn/client-packages//client-amartin.ovpn
Dec 15 10:29:01 localhost app-36: [OpenVpnManager] <> INFO  /usr/share/untangle/bin/openvpn-generate-client-onc: 
Dec 15 10:29:01 localhost app-36: [OpenVpnManager] <> INFO  /usr/share/untangle/bin/openvpn-generate-client-onc: 
Dec 15 10:29:34 localhost app-36: [OpenVpnMonitor] <> INFO  OpenVPN client connected: amartin
Dec 15 10:33:34 localhost app-36: [AppBase] <> INFO  Stopping   openvpn [36] ...
Dec 15 10:33:34 localhost app-36: [OpenVpnMonitor] <> INFO  openvpn monitor was interrupted
Dec 15 10:33:34 localhost app-36: [OpenVpnManager] <> INFO  Stopping OpenVPN server tasks
Dec 15 10:33:36 localhost app-36: [OpenVpnManager] <> INFO  /etc/untangle/iptables-rules.d/720-openvpn: 
Dec 15 10:33:36 localhost app-36: [OpenVpnManager] <> INFO  /etc/untangle/iptables-rules.d/720-openvpn: 
Dec 15 10:33:36 localhost app-36: [OpenVpnManager] <> INFO  Calling OpenVPN stop script
Dec 15 10:33:36 localhost app-36: [OpenVpnManager] <> INFO  /usr/share/untangle/bin/openvpn-stop: 
Dec 15 10:33:36 localhost app-36: [OpenVpnManager] <> INFO  /usr/share/untangle/bin/openvpn-stop: 
Dec 15 10:33:37 localhost app-36: [AppBase] <> INFO  Stopped    openvpn [36] ...
Dec 15 10:33:42 localhost app-36: [AppBase] <> INFO  Starting   openvpn [36] ...
Dec 15 10:33:42 localhost app-36: [OpenVpnManager] <> INFO  Writing File: /etc/untangle/iptables-rules.d/720-openvpn
Dec 15 10:33:42 localhost app-36: [OpenVpnManager] <> INFO  Writing File: /etc/openvpn/server.conf
Dec 15 10:33:42 localhost app-36: [OpenVpnManager] <> INFO  Writing client configuration file for [B2B-NOC]
Dec 15 10:33:42 localhost app-36: [OpenVpnManager] <> INFO  Writing File: /etc/openvpn/ccd/B2B-NOC
Dec 15 10:33:42 localhost app-36: [OpenVpnManager] <> INFO  Writing client configuration file for [DPugsley]
Dec 15 10:33:42 localhost app-36: [OpenVpnManager] <> INFO  Writing File: /etc/openvpn/ccd/DPugsley
Dec 15 10:33:42 localhost app-36: [OpenVpnManager] <> INFO  Writing client configuration file for [B2B-Jeff]
Dec 15 10:33:42 localhost app-36: [OpenVpnManager] <> INFO  Writing File: /etc/openvpn/ccd/B2B-Jeff
Dec 15 10:33:42 localhost app-36: [OpenVpnManager] <> INFO  Writing client configuration file for [Ralph]
Dec 15 10:33:42 localhost app-36: [OpenVpnManager] <> INFO  Writing File: /etc/openvpn/ccd/Ralph
Dec 15 10:33:42 localhost app-36: [OpenVpnManager] <> INFO  Writing client configuration file for [DerekBent]
Dec 15 10:33:42 localhost app-36: [OpenVpnManager] <> INFO  Writing File: /etc/openvpn/ccd/DerekBent
Dec 15 10:33:42 localhost app-36: [OpenVpnManager] <> INFO  Writing client configuration file for [dmacdonald]
Dec 15 10:33:42 localhost app-36: [OpenVpnManager] <> INFO  Writing File: /etc/openvpn/ccd/dmacdonald
Dec 15 10:33:42 localhost app-36: [OpenVpnManager] <> INFO  Writing client configuration file for [cbarnhill]
Dec 15 10:33:42 localhost app-36: [OpenVpnManager] <> INFO  Writing File: /etc/openvpn/ccd/cbarnhill
Dec 15 10:33:42 localhost app-36: [OpenVpnManager] <> INFO  Writing client configuration file for [jcrossman]
Dec 15 10:33:42 localhost app-36: [OpenVpnManager] <> INFO  Writing File: /etc/openvpn/ccd/jcrossman
Dec 15 10:33:42 localhost app-36: [OpenVpnManager] <> INFO  Writing client configuration file for [kwilson]
Dec 15 10:33:42 localhost app-36: [OpenVpnManager] <> INFO  Writing File: /etc/openvpn/ccd/kwilson
Dec 15 10:33:42 localhost app-36: [OpenVpnManager] <> INFO  Writing client configuration file for [brent]
Dec 15 10:33:42 localhost app-36: [OpenVpnManager] <> INFO  Writing File: /etc/openvpn/ccd/brent
Dec 15 10:33:42 localhost app-36: [OpenVpnManager] <> INFO  Writing client configuration file for [msawler]
Dec 15 10:33:42 localhost app-36: [OpenVpnManager] <> INFO  Writing File: /etc/openvpn/ccd/msawler
Dec 15 10:33:42 localhost app-36: [OpenVpnManager] <> INFO  Writing client configuration file for [dgertridge]
Dec 15 10:33:42 localhost app-36: [OpenVpnManager] <> INFO  Writing File: /etc/openvpn/ccd/dgertridge
Dec 15 10:33:42 localhost app-36: [OpenVpnManager] <> INFO  Writing client configuration file for [rspinney]
Dec 15 10:33:42 localhost app-36: [OpenVpnManager] <> INFO  Writing File: /etc/openvpn/ccd/rspinney
Dec 15 10:33:42 localhost app-36: [OpenVpnManager] <> INFO  Writing client configuration file for [amartin]
Dec 15 10:33:42 localhost app-36: [OpenVpnManager] <> INFO  Writing File: /etc/openvpn/ccd/amartin
Dec 15 10:33:42 localhost app-36: [OpenVpnManager] <> INFO  Calling OpenVPN start script: /usr/share/untangle/bin/openvpn-start
Dec 15 10:33:46 localhost app-36: [OpenVpnManager] <> INFO  /usr/share/untangle/bin/openvpn-start: 
Dec 15 10:33:46 localhost app-36: [OpenVpnManager] <> INFO  /usr/share/untangle/bin/openvpn-start: 
Dec 15 10:33:46 localhost app-36: [OpenVpnManager] <> INFO  Starting OpenVPN server tasks
Dec 15 10:33:47 localhost app-36: [OpenVpnManager] <> INFO  /etc/untangle/iptables-rules.d/720-openvpn: 
Dec 15 10:33:47 localhost app-36: [OpenVpnManager] <> INFO  /etc/untangle/iptables-rules.d/720-openvpn: 
Dec 15 10:33:47 localhost app-36: [AppBase] <> INFO  Started    openvpn [36] ...
Dec 15 10:34:17 localhost app-36: [OpenVpnMonitor] <> WARN  Ignoring client with 127.0.0.1 address: amartin 127.0.0.1
Dec 15 10:34:22 localhost app-36: [OpenVpnMonitor] <> INFO  OpenVPN client connected: amartin
Dec 15 10:34:33 localhost app-36: [OpenVpnMonitor] <> INFO  OpenVPN client connected: B2B-NOC
Dec 15 10:34:43 localhost app-36: [OpenVpnMonitor] <> INFO  OpenVPN client connected: DerekBent
Dec 15 10:34:43 localhost app-36: [OpenVpnMonitor] <> INFO  OpenVPN client connected: msawler
Dec 15 10:40:10 localhost app-36: [OpenVpnMonitor] <> INFO  OpenVPN client disconnected: amartin
Dec 15 10:40:21 localhost app-36: [OpenVpnMonitor] <> INFO  OpenVPN client connected: amartin
Dec 15 10:47:57 localhost app-36: [OpenVpnAppImpl] <> INFO  /usr/share/untangle/bin/openvpn-generate-client-certs: 
Dec 15 10:47:57 localhost app-36: [OpenVpnAppImpl] <> INFO  /usr/share/untangle/bin/openvpn-generate-client-certs: Ignoring -days; not generating a certificate
Dec 15 10:47:57 localhost app-36: [OpenVpnAppImpl] <> INFO  /usr/share/untangle/bin/openvpn-generate-client-certs: Generating a RSA private key
Dec 15 10:47:57 localhost app-36: [OpenVpnAppImpl] <> INFO  /usr/share/untangle/bin/openvpn-generate-client-certs: ...................................................................................................................................................++++
Dec 15 10:47:57 localhost app-36: [OpenVpnAppImpl] <> INFO  /usr/share/untangle/bin/openvpn-generate-client-certs: .....................................................................................................................................++++
Dec 15 10:47:57 localhost app-36: [OpenVpnAppImpl] <> INFO  /usr/share/untangle/bin/openvpn-generate-client-certs: writing new private key to '/usr/share/untangle/settings/openvpn/remote-clients/client-B2B-Jeff.key'
Dec 15 10:47:57 localhost app-36: [OpenVpnAppImpl] <> INFO  /usr/share/untangle/bin/openvpn-generate-client-certs: -----
Dec 15 10:47:57 localhost app-36: [OpenVpnAppImpl] <> INFO  /usr/share/untangle/bin/openvpn-generate-client-certs: Using configuration from /usr/share/untangle/lib/openvpn/openssl.cnf
Dec 15 10:47:57 localhost app-36: [OpenVpnAppImpl] <> INFO  /usr/share/untangle/bin/openvpn-generate-client-certs: Check that the request matches the signature
Dec 15 10:47:57 localhost app-36: [OpenVpnAppImpl] <> INFO  /usr/share/untangle/bin/openvpn-generate-client-certs: Signature ok
Dec 15 10:47:57 localhost app-36: [OpenVpnAppImpl] <> INFO  /usr/share/untangle/bin/openvpn-generate-client-certs: The Subject's Distinguished Name is as follows
Dec 15 10:47:57 localhost app-36: [OpenVpnAppImpl] <> INFO  /usr/share/untangle/bin/openvpn-generate-client-certs: commonName            :PRINTABLE:'B2B-Jeff'
Dec 15 10:47:57 localhost app-36: [OpenVpnAppImpl] <> INFO  /usr/share/untangle/bin/openvpn-generate-client-certs: countryName           :PRINTABLE:'CO'
Dec 15 10:47:57 localhost app-36: [OpenVpnAppImpl] <> INFO  /usr/share/untangle/bin/openvpn-generate-client-certs: stateOrProvinceName   :PRINTABLE:'ST'
Dec 15 10:47:57 localhost app-36: [OpenVpnAppImpl] <> INFO  /usr/share/untangle/bin/openvpn-generate-client-certs: localityName          :PRINTABLE:'L'
Dec 15 10:47:57 localhost app-36: [OpenVpnAppImpl] <> INFO  /usr/share/untangle/bin/openvpn-generate-client-certs: organizationName      :PRINTABLE:'O'
Dec 15 10:47:57 localhost app-36: [OpenVpnAppImpl] <> INFO  /usr/share/untangle/bin/openvpn-generate-client-certs: organizationalUnitName:PRINTABLE:'OU'
Dec 15 10:47:57 localhost app-36: [OpenVpnAppImpl] <> INFO  /usr/share/untangle/bin/openvpn-generate-client-certs: dnQualifier           :PRINTABLE:'client-B2B-Jeff'
Dec 15 10:47:57 localhost app-36: [OpenVpnAppImpl] <> INFO  /usr/share/untangle/bin/openvpn-generate-client-certs: Certificate is to be certified until Dec 13 14:47:57 2030 GMT (3650 days)
Dec 15 10:47:57 localhost app-36: [OpenVpnAppImpl] <> INFO  /usr/share/untangle/bin/openvpn-generate-client-certs: 
Dec 15 10:47:57 localhost app-36: [OpenVpnAppImpl] <> INFO  /usr/share/untangle/bin/openvpn-generate-client-certs: Write out database with 1 new entries
Dec 15 10:47:57 localhost app-36: [OpenVpnAppImpl] <> INFO  /usr/share/untangle/bin/openvpn-generate-client-certs: Data Base Updated
Dec 15 10:47:57 localhost app-36: [OpenVpnManager] <> INFO  Writing File: /tmp/openvpn/client-packages//client-B2B-Jeff.conf
Dec 15 10:47:57 localhost app-36: [OpenVpnManager] <> INFO  Writing File: /tmp/openvpn/client-packages//client-B2B-Jeff.ovpn
Dec 15 10:47:57 localhost app-36: [OpenVpnManager] <> INFO  /usr/share/untangle/bin/openvpn-generate-client-zip: 
Dec 15 10:47:57 localhost app-36: [OpenVpnManager] <> INFO  /usr/share/untangle/bin/openvpn-generate-client-zip: Created /tmp/openvpn/client-packages/config-B2B-Jeff.zip
Dec 15 10:47:58 localhost app-36: [OpenVpnAppImpl] <> INFO  /usr/share/untangle/bin/openvpn-generate-client-certs: 
Dec 15 10:47:58 localhost app-36: [OpenVpnAppImpl] <> INFO  /usr/share/untangle/bin/openvpn-generate-client-certs: The client B2B-Jeff already has a key
Dec 15 10:47:58 localhost app-36: [OpenVpnManager] <> INFO  Writing File: /tmp/openvpn/client-packages//client-B2B-Jeff.conf
Dec 15 10:47:58 localhost app-36: [OpenVpnManager] <> INFO  Writing File: /tmp/openvpn/client-packages//client-B2B-Jeff.ovpn
Dec 15 10:47:59 localhost app-36: [OpenVpnManager] <> INFO  /usr/share/untangle/bin/openvpn-generate-client-ovpn: 
Dec 15 10:47:59 localhost app-36: [OpenVpnManager] <> INFO  /usr/share/untangle/bin/openvpn-generate-client-ovpn: 
Dec 15 10:47:59 localhost app-36: [OpenVpnAppImpl] <> INFO  /usr/share/untangle/bin/openvpn-generate-client-certs: 
Dec 15 10:47:59 localhost app-36: [OpenVpnAppImpl] <> INFO  /usr/share/untangle/bin/openvpn-generate-client-certs: The client B2B-Jeff already has a key
Dec 15 10:47:59 localhost app-36: [OpenVpnManager] <> INFO  Writing File: /tmp/openvpn/client-packages//client-B2B-Jeff.conf
Dec 15 10:47:59 localhost app-36: [OpenVpnManager] <> INFO  Writing File: /tmp/openvpn/client-packages//client-B2B-Jeff.ovpn
Dec 15 10:47:59 localhost app-36: [OpenVpnManager] <> INFO  /usr/share/untangle/bin/openvpn-generate-client-onc: 
Dec 15 10:47:59 localhost app-36: [OpenVpnManager] <> INFO  /usr/share/untangle/bin/openvpn-generate-client-onc: 
Dec 15 10:48:25 localhost app-36: [OpenVpnMonitor] <> INFO  OpenVPN client disconnected: amartin
Dec 15 10:48:40 localhost app-36: [OpenVpnMonitor] <> INFO  OpenVPN client connected: B2B-Jeff
Dec 15 10:49:35 localhost app-36: [OpenVpnMonitor] <> INFO  OpenVPN client disconnected: B2B-Jeff
Dec 15 12:14:55 localhost app-36: [OpenVpnMonitor] <> INFO  OpenVPN client connected: amartin
Dec 15 12:17:42 localhost app-36: [OpenVpnMonitor] <> INFO  OpenVPN client connected: B2B-Jeff
Dec 15 12:17:42 localhost app-36: [OpenVpnMonitor] <> INFO  OpenVPN client disconnected: amartin
Dec 15 12:17:52 localhost app-36: [OpenVpnMonitor] <> INFO  OpenVPN client connected: amartin
Dec 15 12:17:52 localhost app-36: [OpenVpnMonitor] <> INFO  OpenVPN client disconnected: B2B-Jeff
Dec 15 12:18:02 localhost app-36: [OpenVpnMonitor] <> INFO  OpenVPN client connected: B2B-Jeff
Dec 15 12:18:02 localhost app-36: [OpenVpnMonitor] <> INFO  OpenVPN client disconnected: amartin
Dec 15 12:18:47 localhost app-36: [OpenVpnMonitor] <> INFO  OpenVPN client disconnected: B2B-Jeff
Dec 15 12:21:24 localhost app-36: [OpenVpnMonitor] <> INFO  OpenVPN client connected: amartin
Dec 15 12:22:09 localhost app-36: [OpenVpnMonitor] <> INFO  OpenVPN client disconnected: amartin
Dec 15 17:00:20 localhost app-36: [OpenVpnMonitor] <> INFO  OpenVPN client disconnected: msawler
Dec 15 17:02:31 localhost app-36: [OpenVpnMonitor] <> INFO  OpenVPN client disconnected: DerekBent
Dec 15 20:48:27 localhost app-36: [OpenVpnMonitor] <> INFO  OpenVPN client connected: DerekBent
Dec 15 22:06:57 localhost app-36: [OpenVpnMonitor] <> INFO  OpenVPN client disconnected: DerekBent
Dec 16 00:05:00 localhost app-36: [OpenVpnMonitor] <> INFO  OpenVPN client connected: DerekBent
Dec 16 00:07:01 localhost app-36: [OpenVpnMonitor] <> INFO  OpenVPN client disconnected: DerekBent
Dec 16 07:43:04 localhost app-36: [OpenVpnMonitor] <> INFO  OpenVPN client connected: DerekBent
Dec 16 08:00:43 localhost app-36: [OpenVpnMonitor] <> INFO  OpenVPN client disconnected: DerekBent
Dec 17 07:10:24 localhost app-36: [OpenVpnMonitor] <> INFO  OpenVPN client connected: msawler
Dec 17 17:05:17 localhost app-36: [OpenVpnMonitor] <> INFO  OpenVPN client disconnected: msawler
Dec 18 07:42:22 localhost app-36: [OpenVpnMonitor] <> INFO  OpenVPN client connected: msawler
Dec 18 08:30:24 localhost app-36: [OpenVpnMonitor] <> INFO  OpenVPN client disconnected: msawler
Dec 18 09:42:36 localhost app-36: [OpenVpnMonitor] <> WARN  Ignoring client with 127.0.0.1 address: msawler 127.0.0.1
Dec 18 09:42:41 localhost app-36: [OpenVpnMonitor] <> INFO  OpenVPN client connected: msawler
Dec 18 17:01:35 localhost app-36: [OpenVpnMonitor] <> INFO  OpenVPN client disconnected: msawler
Dec 25 08:52:54 localhost app-36: [AppBase] <> INFO  Stopping   openvpn [36] ...
Dec 25 08:52:54 localhost app-36: [OpenVpnMonitor] <> INFO  openvpn monitor was interrupted
Dec 25 08:52:54 localhost app-36: [OpenVpnManager] <> INFO  Stopping OpenVPN server tasks
Dec 25 08:52:56 localhost app-36: [OpenVpnManager] <> INFO  /etc/untangle/iptables-rules.d/720-openvpn: 
Dec 25 08:52:56 localhost app-36: [OpenVpnManager] <> INFO  /etc/untangle/iptables-rules.d/720-openvpn: 
Dec 25 08:52:56 localhost app-36: [OpenVpnManager] <> INFO  Calling OpenVPN stop script
Dec 25 08:52:57 localhost app-36: [OpenVpnManager] <> INFO  /usr/share/untangle/bin/openvpn-stop: 
Dec 25 08:52:57 localhost app-36: [OpenVpnManager] <> INFO  /usr/share/untangle/bin/openvpn-stop: 
Dec 25 08:52:57 localhost app-36: [AppBase] <> INFO  Stopped    openvpn [36] ...
Jan  5 15:20:44 localhost app-36: [OpenVpnAppImpl] <> INFO  Loading Settings...
Jan  5 15:20:44 localhost app-36: [AppBase] <> INFO  Starting   openvpn [36] ...
Jan  5 15:20:44 localhost app-36: [OpenVpnManager] <> INFO  Writing File: /etc/untangle/iptables-rules.d/720-openvpn
Jan  5 15:20:44 localhost app-36: [OpenVpnManager] <> INFO  Writing File: /etc/openvpn/server.conf
Jan  5 15:20:44 localhost app-36: [OpenVpnManager] <> INFO  Writing client configuration file for [B2B-NOC]
Jan  5 15:20:44 localhost app-36: [OpenVpnManager] <> INFO  Writing File: /etc/openvpn/ccd/B2B-NOC
Jan  5 15:20:44 localhost app-36: [OpenVpnManager] <> INFO  Writing client configuration file for [DPugsley]
Jan  5 15:20:44 localhost app-36: [OpenVpnManager] <> INFO  Writing File: /etc/openvpn/ccd/DPugsley
Jan  5 15:20:44 localhost app-36: [OpenVpnManager] <> INFO  Writing client configuration file for [B2B-Jeff]
Jan  5 15:20:44 localhost app-36: [OpenVpnManager] <> INFO  Writing File: /etc/openvpn/ccd/B2B-Jeff
Jan  5 15:20:44 localhost app-36: [OpenVpnManager] <> INFO  Writing client configuration file for [Ralph]
Jan  5 15:20:44 localhost app-36: [OpenVpnManager] <> INFO  Writing File: /etc/openvpn/ccd/Ralph
Jan  5 15:20:44 localhost app-36: [OpenVpnManager] <> INFO  Writing client configuration file for [DerekBent]
Jan  5 15:20:44 localhost app-36: [OpenVpnManager] <> INFO  Writing File: /etc/openvpn/ccd/DerekBent
Jan  5 15:20:44 localhost app-36: [OpenVpnManager] <> INFO  Writing client configuration file for [dmacdonald]
Jan  5 15:20:44 localhost app-36: [OpenVpnManager] <> INFO  Writing File: /etc/openvpn/ccd/dmacdonald
Jan  5 15:20:44 localhost app-36: [OpenVpnManager] <> INFO  Writing client configuration file for [cbarnhill]
Jan  5 15:20:44 localhost app-36: [OpenVpnManager] <> INFO  Writing File: /etc/openvpn/ccd/cbarnhill
Jan  5 15:20:44 localhost app-36: [OpenVpnManager] <> INFO  Writing client configuration file for [jcrossman]
Jan  5 15:20:44 localhost app-36: [OpenVpnManager] <> INFO  Writing File: /etc/openvpn/ccd/jcrossman
Jan  5 15:20:44 localhost app-36: [OpenVpnManager] <> INFO  Writing client configuration file for [kwilson]
Jan  5 15:20:44 localhost app-36: [OpenVpnManager] <> INFO  Writing File: /etc/openvpn/ccd/kwilson
Jan  5 15:20:44 localhost app-36: [OpenVpnManager] <> INFO  Writing client configuration file for [brent]
Jan  5 15:20:44 localhost app-36: [OpenVpnManager] <> INFO  Writing File: /etc/openvpn/ccd/brent
Jan  5 15:20:44 localhost app-36: [OpenVpnManager] <> INFO  Writing client configuration file for [msawler]
Jan  5 15:20:44 localhost app-36: [OpenVpnManager] <> INFO  Writing File: /etc/openvpn/ccd/msawler
Jan  5 15:20:44 localhost app-36: [OpenVpnManager] <> INFO  Writing client configuration file for [dgertridge]
Jan  5 15:20:44 localhost app-36: [OpenVpnManager] <> INFO  Writing File: /etc/openvpn/ccd/dgertridge
Jan  5 15:20:44 localhost app-36: [OpenVpnManager] <> INFO  Writing client configuration file for [rspinney]
Jan  5 15:20:44 localhost app-36: [OpenVpnManager] <> INFO  Writing File: /etc/openvpn/ccd/rspinney
Jan  5 15:20:44 localhost app-36: [OpenVpnManager] <> INFO  Writing client configuration file for [amartin]
Jan  5 15:20:44 localhost app-36: [OpenVpnManager] <> INFO  Writing File: /etc/openvpn/ccd/amartin
Jan  5 15:20:44 localhost app-36: [OpenVpnManager] <> INFO  Calling OpenVPN start script: /usr/share/untangle/bin/openvpn-start
Jan  5 15:20:48 localhost app-36: [OpenVpnManager] <> INFO  /usr/share/untangle/bin/openvpn-start: 
Jan  5 15:20:48 localhost app-36: [OpenVpnManager] <> INFO  /usr/share/untangle/bin/openvpn-start: 
Jan  5 15:20:48 localhost app-36: [OpenVpnManager] <> INFO  Starting OpenVPN server tasks
Jan  5 15:20:52 localhost app-36: [OpenVpnManager] <> INFO  /etc/untangle/iptables-rules.d/720-openvpn: 
Jan  5 15:20:52 localhost app-36: [OpenVpnManager] <> INFO  /etc/untangle/iptables-rules.d/720-openvpn: 
Jan  5 15:20:52 localhost app-36: [AppBase] <> INFO  Started    openvpn [36] ...
Jan  5 15:23:43 localhost app-36: [OpenVpnMonitor] <> INFO  OpenVPN client connected: B2B-NOC
Jan  5 15:24:11 localhost app-36: [AppBase] <> INFO  Stopping   openvpn [36] ...
Jan  5 15:24:11 localhost app-36: [OpenVpnMonitor] <> INFO  openvpn monitor was interrupted
Jan  5 15:24:11 localhost app-36: [OpenVpnManager] <> INFO  Stopping OpenVPN server tasks
Jan  5 15:24:12 localhost app-36: [OpenVpnManager] <> INFO  /etc/untangle/iptables-rules.d/720-openvpn: 
Jan  5 15:24:12 localhost app-36: [OpenVpnManager] <> INFO  /etc/untangle/iptables-rules.d/720-openvpn: 
Jan  5 15:24:12 localhost app-36: [OpenVpnManager] <> INFO  Calling OpenVPN stop script
Jan  5 15:24:12 localhost app-36: [OpenVpnManager] <> INFO  /usr/share/untangle/bin/openvpn-stop: 
Jan  5 15:24:12 localhost app-36: [OpenVpnManager] <> INFO  /usr/share/untangle/bin/openvpn-stop: 
Jan  5 15:24:12 localhost app-36: [AppBase] <> INFO  Stopped    openvpn [36] ...
Jan  5 15:24:36 localhost app-36: [OpenVpnAppImpl] <> INFO  Loading Settings...
Jan  5 15:24:36 localhost app-36: [AppBase] <> INFO  Starting   openvpn [36] ...
Jan  5 15:24:36 localhost app-36: [OpenVpnManager] <> INFO  Writing File: /etc/untangle/iptables-rules.d/720-openvpn
Jan  5 15:24:36 localhost app-36: [OpenVpnManager] <> INFO  Writing File: /etc/openvpn/server.conf
Jan  5 15:24:36 localhost app-36: [OpenVpnManager] <> INFO  Writing client configuration file for [B2B-NOC]
Jan  5 15:24:36 localhost app-36: [OpenVpnManager] <> INFO  Writing File: /etc/openvpn/ccd/B2B-NOC
Jan  5 15:24:36 localhost app-36: [OpenVpnManager] <> INFO  Writing client configuration file for [DPugsley]
Jan  5 15:24:36 localhost app-36: [OpenVpnManager] <> INFO  Writing File: /etc/openvpn/ccd/DPugsley
Jan  5 15:24:36 localhost app-36: [OpenVpnManager] <> INFO  Writing client configuration file for [B2B-Jeff]
Jan  5 15:24:36 localhost app-36: [OpenVpnManager] <> INFO  Writing File: /etc/openvpn/ccd/B2B-Jeff
Jan  5 15:24:36 localhost app-36: [OpenVpnManager] <> INFO  Writing client configuration file for [Ralph]
Jan  5 15:24:36 localhost app-36: [OpenVpnManager] <> INFO  Writing File: /etc/openvpn/ccd/Ralph
Jan  5 15:24:36 localhost app-36: [OpenVpnManager] <> INFO  Writing client configuration file for [DerekBent]
Jan  5 15:24:36 localhost app-36: [OpenVpnManager] <> INFO  Writing File: /etc/openvpn/ccd/DerekBent
Jan  5 15:24:36 localhost app-36: [OpenVpnManager] <> INFO  Writing client configuration file for [dmacdonald]
Jan  5 15:24:36 localhost app-36: [OpenVpnManager] <> INFO  Writing File: /etc/openvpn/ccd/dmacdonald
Jan  5 15:24:36 localhost app-36: [OpenVpnManager] <> INFO  Writing client configuration file for [cbarnhill]
Jan  5 15:24:36 localhost app-36: [OpenVpnManager] <> INFO  Writing File: /etc/openvpn/ccd/cbarnhill
Jan  5 15:24:36 localhost app-36: [OpenVpnManager] <> INFO  Writing client configuration file for [jcrossman]
Jan  5 15:24:36 localhost app-36: [OpenVpnManager] <> INFO  Writing File: /etc/openvpn/ccd/jcrossman
Jan  5 15:24:36 localhost app-36: [OpenVpnManager] <> INFO  Writing client configuration file for [kwilson]
Jan  5 15:24:36 localhost app-36: [OpenVpnManager] <> INFO  Writing File: /etc/openvpn/ccd/kwilson
Jan  5 15:24:36 localhost app-36: [OpenVpnManager] <> INFO  Writing client configuration file for [brent]
Jan  5 15:24:36 localhost app-36: [OpenVpnManager] <> INFO  Writing File: /etc/openvpn/ccd/brent
Jan  5 15:24:36 localhost app-36: [OpenVpnManager] <> INFO  Writing client configuration file for [msawler]
Jan  5 15:24:36 localhost app-36: [OpenVpnManager] <> INFO  Writing File: /etc/openvpn/ccd/msawler
Jan  5 15:24:36 localhost app-36: [OpenVpnManager] <> INFO  Writing client configuration file for [dgertridge]
Jan  5 15:24:36 localhost app-36: [OpenVpnManager] <> INFO  Writing File: /etc/openvpn/ccd/dgertridge
Jan  5 15:24:36 localhost app-36: [OpenVpnManager] <> INFO  Writing client configuration file for [rspinney]
Jan  5 15:24:36 localhost app-36: [OpenVpnManager] <> INFO  Writing File: /etc/openvpn/ccd/rspinney
Jan  5 15:24:36 localhost app-36: [OpenVpnManager] <> INFO  Writing client configuration file for [amartin]
Jan  5 15:24:36 localhost app-36: [OpenVpnManager] <> INFO  Writing File: /etc/openvpn/ccd/amartin
Jan  5 15:24:36 localhost app-36: [OpenVpnManager] <> INFO  Calling OpenVPN start script: /usr/share/untangle/bin/openvpn-start
Jan  5 15:24:39 localhost app-36: [OpenVpnManager] <> INFO  /usr/share/untangle/bin/openvpn-start: 
Jan  5 15:24:39 localhost app-36: [OpenVpnManager] <> INFO  /usr/share/untangle/bin/openvpn-start: 
Jan  5 15:24:39 localhost app-36: [OpenVpnManager] <> INFO  Starting OpenVPN server tasks
Jan  5 15:24:42 localhost app-36: [OpenVpnManager] <> INFO  /etc/untangle/iptables-rules.d/720-openvpn: 
Jan  5 15:24:42 localhost app-36: [OpenVpnManager] <> INFO  /etc/untangle/iptables-rules.d/720-openvpn: 
Jan  5 15:24:42 localhost app-36: [AppBase] <> INFO  Started    openvpn [36] ...
Jan  5 15:25:18 localhost app-36: [OpenVpnMonitor] <> INFO  OpenVPN client connected: B2B-NOC
