Jun 29 01:11:50 localhost app-18: [PolicyManagerApp] <> INFO  Loading Settings...
Jun 29 01:11:50 localhost app-18: [AppBase] <> INFO  Starting   policy-manager [18] ...
Jun 29 01:11:50 localhost app-18: [AppBase] <> INFO  Started    policy-manager [18] ...
Oct 13 01:04:51 localhost app-18: [AppBase] <> INFO  Stopping   policy-manager [18] ...
Oct 13 01:04:51 localhost app-18: [AppBase] <> INFO  Stopped    policy-manager [18] ...
Oct 13 01:10:33 localhost app-18: [PolicyManagerApp] <> INFO  Loading Settings...
Oct 13 01:10:33 localhost app-18: [AppBase] <> INFO  Starting   policy-manager [18] ...
Oct 13 01:10:33 localhost app-18: [AppBase] <> INFO  Started    policy-manager [18] ...
Dec 27 08:15:58 localhost app-18: [PolicyManagerApp] <> INFO  Loading Settings...
Dec 27 08:15:58 localhost app-18: [AppBase] <> INFO  Starting   policy-manager [18] ...
Dec 27 08:15:58 localhost app-18: [AppBase] <> INFO  Started    policy-manager [18] ...
Jan  4 08:49:45 localhost app-18: [PolicyManagerApp] <> INFO  Loading Settings...
Jan  4 08:49:45 localhost app-18: [AppBase] <> INFO  Starting   policy-manager [18] ...
Jan  4 08:49:45 localhost app-18: [AppBase] <> INFO  Started    policy-manager [18] ...
Jan  4 10:50:32 localhost app-18: [PolicyManagerApp] <> INFO  Loading Settings...
Jan  4 10:50:32 localhost app-18: [AppBase] <> INFO  Starting   policy-manager [18] ...
Jan  4 10:50:32 localhost app-18: [AppBase] <> INFO  Started    policy-manager [18] ...
Jul 19 05:05:26 localhost app-18: [AppBase] <> INFO  No valid license for: policy-manager
Jul 19 05:05:26 localhost app-18: [AppBase] <> INFO  Requesting trial for: policy-manager
Jul 19 05:05:38 localhost app-18: [AppBase] <> WARN  Exception fetching trial license. Ignoring...
Jul 19 05:05:38 localhost app-18:       java.lang.Exception: Unable to fetch trial license: javax.net.ssl.SSLHandshakeException: sun.security.validator.ValidatorException: PKIX path validation failed: java.security.cert.CertPathValidatorException: timestamp check failed
Jul 19 05:05:38 localhost app-18:       com.untangle.app.license.LicenseManagerImpl.requestTrialLicense(LicenseManagerImpl.java:433)
Jul 19 05:05:38 localhost app-18:       com.untangle.uvm.app.AppBase.init(AppBase.java:568)
Jul 19 05:05:38 localhost app-18:       com.untangle.uvm.app.AppBase.resumeState(AppBase.java:168)
Jul 19 05:05:38 localhost app-18:       com.untangle.uvm.app.AppBase.loadClass(AppBase.java:269)
Jul 19 05:05:38 localhost app-18:       com.untangle.uvm.AppManagerImpl$3.run(AppManagerImpl.java:799)
Jul 19 05:05:38 localhost app-18:       com.untangle.uvm.UvmContextImpl$1.run(UvmContextImpl.java:384)
Jul 19 05:05:38 localhost app-18:       java.lang.Thread.run(Thread.java:748)
Jul 19 05:05:39 localhost app-18: [PolicyManagerApp] <> INFO  Loading Settings...
Jul 19 05:05:39 localhost app-18: [AppBase] <> INFO  Starting   policy-manager [18] ...
Jul 19 05:05:39 localhost app-18: [AppBase] <> INFO  Started    policy-manager [18] ...
Jan  9 01:03:13 localhost app-18: [AppBase] <> INFO  Stopping   policy-manager [18] ...
Jan  9 01:03:13 localhost app-18: [AppBase] <> INFO  Stopped    policy-manager [18] ...
Jan  9 01:05:22 localhost app-18: [PolicyManagerApp] <> INFO  Loading Settings...
Jan  9 01:05:22 localhost app-18: [AppBase] <> INFO  Starting   policy-manager [18] ...
Jan  9 01:05:22 localhost app-18: [AppBase] <> INFO  Started    policy-manager [18] ...
Feb 21 01:02:37 localhost app-18: [AppBase] <> INFO  Stopping   policy-manager [18] ...
Feb 21 01:02:37 localhost app-18: [AppBase] <> INFO  Stopped    policy-manager [18] ...
Feb 21 01:04:53 localhost app-18: [PolicyManagerApp] <> INFO  Loading Settings...
Feb 21 01:04:53 localhost app-18: [AppBase] <> INFO  Starting   policy-manager [18] ...
Feb 21 01:04:53 localhost app-18: [AppBase] <> INFO  Started    policy-manager [18] ...
Apr 26 01:09:49 localhost app-18: [AppBase] <> INFO  Stopping   policy-manager [18] ...
Apr 26 01:09:49 localhost app-18: [AppBase] <> INFO  Stopped    policy-manager [18] ...
Apr 26 01:15:26 localhost app-18: [PolicyManagerApp] <> INFO  Loading Settings...
Apr 26 01:15:26 localhost app-18: [AppBase] <> INFO  Starting   policy-manager [18] ...
Apr 26 01:15:26 localhost app-18: [AppBase] <> INFO  Started    policy-manager [18] ...
Aug  5 01:32:45 localhost app-18: [AppBase] <> INFO  Stopping   policy-manager [18] ...
Aug  5 01:32:45 localhost app-18: [AppBase] <> INFO  Stopped    policy-manager [18] ...
Aug  5 01:59:45 localhost app-18: [PolicyManagerApp] <> INFO  Loading Settings...
Aug  5 01:59:45 localhost app-18: [AppBase] <> INFO  Starting   policy-manager [18] ...
Aug  5 01:59:45 localhost app-18: [AppBase] <> INFO  Started    policy-manager [18] ...
Aug  7 07:06:10 localhost app-18: [PolicyManagerApp] <> INFO  Loading Settings...
Aug  7 07:06:10 localhost app-18: [AppBase] <> INFO  Starting   policy-manager [18] ...
Aug  7 07:06:10 localhost app-18: [AppBase] <> INFO  Started    policy-manager [18] ...
Aug 12 01:13:03 localhost app-18: [AppBase] <> INFO  Stopping   policy-manager [18] ...
Aug 12 01:13:03 localhost app-18: [AppBase] <> INFO  Stopped    policy-manager [18] ...
Aug 12 01:17:58 localhost app-18: [PolicyManagerApp] <> INFO  Loading Settings...
Aug 12 01:17:58 localhost app-18: [AppBase] <> INFO  Starting   policy-manager [18] ...
Aug 12 01:17:58 localhost app-18: [AppBase] <> INFO  Started    policy-manager [18] ...
Aug 28 01:01:49 localhost app-18: [AppBase] <> INFO  Stopping   policy-manager [18] ...
Aug 28 01:01:49 localhost app-18: [AppBase] <> INFO  Stopped    policy-manager [18] ...
Aug 28 01:06:52 localhost app-18: [PolicyManagerApp] <> INFO  Loading Settings...
Aug 28 01:06:52 localhost app-18: [AppBase] <> INFO  Starting   policy-manager [18] ...
Aug 28 01:06:52 localhost app-18: [AppBase] <> INFO  Started    policy-manager [18] ...
Aug 28 18:15:55 localhost app-18: [PolicyManagerApp] <> INFO  Loading Settings...
Aug 28 18:15:55 localhost app-18: [AppBase] <> INFO  Starting   policy-manager [18] ...
Aug 28 18:15:55 localhost app-18: [AppBase] <> INFO  Started    policy-manager [18] ...
Nov 29 13:29:36 localhost app-18: [PolicyManagerApp] <> INFO  Loading Settings...
Nov 29 13:29:36 localhost app-18: [AppBase] <> INFO  Starting   policy-manager [18] ...
Nov 29 13:29:36 localhost app-18: [AppBase] <> INFO  Started    policy-manager [18] ...
Dec  8 01:16:44 localhost app-18: [AppBase] <> INFO  Stopping   policy-manager [18] ...
Dec  8 01:16:44 localhost app-18: [AppBase] <> INFO  Stopped    policy-manager [18] ...
Dec  8 01:24:06 localhost app-18: [PolicyManagerApp] <> INFO  Loading Settings...
Dec  8 01:24:06 localhost app-18: [AppBase] <> INFO  Starting   policy-manager [18] ...
Dec  8 01:24:06 localhost app-18: [AppBase] <> INFO  Started    policy-manager [18] ...
Jan 29 01:03:18 localhost app-18: [AppBase] <> INFO  Stopping   policy-manager [18] ...
Jan 29 01:03:18 localhost app-18: [AppBase] <> INFO  Stopped    policy-manager [18] ...
Jan 29 01:09:15 localhost app-18: [PolicyManagerApp] <> INFO  Loading Settings...
Jan 29 01:09:15 localhost app-18: [AppBase] <> INFO  Starting   policy-manager [18] ...
Jan 29 01:09:15 localhost app-18: [AppBase] <> INFO  Started    policy-manager [18] ...
Feb  1 15:14:20 localhost app-18: [PolicyManagerApp] <> INFO  Loading Settings...
Feb  1 15:14:20 localhost app-18: [AppBase] <> INFO  Starting   policy-manager [18] ...
Feb  1 15:14:20 localhost app-18: [AppBase] <> INFO  Started    policy-manager [18] ...
Mar 20 08:31:10 localhost app-18: [PolicyManagerApp] <> INFO  Loading Settings...
Mar 20 08:31:10 localhost app-18: [AppBase] <> INFO  Starting   policy-manager [18] ...
Mar 20 08:31:10 localhost app-18: [AppBase] <> INFO  Started    policy-manager [18] ...
Apr  9 01:15:11 localhost app-18: [AppBase] <> INFO  Stopping   policy-manager [18] ...
Apr  9 01:15:11 localhost app-18: [AppBase] <> INFO  Stopped    policy-manager [18] ...
Apr  9 01:20:54 localhost app-18: [PolicyManagerApp] <> INFO  Loading Settings...
Apr  9 01:20:54 localhost app-18: [AppBase] <> INFO  Starting   policy-manager [18] ...
Apr  9 01:20:54 localhost app-18: [AppBase] <> INFO  Started    policy-manager [18] ...
Jul 22 01:12:27 localhost app-18: [PolicyManagerApp] <> INFO  Loading Settings...
Jul 22 01:12:27 localhost app-18: [AppBase] <> INFO  Starting   policy-manager [18] ...
Jul 22 01:12:27 localhost app-18: [AppBase] <> INFO  Started    policy-manager [18] ...
Aug 20 01:01:27 localhost app-18: [AppBase] <> INFO  Stopping   policy-manager [18] ...
Aug 20 01:01:27 localhost app-18: [AppBase] <> INFO  Stopped    policy-manager [18] ...
Aug 20 01:06:20 localhost app-18: [PolicyManagerApp] <> INFO  Loading Settings...
Aug 20 01:06:20 localhost app-18: [AppBase] <> INFO  Starting   policy-manager [18] ...
Aug 20 01:06:20 localhost app-18: [AppBase] <> INFO  Started    policy-manager [18] ...
Sep 14 01:01:56 localhost app-18: [AppBase] <> INFO  Stopping   policy-manager [18] ...
Sep 14 01:01:56 localhost app-18: [AppBase] <> INFO  Stopped    policy-manager [18] ...
Sep 14 01:06:42 localhost app-18: [PolicyManagerApp] <> INFO  Loading Settings...
Sep 14 01:06:42 localhost app-18: [AppBase] <> INFO  Starting   policy-manager [18] ...
Sep 14 01:06:42 localhost app-18: [AppBase] <> INFO  Started    policy-manager [18] ...
Oct  7 15:35:38 localhost app-18: [PolicyManagerApp] <> INFO  Loading Settings...
Oct  7 15:35:38 localhost app-18: [AppBase] <> INFO  Starting   policy-manager [18] ...
Oct  7 15:35:38 localhost app-18: [AppBase] <> INFO  Started    policy-manager [18] ...
Mar  6 01:03:11 localhost app-18: [AppBase] <> INFO  Stopping   policy-manager [18] ...
Mar  6 01:03:11 localhost app-18: [AppBase] <> INFO  Stopped    policy-manager [18] ...
Mar  6 01:12:32 localhost app-18: [PolicyManagerApp] <> INFO  Loading Settings...
Mar  6 01:12:33 localhost app-18: [AppBase] <> INFO  Starting   policy-manager [18] ...
Mar  6 01:12:33 localhost app-18: [AppBase] <> INFO  Started    policy-manager [18] ...
Mar 21 01:01:49 localhost app-18: [AppBase] <> INFO  Stopping   policy-manager [18] ...
Mar 21 01:01:49 localhost app-18: [AppBase] <> INFO  Stopped    policy-manager [18] ...
Mar 21 01:04:23 localhost app-18: [PolicyManagerApp] <> INFO  Loading Settings...
Mar 21 01:04:23 localhost app-18: [AppBase] <> INFO  Starting   policy-manager [18] ...
Mar 21 01:04:23 localhost app-18: [AppBase] <> INFO  Started    policy-manager [18] ...
May 14 10:48:11 localhost app-18: [PolicyManagerApp] <> INFO  Loading Settings...
May 14 10:48:11 localhost app-18: [AppBase] <> INFO  Starting   policy-manager [18] ...
May 14 10:48:11 localhost app-18: [AppBase] <> INFO  Started    policy-manager [18] ...
Jun 15 01:46:12 localhost app-18: [PolicyManagerApp] <> INFO  Loading Settings...
Jun 15 01:46:12 localhost app-18: [AppBase] <> INFO  Starting   policy-manager [18] ...
Jun 15 01:46:12 localhost app-18: [AppBase] <> INFO  Started    policy-manager [18] ...
Jun 24 01:00:43 localhost app-18: [AppBase] <> INFO  Stopping   policy-manager [18] ...
Jun 24 01:00:44 localhost app-18: [AppBase] <> INFO  Stopped    policy-manager [18] ...
Jun 24 01:03:08 localhost app-18: [PolicyManagerApp] <> INFO  Loading Settings...
Jun 24 01:03:08 localhost app-18: [AppBase] <> INFO  Starting   policy-manager [18] ...
Jun 24 01:03:08 localhost app-18: [AppBase] <> INFO  Started    policy-manager [18] ...
Jul  2 13:53:13 localhost app-18: [AppBase] <> INFO  Stopping   policy-manager [18] ...
Jul  2 13:53:13 localhost app-18: [AppBase] <> INFO  Stopped    policy-manager [18] ...
Jul  2 14:38:01 localhost app-18: [PolicyManagerApp] <> INFO  Loading Settings...
Jul  2 14:38:01 localhost app-18: [AppBase] <> INFO  Starting   policy-manager [18] ...
Jul  2 14:38:01 localhost app-18: [AppBase] <> INFO  Started    policy-manager [18] ...
Jul  7 16:05:57 localhost app-18: [AppBase] <> INFO  Stopping   policy-manager [18] ...
Jul  7 16:05:57 localhost app-18: [AppBase] <> INFO  Stopped    policy-manager [18] ...
Jul  7 18:06:04 localhost app-18: [PolicyManagerApp] <> INFO  Loading Settings...
Jul  7 18:06:05 localhost app-18: [AppBase] <> INFO  Starting   policy-manager [18] ...
Jul  7 18:06:05 localhost app-18: [AppBase] <> INFO  Started    policy-manager [18] ...
Jul 12 10:09:54 localhost app-18: [AppBase] <> INFO  Stopping   policy-manager [18] ...
Jul 12 10:09:54 localhost app-18: [AppBase] <> INFO  Stopped    policy-manager [18] ...
Jul 13 09:17:32 localhost app-18: [PolicyManagerApp] <> INFO  Loading Settings...
Jul 13 09:17:32 localhost app-18: [AppBase] <> INFO  Starting   policy-manager [18] ...
Jul 13 09:17:32 localhost app-18: [AppBase] <> INFO  Started    policy-manager [18] ...
Aug 30 01:01:58 localhost app-18: [AppBase] <> INFO  Stopping   policy-manager [18] ...
Aug 30 01:01:58 localhost app-18: [AppBase] <> INFO  Stopped    policy-manager [18] ...
Aug 30 01:07:04 localhost app-18: [PolicyManagerApp] <> INFO  Loading Settings...
Aug 30 01:07:04 localhost app-18: [AppBase] <> INFO  Starting   policy-manager [18] ...
Aug 30 01:07:04 localhost app-18: [AppBase] <> INFO  Started    policy-manager [18] ...
Aug 30 23:16:32 localhost app-18: [AppBase] <> INFO  Stopping   policy-manager [18] ...
Aug 30 23:16:32 localhost app-18: [AppBase] <> INFO  Stopped    policy-manager [18] ...
Sep  4 15:58:58 localhost app-18: [PolicyManagerApp] <> INFO  Loading Settings...
Sep  4 15:58:58 localhost app-18: [AppBase] <> INFO  Starting   policy-manager [18] ...
Sep  4 15:58:58 localhost app-18: [AppBase] <> INFO  Started    policy-manager [18] ...
Sep  6 16:45:14 localhost app-18: [AppBase] <> INFO  Stopping   policy-manager [18] ...
Sep  6 16:45:14 localhost app-18: [AppBase] <> INFO  Stopped    policy-manager [18] ...
Sep  8 09:35:59 localhost app-18: [PolicyManagerApp] <> INFO  Loading Settings...
Sep  8 09:35:59 localhost app-18: [AppBase] <> INFO  Starting   policy-manager [18] ...
Sep  8 09:35:59 localhost app-18: [AppBase] <> INFO  Started    policy-manager [18] ...
Sep  8 11:13:09 localhost app-18: [PolicyManagerApp] <> INFO  Loading Settings...
Sep  8 11:13:09 localhost app-18: [AppBase] <> INFO  Starting   policy-manager [18] ...
Sep  8 11:13:09 localhost app-18: [AppBase] <> INFO  Started    policy-manager [18] ...
Sep  9 18:13:15 localhost app-18: [AppBase] <> INFO  Stopping   policy-manager [18] ...
Sep  9 18:13:15 localhost app-18: [AppBase] <> INFO  Stopped    policy-manager [18] ...
Sep  9 18:19:07 localhost app-18: [PolicyManagerApp] <> INFO  Loading Settings...
Sep  9 18:19:07 localhost app-18: [AppBase] <> INFO  Starting   policy-manager [18] ...
Sep  9 18:19:07 localhost app-18: [AppBase] <> INFO  Started    policy-manager [18] ...
Oct  5 07:02:39 localhost app-18: [PolicyManagerApp] <> INFO  Loading Settings...
Oct  5 07:02:39 localhost app-18: [AppBase] <> INFO  Starting   policy-manager [18] ...
Oct  5 07:02:39 localhost app-18: [AppBase] <> INFO  Started    policy-manager [18] ...
Oct  5 07:41:06 localhost app-18: [PolicyManagerApp] <> INFO  Loading Settings...
Oct  5 07:41:06 localhost app-18: [AppBase] <> INFO  Starting   policy-manager [18] ...
Oct  5 07:41:06 localhost app-18: [AppBase] <> INFO  Started    policy-manager [18] ...
Oct  7 01:01:14 localhost app-18: [AppBase] <> INFO  Stopping   policy-manager [18] ...
Oct  7 01:01:14 localhost app-18: [AppBase] <> INFO  Stopped    policy-manager [18] ...
Oct  7 01:06:51 localhost app-18: [PolicyManagerApp] <> INFO  Loading Settings...
Oct  7 01:06:51 localhost app-18: [AppBase] <> INFO  Starting   policy-manager [18] ...
Oct  7 01:06:51 localhost app-18: [AppBase] <> INFO  Started    policy-manager [18] ...
Oct  7 01:08:08 localhost app-18: [PolicyManagerApp] <> INFO  Loading Settings...
Oct  7 01:08:08 localhost app-18: [AppBase] <> INFO  Starting   policy-manager [18] ...
Oct  7 01:08:08 localhost app-18: [AppBase] <> INFO  Started    policy-manager [18] ...
Oct 30 01:02:34 localhost app-18: [AppBase] <> INFO  Stopping   policy-manager [18] ...
Oct 30 01:02:34 localhost app-18: [AppBase] <> INFO  Stopped    policy-manager [18] ...
Oct 30 01:13:01 localhost app-18: [PolicyManagerApp] <> INFO  Loading Settings...
Oct 30 01:13:01 localhost app-18: [AppBase] <> INFO  Starting   policy-manager [18] ...
Oct 30 01:13:01 localhost app-18: [AppBase] <> INFO  Started    policy-manager [18] ...
Nov 16 01:02:02 localhost app-18: [AppBase] <> INFO  Stopping   policy-manager [18] ...
Nov 16 01:02:02 localhost app-18: [AppBase] <> INFO  Stopped    policy-manager [18] ...
Nov 16 01:11:59 localhost app-18: [PolicyManagerApp] <> INFO  Loading Settings...
Nov 16 01:11:59 localhost app-18: [AppBase] <> INFO  Starting   policy-manager [18] ...
Nov 16 01:11:59 localhost app-18: [AppBase] <> INFO  Started    policy-manager [18] ...
Dec 25 08:52:54 localhost app-18: [AppBase] <> INFO  Stopping   policy-manager [18] ...
Dec 25 08:52:54 localhost app-18: [AppBase] <> INFO  Stopped    policy-manager [18] ...
Jan  5 15:20:47 localhost app-18: [PolicyManagerApp] <> INFO  Loading Settings...
Jan  5 15:20:47 localhost app-18: [AppBase] <> INFO  Starting   policy-manager [18] ...
Jan  5 15:20:47 localhost app-18: [AppBase] <> INFO  Started    policy-manager [18] ...
Jan  5 15:24:11 localhost app-18: [AppBase] <> INFO  Stopping   policy-manager [18] ...
Jan  5 15:24:11 localhost app-18: [AppBase] <> INFO  Stopped    policy-manager [18] ...
Jan  5 15:24:39 localhost app-18: [PolicyManagerApp] <> INFO  Loading Settings...
Jan  5 15:24:39 localhost app-18: [AppBase] <> INFO  Starting   policy-manager [18] ...
Jan  5 15:24:39 localhost app-18: [AppBase] <> INFO  Started    policy-manager [18] ...
