Jun 29 01:11:47 localhost app-2: [FtpAppImpl] <> INFO  Loading settings from /usr/share/untangle/settings/ftp/settings_2.js
Jun 29 01:11:47 localhost app-2: [FtpAppImpl] <> INFO  Loaded settings from /usr/share/untangle/settings/ftp/settings_2.js
Jun 29 01:11:47 localhost app-2: [AppBase] <> INFO  Starting   ftp [2] ...
Jun 29 01:11:47 localhost app-2: [AppBase] <> INFO  Started    ftp [2] ...
Oct 13 01:04:50 localhost app-2: [AppBase] <> INFO  Stopping   ftp [2] ...
Oct 13 01:04:51 localhost app-2: [AppBase] <> INFO  Stopped    ftp [2] ...
Oct 13 01:10:30 localhost app-2: [FtpAppImpl] <> INFO  Loading settings from /usr/share/untangle/settings/ftp/settings_2.js
Oct 13 01:10:30 localhost app-2: [FtpAppImpl] <> INFO  Loaded settings from /usr/share/untangle/settings/ftp/settings_2.js
Oct 13 01:10:30 localhost app-2: [AppBase] <> INFO  Starting   ftp [2] ...
Oct 13 01:10:30 localhost app-2: [AppBase] <> INFO  Started    ftp [2] ...
Dec 27 08:15:55 localhost app-2: [FtpAppImpl] <> INFO  Loading settings from /usr/share/untangle/settings/ftp/settings_2.js
Dec 27 08:15:56 localhost app-2: [FtpAppImpl] <> INFO  Loaded settings from /usr/share/untangle/settings/ftp/settings_2.js
Dec 27 08:15:56 localhost app-2: [AppBase] <> INFO  Starting   ftp [2] ...
Dec 27 08:15:56 localhost app-2: [AppBase] <> INFO  Started    ftp [2] ...
Jan  4 08:49:43 localhost app-2: [FtpAppImpl] <> INFO  Loading settings from /usr/share/untangle/settings/ftp/settings_2.js
Jan  4 08:49:43 localhost app-2: [FtpAppImpl] <> INFO  Loaded settings from /usr/share/untangle/settings/ftp/settings_2.js
Jan  4 08:49:43 localhost app-2: [AppBase] <> INFO  Starting   ftp [2] ...
Jan  4 08:49:43 localhost app-2: [AppBase] <> INFO  Started    ftp [2] ...
Jan  4 10:50:29 localhost app-2: [FtpAppImpl] <> INFO  Loading settings from /usr/share/untangle/settings/ftp/settings_2.js
Jan  4 10:50:29 localhost app-2: [FtpAppImpl] <> INFO  Loaded settings from /usr/share/untangle/settings/ftp/settings_2.js
Jan  4 10:50:29 localhost app-2: [AppBase] <> INFO  Starting   ftp [2] ...
Jan  4 10:50:29 localhost app-2: [AppBase] <> INFO  Started    ftp [2] ...
Jul 19 05:05:26 localhost app-2: [FtpAppImpl] <> INFO  Loading settings from /usr/share/untangle/settings/ftp/settings_2.js
Jul 19 05:05:27 localhost app-2: [FtpAppImpl] <> INFO  Loaded settings from /usr/share/untangle/settings/ftp/settings_2.js
Jul 19 05:05:27 localhost app-2: [AppBase] <> INFO  Starting   ftp [2] ...
Jul 19 05:05:27 localhost app-2: [AppBase] <> INFO  Started    ftp [2] ...
Jan  9 01:03:13 localhost app-2: [AppBase] <> INFO  Stopping   ftp [2] ...
Jan  9 01:03:13 localhost app-2: [AppBase] <> INFO  Stopped    ftp [2] ...
Jan  9 01:05:19 localhost app-2: [FtpAppImpl] <> INFO  Loading settings from /usr/share/untangle/settings/ftp/settings_2.js
Jan  9 01:05:19 localhost app-2: [FtpAppImpl] <> INFO  Loaded settings from /usr/share/untangle/settings/ftp/settings_2.js
Jan  9 01:05:19 localhost app-2: [AppBase] <> INFO  Starting   ftp [2] ...
Jan  9 01:05:20 localhost app-2: [AppBase] <> INFO  Started    ftp [2] ...
Feb 21 01:02:37 localhost app-2: [AppBase] <> INFO  Stopping   ftp [2] ...
Feb 21 01:02:38 localhost app-2: [AppBase] <> INFO  Stopped    ftp [2] ...
Feb 21 01:04:51 localhost app-2: [FtpAppImpl] <> INFO  Loading settings from /usr/share/untangle/settings/ftp/settings_2.js
Feb 21 01:04:51 localhost app-2: [FtpAppImpl] <> INFO  Loaded settings from /usr/share/untangle/settings/ftp/settings_2.js
Feb 21 01:04:51 localhost app-2: [AppBase] <> INFO  Starting   ftp [2] ...
Feb 21 01:04:51 localhost app-2: [AppBase] <> INFO  Started    ftp [2] ...
Apr 26 01:09:49 localhost app-2: [AppBase] <> INFO  Stopping   ftp [2] ...
Apr 26 01:09:49 localhost app-2: [AppBase] <> INFO  Stopped    ftp [2] ...
Apr 26 01:15:23 localhost app-2: [FtpAppImpl] <> INFO  Loading settings from /usr/share/untangle/settings/ftp/settings_2.js
Apr 26 01:15:24 localhost app-2: [FtpAppImpl] <> INFO  Loaded settings from /usr/share/untangle/settings/ftp/settings_2.js
Apr 26 01:15:24 localhost app-2: [AppBase] <> INFO  Starting   ftp [2] ...
Apr 26 01:15:24 localhost app-2: [AppBase] <> INFO  Started    ftp [2] ...
Aug  5 01:32:45 localhost app-2: [AppBase] <> INFO  Stopping   ftp [2] ...
Aug  5 01:32:45 localhost app-2: [AppBase] <> INFO  Stopped    ftp [2] ...
Aug  5 01:59:43 localhost app-2: [FtpAppImpl] <> INFO  Loading settings from /usr/share/untangle/settings/ftp/settings_2.js
Aug  5 01:59:43 localhost app-2: [FtpAppImpl] <> INFO  Loaded settings from /usr/share/untangle/settings/ftp/settings_2.js
Aug  5 01:59:43 localhost app-2: [AppBase] <> INFO  Starting   ftp [2] ...
Aug  5 01:59:43 localhost app-2: [AppBase] <> INFO  Started    ftp [2] ...
Aug  7 07:06:08 localhost app-2: [FtpAppImpl] <> INFO  Loading settings from /usr/share/untangle/settings/ftp/settings_2.js
Aug  7 07:06:09 localhost app-2: [FtpAppImpl] <> INFO  Loaded settings from /usr/share/untangle/settings/ftp/settings_2.js
Aug  7 07:06:09 localhost app-2: [AppBase] <> INFO  Starting   ftp [2] ...
Aug  7 07:06:09 localhost app-2: [AppBase] <> INFO  Started    ftp [2] ...
Aug 12 01:13:03 localhost app-2: [AppBase] <> INFO  Stopping   ftp [2] ...
Aug 12 01:13:03 localhost app-2: [AppBase] <> INFO  Stopped    ftp [2] ...
Aug 12 01:17:56 localhost app-2: [FtpAppImpl] <> INFO  Loading settings from /usr/share/untangle/settings/ftp/settings_2.js
Aug 12 01:17:56 localhost app-2: [FtpAppImpl] <> INFO  Loaded settings from /usr/share/untangle/settings/ftp/settings_2.js
Aug 12 01:17:56 localhost app-2: [AppBase] <> INFO  Starting   ftp [2] ...
Aug 12 01:17:56 localhost app-2: [AppBase] <> INFO  Started    ftp [2] ...
Aug 28 01:01:49 localhost app-2: [AppBase] <> INFO  Stopping   ftp [2] ...
Aug 28 01:01:49 localhost app-2: [AppBase] <> INFO  Stopped    ftp [2] ...
Aug 28 01:06:50 localhost app-2: [FtpAppImpl] <> INFO  Loading settings from /usr/share/untangle/settings/ftp/settings_2.js
Aug 28 01:06:50 localhost app-2: [FtpAppImpl] <> INFO  Loaded settings from /usr/share/untangle/settings/ftp/settings_2.js
Aug 28 01:06:50 localhost app-2: [AppBase] <> INFO  Starting   ftp [2] ...
Aug 28 01:06:50 localhost app-2: [AppBase] <> INFO  Started    ftp [2] ...
Aug 28 18:15:54 localhost app-2: [FtpAppImpl] <> INFO  Loading settings from /usr/share/untangle/settings/ftp/settings_2.js
Aug 28 18:15:54 localhost app-2: [FtpAppImpl] <> INFO  Loaded settings from /usr/share/untangle/settings/ftp/settings_2.js
Aug 28 18:15:54 localhost app-2: [AppBase] <> INFO  Starting   ftp [2] ...
Aug 28 18:15:54 localhost app-2: [AppBase] <> INFO  Started    ftp [2] ...
Nov 29 13:29:32 localhost app-2: [FtpAppImpl] <> INFO  Loading settings from /usr/share/untangle/settings/ftp/settings_2.js
Nov 29 13:29:33 localhost app-2: [FtpAppImpl] <> INFO  Loaded settings from /usr/share/untangle/settings/ftp/settings_2.js
Nov 29 13:29:33 localhost app-2: [AppBase] <> INFO  Starting   ftp [2] ...
Nov 29 13:29:33 localhost app-2: [AppBase] <> INFO  Started    ftp [2] ...
Dec  8 01:16:44 localhost app-2: [AppBase] <> INFO  Stopping   ftp [2] ...
Dec  8 01:16:44 localhost app-2: [AppBase] <> INFO  Stopped    ftp [2] ...
Dec  8 01:24:03 localhost app-2: [FtpAppImpl] <> INFO  Loading settings from /usr/share/untangle/settings/ftp/settings_2.js
Dec  8 01:24:03 localhost app-2: [FtpAppImpl] <> INFO  Loaded settings from /usr/share/untangle/settings/ftp/settings_2.js
Dec  8 01:24:03 localhost app-2: [AppBase] <> INFO  Starting   ftp [2] ...
Dec  8 01:24:03 localhost app-2: [AppBase] <> INFO  Started    ftp [2] ...
Jan 29 01:03:18 localhost app-2: [AppBase] <> INFO  Stopping   ftp [2] ...
Jan 29 01:03:18 localhost app-2: [AppBase] <> INFO  Stopped    ftp [2] ...
Jan 29 01:09:11 localhost app-2: [FtpAppImpl] <> INFO  Loading settings from /usr/share/untangle/settings/ftp/settings_2.js
Jan 29 01:09:12 localhost app-2: [FtpAppImpl] <> INFO  Loaded settings from /usr/share/untangle/settings/ftp/settings_2.js
Jan 29 01:09:12 localhost app-2: [AppBase] <> INFO  Starting   ftp [2] ...
Jan 29 01:09:12 localhost app-2: [AppBase] <> INFO  Started    ftp [2] ...
Feb  1 15:14:18 localhost app-2: [FtpAppImpl] <> INFO  Loading settings from /usr/share/untangle/settings/ftp/settings_2.js
Feb  1 15:14:18 localhost app-2: [FtpAppImpl] <> INFO  Loaded settings from /usr/share/untangle/settings/ftp/settings_2.js
Feb  1 15:14:18 localhost app-2: [AppBase] <> INFO  Starting   ftp [2] ...
Feb  1 15:14:18 localhost app-2: [AppBase] <> INFO  Started    ftp [2] ...
Mar 20 08:31:10 localhost app-2: [FtpAppImpl] <> INFO  Loading settings from /usr/share/untangle/settings/ftp/settings_2.js
Mar 20 08:31:10 localhost app-2: [FtpAppImpl] <> INFO  Loaded settings from /usr/share/untangle/settings/ftp/settings_2.js
Mar 20 08:31:10 localhost app-2: [AppBase] <> INFO  Starting   ftp [2] ...
Mar 20 08:31:10 localhost app-2: [AppBase] <> INFO  Started    ftp [2] ...
Apr  9 01:15:11 localhost app-2: [AppBase] <> INFO  Stopping   ftp [2] ...
Apr  9 01:15:11 localhost app-2: [AppBase] <> INFO  Stopped    ftp [2] ...
Apr  9 01:20:51 localhost app-2: [FtpAppImpl] <> INFO  Loading settings from /usr/share/untangle/settings/ftp/settings_2.js
Apr  9 01:20:51 localhost app-2: [FtpAppImpl] <> INFO  Loaded settings from /usr/share/untangle/settings/ftp/settings_2.js
Apr  9 01:20:51 localhost app-2: [AppBase] <> INFO  Starting   ftp [2] ...
Apr  9 01:20:51 localhost app-2: [AppBase] <> INFO  Started    ftp [2] ...
Jul 22 01:12:24 localhost app-2: [FtpAppImpl] <> INFO  Loading settings from /usr/share/untangle/settings/ftp/settings_2.js
Jul 22 01:12:24 localhost app-2: [FtpAppImpl] <> INFO  Loaded settings from /usr/share/untangle/settings/ftp/settings_2.js
Jul 22 01:12:24 localhost app-2: [AppBase] <> INFO  Starting   ftp [2] ...
Jul 22 01:12:24 localhost app-2: [AppBase] <> INFO  Started    ftp [2] ...
Aug 20 01:01:26 localhost app-2: [AppBase] <> INFO  Stopping   ftp [2] ...
Aug 20 01:01:27 localhost app-2: [AppBase] <> INFO  Stopped    ftp [2] ...
Aug 20 01:06:17 localhost app-2: [FtpAppImpl] <> INFO  Loading settings from /usr/share/untangle/settings/ftp/settings_2.js
Aug 20 01:06:17 localhost app-2: [FtpAppImpl] <> INFO  Loaded settings from /usr/share/untangle/settings/ftp/settings_2.js
Aug 20 01:06:17 localhost app-2: [AppBase] <> INFO  Starting   ftp [2] ...
Aug 20 01:06:17 localhost app-2: [AppBase] <> INFO  Started    ftp [2] ...
Sep 14 01:01:56 localhost app-2: [AppBase] <> INFO  Stopping   ftp [2] ...
Sep 14 01:01:56 localhost app-2: [AppBase] <> INFO  Stopped    ftp [2] ...
Sep 14 01:06:40 localhost app-2: [FtpAppImpl] <> INFO  Loading settings from /usr/share/untangle/settings/ftp/settings_2.js
Sep 14 01:06:40 localhost app-2: [FtpAppImpl] <> INFO  Loaded settings from /usr/share/untangle/settings/ftp/settings_2.js
Sep 14 01:06:40 localhost app-2: [AppBase] <> INFO  Starting   ftp [2] ...
Sep 14 01:06:40 localhost app-2: [AppBase] <> INFO  Started    ftp [2] ...
Oct  7 15:35:34 localhost app-2: [FtpAppImpl] <> INFO  Loading settings from /usr/share/untangle/settings/ftp/settings_2.js
Oct  7 15:35:35 localhost app-2: [FtpAppImpl] <> INFO  Loaded settings from /usr/share/untangle/settings/ftp/settings_2.js
Oct  7 15:35:35 localhost app-2: [AppBase] <> INFO  Starting   ftp [2] ...
Oct  7 15:35:35 localhost app-2: [AppBase] <> INFO  Started    ftp [2] ...
Mar  6 01:03:11 localhost app-2: [AppBase] <> INFO  Stopping   ftp [2] ...
Mar  6 01:03:13 localhost app-2: [AppBase] <> INFO  Stopped    ftp [2] ...
Mar  6 01:12:30 localhost app-2: [FtpAppImpl] <> INFO  Loading settings from /usr/share/untangle/settings/ftp/settings_2.js
Mar  6 01:12:30 localhost app-2: [FtpAppImpl] <> INFO  Loaded settings from /usr/share/untangle/settings/ftp/settings_2.js
Mar  6 01:12:30 localhost app-2: [AppBase] <> INFO  Starting   ftp [2] ...
Mar  6 01:12:30 localhost app-2: [AppBase] <> INFO  Started    ftp [2] ...
Mar 21 01:01:49 localhost app-2: [AppBase] <> INFO  Stopping   ftp [2] ...
Mar 21 01:01:49 localhost app-2: [AppBase] <> INFO  Stopped    ftp [2] ...
Mar 21 01:04:19 localhost app-2: [FtpAppImpl] <> INFO  Loading settings from /usr/share/untangle/settings/ftp/settings_2.js
Mar 21 01:04:19 localhost app-2: [FtpAppImpl] <> INFO  Loaded settings from /usr/share/untangle/settings/ftp/settings_2.js
Mar 21 01:04:19 localhost app-2: [AppBase] <> INFO  Starting   ftp [2] ...
Mar 21 01:04:19 localhost app-2: [AppBase] <> INFO  Started    ftp [2] ...
May 14 10:48:08 localhost app-2: [FtpAppImpl] <> INFO  Loading settings from /usr/share/untangle/settings/ftp/settings_2.js
May 14 10:48:08 localhost app-2: [FtpAppImpl] <> INFO  Loaded settings from /usr/share/untangle/settings/ftp/settings_2.js
May 14 10:48:08 localhost app-2: [AppBase] <> INFO  Starting   ftp [2] ...
May 14 10:48:08 localhost app-2: [AppBase] <> INFO  Started    ftp [2] ...
Jun 15 01:46:09 localhost app-2: [FtpAppImpl] <> INFO  Loading settings from /usr/share/untangle/settings/ftp/settings_2.js
Jun 15 01:46:09 localhost app-2: [FtpAppImpl] <> INFO  Loaded settings from /usr/share/untangle/settings/ftp/settings_2.js
Jun 15 01:46:09 localhost app-2: [AppBase] <> INFO  Starting   ftp [2] ...
Jun 15 01:46:09 localhost app-2: [AppBase] <> INFO  Started    ftp [2] ...
Jun 24 01:00:43 localhost app-2: [AppBase] <> INFO  Stopping   ftp [2] ...
Jun 24 01:00:44 localhost app-2: [AppBase] <> INFO  Stopped    ftp [2] ...
Jun 24 01:03:04 localhost app-2: [FtpAppImpl] <> INFO  Loading settings from /usr/share/untangle/settings/ftp/settings_2.js
Jun 24 01:03:04 localhost app-2: [FtpAppImpl] <> INFO  Loaded settings from /usr/share/untangle/settings/ftp/settings_2.js
Jun 24 01:03:04 localhost app-2: [AppBase] <> INFO  Starting   ftp [2] ...
Jun 24 01:03:04 localhost app-2: [AppBase] <> INFO  Started    ftp [2] ...
Jul  2 13:53:12 localhost app-2: [AppBase] <> INFO  Stopping   ftp [2] ...
Jul  2 13:53:13 localhost app-2: [AppBase] <> INFO  Stopped    ftp [2] ...
Jul  2 14:37:58 localhost app-2: [FtpAppImpl] <> INFO  Loading settings from /usr/share/untangle/settings/ftp/settings_2.js
Jul  2 14:37:58 localhost app-2: [FtpAppImpl] <> INFO  Loaded settings from /usr/share/untangle/settings/ftp/settings_2.js
Jul  2 14:37:58 localhost app-2: [AppBase] <> INFO  Starting   ftp [2] ...
Jul  2 14:37:58 localhost app-2: [AppBase] <> INFO  Started    ftp [2] ...
Jul  7 16:05:57 localhost app-2: [AppBase] <> INFO  Stopping   ftp [2] ...
Jul  7 16:05:57 localhost app-2: [AppBase] <> INFO  Stopped    ftp [2] ...
Jul  7 18:06:01 localhost app-2: [FtpAppImpl] <> INFO  Loading settings from /usr/share/untangle/settings/ftp/settings_2.js
Jul  7 18:06:01 localhost app-2: [FtpAppImpl] <> INFO  Loaded settings from /usr/share/untangle/settings/ftp/settings_2.js
Jul  7 18:06:01 localhost app-2: [AppBase] <> INFO  Starting   ftp [2] ...
Jul  7 18:06:01 localhost app-2: [AppBase] <> INFO  Started    ftp [2] ...
Jul 12 10:09:55 localhost app-2: [AppBase] <> INFO  Stopping   ftp [2] ...
Jul 12 10:09:55 localhost app-2: [AppBase] <> INFO  Stopped    ftp [2] ...
Jul 13 09:17:29 localhost app-2: [FtpAppImpl] <> INFO  Loading settings from /usr/share/untangle/settings/ftp/settings_2.js
Jul 13 09:17:29 localhost app-2: [FtpAppImpl] <> INFO  Loaded settings from /usr/share/untangle/settings/ftp/settings_2.js
Jul 13 09:17:29 localhost app-2: [AppBase] <> INFO  Starting   ftp [2] ...
Jul 13 09:17:29 localhost app-2: [AppBase] <> INFO  Started    ftp [2] ...
Aug 30 01:01:58 localhost app-2: [AppBase] <> INFO  Stopping   ftp [2] ...
Aug 30 01:01:58 localhost app-2: [AppBase] <> INFO  Stopped    ftp [2] ...
Aug 30 01:07:00 localhost app-2: [FtpAppImpl] <> INFO  Loading settings from /usr/share/untangle/settings/ftp/settings_2.js
Aug 30 01:07:00 localhost app-2: [FtpAppImpl] <> INFO  Loaded settings from /usr/share/untangle/settings/ftp/settings_2.js
Aug 30 01:07:00 localhost app-2: [AppBase] <> INFO  Starting   ftp [2] ...
Aug 30 01:07:00 localhost app-2: [AppBase] <> INFO  Started    ftp [2] ...
Aug 30 23:16:32 localhost app-2: [AppBase] <> INFO  Stopping   ftp [2] ...
Aug 30 23:16:32 localhost app-2: [AppBase] <> INFO  Stopped    ftp [2] ...
Sep  4 15:58:53 localhost app-2: [FtpAppImpl] <> INFO  Loading settings from /usr/share/untangle/settings/ftp/settings_2.js
Sep  4 15:58:53 localhost app-2: [FtpAppImpl] <> INFO  Loaded settings from /usr/share/untangle/settings/ftp/settings_2.js
Sep  4 15:58:53 localhost app-2: [AppBase] <> INFO  Starting   ftp [2] ...
Sep  4 15:58:53 localhost app-2: [AppBase] <> INFO  Started    ftp [2] ...
Sep  6 16:45:14 localhost app-2: [AppBase] <> INFO  Stopping   ftp [2] ...
Sep  6 16:45:14 localhost app-2: [AppBase] <> INFO  Stopped    ftp [2] ...
Sep  8 09:35:55 localhost app-2: [FtpAppImpl] <> INFO  Loading settings from /usr/share/untangle/settings/ftp/settings_2.js
Sep  8 09:35:55 localhost app-2: [FtpAppImpl] <> INFO  Loaded settings from /usr/share/untangle/settings/ftp/settings_2.js
Sep  8 09:35:55 localhost app-2: [AppBase] <> INFO  Starting   ftp [2] ...
Sep  8 09:35:55 localhost app-2: [AppBase] <> INFO  Started    ftp [2] ...
Sep  8 11:13:05 localhost app-2: [FtpAppImpl] <> INFO  Loading settings from /usr/share/untangle/settings/ftp/settings_2.js
Sep  8 11:13:05 localhost app-2: [FtpAppImpl] <> INFO  Loaded settings from /usr/share/untangle/settings/ftp/settings_2.js
Sep  8 11:13:05 localhost app-2: [AppBase] <> INFO  Starting   ftp [2] ...
Sep  8 11:13:05 localhost app-2: [AppBase] <> INFO  Started    ftp [2] ...
Sep  9 18:13:15 localhost app-2: [AppBase] <> INFO  Stopping   ftp [2] ...
Sep  9 18:13:15 localhost app-2: [AppBase] <> INFO  Stopped    ftp [2] ...
Sep  9 18:19:03 localhost app-2: [FtpAppImpl] <> INFO  Loading settings from /usr/share/untangle/settings/ftp/settings_2.js
Sep  9 18:19:03 localhost app-2: [FtpAppImpl] <> INFO  Loaded settings from /usr/share/untangle/settings/ftp/settings_2.js
Sep  9 18:19:03 localhost app-2: [AppBase] <> INFO  Starting   ftp [2] ...
Sep  9 18:19:03 localhost app-2: [AppBase] <> INFO  Started    ftp [2] ...
Oct  5 07:02:36 localhost app-2: [FtpAppImpl] <> INFO  Loading settings from /usr/share/untangle/settings/ftp/settings_2.js
Oct  5 07:02:36 localhost app-2: [FtpAppImpl] <> INFO  Loaded settings from /usr/share/untangle/settings/ftp/settings_2.js
Oct  5 07:02:36 localhost app-2: [AppBase] <> INFO  Starting   ftp [2] ...
Oct  5 07:02:36 localhost app-2: [AppBase] <> INFO  Started    ftp [2] ...
Oct  5 07:41:03 localhost app-2: [FtpAppImpl] <> INFO  Loading settings from /usr/share/untangle/settings/ftp/settings_2.js
Oct  5 07:41:04 localhost app-2: [FtpAppImpl] <> INFO  Loaded settings from /usr/share/untangle/settings/ftp/settings_2.js
Oct  5 07:41:04 localhost app-2: [AppBase] <> INFO  Starting   ftp [2] ...
Oct  5 07:41:04 localhost app-2: [AppBase] <> INFO  Started    ftp [2] ...
Oct  7 01:01:14 localhost app-2: [AppBase] <> INFO  Stopping   ftp [2] ...
Oct  7 01:01:14 localhost app-2: [AppBase] <> INFO  Stopped    ftp [2] ...
Oct  7 01:06:47 localhost app-2: [FtpAppImpl] <> INFO  Loading settings from /usr/share/untangle/settings/ftp/settings_2.js
Oct  7 01:06:47 localhost app-2: [FtpAppImpl] <> INFO  Loaded settings from /usr/share/untangle/settings/ftp/settings_2.js
Oct  7 01:06:47 localhost app-2: [AppBase] <> INFO  Starting   ftp [2] ...
Oct  7 01:06:47 localhost app-2: [AppBase] <> INFO  Started    ftp [2] ...
Oct  7 01:08:05 localhost app-2: [FtpAppImpl] <> INFO  Loading settings from /usr/share/untangle/settings/ftp/settings_2.js
Oct  7 01:08:05 localhost app-2: [FtpAppImpl] <> INFO  Loaded settings from /usr/share/untangle/settings/ftp/settings_2.js
Oct  7 01:08:05 localhost app-2: [AppBase] <> INFO  Starting   ftp [2] ...
Oct  7 01:08:05 localhost app-2: [AppBase] <> INFO  Started    ftp [2] ...
Oct 30 01:02:34 localhost app-2: [AppBase] <> INFO  Stopping   ftp [2] ...
Oct 30 01:02:34 localhost app-2: [AppBase] <> INFO  Stopped    ftp [2] ...
Oct 30 01:12:57 localhost app-2: [FtpAppImpl] <> INFO  Loading settings from /usr/share/untangle/settings/ftp/settings_2.js
Oct 30 01:12:57 localhost app-2: [FtpAppImpl] <> INFO  Loaded settings from /usr/share/untangle/settings/ftp/settings_2.js
Oct 30 01:12:57 localhost app-2: [AppBase] <> INFO  Starting   ftp [2] ...
Oct 30 01:12:57 localhost app-2: [AppBase] <> INFO  Started    ftp [2] ...
Nov 16 01:02:02 localhost app-2: [AppBase] <> INFO  Stopping   ftp [2] ...
Nov 16 01:02:02 localhost app-2: [AppBase] <> INFO  Stopped    ftp [2] ...
Nov 16 01:11:55 localhost app-2: [FtpAppImpl] <> INFO  Loading settings from /usr/share/untangle/settings/ftp/settings_2.js
Nov 16 01:11:56 localhost app-2: [FtpAppImpl] <> INFO  Loaded settings from /usr/share/untangle/settings/ftp/settings_2.js
Nov 16 01:11:56 localhost app-2: [AppBase] <> INFO  Starting   ftp [2] ...
Nov 16 01:11:56 localhost app-2: [AppBase] <> INFO  Started    ftp [2] ...
Dec 25 08:52:54 localhost app-2: [AppBase] <> INFO  Stopping   ftp [2] ...
Dec 25 08:52:54 localhost app-2: [AppBase] <> INFO  Stopped    ftp [2] ...
Jan  5 15:20:43 localhost app-2: [FtpAppImpl] <> INFO  Loading settings from /usr/share/untangle/settings/ftp/settings_2.js
Jan  5 15:20:43 localhost app-2: [FtpAppImpl] <> INFO  Loaded settings from /usr/share/untangle/settings/ftp/settings_2.js
Jan  5 15:20:43 localhost app-2: [AppBase] <> INFO  Starting   ftp [2] ...
Jan  5 15:20:43 localhost app-2: [AppBase] <> INFO  Started    ftp [2] ...
Jan  5 15:24:11 localhost app-2: [AppBase] <> INFO  Stopping   ftp [2] ...
Jan  5 15:24:11 localhost app-2: [AppBase] <> INFO  Stopped    ftp [2] ...
Jan  5 15:24:35 localhost app-2: [FtpAppImpl] <> INFO  Loading settings from /usr/share/untangle/settings/ftp/settings_2.js
Jan  5 15:24:35 localhost app-2: [FtpAppImpl] <> INFO  Loaded settings from /usr/share/untangle/settings/ftp/settings_2.js
Jan  5 15:24:35 localhost app-2: [AppBase] <> INFO  Starting   ftp [2] ...
Jan  5 15:24:35 localhost app-2: [AppBase] <> INFO  Started    ftp [2] ...
