Jun 29 01:11:48 localhost app-26: [AppBase] <> INFO  Starting   live-support [26] ...
Jun 29 01:11:48 localhost app-26: [AppBase] <> INFO  Started    live-support [26] ...
Oct 13 01:04:51 localhost app-26: [AppBase] <> INFO  Stopping   live-support [26] ...
Oct 13 01:04:51 localhost app-26: [AppBase] <> INFO  Stopped    live-support [26] ...
Oct 13 01:10:32 localhost app-26: [AppBase] <> INFO  Starting   live-support [26] ...
Oct 13 01:10:32 localhost app-26: [AppBase] <> INFO  Started    live-support [26] ...
Dec 27 08:15:57 localhost app-26: [AppBase] <> INFO  Starting   live-support [26] ...
Dec 27 08:15:57 localhost app-26: [AppBase] <> INFO  Started    live-support [26] ...
Jan  4 08:49:44 localhost app-26: [AppBase] <> INFO  Starting   live-support [26] ...
Jan  4 08:49:44 localhost app-26: [AppBase] <> INFO  Started    live-support [26] ...
Jan  4 10:50:30 localhost app-26: [AppBase] <> INFO  Starting   live-support [26] ...
Jan  4 10:50:30 localhost app-26: [AppBase] <> INFO  Started    live-support [26] ...
Jul 19 05:05:26 localhost app-26: [AppBase] <> INFO  No valid license for: live-support
Jul 19 05:05:26 localhost app-26: [AppBase] <> INFO  Requesting trial for: live-support
Jul 19 05:05:39 localhost app-26: [AppBase] <> WARN  Exception fetching trial license. Ignoring...
Jul 19 05:05:39 localhost app-26:       java.lang.Exception: Unable to fetch trial license: javax.net.ssl.SSLHandshakeException: sun.security.validator.ValidatorException: PKIX path validation failed: java.security.cert.CertPathValidatorException: timestamp check failed
Jul 19 05:05:39 localhost app-26:       com.untangle.app.license.LicenseManagerImpl.requestTrialLicense(LicenseManagerImpl.java:433)
Jul 19 05:05:39 localhost app-26:       com.untangle.uvm.app.AppBase.init(AppBase.java:568)
Jul 19 05:05:39 localhost app-26:       com.untangle.uvm.app.AppBase.resumeState(AppBase.java:168)
Jul 19 05:05:39 localhost app-26:       com.untangle.uvm.app.AppBase.loadClass(AppBase.java:269)
Jul 19 05:05:39 localhost app-26:       com.untangle.uvm.AppManagerImpl$3.run(AppManagerImpl.java:799)
Jul 19 05:05:39 localhost app-26:       com.untangle.uvm.UvmContextImpl$1.run(UvmContextImpl.java:384)
Jul 19 05:05:39 localhost app-26:       java.lang.Thread.run(Thread.java:748)
Jul 19 05:05:39 localhost app-26: [AppBase] <> INFO  Starting   live-support [26] ...
Jul 19 05:05:39 localhost app-26: [AppBase] <> INFO  Started    live-support [26] ...
Jan  9 01:03:13 localhost app-26: [AppBase] <> INFO  Stopping   live-support [26] ...
Jan  9 01:03:13 localhost app-26: [AppBase] <> INFO  Stopped    live-support [26] ...
Jan  9 01:05:20 localhost app-26: [AppBase] <> INFO  Starting   live-support [26] ...
Jan  9 01:05:20 localhost app-26: [AppBase] <> INFO  Started    live-support [26] ...
Feb 21 01:02:37 localhost app-26: [AppBase] <> INFO  Stopping   live-support [26] ...
Feb 21 01:02:37 localhost app-26: [AppBase] <> INFO  Stopped    live-support [26] ...
Feb 21 01:04:52 localhost app-26: [AppBase] <> INFO  Starting   live-support [26] ...
Feb 21 01:04:52 localhost app-26: [AppBase] <> INFO  Started    live-support [26] ...
Apr 26 01:09:49 localhost app-26: [AppBase] <> INFO  Stopping   live-support [26] ...
Apr 26 01:09:49 localhost app-26: [AppBase] <> INFO  Stopped    live-support [26] ...
Apr 26 01:15:25 localhost app-26: [AppBase] <> INFO  Starting   live-support [26] ...
Apr 26 01:15:25 localhost app-26: [AppBase] <> INFO  Started    live-support [26] ...
Aug  5 01:32:45 localhost app-26: [AppBase] <> INFO  Stopping   live-support [26] ...
Aug  5 01:32:45 localhost app-26: [AppBase] <> INFO  Stopped    live-support [26] ...
Aug  5 01:59:43 localhost app-26: [AppBase] <> INFO  Starting   live-support [26] ...
Aug  5 01:59:43 localhost app-26: [AppBase] <> INFO  Started    live-support [26] ...
Aug  7 07:06:09 localhost app-26: [AppBase] <> INFO  Starting   live-support [26] ...
Aug  7 07:06:09 localhost app-26: [AppBase] <> INFO  Started    live-support [26] ...
Aug 12 01:13:03 localhost app-26: [AppBase] <> INFO  Stopping   live-support [26] ...
Aug 12 01:13:03 localhost app-26: [AppBase] <> INFO  Stopped    live-support [26] ...
Aug 12 01:17:57 localhost app-26: [AppBase] <> INFO  Starting   live-support [26] ...
Aug 12 01:17:57 localhost app-26: [AppBase] <> INFO  Started    live-support [26] ...
Aug 28 01:01:49 localhost app-26: [AppBase] <> INFO  Stopping   live-support [26] ...
Aug 28 01:01:49 localhost app-26: [AppBase] <> INFO  Stopped    live-support [26] ...
Aug 28 01:06:51 localhost app-26: [AppBase] <> INFO  Starting   live-support [26] ...
Aug 28 01:06:51 localhost app-26: [AppBase] <> INFO  Started    live-support [26] ...
Aug 28 18:15:55 localhost app-26: [AppBase] <> INFO  Starting   live-support [26] ...
Aug 28 18:15:55 localhost app-26: [AppBase] <> INFO  Started    live-support [26] ...
Nov 29 13:29:33 localhost app-26: [AppBase] <> INFO  Starting   live-support [26] ...
Nov 29 13:29:33 localhost app-26: [AppBase] <> INFO  Started    live-support [26] ...
Dec  8 01:16:44 localhost app-26: [AppBase] <> INFO  Stopping   live-support [26] ...
Dec  8 01:16:44 localhost app-26: [AppBase] <> INFO  Stopped    live-support [26] ...
Dec  8 01:24:05 localhost app-26: [AppBase] <> INFO  Starting   live-support [26] ...
Dec  8 01:24:05 localhost app-26: [AppBase] <> INFO  Started    live-support [26] ...
Jan 29 01:03:18 localhost app-26: [AppBase] <> INFO  Stopping   live-support [26] ...
Jan 29 01:03:18 localhost app-26: [AppBase] <> INFO  Stopped    live-support [26] ...
Jan 29 01:09:13 localhost app-26: [AppBase] <> INFO  Starting   live-support [26] ...
Jan 29 01:09:13 localhost app-26: [AppBase] <> INFO  Started    live-support [26] ...
Feb  1 15:14:19 localhost app-26: [AppBase] <> INFO  Starting   live-support [26] ...
Feb  1 15:14:19 localhost app-26: [AppBase] <> INFO  Started    live-support [26] ...
Mar 20 08:31:10 localhost app-26: [AppBase] <> INFO  Starting   live-support [26] ...
Mar 20 08:31:10 localhost app-26: [AppBase] <> INFO  Started    live-support [26] ...
Apr  9 01:15:11 localhost app-26: [AppBase] <> INFO  Stopping   live-support [26] ...
Apr  9 01:15:11 localhost app-26: [AppBase] <> INFO  Stopped    live-support [26] ...
Apr  9 01:20:53 localhost app-26: [AppBase] <> INFO  Starting   live-support [26] ...
Apr  9 01:20:53 localhost app-26: [AppBase] <> INFO  Started    live-support [26] ...
Jul 22 01:12:25 localhost app-26: [AppBase] <> INFO  Starting   live-support [26] ...
Jul 22 01:12:25 localhost app-26: [AppBase] <> INFO  Started    live-support [26] ...
Aug 20 01:01:27 localhost app-26: [AppBase] <> INFO  Stopping   live-support [26] ...
Aug 20 01:01:27 localhost app-26: [AppBase] <> INFO  Stopped    live-support [26] ...
Aug 20 01:06:18 localhost app-26: [AppBase] <> INFO  Starting   live-support [26] ...
Aug 20 01:06:18 localhost app-26: [AppBase] <> INFO  Started    live-support [26] ...
Sep 14 01:01:56 localhost app-26: [AppBase] <> INFO  Stopping   live-support [26] ...
Sep 14 01:01:56 localhost app-26: [AppBase] <> INFO  Stopped    live-support [26] ...
Sep 14 01:06:41 localhost app-26: [AppBase] <> INFO  Starting   live-support [26] ...
Sep 14 01:06:41 localhost app-26: [AppBase] <> INFO  Started    live-support [26] ...
Oct  7 15:35:36 localhost app-26: [AppBase] <> INFO  Starting   live-support [26] ...
Oct  7 15:35:36 localhost app-26: [AppBase] <> INFO  Started    live-support [26] ...
Mar  6 01:03:11 localhost app-26: [AppBase] <> INFO  Stopping   live-support [26] ...
Mar  6 01:03:11 localhost app-26: [AppBase] <> INFO  Stopped    live-support [26] ...
Mar  6 01:12:32 localhost app-26: [AppBase] <> INFO  Starting   live-support [26] ...
Mar  6 01:12:32 localhost app-26: [AppBase] <> INFO  Started    live-support [26] ...
Mar 21 01:01:49 localhost app-26: [AppBase] <> INFO  Stopping   live-support [26] ...
Mar 21 01:01:49 localhost app-26: [AppBase] <> INFO  Stopped    live-support [26] ...
Mar 21 01:04:21 localhost app-26: [AppBase] <> INFO  Starting   live-support [26] ...
Mar 21 01:04:21 localhost app-26: [AppBase] <> INFO  Started    live-support [26] ...
May 14 10:48:10 localhost app-26: [AppBase] <> INFO  Starting   live-support [26] ...
May 14 10:48:10 localhost app-26: [AppBase] <> INFO  Started    live-support [26] ...
Jun 15 01:46:11 localhost app-26: [AppBase] <> INFO  Starting   live-support [26] ...
Jun 15 01:46:11 localhost app-26: [AppBase] <> INFO  Started    live-support [26] ...
Jun 24 01:00:43 localhost app-26: [AppBase] <> INFO  Stopping   live-support [26] ...
Jun 24 01:00:43 localhost app-26: [AppBase] <> INFO  Stopped    live-support [26] ...
Jun 24 01:03:06 localhost app-26: [AppBase] <> INFO  Starting   live-support [26] ...
Jun 24 01:03:06 localhost app-26: [AppBase] <> INFO  Started    live-support [26] ...
Jul  2 13:53:12 localhost app-26: [AppBase] <> INFO  Stopping   live-support [26] ...
Jul  2 13:53:13 localhost app-26: [AppBase] <> INFO  Stopped    live-support [26] ...
Jul  2 14:38:00 localhost app-26: [AppBase] <> INFO  Starting   live-support [26] ...
Jul  2 14:38:00 localhost app-26: [AppBase] <> INFO  Started    live-support [26] ...
Jul  7 16:05:57 localhost app-26: [AppBase] <> INFO  Stopping   live-support [26] ...
Jul  7 16:05:57 localhost app-26: [AppBase] <> INFO  Stopped    live-support [26] ...
Jul  7 18:06:03 localhost app-26: [AppBase] <> INFO  Starting   live-support [26] ...
Jul  7 18:06:03 localhost app-26: [AppBase] <> INFO  Started    live-support [26] ...
Jul 12 10:09:54 localhost app-26: [AppBase] <> INFO  Stopping   live-support [26] ...
Jul 12 10:09:54 localhost app-26: [AppBase] <> INFO  Stopped    live-support [26] ...
Jul 13 09:17:31 localhost app-26: [AppBase] <> INFO  Starting   live-support [26] ...
Jul 13 09:17:31 localhost app-26: [AppBase] <> INFO  Started    live-support [26] ...
Aug 30 01:01:58 localhost app-26: [AppBase] <> INFO  Stopping   live-support [26] ...
Aug 30 01:01:58 localhost app-26: [AppBase] <> INFO  Stopped    live-support [26] ...
Aug 30 01:07:02 localhost app-26: [AppBase] <> INFO  Starting   live-support [26] ...
Aug 30 01:07:02 localhost app-26: [AppBase] <> INFO  Started    live-support [26] ...
Aug 30 23:16:32 localhost app-26: [AppBase] <> INFO  Stopping   live-support [26] ...
Aug 30 23:16:32 localhost app-26: [AppBase] <> INFO  Stopped    live-support [26] ...
Sep  4 15:58:56 localhost app-26: [AppBase] <> INFO  Starting   live-support [26] ...
Sep  4 15:58:56 localhost app-26: [AppBase] <> INFO  Started    live-support [26] ...
Sep  6 16:45:14 localhost app-26: [AppBase] <> INFO  Stopping   live-support [26] ...
Sep  6 16:45:14 localhost app-26: [AppBase] <> INFO  Stopped    live-support [26] ...
Sep  8 09:35:57 localhost app-26: [AppBase] <> INFO  Starting   live-support [26] ...
Sep  8 09:35:57 localhost app-26: [AppBase] <> INFO  Started    live-support [26] ...
Sep  8 11:13:08 localhost app-26: [AppBase] <> INFO  Starting   live-support [26] ...
Sep  8 11:13:08 localhost app-26: [AppBase] <> INFO  Started    live-support [26] ...
Sep  9 18:13:15 localhost app-26: [AppBase] <> INFO  Stopping   live-support [26] ...
Sep  9 18:13:15 localhost app-26: [AppBase] <> INFO  Stopped    live-support [26] ...
Sep  9 18:19:05 localhost app-26: [AppBase] <> INFO  Starting   live-support [26] ...
Sep  9 18:19:05 localhost app-26: [AppBase] <> INFO  Started    live-support [26] ...
Oct  5 07:02:38 localhost app-26: [AppBase] <> INFO  Starting   live-support [26] ...
Oct  5 07:02:38 localhost app-26: [AppBase] <> INFO  Started    live-support [26] ...
Oct  5 07:41:05 localhost app-26: [AppBase] <> INFO  Starting   live-support [26] ...
Oct  5 07:41:05 localhost app-26: [AppBase] <> INFO  Started    live-support [26] ...
Oct  7 01:01:14 localhost app-26: [AppBase] <> INFO  Stopping   live-support [26] ...
Oct  7 01:01:14 localhost app-26: [AppBase] <> INFO  Stopped    live-support [26] ...
Oct  7 01:06:50 localhost app-26: [AppBase] <> INFO  Starting   live-support [26] ...
Oct  7 01:06:50 localhost app-26: [AppBase] <> INFO  Started    live-support [26] ...
Oct  7 01:08:06 localhost app-26: [AppBase] <> INFO  Starting   live-support [26] ...
Oct  7 01:08:06 localhost app-26: [AppBase] <> INFO  Started    live-support [26] ...
Oct 30 01:02:34 localhost app-26: [AppBase] <> INFO  Stopping   live-support [26] ...
Oct 30 01:02:34 localhost app-26: [AppBase] <> INFO  Stopped    live-support [26] ...
Oct 30 01:13:00 localhost app-26: [AppBase] <> INFO  Starting   live-support [26] ...
Oct 30 01:13:00 localhost app-26: [AppBase] <> INFO  Started    live-support [26] ...
Nov 16 01:02:02 localhost app-26: [AppBase] <> INFO  Stopping   live-support [26] ...
Nov 16 01:02:02 localhost app-26: [AppBase] <> INFO  Stopped    live-support [26] ...
Nov 16 01:11:57 localhost app-26: [AppBase] <> INFO  Starting   live-support [26] ...
Nov 16 01:11:57 localhost app-26: [AppBase] <> INFO  Started    live-support [26] ...
Dec 25 08:52:54 localhost app-26: [AppBase] <> INFO  Stopping   live-support [26] ...
Dec 25 08:52:54 localhost app-26: [AppBase] <> INFO  Stopped    live-support [26] ...
Jan  5 15:20:45 localhost app-26: [AppBase] <> INFO  Starting   live-support [26] ...
Jan  5 15:20:45 localhost app-26: [AppBase] <> INFO  Started    live-support [26] ...
Jan  5 15:24:11 localhost app-26: [AppBase] <> INFO  Stopping   live-support [26] ...
Jan  5 15:24:11 localhost app-26: [AppBase] <> INFO  Stopped    live-support [26] ...
Jan  5 15:24:38 localhost app-26: [AppBase] <> INFO  Starting   live-support [26] ...
Jan  5 15:24:38 localhost app-26: [AppBase] <> INFO  Started    live-support [26] ...
