Jan 18 14:30:24 localhost app-35: [AppBase] <> INFO  killMatchingSessions()
Jan 18 14:30:24 localhost app-35: [AppBase] <> INFO  No valid license for: virus-blocker
Jan 18 14:30:24 localhost app-35: [AppBase] <> INFO  Requesting trial for: virus-blocker
Jan 18 14:30:31 localhost app-35: [VirusBlockerBaseApp] <> INFO  Loading Settings...
Jan 18 14:30:32 localhost app-35: [AppBase] <> INFO  Starting   virus-blocker [35] ...
Jan 18 14:30:32 localhost app-35: [AppBase] <> INFO  Started    virus-blocker [35] ...
Jan 18 14:30:40 localhost app-35: [VirusBlockerScanner] <> WARN  Unable to query last update.
Jan 18 14:30:40 localhost app-35:       java.net.ConnectException: Connection refused (Connection refused)
Jan 18 14:30:40 localhost app-35:       java.net.PlainSocketImpl.socketConnect(Native Method)
Jan 18 14:30:40 localhost app-35:       java.net.AbstractPlainSocketImpl.doConnect(AbstractPlainSocketImpl.java:350)
Jan 18 14:30:40 localhost app-35:       java.net.AbstractPlainSocketImpl.connectToAddress(AbstractPlainSocketImpl.java:206)
Jan 18 14:30:40 localhost app-35:       java.net.AbstractPlainSocketImpl.connect(AbstractPlainSocketImpl.java:188)
Jan 18 14:30:40 localhost app-35:       java.net.SocksSocketImpl.connect(SocksSocketImpl.java:392)
Jan 18 14:30:40 localhost app-35:       java.net.Socket.connect(Socket.java:589)
Jan 18 14:30:40 localhost app-35:       com.untangle.app.virus_blocker.VirusBlockerScanner.getLastSignatureUpdate(VirusBlockerScanner.java:70)
Jan 18 14:30:40 localhost app-35:       com.untangle.app.virus_blocker.VirusBlockerBaseApp.getLastSignatureUpdate(VirusBlockerBaseApp.java:320)
Jan 18 14:30:40 localhost app-35:       sun.reflect.NativeMethodAccessorImpl.invoke0(Native Method)
Jan 18 14:30:40 localhost app-35:       sun.reflect.NativeMethodAccessorImpl.invoke(NativeMethodAccessorImpl.java:62)
Jan 18 14:30:40 localhost app-35:       sun.reflect.DelegatingMethodAccessorImpl.invoke(DelegatingMethodAccessorImpl.java:43)
Jan 18 14:30:40 localhost app-35:       java.lang.reflect.Method.invoke(Method.java:498)
Jan 18 14:30:40 localhost app-35:       org.jabsorb.JSONRPCBridge.call(JSONRPCBridge.java:665)
Jan 18 14:30:40 localhost app-35:       org.jabsorb.JSONRPCServlet.service(JSONRPCServlet.java:274)
Jan 18 14:30:40 localhost app-35:       com.untangle.uvm.admin.jabsorb.UtJsonRpcServlet.service(UtJsonRpcServlet.java:119)
Jan 18 14:30:40 localhost app-35:       javax.servlet.http.HttpServlet.service(HttpServlet.java:729)
Jan 18 14:30:40 localhost app-35:       org.apache.catalina.core.ApplicationFilterChain.internalDoFilter(ApplicationFilterChain.java:292)
Jan 18 14:30:40 localhost app-35:       org.apache.catalina.core.ApplicationFilterChain.doFilter(ApplicationFilterChain.java:207)
Jan 18 14:30:40 localhost app-35:       org.apache.catalina.filters.CorsFilter.handleNonCORS(CorsFilter.java:436)
Jan 18 14:30:40 localhost app-35:       org.apache.catalina.filters.CorsFilter.doFilter(CorsFilter.java:177)
Jan 18 14:30:40 localhost app-35:       org.apache.catalina.core.ApplicationFilterChain.internalDoFilter(ApplicationFilterChain.java:240)
Jan 18 14:30:40 localhost app-35:       org.apache.catalina.core.ApplicationFilterChain.doFilter(ApplicationFilterChain.java:207)
Jan 18 14:30:40 localhost app-35:       org.apache.catalina.core.StandardWrapperValve.invoke(StandardWrapperValve.java:212)
Jan 18 14:30:40 localhost app-35:       org.apache.catalina.core.StandardContextValve.invoke(StandardContextValve.java:106)
Jan 18 14:30:40 localhost app-35:       com.untangle.uvm.TomcatManagerImpl$AdministrationValve.invoke(TomcatManagerImpl.java:506)
Jan 18 14:30:40 localhost app-35:       org.apache.catalina.core.StandardHostValve.invoke(StandardHostValve.java:141)
Jan 18 14:30:40 localhost app-35:       org.apache.catalina.valves.ErrorReportValve.invoke(ErrorReportValve.java:79)
Jan 18 14:30:40 localhost app-35:       org.apache.catalina.core.StandardEngineValve.invoke(StandardEngineValve.java:88)
Jan 18 14:30:40 localhost app-35:       org.apache.catalina.connector.CoyoteAdapter.service(CoyoteAdapter.java:522)
Jan 18 14:30:40 localhost app-35:       org.apache.coyote.ajp.AbstractAjpProcessor.process(AbstractAjpProcessor.java:868)
Jan 18 14:30:40 localhost app-35:       org.apache.coyote.AbstractProtocol$AbstractConnectionHandler.process(AbstractProtocol.java:672)
Jan 18 14:30:40 localhost app-35:       org.apache.tomcat.util.net.NioEndpoint$SocketProcessor.doRun(NioEndpoint.java:1500)
Jan 18 14:30:40 localhost app-35:       org.apache.tomcat.util.net.NioEndpoint$SocketProcessor.run(NioEndpoint.java:1456)
Jan 18 14:30:40 localhost app-35:       java.util.concurrent.ThreadPoolExecutor.runWorker(ThreadPoolExecutor.java:1149)
Jan 18 14:30:40 localhost app-35:       java.util.concurrent.ThreadPoolExecutor$Worker.run(ThreadPoolExecutor.java:624)
Jan 18 14:30:40 localhost app-35:       org.apache.tomcat.util.threads.TaskThread$WrappingRunnable.run(TaskThread.java:61)
Jan 18 14:30:40 localhost app-35:       java.lang.Thread.run(Thread.java:748)
Jan 18 14:31:19 localhost app-35: [AppBase] <> INFO  Stopping   virus-blocker [35] ...
Jan 18 14:31:19 localhost app-35: [AppBase] <> INFO  Stopped    virus-blocker [35] ...
Jan 18 14:31:23 localhost app-35: [VirusBlockerScanner] <> WARN  Unable to query last update.
Jan 18 14:31:23 localhost app-35:       java.net.ConnectException: Connection refused (Connection refused)
Jan 18 14:31:23 localhost app-35:       java.net.PlainSocketImpl.socketConnect(Native Method)
Jan 18 14:31:23 localhost app-35:       java.net.AbstractPlainSocketImpl.doConnect(AbstractPlainSocketImpl.java:350)
Jan 18 14:31:23 localhost app-35:       java.net.AbstractPlainSocketImpl.connectToAddress(AbstractPlainSocketImpl.java:206)
Jan 18 14:31:23 localhost app-35:       java.net.AbstractPlainSocketImpl.connect(AbstractPlainSocketImpl.java:188)
Jan 18 14:31:23 localhost app-35:       java.net.SocksSocketImpl.connect(SocksSocketImpl.java:392)
Jan 18 14:31:23 localhost app-35:       java.net.Socket.connect(Socket.java:589)
Jan 18 14:31:23 localhost app-35:       com.untangle.app.virus_blocker.VirusBlockerScanner.getLastSignatureUpdate(VirusBlockerScanner.java:70)
Jan 18 14:31:23 localhost app-35:       com.untangle.app.virus_blocker.VirusBlockerBaseApp.getLastSignatureUpdate(VirusBlockerBaseApp.java:320)
Jan 18 14:31:23 localhost app-35:       sun.reflect.NativeMethodAccessorImpl.invoke0(Native Method)
Jan 18 14:31:23 localhost app-35:       sun.reflect.NativeMethodAccessorImpl.invoke(NativeMethodAccessorImpl.java:62)
Jan 18 14:31:23 localhost app-35:       sun.reflect.DelegatingMethodAccessorImpl.invoke(DelegatingMethodAccessorImpl.java:43)
Jan 18 14:31:23 localhost app-35:       java.lang.reflect.Method.invoke(Method.java:498)
Jan 18 14:31:23 localhost app-35:       org.jabsorb.JSONRPCBridge.call(JSONRPCBridge.java:665)
Jan 18 14:31:23 localhost app-35:       org.jabsorb.JSONRPCServlet.service(JSONRPCServlet.java:274)
Jan 18 14:31:23 localhost app-35:       com.untangle.uvm.admin.jabsorb.UtJsonRpcServlet.service(UtJsonRpcServlet.java:119)
Jan 18 14:31:23 localhost app-35:       javax.servlet.http.HttpServlet.service(HttpServlet.java:729)
Jan 18 14:31:23 localhost app-35:       org.apache.catalina.core.ApplicationFilterChain.internalDoFilter(ApplicationFilterChain.java:292)
Jan 18 14:31:23 localhost app-35:       org.apache.catalina.core.ApplicationFilterChain.doFilter(ApplicationFilterChain.java:207)
Jan 18 14:31:23 localhost app-35:       org.apache.catalina.filters.CorsFilter.handleNonCORS(CorsFilter.java:436)
Jan 18 14:31:23 localhost app-35:       org.apache.catalina.filters.CorsFilter.doFilter(CorsFilter.java:177)
Jan 18 14:31:23 localhost app-35:       org.apache.catalina.core.ApplicationFilterChain.internalDoFilter(ApplicationFilterChain.java:240)
Jan 18 14:31:23 localhost app-35:       org.apache.catalina.core.ApplicationFilterChain.doFilter(ApplicationFilterChain.java:207)
Jan 18 14:31:23 localhost app-35:       org.apache.catalina.core.StandardWrapperValve.invoke(StandardWrapperValve.java:212)
Jan 18 14:31:23 localhost app-35:       org.apache.catalina.core.StandardContextValve.invoke(StandardContextValve.java:106)
Jan 18 14:31:23 localhost app-35:       com.untangle.uvm.TomcatManagerImpl$AdministrationValve.invoke(TomcatManagerImpl.java:506)
Jan 18 14:31:23 localhost app-35:       org.apache.catalina.core.StandardHostValve.invoke(StandardHostValve.java:141)
Jan 18 14:31:23 localhost app-35:       org.apache.catalina.valves.ErrorReportValve.invoke(ErrorReportValve.java:79)
Jan 18 14:31:23 localhost app-35:       org.apache.catalina.core.StandardEngineValve.invoke(StandardEngineValve.java:88)
Jan 18 14:31:23 localhost app-35:       org.apache.catalina.connector.CoyoteAdapter.service(CoyoteAdapter.java:522)
Jan 18 14:31:23 localhost app-35:       org.apache.coyote.ajp.AbstractAjpProcessor.process(AbstractAjpProcessor.java:868)
Jan 18 14:31:23 localhost app-35:       org.apache.coyote.AbstractProtocol$AbstractConnectionHandler.process(AbstractProtocol.java:672)
Jan 18 14:31:23 localhost app-35:       org.apache.tomcat.util.net.NioEndpoint$SocketProcessor.doRun(NioEndpoint.java:1500)
Jan 18 14:31:23 localhost app-35:       org.apache.tomcat.util.net.NioEndpoint$SocketProcessor.run(NioEndpoint.java:1456)
Jan 18 14:31:23 localhost app-35:       java.util.concurrent.ThreadPoolExecutor.runWorker(ThreadPoolExecutor.java:1149)
Jan 18 14:31:23 localhost app-35:       java.util.concurrent.ThreadPoolExecutor$Worker.run(ThreadPoolExecutor.java:624)
Jan 18 14:31:23 localhost app-35:       org.apache.tomcat.util.threads.TaskThread$WrappingRunnable.run(TaskThread.java:61)
Jan 18 14:31:23 localhost app-35:       java.lang.Thread.run(Thread.java:748)
Jan 18 14:31:27 localhost app-35: [AppBase] <> INFO  Destroying virus-blocker [35] ...
Jan 18 14:31:27 localhost app-35: [AppBase] <> INFO  Destroyed  virus-blocker [35] ...
