Jun 29 01:11:47 localhost app-3: [ShieldApp] <> INFO  Loading Settings...
Jun 29 01:11:47 localhost app-3: [AppBase] <> INFO  Starting   shield [3] ...
Jun 29 01:11:47 localhost app-3: [AppBase] <> INFO  Started    shield [3] ...
Oct 13 01:04:50 localhost app-3: [AppBase] <> INFO  Stopping   shield [3] ...
Oct 13 01:04:50 localhost app-3: [AppBase] <> INFO  Stopped    shield [3] ...
Oct 13 01:10:30 localhost app-3: [ShieldApp] <> INFO  Loading Settings...
Oct 13 01:10:30 localhost app-3: [AppBase] <> INFO  Starting   shield [3] ...
Oct 13 01:10:30 localhost app-3: [AppBase] <> INFO  Started    shield [3] ...
Dec 27 08:15:55 localhost app-3: [ShieldApp] <> INFO  Loading Settings...
Dec 27 08:15:55 localhost app-3: [AppBase] <> INFO  Starting   shield [3] ...
Dec 27 08:15:55 localhost app-3: [AppBase] <> INFO  Started    shield [3] ...
Jan  4 08:49:43 localhost app-3: [ShieldApp] <> INFO  Loading Settings...
Jan  4 08:49:43 localhost app-3: [AppBase] <> INFO  Starting   shield [3] ...
Jan  4 08:49:43 localhost app-3: [AppBase] <> INFO  Started    shield [3] ...
Jan  4 10:50:29 localhost app-3: [ShieldApp] <> INFO  Loading Settings...
Jan  4 10:50:29 localhost app-3: [AppBase] <> INFO  Starting   shield [3] ...
Jan  4 10:50:29 localhost app-3: [AppBase] <> INFO  Started    shield [3] ...
Jul 19 05:05:25 localhost app-3: [ShieldApp] <> INFO  Loading Settings...
Jul 19 05:05:25 localhost app-3: [AppBase] <> INFO  Starting   shield [3] ...
Jul 19 05:05:25 localhost app-3: [AppBase] <> INFO  Started    shield [3] ...
Jan  9 01:03:13 localhost app-3: [AppBase] <> INFO  Stopping   shield [3] ...
Jan  9 01:03:13 localhost app-3: [AppBase] <> INFO  Stopped    shield [3] ...
Jan  9 01:05:19 localhost app-3: [ShieldApp] <> INFO  Loading Settings...
Jan  9 01:05:19 localhost app-3: [AppBase] <> INFO  Starting   shield [3] ...
Jan  9 01:05:19 localhost app-3: [AppBase] <> INFO  Started    shield [3] ...
Feb 21 01:02:37 localhost app-3: [AppBase] <> INFO  Stopping   shield [3] ...
Feb 21 01:02:37 localhost app-3: [AppBase] <> INFO  Stopped    shield [3] ...
Feb 21 01:04:51 localhost app-3: [ShieldApp] <> INFO  Loading Settings...
Feb 21 01:04:51 localhost app-3: [AppBase] <> INFO  Starting   shield [3] ...
Feb 21 01:04:51 localhost app-3: [AppBase] <> INFO  Started    shield [3] ...
Apr 26 01:09:49 localhost app-3: [AppBase] <> INFO  Stopping   shield [3] ...
Apr 26 01:09:49 localhost app-3: [AppBase] <> INFO  Stopped    shield [3] ...
Apr 26 01:15:23 localhost app-3: [ShieldApp] <> INFO  Loading Settings...
Apr 26 01:15:23 localhost app-3: [AppBase] <> INFO  Starting   shield [3] ...
Apr 26 01:15:23 localhost app-3: [AppBase] <> INFO  Started    shield [3] ...
Aug  5 01:32:45 localhost app-3: [AppBase] <> INFO  Stopping   shield [3] ...
Aug  5 01:32:45 localhost app-3: [AppBase] <> INFO  Stopped    shield [3] ...
Aug  5 01:59:42 localhost app-3: [ShieldApp] <> INFO  Loading Settings...
Aug  5 01:59:42 localhost app-3: [ShieldApp] <> WARN  Settings file newer than rules files, Syncing...
Aug  5 01:59:45 localhost app-3: [ShieldApp] <> INFO  Sync Settings: Syncing /usr/share/untangle/settings/shield/settings_3.js to system...
Aug  5 01:59:45 localhost app-3: [ShieldApp] <> INFO  Sync Settings: Wrote /etc/untangle/iptables-rules.d/600-shield
Aug  5 01:59:46 localhost app-3: [ShieldApp] <> INFO  /etc/untangle/iptables-rules.d/600-shield: 
Aug  5 01:59:46 localhost app-3: [AppBase] <> INFO  Starting   shield [3] ...
Aug  5 01:59:46 localhost app-3: [AppBase] <> INFO  Started    shield [3] ...
Aug  7 07:06:08 localhost app-3: [ShieldApp] <> INFO  Loading Settings...
Aug  7 07:06:08 localhost app-3: [AppBase] <> INFO  Starting   shield [3] ...
Aug  7 07:06:08 localhost app-3: [AppBase] <> INFO  Started    shield [3] ...
Aug 12 01:13:03 localhost app-3: [AppBase] <> INFO  Stopping   shield [3] ...
Aug 12 01:13:03 localhost app-3: [AppBase] <> INFO  Stopped    shield [3] ...
Aug 12 01:17:55 localhost app-3: [ShieldApp] <> INFO  Loading Settings...
Aug 12 01:17:55 localhost app-3: [AppBase] <> INFO  Starting   shield [3] ...
Aug 12 01:17:55 localhost app-3: [AppBase] <> INFO  Started    shield [3] ...
Aug 28 01:01:49 localhost app-3: [AppBase] <> INFO  Stopping   shield [3] ...
Aug 28 01:01:49 localhost app-3: [AppBase] <> INFO  Stopped    shield [3] ...
Aug 28 01:06:50 localhost app-3: [ShieldApp] <> INFO  Loading Settings...
Aug 28 01:06:50 localhost app-3: [AppBase] <> INFO  Starting   shield [3] ...
Aug 28 01:06:50 localhost app-3: [AppBase] <> INFO  Started    shield [3] ...
Aug 28 18:15:54 localhost app-3: [ShieldApp] <> INFO  Loading Settings...
Aug 28 18:15:54 localhost app-3: [AppBase] <> INFO  Starting   shield [3] ...
Aug 28 18:15:54 localhost app-3: [AppBase] <> INFO  Started    shield [3] ...
Nov 29 13:29:32 localhost app-3: [ShieldApp] <> INFO  Loading Settings...
Nov 29 13:29:32 localhost app-3: [AppBase] <> INFO  Starting   shield [3] ...
Nov 29 13:29:32 localhost app-3: [AppBase] <> INFO  Started    shield [3] ...
Dec  8 01:16:43 localhost app-3: [AppBase] <> INFO  Stopping   shield [3] ...
Dec  8 01:16:43 localhost app-3: [AppBase] <> INFO  Stopped    shield [3] ...
Dec  8 01:24:03 localhost app-3: [ShieldApp] <> INFO  Loading Settings...
Dec  8 01:24:03 localhost app-3: [AppBase] <> INFO  Starting   shield [3] ...
Dec  8 01:24:03 localhost app-3: [AppBase] <> INFO  Started    shield [3] ...
Jan 29 01:03:18 localhost app-3: [AppBase] <> INFO  Stopping   shield [3] ...
Jan 29 01:03:18 localhost app-3: [AppBase] <> INFO  Stopped    shield [3] ...
Jan 29 01:09:11 localhost app-3: [ShieldApp] <> INFO  Loading Settings...
Jan 29 01:09:11 localhost app-3: [AppBase] <> INFO  Starting   shield [3] ...
Jan 29 01:09:11 localhost app-3: [AppBase] <> INFO  Started    shield [3] ...
Feb  1 15:14:18 localhost app-3: [ShieldApp] <> INFO  Loading Settings...
Feb  1 15:14:18 localhost app-3: [AppBase] <> INFO  Starting   shield [3] ...
Feb  1 15:14:18 localhost app-3: [AppBase] <> INFO  Started    shield [3] ...
Mar 20 08:31:09 localhost app-3: [ShieldApp] <> INFO  Loading Settings...
Mar 20 08:31:09 localhost app-3: [AppBase] <> INFO  Starting   shield [3] ...
Mar 20 08:31:09 localhost app-3: [AppBase] <> INFO  Started    shield [3] ...
Apr  9 01:15:11 localhost app-3: [AppBase] <> INFO  Stopping   shield [3] ...
Apr  9 01:15:11 localhost app-3: [AppBase] <> INFO  Stopped    shield [3] ...
Apr  9 01:20:51 localhost app-3: [ShieldApp] <> INFO  Loading Settings...
Apr  9 01:20:51 localhost app-3: [AppBase] <> INFO  Starting   shield [3] ...
Apr  9 01:20:51 localhost app-3: [AppBase] <> INFO  Started    shield [3] ...
Jul 22 01:12:24 localhost app-3: [ShieldApp] <> INFO  Loading Settings...
Jul 22 01:12:24 localhost app-3: [AppBase] <> INFO  Starting   shield [3] ...
Jul 22 01:12:24 localhost app-3: [AppBase] <> INFO  Started    shield [3] ...
Aug 20 01:01:26 localhost app-3: [AppBase] <> INFO  Stopping   shield [3] ...
Aug 20 01:01:26 localhost app-3: [AppBase] <> INFO  Stopped    shield [3] ...
Aug 20 01:06:17 localhost app-3: [ShieldApp] <> INFO  Loading Settings...
Aug 20 01:06:17 localhost app-3: [AppBase] <> INFO  Starting   shield [3] ...
Aug 20 01:06:17 localhost app-3: [AppBase] <> INFO  Started    shield [3] ...
Sep 14 01:01:56 localhost app-3: [AppBase] <> INFO  Stopping   shield [3] ...
Sep 14 01:01:56 localhost app-3: [AppBase] <> INFO  Stopped    shield [3] ...
Sep 14 01:06:40 localhost app-3: [ShieldApp] <> INFO  Loading Settings...
Sep 14 01:06:40 localhost app-3: [AppBase] <> INFO  Starting   shield [3] ...
Sep 14 01:06:40 localhost app-3: [AppBase] <> INFO  Started    shield [3] ...
Oct  7 15:35:34 localhost app-3: [ShieldApp] <> INFO  Loading Settings...
Oct  7 15:35:34 localhost app-3: [AppBase] <> INFO  Starting   shield [3] ...
Oct  7 15:35:34 localhost app-3: [AppBase] <> INFO  Started    shield [3] ...
Mar  6 01:03:11 localhost app-3: [AppBase] <> INFO  Stopping   shield [3] ...
Mar  6 01:03:11 localhost app-3: [AppBase] <> INFO  Stopped    shield [3] ...
Mar  6 01:12:30 localhost app-3: [ShieldApp] <> INFO  Loading Settings...
Mar  6 01:12:30 localhost app-3: [AppBase] <> INFO  Starting   shield [3] ...
Mar  6 01:12:30 localhost app-3: [AppBase] <> INFO  Started    shield [3] ...
Mar 21 01:01:49 localhost app-3: [AppBase] <> INFO  Stopping   shield [3] ...
Mar 21 01:01:49 localhost app-3: [AppBase] <> INFO  Stopped    shield [3] ...
Mar 21 01:04:19 localhost app-3: [ShieldApp] <> INFO  Loading Settings...
Mar 21 01:04:19 localhost app-3: [AppBase] <> INFO  Starting   shield [3] ...
Mar 21 01:04:19 localhost app-3: [AppBase] <> INFO  Started    shield [3] ...
May 14 10:48:08 localhost app-3: [ShieldApp] <> INFO  Loading Settings...
May 14 10:48:08 localhost app-3: [AppBase] <> INFO  Starting   shield [3] ...
May 14 10:48:08 localhost app-3: [AppBase] <> INFO  Started    shield [3] ...
Jun 15 01:46:09 localhost app-3: [ShieldApp] <> INFO  Loading Settings...
Jun 15 01:46:09 localhost app-3: [AppBase] <> INFO  Starting   shield [3] ...
Jun 15 01:46:09 localhost app-3: [AppBase] <> INFO  Started    shield [3] ...
Jun 24 01:00:43 localhost app-3: [AppBase] <> INFO  Stopping   shield [3] ...
Jun 24 01:00:44 localhost app-3: [AppBase] <> INFO  Stopped    shield [3] ...
Jun 24 01:03:04 localhost app-3: [ShieldApp] <> INFO  Loading Settings...
Jun 24 01:03:04 localhost app-3: [AppBase] <> INFO  Starting   shield [3] ...
Jun 24 01:03:04 localhost app-3: [AppBase] <> INFO  Started    shield [3] ...
Jul  2 13:53:12 localhost app-3: [AppBase] <> INFO  Stopping   shield [3] ...
Jul  2 13:53:13 localhost app-3: [AppBase] <> INFO  Stopped    shield [3] ...
Jul  2 14:37:58 localhost app-3: [ShieldApp] <> INFO  Loading Settings...
Jul  2 14:37:58 localhost app-3: [AppBase] <> INFO  Starting   shield [3] ...
Jul  2 14:37:58 localhost app-3: [AppBase] <> INFO  Started    shield [3] ...
Jul  7 16:05:57 localhost app-3: [AppBase] <> INFO  Stopping   shield [3] ...
Jul  7 16:05:57 localhost app-3: [AppBase] <> INFO  Stopped    shield [3] ...
Jul  7 18:06:01 localhost app-3: [ShieldApp] <> INFO  Loading Settings...
Jul  7 18:06:01 localhost app-3: [AppBase] <> INFO  Starting   shield [3] ...
Jul  7 18:06:01 localhost app-3: [AppBase] <> INFO  Started    shield [3] ...
Jul 12 10:09:55 localhost app-3: [AppBase] <> INFO  Stopping   shield [3] ...
Jul 12 10:09:55 localhost app-3: [AppBase] <> INFO  Stopped    shield [3] ...
Jul 13 09:17:29 localhost app-3: [ShieldApp] <> INFO  Loading Settings...
Jul 13 09:17:29 localhost app-3: [AppBase] <> INFO  Starting   shield [3] ...
Jul 13 09:17:29 localhost app-3: [AppBase] <> INFO  Started    shield [3] ...
Aug 30 01:01:58 localhost app-3: [AppBase] <> INFO  Stopping   shield [3] ...
Aug 30 01:01:58 localhost app-3: [AppBase] <> INFO  Stopped    shield [3] ...
Aug 30 01:07:00 localhost app-3: [ShieldApp] <> INFO  Loading Settings...
Aug 30 01:07:00 localhost app-3: [AppBase] <> INFO  Starting   shield [3] ...
Aug 30 01:07:00 localhost app-3: [AppBase] <> INFO  Started    shield [3] ...
Aug 30 23:16:32 localhost app-3: [AppBase] <> INFO  Stopping   shield [3] ...
Aug 30 23:16:32 localhost app-3: [AppBase] <> INFO  Stopped    shield [3] ...
Sep  4 15:58:53 localhost app-3: [ShieldApp] <> INFO  Loading Settings...
Sep  4 15:58:53 localhost app-3: [AppBase] <> INFO  Starting   shield [3] ...
Sep  4 15:58:53 localhost app-3: [AppBase] <> INFO  Started    shield [3] ...
Sep  6 16:45:14 localhost app-3: [AppBase] <> INFO  Stopping   shield [3] ...
Sep  6 16:45:14 localhost app-3: [AppBase] <> INFO  Stopped    shield [3] ...
Sep  8 09:35:55 localhost app-3: [ShieldApp] <> INFO  Loading Settings...
Sep  8 09:35:55 localhost app-3: [AppBase] <> INFO  Starting   shield [3] ...
Sep  8 09:35:55 localhost app-3: [AppBase] <> INFO  Started    shield [3] ...
Sep  8 11:13:05 localhost app-3: [ShieldApp] <> INFO  Loading Settings...
Sep  8 11:13:05 localhost app-3: [AppBase] <> INFO  Starting   shield [3] ...
Sep  8 11:13:05 localhost app-3: [AppBase] <> INFO  Started    shield [3] ...
Sep  9 18:13:15 localhost app-3: [AppBase] <> INFO  Stopping   shield [3] ...
Sep  9 18:13:15 localhost app-3: [AppBase] <> INFO  Stopped    shield [3] ...
Sep  9 18:19:03 localhost app-3: [ShieldApp] <> INFO  Loading Settings...
Sep  9 18:19:03 localhost app-3: [AppBase] <> INFO  Starting   shield [3] ...
Sep  9 18:19:03 localhost app-3: [AppBase] <> INFO  Started    shield [3] ...
Oct  5 07:02:36 localhost app-3: [ShieldApp] <> INFO  Loading Settings...
Oct  5 07:02:36 localhost app-3: [AppBase] <> INFO  Starting   shield [3] ...
Oct  5 07:02:36 localhost app-3: [AppBase] <> INFO  Started    shield [3] ...
Oct  5 07:41:03 localhost app-3: [ShieldApp] <> INFO  Loading Settings...
Oct  5 07:41:03 localhost app-3: [AppBase] <> INFO  Starting   shield [3] ...
Oct  5 07:41:03 localhost app-3: [AppBase] <> INFO  Started    shield [3] ...
Oct  7 01:01:14 localhost app-3: [AppBase] <> INFO  Stopping   shield [3] ...
Oct  7 01:01:14 localhost app-3: [AppBase] <> INFO  Stopped    shield [3] ...
Oct  7 01:06:47 localhost app-3: [ShieldApp] <> INFO  Loading Settings...
Oct  7 01:06:47 localhost app-3: [AppBase] <> INFO  Starting   shield [3] ...
Oct  7 01:06:47 localhost app-3: [AppBase] <> INFO  Started    shield [3] ...
Oct  7 01:08:05 localhost app-3: [ShieldApp] <> INFO  Loading Settings...
Oct  7 01:08:05 localhost app-3: [AppBase] <> INFO  Starting   shield [3] ...
Oct  7 01:08:05 localhost app-3: [AppBase] <> INFO  Started    shield [3] ...
Oct 30 01:02:34 localhost app-3: [AppBase] <> INFO  Stopping   shield [3] ...
Oct 30 01:02:34 localhost app-3: [AppBase] <> INFO  Stopped    shield [3] ...
Oct 30 01:12:57 localhost app-3: [ShieldApp] <> INFO  Loading Settings...
Oct 30 01:12:57 localhost app-3: [AppBase] <> INFO  Starting   shield [3] ...
Oct 30 01:12:57 localhost app-3: [AppBase] <> INFO  Started    shield [3] ...
Nov 16 01:02:02 localhost app-3: [AppBase] <> INFO  Stopping   shield [3] ...
Nov 16 01:02:02 localhost app-3: [AppBase] <> INFO  Stopped    shield [3] ...
Nov 16 01:11:55 localhost app-3: [ShieldApp] <> INFO  Loading Settings...
Nov 16 01:11:55 localhost app-3: [AppBase] <> INFO  Starting   shield [3] ...
Nov 16 01:11:55 localhost app-3: [AppBase] <> INFO  Started    shield [3] ...
Dec 25 08:52:54 localhost app-3: [AppBase] <> INFO  Stopping   shield [3] ...
Dec 25 08:52:54 localhost app-3: [AppBase] <> INFO  Stopped    shield [3] ...
Jan  5 15:20:43 localhost app-3: [ShieldApp] <> INFO  Loading Settings...
Jan  5 15:20:43 localhost app-3: [AppBase] <> INFO  Starting   shield [3] ...
Jan  5 15:20:43 localhost app-3: [AppBase] <> INFO  Started    shield [3] ...
Jan  5 15:24:11 localhost app-3: [AppBase] <> INFO  Stopping   shield [3] ...
Jan  5 15:24:11 localhost app-3: [AppBase] <> INFO  Stopped    shield [3] ...
Jan  5 15:24:35 localhost app-3: [ShieldApp] <> INFO  Loading Settings...
Jan  5 15:24:35 localhost app-3: [AppBase] <> INFO  Starting   shield [3] ...
Jan  5 15:24:35 localhost app-3: [AppBase] <> INFO  Started    shield [3] ...
