Aug 13 01:31:57 localhost sql_helper[29536] DEBUG: init_engine (reports/engine:112) took 102.5 ms
Aug 13 01:31:57 localhost engine[29536] INFO: create_tables()
Aug 13 01:31:57 localhost engine[29536] INFO: create_tables() for: untangle-vm
Aug 13 01:31:57 localhost sql_helper[29536] DEBUG: __build_admin_logins_table (reports/node/untangle_vm:34) took 36.3 ms
Aug 13 01:31:57 localhost sql_helper[29536] INFO: ALTER TABLE reports.sessions ADD COLUMN application_control_category text
Aug 13 01:31:57 localhost sql_helper[29536] INFO: ALTER TABLE reports.sessions ADD COLUMN entitled boolean
Aug 13 01:31:57 localhost sql_helper[29536] DEBUG: __build_sessions_table (reports/node/untangle_vm:45) took 279.5 ms
Aug 13 01:31:57 localhost sql_helper[29536] INFO: CREATE TABLE reports.device_table_updates
Aug 13 01:31:58 localhost sql_helper[29536] INFO: CREATE INDEX device_table_updates_time_stamp_idx ON reports.device_table_updates(time_stamp)
Aug 13 01:31:58 localhost sql_helper[29536] INFO: CREATE TABLE reports.device_table_updates_2016_08_13 (CHECK (time_stamp >= '2016-08-13 00:00:00.00' AND time_stamp < '2016-08-14 00:00:00.00')) INHERITS (reports.device_table_updates)
Aug 13 01:31:58 localhost sql_helper[29536] INFO: CREATE INDEX device_table_updates_2016_08_13_time_stamp_idx ON reports.device_table_updates_2016_08_13(time_stamp)
Aug 13 01:31:58 localhost sql_helper[29536] INFO: CREATE TABLE reports.device_table_updates_2016_08_14 (CHECK (time_stamp >= '2016-08-14 00:00:00.00' AND time_stamp < '2016-08-15 00:00:00.00')) INHERITS (reports.device_table_updates)
Aug 13 01:31:58 localhost sql_helper[29536] INFO: CREATE INDEX device_table_updates_2016_08_14_time_stamp_idx ON reports.device_table_updates_2016_08_14(time_stamp)
Aug 13 01:31:58 localhost sql_helper[29536] DEBUG: __build_alerts_events_table (reports/node/untangle_vm:138) took 17.0 ms
Aug 13 01:31:58 localhost sql_helper[29536] DEBUG: __build_settings_changes_table (reports/node/untangle_vm:147) took 16.8 ms
Aug 13 01:31:58 localhost engine[29536] INFO: create_tables() for: untangle-node-faild
Aug 13 01:31:58 localhost sql_helper[29536] DEBUG: __create_wan_failover_test_events (reports/node/untangle_node_wan_failover:64) took 19.5 ms
Aug 13 01:31:58 localhost sql_helper[29536] DEBUG: __create_wan_failover_action_events (reports/node/untangle_node_wan_failover:49) took 19.4 ms
Aug 13 01:31:58 localhost engine[29536] INFO: create_tables() for: untangle-casing-smtp
Aug 13 01:31:58 localhost sql_helper[29536] DEBUG: __create_mail_msgs (reports/node/untangle_casing_smtp:102) took 194.9 ms
Aug 13 01:31:58 localhost sql_helper[29536] DEBUG: __create_mail_addrs (reports/node/untangle_casing_smtp:24) took 203.8 ms
Aug 13 01:31:58 localhost engine[29536] INFO: create_tables() for: untangle-node-spam-blocker-lite
Aug 13 01:31:58 localhost sql_helper[29536] DEBUG: __create_smtp_tarpit_events (reports/node/untangle_base_spam_blocker:35) took 16.9 ms
Aug 13 01:31:58 localhost engine[29536] INFO: create_tables() for: untangle-node-application-control-lite
Aug 13 01:31:58 localhost engine[29536] INFO: create_tables() for: untangle-casing-http
Aug 13 01:31:58 localhost sql_helper[29536] INFO: ALTER TABLE reports.http_events ADD COLUMN referer text
Aug 13 01:31:58 localhost sql_helper[29536] DEBUG: __create_http_events (reports/node/untangle_casing_http:18) took 34.5 ms
Aug 13 01:31:58 localhost engine[29536] INFO: create_tables() for: untangle-node-ad-blocker
Aug 13 01:31:58 localhost engine[29536] INFO: create_tables() for: untangle-casing-ftp
Aug 13 01:31:58 localhost sql_helper[29536] DEBUG: __create_ftp_events (reports/node/untangle_casing_ftp:18) took 54.6 ms
Aug 13 01:31:58 localhost engine[29536] INFO: create_tables() for: untangle-node-clam
Aug 13 01:31:58 localhost engine[29536] INFO: create_tables() for: untangle-node-ipsec-vpn
Aug 13 01:31:58 localhost sql_helper[29536] DEBUG: __make_ipsec_user_events_table (reports/node/untangle_node_ipsec_vpn:22) took 16.9 ms
Aug 13 01:31:58 localhost sql_helper[29536] DEBUG: __make_ipsec_tunnel_stats_table (reports/node/untangle_node_ipsec_vpn:39) took 16.8 ms
Aug 13 01:31:58 localhost engine[29536] INFO: create_tables() for: untangle-node-configuration-backup
Aug 13 01:31:58 localhost sql_helper[29536] INFO: ALTER TABLE reports.configuration_backup_events ADD COLUMN destination text
Aug 13 01:31:58 localhost sql_helper[29536] DEBUG: __create_configuration_backup_events (reports/node/untangle_node_configuration_backup:20) took 33.0 ms
Aug 13 01:31:58 localhost engine[29536] INFO: create_tables() for: untangle-node-spam-blocker
Aug 13 01:31:58 localhost sql_helper[29536] DEBUG: __create_smtp_tarpit_events (reports/node/untangle_base_spam_blocker:35) took 17.0 ms
Aug 13 01:31:58 localhost engine[29536] INFO: create_tables() for: untangle-node-captive-portal
Aug 13 01:31:58 localhost sql_helper[29536] INFO: CREATE TABLE reports.captive_portal_user_events
Aug 13 01:31:59 localhost sql_helper[29536] INFO: CREATE INDEX captive_portal_user_events_time_stamp_idx ON reports.captive_portal_user_events(time_stamp)
Aug 13 01:31:59 localhost sql_helper[29536] INFO: CREATE UNIQUE INDEX captive_portal_user_events_event_id_unique_idx ON reports.captive_portal_user_events(event_id)
Aug 13 01:31:59 localhost sql_helper[29536] INFO: CREATE TABLE reports.captive_portal_user_events_2016_08_13 (CHECK (time_stamp >= '2016-08-13 00:00:00.00' AND time_stamp < '2016-08-14 00:00:00.00')) INHERITS (reports.captive_portal_user_events)
Aug 13 01:31:59 localhost sql_helper[29536] INFO: CREATE INDEX captive_portal_user_events_2016_08_13_time_stamp_idx ON reports.captive_portal_user_events_2016_08_13(time_stamp)
Aug 13 01:31:59 localhost sql_helper[29536] INFO: CREATE UNIQUE INDEX captive_portal_user_events_2016_08_13_event_id_unique_idx ON reports.captive_portal_user_events_2016_08_13(event_id)
Aug 13 01:31:59 localhost sql_helper[29536] INFO: CREATE TABLE reports.captive_portal_user_events_2016_08_14 (CHECK (time_stamp >= '2016-08-14 00:00:00.00' AND time_stamp < '2016-08-15 00:00:00.00')) INHERITS (reports.captive_portal_user_events)
Aug 13 01:31:59 localhost sql_helper[29536] INFO: CREATE INDEX captive_portal_user_events_2016_08_14_time_stamp_idx ON reports.captive_portal_user_events_2016_08_14(time_stamp)
Aug 13 01:31:59 localhost sql_helper[29536] INFO: CREATE UNIQUE INDEX captive_portal_user_events_2016_08_14_event_id_unique_idx ON reports.captive_portal_user_events_2016_08_14(event_id)
Aug 13 01:31:59 localhost sql_helper[29536] DEBUG: __make_captive_portal_user_events_table (reports/node/untangle_node_captive_portal:24) took 504.8 ms
Aug 13 01:31:59 localhost engine[29536] INFO: create_tables() for: untangle-node-firewall
Aug 13 01:31:59 localhost engine[29536] INFO: create_tables() for: untangle-node-reports
Aug 13 01:31:59 localhost sql_helper[29536] INFO: ALTER TABLE reports.server_events ADD COLUMN active_hosts int4
Aug 13 01:31:59 localhost sql_helper[29536] DEBUG: __create_server_events (reports/node/untangle_server:21) took 31.8 ms
Aug 13 01:31:59 localhost sql_helper[29536] INFO: CREATE TABLE reports.interface_stat_events
Aug 13 01:31:59 localhost sql_helper[29536] INFO: CREATE INDEX interface_stat_events_time_stamp_idx ON reports.interface_stat_events(time_stamp)
Aug 13 01:31:59 localhost sql_helper[29536] INFO: CREATE TABLE reports.interface_stat_events_2016_08_13 (CHECK (time_stamp >= '2016-08-13 00:00:00.00' AND time_stamp < '2016-08-14 00:00:00.00')) INHERITS (reports.interface_stat_events)
Aug 13 01:31:59 localhost sql_helper[29536] INFO: CREATE INDEX interface_stat_events_2016_08_13_time_stamp_idx ON reports.interface_stat_events_2016_08_13(time_stamp)
Aug 13 01:31:59 localhost sql_helper[29536] INFO: CREATE TABLE reports.interface_stat_events_2016_08_14 (CHECK (time_stamp >= '2016-08-14 00:00:00.00' AND time_stamp < '2016-08-15 00:00:00.00')) INHERITS (reports.interface_stat_events)
Aug 13 01:31:59 localhost sql_helper[29536] INFO: CREATE INDEX interface_stat_events_2016_08_14_time_stamp_idx ON reports.interface_stat_events_2016_08_14(time_stamp)
Aug 13 01:31:59 localhost sql_helper[29536] DEBUG: __create_interface_stat_events (reports/node/untangle_server:41) took 203.4 ms
Aug 13 01:31:59 localhost engine[29536] INFO: create_tables() for: untangle-node-web-filter-lite
Aug 13 01:31:59 localhost engine[29536] INFO: create_tables() for: untangle-node-directory-connector
Aug 13 01:31:59 localhost sql_helper[29536] DEBUG: __create_directory_connector_login_events (reports/node/untangle_node_directory_connector:24) took 19.4 ms
Aug 13 01:31:59 localhost engine[29536] INFO: create_tables() for: untangle-node-web-cache
Aug 13 01:31:59 localhost sql_helper[29536] INFO: CREATE TABLE reports.web_cache_stats
Aug 13 01:31:59 localhost sql_helper[29536] INFO: CREATE INDEX web_cache_stats_time_stamp_idx ON reports.web_cache_stats(time_stamp)
Aug 13 01:31:59 localhost sql_helper[29536] INFO: CREATE UNIQUE INDEX web_cache_stats_event_id_unique_idx ON reports.web_cache_stats(event_id)
Aug 13 01:31:59 localhost sql_helper[29536] INFO: CREATE TABLE reports.web_cache_stats_2016_08_13 (CHECK (time_stamp >= '2016-08-13 00:00:00.00' AND time_stamp < '2016-08-14 00:00:00.00')) INHERITS (reports.web_cache_stats)
Aug 13 01:31:59 localhost sql_helper[29536] INFO: CREATE INDEX web_cache_stats_2016_08_13_time_stamp_idx ON reports.web_cache_stats_2016_08_13(time_stamp)
Aug 13 01:31:59 localhost sql_helper[29536] INFO: CREATE UNIQUE INDEX web_cache_stats_2016_08_13_event_id_unique_idx ON reports.web_cache_stats_2016_08_13(event_id)
Aug 13 01:31:59 localhost sql_helper[29536] INFO: CREATE TABLE reports.web_cache_stats_2016_08_14 (CHECK (time_stamp >= '2016-08-14 00:00:00.00' AND time_stamp < '2016-08-15 00:00:00.00')) INHERITS (reports.web_cache_stats)
Aug 13 01:32:00 localhost sql_helper[29536] INFO: CREATE INDEX web_cache_stats_2016_08_14_time_stamp_idx ON reports.web_cache_stats_2016_08_14(time_stamp)
Aug 13 01:32:00 localhost sql_helper[29536] INFO: CREATE UNIQUE INDEX web_cache_stats_2016_08_14_event_id_unique_idx ON reports.web_cache_stats_2016_08_14(event_id)
Aug 13 01:32:00 localhost engine[29536] INFO: create_tables() for: untangle-node-phish-blocker
Aug 13 01:32:00 localhost sql_helper[29536] DEBUG: __create_smtp_tarpit_events (reports/node/untangle_base_spam_blocker:35) took 17.2 ms
Aug 13 01:32:00 localhost engine[29536] INFO: create_tables() for: untangle-node-shield
Aug 13 01:32:00 localhost engine[29536] INFO: create_tables() for: untangle-casing-ssl-inspector
Aug 13 01:32:00 localhost engine[29536] INFO: create_tables() for: untangle-node-policy-manager
Aug 13 01:32:00 localhost engine[29536] INFO: create_tables() for: untangle-node-web-filter
Aug 13 01:32:00 localhost sql_helper[29536] DEBUG: __create_http_query_events (reports/node/untangle_node_web_filter:17) took 16.9 ms
Aug 13 01:32:00 localhost engine[29536] INFO: create_tables() for: untangle-node-virus-blocker
Aug 13 01:32:00 localhost engine[29536] INFO: create_tables() for: untangle-node-wan-balancer
Aug 13 01:32:00 localhost engine[29536] INFO: create_tables() for: untangle-node-bandwidth-control
Aug 13 01:32:00 localhost engine[29536] INFO: create_tables() for: untangle-node-openvpn
Aug 13 01:32:00 localhost sql_helper[29536] DEBUG: __create_openvpn_stats (reports/node/untangle_node_openvpn:25) took 17.0 ms
Aug 13 01:32:00 localhost sql_helper[29536] DEBUG: __create_openvpn_events_table (reports/node/untangle_node_openvpn:41) took 17.0 ms
Aug 13 01:32:00 localhost engine[29536] INFO: create_tables() for: untangle-node-intrusion-prevention
Aug 13 01:32:00 localhost sql_helper[29536] DEBUG: __create_intrusion_prevention_events (reports/node/untangle_node_intrusion_prevention:30) took 19.4 ms
Aug 13 01:32:00 localhost engine[29536] INFO: create_tables() for: untangle-node-application-control
Aug 13 01:32:00 localhost sql_helper[29536] DEBUG: create_tables (reports/engine:116) took 2665.4 ms
Aug 13 01:55:11 localhost sql_helper[1354] DEBUG: init_engine (reports/engine:112) took 14.8 ms
Aug 13 01:55:11 localhost engine[1354] INFO: create_tables()
Aug 13 01:55:11 localhost engine[1354] INFO: create_tables() for: untangle-vm
Aug 13 01:55:11 localhost sql_helper[1354] DEBUG: __build_admin_logins_table (reports/node/untangle_vm:34) took 32.7 ms
Aug 13 01:55:12 localhost sql_helper[1354] DEBUG: __build_sessions_table (reports/node/untangle_vm:45) took 280.7 ms
Aug 13 01:55:12 localhost sql_helper[1354] DEBUG: __build_alerts_events_table (reports/node/untangle_vm:138) took 16.6 ms
Aug 13 01:55:12 localhost sql_helper[1354] DEBUG: __build_settings_changes_table (reports/node/untangle_vm:147) took 17.2 ms
Aug 13 01:55:12 localhost engine[1354] INFO: create_tables() for: untangle-node-faild
Aug 13 01:55:12 localhost sql_helper[1354] DEBUG: __create_wan_failover_test_events (reports/node/untangle_node_wan_failover:64) took 19.3 ms
Aug 13 01:55:12 localhost sql_helper[1354] DEBUG: __create_wan_failover_action_events (reports/node/untangle_node_wan_failover:49) took 19.4 ms
Aug 13 01:55:12 localhost engine[1354] INFO: create_tables() for: untangle-casing-smtp
Aug 13 01:55:12 localhost sql_helper[1354] DEBUG: __create_mail_msgs (reports/node/untangle_casing_smtp:102) took 218.1 ms
Aug 13 01:55:12 localhost sql_helper[1354] DEBUG: __create_mail_addrs (reports/node/untangle_casing_smtp:24) took 227.8 ms
Aug 13 01:55:12 localhost engine[1354] INFO: create_tables() for: untangle-node-spam-blocker-lite
Aug 13 01:55:12 localhost sql_helper[1354] DEBUG: __create_smtp_tarpit_events (reports/node/untangle_base_spam_blocker:35) took 16.6 ms
Aug 13 01:55:12 localhost engine[1354] INFO: create_tables() for: untangle-node-application-control-lite
Aug 13 01:55:12 localhost engine[1354] INFO: create_tables() for: untangle-casing-http
Aug 13 01:55:12 localhost sql_helper[1354] DEBUG: __create_http_events (reports/node/untangle_casing_http:18) took 27.3 ms
Aug 13 01:55:12 localhost engine[1354] INFO: create_tables() for: untangle-node-ad-blocker
Aug 13 01:55:12 localhost engine[1354] INFO: create_tables() for: untangle-casing-ftp
Aug 13 01:55:12 localhost sql_helper[1354] DEBUG: __create_ftp_events (reports/node/untangle_casing_ftp:18) took 59.0 ms
Aug 13 01:55:12 localhost engine[1354] INFO: create_tables() for: untangle-node-clam
Aug 13 01:55:12 localhost engine[1354] INFO: create_tables() for: untangle-node-ipsec-vpn
Aug 13 01:55:12 localhost sql_helper[1354] DEBUG: __make_ipsec_user_events_table (reports/node/untangle_node_ipsec_vpn:22) took 16.5 ms
Aug 13 01:55:12 localhost sql_helper[1354] DEBUG: __make_ipsec_tunnel_stats_table (reports/node/untangle_node_ipsec_vpn:39) took 16.6 ms
Aug 13 01:55:12 localhost engine[1354] INFO: create_tables() for: untangle-node-configuration-backup
Aug 13 01:55:12 localhost sql_helper[1354] DEBUG: __create_configuration_backup_events (reports/node/untangle_node_configuration_backup:20) took 27.4 ms
Aug 13 01:55:12 localhost engine[1354] INFO: create_tables() for: untangle-node-spam-blocker
Aug 13 01:55:12 localhost sql_helper[1354] DEBUG: __create_smtp_tarpit_events (reports/node/untangle_base_spam_blocker:35) took 16.7 ms
Aug 13 01:55:12 localhost engine[1354] INFO: create_tables() for: untangle-node-captive-portal
Aug 13 01:55:13 localhost sql_helper[1354] DEBUG: __make_captive_portal_user_events_table (reports/node/untangle_node_captive_portal:24) took 18.9 ms
Aug 13 01:55:13 localhost engine[1354] INFO: create_tables() for: untangle-node-firewall
Aug 13 01:55:13 localhost engine[1354] INFO: create_tables() for: untangle-node-reports
Aug 13 01:55:13 localhost sql_helper[1354] DEBUG: __create_server_events (reports/node/untangle_server:21) took 27.3 ms
Aug 13 01:55:13 localhost sql_helper[1354] DEBUG: __create_interface_stat_events (reports/node/untangle_server:41) took 16.3 ms
Aug 13 01:55:13 localhost engine[1354] INFO: create_tables() for: untangle-node-web-filter-lite
Aug 13 01:55:13 localhost engine[1354] INFO: create_tables() for: untangle-node-directory-connector
Aug 13 01:55:13 localhost sql_helper[1354] DEBUG: __create_directory_connector_login_events (reports/node/untangle_node_directory_connector:24) took 19.0 ms
Aug 13 01:55:13 localhost engine[1354] INFO: create_tables() for: untangle-node-web-cache
Aug 13 01:55:13 localhost engine[1354] INFO: create_tables() for: untangle-node-phish-blocker
Aug 13 01:55:13 localhost sql_helper[1354] DEBUG: __create_smtp_tarpit_events (reports/node/untangle_base_spam_blocker:35) took 16.7 ms
Aug 13 01:55:13 localhost engine[1354] INFO: create_tables() for: untangle-node-shield
Aug 13 01:55:13 localhost engine[1354] INFO: create_tables() for: untangle-casing-ssl-inspector
Aug 13 01:55:13 localhost engine[1354] INFO: create_tables() for: untangle-node-policy-manager
Aug 13 01:55:13 localhost engine[1354] INFO: create_tables() for: untangle-node-web-filter
Aug 13 01:55:13 localhost sql_helper[1354] DEBUG: __create_http_query_events (reports/node/untangle_node_web_filter:17) took 16.6 ms
Aug 13 01:55:13 localhost engine[1354] INFO: create_tables() for: untangle-node-virus-blocker
Aug 13 01:55:13 localhost engine[1354] INFO: create_tables() for: untangle-node-wan-balancer
Aug 13 01:55:13 localhost engine[1354] INFO: create_tables() for: untangle-node-bandwidth-control
Aug 13 01:55:13 localhost engine[1354] INFO: create_tables() for: untangle-node-openvpn
Aug 13 01:55:13 localhost sql_helper[1354] DEBUG: __create_openvpn_stats (reports/node/untangle_node_openvpn:25) took 16.6 ms
Aug 13 01:55:13 localhost sql_helper[1354] DEBUG: __create_openvpn_events_table (reports/node/untangle_node_openvpn:41) took 16.5 ms
Aug 13 01:55:13 localhost engine[1354] INFO: create_tables() for: untangle-node-intrusion-prevention
Aug 13 01:55:13 localhost sql_helper[1354] DEBUG: __create_intrusion_prevention_events (reports/node/untangle_node_intrusion_prevention:30) took 19.3 ms
Aug 13 01:55:13 localhost engine[1354] INFO: create_tables() for: untangle-node-application-control
Aug 13 01:55:13 localhost sql_helper[1354] DEBUG: create_tables (reports/engine:116) took 1323.3 ms
Aug 13 01:55:13 localhost sql_helper[1356] DEBUG: init_engine (reports/engine:112) took 14.5 ms
Aug 13 01:55:13 localhost engine[1356] INFO: Cleaning reports data for all dates < 2016-07-13 00:00:00.00
Aug 13 01:55:13 localhost engine[1356] INFO: Cleaning data for untangle-vm
Aug 13 01:55:13 localhost sql_helper[1356] INFO: clean_table admin_logins < 2016-07-13 00:00:00.00
Aug 13 01:55:13 localhost sql_helper[1356] DEBUG: DELETE FROM reports.admin_logins WHERE time_stamp < 2016-07-13 00:00:00.00;
Aug 13 01:55:13 localhost sql_helper[1356] INFO: clean_table sessions < 2016-07-13 00:00:00.00
Aug 13 01:55:13 localhost sql_helper[1356] DEBUG: DELETE FROM reports.sessions WHERE time_stamp < 2016-07-13 00:00:00.00;
Aug 13 01:55:14 localhost sql_helper[1356] INFO: clean_table session_counts < 2016-07-13 00:00:00.00
Aug 13 01:55:14 localhost sql_helper[1356] DEBUG: DELETE FROM reports.session_counts WHERE time_stamp < 2016-07-13 00:00:00.00;
Aug 13 01:55:14 localhost sql_helper[1356] INFO: clean_table penaltybox < 2016-07-13 00:00:00.00
Aug 13 01:55:14 localhost sql_helper[1356] DEBUG: DELETE FROM reports.penaltybox WHERE time_stamp < 2016-07-13 00:00:00.00;
Aug 13 01:55:14 localhost sql_helper[1356] INFO: clean_table quotas < 2016-07-13 00:00:00.00
Aug 13 01:55:14 localhost sql_helper[1356] DEBUG: DELETE FROM reports.quotas WHERE time_stamp < 2016-07-13 00:00:00.00;
Aug 13 01:55:14 localhost sql_helper[1356] INFO: clean_table host_table_updates < 2016-07-13 00:00:00.00
Aug 13 01:55:14 localhost sql_helper[1356] DEBUG: DELETE FROM reports.host_table_updates WHERE time_stamp < 2016-07-13 00:00:00.00;
Aug 13 01:55:14 localhost sql_helper[1356] INFO: clean_table device_table_updates < 2016-07-13 00:00:00.00
Aug 13 01:55:15 localhost sql_helper[1356] DEBUG: DELETE FROM reports.device_table_updates WHERE time_stamp < 2016-07-13 00:00:00.00;
Aug 13 01:55:15 localhost sql_helper[1356] INFO: clean_table alerts < 2016-07-13 00:00:00.00
Aug 13 01:55:15 localhost sql_helper[1356] DEBUG: DELETE FROM reports.alerts WHERE time_stamp < 2016-07-13 00:00:00.00;
Aug 13 01:55:15 localhost engine[1356] INFO: Cleaning data for untangle-node-faild
Aug 13 01:55:15 localhost sql_helper[1356] INFO: clean_table wan_failover_test_events < 2016-07-13 00:00:00.00
Aug 13 01:55:15 localhost sql_helper[1356] DEBUG: DELETE FROM reports.wan_failover_test_events WHERE time_stamp < 2016-07-13 00:00:00.00;
Aug 13 01:55:15 localhost sql_helper[1356] INFO: clean_table wan_failover_action_events < 2016-07-13 00:00:00.00
Aug 13 01:55:15 localhost sql_helper[1356] DEBUG: DELETE FROM reports.wan_failover_action_events WHERE time_stamp < 2016-07-13 00:00:00.00;
Aug 13 01:55:15 localhost engine[1356] INFO: Cleaning data for untangle-casing-smtp
Aug 13 01:55:15 localhost sql_helper[1356] INFO: clean_table mail_addrs < 2016-07-13 00:00:00.00
Aug 13 01:55:15 localhost sql_helper[1356] DEBUG: DELETE FROM reports.mail_addrs WHERE time_stamp < 2016-07-13 00:00:00.00;
Aug 13 01:55:15 localhost sql_helper[1356] INFO: clean_table mail_msgs < 2016-07-13 00:00:00.00
Aug 13 01:55:15 localhost sql_helper[1356] DEBUG: DELETE FROM reports.mail_msgs WHERE time_stamp < 2016-07-13 00:00:00.00;
Aug 13 01:55:15 localhost engine[1356] INFO: Cleaning data for untangle-node-spam-blocker-lite
Aug 13 01:55:15 localhost sql_helper[1356] INFO: clean_table smtp_tarpit_events < 2016-07-13 00:00:00.00
Aug 13 01:55:15 localhost sql_helper[1356] DEBUG: DELETE FROM reports.smtp_tarpit_events WHERE time_stamp < 2016-07-13 00:00:00.00;
Aug 13 01:55:15 localhost engine[1356] INFO: Cleaning data for untangle-node-application-control-lite
Aug 13 01:55:15 localhost engine[1356] INFO: Cleaning data for untangle-casing-http
Aug 13 01:55:15 localhost sql_helper[1356] INFO: clean_table http_events < 2016-07-13 00:00:00.00
Aug 13 01:55:15 localhost sql_helper[1356] DEBUG: DELETE FROM reports.http_events WHERE time_stamp < 2016-07-13 00:00:00.00;
Aug 13 01:55:15 localhost engine[1356] INFO: Cleaning data for untangle-node-ad-blocker
Aug 13 01:55:15 localhost engine[1356] INFO: Cleaning data for untangle-casing-ftp
Aug 13 01:55:15 localhost sql_helper[1356] INFO: clean_table ftp_events < 2016-07-13 00:00:00.00
Aug 13 01:55:15 localhost sql_helper[1356] DEBUG: DELETE FROM reports.ftp_events WHERE time_stamp < 2016-07-13 00:00:00.00;
Aug 13 01:55:15 localhost engine[1356] INFO: Cleaning data for untangle-node-clam
Aug 13 01:55:15 localhost engine[1356] INFO: Cleaning data for untangle-node-ipsec-vpn
Aug 13 01:55:15 localhost sql_helper[1356] INFO: clean_table ipsec_user_events < 2016-07-13 00:00:00.00
Aug 13 01:55:15 localhost sql_helper[1356] DEBUG: DELETE FROM reports.ipsec_user_events WHERE time_stamp < 2016-07-13 00:00:00.00;
Aug 13 01:55:15 localhost engine[1356] INFO: Cleaning data for untangle-node-configuration-backup
Aug 13 01:55:15 localhost sql_helper[1356] INFO: clean_table configuration_backup_events < 2016-07-13 00:00:00.00
Aug 13 01:55:15 localhost sql_helper[1356] DEBUG: DELETE FROM reports.configuration_backup_events WHERE time_stamp < 2016-07-13 00:00:00.00;
Aug 13 01:55:15 localhost engine[1356] INFO: Cleaning data for untangle-node-spam-blocker
Aug 13 01:55:15 localhost sql_helper[1356] INFO: clean_table smtp_tarpit_events < 2016-07-13 00:00:00.00
Aug 13 01:55:15 localhost sql_helper[1356] DEBUG: DELETE FROM reports.smtp_tarpit_events WHERE time_stamp < 2016-07-13 00:00:00.00;
Aug 13 01:55:15 localhost engine[1356] INFO: Cleaning data for untangle-node-captive-portal
Aug 13 01:55:15 localhost sql_helper[1356] INFO: clean_table captive_portal_user_events < 2016-07-13 00:00:00.00
Aug 13 01:55:15 localhost sql_helper[1356] DEBUG: DELETE FROM reports.captive_portal_user_events WHERE time_stamp < 2016-07-13 00:00:00.00;
Aug 13 01:55:15 localhost engine[1356] INFO: Cleaning data for untangle-node-firewall
Aug 13 01:55:15 localhost engine[1356] INFO: Cleaning data for untangle-node-reports
Aug 13 01:55:15 localhost sql_helper[1356] INFO: clean_table server_events < 2016-07-13 00:00:00.00
Aug 13 01:55:15 localhost sql_helper[1356] DEBUG: DELETE FROM reports.server_events WHERE time_stamp < 2016-07-13 00:00:00.00;
Aug 13 01:55:15 localhost engine[1356] INFO: Cleaning data for untangle-node-web-filter-lite
Aug 13 01:55:15 localhost engine[1356] INFO: Cleaning data for untangle-node-directory-connector
Aug 13 01:55:15 localhost sql_helper[1356] INFO: clean_table directory_connector_login_events < 2016-07-13 00:00:00.00
Aug 13 01:55:15 localhost sql_helper[1356] DEBUG: DELETE FROM reports.directory_connector_login_events WHERE time_stamp < 2016-07-13 00:00:00.00;
Aug 13 01:55:15 localhost engine[1356] INFO: Cleaning data for untangle-node-web-cache
Aug 13 01:55:15 localhost sql_helper[1356] INFO: clean_table web_cache_stats < 2016-07-13 00:00:00.00
Aug 13 01:55:15 localhost sql_helper[1356] DEBUG: DELETE FROM reports.web_cache_stats WHERE time_stamp < 2016-07-13 00:00:00.00;
Aug 13 01:55:15 localhost engine[1356] INFO: Cleaning data for untangle-node-phish-blocker
Aug 13 01:55:15 localhost sql_helper[1356] INFO: clean_table smtp_tarpit_events < 2016-07-13 00:00:00.00
Aug 13 01:55:15 localhost sql_helper[1356] DEBUG: DELETE FROM reports.smtp_tarpit_events WHERE time_stamp < 2016-07-13 00:00:00.00;
Aug 13 01:55:15 localhost engine[1356] INFO: Cleaning data for untangle-node-shield
Aug 13 01:55:15 localhost engine[1356] INFO: Cleaning data for untangle-casing-ssl-inspector
Aug 13 01:55:15 localhost engine[1356] INFO: Cleaning data for untangle-node-policy-manager
Aug 13 01:55:15 localhost engine[1356] INFO: Cleaning data for untangle-node-web-filter
Aug 13 01:55:15 localhost sql_helper[1356] INFO: clean_table http_query_events < 2016-07-13 00:00:00.00
Aug 13 01:55:15 localhost sql_helper[1356] DEBUG: DELETE FROM reports.http_query_events WHERE time_stamp < 2016-07-13 00:00:00.00;
Aug 13 01:55:15 localhost engine[1356] INFO: Cleaning data for untangle-node-virus-blocker
Aug 13 01:55:15 localhost engine[1356] INFO: Cleaning data for untangle-node-wan-balancer
Aug 13 01:55:15 localhost engine[1356] INFO: Cleaning data for untangle-node-bandwidth-control
Aug 13 01:55:15 localhost engine[1356] INFO: Cleaning data for untangle-node-openvpn
Aug 13 01:55:15 localhost sql_helper[1356] INFO: clean_table openvpn_stats < 2016-07-13 00:00:00.00
Aug 13 01:55:15 localhost sql_helper[1356] DEBUG: DELETE FROM reports.openvpn_stats WHERE time_stamp < 2016-07-13 00:00:00.00;
Aug 13 01:55:15 localhost sql_helper[1356] DEBUG: reports_cleanup (reports/node/untangle_node_openvpn:21) took 54.4 ms
Aug 13 01:55:15 localhost engine[1356] INFO: Cleaning data for untangle-node-intrusion-prevention
Aug 13 01:55:15 localhost engine[1356] INFO: Cleaning data for untangle-node-application-control
Aug 13 01:55:15 localhost sql_helper[1356] DEBUG: reports_cleanup (reports/engine:100) took 2086.7 ms
