Jan  5 15:20:30 localhost  [Main] INFO  Setting up properties...
Jan  5 15:20:30 localhost  [Main] INFO  uvm.home         /usr/share/untangle
Jan  5 15:20:30 localhost  [Main] INFO  uvm.lib.dir      /usr/share/untangle/lib
Jan  5 15:20:30 localhost  [Main] INFO  uvm.log.dir      /var/log/uvm
Jan  5 15:20:30 localhost  [Main] INFO  uvm.web.dir      /usr/share/untangle/web
Jan  5 15:20:30 localhost  [Main] INFO  uvm.conf.dir     /usr/share/untangle/conf
Jan  5 15:20:30 localhost  [Main] INFO  uvm.settings.dir /usr/share/untangle/settings
Jan  5 15:20:30 localhost  [Main] INFO  uvm.skins.dir    /usr/share/untangle/web/skins
Jan  5 15:20:30 localhost  [Main] INFO  Starting uvm...
Jan  5 15:20:32 localhost  [AuthenticationManagerImpl] WARN  getHost:auth-relay.untangle.com
Jan  5 15:20:33 localhost  [HookManagerImpl] INFO  Register hook[uris-settings-change] callback: authentication-manager-uris-settings-change-hook
Jan  5 15:20:33 localhost  [DeviceTableImpl] INFO  Loading devices from file...
Jan  5 15:20:34 localhost  [DeviceTableImpl] INFO  Loaded  devices from file.   (953 entries)
Jan  5 15:20:34 localhost  [HostTableImpl] INFO  Loading hosts from file...
Jan  5 15:20:34 localhost  [HostTableImpl] INFO  Loaded  hosts from file.   (29 entries)
Jan  5 15:20:34 localhost  [HookManagerImpl] INFO  Register hook[host-table-add-tag] callback: host-table-add-tag-hook
Jan  5 15:20:34 localhost  [HookManagerImpl] INFO  Register hook[host-table-resume-tag] callback: host-table-add-tag-hook
Jan  5 15:20:34 localhost  [HookManagerImpl] INFO  Register hook[host-table-remove-tag] callback: host-table-remove-tag-hook
Jan  5 15:20:35 localhost  [UserTableImpl] INFO  Loading users from file...
Jan  5 15:20:35 localhost  [UserTableImpl] INFO  Loaded  users from file.   (0 entries)
Jan  5 15:20:35 localhost  [OemManagerImpl] INFO  OEM: Untangle
Jan  5 15:20:35 localhost  [TomcatManagerImpl] INFO  Catalina Home:/var/lib/uvm
Jan  5 15:20:35 localhost  [TomcatManagerImpl] INFO  Tomcat start/stop threads:4
Jan  5 15:20:36 localhost  [TomcatManagerImpl] INFO  Loading Servlet: /admin
Jan  5 15:20:36 localhost  [TomcatManagerImpl] INFO  Loading Servlet: /setup
Jan  5 15:20:36 localhost  [TomcatManagerImpl] INFO  Loading Servlet: /blockpage
Jan  5 15:20:36 localhost  [TomcatManagerImpl] INFO  Loading Servlet: /gdrive
Jan  5 15:20:37 localhost  [AdminManagerImpl] INFO  Initialized AdminManager
Jan  5 15:20:37 localhost  [ExecManagerImpl] INFO  ExecManager.exec(systemctl is-enabled untangle-pyconnector)
Jan  5 15:20:37 localhost  [ExecManagerImpl] INFO  ExecManager.exec(systemctl is-enabled untangle-pyconnector) = 0 took 77 ms.
Jan  5 15:20:37 localhost  [ExecManagerImpl] INFO  ExecManager.exec(systemctl is-enabled freeradius.service)
Jan  5 15:20:37 localhost  [ExecManagerImpl] INFO  ExecManager.exec(systemctl is-enabled freeradius.service) = 1 took 52 ms.
Jan  5 15:20:37 localhost  [ExecManagerImpl] INFO  ExecManager.exec(systemctl is-enabled winbind.service)
Jan  5 15:20:37 localhost  [ExecManagerImpl] INFO  ExecManager.exec(systemctl is-enabled winbind.service) = 1 took 20 ms.
Jan  5 15:20:37 localhost  [SystemManagerImpl] INFO  Initialized SystemManager
Jan  5 15:20:38 localhost  [ExecManagerImpl] INFO  ExecManager.exec(find /sys/class/net -type l -name 'eth*' | sed -e 's|/sys/class/net/||' | sort -n -k 1.4)
Jan  5 15:20:38 localhost  [ExecManagerImpl] INFO  ExecManager.exec(find /sys/class/net -type l -name 'eth*' | sed -e 's|/sys/class/net/||' | sort -n -k 1.4) = 0 took 17 ms.
Jan  5 15:20:38 localhost  [ExecManagerImpl] INFO  ExecManager.exec(find /sys/class/net -type l -name 'wlan*' | sed -e 's|/sys/class/net/||' | sort -n -k 1.5 )
Jan  5 15:20:38 localhost  [ExecManagerImpl] INFO  ExecManager.exec(find /sys/class/net -type l -name 'wlan*' | sed -e 's|/sys/class/net/||' | sort -n -k 1.5 ) = 0 took 13 ms.
Jan  5 15:20:38 localhost  [NetworkManagerImpl] INFO  Initialized NetworkManager
Jan  5 15:20:39 localhost  [MailSenderImpl] INFO  Initialized MailSender
Jan  5 15:20:39 localhost  [ExecManagerImpl] INFO  ExecManager.exec(/usr/sbin/ipsec rereadsecrets)
Jan  5 15:20:39 localhost  [ExecManagerImpl] INFO  ExecManager.exec(/usr/sbin/ipsec rereadsecrets) = 7 took 14 ms.
Jan  5 15:20:39 localhost  [HookManagerImpl] INFO  Register hook[network-settings-change] callback: local-directory-network-settings-change-hook
Jan  5 15:20:39 localhost  [DashboardManagerImpl] INFO  Initialized DashboardManager
Jan  5 15:20:39 localhost  [NetFilterLogger] INFO  The capture thread is starting.
Jan  5 15:20:39 localhost  [ExecManagerImpl] INFO  ExecManager.exec(openssl x509 -noout -fingerprint -in /etc/apache2/ssl/apache.pem)
Jan  5 15:20:39 localhost  [NetFilterLogger] INFO  The capture thread has connected to the daemon.
Jan  5 15:20:39 localhost  [ExecManagerImpl] INFO  ExecManager.exec(openssl x509 -noout -fingerprint -in /etc/apache2/ssl/apache.pem) = 0 took 203 ms.
Jan  5 15:20:39 localhost  [ExecManagerImpl] INFO  ExecManager.exec(openssl x509 -noout -fingerprint -in /usr/share/untangle/settings/untangle-certificates/apache.pem)
Jan  5 15:20:40 localhost  [ExecManagerImpl] INFO  ExecManager.exec(openssl x509 -noout -fingerprint -in /usr/share/untangle/settings/untangle-certificates/apache.pem) = 0 took 29 ms.
Jan  5 15:20:40 localhost  [GoogleManagerImpl] INFO  Initialized GoogleManager
Jan  5 15:20:40 localhost  [GeographyManagerImpl] INFO  Successfully loaded GeoLite2-City database created Tue Sep 15 12:35:44 ADT 2020
Jan  5 15:20:40 localhost  [HostsFileManagerImpl] INFO  The HostsFileManager has been initialized.
Jan  5 15:20:40 localhost  [HookManagerImpl] INFO  Register hook[network-settings-change] callback: hosts-file-manager-network-settings-change-hook
Jan  5 15:20:41 localhost  [ExecManagerImpl] INFO  ExecManager.exec(systemctl restart rsyslog)
Jan  5 15:20:41 localhost  [ExecManagerImpl] INFO  ExecManager.exec(systemctl restart rsyslog) = 0 took 293 ms.
Jan  5 15:20:41 localhost  [HookManagerImpl] INFO  Register hook[settings-change] callback: event-manager-settings-change-hook
Jan  5 15:20:41 localhost  [Main] INFO  Restarting apps...
Jan  5 15:20:41 localhost  [HookManagerImpl] INFO  Register hook[network-settings-change] callback: mail-sender-network-settings-change-hook
Jan  5 15:20:41 localhost  [AppManagerImpl] INFO  Restarting unloaded apps...
Jan  5 15:20:41 localhost  [HostsFileManagerImpl] INFO  Detected 8 new or modified interface status files. Updating hosts file
Jan  5 15:20:41 localhost  [ExecManagerImpl] INFO  ExecManager.exec(/usr/share/untangle/bin/ut-update-hosts-file burnside.mackaystruckcenter.ca)
Jan  5 15:20:42 localhost  [ExecManagerImpl] INFO  ExecManager.exec(/usr/share/untangle/bin/ut-update-hosts-file burnside.mackaystruckcenter.ca) = 0 took 175 ms.
Jan  5 15:20:42 localhost  [ExecManagerImpl] INFO  ExecManager.exec(killall -HUP dnsmasq)
Jan  5 15:20:42 localhost  [AppManagerImpl] INFO  Loading pass[1]: loadable.size(): 8 unloadedAppsMap.size(): 19 appsBeingLoaded: 0
Jan  5 15:20:42 localhost  [AppManagerImpl] INFO  Loading in this pass[1]: ftp [2]
Jan  5 15:20:42 localhost  [AppManagerImpl] INFO  Loading in this pass[1]: shield [3]
Jan  5 15:20:42 localhost  [AppManagerImpl] INFO  Loading in this pass[1]: license [4]
Jan  5 15:20:42 localhost  [AppManagerImpl] INFO  Loading in this pass[1]: openvpn [36]
Jan  5 15:20:42 localhost  [AppManagerImpl] INFO  Loading in this pass[1]: http [6]
Jan  5 15:20:42 localhost  [AppManagerImpl] INFO  Loading in this pass[1]: smtp [8]
Jan  5 15:20:42 localhost  [AppManagerImpl] INFO  Loading in this pass[1]: firewall [16]
Jan  5 15:20:42 localhost  [AppManagerImpl] INFO  Loading in this pass[1]: reports [17]
Jan  5 15:20:42 localhost  [ExecManagerImpl] INFO  ExecManager.exec(killall -HUP dnsmasq) = 0 took 67 ms.
Jan  5 15:20:42 localhost  [AppManagerImpl] INFO  Restarting: ftp [2]
Jan  5 15:20:42 localhost  [AppManagerImpl] INFO  Restarting: shield [3]
Jan  5 15:20:42 localhost  [AppManagerImpl] INFO  Restarting: license [4]
Jan  5 15:20:42 localhost  [AppManagerImpl] INFO  Restarting: http [6]
Jan  5 15:20:42 localhost  [AppManagerImpl] INFO  Restarting: smtp [8]
Jan  5 15:20:42 localhost  [AppManagerImpl] INFO  Restarting: firewall [16]
Jan  5 15:20:42 localhost  [AppManagerImpl] INFO  Restarting: reports [17]
Jan  5 15:20:42 localhost  [AppManagerImpl] INFO  Restarting: openvpn [36]
Jan  5 15:20:43 localhost  [AppManagerImpl] INFO  Restarted : shield [3] [1.297 seconds]
Jan  5 15:20:43 localhost  [AppManagerImpl] INFO  Restarted : http [6] [1.599 seconds]
Jan  5 15:20:43 localhost  [AppManagerImpl] INFO  Restarted : ftp [2] [1.663 seconds]
Jan  5 15:20:44 localhost  [AppManagerImpl] INFO  Restarted : license [4] [1.88 seconds]
Jan  5 15:20:44 localhost  [AppManagerImpl] INFO  Restarted : firewall [16] [1.943 seconds]
Jan  5 15:20:44 localhost  [AppManagerImpl] INFO  Loading pass[2]: loadable.size(): 6 unloadedAppsMap.size(): 11 appsBeingLoaded: 3 loading: 17 36 8 
Jan  5 15:20:44 localhost  [AppManagerImpl] INFO  Loading in this pass[2]: policy-manager [18]
Jan  5 15:20:44 localhost  [AppManagerImpl] INFO  Loading in this pass[2]: ipsec-vpn [22]
Jan  5 15:20:44 localhost  [AppManagerImpl] INFO  Loading in this pass[2]: configuration-backup [24]
Jan  5 15:20:44 localhost  [AppManagerImpl] INFO  Loading in this pass[2]: branding-manager [25]
Jan  5 15:20:44 localhost  [AppManagerImpl] INFO  Loading in this pass[2]: live-support [26]
Jan  5 15:20:44 localhost  [AppManagerImpl] INFO  Loading in this pass[2]: ad-blocker [27]
Jan  5 15:20:44 localhost  [AppManagerImpl] INFO  Restarting: policy-manager [18]
Jan  5 15:20:44 localhost  [AppManagerImpl] INFO  Restarting: configuration-backup [24]
Jan  5 15:20:44 localhost  [AppManagerImpl] INFO  Restarting: branding-manager [25]
Jan  5 15:20:44 localhost  [AppManagerImpl] INFO  Restarting: ipsec-vpn [22]
Jan  5 15:20:44 localhost  [AppManagerImpl] INFO  Restarting: live-support [26]
Jan  5 15:20:44 localhost  [TomcatManagerImpl] INFO  Loading Servlet: /openvpn
Jan  5 15:20:44 localhost  [AppManagerImpl] INFO  Restarting: ad-blocker [27]
Jan  5 15:20:44 localhost  [AppManagerImpl] INFO  Loading pass[3]: loadable.size(): 3 unloadedAppsMap.size(): 5 appsBeingLoaded: 9 loading: 17 18 36 22 8 24 25 26 27 
Jan  5 15:20:44 localhost  [AppManagerImpl] INFO  Loading in this pass[3]: router [1]
Jan  5 15:20:44 localhost  [AppManagerImpl] INFO  Loading in this pass[3]: web-filter [34]
Jan  5 15:20:44 localhost  [AppManagerImpl] INFO  Loading in this pass[3]: application-control [14]
Jan  5 15:20:44 localhost  [AppManagerImpl] INFO  Restarting: router [1]
Jan  5 15:20:44 localhost  [AppManagerImpl] INFO  Restarting: web-filter [34]
Jan  5 15:20:44 localhost  [AppManagerImpl] INFO  Restarting: application-control [14]
Jan  5 15:20:44 localhost  [AppManagerImpl] INFO  Loading pass[4]: loadable.size(): 1 unloadedAppsMap.size(): 2 appsBeingLoaded: 12 loading: 1 34 36 8 14 17 18 22 24 25 26 27 
Jan  5 15:20:44 localhost  [AppManagerImpl] INFO  Loading in this pass[4]: web-filter [5]
Jan  5 15:20:44 localhost  [ExecManagerImpl] INFO  ExecManager.exec(chmod 755 /etc/untangle/iptables-rules.d/720-openvpn)
Jan  5 15:20:44 localhost  [AppManagerImpl] INFO  Loading pass[5]: loadable.size(): 0 unloadedAppsMap.size(): 1 appsBeingLoaded: 13 loading: 1 34 36 5 8 14 17 18 22 24 25 26 27 
Jan  5 15:20:44 localhost  [AppManagerImpl] INFO  Restarting: web-filter [5]
Jan  5 15:20:44 localhost  [AppManagerImpl] INFO  Loading pass[6]: loadable.size(): 0 unloadedAppsMap.size(): 1 appsBeingLoaded: 13 loading: 1 34 36 5 8 14 17 18 22 24 25 26 27 
Jan  5 15:20:44 localhost  [ExecManagerImpl] INFO  ExecManager.exec(chmod 755 /etc/untangle/iptables-rules.d/720-openvpn) = 0 took 101 ms.
Jan  5 15:20:44 localhost  [ExecManagerImpl] INFO  ExecManager.exec(cp -rf /usr/share/untangle/settings/openvpn/remote-servers/keys /etc/openvpn/)
Jan  5 15:20:44 localhost  [ExecManagerImpl] INFO  ExecManager.exec(cp -rf /usr/share/untangle/settings/openvpn/remote-servers/keys /etc/openvpn/) = 1 took 35 ms.
Jan  5 15:20:44 localhost  [ExecManagerImpl] INFO  ExecManager.exec(/usr/share/untangle/bin/openvpn-start)
Jan  5 15:20:45 localhost  [AppManagerImpl] INFO  Restarted : live-support [26] [1.275 seconds]
Jan  5 15:20:45 localhost  [AppManagerImpl] INFO  Loading pass[7]: loadable.size(): 0 unloadedAppsMap.size(): 1 appsBeingLoaded: 12 loading: 1 34 36 5 8 14 17 18 22 24 25 27 
Jan  5 15:20:45 localhost  [AppManagerImpl] INFO  Restarted : router [1] [1.375 seconds]
Jan  5 15:20:45 localhost  [AppManagerImpl] INFO  Loading pass[8]: loadable.size(): 0 unloadedAppsMap.size(): 1 appsBeingLoaded: 11 loading: 34 36 5 8 14 17 18 22 24 25 27 
Jan  5 15:20:45 localhost  [AppManagerImpl] INFO  Restarted : branding-manager [25] [1.479 seconds]
Jan  5 15:20:45 localhost  [AppManagerImpl] INFO  Loading pass[9]: loadable.size(): 0 unloadedAppsMap.size(): 1 appsBeingLoaded: 10 loading: 34 36 5 8 14 17 18 22 24 27 
Jan  5 15:20:45 localhost  [AppManagerImpl] INFO  Restarted : configuration-backup [24] [1.496 seconds]
Jan  5 15:20:45 localhost  [AppManagerImpl] INFO  Loading pass[10]: loadable.size(): 0 unloadedAppsMap.size(): 1 appsBeingLoaded: 9 loading: 34 36 5 8 14 17 18 22 27 
Jan  5 15:20:47 localhost  [AppManagerImpl] INFO  Restarted : policy-manager [18] [2.938 seconds]
Jan  5 15:20:47 localhost  [AppManagerImpl] INFO  Loading pass[11]: loadable.size(): 0 unloadedAppsMap.size(): 1 appsBeingLoaded: 8 loading: 34 36 5 8 14 17 22 27 
Jan  5 15:20:47 localhost  [TomcatManagerImpl] INFO  Loading Servlet: /quarantine
Jan  5 15:20:47 localhost  [AppManagerImpl] INFO  Restarted : smtp [8] [5.251 seconds]
Jan  5 15:20:47 localhost  [AppManagerImpl] INFO  Loading pass[12]: loadable.size(): 1 unloadedAppsMap.size(): 1 appsBeingLoaded: 7 loading: 34 36 5 14 17 22 27 
Jan  5 15:20:47 localhost  [AppManagerImpl] INFO  Loading in this pass[12]: virus-blocker-lite [9]
Jan  5 15:20:47 localhost  [AppManagerImpl] INFO  Restarting: virus-blocker-lite [9]
Jan  5 15:20:48 localhost  [ExecManagerImpl] INFO  ExecManager.exec(/usr/share/untangle/bin/openvpn-start) = 0 took 3318 ms.
Jan  5 15:20:48 localhost  [ExecManagerImpl] INFO  ExecManager.exec(chmod 755 /etc/untangle/iptables-rules.d/710-ipsec)
Jan  5 15:20:48 localhost  [ExecManagerImpl] INFO  ExecManager.execEvil( systemctl start untangle-bctid )
Jan  5 15:20:48 localhost  [ExecManagerImpl] INFO  ExecManager.exec(chmod 755 /etc/untangle/iptables-rules.d/710-ipsec) = 0 took 68 ms.
Jan  5 15:20:48 localhost  [ExecManagerImpl] INFO  ExecManager.exec(/bin/grep -q com.untangle.node.reports.AlertRule /usr/share/untangle/settings//reports//settings*.js)
Jan  5 15:20:48 localhost  [ExecManagerImpl] INFO  ExecManager.execEvil( systemctl start clamav-daemon )
Jan  5 15:20:48 localhost  [ExecManagerImpl] INFO  ExecManager.execEvil( systemctl restart untangle-bctid )
Jan  5 15:20:48 localhost  [ExecManagerImpl] INFO  ExecManager.execEvil( systemctl start clamav-freshclam )
Jan  5 15:20:48 localhost  [TomcatManagerImpl] INFO  Loading Servlet: /web-filter
Jan  5 15:20:48 localhost  [AppManagerImpl] INFO  Restarted : web-filter [5] [4.521 seconds]
Jan  5 15:20:48 localhost  [AppManagerImpl] INFO  Loading pass[13]: loadable.size(): 0 unloadedAppsMap.size(): 0 appsBeingLoaded: 7 loading: 34 36 9 14 17 22 27 
Jan  5 15:20:48 localhost  [TomcatManagerImpl] INFO  Loading Servlet: /virus
Jan  5 15:20:48 localhost  [AppManagerImpl] INFO  Restarted : virus-blocker-lite [9] [1.3 seconds]
Jan  5 15:20:48 localhost  [AppManagerImpl] INFO  Loading pass[14]: loadable.size(): 0 unloadedAppsMap.size(): 0 appsBeingLoaded: 6 loading: 34 36 14 17 22 27 
Jan  5 15:20:49 localhost  [ExecManagerImpl] INFO  ExecManager.exec(/bin/grep -q com.untangle.node.reports.AlertRule /usr/share/untangle/settings//reports//settings*.js) = 1 took 1017 ms.
Jan  5 15:20:49 localhost  [ExecManagerImpl] INFO  ExecManager.exec(chmod 755 /etc/untangle/iptables-rules.d/711-xauth)
Jan  5 15:20:49 localhost  [ExecManagerImpl] INFO  ExecManager.exec(chmod 755 /etc/untangle/iptables-rules.d/711-xauth) = 0 took 53 ms.
Jan  5 15:20:49 localhost  [ExecManagerImpl] INFO  ExecManager.exec(systemctl daemon-reload)
Jan  5 15:20:50 localhost  [ExecManagerImpl] INFO  ExecManager.exec(systemctl daemon-reload) = 0 took 1454 ms.
Jan  5 15:20:50 localhost  [ExecManagerImpl] INFO  ExecManager.exec(systemctl start openvpn@server.service)
Jan  5 15:20:51 localhost  [ExecManagerImpl] INFO  ExecManager.exec(systemctl start openvpn@server.service) = 0 took 339 ms.
Jan  5 15:20:51 localhost  [ExecManagerImpl] INFO  ExecManager.exec(/etc/untangle/iptables-rules.d/720-openvpn)
Jan  5 15:20:51 localhost  [AppManagerImpl] INFO  Restarted : web-filter [34] [6.904 seconds]
Jan  5 15:20:51 localhost  [AppManagerImpl] INFO  Loading pass[15]: loadable.size(): 0 unloadedAppsMap.size(): 0 appsBeingLoaded: 5 loading: 36 14 17 22 27 
Jan  5 15:20:52 localhost  [ExecManagerImpl] INFO  ExecManager.exec(/etc/untangle/iptables-rules.d/720-openvpn) = 0 took 1382 ms.
Jan  5 15:20:52 localhost  [ExecManagerImpl] INFO  ExecManager.exec(/usr/share/untangle/bin/ipsec-reload)
Jan  5 15:20:52 localhost  [HookManagerImpl] INFO  Register hook[pre-network-settings-change] callback: openvpn-pre-network-settings-change-hook
Jan  5 15:20:52 localhost  [HookManagerImpl] INFO  Register hook[network-settings-change] callback: openvpn-network-settings-change-hook
Jan  5 15:20:52 localhost  [AppManagerImpl] INFO  Restarted : openvpn [36] [10.184 seconds]
Jan  5 15:20:52 localhost  [AppManagerImpl] INFO  Loading pass[16]: loadable.size(): 0 unloadedAppsMap.size(): 0 appsBeingLoaded: 4 loading: 14 17 22 27 
Jan  5 15:20:53 localhost  [ExecManagerImpl] INFO  ExecManager.execEvil( systemctl start untangle-classd )
Jan  5 15:20:54 localhost  [AppManagerImpl] INFO  Restarted : application-control [14] [10.21 seconds]
Jan  5 15:20:54 localhost  [AppManagerImpl] INFO  Loading pass[17]: loadable.size(): 0 unloadedAppsMap.size(): 0 appsBeingLoaded: 3 loading: 17 22 27 
Jan  5 15:20:54 localhost  [ExecManagerImpl] INFO  ExecManager.exec(/usr/share/untangle/bin/ipsec-reload) = 0 took 2298 ms.
Jan  5 15:20:54 localhost  [ExecManagerImpl] INFO  ExecManager.exec(/usr/bin/find /usr/share/untangle/lib -path '*/lib/*/reports/*.json' -print)
Jan  5 15:20:54 localhost  [ExecManagerImpl] INFO  ExecManager.exec(/usr/bin/find /usr/share/untangle/lib -path '*/lib/*/reports/*.json' -print) = 0 took 188 ms.
Jan  5 15:20:54 localhost  [ExecManagerImpl] INFO  ExecManager.exec(ipsec route UT1_New-Tunnel-to-Mackays-Truro)
Jan  5 15:20:55 localhost  [ExecManagerImpl] INFO  ExecManager.exec(ipsec route UT1_New-Tunnel-to-Mackays-Truro) = 7 took 81 ms.
Jan  5 15:20:55 localhost  [ExecManagerImpl] INFO  ExecManager.exec(/etc/untangle/iptables-rules.d/710-ipsec)
Jan  5 15:20:55 localhost  [ExecManagerImpl] INFO  ExecManager.exec(/etc/untangle/iptables-rules.d/710-ipsec) = 0 took 429 ms.
Jan  5 15:20:55 localhost  [ExecManagerImpl] INFO  ExecManager.exec(/etc/untangle/iptables-rules.d/711-xauth)
Jan  5 15:20:55 localhost  [ExecManagerImpl] INFO  ExecManager.exec(/etc/untangle/iptables-rules.d/711-xauth) = 1 took 230 ms.
Jan  5 15:20:55 localhost  [ExecManagerImpl] INFO  ExecManager.exec(/etc/untangle/iptables-rules.d/712-gre)
Jan  5 15:20:55 localhost  [ExecManagerImpl] INFO  ExecManager.exec(/etc/untangle/iptables-rules.d/712-gre) = 0 took 161 ms.
Jan  5 15:20:56 localhost  [HookManagerImpl] INFO  Register hook[pre-network-settings-change] callback: ipsec-vpn-pre-network-settings-change-hook
Jan  5 15:20:56 localhost  [HookManagerImpl] INFO  Register hook[network-settings-change] callback: ipsec-vpn-post-network-settings-change-hook
Jan  5 15:20:56 localhost  [HookManagerImpl] INFO  Register hook[uvm-settings-change] callback: ipsecvpn-uvm-settings-change-hook
Jan  5 15:20:56 localhost  [HookManagerImpl] INFO  Register hook[wan-failover-change] callback: ipsecvpn-wan-failvoer-change-hook
Jan  5 15:20:56 localhost  [ExecManagerImpl] INFO  ExecManager.execEvil( systemctl start xl2tpd )
Jan  5 15:20:57 localhost  [ExecManagerImpl] INFO  ExecManager.execEvil( systemctl start ipsec )
Jan  5 15:20:57 localhost  [ExecManagerImpl] INFO  ExecManager.exec(chmod 755 /etc/untangle/iptables-rules.d/710-ipsec)
Jan  5 15:20:57 localhost  [ExecManagerImpl] INFO  ExecManager.exec(chmod 755 /etc/untangle/iptables-rules.d/710-ipsec) = 0 took 39 ms.
Jan  5 15:20:57 localhost  [ExecManagerImpl] INFO  ExecManager.exec(chmod 755 /etc/untangle/iptables-rules.d/711-xauth)
Jan  5 15:20:57 localhost  [ExecManagerImpl] INFO  ExecManager.exec(chmod 755 /etc/untangle/iptables-rules.d/711-xauth) = 0 took 24 ms.
Jan  5 15:20:57 localhost  [ExecManagerImpl] INFO  ExecManager.exec(/usr/share/untangle/bin/ipsec-reload)
Jan  5 15:20:58 localhost  [AppManagerImpl] INFO  Restarted : ad-blocker [27] [13.757 seconds]
Jan  5 15:20:58 localhost  [AppManagerImpl] INFO  Loading pass[18]: loadable.size(): 0 unloadedAppsMap.size(): 0 appsBeingLoaded: 2 loading: 17 22 
Jan  5 15:20:58 localhost  [ExecManagerImpl] INFO  ExecManager.exec(/usr/share/untangle/bin/ipsec-reload) = 0 took 1719 ms.
Jan  5 15:20:58 localhost  [ExecManagerImpl] INFO  ExecManager.exec(ipsec route UT1_New-Tunnel-to-Mackays-Truro)
Jan  5 15:20:58 localhost  [ExecManagerImpl] INFO  ExecManager.exec(ipsec route UT1_New-Tunnel-to-Mackays-Truro) = 7 took 21 ms.
Jan  5 15:20:58 localhost  [ExecManagerImpl] INFO  ExecManager.exec(/etc/untangle/iptables-rules.d/710-ipsec)
Jan  5 15:20:59 localhost  [ExecManagerImpl] INFO  ExecManager.exec(/etc/untangle/iptables-rules.d/710-ipsec) = 0 took 151 ms.
Jan  5 15:20:59 localhost  [ExecManagerImpl] INFO  ExecManager.exec(/etc/untangle/iptables-rules.d/711-xauth)
Jan  5 15:20:59 localhost  [ExecManagerImpl] INFO  ExecManager.exec(/etc/untangle/iptables-rules.d/711-xauth) = 1 took 71 ms.
Jan  5 15:20:59 localhost  [ExecManagerImpl] INFO  ExecManager.exec(/etc/untangle/iptables-rules.d/712-gre)
Jan  5 15:20:59 localhost  [ExecManagerImpl] INFO  ExecManager.exec(/etc/untangle/iptables-rules.d/712-gre) = 0 took 213 ms.
Jan  5 15:20:59 localhost  [AppManagerImpl] INFO  Restarted : ipsec-vpn [22] [15.341 seconds]
Jan  5 15:20:59 localhost  [AppManagerImpl] INFO  Loading pass[19]: loadable.size(): 0 unloadedAppsMap.size(): 0 appsBeingLoaded: 1 loading: 17 
Jan  5 15:21:06 localhost  [ExecManagerImpl] INFO  ExecManager.exec(rm -f /etc/cron.hourly/reports-cron)
Jan  5 15:21:06 localhost  [ExecManagerImpl] INFO  ExecManager.exec(rm -f /etc/cron.hourly/reports-cron) = 0 took 35 ms.
Jan  5 15:21:06 localhost  [TomcatManagerImpl] INFO  Loading Servlet: /reports
Jan  5 15:21:06 localhost  [ExecManagerImpl] INFO  ExecManager.execEvil( systemctl start postgresql )
Jan  5 15:21:10 localhost  [ExecManagerImpl] INFO  ExecManager.exec(/usr/share/untangle/bin/reports-generate-tables.py -d postgresql)
Jan  5 15:21:37 localhost  [ExecManagerImpl] INFO  ExecManager.exec(/usr/share/untangle/bin/reports-generate-tables.py -d postgresql) = 0 took 26229 ms.
Jan  5 15:21:37 localhost  [AppManagerImpl] INFO  Restarted : reports [17] [54.857 seconds]
Jan  5 15:21:37 localhost  [AppManagerImpl] INFO  Loaded! pass[19]: unloadedAppsMap.size(): 0 appsBeingLoaded: 0
Jan  5 15:21:37 localhost  [AppManagerImpl] INFO  Time to restart apps: 55359 millis
Jan  5 15:21:37 localhost  [AppManagerImpl] INFO  Initialized AppManager
Jan  5 15:21:37 localhost  [TomcatManagerImpl] INFO  Tomcat starting...
Jan  5 15:21:41 localhost  [HostsFileManagerImpl] INFO  Detected 4 new or modified interface status files. Updating hosts file
Jan  5 15:21:41 localhost  [ExecManagerImpl] INFO  ExecManager.exec(/usr/share/untangle/bin/ut-update-hosts-file burnside.mackaystruckcenter.ca)
Jan  5 15:21:42 localhost  [ExecManagerImpl] INFO  ExecManager.exec(/usr/share/untangle/bin/ut-update-hosts-file burnside.mackaystruckcenter.ca) = 0 took 219 ms.
Jan  5 15:21:42 localhost  [ExecManagerImpl] INFO  ExecManager.exec(killall -HUP dnsmasq)
Jan  5 15:21:42 localhost  [ExecManagerImpl] INFO  ExecManager.exec(killall -HUP dnsmasq) = 0 took 30 ms.
Jan  5 15:21:49 localhost  [TomcatManagerImpl] INFO  jkConnector started (maxPostSize = 16777216 bytes)
Jan  5 15:21:49 localhost  [TomcatManagerImpl] INFO  Tomcat started
Jan  5 15:21:49 localhost  [ExecManagerImpl] INFO  ExecManager.exec(systemctl reload apache2)
Jan  5 15:21:50 localhost  [ExecManagerImpl] INFO  ExecManager.exec(systemctl reload apache2) = 0 took 647 ms.
Jan  5 15:21:50 localhost  [ExecManagerImpl] INFO  ExecManager.exec(ln -fs /usr/share/untangle/bin/ut-uvm-update-rules.sh /etc/untangle/iptables-rules.d/800-uvm)
Jan  5 15:21:50 localhost  [ExecManagerImpl] INFO  ExecManager.exec(ln -fs /usr/share/untangle/bin/ut-uvm-update-rules.sh /etc/untangle/iptables-rules.d/800-uvm) = 0 took 11 ms.
Jan  5 15:21:50 localhost  [ExecManagerImpl] INFO  ExecManager.exec(/usr/share/untangle/bin/ut-uvm-update-rules.sh)
Jan  5 15:21:51 localhost  [ExecManagerImpl] INFO  ExecManager.exec(/usr/share/untangle/bin/ut-uvm-update-rules.sh) = 0 took 597 ms.
Jan  5 15:21:51 localhost  [NetworkManagerImpl] INFO  insert rules: 
Jan  5 15:21:51 localhost  [NetworkManagerImpl] INFO  insert rules: [Tue 05 Jan 2021 03:21:50 PM AST] untangle-vm is running. Inserting iptables rules.
Jan  5 15:21:51 localhost  [HookManagerImpl] INFO  Register hook[application-instantiate] callback: netcap-hook-application-instantiate-hook
Jan  5 15:21:51 localhost  [HookManagerImpl] INFO  Register hook[application-destroy] callback: netcap-hook-application-destroy-hook
Jan  5 15:21:51 localhost  [PluginManagerImpl] INFO  Loading   plugin: com.untangle.uvm.ReportsPluginImpl
Jan  5 15:21:51 localhost  [BaseCloudPluginImpl] INFO  Loading Base Cloud Plugin Class Version 1.0.0 for Version 16.0 appliance - UID afdb-4428-1323-3182
Jan  5 15:21:51 localhost  [ReportsPluginImpl] INFO  Loaded class com.untangle.uvm.ReportsPluginImpl Version 1.0.0 for Version 16.0 appliance. UID: afdb-4428-1323-3182
Jan  5 15:21:51 localhost  [PluginManagerImpl] INFO  Loaded    plugin: com.untangle.uvm.ReportsPluginImpl
Jan  5 15:21:51 localhost  [PluginManagerImpl] INFO  Starting  plugin: com.untangle.uvm.ReportsPluginImpl
Jan  5 15:21:51 localhost  [PluginManagerImpl] INFO  Started   plugin: com.untangle.uvm.ReportsPluginImpl Thread[Thread-16,5,main]
Jan  5 15:21:51 localhost  [PluginManagerImpl] INFO  Loading   plugin: com.untangle.uvm.CommandCenterPluginImpl
Jan  5 15:21:51 localhost  [ReportsPluginImpl] INFO  Loading Reports Plugin Version 1.0.0 for Version 16.0 appliance - UID afdb-4428-1323-3182
Jan  5 15:21:51 localhost  [HookManagerImpl] INFO  Register hook[uvm-settings-change] callback: reports-plugin-settings-hook
Jan  5 15:21:51 localhost  [HookManagerImpl] INFO  Register hook[license-change] callback: reports-plugin-license-hook
Jan  5 15:21:51 localhost  [BaseCloudPluginImpl] INFO  Loading Base Cloud Plugin Class Version 1.0.0 for Version 16.0 appliance - UID afdb-4428-1323-3182
Jan  5 15:21:51 localhost  [CommandCenterPluginImpl] INFO  Loaded class com.untangle.uvm.CommandCenterPluginImpl Version 1.0.0 for Version 16.0 appliance. UID: afdb-4428-1323-3182
Jan  5 15:21:51 localhost  [PluginManagerImpl] INFO  Loaded    plugin: com.untangle.uvm.CommandCenterPluginImpl
Jan  5 15:21:51 localhost  [PluginManagerImpl] INFO  Starting  plugin: com.untangle.uvm.CommandCenterPluginImpl
Jan  5 15:21:51 localhost  [PluginManagerImpl] INFO  Started   plugin: com.untangle.uvm.CommandCenterPluginImpl Thread[Thread-18,5,main]
Jan  5 15:21:51 localhost  [PluginManagerImpl] INFO  Loading   plugin: com.untangle.uvm.AlertPluginImpl
Jan  5 15:21:51 localhost  [HookManagerImpl] INFO  Register hook[uvm-settings-change] callback: command-center-plugin-settings-hook
Jan  5 15:21:51 localhost  [HookManagerImpl] INFO  Register hook[license-change] callback: command-center-plugin-license-hook
Jan  5 15:21:51 localhost  [BaseCloudPluginImpl] INFO  Loading Base Cloud Plugin Class Version 1.0.0 for Version 16.0 appliance - UID afdb-4428-1323-3182
Jan  5 15:21:51 localhost  [AlertPluginImpl] INFO  Loaded class com.untangle.uvm.AlertPluginImpl Version 1.0.0 for Version 16.0 appliance. UID: afdb-4428-1323-3182
Jan  5 15:21:51 localhost  [PluginManagerImpl] INFO  Loaded    plugin: com.untangle.uvm.AlertPluginImpl
Jan  5 15:21:51 localhost  [PluginManagerImpl] INFO  Starting  plugin: com.untangle.uvm.AlertPluginImpl
Jan  5 15:21:51 localhost  [PluginManagerImpl] INFO  Started   plugin: com.untangle.uvm.AlertPluginImpl Thread[Thread-20,5,main]
Jan  5 15:21:51 localhost  [PluginManagerImpl] INFO  Loading   plugin: com.untangle.uvm.BasePluginImpl
Jan  5 15:21:51 localhost  [AlertPluginImpl] INFO  Loading Alert Plugin Version 1.0.0 for Version 16.0 appliance - UID afdb-4428-1323-3182
Jan  5 15:21:51 localhost  [HookManagerImpl] INFO  Register hook[reports-event-logged] callback: alert-plugin-alert-hook
Jan  5 15:21:51 localhost  [HookManagerImpl] INFO  Register hook[uvm-settings-change] callback: alert-plugin-settings-hook
Jan  5 15:21:51 localhost  [HookManagerImpl] INFO  Register hook[license-change] callback: alert-plugin-license-hook
Jan  5 15:21:52 localhost  [PluginManagerImpl] INFO  Loaded    plugin: com.untangle.uvm.BasePluginImpl
Jan  5 15:21:52 localhost  [PluginManagerImpl] INFO  Starting  plugin: com.untangle.uvm.BasePluginImpl
Jan  5 15:21:52 localhost  [PluginManagerImpl] INFO  Started   plugin: com.untangle.uvm.BasePluginImpl Thread[Thread-22,5,main]
Jan  5 15:21:52 localhost  [PluginManagerImpl] INFO  Loading   plugin: com.untangle.uvm.BaseCloudPluginImpl
Jan  5 15:21:52 localhost  [BaseCloudPluginImpl] INFO  Loading Base Cloud Plugin Class Version 1.0.0 for Version 16.0 appliance - UID afdb-4428-1323-3182
Jan  5 15:21:52 localhost  [PluginManagerImpl] INFO  Loaded    plugin: com.untangle.uvm.BaseCloudPluginImpl
Jan  5 15:21:52 localhost  [PluginManagerImpl] INFO  Starting  plugin: com.untangle.uvm.BaseCloudPluginImpl
Jan  5 15:21:52 localhost  [PluginManagerImpl] INFO  Started   plugin: com.untangle.uvm.BaseCloudPluginImpl Thread[Thread-23,5,main]
Jan  5 15:21:52 localhost  [HookManagerImpl] INFO  Register hook[application-instantiate] callback: uvmcontext-application-instantiate-hook
Jan  5 15:21:52 localhost  [HookManagerImpl] INFO  Register hook[application-destroy] callback: uvmcontext-application-destroy-hook
Jan  5 15:22:05 localhost  [CertCacheManagerImpl] INFO  CertCache Fetch 52.167.249.196 SubjectDN(CN=settings.data.microsoft.com, O=Microsoft Corporation, L=Redmond, ST=WA, C=US) IssuerDN(CN=Microsoft Azure TLS Issuing CA 06, O=Microsoft Corporation, C=US)
Jan  5 15:24:09 localhost  [Main] INFO  UVM shutdown initiated...
Jan  5 15:24:09 localhost  [ExecManagerImpl] INFO  ExecManager.exec(ln -fs /usr/share/untangle/bin/ut-uvm-update-rules.sh /etc/untangle/iptables-rules.d/800-uvm)
Jan  5 15:24:09 localhost  [ExecManagerImpl] INFO  ExecManager.exec(ln -fs /usr/share/untangle/bin/ut-uvm-update-rules.sh /etc/untangle/iptables-rules.d/800-uvm) = 0 took 20 ms.
Jan  5 15:24:09 localhost  [ExecManagerImpl] INFO  ExecManager.exec(/usr/share/untangle/bin/ut-uvm-update-rules.sh -r)
Jan  5 15:24:09 localhost  [ExecManagerImpl] INFO  ExecManager.exec(/usr/share/untangle/bin/ut-uvm-update-rules.sh -r) = 0 took 93 ms.
Jan  5 15:24:09 localhost  [NetworkManagerImpl] INFO  remove rules: 
Jan  5 15:24:09 localhost  [NetworkManagerImpl] INFO  remove rules: [Tue 05 Jan 2021 03:24:09 PM AST] Removing iptables rules.
Jan  5 15:24:09 localhost  [HostTableImpl] INFO  Saving hosts to file... (50 entries)
Jan  5 15:24:09 localhost  [SettingsManagerImpl] INFO  Wrote: /usr/share/untangle/settings/untangle-vm/hosts.js
Jan  5 15:24:09 localhost  [HostTableImpl] INFO  Saving hosts to file... done
Jan  5 15:24:09 localhost  [DeviceTableImpl] INFO  Saving devices to file... (953 entries)
Jan  5 15:24:10 localhost  [SettingsManagerImpl] INFO  Wrote: /usr/share/untangle/settings/untangle-vm/devices.js
Jan  5 15:24:11 localhost  [DeviceTableImpl] INFO  Saving devices to file... done
Jan  5 15:24:11 localhost  [AppManagerImpl] INFO  Stopping  : router [1]
Jan  5 15:24:11 localhost  [AppManagerImpl] INFO  Stopping  : ftp [2]
Jan  5 15:24:11 localhost  [AppManagerImpl] INFO  Stopping  : shield [3]
Jan  5 15:24:11 localhost  [AppManagerImpl] INFO  Stopping  : web-filter [34]
Jan  5 15:24:11 localhost  [AppManagerImpl] INFO  Stopping  : license [4]
Jan  5 15:24:11 localhost  [AppManagerImpl] INFO  Stopped   : shield [3] [0.003 seconds]
Jan  5 15:24:11 localhost  [AppManagerImpl] INFO  Stopped   : license [4] [0.001 seconds]
Jan  5 15:24:11 localhost  [AppManagerImpl] INFO  Stopping  : openvpn [36]
Jan  5 15:24:11 localhost  [AppManagerImpl] INFO  Stopping  : web-filter [5]
Jan  5 15:24:11 localhost  [AppManagerImpl] INFO  Stopping  : http [6]
Jan  5 15:24:11 localhost  [TomcatManagerImpl] INFO  Unloading Servlet: /web-filter
Jan  5 15:24:11 localhost  [AppManagerImpl] INFO  Stopping  : smtp [8]
Jan  5 15:24:11 localhost  [AppManagerImpl] INFO  Stopping  : virus-blocker-lite [9]
Jan  5 15:24:11 localhost  [AppManagerImpl] INFO  Stopping  : application-control [14]
Jan  5 15:24:11 localhost  [AppManagerImpl] INFO  Stopped   : smtp [8] [0.021 seconds]
Jan  5 15:24:11 localhost  [AppManagerImpl] INFO  Stopped   : web-filter [34] [0.042 seconds]
Jan  5 15:24:11 localhost  [AppManagerImpl] INFO  Stopping  : firewall [16]
Jan  5 15:24:11 localhost  [AppManagerImpl] INFO  Stopped   : ftp [2] [0.055 seconds]
Jan  5 15:24:11 localhost  [ExecManagerImpl] INFO  ExecManager.exec(systemctl stop openvpn@server.service)
Jan  5 15:24:11 localhost  [AppManagerImpl] INFO  Stopping  : reports [17]
Jan  5 15:24:11 localhost  [AppManagerImpl] INFO  Stopping  : configuration-backup [24]
Jan  5 15:24:11 localhost  [AppManagerImpl] INFO  Stopping  : policy-manager [18]
Jan  5 15:24:11 localhost  [AppManagerImpl] INFO  Stopping  : ipsec-vpn [22]
Jan  5 15:24:11 localhost  [AppManagerImpl] INFO  Stopped   : policy-manager [18] [0.0 seconds]
Jan  5 15:24:11 localhost  [AppManagerImpl] INFO  Stopping  : live-support [26]
Jan  5 15:24:11 localhost  [AppManagerImpl] INFO  Stopped   : live-support [26] [0.001 seconds]
Jan  5 15:24:11 localhost  [AppManagerImpl] INFO  Stopping  : ad-blocker [27]
Jan  5 15:24:11 localhost  [TomcatManagerImpl] INFO  Unloading Servlet: /reports
Jan  5 15:24:11 localhost  [AppManagerImpl] INFO  Stopped   : configuration-backup [24] [0.004 seconds]
Jan  5 15:24:11 localhost  [AppManagerImpl] INFO  Stopping  : branding-manager [25]
Jan  5 15:24:11 localhost  [AppManagerImpl] INFO  Stopped   : branding-manager [25] [0.001 seconds]
Jan  5 15:24:11 localhost  [ExecManagerImpl] INFO  ExecManager.execEvil( systemctl stop xl2tpd )
Jan  5 15:24:11 localhost  [ExecManagerImpl] INFO  ExecManager.exec(systemctl stop openvpn@server.service) = 0 took 220 ms.
Jan  5 15:24:11 localhost  [ExecManagerImpl] INFO  ExecManager.exec(/etc/untangle/iptables-rules.d/720-openvpn)
Jan  5 15:24:11 localhost  [ExecManagerImpl] INFO  ExecManager.execEvil( systemctl stop ipsec )
Jan  5 15:24:11 localhost  [AppManagerImpl] INFO  Stopped   : ipsec-vpn [22] [0.352 seconds]
Jan  5 15:24:11 localhost  [AppManagerImpl] INFO  Stopped   : http [6] [0.504 seconds]
Jan  5 15:24:11 localhost  [ExecManagerImpl] INFO  ExecManager.execEvil( systemctl stop clamav-daemon )
Jan  5 15:24:11 localhost  [AppManagerImpl] INFO  Stopped   : ad-blocker [27] [0.372 seconds]
Jan  5 15:24:11 localhost  [ExecManagerImpl] INFO  ExecManager.execEvil( systemctl stop postgresql )
Jan  5 15:24:11 localhost  [ExecManagerImpl] INFO  ExecManager.execEvil( systemctl stop clamav-freshclam )
Jan  5 15:24:12 localhost  [TomcatManagerImpl] INFO  Unloading Servlet: /virus
Jan  5 15:24:12 localhost  [AppManagerImpl] INFO  Stopped   : reports [17] [0.756 seconds]
Jan  5 15:24:12 localhost  [ExecManagerImpl] INFO  ExecManager.execEvil( systemctl stop untangle-classd )
Jan  5 15:24:12 localhost  [AppManagerImpl] INFO  Stopped   : router [1] [0.968 seconds]
Jan  5 15:24:12 localhost  [AppManagerImpl] INFO  Stopped   : firewall [16] [0.943 seconds]
Jan  5 15:24:12 localhost  [AppManagerImpl] INFO  Stopped   : virus-blocker-lite [9] [1.033 seconds]
Jan  5 15:24:12 localhost  [ExecManagerImpl] INFO  ExecManager.exec(/etc/untangle/iptables-rules.d/720-openvpn) = 0 took 852 ms.
Jan  5 15:24:12 localhost  [ExecManagerImpl] INFO  ExecManager.exec(/usr/share/untangle/bin/openvpn-stop)
Jan  5 15:24:12 localhost  [ExecManagerImpl] INFO  ExecManager.exec(/usr/share/untangle/bin/openvpn-stop) = 0 took 20 ms.
Jan  5 15:24:12 localhost  [AppManagerImpl] INFO  Stopped   : openvpn [36] [1.16 seconds]
Jan  5 15:24:13 localhost  [AppManagerImpl] INFO  Stopped   : application-control [14] [2.442 seconds]
Jan  5 15:24:19 localhost  [ExecManagerImpl] INFO  ExecManager.execEvil( systemctl stop untangle-bctid )
Jan  5 15:24:19 localhost  [AppManagerImpl] INFO  Stopped   : web-filter [5] [8.083 seconds]
Jan  5 15:24:19 localhost  [AppManagerImpl] INFO  AppManager destroyed
Jan  5 15:24:19 localhost  [NetcapManagerImpl] INFO  0 active sessions remaining
Jan  5 15:24:19 localhost  [UvmContextImpl] INFO  UvmContext destroyed
Jan  5 15:24:19 localhost  [Main] INFO  UVM shutdown complete.
Jan  5 15:24:23 localhost  [Main] INFO  Setting up properties...
Jan  5 15:24:24 localhost  [Main] INFO  uvm.home         /usr/share/untangle
Jan  5 15:24:24 localhost  [Main] INFO  uvm.lib.dir      /usr/share/untangle/lib
Jan  5 15:24:24 localhost  [Main] INFO  uvm.log.dir      /var/log/uvm
Jan  5 15:24:24 localhost  [Main] INFO  uvm.web.dir      /usr/share/untangle/web
Jan  5 15:24:24 localhost  [Main] INFO  uvm.conf.dir     /usr/share/untangle/conf
Jan  5 15:24:24 localhost  [Main] INFO  uvm.settings.dir /usr/share/untangle/settings
Jan  5 15:24:24 localhost  [Main] INFO  uvm.skins.dir    /usr/share/untangle/web/skins
Jan  5 15:24:24 localhost  [Main] INFO  Starting uvm...
Jan  5 15:24:25 localhost  [AuthenticationManagerImpl] WARN  getHost:auth-relay.untangle.com
Jan  5 15:24:26 localhost  [HookManagerImpl] INFO  Register hook[uris-settings-change] callback: authentication-manager-uris-settings-change-hook
Jan  5 15:24:26 localhost  [DeviceTableImpl] INFO  Loading devices from file...
Jan  5 15:24:27 localhost  [DeviceTableImpl] INFO  Loaded  devices from file.   (953 entries)
Jan  5 15:24:27 localhost  [HostTableImpl] INFO  Loading hosts from file...
Jan  5 15:24:27 localhost  [HostTableImpl] INFO  Loaded  hosts from file.   (50 entries)
Jan  5 15:24:27 localhost  [HookManagerImpl] INFO  Register hook[host-table-add-tag] callback: host-table-add-tag-hook
Jan  5 15:24:27 localhost  [HookManagerImpl] INFO  Register hook[host-table-resume-tag] callback: host-table-add-tag-hook
Jan  5 15:24:27 localhost  [HookManagerImpl] INFO  Register hook[host-table-remove-tag] callback: host-table-remove-tag-hook
Jan  5 15:24:27 localhost  [UserTableImpl] INFO  Loading users from file...
Jan  5 15:24:27 localhost  [UserTableImpl] INFO  Loaded  users from file.   (0 entries)
Jan  5 15:24:28 localhost  [OemManagerImpl] INFO  OEM: Untangle
Jan  5 15:24:28 localhost  [TomcatManagerImpl] INFO  Catalina Home:/var/lib/uvm
Jan  5 15:24:28 localhost  [TomcatManagerImpl] INFO  Tomcat start/stop threads:4
Jan  5 15:24:29 localhost  [TomcatManagerImpl] INFO  Loading Servlet: /admin
Jan  5 15:24:29 localhost  [TomcatManagerImpl] INFO  Loading Servlet: /setup
Jan  5 15:24:29 localhost  [TomcatManagerImpl] INFO  Loading Servlet: /blockpage
Jan  5 15:24:29 localhost  [TomcatManagerImpl] INFO  Loading Servlet: /gdrive
Jan  5 15:24:29 localhost  [AdminManagerImpl] INFO  Initialized AdminManager
Jan  5 15:24:29 localhost  [ExecManagerImpl] INFO  ExecManager.exec(systemctl is-enabled untangle-pyconnector)
Jan  5 15:24:29 localhost  [ExecManagerImpl] INFO  ExecManager.exec(systemctl is-enabled untangle-pyconnector) = 0 took 45 ms.
Jan  5 15:24:29 localhost  [ExecManagerImpl] INFO  ExecManager.exec(systemctl is-enabled freeradius.service)
Jan  5 15:24:30 localhost  [ExecManagerImpl] INFO  ExecManager.exec(systemctl is-enabled freeradius.service) = 1 took 52 ms.
Jan  5 15:24:30 localhost  [ExecManagerImpl] INFO  ExecManager.exec(systemctl is-enabled winbind.service)
Jan  5 15:24:30 localhost  [ExecManagerImpl] INFO  ExecManager.exec(systemctl is-enabled winbind.service) = 1 took 29 ms.
Jan  5 15:24:30 localhost  [SystemManagerImpl] INFO  Initialized SystemManager
Jan  5 15:24:30 localhost  [ExecManagerImpl] INFO  ExecManager.exec(find /sys/class/net -type l -name 'eth*' | sed -e 's|/sys/class/net/||' | sort -n -k 1.4)
Jan  5 15:24:30 localhost  [ExecManagerImpl] INFO  ExecManager.exec(find /sys/class/net -type l -name 'eth*' | sed -e 's|/sys/class/net/||' | sort -n -k 1.4) = 0 took 18 ms.
Jan  5 15:24:30 localhost  [ExecManagerImpl] INFO  ExecManager.exec(find /sys/class/net -type l -name 'wlan*' | sed -e 's|/sys/class/net/||' | sort -n -k 1.5 )
Jan  5 15:24:31 localhost  [ExecManagerImpl] INFO  ExecManager.exec(find /sys/class/net -type l -name 'wlan*' | sed -e 's|/sys/class/net/||' | sort -n -k 1.5 ) = 0 took 13 ms.
Jan  5 15:24:31 localhost  [NetworkManagerImpl] INFO  Initialized NetworkManager
Jan  5 15:24:31 localhost  [MailSenderImpl] INFO  Initialized MailSender
Jan  5 15:24:31 localhost  [ExecManagerImpl] INFO  ExecManager.exec(/usr/sbin/ipsec rereadsecrets)
Jan  5 15:24:31 localhost  [ExecManagerImpl] INFO  ExecManager.exec(/usr/sbin/ipsec rereadsecrets) = 7 took 15 ms.
Jan  5 15:24:31 localhost  [HookManagerImpl] INFO  Register hook[network-settings-change] callback: local-directory-network-settings-change-hook
Jan  5 15:24:32 localhost  [DashboardManagerImpl] INFO  Initialized DashboardManager
Jan  5 15:24:32 localhost  [NetFilterLogger] INFO  The capture thread is starting.
Jan  5 15:24:32 localhost  [ExecManagerImpl] INFO  ExecManager.exec(openssl x509 -noout -fingerprint -in /etc/apache2/ssl/apache.pem)
Jan  5 15:24:32 localhost  [ExecManagerImpl] INFO  ExecManager.exec(openssl x509 -noout -fingerprint -in /etc/apache2/ssl/apache.pem) = 0 took 27 ms.
Jan  5 15:24:32 localhost  [NetFilterLogger] INFO  The capture thread has connected to the daemon.
Jan  5 15:24:32 localhost  [ExecManagerImpl] INFO  ExecManager.exec(openssl x509 -noout -fingerprint -in /usr/share/untangle/settings/untangle-certificates/apache.pem)
Jan  5 15:24:32 localhost  [ExecManagerImpl] INFO  ExecManager.exec(openssl x509 -noout -fingerprint -in /usr/share/untangle/settings/untangle-certificates/apache.pem) = 0 took 29 ms.
Jan  5 15:24:32 localhost  [GoogleManagerImpl] INFO  Initialized GoogleManager
Jan  5 15:24:33 localhost  [GeographyManagerImpl] INFO  Successfully loaded GeoLite2-City database created Tue Sep 15 12:35:44 ADT 2020
Jan  5 15:24:33 localhost  [HostsFileManagerImpl] INFO  The HostsFileManager has been initialized.
Jan  5 15:24:33 localhost  [HookManagerImpl] INFO  Register hook[network-settings-change] callback: hosts-file-manager-network-settings-change-hook
Jan  5 15:24:33 localhost  [ExecManagerImpl] INFO  ExecManager.exec(systemctl restart rsyslog)
Jan  5 15:24:33 localhost  [ExecManagerImpl] INFO  ExecManager.exec(systemctl restart rsyslog) = 0 took 140 ms.
Jan  5 15:24:33 localhost  [HookManagerImpl] INFO  Register hook[settings-change] callback: event-manager-settings-change-hook
Jan  5 15:24:33 localhost  [Main] INFO  Restarting apps...
Jan  5 15:24:33 localhost  [HookManagerImpl] INFO  Register hook[network-settings-change] callback: mail-sender-network-settings-change-hook
Jan  5 15:24:33 localhost  [AppManagerImpl] INFO  Restarting unloaded apps...
Jan  5 15:24:33 localhost  [AppManagerImpl] INFO  Loading pass[1]: loadable.size(): 8 unloadedAppsMap.size(): 19 appsBeingLoaded: 0
Jan  5 15:24:33 localhost  [AppManagerImpl] INFO  Loading in this pass[1]: ftp [2]
Jan  5 15:24:33 localhost  [AppManagerImpl] INFO  Loading in this pass[1]: shield [3]
Jan  5 15:24:33 localhost  [AppManagerImpl] INFO  Loading in this pass[1]: license [4]
Jan  5 15:24:33 localhost  [AppManagerImpl] INFO  Loading in this pass[1]: openvpn [36]
Jan  5 15:24:33 localhost  [AppManagerImpl] INFO  Loading in this pass[1]: http [6]
Jan  5 15:24:33 localhost  [AppManagerImpl] INFO  Loading in this pass[1]: smtp [8]
Jan  5 15:24:33 localhost  [AppManagerImpl] INFO  Loading in this pass[1]: firewall [16]
Jan  5 15:24:33 localhost  [AppManagerImpl] INFO  Loading in this pass[1]: reports [17]
Jan  5 15:24:33 localhost  [AppManagerImpl] INFO  Restarting: ftp [2]
Jan  5 15:24:34 localhost  [AppManagerImpl] INFO  Restarting: openvpn [36]
Jan  5 15:24:34 localhost  [AppManagerImpl] INFO  Restarting: license [4]
Jan  5 15:24:34 localhost  [AppManagerImpl] INFO  Restarting: http [6]
Jan  5 15:24:34 localhost  [AppManagerImpl] INFO  Restarting: shield [3]
Jan  5 15:24:34 localhost  [AppManagerImpl] INFO  Restarting: smtp [8]
Jan  5 15:24:34 localhost  [AppManagerImpl] INFO  Restarting: firewall [16]
Jan  5 15:24:34 localhost  [AppManagerImpl] INFO  Restarting: reports [17]
Jan  5 15:24:34 localhost  [HostsFileManagerImpl] INFO  Detected 8 new or modified interface status files. Updating hosts file
Jan  5 15:24:34 localhost  [ExecManagerImpl] INFO  ExecManager.exec(/usr/share/untangle/bin/ut-update-hosts-file burnside.mackaystruckcenter.ca)
Jan  5 15:24:34 localhost  [ExecManagerImpl] INFO  ExecManager.exec(/usr/share/untangle/bin/ut-update-hosts-file burnside.mackaystruckcenter.ca) = 0 took 180 ms.
Jan  5 15:24:34 localhost  [ExecManagerImpl] INFO  ExecManager.exec(killall -HUP dnsmasq)
Jan  5 15:24:34 localhost  [ExecManagerImpl] INFO  ExecManager.exec(killall -HUP dnsmasq) = 0 took 31 ms.
Jan  5 15:24:35 localhost  [AppManagerImpl] INFO  Restarted : shield [3] [1.295 seconds]
Jan  5 15:24:35 localhost  [AppManagerImpl] INFO  Loading pass[2]: loadable.size(): 0 unloadedAppsMap.size(): 11 appsBeingLoaded: 7 loading: 16 17 2 4 36 6 8 
Jan  5 15:24:35 localhost  [AppManagerImpl] INFO  Restarted : http [6] [1.523 seconds]
Jan  5 15:24:35 localhost  [AppManagerImpl] INFO  Restarted : ftp [2] [1.648 seconds]
Jan  5 15:24:35 localhost  [AppManagerImpl] INFO  Loading pass[3]: loadable.size(): 1 unloadedAppsMap.size(): 11 appsBeingLoaded: 5 loading: 16 17 4 36 8 
Jan  5 15:24:35 localhost  [AppManagerImpl] INFO  Loading in this pass[3]: ad-blocker [27]
Jan  5 15:24:35 localhost  [AppManagerImpl] INFO  Restarted : firewall [16] [1.918 seconds]
Jan  5 15:24:36 localhost  [AppManagerImpl] INFO  Restarting: ad-blocker [27]
Jan  5 15:24:36 localhost  [AppManagerImpl] INFO  Loading pass[4]: loadable.size(): 1 unloadedAppsMap.size(): 10 appsBeingLoaded: 5 loading: 17 4 36 8 27 
Jan  5 15:24:36 localhost  [AppManagerImpl] INFO  Loading in this pass[4]: router [1]
Jan  5 15:24:36 localhost  [AppManagerImpl] INFO  Restarting: router [1]
Jan  5 15:24:36 localhost  [AppManagerImpl] INFO  Loading pass[5]: loadable.size(): 0 unloadedAppsMap.size(): 9 appsBeingLoaded: 6 loading: 17 1 4 36 8 27 
Jan  5 15:24:36 localhost  [TomcatManagerImpl] INFO  Loading Servlet: /openvpn
Jan  5 15:24:36 localhost  [ExecManagerImpl] INFO  ExecManager.exec(chmod 755 /etc/untangle/iptables-rules.d/720-openvpn)
Jan  5 15:24:36 localhost  [ExecManagerImpl] INFO  ExecManager.exec(chmod 755 /etc/untangle/iptables-rules.d/720-openvpn) = 0 took 47 ms.
Jan  5 15:24:36 localhost  [AppManagerImpl] INFO  Restarted : license [4] [2.308 seconds]
Jan  5 15:24:36 localhost  [ExecManagerImpl] INFO  ExecManager.exec(/bin/grep -q com.untangle.node.reports.AlertRule /usr/share/untangle/settings//reports//settings*.js)
Jan  5 15:24:36 localhost  [AppManagerImpl] INFO  Restarted : router [1] [0.272 seconds]
Jan  5 15:24:36 localhost  [AppManagerImpl] INFO  Loading pass[6]: loadable.size(): 7 unloadedAppsMap.size(): 9 appsBeingLoaded: 4 loading: 17 36 8 27 
Jan  5 15:24:36 localhost  [AppManagerImpl] INFO  Loading in this pass[6]: web-filter [34]
Jan  5 15:24:36 localhost  [AppManagerImpl] INFO  Loading in this pass[6]: application-control [14]
Jan  5 15:24:36 localhost  [AppManagerImpl] INFO  Loading in this pass[6]: policy-manager [18]
Jan  5 15:24:36 localhost  [AppManagerImpl] INFO  Loading in this pass[6]: ipsec-vpn [22]
Jan  5 15:24:36 localhost  [AppManagerImpl] INFO  Loading in this pass[6]: configuration-backup [24]
Jan  5 15:24:36 localhost  [AppManagerImpl] INFO  Loading in this pass[6]: branding-manager [25]
Jan  5 15:24:36 localhost  [AppManagerImpl] INFO  Loading in this pass[6]: live-support [26]
Jan  5 15:24:36 localhost  [AppManagerImpl] INFO  Restarting: web-filter [34]
Jan  5 15:24:36 localhost  [AppManagerImpl] INFO  Restarting: policy-manager [18]
Jan  5 15:24:36 localhost  [AppManagerImpl] INFO  Restarting: ipsec-vpn [22]
Jan  5 15:24:36 localhost  [AppManagerImpl] INFO  Restarting: configuration-backup [24]
Jan  5 15:24:36 localhost  [AppManagerImpl] INFO  Restarting: branding-manager [25]
Jan  5 15:24:36 localhost  [AppManagerImpl] INFO  Loading pass[7]: loadable.size(): 1 unloadedAppsMap.size(): 2 appsBeingLoaded: 11 loading: 17 34 18 36 22 8 24 25 26 27 14 
Jan  5 15:24:36 localhost  [AppManagerImpl] INFO  Loading in this pass[7]: web-filter [5]
Jan  5 15:24:36 localhost  [AppManagerImpl] INFO  Restarting: application-control [14]
Jan  5 15:24:36 localhost  [AppManagerImpl] INFO  Restarting: live-support [26]
Jan  5 15:24:36 localhost  [AppManagerImpl] INFO  Restarting: web-filter [5]
Jan  5 15:24:36 localhost  [ExecManagerImpl] INFO  ExecManager.exec(/bin/grep -q com.untangle.node.reports.AlertRule /usr/share/untangle/settings//reports//settings*.js) = 1 took 232 ms.
Jan  5 15:24:36 localhost  [ExecManagerImpl] INFO  ExecManager.exec(cp -rf /usr/share/untangle/settings/openvpn/remote-servers/keys /etc/openvpn/)
Jan  5 15:24:36 localhost  [ExecManagerImpl] INFO  ExecManager.exec(cp -rf /usr/share/untangle/settings/openvpn/remote-servers/keys /etc/openvpn/) = 1 took 52 ms.
Jan  5 15:24:36 localhost  [ExecManagerImpl] INFO  ExecManager.exec(/usr/share/untangle/bin/openvpn-start)
Jan  5 15:24:37 localhost  [AppManagerImpl] INFO  Restarted : branding-manager [25] [1.194 seconds]
Jan  5 15:24:37 localhost  [AppManagerImpl] INFO  Loading pass[8]: loadable.size(): 0 unloadedAppsMap.size(): 1 appsBeingLoaded: 11 loading: 34 36 5 8 14 17 18 22 24 26 27 
Jan  5 15:24:38 localhost  [AppManagerImpl] INFO  Restarted : live-support [26] [1.492 seconds]
Jan  5 15:24:38 localhost  [AppManagerImpl] INFO  Loading pass[9]: loadable.size(): 0 unloadedAppsMap.size(): 1 appsBeingLoaded: 10 loading: 34 36 5 8 14 17 18 22 24 27 
Jan  5 15:24:38 localhost  [AppManagerImpl] INFO  Restarted : configuration-backup [24] [2.177 seconds]
Jan  5 15:24:38 localhost  [AppManagerImpl] INFO  Loading pass[10]: loadable.size(): 0 unloadedAppsMap.size(): 1 appsBeingLoaded: 9 loading: 34 36 5 8 14 17 18 22 27 
Jan  5 15:24:38 localhost  [TomcatManagerImpl] INFO  Loading Servlet: /quarantine
Jan  5 15:24:38 localhost  [AppManagerImpl] INFO  Restarted : smtp [8] [4.933 seconds]
Jan  5 15:24:38 localhost  [AppManagerImpl] INFO  Loading pass[11]: loadable.size(): 1 unloadedAppsMap.size(): 1 appsBeingLoaded: 8 loading: 34 36 5 14 17 18 22 27 
Jan  5 15:24:38 localhost  [AppManagerImpl] INFO  Loading in this pass[11]: virus-blocker-lite [9]
Jan  5 15:24:39 localhost  [AppManagerImpl] INFO  Restarted : policy-manager [18] [2.719 seconds]
Jan  5 15:24:39 localhost  [AppManagerImpl] INFO  Loading pass[12]: loadable.size(): 0 unloadedAppsMap.size(): 0 appsBeingLoaded: 8 loading: 34 36 5 9 14 17 22 27 
Jan  5 15:24:39 localhost  [AppManagerImpl] INFO  Restarting: virus-blocker-lite [9]
Jan  5 15:24:39 localhost  [ExecManagerImpl] INFO  ExecManager.exec(/usr/share/untangle/bin/openvpn-start) = 0 took 2705 ms.
Jan  5 15:24:39 localhost  [ExecManagerImpl] INFO  ExecManager.exec(systemctl daemon-reload)
Jan  5 15:24:40 localhost  [ExecManagerImpl] INFO  ExecManager.execEvil( systemctl start untangle-bctid )
Jan  5 15:24:40 localhost  [ExecManagerImpl] INFO  ExecManager.execEvil( systemctl start clamav-daemon )
Jan  5 15:24:40 localhost  [ExecManagerImpl] INFO  ExecManager.exec(systemctl daemon-reload) = 0 took 1476 ms.
Jan  5 15:24:40 localhost  [ExecManagerImpl] INFO  ExecManager.exec(chmod 755 /etc/untangle/iptables-rules.d/710-ipsec)
Jan  5 15:24:40 localhost  [ExecManagerImpl] INFO  ExecManager.exec(chmod 755 /etc/untangle/iptables-rules.d/710-ipsec) = 0 took 72 ms.
Jan  5 15:24:40 localhost  [ExecManagerImpl] INFO  ExecManager.exec(systemctl start openvpn@server.service)
Jan  5 15:24:40 localhost  [ExecManagerImpl] INFO  ExecManager.execEvil( systemctl start clamav-freshclam )
Jan  5 15:24:41 localhost  [TomcatManagerImpl] INFO  Loading Servlet: /virus
Jan  5 15:24:41 localhost  [AppManagerImpl] INFO  Restarted : virus-blocker-lite [9] [1.904 seconds]
Jan  5 15:24:41 localhost  [AppManagerImpl] INFO  Loading pass[13]: loadable.size(): 0 unloadedAppsMap.size(): 0 appsBeingLoaded: 7 loading: 34 36 5 14 17 22 27 
Jan  5 15:24:41 localhost  [ExecManagerImpl] INFO  ExecManager.exec(systemctl start openvpn@server.service) = 0 took 515 ms.
Jan  5 15:24:41 localhost  [ExecManagerImpl] INFO  ExecManager.exec(/etc/untangle/iptables-rules.d/720-openvpn)
Jan  5 15:24:41 localhost  [ExecManagerImpl] INFO  ExecManager.execEvil( systemctl restart untangle-bctid )
Jan  5 15:24:42 localhost  [ExecManagerImpl] INFO  ExecManager.exec(/etc/untangle/iptables-rules.d/720-openvpn) = 0 took 1347 ms.
Jan  5 15:24:42 localhost  [TomcatManagerImpl] INFO  Loading Servlet: /web-filter
Jan  5 15:24:42 localhost  [ExecManagerImpl] INFO  ExecManager.exec(chmod 755 /etc/untangle/iptables-rules.d/711-xauth)
Jan  5 15:24:42 localhost  [HookManagerImpl] INFO  Register hook[pre-network-settings-change] callback: openvpn-pre-network-settings-change-hook
Jan  5 15:24:42 localhost  [HookManagerImpl] INFO  Register hook[network-settings-change] callback: openvpn-network-settings-change-hook
Jan  5 15:24:42 localhost  [AppManagerImpl] INFO  Restarted : web-filter [34] [6.437 seconds]
Jan  5 15:24:42 localhost  [AppManagerImpl] INFO  Loading pass[14]: loadable.size(): 0 unloadedAppsMap.size(): 0 appsBeingLoaded: 6 loading: 36 5 14 17 22 27 
Jan  5 15:24:42 localhost  [AppManagerImpl] INFO  Restarted : web-filter [5] [6.349 seconds]
Jan  5 15:24:42 localhost  [AppManagerImpl] INFO  Loading pass[15]: loadable.size(): 0 unloadedAppsMap.size(): 0 appsBeingLoaded: 5 loading: 36 14 17 22 27 
Jan  5 15:24:42 localhost  [AppManagerImpl] INFO  Restarted : openvpn [36] [8.886 seconds]
Jan  5 15:24:42 localhost  [ExecManagerImpl] INFO  ExecManager.exec(chmod 755 /etc/untangle/iptables-rules.d/711-xauth) = 0 took 38 ms.
Jan  5 15:24:42 localhost  [AppManagerImpl] INFO  Loading pass[16]: loadable.size(): 0 unloadedAppsMap.size(): 0 appsBeingLoaded: 4 loading: 14 17 22 27 
Jan  5 15:24:42 localhost  [ExecManagerImpl] INFO  ExecManager.exec(/usr/share/untangle/bin/ipsec-reload)
Jan  5 15:24:44 localhost  [ExecManagerImpl] INFO  ExecManager.execEvil( systemctl start untangle-classd )
Jan  5 15:24:44 localhost  [ExecManagerImpl] INFO  ExecManager.exec(/usr/share/untangle/bin/ipsec-reload) = 0 took 2032 ms.
Jan  5 15:24:44 localhost  [ExecManagerImpl] INFO  ExecManager.exec(/usr/bin/find /usr/share/untangle/lib -path '*/lib/*/reports/*.json' -print)
Jan  5 15:24:45 localhost  [ExecManagerImpl] INFO  ExecManager.exec(/usr/bin/find /usr/share/untangle/lib -path '*/lib/*/reports/*.json' -print) = 0 took 100 ms.
Jan  5 15:24:45 localhost  [ExecManagerImpl] INFO  ExecManager.exec(ipsec route UT1_New-Tunnel-to-Mackays-Truro)
Jan  5 15:24:45 localhost  [ExecManagerImpl] INFO  ExecManager.exec(ipsec route UT1_New-Tunnel-to-Mackays-Truro) = 7 took 74 ms.
Jan  5 15:24:45 localhost  [ExecManagerImpl] INFO  ExecManager.exec(/etc/untangle/iptables-rules.d/710-ipsec)
Jan  5 15:24:45 localhost  [AppManagerImpl] INFO  Restarted : application-control [14] [8.721 seconds]
Jan  5 15:24:45 localhost  [AppManagerImpl] INFO  Loading pass[17]: loadable.size(): 0 unloadedAppsMap.size(): 0 appsBeingLoaded: 3 loading: 17 22 27 
Jan  5 15:24:45 localhost  [ExecManagerImpl] INFO  ExecManager.exec(/etc/untangle/iptables-rules.d/710-ipsec) = 0 took 487 ms.
Jan  5 15:24:45 localhost  [ExecManagerImpl] INFO  ExecManager.exec(/etc/untangle/iptables-rules.d/711-xauth)
Jan  5 15:24:45 localhost  [ExecManagerImpl] INFO  ExecManager.exec(/etc/untangle/iptables-rules.d/711-xauth) = 1 took 222 ms.
Jan  5 15:24:45 localhost  [ExecManagerImpl] INFO  ExecManager.exec(/etc/untangle/iptables-rules.d/712-gre)
Jan  5 15:24:46 localhost  [ExecManagerImpl] INFO  ExecManager.exec(/etc/untangle/iptables-rules.d/712-gre) = 0 took 285 ms.
Jan  5 15:24:46 localhost  [HookManagerImpl] INFO  Register hook[pre-network-settings-change] callback: ipsec-vpn-pre-network-settings-change-hook
Jan  5 15:24:46 localhost  [HookManagerImpl] INFO  Register hook[network-settings-change] callback: ipsec-vpn-post-network-settings-change-hook
Jan  5 15:24:46 localhost  [HookManagerImpl] INFO  Register hook[uvm-settings-change] callback: ipsecvpn-uvm-settings-change-hook
Jan  5 15:24:46 localhost  [HookManagerImpl] INFO  Register hook[wan-failover-change] callback: ipsecvpn-wan-failvoer-change-hook
Jan  5 15:24:46 localhost  [ExecManagerImpl] INFO  ExecManager.execEvil( systemctl start xl2tpd )
Jan  5 15:24:46 localhost  [ExecManagerImpl] INFO  ExecManager.execEvil( systemctl start ipsec )
Jan  5 15:24:46 localhost  [ExecManagerImpl] INFO  ExecManager.exec(chmod 755 /etc/untangle/iptables-rules.d/710-ipsec)
Jan  5 15:24:46 localhost  [ExecManagerImpl] INFO  ExecManager.exec(chmod 755 /etc/untangle/iptables-rules.d/710-ipsec) = 0 took 25 ms.
Jan  5 15:24:46 localhost  [ExecManagerImpl] INFO  ExecManager.exec(chmod 755 /etc/untangle/iptables-rules.d/711-xauth)
Jan  5 15:24:46 localhost  [ExecManagerImpl] INFO  ExecManager.exec(chmod 755 /etc/untangle/iptables-rules.d/711-xauth) = 0 took 44 ms.
Jan  5 15:24:46 localhost  [ExecManagerImpl] INFO  ExecManager.exec(/usr/share/untangle/bin/ipsec-reload)
Jan  5 15:24:48 localhost  [AppManagerImpl] INFO  Restarted : ad-blocker [27] [12.543 seconds]
Jan  5 15:24:48 localhost  [AppManagerImpl] INFO  Loading pass[18]: loadable.size(): 0 unloadedAppsMap.size(): 0 appsBeingLoaded: 2 loading: 17 22 
Jan  5 15:24:48 localhost  [ExecManagerImpl] INFO  ExecManager.exec(/usr/share/untangle/bin/ipsec-reload) = 0 took 1620 ms.
Jan  5 15:24:48 localhost  [ExecManagerImpl] INFO  ExecManager.exec(rm -f /etc/cron.hourly/reports-cron)
Jan  5 15:24:48 localhost  [ExecManagerImpl] INFO  ExecManager.exec(rm -f /etc/cron.hourly/reports-cron) = 0 took 14 ms.
Jan  5 15:24:48 localhost  [ExecManagerImpl] INFO  ExecManager.exec(ipsec route UT1_New-Tunnel-to-Mackays-Truro)
Jan  5 15:24:48 localhost  [TomcatManagerImpl] INFO  Loading Servlet: /reports
Jan  5 15:24:48 localhost  [ExecManagerImpl] INFO  ExecManager.execEvil( systemctl start postgresql )
Jan  5 15:24:48 localhost  [ExecManagerImpl] INFO  ExecManager.exec(ipsec route UT1_New-Tunnel-to-Mackays-Truro) = 0 took 97 ms.
Jan  5 15:24:48 localhost  [ExecManagerImpl] INFO  ExecManager.exec(/etc/untangle/iptables-rules.d/710-ipsec)
Jan  5 15:24:48 localhost  [ExecManagerImpl] INFO  ExecManager.exec(/etc/untangle/iptables-rules.d/710-ipsec) = 0 took 221 ms.
Jan  5 15:24:48 localhost  [ExecManagerImpl] INFO  ExecManager.exec(/etc/untangle/iptables-rules.d/711-xauth)
Jan  5 15:24:49 localhost  [ExecManagerImpl] INFO  ExecManager.exec(/etc/untangle/iptables-rules.d/711-xauth) = 1 took 69 ms.
Jan  5 15:24:49 localhost  [ExecManagerImpl] INFO  ExecManager.exec(/etc/untangle/iptables-rules.d/712-gre)
Jan  5 15:24:49 localhost  [ExecManagerImpl] INFO  ExecManager.exec(/etc/untangle/iptables-rules.d/712-gre) = 0 took 131 ms.
Jan  5 15:24:49 localhost  [AppManagerImpl] INFO  Restarted : ipsec-vpn [22] [12.668 seconds]
Jan  5 15:24:49 localhost  [AppManagerImpl] INFO  Loading pass[19]: loadable.size(): 0 unloadedAppsMap.size(): 0 appsBeingLoaded: 1 loading: 17 
Jan  5 15:24:52 localhost  [ExecManagerImpl] INFO  ExecManager.exec(/usr/share/untangle/bin/reports-generate-tables.py -d postgresql)
Jan  5 15:24:54 localhost  [ExecManagerImpl] INFO  ExecManager.exec(/usr/share/untangle/bin/reports-generate-tables.py -d postgresql) = 0 took 2616 ms.
Jan  5 15:24:54 localhost  [AppManagerImpl] INFO  Restarted : reports [17] [20.68 seconds]
Jan  5 15:24:54 localhost  [AppManagerImpl] INFO  Loaded! pass[19]: unloadedAppsMap.size(): 0 appsBeingLoaded: 0
Jan  5 15:24:54 localhost  [AppManagerImpl] INFO  Time to restart apps: 21048 millis
Jan  5 15:24:54 localhost  [AppManagerImpl] INFO  Initialized AppManager
Jan  5 15:24:54 localhost  [TomcatManagerImpl] INFO  Tomcat starting...
Jan  5 15:25:06 localhost  [TomcatManagerImpl] INFO  jkConnector started (maxPostSize = 16777216 bytes)
Jan  5 15:25:06 localhost  [TomcatManagerImpl] INFO  Tomcat started
Jan  5 15:25:06 localhost  [ExecManagerImpl] INFO  ExecManager.exec(systemctl reload apache2)
Jan  5 15:25:06 localhost  [ExecManagerImpl] INFO  ExecManager.exec(systemctl reload apache2) = 0 took 553 ms.
Jan  5 15:25:07 localhost  [ExecManagerImpl] INFO  ExecManager.exec(ln -fs /usr/share/untangle/bin/ut-uvm-update-rules.sh /etc/untangle/iptables-rules.d/800-uvm)
Jan  5 15:25:07 localhost  [ExecManagerImpl] INFO  ExecManager.exec(ln -fs /usr/share/untangle/bin/ut-uvm-update-rules.sh /etc/untangle/iptables-rules.d/800-uvm) = 0 took 10 ms.
Jan  5 15:25:07 localhost  [ExecManagerImpl] INFO  ExecManager.exec(/usr/share/untangle/bin/ut-uvm-update-rules.sh)
Jan  5 15:25:07 localhost  [ExecManagerImpl] INFO  ExecManager.exec(/usr/share/untangle/bin/ut-uvm-update-rules.sh) = 0 took 345 ms.
Jan  5 15:25:07 localhost  [NetworkManagerImpl] INFO  insert rules: 
Jan  5 15:25:07 localhost  [NetworkManagerImpl] INFO  insert rules: [Tue 05 Jan 2021 03:25:07 PM AST] untangle-vm is running. Inserting iptables rules.
Jan  5 15:25:07 localhost  [PluginManagerImpl] INFO  Loading   plugin: com.untangle.uvm.ReportsPluginImpl
Jan  5 15:25:07 localhost  [BaseCloudPluginImpl] INFO  Loading Base Cloud Plugin Class Version 1.0.0 for Version 16.0 appliance - UID afdb-4428-1323-3182
Jan  5 15:25:07 localhost  [ReportsPluginImpl] INFO  Loaded class com.untangle.uvm.ReportsPluginImpl Version 1.0.0 for Version 16.0 appliance. UID: afdb-4428-1323-3182
Jan  5 15:25:07 localhost  [PluginManagerImpl] INFO  Loaded    plugin: com.untangle.uvm.ReportsPluginImpl
Jan  5 15:25:07 localhost  [PluginManagerImpl] INFO  Starting  plugin: com.untangle.uvm.ReportsPluginImpl
Jan  5 15:25:07 localhost  [PluginManagerImpl] INFO  Started   plugin: com.untangle.uvm.ReportsPluginImpl Thread[Thread-9,5,main]
Jan  5 15:25:07 localhost  [PluginManagerImpl] INFO  Loading   plugin: com.untangle.uvm.CommandCenterPluginImpl
Jan  5 15:25:07 localhost  [ReportsPluginImpl] INFO  Loading Reports Plugin Version 1.0.0 for Version 16.0 appliance - UID afdb-4428-1323-3182
Jan  5 15:25:07 localhost  [HookManagerImpl] INFO  Register hook[uvm-settings-change] callback: reports-plugin-settings-hook
Jan  5 15:25:07 localhost  [HookManagerImpl] INFO  Register hook[license-change] callback: reports-plugin-license-hook
Jan  5 15:25:07 localhost  [HookManagerImpl] INFO  Register hook[application-instantiate] callback: netcap-hook-application-instantiate-hook
Jan  5 15:25:07 localhost  [HookManagerImpl] INFO  Register hook[application-destroy] callback: netcap-hook-application-destroy-hook
Jan  5 15:25:07 localhost  [BaseCloudPluginImpl] INFO  Loading Base Cloud Plugin Class Version 1.0.0 for Version 16.0 appliance - UID afdb-4428-1323-3182
Jan  5 15:25:07 localhost  [CommandCenterPluginImpl] INFO  Loaded class com.untangle.uvm.CommandCenterPluginImpl Version 1.0.0 for Version 16.0 appliance. UID: afdb-4428-1323-3182
Jan  5 15:25:07 localhost  [PluginManagerImpl] INFO  Loaded    plugin: com.untangle.uvm.CommandCenterPluginImpl
Jan  5 15:25:07 localhost  [PluginManagerImpl] INFO  Starting  plugin: com.untangle.uvm.CommandCenterPluginImpl
Jan  5 15:25:07 localhost  [PluginManagerImpl] INFO  Started   plugin: com.untangle.uvm.CommandCenterPluginImpl Thread[Thread-10,5,main]
Jan  5 15:25:07 localhost  [PluginManagerImpl] INFO  Loading   plugin: com.untangle.uvm.AlertPluginImpl
Jan  5 15:25:07 localhost  [HookManagerImpl] INFO  Register hook[uvm-settings-change] callback: command-center-plugin-settings-hook
Jan  5 15:25:07 localhost  [HookManagerImpl] INFO  Register hook[license-change] callback: command-center-plugin-license-hook
Jan  5 15:25:07 localhost  [BaseCloudPluginImpl] INFO  Loading Base Cloud Plugin Class Version 1.0.0 for Version 16.0 appliance - UID afdb-4428-1323-3182
Jan  5 15:25:07 localhost  [AlertPluginImpl] INFO  Loaded class com.untangle.uvm.AlertPluginImpl Version 1.0.0 for Version 16.0 appliance. UID: afdb-4428-1323-3182
Jan  5 15:25:07 localhost  [PluginManagerImpl] INFO  Loaded    plugin: com.untangle.uvm.AlertPluginImpl
Jan  5 15:25:07 localhost  [PluginManagerImpl] INFO  Starting  plugin: com.untangle.uvm.AlertPluginImpl
Jan  5 15:25:07 localhost  [PluginManagerImpl] INFO  Started   plugin: com.untangle.uvm.AlertPluginImpl Thread[Thread-12,5,main]
Jan  5 15:25:07 localhost  [PluginManagerImpl] INFO  Loading   plugin: com.untangle.uvm.BasePluginImpl
Jan  5 15:25:07 localhost  [AlertPluginImpl] INFO  Loading Alert Plugin Version 1.0.0 for Version 16.0 appliance - UID afdb-4428-1323-3182
Jan  5 15:25:07 localhost  [HookManagerImpl] INFO  Register hook[reports-event-logged] callback: alert-plugin-alert-hook
Jan  5 15:25:07 localhost  [HookManagerImpl] INFO  Register hook[uvm-settings-change] callback: alert-plugin-settings-hook
Jan  5 15:25:07 localhost  [HookManagerImpl] INFO  Register hook[license-change] callback: alert-plugin-license-hook
Jan  5 15:25:07 localhost  [PluginManagerImpl] INFO  Loaded    plugin: com.untangle.uvm.BasePluginImpl
Jan  5 15:25:07 localhost  [PluginManagerImpl] INFO  Starting  plugin: com.untangle.uvm.BasePluginImpl
Jan  5 15:25:07 localhost  [PluginManagerImpl] INFO  Started   plugin: com.untangle.uvm.BasePluginImpl Thread[Thread-13,5,main]
Jan  5 15:25:08 localhost  [PluginManagerImpl] INFO  Loading   plugin: com.untangle.uvm.BaseCloudPluginImpl
Jan  5 15:25:08 localhost  [BaseCloudPluginImpl] INFO  Loading Base Cloud Plugin Class Version 1.0.0 for Version 16.0 appliance - UID afdb-4428-1323-3182
Jan  5 15:25:08 localhost  [PluginManagerImpl] INFO  Loaded    plugin: com.untangle.uvm.BaseCloudPluginImpl
Jan  5 15:25:08 localhost  [PluginManagerImpl] INFO  Starting  plugin: com.untangle.uvm.BaseCloudPluginImpl
Jan  5 15:25:08 localhost  [PluginManagerImpl] INFO  Started   plugin: com.untangle.uvm.BaseCloudPluginImpl Thread[Thread-15,5,main]
Jan  5 15:25:08 localhost  [HookManagerImpl] INFO  Register hook[application-instantiate] callback: uvmcontext-application-instantiate-hook
Jan  5 15:25:08 localhost  [HookManagerImpl] INFO  Register hook[application-destroy] callback: uvmcontext-application-destroy-hook
Jan  5 15:25:19 localhost  [CertCacheManagerImpl] WARN  Exception(readHandshakeRecord) fetching server certificate from 17.57.144.7
Jan  5 15:25:34 localhost  [HostsFileManagerImpl] INFO  Detected 4 new or modified interface status files. Updating hosts file
Jan  5 15:25:34 localhost  [ExecManagerImpl] INFO  ExecManager.exec(/usr/share/untangle/bin/ut-update-hosts-file burnside.mackaystruckcenter.ca)
Jan  5 15:25:34 localhost  [ExecManagerImpl] INFO  ExecManager.exec(/usr/share/untangle/bin/ut-update-hosts-file burnside.mackaystruckcenter.ca) = 0 took 69 ms.
Jan  5 15:25:34 localhost  [ExecManagerImpl] INFO  ExecManager.exec(killall -HUP dnsmasq)
Jan  5 15:25:34 localhost  [ExecManagerImpl] INFO  ExecManager.exec(killall -HUP dnsmasq) = 0 took 22 ms.
Jan  5 15:25:43 localhost  [ExecManagerImpl] INFO  ExecManager.exec(/usr/share/untangle/bin/ut-virtual-detect.py)
Jan  5 15:25:43 localhost  [ExecManagerImpl] INFO  ExecManager.exec(/usr/share/untangle/bin/ut-virtual-detect.py) = 0 took 106 ms.
Jan  5 15:25:43 localhost  [ExecManagerImpl] INFO  ExecManager.exec(dpkg-query -f '${Version}\n' -W untangle-vm)
Jan  5 15:25:43 localhost  [ExecManagerImpl] INFO  ExecManager.exec(dpkg-query -f '${Version}\n' -W untangle-vm) = 0 took 98 ms.
Jan  5 15:25:43 localhost  [SystemManagerImpl] INFO  getTimeZoneOffset calculated value = -14400000
Jan  5 15:25:54 localhost  [ExecManagerImpl] INFO  ExecManager.exec(apt-get -s dist-upgrade | grep -q '^Inst')
Jan  5 15:25:55 localhost  [ExecManagerImpl] INFO  ExecManager.exec(apt-get -s dist-upgrade | grep -q '^Inst') = 1 took 973 ms.
Jan  5 15:25:55 localhost  [ExecManagerImpl] INFO  ExecManager.exec(/usr/share/untangle/bin/ut-dns-test 24.222.0.96 updates.untangle.com)
Jan  5 15:25:56 localhost  [ExecManagerImpl] INFO  ExecManager.exec(/usr/share/untangle/bin/ut-dns-test 24.222.0.96 updates.untangle.com) = 0 took 573 ms.
Jan  5 15:25:56 localhost  [ExecManagerImpl] INFO  ExecManager.exec(/usr/share/untangle/bin/ut-dns-test 24.222.0.97 updates.untangle.com)
Jan  5 15:25:56 localhost  [ExecManagerImpl] INFO  ExecManager.exec(/usr/share/untangle/bin/ut-dns-test 24.222.0.97 updates.untangle.com) = 0 took 188 ms.
Jan  5 15:25:56 localhost  [ExecManagerImpl] INFO  ExecManager.exec(/usr/bin/pyconnector-status)
Jan  5 15:25:57 localhost  [ExecManagerImpl] INFO  ExecManager.exec(/usr/bin/pyconnector-status) = 0 took 214 ms.
Jan  5 15:25:57 localhost  [ExecManagerImpl] INFO  ExecManager.exec(df -k / | awk '/\//{printf("%d",$5)}')
Jan  5 15:25:57 localhost  [ExecManagerImpl] INFO  ExecManager.exec(df -k / | awk '/\//{printf("%d",$5)}') = 0 took 59 ms.
Jan  5 15:25:57 localhost  [ExecManagerImpl] INFO  ExecManager.exec(tail -n 15000 /var/log/kern.log | grep -m1 -B3 'DRDY ERR')
Jan  5 15:25:57 localhost  [ExecManagerImpl] INFO  ExecManager.exec(tail -n 15000 /var/log/kern.log | grep -m1 -B3 'DRDY ERR') = 1 took 55 ms.
Jan  5 15:25:57 localhost  [ExecManagerImpl] INFO  ExecManager.exec(tail -n 15000 /var/log/kern.log | grep -v 'dev fd0' | grep -m1 -B3 'I/O error')
Jan  5 15:25:57 localhost  [ExecManagerImpl] INFO  ExecManager.exec(tail -n 15000 /var/log/kern.log | grep -v 'dev fd0' | grep -m1 -B3 'I/O error') = 1 took 38 ms.
Jan  5 15:25:57 localhost  [ExecManagerImpl] INFO  ExecManager.exec(/bin/egrep -q '^Status:.*(half-configured|triggers-pending)' /var/lib/dpkg/status)
Jan  5 15:25:57 localhost  [ExecManagerImpl] INFO  ExecManager.exec(/bin/egrep -q '^Status:.*(half-configured|triggers-pending)' /var/lib/dpkg/status) = 1 took 41 ms.
Jan  5 15:25:57 localhost  [ExecManagerImpl] INFO  ExecManager.exec(ifconfig eth0 | awk '/errors/ {print $3}')
Jan  5 15:25:57 localhost  [ExecManagerImpl] INFO  ExecManager.exec(ifconfig eth0 | awk '/errors/ {print $3}') = 0 took 28 ms.
Jan  5 15:25:57 localhost  [ExecManagerImpl] INFO  ExecManager.exec(ifconfig eth1 | awk '/errors/ {print $3}')
Jan  5 15:25:57 localhost  [ExecManagerImpl] INFO  ExecManager.exec(ifconfig eth1 | awk '/errors/ {print $3}') = 0 took 22 ms.
Jan  5 15:25:57 localhost  [ExecManagerImpl] INFO  ExecManager.exec(/usr/bin/pgrep dnsmasq)
Jan  5 15:25:57 localhost  [ExecManagerImpl] INFO  ExecManager.exec(/usr/bin/pgrep dnsmasq) = 0 took 42 ms.
Jan  5 15:25:57 localhost  [ExecManagerImpl] INFO  ExecManager.exec(arp -n 192.168.1.2 | grep -q ether)
Jan  5 15:25:57 localhost  [ExecManagerImpl] INFO  ExecManager.exec(arp -n 192.168.1.2 | grep -q ether) = 0 took 44 ms.
Jan  5 15:25:57 localhost  [ExecManagerImpl] INFO  ExecManager.exec(arp -n 192.168.1.2 | grep -q ether)
Jan  5 15:25:57 localhost  [ExecManagerImpl] INFO  ExecManager.exec(arp -n 192.168.1.2 | grep -q ether) = 0 took 17 ms.
Jan  5 15:25:57 localhost  [ExecManagerImpl] INFO  ExecManager.exec(arp -n 192.168.1.2 | grep -q ether)
Jan  5 15:25:57 localhost  [ExecManagerImpl] INFO  ExecManager.exec(arp -n 192.168.1.2 | grep -q ether) = 0 took 20 ms.
Jan  5 15:25:57 localhost  [ExecManagerImpl] INFO  ExecManager.exec(arp -n 192.168.1.2 | grep -q ether)
Jan  5 15:25:57 localhost  [ExecManagerImpl] INFO  ExecManager.exec(arp -n 192.168.1.2 | grep -q ether) = 0 took 59 ms.
Jan  5 15:26:09 localhost  [ExecManagerImpl] INFO  ExecManager.exec(apt-get -s dist-upgrade | grep -q '^Inst')
Jan  5 15:26:10 localhost  [ExecManagerImpl] INFO  ExecManager.exec(apt-get -s dist-upgrade | grep -q '^Inst') = 1 took 428 ms.
Jan  5 15:26:10 localhost  [ExecManagerImpl] INFO  ExecManager.exec(/usr/share/untangle/bin/ut-dns-test 24.222.0.96 updates.untangle.com)
Jan  5 15:26:10 localhost  [ExecManagerImpl] INFO  ExecManager.exec(/usr/share/untangle/bin/ut-dns-test 24.222.0.96 updates.untangle.com) = 0 took 124 ms.
Jan  5 15:26:10 localhost  [ExecManagerImpl] INFO  ExecManager.exec(dpkg-query -f '${Version}\n' -W untangle-vm)
Jan  5 15:26:10 localhost  [ExecManagerImpl] INFO  ExecManager.exec(dpkg-query -f '${Version}\n' -W untangle-vm) = 0 took 79 ms.
Jan  5 15:26:10 localhost  [ExecManagerImpl] INFO  ExecManager.exec(/usr/share/untangle/bin/ut-dns-test 24.222.0.97 updates.untangle.com)
Jan  5 15:26:10 localhost  [SystemManagerImpl] INFO  getTimeZoneOffset calculated value = -14400000
Jan  5 15:26:10 localhost  [ExecManagerImpl] INFO  ExecManager.exec(/usr/share/untangle/bin/ut-dns-test 24.222.0.97 updates.untangle.com) = 0 took 127 ms.
Jan  5 15:26:10 localhost  [ExecManagerImpl] INFO  ExecManager.exec(/usr/bin/pyconnector-status)
Jan  5 15:26:10 localhost  [ExecManagerImpl] INFO  ExecManager.exec(/usr/bin/pyconnector-status) = 0 took 130 ms.
Jan  5 15:26:10 localhost  [ExecManagerImpl] INFO  ExecManager.exec(df -k / | awk '/\//{printf("%d",$5)}')
Jan  5 15:26:11 localhost  [ExecManagerImpl] INFO  ExecManager.exec(df -k / | awk '/\//{printf("%d",$5)}') = 0 took 20 ms.
Jan  5 15:26:11 localhost  [ExecManagerImpl] INFO  ExecManager.exec(tail -n 15000 /var/log/kern.log | grep -m1 -B3 'DRDY ERR')
Jan  5 15:26:11 localhost  [ExecManagerImpl] INFO  ExecManager.exec(tail -n 15000 /var/log/kern.log | grep -m1 -B3 'DRDY ERR') = 1 took 18 ms.
Jan  5 15:26:11 localhost  [ExecManagerImpl] INFO  ExecManager.exec(tail -n 15000 /var/log/kern.log | grep -v 'dev fd0' | grep -m1 -B3 'I/O error')
Jan  5 15:26:11 localhost  [ExecManagerImpl] INFO  ExecManager.exec(tail -n 15000 /var/log/kern.log | grep -v 'dev fd0' | grep -m1 -B3 'I/O error') = 1 took 16 ms.
Jan  5 15:26:11 localhost  [ExecManagerImpl] INFO  ExecManager.exec(/bin/egrep -q '^Status:.*(half-configured|triggers-pending)' /var/lib/dpkg/status)
Jan  5 15:26:11 localhost  [ExecManagerImpl] INFO  ExecManager.exec(/bin/egrep -q '^Status:.*(half-configured|triggers-pending)' /var/lib/dpkg/status) = 1 took 29 ms.
Jan  5 15:26:11 localhost  [ExecManagerImpl] INFO  ExecManager.exec(ifconfig eth0 | awk '/errors/ {print $3}')
Jan  5 15:26:11 localhost  [ExecManagerImpl] INFO  ExecManager.exec(ifconfig eth0 | awk '/errors/ {print $3}') = 0 took 22 ms.
Jan  5 15:26:11 localhost  [ExecManagerImpl] INFO  ExecManager.exec(ifconfig eth1 | awk '/errors/ {print $3}')
Jan  5 15:26:11 localhost  [ExecManagerImpl] INFO  ExecManager.exec(ifconfig eth1 | awk '/errors/ {print $3}') = 0 took 16 ms.
Jan  5 15:26:11 localhost  [ExecManagerImpl] INFO  ExecManager.exec(/usr/bin/pgrep dnsmasq)
Jan  5 15:26:11 localhost  [ExecManagerImpl] INFO  ExecManager.exec(/usr/bin/pgrep dnsmasq) = 0 took 35 ms.
Jan  5 15:26:11 localhost  [ExecManagerImpl] INFO  ExecManager.exec(arp -n 192.168.1.2 | grep -q ether)
Jan  5 15:26:11 localhost  [ExecManagerImpl] INFO  ExecManager.exec(arp -n 192.168.1.2 | grep -q ether) = 0 took 18 ms.
Jan  5 15:26:11 localhost  [ExecManagerImpl] INFO  ExecManager.exec(arp -n 192.168.1.2 | grep -q ether)
Jan  5 15:26:11 localhost  [ExecManagerImpl] INFO  ExecManager.exec(arp -n 192.168.1.2 | grep -q ether) = 0 took 14 ms.
Jan  5 15:26:11 localhost  [ExecManagerImpl] INFO  ExecManager.exec(arp -n 192.168.1.2 | grep -q ether)
Jan  5 15:26:11 localhost  [ExecManagerImpl] INFO  ExecManager.exec(arp -n 192.168.1.2 | grep -q ether) = 0 took 14 ms.
Jan  5 15:26:11 localhost  [ExecManagerImpl] INFO  ExecManager.exec(arp -n 192.168.1.2 | grep -q ether)
Jan  5 15:26:11 localhost  [ExecManagerImpl] INFO  ExecManager.exec(arp -n 192.168.1.2 | grep -q ether) = 0 took 17 ms.
Jan  5 15:26:15 localhost  [ExecManagerImpl] INFO  ExecManager.exec(apt-get -s dist-upgrade | grep -q '^Inst')
Jan  5 15:26:15 localhost  [ExecManagerImpl] INFO  ExecManager.exec(apt-get -s dist-upgrade | grep -q '^Inst') = 1 took 561 ms.
Jan  5 15:26:15 localhost  [ExecManagerImpl] INFO  ExecManager.exec(/usr/share/untangle/bin/ut-dns-test 24.222.0.96 updates.untangle.com)
Jan  5 15:26:15 localhost  [ExecManagerImpl] INFO  ExecManager.exec(/usr/share/untangle/bin/ut-dns-test 24.222.0.96 updates.untangle.com) = 0 took 148 ms.
Jan  5 15:26:15 localhost  [ExecManagerImpl] INFO  ExecManager.exec(/usr/share/untangle/bin/ut-dns-test 24.222.0.97 updates.untangle.com)
Jan  5 15:26:18 localhost  [ExecManagerImpl] INFO  ExecManager.exec(/usr/share/untangle/bin/ut-dns-test 24.222.0.97 updates.untangle.com) = 0 took 2175 ms.
Jan  5 15:26:18 localhost  [ExecManagerImpl] INFO  ExecManager.exec(/usr/bin/pyconnector-status)
Jan  5 15:26:18 localhost  [ExecManagerImpl] INFO  ExecManager.exec(/usr/bin/pyconnector-status) = 0 took 174 ms.
Jan  5 15:26:18 localhost  [ExecManagerImpl] INFO  ExecManager.exec(df -k / | awk '/\//{printf("%d",$5)}')
Jan  5 15:26:18 localhost  [ExecManagerImpl] INFO  ExecManager.exec(df -k / | awk '/\//{printf("%d",$5)}') = 0 took 27 ms.
Jan  5 15:26:18 localhost  [ExecManagerImpl] INFO  ExecManager.exec(tail -n 15000 /var/log/kern.log | grep -m1 -B3 'DRDY ERR')
Jan  5 15:26:18 localhost  [ExecManagerImpl] INFO  ExecManager.exec(tail -n 15000 /var/log/kern.log | grep -m1 -B3 'DRDY ERR') = 1 took 22 ms.
Jan  5 15:26:18 localhost  [ExecManagerImpl] INFO  ExecManager.exec(tail -n 15000 /var/log/kern.log | grep -v 'dev fd0' | grep -m1 -B3 'I/O error')
Jan  5 15:26:18 localhost  [ExecManagerImpl] INFO  ExecManager.exec(tail -n 15000 /var/log/kern.log | grep -v 'dev fd0' | grep -m1 -B3 'I/O error') = 1 took 28 ms.
Jan  5 15:26:18 localhost  [ExecManagerImpl] INFO  ExecManager.exec(/bin/egrep -q '^Status:.*(half-configured|triggers-pending)' /var/lib/dpkg/status)
Jan  5 15:26:18 localhost  [ExecManagerImpl] INFO  ExecManager.exec(/bin/egrep -q '^Status:.*(half-configured|triggers-pending)' /var/lib/dpkg/status) = 1 took 30 ms.
Jan  5 15:26:18 localhost  [ExecManagerImpl] INFO  ExecManager.exec(ifconfig eth0 | awk '/errors/ {print $3}')
Jan  5 15:26:18 localhost  [ExecManagerImpl] INFO  ExecManager.exec(ifconfig eth0 | awk '/errors/ {print $3}') = 0 took 27 ms.
Jan  5 15:26:18 localhost  [ExecManagerImpl] INFO  ExecManager.exec(ifconfig eth1 | awk '/errors/ {print $3}')
Jan  5 15:26:18 localhost  [ExecManagerImpl] INFO  ExecManager.exec(ifconfig eth1 | awk '/errors/ {print $3}') = 0 took 26 ms.
Jan  5 15:26:18 localhost  [ExecManagerImpl] INFO  ExecManager.exec(/usr/bin/pgrep dnsmasq)
Jan  5 15:26:18 localhost  [ExecManagerImpl] INFO  ExecManager.exec(/usr/bin/pgrep dnsmasq) = 0 took 51 ms.
Jan  5 15:26:18 localhost  [ExecManagerImpl] INFO  ExecManager.exec(arp -n 192.168.1.2 | grep -q ether)
Jan  5 15:26:18 localhost  [ExecManagerImpl] INFO  ExecManager.exec(arp -n 192.168.1.2 | grep -q ether) = 0 took 23 ms.
Jan  5 15:26:18 localhost  [ExecManagerImpl] INFO  ExecManager.exec(arp -n 192.168.1.2 | grep -q ether)
Jan  5 15:26:18 localhost  [ExecManagerImpl] INFO  ExecManager.exec(arp -n 192.168.1.2 | grep -q ether) = 0 took 26 ms.
Jan  5 15:26:18 localhost  [ExecManagerImpl] INFO  ExecManager.exec(arp -n 192.168.1.2 | grep -q ether)
Jan  5 15:26:18 localhost  [ExecManagerImpl] INFO  ExecManager.exec(arp -n 192.168.1.2 | grep -q ether) = 0 took 17 ms.
Jan  5 15:26:18 localhost  [ExecManagerImpl] INFO  ExecManager.exec(arp -n 192.168.1.2 | grep -q ether)
Jan  5 15:26:18 localhost  [ExecManagerImpl] INFO  ExecManager.exec(arp -n 192.168.1.2 | grep -q ether) = 0 took 15 ms.
Jan  5 15:26:24 localhost  [ExecManagerImpl] INFO  ExecManager.exec(apt-get -s dist-upgrade | grep -q '^Inst')
Jan  5 15:26:24 localhost  [ExecManagerImpl] INFO  ExecManager.exec(apt-get -s dist-upgrade | grep -q '^Inst') = 1 took 329 ms.
Jan  5 15:26:24 localhost  [ExecManagerImpl] INFO  ExecManager.exec(/usr/share/untangle/bin/ut-dns-test 24.222.0.96 updates.untangle.com)
Jan  5 15:26:24 localhost  [ExecManagerImpl] INFO  ExecManager.exec(/usr/share/untangle/bin/ut-dns-test 24.222.0.96 updates.untangle.com) = 0 took 76 ms.
Jan  5 15:26:24 localhost  [ExecManagerImpl] INFO  ExecManager.exec(/usr/share/untangle/bin/ut-dns-test 24.222.0.97 updates.untangle.com)
Jan  5 15:26:24 localhost  [ExecManagerImpl] INFO  ExecManager.exec(/usr/share/untangle/bin/ut-dns-test 24.222.0.97 updates.untangle.com) = 0 took 80 ms.
Jan  5 15:26:24 localhost  [ExecManagerImpl] INFO  ExecManager.exec(/usr/bin/pyconnector-status)
Jan  5 15:26:24 localhost  [ExecManagerImpl] INFO  ExecManager.exec(/usr/bin/pyconnector-status) = 0 took 131 ms.
Jan  5 15:26:24 localhost  [ExecManagerImpl] INFO  ExecManager.exec(df -k / | awk '/\//{printf("%d",$5)}')
Jan  5 15:26:24 localhost  [ExecManagerImpl] INFO  ExecManager.exec(df -k / | awk '/\//{printf("%d",$5)}') = 0 took 25 ms.
Jan  5 15:26:24 localhost  [ExecManagerImpl] INFO  ExecManager.exec(tail -n 15000 /var/log/kern.log | grep -m1 -B3 'DRDY ERR')
Jan  5 15:26:24 localhost  [ExecManagerImpl] INFO  ExecManager.exec(tail -n 15000 /var/log/kern.log | grep -m1 -B3 'DRDY ERR') = 1 took 16 ms.
Jan  5 15:26:24 localhost  [ExecManagerImpl] INFO  ExecManager.exec(tail -n 15000 /var/log/kern.log | grep -v 'dev fd0' | grep -m1 -B3 'I/O error')
Jan  5 15:26:25 localhost  [ExecManagerImpl] INFO  ExecManager.exec(tail -n 15000 /var/log/kern.log | grep -v 'dev fd0' | grep -m1 -B3 'I/O error') = 1 took 25 ms.
Jan  5 15:26:25 localhost  [ExecManagerImpl] INFO  ExecManager.exec(/bin/egrep -q '^Status:.*(half-configured|triggers-pending)' /var/lib/dpkg/status)
Jan  5 15:26:25 localhost  [ExecManagerImpl] INFO  ExecManager.exec(/bin/egrep -q '^Status:.*(half-configured|triggers-pending)' /var/lib/dpkg/status) = 1 took 28 ms.
Jan  5 15:26:25 localhost  [ExecManagerImpl] INFO  ExecManager.exec(ifconfig eth0 | awk '/errors/ {print $3}')
Jan  5 15:26:25 localhost  [ExecManagerImpl] INFO  ExecManager.exec(ifconfig eth0 | awk '/errors/ {print $3}') = 0 took 23 ms.
Jan  5 15:26:25 localhost  [ExecManagerImpl] INFO  ExecManager.exec(ifconfig eth1 | awk '/errors/ {print $3}')
Jan  5 15:26:25 localhost  [ExecManagerImpl] INFO  ExecManager.exec(ifconfig eth1 | awk '/errors/ {print $3}') = 0 took 18 ms.
Jan  5 15:26:25 localhost  [ExecManagerImpl] INFO  ExecManager.exec(/usr/bin/pgrep dnsmasq)
Jan  5 15:26:25 localhost  [ExecManagerImpl] INFO  ExecManager.exec(/usr/bin/pgrep dnsmasq) = 0 took 30 ms.
Jan  5 15:26:25 localhost  [ExecManagerImpl] INFO  ExecManager.exec(arp -n 192.168.1.2 | grep -q ether)
Jan  5 15:26:25 localhost  [ExecManagerImpl] INFO  ExecManager.exec(arp -n 192.168.1.2 | grep -q ether) = 0 took 12 ms.
Jan  5 15:26:25 localhost  [ExecManagerImpl] INFO  ExecManager.exec(arp -n 192.168.1.2 | grep -q ether)
Jan  5 15:26:25 localhost  [ExecManagerImpl] INFO  ExecManager.exec(arp -n 192.168.1.2 | grep -q ether) = 0 took 12 ms.
Jan  5 15:26:25 localhost  [ExecManagerImpl] INFO  ExecManager.exec(arp -n 192.168.1.2 | grep -q ether)
Jan  5 15:26:25 localhost  [ExecManagerImpl] INFO  ExecManager.exec(arp -n 192.168.1.2 | grep -q ether) = 0 took 13 ms.
Jan  5 15:26:25 localhost  [ExecManagerImpl] INFO  ExecManager.exec(arp -n 192.168.1.2 | grep -q ether)
Jan  5 15:26:25 localhost  [ExecManagerImpl] INFO  ExecManager.exec(arp -n 192.168.1.2 | grep -q ether) = 0 took 15 ms.
Jan  5 15:29:43 localhost  [ExecManagerImpl] INFO  ExecManager.exec(pgrep clamd | wc -l)
Jan  5 15:29:43 localhost  [ExecManagerImpl] INFO  ExecManager.exec(pgrep clamd | wc -l) = 0 took 28 ms.
Jan  5 15:29:43 localhost  [DaemonManagerImpl] WARN  Found 0 instances of daemon/search: "clamd"
Jan  5 15:29:43 localhost  [DaemonManagerImpl] WARN  Restarting failed daemon: clamav-daemon
Jan  5 15:29:43 localhost  [ExecManagerImpl] INFO  ExecManager.exec(systemctl restart clamav-daemon)
Jan  5 15:29:43 localhost  [ExecManagerImpl] INFO  ExecManager.exec(systemctl restart clamav-daemon) = 0 took 60 ms.
Jan  5 15:29:43 localhost  [DaemonManagerImpl] INFO  systemctl restart clamav-daemon: 
Jan  5 15:34:12 localhost  [CertCacheManagerImpl] INFO  CertCache Fetch 52.167.249.196 SubjectDN(CN=settings.data.microsoft.com, O=Microsoft Corporation, L=Redmond, ST=WA, C=US) IssuerDN(CN=Microsoft Azure TLS Issuing CA 06, O=Microsoft Corporation, C=US)
Jan  5 15:34:48 localhost  [ExecManagerImpl] INFO  ExecManager.exec(pgrep clamd | wc -l)
Jan  5 15:34:48 localhost  [ExecManagerImpl] INFO  ExecManager.exec(pgrep clamd | wc -l) = 0 took 27 ms.
Jan  5 15:34:48 localhost  [DaemonManagerImpl] WARN  Found 0 instances of daemon/search: "clamd"
Jan  5 15:34:48 localhost  [DaemonManagerImpl] WARN  Restarting failed daemon: clamav-daemon
Jan  5 15:34:48 localhost  [ExecManagerImpl] INFO  ExecManager.exec(systemctl restart clamav-daemon)
Jan  5 15:34:48 localhost  [ExecManagerImpl] INFO  ExecManager.exec(systemctl restart clamav-daemon) = 0 took 49 ms.
Jan  5 15:34:48 localhost  [DaemonManagerImpl] INFO  systemctl restart clamav-daemon: 
Jan  5 15:39:53 localhost  [ExecManagerImpl] INFO  ExecManager.exec(pgrep clamd | wc -l)
Jan  5 15:39:53 localhost  [ExecManagerImpl] INFO  ExecManager.exec(pgrep clamd | wc -l) = 0 took 29 ms.
Jan  5 15:39:53 localhost  [DaemonManagerImpl] WARN  Found 0 instances of daemon/search: "clamd"
Jan  5 15:39:53 localhost  [DaemonManagerImpl] WARN  Restarting failed daemon: clamav-daemon
Jan  5 15:39:53 localhost  [ExecManagerImpl] INFO  ExecManager.exec(systemctl restart clamav-daemon)
Jan  5 15:39:53 localhost  [ExecManagerImpl] INFO  ExecManager.exec(systemctl restart clamav-daemon) = 0 took 54 ms.
Jan  5 15:39:53 localhost  [DaemonManagerImpl] INFO  systemctl restart clamav-daemon: 
