Sep 25 09:20:09 localhost app-79: [ThreatPreventionApp] <> INFO  Loading Settings...
Sep 25 09:20:09 localhost app-79: [AppBase] <> INFO  killMatchingSessions()
Sep 25 09:23:49 localhost app-79: [AppBase] <> INFO  No valid license for: threat-prevention
Sep 25 09:23:49 localhost app-79: [AppBase] <> INFO  Requesting trial for: threat-prevention
Sep 25 09:24:10 localhost app-79: [AppBase] <> WARN  Exception fetching trial license. Ignoring...
Sep 25 09:24:10 localhost app-79:       java.lang.Exception: Unable to fetch trial license: DNS lookup failed.
Sep 25 09:24:10 localhost app-79:       com.untangle.app.license.LicenseManagerImpl.requestTrialLicense(LicenseManagerImpl.java:493)
Sep 25 09:24:10 localhost app-79:       com.untangle.uvm.app.AppBase.init(AppBase.java:857)
Sep 25 09:24:10 localhost app-79:       com.untangle.uvm.app.AppBase.resumeState(AppBase.java:241)
Sep 25 09:24:10 localhost app-79:       com.untangle.uvm.app.AppBase.loadClass(AppBase.java:373)
Sep 25 09:24:10 localhost app-79:       com.untangle.uvm.AppManagerImpl$3.run(AppManagerImpl.java:1128)
Sep 25 09:24:10 localhost app-79:       com.untangle.uvm.UvmContextImpl$1.run(UvmContextImpl.java:654)
Sep 25 09:24:10 localhost app-79:       java.base/java.lang.Thread.run(Thread.java:834)
Sep 25 09:24:10 localhost app-79: [ThreatPreventionApp] <> INFO  Loading Settings...
Sep 25 09:24:10 localhost app-79: [AppBase] <> INFO  killMatchingSessions()
Sep 25 09:27:24 localhost app-79: [AppBase] <> INFO  No valid license for: threat-prevention
Sep 25 09:27:24 localhost app-79: [AppBase] <> INFO  Requesting trial for: threat-prevention
Sep 25 09:27:46 localhost app-79: [AppBase] <> WARN  Exception fetching trial license. Ignoring...
Sep 25 09:27:46 localhost app-79:       java.lang.Exception: Unable to fetch trial license: DNS lookup failed.
Sep 25 09:27:46 localhost app-79:       com.untangle.app.license.LicenseManagerImpl.requestTrialLicense(LicenseManagerImpl.java:493)
Sep 25 09:27:46 localhost app-79:       com.untangle.uvm.app.AppBase.init(AppBase.java:857)
Sep 25 09:27:46 localhost app-79:       com.untangle.uvm.app.AppBase.resumeState(AppBase.java:241)
Sep 25 09:27:46 localhost app-79:       com.untangle.uvm.app.AppBase.loadClass(AppBase.java:373)
Sep 25 09:27:46 localhost app-79:       com.untangle.uvm.AppManagerImpl$3.run(AppManagerImpl.java:1128)
Sep 25 09:27:46 localhost app-79:       com.untangle.uvm.UvmContextImpl$1.run(UvmContextImpl.java:654)
Sep 25 09:27:46 localhost app-79:       java.base/java.lang.Thread.run(Thread.java:834)
Sep 25 09:27:46 localhost app-79: [ThreatPreventionApp] <> INFO  Loading Settings...
Sep 25 09:27:46 localhost app-79: [AppBase] <> INFO  killMatchingSessions()
Sep 25 09:31:03 localhost app-79: [AppBase] <> INFO  No valid license for: threat-prevention
Sep 25 09:31:03 localhost app-79: [AppBase] <> INFO  Requesting trial for: threat-prevention
Sep 25 09:31:25 localhost app-79: [AppBase] <> WARN  Exception fetching trial license. Ignoring...
Sep 25 09:31:25 localhost app-79:       java.lang.Exception: Unable to fetch trial license: DNS lookup failed.
Sep 25 09:31:25 localhost app-79:       com.untangle.app.license.LicenseManagerImpl.requestTrialLicense(LicenseManagerImpl.java:493)
Sep 25 09:31:25 localhost app-79:       com.untangle.uvm.app.AppBase.init(AppBase.java:857)
Sep 25 09:31:25 localhost app-79:       com.untangle.uvm.app.AppBase.resumeState(AppBase.java:241)
Sep 25 09:31:25 localhost app-79:       com.untangle.uvm.app.AppBase.loadClass(AppBase.java:373)
Sep 25 09:31:25 localhost app-79:       com.untangle.uvm.AppManagerImpl$3.run(AppManagerImpl.java:1128)
Sep 25 09:31:25 localhost app-79:       com.untangle.uvm.UvmContextImpl$1.run(UvmContextImpl.java:654)
Sep 25 09:31:25 localhost app-79:       java.base/java.lang.Thread.run(Thread.java:834)
Sep 25 09:31:25 localhost app-79: [ThreatPreventionApp] <> INFO  Loading Settings...
Sep 25 09:31:25 localhost app-79: [AppBase] <> INFO  killMatchingSessions()
Sep 25 09:33:59 localhost app-79: [AppBase] <> INFO  No valid license for: threat-prevention
Sep 25 09:33:59 localhost app-79: [AppBase] <> INFO  Requesting trial for: threat-prevention
Sep 25 09:34:13 localhost app-79: [ThreatPreventionApp] <> INFO  Loading Settings...
Sep 25 09:34:13 localhost app-79: [AppBase] <> INFO  killMatchingSessions()
Sep 25 09:38:02 localhost app-79: [ThreatPreventionApp] <> INFO  Loading Settings...
Sep 25 09:38:02 localhost app-79: [AppBase] <> INFO  killMatchingSessions()
Sep 25 09:40:50 localhost app-79: [ThreatPreventionApp] <> INFO  Loading Settings...
Sep 25 09:40:50 localhost app-79: [AppBase] <> INFO  killMatchingSessions()
Sep 25 09:42:24 localhost app-79: [ThreatPreventionApp] <> INFO  Loading Settings...
Sep 25 09:42:24 localhost app-79: [AppBase] <> INFO  killMatchingSessions()
Sep 25 09:45:40 localhost app-79: [ThreatPreventionApp] <> INFO  Loading Settings...
Sep 25 09:45:40 localhost app-79: [AppBase] <> INFO  killMatchingSessions()
Sep 25 09:52:47 localhost app-79: [ThreatPreventionApp] <> INFO  Loading Settings...
Sep 25 09:52:47 localhost app-79: [AppBase] <> INFO  killMatchingSessions()
Sep 25 09:53:39 localhost app-79: [ThreatPreventionApp] <> INFO  Loading Settings...
Sep 25 09:53:39 localhost app-79: [AppBase] <> INFO  killMatchingSessions()
Sep 25 09:56:04 localhost app-79: [ThreatPreventionApp] <> INFO  Loading Settings...
Sep 25 09:56:04 localhost app-79: [AppBase] <> INFO  killMatchingSessions()
Sep 25 09:56:45 localhost app-79: [ThreatPreventionApp] <> INFO  Loading Settings...
Sep 25 09:56:45 localhost app-79: [AppBase] <> INFO  killMatchingSessions()
Sep 25 09:58:09 localhost app-79: [ThreatPreventionApp] <> INFO  Loading Settings...
Sep 25 09:58:09 localhost app-79: [AppBase] <> INFO  killMatchingSessions()
Sep 25 09:59:30 localhost app-79: [ThreatPreventionApp] <> INFO  Loading Settings...
Sep 25 09:59:30 localhost app-79: [AppBase] <> INFO  killMatchingSessions()
Sep 25 10:00:39 localhost app-79: [ThreatPreventionApp] <> INFO  Loading Settings...
Sep 25 10:00:39 localhost app-79: [AppBase] <> INFO  killMatchingSessions()
Sep 25 10:03:04 localhost app-79: [ThreatPreventionApp] <> INFO  Loading Settings...
Sep 25 10:03:04 localhost app-79: [AppBase] <> INFO  killMatchingSessions()
Sep 25 10:06:29 localhost app-79: [ThreatPreventionApp] <> INFO  Loading Settings...
Sep 25 10:06:29 localhost app-79: [AppBase] <> INFO  killMatchingSessions()
Sep 25 10:08:34 localhost app-79: [ThreatPreventionApp] <> INFO  Loading Settings...
Sep 25 10:08:34 localhost app-79: [AppBase] <> INFO  killMatchingSessions()
Sep 25 10:13:06 localhost app-79: [ThreatPreventionApp] <> INFO  Loading Settings...
Sep 25 10:13:06 localhost app-79: [AppBase] <> INFO  killMatchingSessions()
Sep 25 10:15:24 localhost app-79: [ThreatPreventionApp] <> INFO  Loading Settings...
Sep 25 10:15:24 localhost app-79: [AppBase] <> INFO  killMatchingSessions()
Sep 25 10:16:56 localhost app-79: [ThreatPreventionApp] <> INFO  Loading Settings...
Sep 25 10:16:56 localhost app-79: [AppBase] <> INFO  killMatchingSessions()
Sep 25 10:30:35 localhost app-79: [ThreatPreventionApp] <> INFO  Loading Settings...
Sep 25 10:30:35 localhost app-79: [AppBase] <> INFO  killMatchingSessions()
Sep 25 10:34:26 localhost app-79: [ThreatPreventionApp] <> INFO  Loading Settings...
Sep 25 10:34:26 localhost app-79: [AppBase] <> INFO  killMatchingSessions()
Sep 25 10:37:15 localhost app-79: [ThreatPreventionApp] <> INFO  Loading Settings...
Sep 25 10:37:15 localhost app-79: [AppBase] <> INFO  killMatchingSessions()
Sep 25 10:41:57 localhost app-79: [ThreatPreventionApp] <> INFO  Loading Settings...
Sep 25 10:41:57 localhost app-79: [AppBase] <> INFO  killMatchingSessions()
Sep 25 10:44:49 localhost app-79: [ThreatPreventionApp] <> INFO  Loading Settings...
Sep 25 10:44:49 localhost app-79: [AppBase] <> INFO  killMatchingSessions()
Sep 25 11:01:08 localhost app-79: [ThreatPreventionApp] <> INFO  Loading Settings...
Sep 25 11:01:08 localhost app-79: [AppBase] <> INFO  killMatchingSessions()
Sep 25 11:02:49 localhost app-79: [ThreatPreventionApp] <> INFO  Loading Settings...
Sep 25 11:02:49 localhost app-79: [AppBase] <> INFO  killMatchingSessions()
Sep 25 11:03:33 localhost app-79: [ThreatPreventionApp] <> INFO  Loading Settings...
Sep 25 11:03:33 localhost app-79: [AppBase] <> INFO  killMatchingSessions()
Sep 25 12:20:14 localhost app-79: [ThreatPreventionApp] <> INFO  Loading Settings...
Sep 25 12:20:14 localhost app-79: [AppBase] <> INFO  killMatchingSessions()
Sep 25 12:21:57 localhost app-79: [ThreatPreventionApp] <> INFO  Loading Settings...
Sep 25 12:21:57 localhost app-79: [AppBase] <> INFO  killMatchingSessions()
Sep 25 12:22:50 localhost app-79: [ThreatPreventionApp] <> INFO  Loading Settings...
Sep 25 12:22:50 localhost app-79: [AppBase] <> INFO  killMatchingSessions()
Sep 25 12:23:48 localhost app-79: [ThreatPreventionApp] <> INFO  Loading Settings...
Sep 25 12:23:48 localhost app-79: [AppBase] <> INFO  killMatchingSessions()
Sep 25 12:24:31 localhost app-79: [ThreatPreventionApp] <> INFO  Loading Settings...
Sep 25 12:24:31 localhost app-79: [AppBase] <> INFO  killMatchingSessions()
Sep 25 12:26:11 localhost app-79: [ThreatPreventionApp] <> INFO  Loading Settings...
Sep 25 12:26:11 localhost app-79: [AppBase] <> INFO  killMatchingSessions()
Sep 25 12:27:03 localhost app-79: [ThreatPreventionApp] <> INFO  Loading Settings...
Sep 25 12:27:03 localhost app-79: [AppBase] <> INFO  killMatchingSessions()
Sep 25 13:12:31 localhost app-79: [ThreatPreventionApp] <> INFO  Loading Settings...
Sep 25 13:12:31 localhost app-79: [AppBase] <> INFO  killMatchingSessions()
Sep 25 13:14:56 localhost app-79: [ThreatPreventionApp] <> INFO  Loading Settings...
Sep 25 13:14:56 localhost app-79: [AppBase] <> INFO  killMatchingSessions()
Oct  2 08:05:01 localhost app-79: [ThreatPreventionApp] <> INFO  Loading Settings...
Oct  2 08:05:01 localhost app-79: [AppBase] <> INFO  killMatchingSessions()
Oct 14 08:37:29 localhost app-79: [AppBase] <> INFO  No valid license for: threat-prevention
Oct 14 08:37:29 localhost app-79: [AppBase] <> INFO  Requesting trial for: threat-prevention
Oct 14 08:37:46 localhost app-79: [ThreatPreventionApp] <> INFO  Loading Settings...
Oct 14 08:37:46 localhost app-79: [AppBase] <> INFO  killMatchingSessions()
Oct 14 16:44:31 localhost app-79: [AppBase] <> INFO  No valid license for: threat-prevention
Oct 14 16:44:31 localhost app-79: [AppBase] <> INFO  Requesting trial for: threat-prevention
Oct 14 16:44:41 localhost app-79: [ThreatPreventionApp] <> INFO  Loading Settings...
Oct 14 16:44:41 localhost app-79: [AppBase] <> INFO  killMatchingSessions()
Oct 15 12:41:37 localhost app-79: [AppBase] <> INFO  No valid license for: threat-prevention
Oct 15 12:41:37 localhost app-79: [AppBase] <> INFO  Requesting trial for: threat-prevention
Oct 15 12:42:25 localhost app-79: [ThreatPreventionApp] <> INFO  Loading Settings...
Oct 15 12:42:25 localhost app-79: [AppBase] <> INFO  killMatchingSessions()
Oct 22 09:42:23 localhost app-79: [AppBase] <> INFO  No valid license for: threat-prevention
Oct 22 09:42:23 localhost app-79: [AppBase] <> INFO  Requesting trial for: threat-prevention
Oct 22 09:42:33 localhost app-79: [ThreatPreventionApp] <> INFO  Loading Settings...
Oct 22 09:42:33 localhost app-79: [AppBase] <> INFO  killMatchingSessions()
Nov 11 11:26:12 localhost app-79: [AppBase] <> INFO  No valid license for: threat-prevention
Nov 11 11:26:12 localhost app-79: [AppBase] <> INFO  Requesting trial for: threat-prevention
Nov 11 11:26:35 localhost app-79: [ThreatPreventionApp] <> INFO  Loading Settings...
Nov 11 11:26:35 localhost app-79: [AppBase] <> INFO  killMatchingSessions()
Nov 17 12:18:02 localhost app-79: [AppBase] <> INFO  No valid license for: threat-prevention
Nov 17 12:18:02 localhost app-79: [AppBase] <> INFO  Requesting trial for: threat-prevention
Nov 17 12:18:17 localhost app-79: [ThreatPreventionApp] <> INFO  Loading Settings...
Nov 17 12:18:17 localhost app-79: [AppBase] <> INFO  killMatchingSessions()
Nov 17 12:19:34 localhost app-79: [AppBase] <> INFO  No valid license for: threat-prevention
Nov 17 12:19:34 localhost app-79: [AppBase] <> INFO  Requesting trial for: threat-prevention
Nov 17 12:19:44 localhost app-79: [ThreatPreventionApp] <> INFO  Loading Settings...
Nov 17 12:19:44 localhost app-79: [AppBase] <> INFO  killMatchingSessions()
Nov 23 17:33:53 localhost app-79: [AppBase] <> INFO  No valid license for: threat-prevention
Nov 23 17:33:53 localhost app-79: [AppBase] <> INFO  Requesting trial for: threat-prevention
Nov 23 17:34:14 localhost app-79: [ThreatPreventionApp] <> INFO  Loading Settings...
Nov 23 17:34:14 localhost app-79: [AppBase] <> INFO  killMatchingSessions()
Nov 23 18:13:22 localhost app-79: [AppBase] <> INFO  No valid license for: threat-prevention
Nov 23 18:13:22 localhost app-79: [AppBase] <> INFO  Requesting trial for: threat-prevention
Nov 23 18:13:36 localhost app-79: [ThreatPreventionApp] <> INFO  Loading Settings...
Nov 23 18:13:36 localhost app-79: [AppBase] <> INFO  killMatchingSessions()
Nov 24 08:49:12 localhost app-79: [AppBase] <> INFO  No valid license for: threat-prevention
Nov 24 08:49:12 localhost app-79: [AppBase] <> INFO  Requesting trial for: threat-prevention
Nov 24 08:49:45 localhost app-79: [ThreatPreventionApp] <> INFO  Loading Settings...
Nov 24 08:49:45 localhost app-79: [AppBase] <> INFO  killMatchingSessions()
Dec  7 11:06:22 localhost app-79: [AppBase] <> INFO  No valid license for: threat-prevention
Dec  7 11:06:22 localhost app-79: [AppBase] <> INFO  Requesting trial for: threat-prevention
Dec  7 11:06:39 localhost app-79: [ThreatPreventionApp] <> INFO  Loading Settings...
Dec  7 11:06:39 localhost app-79: [AppBase] <> INFO  killMatchingSessions()
Dec  9 10:53:53 localhost app-79: [AppBase] <> INFO  No valid license for: threat-prevention
Dec  9 10:53:53 localhost app-79: [AppBase] <> INFO  Requesting trial for: threat-prevention
Dec  9 10:54:06 localhost app-79: [ThreatPreventionApp] <> INFO  Loading Settings...
Dec  9 10:54:06 localhost app-79: [AppBase] <> INFO  killMatchingSessions()
Dec  9 14:27:33 localhost app-79: [AppBase] <> INFO  No valid license for: threat-prevention
Dec  9 14:27:33 localhost app-79: [AppBase] <> INFO  Requesting trial for: threat-prevention
Dec  9 14:27:48 localhost app-79: [ThreatPreventionApp] <> INFO  Loading Settings...
Dec  9 14:27:48 localhost app-79: [AppBase] <> INFO  killMatchingSessions()
