Sep 25 09:20:09 localhost app-81: [TunnelVpnApp] <> INFO  Loading Settings...
Sep 25 09:23:48 localhost app-81: [TunnelVpnApp] <> INFO  Loading Settings...
Sep 25 09:23:48 localhost app-81: [TunnelVpnApp] <> WARN  Settings file newer than interfaces files, Syncing...
Sep 25 09:23:48 localhost app-81: [TunnelVpnApp] <> INFO  Cleanup checking: /usr/share/untangle/settings/tunnel-vpn/tunnel-200
Sep 25 09:23:48 localhost app-81: [TunnelVpnApp] <> INFO  syncToSystem()...
Sep 25 09:23:48 localhost app-81: [TunnelVpnApp] <> INFO  Sync Settings: Syncing /usr/share/untangle/settings/tunnel-vpn/settings_81.js to system...
Sep 25 09:23:48 localhost app-81: [TunnelVpnApp] <> INFO  Sync Settings: Wrote /etc/untangle/iptables-rules.d/350-tunnel-vpn
Sep 25 09:23:48 localhost app-81: [TunnelVpnApp] <> INFO  Sync Settings: Wrote /root/development/github/ngfw_src/dist/usr/share/untangle/settings/tunnel-vpn/tunnel-200/auth.txt
Sep 25 09:27:24 localhost app-81: [TunnelVpnApp] <> INFO  Loading Settings...
Sep 25 09:31:01 localhost app-81: [TunnelVpnApp] <> INFO  Loading Settings...
Sep 25 09:33:58 localhost app-81: [TunnelVpnApp] <> INFO  Loading Settings...
Sep 25 09:38:01 localhost app-81: [TunnelVpnApp] <> INFO  Loading Settings...
Sep 25 09:40:49 localhost app-81: [TunnelVpnApp] <> INFO  Loading Settings...
Sep 25 09:42:23 localhost app-81: [TunnelVpnApp] <> INFO  Loading Settings...
Sep 25 09:45:39 localhost app-81: [TunnelVpnApp] <> INFO  Loading Settings...
Sep 25 09:52:47 localhost app-81: [TunnelVpnApp] <> INFO  Loading Settings...
Sep 25 09:53:38 localhost app-81: [TunnelVpnApp] <> INFO  Loading Settings...
Sep 25 09:56:03 localhost app-81: [TunnelVpnApp] <> INFO  Loading Settings...
Sep 25 09:56:45 localhost app-81: [TunnelVpnApp] <> INFO  Loading Settings...
Sep 25 09:58:08 localhost app-81: [TunnelVpnApp] <> INFO  Loading Settings...
Sep 25 09:59:29 localhost app-81: [TunnelVpnApp] <> INFO  Loading Settings...
Sep 25 10:00:37 localhost app-81: [TunnelVpnApp] <> INFO  Loading Settings...
Sep 25 10:03:03 localhost app-81: [TunnelVpnApp] <> INFO  Loading Settings...
Sep 25 10:06:27 localhost app-81: [TunnelVpnApp] <> INFO  Loading Settings...
Sep 25 10:08:33 localhost app-81: [TunnelVpnApp] <> INFO  Loading Settings...
Sep 25 10:13:06 localhost app-81: [TunnelVpnApp] <> INFO  Loading Settings...
Sep 25 10:15:22 localhost app-81: [TunnelVpnApp] <> INFO  Loading Settings...
Sep 25 10:16:55 localhost app-81: [TunnelVpnApp] <> INFO  Loading Settings...
Sep 25 10:30:34 localhost app-81: [TunnelVpnApp] <> INFO  Loading Settings...
Sep 25 10:34:25 localhost app-81: [TunnelVpnApp] <> INFO  Loading Settings...
Sep 25 10:37:13 localhost app-81: [TunnelVpnApp] <> INFO  Loading Settings...
Sep 25 10:41:56 localhost app-81: [TunnelVpnApp] <> INFO  Loading Settings...
Sep 25 10:44:47 localhost app-81: [TunnelVpnApp] <> INFO  Loading Settings...
Sep 25 11:01:07 localhost app-81: [TunnelVpnApp] <> INFO  Loading Settings...
Sep 25 11:02:48 localhost app-81: [TunnelVpnApp] <> INFO  Loading Settings...
Sep 25 11:03:32 localhost app-81: [TunnelVpnApp] <> INFO  Loading Settings...
Sep 25 12:20:13 localhost app-81: [TunnelVpnApp] <> INFO  Loading Settings...
Sep 25 12:21:57 localhost app-81: [TunnelVpnApp] <> INFO  Loading Settings...
Sep 25 12:22:49 localhost app-81: [TunnelVpnApp] <> INFO  Loading Settings...
Sep 25 12:23:47 localhost app-81: [TunnelVpnApp] <> INFO  Loading Settings...
Sep 25 12:24:31 localhost app-81: [TunnelVpnApp] <> INFO  Loading Settings...
Sep 25 12:26:10 localhost app-81: [TunnelVpnApp] <> INFO  Loading Settings...
Sep 25 12:27:02 localhost app-81: [TunnelVpnApp] <> INFO  Loading Settings...
Sep 25 13:12:30 localhost app-81: [TunnelVpnApp] <> INFO  Loading Settings...
Sep 25 13:14:55 localhost app-81: [TunnelVpnApp] <> INFO  Loading Settings...
Oct  2 08:05:00 localhost app-81: [TunnelVpnApp] <> INFO  Loading Settings...
Oct 14 08:37:28 localhost app-81: [TunnelVpnApp] <> INFO  Loading Settings...
Oct 14 16:44:30 localhost app-81: [TunnelVpnApp] <> INFO  Loading Settings...
Oct 15 12:41:36 localhost app-81: [TunnelVpnApp] <> INFO  Loading Settings...
Oct 22 09:42:22 localhost app-81: [TunnelVpnApp] <> INFO  Loading Settings...
Nov 11 11:26:11 localhost app-81: [TunnelVpnApp] <> INFO  Loading Settings...
Nov 17 12:18:02 localhost app-81: [TunnelVpnApp] <> INFO  Loading Settings...
Nov 17 12:19:34 localhost app-81: [TunnelVpnApp] <> INFO  Loading Settings...
Nov 23 17:33:52 localhost app-81: [TunnelVpnApp] <> INFO  Loading Settings...
Nov 23 18:13:22 localhost app-81: [TunnelVpnApp] <> INFO  Loading Settings...
Nov 24 08:49:11 localhost app-81: [TunnelVpnApp] <> INFO  Loading Settings...
Dec  7 11:06:22 localhost app-81: [TunnelVpnApp] <> INFO  Loading Settings...
Dec  9 10:53:53 localhost app-81: [TunnelVpnApp] <> INFO  Loading Settings...
Dec  9 14:27:32 localhost app-81: [TunnelVpnApp] <> INFO  Loading Settings...
