Sep 25 09:20:09 localhost app-45: [WanBalancerApp] <> INFO  Adding Metric [1]: Sessions on External
Sep 25 09:20:09 localhost app-45: [WanBalancerApp] <> INFO  Adding Metric [100]: Sessions on Sonic
Sep 25 09:20:09 localhost app-45: [WanBalancerApp] <> INFO  Adding Metric [101]: Sessions on Comcast Sony
Sep 25 09:20:10 localhost app-45: [WanBalancerApp] <> INFO  Loading Settings...
Sep 25 09:20:10 localhost app-45: [AppBase] <> INFO  Starting   wan-balancer [45] ...
Sep 25 09:20:10 localhost app-45: [AppBase] <> INFO  Started    wan-balancer [45] ...
Sep 25 09:23:48 localhost app-45: [WanBalancerApp] <> INFO  Adding Metric [1]: Sessions on External
Sep 25 09:23:48 localhost app-45: [WanBalancerApp] <> INFO  Adding Metric [100]: Sessions on Sonic
Sep 25 09:23:48 localhost app-45: [WanBalancerApp] <> INFO  Adding Metric [101]: Sessions on Comcast Sony
Sep 25 09:23:48 localhost app-45: [AppBase] <> INFO  No valid license for: wan-balancer
Sep 25 09:23:48 localhost app-45: [AppBase] <> INFO  Requesting trial for: wan-balancer
Sep 25 09:24:10 localhost app-45: [AppBase] <> WARN  Exception fetching trial license. Ignoring...
Sep 25 09:24:10 localhost app-45:       java.lang.Exception: Unable to fetch trial license: DNS lookup failed.
Sep 25 09:24:10 localhost app-45:       com.untangle.app.license.LicenseManagerImpl.requestTrialLicense(LicenseManagerImpl.java:493)
Sep 25 09:24:10 localhost app-45:       com.untangle.uvm.app.AppBase.init(AppBase.java:857)
Sep 25 09:24:10 localhost app-45:       com.untangle.uvm.app.AppBase.resumeState(AppBase.java:245)
Sep 25 09:24:10 localhost app-45:       com.untangle.uvm.app.AppBase.loadClass(AppBase.java:373)
Sep 25 09:24:10 localhost app-45:       com.untangle.uvm.AppManagerImpl$3.run(AppManagerImpl.java:1128)
Sep 25 09:24:10 localhost app-45:       com.untangle.uvm.UvmContextImpl$1.run(UvmContextImpl.java:654)
Sep 25 09:24:10 localhost app-45:       java.base/java.lang.Thread.run(Thread.java:834)
Sep 25 09:24:10 localhost app-45: [WanBalancerApp] <> INFO  Loading Settings...
Sep 25 09:24:10 localhost app-45: [WanBalancerApp] <> WARN  Settings file newer than interfaces files, Syncing...
Sep 25 09:24:12 localhost app-45: [WanBalancerApp] <> INFO  Sync Settings: Syncing /usr/share/untangle/settings/wan-balancer/settings_45.js to system...
Sep 25 09:24:12 localhost app-45: [WanBalancerApp] <> INFO  Sync Settings: Wrote /etc/untangle/iptables-rules.d/330-wan-balancer
Sep 25 09:24:12 localhost app-45: [WanBalancerApp] <> INFO  Sync Settings: Wrote /etc/untangle/post-network-hook.d/040-wan-balancer
Sep 25 09:24:13 localhost app-45: [WanBalancerApp] <> INFO  Adding wan-balancer iptables: 
Sep 25 09:24:13 localhost app-45: [WanBalancerApp] <> INFO  Adding wan-balancer routes  : 
Sep 25 09:24:13 localhost app-45: [AppBase] <> INFO  Starting   wan-balancer [45] ...
Sep 25 09:24:13 localhost app-45: [AppBase] <> WARN  Exception in preStart(). Reverting to INITIALIZED state.
Sep 25 09:24:13 localhost app-45:       java.lang.RuntimeException: Invalid License.
Sep 25 09:24:13 localhost app-45:       com.untangle.app.wan_balancer.WanBalancerApp.preStart(WanBalancerApp.java:152)
Sep 25 09:24:13 localhost app-45:       com.untangle.uvm.app.AppBase.start(AppBase.java:909)
Sep 25 09:24:13 localhost app-45:       com.untangle.uvm.app.AppBase.resumeState(AppBase.java:246)
Sep 25 09:24:13 localhost app-45:       com.untangle.uvm.app.AppBase.loadClass(AppBase.java:373)
Sep 25 09:24:13 localhost app-45:       com.untangle.uvm.AppManagerImpl$3.run(AppManagerImpl.java:1128)
Sep 25 09:24:13 localhost app-45:       com.untangle.uvm.UvmContextImpl$1.run(UvmContextImpl.java:654)
Sep 25 09:24:13 localhost app-45:       java.base/java.lang.Thread.run(Thread.java:834)
Sep 25 09:27:24 localhost app-45: [WanBalancerApp] <> INFO  Adding Metric [1]: Sessions on External
Sep 25 09:27:24 localhost app-45: [WanBalancerApp] <> INFO  Adding Metric [100]: Sessions on Sonic
Sep 25 09:27:24 localhost app-45: [WanBalancerApp] <> INFO  Adding Metric [101]: Sessions on Comcast Sony
Sep 25 09:27:24 localhost app-45: [AppBase] <> INFO  No valid license for: wan-balancer
Sep 25 09:27:24 localhost app-45: [AppBase] <> INFO  Requesting trial for: wan-balancer
Sep 25 09:27:46 localhost app-45: [AppBase] <> WARN  Exception fetching trial license. Ignoring...
Sep 25 09:27:46 localhost app-45:       java.lang.Exception: Unable to fetch trial license: DNS lookup failed.
Sep 25 09:27:46 localhost app-45:       com.untangle.app.license.LicenseManagerImpl.requestTrialLicense(LicenseManagerImpl.java:493)
Sep 25 09:27:46 localhost app-45:       com.untangle.uvm.app.AppBase.init(AppBase.java:857)
Sep 25 09:27:46 localhost app-45:       com.untangle.uvm.app.AppBase.resumeState(AppBase.java:245)
Sep 25 09:27:46 localhost app-45:       com.untangle.uvm.app.AppBase.loadClass(AppBase.java:373)
Sep 25 09:27:46 localhost app-45:       com.untangle.uvm.AppManagerImpl$3.run(AppManagerImpl.java:1128)
Sep 25 09:27:46 localhost app-45:       com.untangle.uvm.UvmContextImpl$1.run(UvmContextImpl.java:654)
Sep 25 09:27:46 localhost app-45:       java.base/java.lang.Thread.run(Thread.java:834)
Sep 25 09:27:46 localhost app-45: [WanBalancerApp] <> INFO  Loading Settings...
Sep 25 09:27:46 localhost app-45: [WanBalancerApp] <> WARN  Settings file newer than interfaces files, Syncing...
Sep 25 09:27:49 localhost app-45: [WanBalancerApp] <> INFO  Sync Settings: Syncing /usr/share/untangle/settings/wan-balancer/settings_45.js to system...
Sep 25 09:27:49 localhost app-45: [WanBalancerApp] <> INFO  Sync Settings: Wrote /etc/untangle/iptables-rules.d/330-wan-balancer
Sep 25 09:27:49 localhost app-45: [WanBalancerApp] <> INFO  Sync Settings: Wrote /etc/untangle/post-network-hook.d/040-wan-balancer
Sep 25 09:27:49 localhost app-45: [WanBalancerApp] <> INFO  Adding wan-balancer iptables: 
Sep 25 09:27:50 localhost app-45: [WanBalancerApp] <> INFO  Adding wan-balancer routes  : 
Sep 25 09:27:50 localhost app-45: [AppBase] <> INFO  Starting   wan-balancer [45] ...
Sep 25 09:27:50 localhost app-45: [AppBase] <> WARN  Exception in preStart(). Reverting to INITIALIZED state.
Sep 25 09:27:50 localhost app-45:       java.lang.RuntimeException: Invalid License.
Sep 25 09:27:50 localhost app-45:       com.untangle.app.wan_balancer.WanBalancerApp.preStart(WanBalancerApp.java:152)
Sep 25 09:27:50 localhost app-45:       com.untangle.uvm.app.AppBase.start(AppBase.java:909)
Sep 25 09:27:50 localhost app-45:       com.untangle.uvm.app.AppBase.resumeState(AppBase.java:246)
Sep 25 09:27:50 localhost app-45:       com.untangle.uvm.app.AppBase.loadClass(AppBase.java:373)
Sep 25 09:27:50 localhost app-45:       com.untangle.uvm.AppManagerImpl$3.run(AppManagerImpl.java:1128)
Sep 25 09:27:50 localhost app-45:       com.untangle.uvm.UvmContextImpl$1.run(UvmContextImpl.java:654)
Sep 25 09:27:50 localhost app-45:       java.base/java.lang.Thread.run(Thread.java:834)
Sep 25 09:31:03 localhost app-45: [WanBalancerApp] <> INFO  Adding Metric [1]: Sessions on External
Sep 25 09:31:03 localhost app-45: [WanBalancerApp] <> INFO  Adding Metric [100]: Sessions on Sonic
Sep 25 09:31:03 localhost app-45: [WanBalancerApp] <> INFO  Adding Metric [101]: Sessions on Comcast Sony
Sep 25 09:31:03 localhost app-45: [AppBase] <> INFO  No valid license for: wan-balancer
Sep 25 09:31:03 localhost app-45: [AppBase] <> INFO  Requesting trial for: wan-balancer
Sep 25 09:31:25 localhost app-45: [AppBase] <> WARN  Exception fetching trial license. Ignoring...
Sep 25 09:31:25 localhost app-45:       java.lang.Exception: Unable to fetch trial license: DNS lookup failed.
Sep 25 09:31:25 localhost app-45:       com.untangle.app.license.LicenseManagerImpl.requestTrialLicense(LicenseManagerImpl.java:493)
Sep 25 09:31:25 localhost app-45:       com.untangle.uvm.app.AppBase.init(AppBase.java:857)
Sep 25 09:31:25 localhost app-45:       com.untangle.uvm.app.AppBase.resumeState(AppBase.java:245)
Sep 25 09:31:25 localhost app-45:       com.untangle.uvm.app.AppBase.loadClass(AppBase.java:373)
Sep 25 09:31:25 localhost app-45:       com.untangle.uvm.AppManagerImpl$3.run(AppManagerImpl.java:1128)
Sep 25 09:31:25 localhost app-45:       com.untangle.uvm.UvmContextImpl$1.run(UvmContextImpl.java:654)
Sep 25 09:31:25 localhost app-45:       java.base/java.lang.Thread.run(Thread.java:834)
Sep 25 09:31:25 localhost app-45: [WanBalancerApp] <> INFO  Loading Settings...
Sep 25 09:31:25 localhost app-45: [WanBalancerApp] <> WARN  Settings file newer than interfaces files, Syncing...
Sep 25 09:31:27 localhost app-45: [WanBalancerApp] <> INFO  Sync Settings: Syncing /usr/share/untangle/settings/wan-balancer/settings_45.js to system...
Sep 25 09:31:27 localhost app-45: [WanBalancerApp] <> INFO  Sync Settings: Wrote /etc/untangle/iptables-rules.d/330-wan-balancer
Sep 25 09:31:27 localhost app-45: [WanBalancerApp] <> INFO  Sync Settings: Wrote /etc/untangle/post-network-hook.d/040-wan-balancer
Sep 25 09:31:28 localhost app-45: [WanBalancerApp] <> INFO  Adding wan-balancer iptables: 
Sep 25 09:31:28 localhost app-45: [WanBalancerApp] <> INFO  Adding wan-balancer routes  : 
Sep 25 09:31:28 localhost app-45: [AppBase] <> INFO  Starting   wan-balancer [45] ...
Sep 25 09:31:28 localhost app-45: [AppBase] <> WARN  Exception in preStart(). Reverting to INITIALIZED state.
Sep 25 09:31:28 localhost app-45:       java.lang.RuntimeException: Invalid License.
Sep 25 09:31:28 localhost app-45:       com.untangle.app.wan_balancer.WanBalancerApp.preStart(WanBalancerApp.java:152)
Sep 25 09:31:28 localhost app-45:       com.untangle.uvm.app.AppBase.start(AppBase.java:909)
Sep 25 09:31:28 localhost app-45:       com.untangle.uvm.app.AppBase.resumeState(AppBase.java:246)
Sep 25 09:31:28 localhost app-45:       com.untangle.uvm.app.AppBase.loadClass(AppBase.java:373)
Sep 25 09:31:28 localhost app-45:       com.untangle.uvm.AppManagerImpl$3.run(AppManagerImpl.java:1128)
Sep 25 09:31:28 localhost app-45:       com.untangle.uvm.UvmContextImpl$1.run(UvmContextImpl.java:654)
Sep 25 09:31:28 localhost app-45:       java.base/java.lang.Thread.run(Thread.java:834)
Sep 25 09:33:59 localhost app-45: [WanBalancerApp] <> INFO  Adding Metric [1]: Sessions on External
Sep 25 09:33:59 localhost app-45: [AppBase] <> INFO  No valid license for: wan-balancer
Sep 25 09:33:59 localhost app-45: [AppBase] <> INFO  Requesting trial for: wan-balancer
Sep 25 09:34:14 localhost app-45: [WanBalancerApp] <> INFO  Loading Settings...
Sep 25 09:34:14 localhost app-45: [WanBalancerApp] <> WARN  Settings file newer than interfaces files, Syncing...
Sep 25 09:34:15 localhost app-45: [WanBalancerApp] <> INFO  Sync Settings: /bin/sh: 1: /usr/share/untangle/bin/wan-balancer-sync-settings.py: not found
Sep 25 09:34:15 localhost app-45: [WanBalancerApp] <> INFO  Adding wan-balancer iptables: 
Sep 25 09:34:15 localhost app-45: [WanBalancerApp] <> INFO  Adding wan-balancer routes  : 
Sep 25 09:34:15 localhost app-45: [AppBase] <> INFO  Starting   wan-balancer [45] ...
Sep 25 09:34:15 localhost app-45: [AppBase] <> INFO  Started    wan-balancer [45] ...
Sep 25 09:37:49 localhost app-45: [AppBase] <> INFO  Stopping   wan-balancer [45] ...
Sep 25 09:37:49 localhost app-45: [AppBase] <> INFO  Stopped    wan-balancer [45] ...
Sep 25 09:38:01 localhost app-45: [WanBalancerApp] <> INFO  Adding Metric [1]: Sessions on External
Sep 25 09:38:02 localhost app-45: [WanBalancerApp] <> INFO  Loading Settings...
Sep 25 09:38:02 localhost app-45: [AppBase] <> INFO  Starting   wan-balancer [45] ...
Sep 25 09:38:02 localhost app-45: [AppBase] <> INFO  Started    wan-balancer [45] ...
Sep 25 09:40:37 localhost app-45: [AppBase] <> INFO  Stopping   wan-balancer [45] ...
Sep 25 09:40:37 localhost app-45: [AppBase] <> INFO  Stopped    wan-balancer [45] ...
Sep 25 09:40:49 localhost app-45: [WanBalancerApp] <> INFO  Adding Metric [1]: Sessions on External
Sep 25 09:40:50 localhost app-45: [WanBalancerApp] <> INFO  Loading Settings...
Sep 25 09:40:50 localhost app-45: [AppBase] <> INFO  Starting   wan-balancer [45] ...
Sep 25 09:40:50 localhost app-45: [AppBase] <> INFO  Started    wan-balancer [45] ...
Sep 25 09:42:12 localhost app-45: [AppBase] <> INFO  Stopping   wan-balancer [45] ...
Sep 25 09:42:12 localhost app-45: [AppBase] <> INFO  Stopped    wan-balancer [45] ...
Sep 25 09:42:24 localhost app-45: [WanBalancerApp] <> INFO  Adding Metric [1]: Sessions on External
Sep 25 09:42:25 localhost app-45: [WanBalancerApp] <> INFO  Loading Settings...
Sep 25 09:42:25 localhost app-45: [AppBase] <> INFO  Starting   wan-balancer [45] ...
Sep 25 09:42:25 localhost app-45: [AppBase] <> INFO  Started    wan-balancer [45] ...
Sep 25 09:45:27 localhost app-45: [AppBase] <> INFO  Stopping   wan-balancer [45] ...
Sep 25 09:45:27 localhost app-45: [AppBase] <> INFO  Stopped    wan-balancer [45] ...
Sep 25 09:45:40 localhost app-45: [WanBalancerApp] <> INFO  Adding Metric [1]: Sessions on External
Sep 25 09:45:41 localhost app-45: [WanBalancerApp] <> INFO  Loading Settings...
Sep 25 09:45:41 localhost app-45: [AppBase] <> INFO  Starting   wan-balancer [45] ...
Sep 25 09:45:41 localhost app-45: [AppBase] <> INFO  Started    wan-balancer [45] ...
Sep 25 09:52:35 localhost app-45: [AppBase] <> INFO  Stopping   wan-balancer [45] ...
Sep 25 09:52:35 localhost app-45: [AppBase] <> INFO  Stopped    wan-balancer [45] ...
Sep 25 09:52:47 localhost app-45: [WanBalancerApp] <> INFO  Adding Metric [1]: Sessions on External
Sep 25 09:52:47 localhost app-45: [WanBalancerApp] <> INFO  Loading Settings...
Sep 25 09:52:47 localhost app-45: [AppBase] <> INFO  Starting   wan-balancer [45] ...
Sep 25 09:52:47 localhost app-45: [AppBase] <> INFO  Started    wan-balancer [45] ...
Sep 25 09:53:27 localhost app-45: [AppBase] <> INFO  Stopping   wan-balancer [45] ...
Sep 25 09:53:27 localhost app-45: [AppBase] <> INFO  Stopped    wan-balancer [45] ...
Sep 25 09:53:39 localhost app-45: [WanBalancerApp] <> INFO  Adding Metric [1]: Sessions on External
Sep 25 09:53:39 localhost app-45: [WanBalancerApp] <> INFO  Loading Settings...
Sep 25 09:53:39 localhost app-45: [AppBase] <> INFO  Starting   wan-balancer [45] ...
Sep 25 09:53:39 localhost app-45: [AppBase] <> INFO  Started    wan-balancer [45] ...
Sep 25 09:55:51 localhost app-45: [AppBase] <> INFO  Stopping   wan-balancer [45] ...
Sep 25 09:55:51 localhost app-45: [AppBase] <> INFO  Stopped    wan-balancer [45] ...
Sep 25 09:56:03 localhost app-45: [WanBalancerApp] <> INFO  Adding Metric [1]: Sessions on External
Sep 25 09:56:05 localhost app-45: [WanBalancerApp] <> INFO  Loading Settings...
Sep 25 09:56:05 localhost app-45: [AppBase] <> INFO  Starting   wan-balancer [45] ...
Sep 25 09:56:05 localhost app-45: [AppBase] <> INFO  Started    wan-balancer [45] ...
Sep 25 09:56:31 localhost app-45: [AppBase] <> INFO  Stopping   wan-balancer [45] ...
Sep 25 09:56:31 localhost app-45: [AppBase] <> INFO  Stopped    wan-balancer [45] ...
Sep 25 09:56:45 localhost app-45: [WanBalancerApp] <> INFO  Adding Metric [1]: Sessions on External
Sep 25 09:56:46 localhost app-45: [WanBalancerApp] <> INFO  Loading Settings...
Sep 25 09:56:46 localhost app-45: [AppBase] <> INFO  Starting   wan-balancer [45] ...
Sep 25 09:56:46 localhost app-45: [AppBase] <> INFO  Started    wan-balancer [45] ...
Sep 25 09:57:56 localhost app-45: [AppBase] <> INFO  Stopping   wan-balancer [45] ...
Sep 25 09:57:56 localhost app-45: [AppBase] <> INFO  Stopped    wan-balancer [45] ...
Sep 25 09:58:09 localhost app-45: [WanBalancerApp] <> INFO  Adding Metric [1]: Sessions on External
Sep 25 09:58:09 localhost app-45: [WanBalancerApp] <> INFO  Loading Settings...
Sep 25 09:58:09 localhost app-45: [AppBase] <> INFO  Starting   wan-balancer [45] ...
Sep 25 09:58:09 localhost app-45: [AppBase] <> INFO  Started    wan-balancer [45] ...
Sep 25 09:59:18 localhost app-45: [AppBase] <> INFO  Stopping   wan-balancer [45] ...
Sep 25 09:59:18 localhost app-45: [AppBase] <> INFO  Stopped    wan-balancer [45] ...
Sep 25 09:59:30 localhost app-45: [WanBalancerApp] <> INFO  Adding Metric [1]: Sessions on External
Sep 25 09:59:30 localhost app-45: [WanBalancerApp] <> INFO  Loading Settings...
Sep 25 09:59:30 localhost app-45: [AppBase] <> INFO  Starting   wan-balancer [45] ...
Sep 25 09:59:30 localhost app-45: [AppBase] <> INFO  Started    wan-balancer [45] ...
Sep 25 10:00:26 localhost app-45: [AppBase] <> INFO  Stopping   wan-balancer [45] ...
Sep 25 10:00:26 localhost app-45: [AppBase] <> INFO  Stopped    wan-balancer [45] ...
Sep 25 10:00:38 localhost app-45: [WanBalancerApp] <> INFO  Adding Metric [1]: Sessions on External
Sep 25 10:00:39 localhost app-45: [WanBalancerApp] <> INFO  Loading Settings...
Sep 25 10:00:39 localhost app-45: [AppBase] <> INFO  Starting   wan-balancer [45] ...
Sep 25 10:00:39 localhost app-45: [AppBase] <> INFO  Started    wan-balancer [45] ...
Sep 25 10:02:51 localhost app-45: [AppBase] <> INFO  Stopping   wan-balancer [45] ...
Sep 25 10:02:51 localhost app-45: [AppBase] <> INFO  Stopped    wan-balancer [45] ...
Sep 25 10:03:04 localhost app-45: [WanBalancerApp] <> INFO  Adding Metric [1]: Sessions on External
Sep 25 10:03:04 localhost app-45: [WanBalancerApp] <> INFO  Loading Settings...
Sep 25 10:03:04 localhost app-45: [AppBase] <> INFO  Starting   wan-balancer [45] ...
Sep 25 10:03:04 localhost app-45: [AppBase] <> INFO  Started    wan-balancer [45] ...
Sep 25 10:06:10 localhost app-45: [AppBase] <> INFO  Stopping   wan-balancer [45] ...
Sep 25 10:06:10 localhost app-45: [AppBase] <> INFO  Stopped    wan-balancer [45] ...
Sep 25 10:06:28 localhost app-45: [WanBalancerApp] <> INFO  Adding Metric [1]: Sessions on External
Sep 25 10:06:30 localhost app-45: [WanBalancerApp] <> INFO  Loading Settings...
Sep 25 10:06:30 localhost app-45: [AppBase] <> INFO  Starting   wan-balancer [45] ...
Sep 25 10:06:30 localhost app-45: [AppBase] <> INFO  Started    wan-balancer [45] ...
Sep 25 10:08:15 localhost app-45: [AppBase] <> INFO  Stopping   wan-balancer [45] ...
Sep 25 10:08:15 localhost app-45: [AppBase] <> INFO  Stopped    wan-balancer [45] ...
Sep 25 10:08:33 localhost app-45: [WanBalancerApp] <> INFO  Adding Metric [1]: Sessions on External
Sep 25 10:08:34 localhost app-45: [WanBalancerApp] <> INFO  Loading Settings...
Sep 25 10:08:34 localhost app-45: [AppBase] <> INFO  Starting   wan-balancer [45] ...
Sep 25 10:08:34 localhost app-45: [AppBase] <> INFO  Started    wan-balancer [45] ...
Sep 25 10:12:53 localhost app-45: [AppBase] <> INFO  Stopping   wan-balancer [45] ...
Sep 25 10:12:53 localhost app-45: [AppBase] <> INFO  Stopped    wan-balancer [45] ...
Sep 25 10:13:07 localhost app-45: [WanBalancerApp] <> INFO  Adding Metric [1]: Sessions on External
Sep 25 10:13:07 localhost app-45: [WanBalancerApp] <> INFO  Loading Settings...
Sep 25 10:13:07 localhost app-45: [AppBase] <> INFO  Starting   wan-balancer [45] ...
Sep 25 10:13:07 localhost app-45: [AppBase] <> INFO  Started    wan-balancer [45] ...
Sep 25 10:15:10 localhost app-45: [AppBase] <> INFO  Stopping   wan-balancer [45] ...
Sep 25 10:15:10 localhost app-45: [AppBase] <> INFO  Stopped    wan-balancer [45] ...
Sep 25 10:15:23 localhost app-45: [WanBalancerApp] <> INFO  Adding Metric [1]: Sessions on External
Sep 25 10:15:24 localhost app-45: [WanBalancerApp] <> INFO  Loading Settings...
Sep 25 10:15:24 localhost app-45: [AppBase] <> INFO  Starting   wan-balancer [45] ...
Sep 25 10:15:24 localhost app-45: [AppBase] <> INFO  Started    wan-balancer [45] ...
Sep 25 10:16:42 localhost app-45: [AppBase] <> INFO  Stopping   wan-balancer [45] ...
Sep 25 10:16:43 localhost app-45: [AppBase] <> INFO  Stopped    wan-balancer [45] ...
Sep 25 10:16:56 localhost app-45: [WanBalancerApp] <> INFO  Adding Metric [1]: Sessions on External
Sep 25 10:16:56 localhost app-45: [WanBalancerApp] <> INFO  Loading Settings...
Sep 25 10:16:56 localhost app-45: [AppBase] <> INFO  Starting   wan-balancer [45] ...
Sep 25 10:16:56 localhost app-45: [AppBase] <> INFO  Started    wan-balancer [45] ...
Sep 25 10:30:22 localhost app-45: [AppBase] <> INFO  Stopping   wan-balancer [45] ...
Sep 25 10:30:23 localhost app-45: [AppBase] <> INFO  Stopped    wan-balancer [45] ...
Sep 25 10:30:35 localhost app-45: [WanBalancerApp] <> INFO  Adding Metric [1]: Sessions on External
Sep 25 10:30:36 localhost app-45: [WanBalancerApp] <> INFO  Loading Settings...
Sep 25 10:30:36 localhost app-45: [AppBase] <> INFO  Starting   wan-balancer [45] ...
Sep 25 10:30:36 localhost app-45: [AppBase] <> INFO  Started    wan-balancer [45] ...
Sep 25 10:34:13 localhost app-45: [AppBase] <> INFO  Stopping   wan-balancer [45] ...
Sep 25 10:34:13 localhost app-45: [AppBase] <> INFO  Stopped    wan-balancer [45] ...
Sep 25 10:34:25 localhost app-45: [WanBalancerApp] <> INFO  Adding Metric [1]: Sessions on External
Sep 25 10:34:26 localhost app-45: [WanBalancerApp] <> INFO  Loading Settings...
Sep 25 10:34:26 localhost app-45: [AppBase] <> INFO  Starting   wan-balancer [45] ...
Sep 25 10:34:26 localhost app-45: [AppBase] <> INFO  Started    wan-balancer [45] ...
Sep 25 10:37:00 localhost app-45: [AppBase] <> INFO  Stopping   wan-balancer [45] ...
Sep 25 10:37:00 localhost app-45: [AppBase] <> INFO  Stopped    wan-balancer [45] ...
Sep 25 10:37:14 localhost app-45: [WanBalancerApp] <> INFO  Adding Metric [1]: Sessions on External
Sep 25 10:37:15 localhost app-45: [WanBalancerApp] <> INFO  Loading Settings...
Sep 25 10:37:15 localhost app-45: [AppBase] <> INFO  Starting   wan-balancer [45] ...
Sep 25 10:37:15 localhost app-45: [AppBase] <> INFO  Started    wan-balancer [45] ...
Sep 25 10:41:43 localhost app-45: [AppBase] <> INFO  Stopping   wan-balancer [45] ...
Sep 25 10:41:44 localhost app-45: [AppBase] <> INFO  Stopped    wan-balancer [45] ...
Sep 25 10:41:56 localhost app-45: [WanBalancerApp] <> INFO  Adding Metric [1]: Sessions on External
Sep 25 10:41:58 localhost app-45: [WanBalancerApp] <> INFO  Loading Settings...
Sep 25 10:41:58 localhost app-45: [AppBase] <> INFO  Starting   wan-balancer [45] ...
Sep 25 10:41:58 localhost app-45: [AppBase] <> INFO  Started    wan-balancer [45] ...
Sep 25 10:44:34 localhost app-45: [AppBase] <> INFO  Stopping   wan-balancer [45] ...
Sep 25 10:44:35 localhost app-45: [AppBase] <> INFO  Stopped    wan-balancer [45] ...
Sep 25 10:44:48 localhost app-45: [WanBalancerApp] <> INFO  Adding Metric [1]: Sessions on External
Sep 25 10:44:49 localhost app-45: [WanBalancerApp] <> INFO  Loading Settings...
Sep 25 10:44:49 localhost app-45: [AppBase] <> INFO  Starting   wan-balancer [45] ...
Sep 25 10:44:49 localhost app-45: [AppBase] <> INFO  Started    wan-balancer [45] ...
Sep 25 11:00:55 localhost app-45: [AppBase] <> INFO  Stopping   wan-balancer [45] ...
Sep 25 11:00:55 localhost app-45: [AppBase] <> INFO  Stopped    wan-balancer [45] ...
Sep 25 11:01:08 localhost app-45: [WanBalancerApp] <> INFO  Adding Metric [1]: Sessions on External
Sep 25 11:01:08 localhost app-45: [WanBalancerApp] <> INFO  Loading Settings...
Sep 25 11:01:08 localhost app-45: [AppBase] <> INFO  Starting   wan-balancer [45] ...
Sep 25 11:01:08 localhost app-45: [AppBase] <> INFO  Started    wan-balancer [45] ...
Sep 25 11:02:37 localhost app-45: [AppBase] <> INFO  Stopping   wan-balancer [45] ...
Sep 25 11:02:37 localhost app-45: [AppBase] <> INFO  Stopped    wan-balancer [45] ...
Sep 25 11:02:49 localhost app-45: [WanBalancerApp] <> INFO  Adding Metric [1]: Sessions on External
Sep 25 11:02:49 localhost app-45: [WanBalancerApp] <> INFO  Loading Settings...
Sep 25 11:02:49 localhost app-45: [AppBase] <> INFO  Starting   wan-balancer [45] ...
Sep 25 11:02:49 localhost app-45: [AppBase] <> INFO  Started    wan-balancer [45] ...
Sep 25 11:03:21 localhost app-45: [AppBase] <> INFO  Stopping   wan-balancer [45] ...
Sep 25 11:03:21 localhost app-45: [AppBase] <> INFO  Stopped    wan-balancer [45] ...
Sep 25 11:03:33 localhost app-45: [WanBalancerApp] <> INFO  Adding Metric [1]: Sessions on External
Sep 25 11:03:33 localhost app-45: [WanBalancerApp] <> INFO  Loading Settings...
Sep 25 11:03:33 localhost app-45: [AppBase] <> INFO  Starting   wan-balancer [45] ...
Sep 25 11:03:33 localhost app-45: [AppBase] <> INFO  Started    wan-balancer [45] ...
Sep 25 12:20:01 localhost app-45: [AppBase] <> INFO  Stopping   wan-balancer [45] ...
Sep 25 12:20:01 localhost app-45: [AppBase] <> INFO  Stopped    wan-balancer [45] ...
Sep 25 12:20:14 localhost app-45: [WanBalancerApp] <> INFO  Adding Metric [1]: Sessions on External
Sep 25 12:20:14 localhost app-45: [WanBalancerApp] <> INFO  Loading Settings...
Sep 25 12:20:14 localhost app-45: [AppBase] <> INFO  Starting   wan-balancer [45] ...
Sep 25 12:20:14 localhost app-45: [AppBase] <> INFO  Started    wan-balancer [45] ...
Sep 25 12:21:45 localhost app-45: [AppBase] <> INFO  Stopping   wan-balancer [45] ...
Sep 25 12:21:45 localhost app-45: [AppBase] <> INFO  Stopped    wan-balancer [45] ...
Sep 25 12:21:57 localhost app-45: [WanBalancerApp] <> INFO  Adding Metric [1]: Sessions on External
Sep 25 12:21:58 localhost app-45: [WanBalancerApp] <> INFO  Loading Settings...
Sep 25 12:21:58 localhost app-45: [AppBase] <> INFO  Starting   wan-balancer [45] ...
Sep 25 12:21:58 localhost app-45: [AppBase] <> INFO  Started    wan-balancer [45] ...
Sep 25 12:22:38 localhost app-45: [AppBase] <> INFO  Stopping   wan-balancer [45] ...
Sep 25 12:22:38 localhost app-45: [AppBase] <> INFO  Stopped    wan-balancer [45] ...
Sep 25 12:22:50 localhost app-45: [WanBalancerApp] <> INFO  Adding Metric [1]: Sessions on External
Sep 25 12:22:50 localhost app-45: [WanBalancerApp] <> INFO  Loading Settings...
Sep 25 12:22:50 localhost app-45: [AppBase] <> INFO  Starting   wan-balancer [45] ...
Sep 25 12:22:50 localhost app-45: [AppBase] <> INFO  Started    wan-balancer [45] ...
Sep 25 12:23:34 localhost app-45: [AppBase] <> INFO  Stopping   wan-balancer [45] ...
Sep 25 12:23:34 localhost app-45: [AppBase] <> INFO  Stopped    wan-balancer [45] ...
Sep 25 12:23:48 localhost app-45: [WanBalancerApp] <> INFO  Adding Metric [1]: Sessions on External
Sep 25 12:23:48 localhost app-45: [WanBalancerApp] <> INFO  Loading Settings...
Sep 25 12:23:48 localhost app-45: [AppBase] <> INFO  Starting   wan-balancer [45] ...
Sep 25 12:23:48 localhost app-45: [AppBase] <> INFO  Started    wan-balancer [45] ...
Sep 25 12:24:19 localhost app-45: [AppBase] <> INFO  Stopping   wan-balancer [45] ...
Sep 25 12:24:19 localhost app-45: [AppBase] <> INFO  Stopped    wan-balancer [45] ...
Sep 25 12:24:31 localhost app-45: [WanBalancerApp] <> INFO  Adding Metric [1]: Sessions on External
Sep 25 12:24:32 localhost app-45: [WanBalancerApp] <> INFO  Loading Settings...
Sep 25 12:24:32 localhost app-45: [AppBase] <> INFO  Starting   wan-balancer [45] ...
Sep 25 12:24:32 localhost app-45: [AppBase] <> INFO  Started    wan-balancer [45] ...
Sep 25 12:25:58 localhost app-45: [AppBase] <> INFO  Stopping   wan-balancer [45] ...
Sep 25 12:25:58 localhost app-45: [AppBase] <> INFO  Stopped    wan-balancer [45] ...
Sep 25 12:26:11 localhost app-45: [WanBalancerApp] <> INFO  Adding Metric [1]: Sessions on External
Sep 25 12:26:11 localhost app-45: [WanBalancerApp] <> INFO  Loading Settings...
Sep 25 12:26:11 localhost app-45: [AppBase] <> INFO  Starting   wan-balancer [45] ...
Sep 25 12:26:11 localhost app-45: [AppBase] <> INFO  Started    wan-balancer [45] ...
Sep 25 12:26:50 localhost app-45: [AppBase] <> INFO  Stopping   wan-balancer [45] ...
Sep 25 12:26:50 localhost app-45: [AppBase] <> INFO  Stopped    wan-balancer [45] ...
Sep 25 12:27:03 localhost app-45: [WanBalancerApp] <> INFO  Adding Metric [1]: Sessions on External
Sep 25 12:27:03 localhost app-45: [WanBalancerApp] <> INFO  Loading Settings...
Sep 25 12:27:03 localhost app-45: [AppBase] <> INFO  Starting   wan-balancer [45] ...
Sep 25 12:27:03 localhost app-45: [AppBase] <> INFO  Started    wan-balancer [45] ...
Sep 25 13:12:18 localhost app-45: [AppBase] <> INFO  Stopping   wan-balancer [45] ...
Sep 25 13:12:18 localhost app-45: [AppBase] <> INFO  Stopped    wan-balancer [45] ...
Sep 25 13:12:31 localhost app-45: [WanBalancerApp] <> INFO  Adding Metric [1]: Sessions on External
Sep 25 13:12:31 localhost app-45: [WanBalancerApp] <> INFO  Loading Settings...
Sep 25 13:12:31 localhost app-45: [AppBase] <> INFO  Starting   wan-balancer [45] ...
Sep 25 13:12:31 localhost app-45: [AppBase] <> INFO  Started    wan-balancer [45] ...
Sep 25 13:14:47 localhost app-45: [AppBase] <> INFO  Stopping   wan-balancer [45] ...
Sep 25 13:14:47 localhost app-45: [AppBase] <> INFO  Stopped    wan-balancer [45] ...
Sep 25 13:14:56 localhost app-45: [WanBalancerApp] <> INFO  Adding Metric [1]: Sessions on External
Sep 25 13:14:57 localhost app-45: [WanBalancerApp] <> INFO  Loading Settings...
Sep 25 13:14:57 localhost app-45: [AppBase] <> INFO  Starting   wan-balancer [45] ...
Sep 25 13:14:57 localhost app-45: [AppBase] <> INFO  Started    wan-balancer [45] ...
Sep 25 13:22:15 localhost app-45: [AppBase] <> INFO  Stopping   wan-balancer [45] ...
Sep 25 13:22:15 localhost app-45: [AppBase] <> INFO  Stopped    wan-balancer [45] ...
Oct  2 08:05:01 localhost app-45: [WanBalancerApp] <> INFO  Adding Metric [1]: Sessions on External
Oct  2 08:05:02 localhost app-45: [WanBalancerApp] <> INFO  Loading Settings...
Oct  2 08:05:02 localhost app-45: [WanBalancerApp] <> WARN  Settings file newer than interfaces files, Syncing...
Oct  2 08:05:09 localhost app-45: [WanBalancerApp] <> INFO  Sync Settings: Syncing /usr/share/untangle/settings/wan-balancer/settings_45.js to system...
Oct  2 08:05:09 localhost app-45: [WanBalancerApp] <> INFO  Sync Settings: Wrote /etc/untangle/iptables-rules.d/330-wan-balancer
Oct  2 08:05:09 localhost app-45: [WanBalancerApp] <> INFO  Sync Settings: Wrote /etc/untangle/post-network-hook.d/040-wan-balancer
Oct  2 08:05:12 localhost app-45: [WanBalancerApp] <> INFO  Adding wan-balancer iptables: 
Oct  2 08:05:13 localhost app-45: [WanBalancerApp] <> INFO  Adding wan-balancer routes  : 
Oct  2 08:05:13 localhost app-45: [AppBase] <> INFO  Starting   wan-balancer [45] ...
Oct  2 08:05:13 localhost app-45: [AppBase] <> INFO  Started    wan-balancer [45] ...
Oct 14 08:37:29 localhost app-45: [WanBalancerApp] <> INFO  Adding Metric [1]: Sessions on External
Oct 14 08:37:29 localhost app-45: [AppBase] <> INFO  No valid license for: wan-balancer
Oct 14 08:37:29 localhost app-45: [AppBase] <> INFO  Requesting trial for: wan-balancer
Oct 14 08:37:50 localhost app-45: [WanBalancerApp] <> INFO  Loading Settings...
Oct 14 08:37:50 localhost app-45: [WanBalancerApp] <> WARN  Settings file newer than interfaces files, Syncing...
Oct 14 08:37:50 localhost app-45: [WanBalancerApp] <> INFO  Sync Settings: Syncing /usr/share/untangle/settings/wan-balancer/settings_45.js to system...
Oct 14 08:37:50 localhost app-45: [WanBalancerApp] <> INFO  Sync Settings: 102
Oct 14 08:37:50 localhost app-45: [WanBalancerApp] <> INFO  Sync Settings: Wrote /etc/untangle/iptables-rules.d/330-wan-balancer
Oct 14 08:37:50 localhost app-45: [WanBalancerApp] <> INFO  Sync Settings: Wrote /etc/untangle/post-network-hook.d/040-wan-balancer
Oct 14 08:37:51 localhost app-45: [WanBalancerApp] <> INFO  Adding wan-balancer iptables: 
Oct 14 08:37:51 localhost app-45: [WanBalancerApp] <> INFO  Adding wan-balancer routes  : 
Oct 14 08:37:51 localhost app-45: [AppBase] <> INFO  Starting   wan-balancer [45] ...
Oct 14 08:37:51 localhost app-45: [AppBase] <> WARN  Exception in preStart(). Reverting to INITIALIZED state.
Oct 14 08:37:51 localhost app-45:       java.lang.RuntimeException: Invalid License.
Oct 14 08:37:51 localhost app-45:       com.untangle.app.wan_balancer.WanBalancerApp.preStart(WanBalancerApp.java:152)
Oct 14 08:37:51 localhost app-45:       com.untangle.uvm.app.AppBase.start(AppBase.java:909)
Oct 14 08:37:51 localhost app-45:       com.untangle.uvm.app.AppBase.resumeState(AppBase.java:246)
Oct 14 08:37:51 localhost app-45:       com.untangle.uvm.app.AppBase.loadClass(AppBase.java:373)
Oct 14 08:37:51 localhost app-45:       com.untangle.uvm.AppManagerImpl$3.run(AppManagerImpl.java:1128)
Oct 14 08:37:51 localhost app-45:       com.untangle.uvm.UvmContextImpl$1.run(UvmContextImpl.java:654)
Oct 14 08:37:51 localhost app-45:       java.base/java.lang.Thread.run(Thread.java:834)
Oct 14 16:44:31 localhost app-45: [WanBalancerApp] <> INFO  Adding Metric [1]: Sessions on External
Oct 14 16:44:31 localhost app-45: [AppBase] <> INFO  No valid license for: wan-balancer
Oct 14 16:44:31 localhost app-45: [AppBase] <> INFO  Requesting trial for: wan-balancer
Oct 14 16:44:57 localhost app-45: [WanBalancerApp] <> INFO  Loading Settings...
Oct 14 16:44:57 localhost app-45: [WanBalancerApp] <> WARN  Settings file newer than interfaces files, Syncing...
Oct 14 16:44:57 localhost app-45: [WanBalancerApp] <> INFO  Sync Settings: Syncing /usr/share/untangle/settings/wan-balancer/settings_45.js to system...
Oct 14 16:44:57 localhost app-45: [WanBalancerApp] <> INFO  Sync Settings: 102
Oct 14 16:44:57 localhost app-45: [WanBalancerApp] <> INFO  Sync Settings: Wrote /etc/untangle/iptables-rules.d/330-wan-balancer
Oct 14 16:44:57 localhost app-45: [WanBalancerApp] <> INFO  Sync Settings: Wrote /etc/untangle/post-network-hook.d/040-wan-balancer
Oct 14 16:44:57 localhost app-45: [WanBalancerApp] <> INFO  Adding wan-balancer iptables: 
Oct 14 16:44:57 localhost app-45: [WanBalancerApp] <> INFO  Adding wan-balancer routes  : 
Oct 14 16:44:57 localhost app-45: [AppBase] <> INFO  Starting   wan-balancer [45] ...
Oct 14 16:44:57 localhost app-45: [AppBase] <> WARN  Exception in preStart(). Reverting to INITIALIZED state.
Oct 14 16:44:57 localhost app-45:       java.lang.RuntimeException: Invalid License.
Oct 14 16:44:57 localhost app-45:       com.untangle.app.wan_balancer.WanBalancerApp.preStart(WanBalancerApp.java:152)
Oct 14 16:44:57 localhost app-45:       com.untangle.uvm.app.AppBase.start(AppBase.java:909)
Oct 14 16:44:57 localhost app-45:       com.untangle.uvm.app.AppBase.resumeState(AppBase.java:246)
Oct 14 16:44:57 localhost app-45:       com.untangle.uvm.app.AppBase.loadClass(AppBase.java:373)
Oct 14 16:44:57 localhost app-45:       com.untangle.uvm.AppManagerImpl$3.run(AppManagerImpl.java:1128)
Oct 14 16:44:57 localhost app-45:       com.untangle.uvm.UvmContextImpl$1.run(UvmContextImpl.java:654)
Oct 14 16:44:57 localhost app-45:       java.base/java.lang.Thread.run(Thread.java:834)
Oct 15 12:41:37 localhost app-45: [WanBalancerApp] <> INFO  Adding Metric [1]: Sessions on External
Oct 15 12:41:37 localhost app-45: [AppBase] <> INFO  No valid license for: wan-balancer
Oct 15 12:41:37 localhost app-45: [AppBase] <> INFO  Requesting trial for: wan-balancer
Oct 15 12:42:23 localhost app-45: [WanBalancerApp] <> INFO  Loading Settings...
Oct 15 12:42:23 localhost app-45: [WanBalancerApp] <> WARN  Settings file newer than interfaces files, Syncing...
Oct 15 12:42:25 localhost app-45: [WanBalancerApp] <> INFO  Sync Settings: Syncing /usr/share/untangle/settings/wan-balancer/settings_45.js to system...
Oct 15 12:42:25 localhost app-45: [WanBalancerApp] <> INFO  Sync Settings: 102
Oct 15 12:42:25 localhost app-45: [WanBalancerApp] <> INFO  Sync Settings: Wrote /etc/untangle/iptables-rules.d/330-wan-balancer
Oct 15 12:42:25 localhost app-45: [WanBalancerApp] <> INFO  Sync Settings: Wrote /etc/untangle/post-network-hook.d/040-wan-balancer
Oct 15 12:42:26 localhost app-45: [WanBalancerApp] <> INFO  Adding wan-balancer iptables: 
Oct 15 12:42:26 localhost app-45: [WanBalancerApp] <> INFO  Adding wan-balancer routes  : 
Oct 15 12:42:26 localhost app-45: [AppBase] <> INFO  Starting   wan-balancer [45] ...
Oct 15 12:42:26 localhost app-45: [AppBase] <> WARN  Exception in preStart(). Reverting to INITIALIZED state.
Oct 15 12:42:26 localhost app-45:       java.lang.RuntimeException: Invalid License.
Oct 15 12:42:26 localhost app-45:       com.untangle.app.wan_balancer.WanBalancerApp.preStart(WanBalancerApp.java:152)
Oct 15 12:42:26 localhost app-45:       com.untangle.uvm.app.AppBase.start(AppBase.java:909)
Oct 15 12:42:26 localhost app-45:       com.untangle.uvm.app.AppBase.resumeState(AppBase.java:246)
Oct 15 12:42:26 localhost app-45:       com.untangle.uvm.app.AppBase.loadClass(AppBase.java:373)
Oct 15 12:42:26 localhost app-45:       com.untangle.uvm.AppManagerImpl$3.run(AppManagerImpl.java:1128)
Oct 15 12:42:26 localhost app-45:       com.untangle.uvm.UvmContextImpl$1.run(UvmContextImpl.java:654)
Oct 15 12:42:26 localhost app-45:       java.base/java.lang.Thread.run(Thread.java:834)
Oct 22 09:42:23 localhost app-45: [WanBalancerApp] <> INFO  Adding Metric [1]: Sessions on External
Oct 22 09:42:23 localhost app-45: [AppBase] <> INFO  No valid license for: wan-balancer
Oct 22 09:42:23 localhost app-45: [AppBase] <> INFO  Requesting trial for: wan-balancer
Oct 22 09:43:03 localhost app-45: [WanBalancerApp] <> INFO  Loading Settings...
Oct 22 09:43:03 localhost app-45: [WanBalancerApp] <> WARN  Settings file newer than interfaces files, Syncing...
Oct 22 09:43:04 localhost app-45: [WanBalancerApp] <> INFO  Sync Settings: Syncing /usr/share/untangle/settings/wan-balancer/settings_45.js to system...
Oct 22 09:43:04 localhost app-45: [WanBalancerApp] <> INFO  Sync Settings: 102
Oct 22 09:43:04 localhost app-45: [WanBalancerApp] <> INFO  Sync Settings: Wrote /etc/untangle/iptables-rules.d/330-wan-balancer
Oct 22 09:43:04 localhost app-45: [WanBalancerApp] <> INFO  Sync Settings: Wrote /etc/untangle/post-network-hook.d/040-wan-balancer
Oct 22 09:43:04 localhost app-45: [WanBalancerApp] <> INFO  Adding wan-balancer iptables: 
Oct 22 09:43:04 localhost app-45: [WanBalancerApp] <> INFO  Adding wan-balancer routes  : 
Oct 22 09:43:04 localhost app-45: [AppBase] <> INFO  Starting   wan-balancer [45] ...
Oct 22 09:43:04 localhost app-45: [AppBase] <> WARN  Exception in preStart(). Reverting to INITIALIZED state.
Oct 22 09:43:04 localhost app-45:       java.lang.RuntimeException: Invalid License.
Oct 22 09:43:04 localhost app-45:       com.untangle.app.wan_balancer.WanBalancerApp.preStart(WanBalancerApp.java:152)
Oct 22 09:43:04 localhost app-45:       com.untangle.uvm.app.AppBase.start(AppBase.java:909)
Oct 22 09:43:04 localhost app-45:       com.untangle.uvm.app.AppBase.resumeState(AppBase.java:246)
Oct 22 09:43:04 localhost app-45:       com.untangle.uvm.app.AppBase.loadClass(AppBase.java:373)
Oct 22 09:43:04 localhost app-45:       com.untangle.uvm.AppManagerImpl$3.run(AppManagerImpl.java:1128)
Oct 22 09:43:04 localhost app-45:       com.untangle.uvm.UvmContextImpl$1.run(UvmContextImpl.java:654)
Oct 22 09:43:04 localhost app-45:       java.base/java.lang.Thread.run(Thread.java:834)
Nov 11 11:26:11 localhost app-45: [WanBalancerApp] <> INFO  Adding Metric [1]: Sessions on External
Nov 11 11:26:12 localhost app-45: [AppBase] <> INFO  No valid license for: wan-balancer
Nov 11 11:26:12 localhost app-45: [AppBase] <> INFO  Requesting trial for: wan-balancer
Nov 11 11:26:31 localhost app-45: [AppBase] <> WARN  Exception fetching trial license. Ignoring...
Nov 11 11:26:31 localhost app-45:       java.lang.Exception: Unable to fetch trial license: javax.net.ssl.SSLException: Connection reset
Nov 11 11:26:31 localhost app-45:       com.untangle.app.license.LicenseManagerImpl.requestTrialLicense(LicenseManagerImpl.java:499)
Nov 11 11:26:31 localhost app-45:       com.untangle.uvm.app.AppBase.init(AppBase.java:857)
Nov 11 11:26:31 localhost app-45:       com.untangle.uvm.app.AppBase.resumeState(AppBase.java:245)
Nov 11 11:26:31 localhost app-45:       com.untangle.uvm.app.AppBase.loadClass(AppBase.java:373)
Nov 11 11:26:31 localhost app-45:       com.untangle.uvm.AppManagerImpl$3.run(AppManagerImpl.java:1128)
Nov 11 11:26:31 localhost app-45:       com.untangle.uvm.UvmContextImpl$1.run(UvmContextImpl.java:654)
Nov 11 11:26:31 localhost app-45:       java.base/java.lang.Thread.run(Thread.java:834)
Nov 11 11:26:31 localhost app-45: [WanBalancerApp] <> INFO  Loading Settings...
Nov 11 11:26:31 localhost app-45: [WanBalancerApp] <> WARN  Settings file newer than interfaces files, Syncing...
Nov 11 11:26:34 localhost app-45: [WanBalancerApp] <> INFO  Sync Settings: Syncing /usr/share/untangle/settings/wan-balancer/settings_45.js to system...
Nov 11 11:26:34 localhost app-45: [WanBalancerApp] <> INFO  Sync Settings: 102
Nov 11 11:26:34 localhost app-45: [WanBalancerApp] <> INFO  Sync Settings: Wrote /etc/untangle/iptables-rules.d/330-wan-balancer
Nov 11 11:26:34 localhost app-45: [WanBalancerApp] <> INFO  Sync Settings: Wrote /etc/untangle/post-network-hook.d/040-wan-balancer
Nov 11 11:26:35 localhost app-45: [WanBalancerApp] <> INFO  Adding wan-balancer iptables: 
Nov 11 11:26:35 localhost app-45: [WanBalancerApp] <> INFO  Adding wan-balancer routes  : 
Nov 11 11:26:35 localhost app-45: [AppBase] <> INFO  Starting   wan-balancer [45] ...
Nov 11 11:26:35 localhost app-45: [AppBase] <> WARN  Exception in preStart(). Reverting to INITIALIZED state.
Nov 11 11:26:35 localhost app-45:       java.lang.RuntimeException: Invalid License.
Nov 11 11:26:35 localhost app-45:       com.untangle.app.wan_balancer.WanBalancerApp.preStart(WanBalancerApp.java:152)
Nov 11 11:26:35 localhost app-45:       com.untangle.uvm.app.AppBase.start(AppBase.java:909)
Nov 11 11:26:35 localhost app-45:       com.untangle.uvm.app.AppBase.resumeState(AppBase.java:246)
Nov 11 11:26:35 localhost app-45:       com.untangle.uvm.app.AppBase.loadClass(AppBase.java:373)
Nov 11 11:26:35 localhost app-45:       com.untangle.uvm.AppManagerImpl$3.run(AppManagerImpl.java:1128)
Nov 11 11:26:35 localhost app-45:       com.untangle.uvm.UvmContextImpl$1.run(UvmContextImpl.java:654)
Nov 11 11:26:35 localhost app-45:       java.base/java.lang.Thread.run(Thread.java:834)
Nov 17 12:18:02 localhost app-45: [WanBalancerApp] <> INFO  Adding Metric [1]: Sessions on External
Nov 17 12:18:02 localhost app-45: [AppBase] <> INFO  No valid license for: wan-balancer
Nov 17 12:18:02 localhost app-45: [AppBase] <> INFO  Requesting trial for: wan-balancer
Nov 17 12:18:33 localhost app-45: [WanBalancerApp] <> INFO  Loading Settings...
Nov 17 12:18:33 localhost app-45: [WanBalancerApp] <> WARN  Settings file newer than interfaces files, Syncing...
Nov 17 12:18:33 localhost app-45: [WanBalancerApp] <> INFO  Sync Settings: Syncing /usr/share/untangle/settings/wan-balancer/settings_45.js to system...
Nov 17 12:18:33 localhost app-45: [WanBalancerApp] <> INFO  Sync Settings: Wrote /etc/untangle/iptables-rules.d/330-wan-balancer
Nov 17 12:18:33 localhost app-45: [WanBalancerApp] <> INFO  Sync Settings: Wrote /etc/untangle/post-network-hook.d/040-wan-balancer
Nov 17 12:18:33 localhost app-45: [WanBalancerApp] <> INFO  Adding wan-balancer iptables: 
Nov 17 12:18:33 localhost app-45: [WanBalancerApp] <> INFO  Adding wan-balancer routes  : 
Nov 17 12:18:33 localhost app-45: [AppBase] <> INFO  Starting   wan-balancer [45] ...
Nov 17 12:18:33 localhost app-45: [AppBase] <> WARN  Exception in preStart(). Reverting to INITIALIZED state.
Nov 17 12:18:33 localhost app-45:       java.lang.RuntimeException: Invalid License.
Nov 17 12:18:33 localhost app-45:       com.untangle.app.wan_balancer.WanBalancerApp.preStart(WanBalancerApp.java:152)
Nov 17 12:18:33 localhost app-45:       com.untangle.uvm.app.AppBase.start(AppBase.java:909)
Nov 17 12:18:33 localhost app-45:       com.untangle.uvm.app.AppBase.resumeState(AppBase.java:246)
Nov 17 12:18:33 localhost app-45:       com.untangle.uvm.app.AppBase.loadClass(AppBase.java:373)
Nov 17 12:18:33 localhost app-45:       com.untangle.uvm.AppManagerImpl$3.run(AppManagerImpl.java:1128)
Nov 17 12:18:33 localhost app-45:       com.untangle.uvm.UvmContextImpl$1.run(UvmContextImpl.java:654)
Nov 17 12:18:33 localhost app-45:       java.base/java.lang.Thread.run(Thread.java:834)
Nov 17 12:19:34 localhost app-45: [WanBalancerApp] <> INFO  Adding Metric [1]: Sessions on External
Nov 17 12:19:34 localhost app-45: [AppBase] <> INFO  No valid license for: wan-balancer
Nov 17 12:19:34 localhost app-45: [AppBase] <> INFO  Requesting trial for: wan-balancer
Nov 17 12:19:48 localhost app-45: [WanBalancerApp] <> INFO  Loading Settings...
Nov 17 12:19:48 localhost app-45: [WanBalancerApp] <> WARN  Settings file newer than interfaces files, Syncing...
Nov 17 12:19:49 localhost app-45: [WanBalancerApp] <> INFO  Sync Settings: Syncing /usr/share/untangle/settings/wan-balancer/settings_45.js to system...
Nov 17 12:19:49 localhost app-45: [WanBalancerApp] <> INFO  Sync Settings: Wrote /etc/untangle/iptables-rules.d/330-wan-balancer
Nov 17 12:19:49 localhost app-45: [WanBalancerApp] <> INFO  Sync Settings: Wrote /etc/untangle/post-network-hook.d/040-wan-balancer
Nov 17 12:19:49 localhost app-45: [WanBalancerApp] <> INFO  Adding wan-balancer iptables: 
Nov 17 12:19:49 localhost app-45: [WanBalancerApp] <> INFO  Adding wan-balancer routes  : 
Nov 17 12:19:49 localhost app-45: [AppBase] <> INFO  Starting   wan-balancer [45] ...
Nov 17 12:19:49 localhost app-45: [AppBase] <> WARN  Exception in preStart(). Reverting to INITIALIZED state.
Nov 17 12:19:49 localhost app-45:       java.lang.RuntimeException: Invalid License.
Nov 17 12:19:49 localhost app-45:       com.untangle.app.wan_balancer.WanBalancerApp.preStart(WanBalancerApp.java:152)
Nov 17 12:19:49 localhost app-45:       com.untangle.uvm.app.AppBase.start(AppBase.java:909)
Nov 17 12:19:49 localhost app-45:       com.untangle.uvm.app.AppBase.resumeState(AppBase.java:246)
Nov 17 12:19:49 localhost app-45:       com.untangle.uvm.app.AppBase.loadClass(AppBase.java:373)
Nov 17 12:19:49 localhost app-45:       com.untangle.uvm.AppManagerImpl$3.run(AppManagerImpl.java:1128)
Nov 17 12:19:49 localhost app-45:       com.untangle.uvm.UvmContextImpl$1.run(UvmContextImpl.java:654)
Nov 17 12:19:49 localhost app-45:       java.base/java.lang.Thread.run(Thread.java:834)
Nov 23 17:33:52 localhost app-45: [WanBalancerApp] <> INFO  Adding Metric [1]: Sessions on External
Nov 23 17:33:52 localhost app-45: [AppBase] <> INFO  No valid license for: wan-balancer
Nov 23 17:33:52 localhost app-45: [AppBase] <> INFO  Requesting trial for: wan-balancer
Nov 23 17:34:33 localhost app-45: [WanBalancerApp] <> INFO  Loading Settings...
Nov 23 17:34:33 localhost app-45: [WanBalancerApp] <> WARN  Settings file newer than interfaces files, Syncing...
Nov 23 17:34:33 localhost app-45: [WanBalancerApp] <> INFO  Sync Settings: /bin/sh: 1: /usr/share/untangle/bin/wan-balancer-sync-settings.py: not found
Nov 23 17:34:33 localhost app-45: [WanBalancerApp] <> INFO  Adding wan-balancer iptables: 
Nov 23 17:34:33 localhost app-45: [WanBalancerApp] <> INFO  Adding wan-balancer routes  : 
Nov 23 17:34:33 localhost app-45: [AppBase] <> INFO  Starting   wan-balancer [45] ...
Nov 23 17:34:33 localhost app-45: [AppBase] <> WARN  Exception in preStart(). Reverting to INITIALIZED state.
Nov 23 17:34:33 localhost app-45:       java.lang.RuntimeException: Invalid License.
Nov 23 17:34:33 localhost app-45:       com.untangle.app.wan_balancer.WanBalancerApp.preStart(WanBalancerApp.java:152)
Nov 23 17:34:33 localhost app-45:       com.untangle.uvm.app.AppBase.start(AppBase.java:909)
Nov 23 17:34:33 localhost app-45:       com.untangle.uvm.app.AppBase.resumeState(AppBase.java:246)
Nov 23 17:34:33 localhost app-45:       com.untangle.uvm.app.AppBase.loadClass(AppBase.java:373)
Nov 23 17:34:33 localhost app-45:       com.untangle.uvm.AppManagerImpl$3.run(AppManagerImpl.java:1128)
Nov 23 17:34:33 localhost app-45:       com.untangle.uvm.UvmContextImpl$1.run(UvmContextImpl.java:654)
Nov 23 17:34:33 localhost app-45:       java.base/java.lang.Thread.run(Thread.java:834)
Nov 23 18:13:22 localhost app-45: [WanBalancerApp] <> INFO  Adding Metric [1]: Sessions on External
Nov 23 18:13:22 localhost app-45: [AppBase] <> INFO  No valid license for: wan-balancer
Nov 23 18:13:22 localhost app-45: [AppBase] <> INFO  Requesting trial for: wan-balancer
Nov 23 18:13:52 localhost app-45: [WanBalancerApp] <> INFO  Loading Settings...
Nov 23 18:13:52 localhost app-45: [WanBalancerApp] <> WARN  Settings file newer than interfaces files, Syncing...
Nov 23 18:13:52 localhost app-45: [WanBalancerApp] <> INFO  Sync Settings: Syncing /usr/share/untangle/settings/wan-balancer/settings_45.js to system...
Nov 23 18:13:52 localhost app-45: [WanBalancerApp] <> INFO  Sync Settings: Wrote /etc/untangle/iptables-rules.d/330-wan-balancer
Nov 23 18:13:52 localhost app-45: [WanBalancerApp] <> INFO  Sync Settings: Wrote /etc/untangle/post-network-hook.d/040-wan-balancer
Nov 23 18:13:52 localhost app-45: [WanBalancerApp] <> INFO  Adding wan-balancer iptables: 
Nov 23 18:13:52 localhost app-45: [WanBalancerApp] <> INFO  Adding wan-balancer routes  : 
Nov 23 18:13:52 localhost app-45: [AppBase] <> INFO  Starting   wan-balancer [45] ...
Nov 23 18:13:52 localhost app-45: [AppBase] <> WARN  Exception in preStart(). Reverting to INITIALIZED state.
Nov 23 18:13:52 localhost app-45:       java.lang.RuntimeException: Invalid License.
Nov 23 18:13:52 localhost app-45:       com.untangle.app.wan_balancer.WanBalancerApp.preStart(WanBalancerApp.java:152)
Nov 23 18:13:52 localhost app-45:       com.untangle.uvm.app.AppBase.start(AppBase.java:909)
Nov 23 18:13:52 localhost app-45:       com.untangle.uvm.app.AppBase.resumeState(AppBase.java:246)
Nov 23 18:13:52 localhost app-45:       com.untangle.uvm.app.AppBase.loadClass(AppBase.java:373)
Nov 23 18:13:52 localhost app-45:       com.untangle.uvm.AppManagerImpl$3.run(AppManagerImpl.java:1128)
Nov 23 18:13:52 localhost app-45:       com.untangle.uvm.UvmContextImpl$1.run(UvmContextImpl.java:654)
Nov 23 18:13:52 localhost app-45:       java.base/java.lang.Thread.run(Thread.java:834)
Nov 24 08:49:12 localhost app-45: [WanBalancerApp] <> INFO  Adding Metric [1]: Sessions on External
Nov 24 08:49:12 localhost app-45: [AppBase] <> INFO  No valid license for: wan-balancer
Nov 24 08:49:12 localhost app-45: [AppBase] <> INFO  Requesting trial for: wan-balancer
Nov 24 08:49:31 localhost app-45: [WanBalancerApp] <> INFO  Loading Settings...
Nov 24 08:49:31 localhost app-45: [WanBalancerApp] <> WARN  Settings file newer than interfaces files, Syncing...
Nov 24 08:49:31 localhost app-45: [WanBalancerApp] <> INFO  Sync Settings: Syncing /usr/share/untangle/settings/wan-balancer/settings_45.js to system...
Nov 24 08:49:31 localhost app-45: [WanBalancerApp] <> INFO  Sync Settings: 102
Nov 24 08:49:31 localhost app-45: [WanBalancerApp] <> INFO  Sync Settings: Wrote /etc/untangle/iptables-rules.d/330-wan-balancer
Nov 24 08:49:31 localhost app-45: [WanBalancerApp] <> INFO  Sync Settings: Wrote /etc/untangle/post-network-hook.d/040-wan-balancer
Nov 24 08:49:31 localhost app-45: [WanBalancerApp] <> INFO  Adding wan-balancer iptables: 
Nov 24 08:49:31 localhost app-45: [WanBalancerApp] <> INFO  Adding wan-balancer routes  : 
Nov 24 08:49:31 localhost app-45: [AppBase] <> INFO  Starting   wan-balancer [45] ...
Nov 24 08:49:31 localhost app-45: [AppBase] <> WARN  Exception in preStart(). Reverting to INITIALIZED state.
Nov 24 08:49:31 localhost app-45:       java.lang.RuntimeException: Invalid License.
Nov 24 08:49:31 localhost app-45:       com.untangle.app.wan_balancer.WanBalancerApp.preStart(WanBalancerApp.java:152)
Nov 24 08:49:31 localhost app-45:       com.untangle.uvm.app.AppBase.start(AppBase.java:909)
Nov 24 08:49:31 localhost app-45:       com.untangle.uvm.app.AppBase.resumeState(AppBase.java:246)
Nov 24 08:49:31 localhost app-45:       com.untangle.uvm.app.AppBase.loadClass(AppBase.java:373)
Nov 24 08:49:31 localhost app-45:       com.untangle.uvm.AppManagerImpl$3.run(AppManagerImpl.java:1128)
Nov 24 08:49:31 localhost app-45:       com.untangle.uvm.UvmContextImpl$1.run(UvmContextImpl.java:654)
Nov 24 08:49:31 localhost app-45:       java.base/java.lang.Thread.run(Thread.java:834)
Dec  7 11:06:22 localhost app-45: [WanBalancerApp] <> INFO  Adding Metric [1]: Sessions on External
Dec  7 11:06:22 localhost app-45: [AppBase] <> INFO  No valid license for: wan-balancer
Dec  7 11:06:22 localhost app-45: [AppBase] <> INFO  Requesting trial for: wan-balancer
Dec  7 11:06:59 localhost app-45: [WanBalancerApp] <> INFO  Loading Settings...
Dec  7 11:06:59 localhost app-45: [WanBalancerApp] <> WARN  Settings file newer than interfaces files, Syncing...
Dec  7 11:07:00 localhost app-45: [WanBalancerApp] <> INFO  Sync Settings: Syncing /usr/share/untangle/settings/wan-balancer/settings_45.js to system...
Dec  7 11:07:00 localhost app-45: [WanBalancerApp] <> INFO  Sync Settings: 102
Dec  7 11:07:00 localhost app-45: [WanBalancerApp] <> INFO  Sync Settings: Wrote /etc/untangle/iptables-rules.d/330-wan-balancer
Dec  7 11:07:00 localhost app-45: [WanBalancerApp] <> INFO  Sync Settings: Wrote /etc/untangle/post-network-hook.d/040-wan-balancer
Dec  7 11:07:00 localhost app-45: [WanBalancerApp] <> INFO  Adding wan-balancer iptables: 
Dec  7 11:07:00 localhost app-45: [WanBalancerApp] <> INFO  Adding wan-balancer routes  : 
Dec  7 11:07:00 localhost app-45: [AppBase] <> INFO  Starting   wan-balancer [45] ...
Dec  7 11:07:00 localhost app-45: [AppBase] <> WARN  Exception in preStart(). Reverting to INITIALIZED state.
Dec  7 11:07:00 localhost app-45:       java.lang.RuntimeException: Invalid License.
Dec  7 11:07:00 localhost app-45:       com.untangle.app.wan_balancer.WanBalancerApp.preStart(WanBalancerApp.java:152)
Dec  7 11:07:00 localhost app-45:       com.untangle.uvm.app.AppBase.start(AppBase.java:909)
Dec  7 11:07:00 localhost app-45:       com.untangle.uvm.app.AppBase.resumeState(AppBase.java:246)
Dec  7 11:07:00 localhost app-45:       com.untangle.uvm.app.AppBase.loadClass(AppBase.java:373)
Dec  7 11:07:00 localhost app-45:       com.untangle.uvm.AppManagerImpl$3.run(AppManagerImpl.java:1128)
Dec  7 11:07:00 localhost app-45:       com.untangle.uvm.UvmContextImpl$1.run(UvmContextImpl.java:654)
Dec  7 11:07:00 localhost app-45:       java.base/java.lang.Thread.run(Thread.java:834)
Dec  9 10:53:53 localhost app-45: [WanBalancerApp] <> INFO  Adding Metric [1]: Sessions on External
Dec  9 10:53:53 localhost app-45: [AppBase] <> INFO  No valid license for: wan-balancer
Dec  9 10:53:53 localhost app-45: [AppBase] <> INFO  Requesting trial for: wan-balancer
Dec  9 10:54:24 localhost app-45: [WanBalancerApp] <> INFO  Loading Settings...
Dec  9 10:54:24 localhost app-45: [WanBalancerApp] <> WARN  Settings file newer than interfaces files, Syncing...
Dec  9 10:54:24 localhost app-45: [WanBalancerApp] <> INFO  Sync Settings: Syncing /usr/share/untangle/settings/wan-balancer/settings_45.js to system...
Dec  9 10:54:24 localhost app-45: [WanBalancerApp] <> INFO  Sync Settings: 102
Dec  9 10:54:24 localhost app-45: [WanBalancerApp] <> INFO  Sync Settings: Wrote /etc/untangle/iptables-rules.d/330-wan-balancer
Dec  9 10:54:24 localhost app-45: [WanBalancerApp] <> INFO  Sync Settings: Wrote /etc/untangle/post-network-hook.d/040-wan-balancer
Dec  9 10:54:25 localhost app-45: [WanBalancerApp] <> INFO  Adding wan-balancer iptables: 
Dec  9 10:54:25 localhost app-45: [WanBalancerApp] <> INFO  Adding wan-balancer routes  : 
Dec  9 10:54:25 localhost app-45: [AppBase] <> INFO  Starting   wan-balancer [45] ...
Dec  9 10:54:25 localhost app-45: [AppBase] <> WARN  Exception in preStart(). Reverting to INITIALIZED state.
Dec  9 10:54:25 localhost app-45:       java.lang.RuntimeException: Invalid License.
Dec  9 10:54:25 localhost app-45:       com.untangle.app.wan_balancer.WanBalancerApp.preStart(WanBalancerApp.java:152)
Dec  9 10:54:25 localhost app-45:       com.untangle.uvm.app.AppBase.start(AppBase.java:909)
Dec  9 10:54:25 localhost app-45:       com.untangle.uvm.app.AppBase.resumeState(AppBase.java:246)
Dec  9 10:54:25 localhost app-45:       com.untangle.uvm.app.AppBase.loadClass(AppBase.java:373)
Dec  9 10:54:25 localhost app-45:       com.untangle.uvm.AppManagerImpl$3.run(AppManagerImpl.java:1128)
Dec  9 10:54:25 localhost app-45:       com.untangle.uvm.UvmContextImpl$1.run(UvmContextImpl.java:654)
Dec  9 10:54:25 localhost app-45:       java.base/java.lang.Thread.run(Thread.java:834)
Dec  9 14:27:33 localhost app-45: [WanBalancerApp] <> INFO  Adding Metric [1]: Sessions on External
Dec  9 14:27:33 localhost app-45: [AppBase] <> INFO  No valid license for: wan-balancer
Dec  9 14:27:33 localhost app-45: [AppBase] <> INFO  Requesting trial for: wan-balancer
Dec  9 14:28:05 localhost app-45: [WanBalancerApp] <> INFO  Loading Settings...
Dec  9 14:28:05 localhost app-45: [WanBalancerApp] <> WARN  Settings file newer than interfaces files, Syncing...
Dec  9 14:28:05 localhost app-45: [WanBalancerApp] <> INFO  Sync Settings: /bin/sh: 1: /usr/share/untangle/bin/wan-balancer-sync-settings.py: not found
Dec  9 14:28:05 localhost app-45: [WanBalancerApp] <> INFO  Adding wan-balancer iptables: 
Dec  9 14:28:05 localhost app-45: [WanBalancerApp] <> INFO  Adding wan-balancer routes  : 
Dec  9 14:28:05 localhost app-45: [AppBase] <> INFO  Starting   wan-balancer [45] ...
Dec  9 14:28:05 localhost app-45: [AppBase] <> WARN  Exception in preStart(). Reverting to INITIALIZED state.
Dec  9 14:28:05 localhost app-45:       java.lang.RuntimeException: Invalid License.
Dec  9 14:28:05 localhost app-45:       com.untangle.app.wan_balancer.WanBalancerApp.preStart(WanBalancerApp.java:152)
Dec  9 14:28:05 localhost app-45:       com.untangle.uvm.app.AppBase.start(AppBase.java:909)
Dec  9 14:28:05 localhost app-45:       com.untangle.uvm.app.AppBase.resumeState(AppBase.java:246)
Dec  9 14:28:05 localhost app-45:       com.untangle.uvm.app.AppBase.loadClass(AppBase.java:373)
Dec  9 14:28:05 localhost app-45:       com.untangle.uvm.AppManagerImpl$3.run(AppManagerImpl.java:1128)
Dec  9 14:28:05 localhost app-45:       com.untangle.uvm.UvmContextImpl$1.run(UvmContextImpl.java:654)
Dec  9 14:28:05 localhost app-45:       java.base/java.lang.Thread.run(Thread.java:834)
