May 26 11:18:30 localhost app-19: [BandwidthControlApp] <> INFO  Initializing Settings...
May 26 11:18:30 localhost app-19: [BandwidthControlApp] <> INFO  Loading Settings...
May 26 11:18:30 localhost app-19: [AppBase] <> INFO  Starting   bandwidth-control [19] ...
May 26 11:18:30 localhost app-19: [AppBase] <> INFO  Started    bandwidth-control [19] ...
May 26 11:19:40 localhost app-19: [AppBase] <> INFO  Stopping   bandwidth-control [19] ...
May 26 11:19:40 localhost app-19: [AppBase] <> INFO  Stopped    bandwidth-control [19] ...
May 26 11:19:40 localhost app-19: [AppBase] <> INFO  Destroying bandwidth-control [19] ...
May 26 11:19:40 localhost app-19: [AppBase] <> INFO  Destroyed  bandwidth-control [19] ...
Aug 11 13:16:26 localhost app-19: [ThreatPreventionApp] <> WARN  No settings found - Initializing new settings.
Aug 11 13:16:26 localhost app-19: [ThreatPreventionApp] <> INFO  Creating the default settings...
Aug 11 13:16:26 localhost app-19: [AppBase] <> INFO  killMatchingSessions()
Aug 11 13:16:26 localhost app-19: [AppBase] <> INFO  killMatchingSessions()
Aug 11 13:16:26 localhost app-19: [AppBase] <> INFO  Starting   threat-prevention [19] ...
Aug 11 13:16:26 localhost app-19: [AppBase] <> INFO  killMatchingSessions()
Aug 11 13:16:28 localhost app-19: [AppBase] <> INFO  killMatchingSessions()
Aug 11 13:16:28 localhost app-19: [AppBase] <> INFO  Started    threat-prevention [19] ...
Aug 11 13:31:50 localhost app-19: [AppBase] <> INFO  Stopping   threat-prevention [19] ...
Aug 11 13:31:57 localhost app-19: [AppBase] <> INFO  killMatchingSessions()
Aug 11 13:31:57 localhost app-19: [AppBase] <> INFO  Stopped    threat-prevention [19] ...
Aug 11 13:32:01 localhost app-19: [ThreatPreventionApp] <> INFO  Loading Settings...
Aug 11 13:32:01 localhost app-19: [AppBase] <> INFO  killMatchingSessions()
Aug 11 13:32:01 localhost app-19: [AppBase] <> INFO  Starting   threat-prevention [19] ...
Aug 11 13:32:01 localhost app-19: [AppBase] <> INFO  killMatchingSessions()
Aug 11 13:32:03 localhost app-19: [AppBase] <> INFO  killMatchingSessions()
Aug 11 13:32:03 localhost app-19: [AppBase] <> INFO  Started    threat-prevention [19] ...
Aug 11 13:32:44 localhost app-19: [AppBase] <> INFO  Stopping   threat-prevention [19] ...
Aug 11 13:32:51 localhost app-19: [AppBase] <> INFO  killMatchingSessions()
Aug 11 13:32:51 localhost app-19: [AppBase] <> INFO  Stopped    threat-prevention [19] ...
Aug 11 13:32:56 localhost app-19: [ThreatPreventionApp] <> INFO  Loading Settings...
Aug 11 13:32:56 localhost app-19: [AppBase] <> INFO  killMatchingSessions()
Aug 11 13:32:56 localhost app-19: [AppBase] <> INFO  Starting   threat-prevention [19] ...
Aug 11 13:32:56 localhost app-19: [AppBase] <> INFO  killMatchingSessions()
Aug 11 13:32:57 localhost app-19: [AppBase] <> INFO  killMatchingSessions()
Aug 11 13:32:57 localhost app-19: [AppBase] <> INFO  Started    threat-prevention [19] ...
Aug 11 13:36:34 localhost app-19: [AppBase] <> INFO  Stopping   threat-prevention [19] ...
Aug 11 13:36:41 localhost app-19: [AppBase] <> INFO  killMatchingSessions()
Aug 11 13:36:41 localhost app-19: [AppBase] <> INFO  Stopped    threat-prevention [19] ...
Aug 11 13:36:45 localhost app-19: [ThreatPreventionApp] <> INFO  Loading Settings...
Aug 11 13:36:45 localhost app-19: [AppBase] <> INFO  killMatchingSessions()
Aug 11 13:36:45 localhost app-19: [AppBase] <> INFO  Starting   threat-prevention [19] ...
Aug 11 13:36:45 localhost app-19: [AppBase] <> INFO  killMatchingSessions()
Aug 11 13:36:46 localhost app-19: [AppBase] <> INFO  killMatchingSessions()
Aug 11 13:36:46 localhost app-19: [AppBase] <> INFO  Started    threat-prevention [19] ...
Aug 11 13:37:03 localhost app-19: [AppBase] <> INFO  Stopping   threat-prevention [19] ...
Aug 11 13:37:10 localhost app-19: [AppBase] <> INFO  killMatchingSessions()
Aug 11 13:37:10 localhost app-19: [AppBase] <> INFO  Stopped    threat-prevention [19] ...
Aug 11 13:37:17 localhost app-19: [ThreatPreventionApp] <> INFO  Loading Settings...
Aug 11 13:37:17 localhost app-19: [AppBase] <> INFO  killMatchingSessions()
Aug 11 13:37:17 localhost app-19: [AppBase] <> INFO  Starting   threat-prevention [19] ...
Aug 11 13:37:17 localhost app-19: [AppBase] <> INFO  killMatchingSessions()
Aug 11 13:37:18 localhost app-19: [AppBase] <> INFO  killMatchingSessions()
Aug 11 13:37:18 localhost app-19: [AppBase] <> INFO  Started    threat-prevention [19] ...
Aug 11 13:41:10 localhost app-19: [AppBase] <> INFO  Stopping   threat-prevention [19] ...
Aug 11 13:41:10 localhost app-19: [SessionTableImpl] <> INFO  shutdownMatches() Shutdown  session[104671965020210]: UDP| 192.168.252.51:123 -> 193.29.63.150:123
Aug 11 13:41:17 localhost app-19: [AppBase] <> INFO  killMatchingSessions()
Aug 11 13:41:17 localhost app-19: [AppBase] <> INFO  Stopped    threat-prevention [19] ...
Aug 11 13:41:21 localhost app-19: [ThreatPreventionApp] <> INFO  Loading Settings...
Aug 11 13:41:21 localhost app-19: [AppBase] <> INFO  killMatchingSessions()
Aug 11 13:41:21 localhost app-19: [AppBase] <> INFO  Starting   threat-prevention [19] ...
Aug 11 13:41:21 localhost app-19: [AppBase] <> INFO  killMatchingSessions()
Aug 11 13:41:23 localhost app-19: [AppBase] <> INFO  killMatchingSessions()
Aug 11 13:41:23 localhost app-19: [AppBase] <> INFO  Started    threat-prevention [19] ...
Aug 11 14:07:16 localhost app-19: [AppBase] <> INFO  Stopping   threat-prevention [19] ...
Aug 11 14:07:23 localhost app-19: [AppBase] <> INFO  killMatchingSessions()
Aug 11 14:07:23 localhost app-19: [AppBase] <> INFO  Stopped    threat-prevention [19] ...
Aug 11 14:07:27 localhost app-19: [ThreatPreventionApp] <> INFO  Loading Settings...
Aug 11 14:07:27 localhost app-19: [AppBase] <> INFO  killMatchingSessions()
Aug 11 14:07:27 localhost app-19: [AppBase] <> INFO  Starting   threat-prevention [19] ...
Aug 11 14:07:27 localhost app-19: [AppBase] <> INFO  killMatchingSessions()
Aug 11 14:07:29 localhost app-19: [AppBase] <> INFO  killMatchingSessions()
Aug 11 14:07:29 localhost app-19: [AppBase] <> INFO  Started    threat-prevention [19] ...
Aug 11 14:22:52 localhost app-19: [AppBase] <> INFO  Stopping   threat-prevention [19] ...
Aug 11 14:22:52 localhost app-19: [SessionTableImpl] <> INFO  shutdownMatches() Shutdown  session[104672083705938]: UDP| 192.168.252.51:123 -> 108.61.56.35:123
Aug 11 14:22:52 localhost app-19: [SessionTableImpl] <> INFO  shutdownMatches() Shutdown  session[104672083706194]: UDP| 192.168.252.51:123 -> 45.79.192.248:123
Aug 11 14:22:52 localhost app-19: [SessionTableImpl] <> INFO  shutdownMatches() Shutdown  session[104672083706504]: UDP| 192.168.252.51:123 -> 162.159.200.1:123
Aug 11 14:22:52 localhost app-19: [SessionTableImpl] <> INFO  shutdownMatches() Shutdown  session[104672083705990]: UDP| 192.168.252.51:123 -> 162.159.200.123:123
Aug 11 14:22:52 localhost app-19: [SessionTableImpl] <> INFO  shutdownMatches() Shutdown  session[104672083706503]: UDP| 192.168.252.51:123 -> 45.79.1.70:123
Aug 11 14:22:52 localhost app-19: [SessionTableImpl] <> INFO  shutdownMatches() Shutdown  session[104672083706113]: UDP| 192.168.252.51:123 -> 173.255.215.209:123
Aug 11 14:22:52 localhost app-19: [SessionTableImpl] <> INFO  shutdownMatches() Shutdown  session[104672083705938]: UDP| 192.168.252.51:123 -> 108.61.56.35:123
Aug 11 14:22:52 localhost app-19: [SessionTableImpl] <> INFO  shutdownMatches() Shutdown  session[104672083706194]: UDP| 192.168.252.51:123 -> 45.79.192.248:123
Aug 11 14:22:52 localhost app-19: [SessionTableImpl] <> INFO  shutdownMatches() Shutdown  session[104672083706504]: UDP| 192.168.252.51:123 -> 162.159.200.1:123
Aug 11 14:22:52 localhost app-19: [SessionTableImpl] <> INFO  shutdownMatches() Shutdown  session[104672083705990]: UDP| 192.168.252.51:123 -> 162.159.200.123:123
Aug 11 14:22:52 localhost app-19: [SessionTableImpl] <> INFO  shutdownMatches() Shutdown  session[104672083706503]: UDP| 192.168.252.51:123 -> 45.79.1.70:123
Aug 11 14:22:52 localhost app-19: [SessionTableImpl] <> INFO  shutdownMatches() Shutdown  session[104672083706113]: UDP| 192.168.252.51:123 -> 173.255.215.209:123
Aug 11 14:22:59 localhost app-19: [AppBase] <> INFO  killMatchingSessions()
Aug 11 14:22:59 localhost app-19: [AppBase] <> INFO  Stopped    threat-prevention [19] ...
Aug 11 14:23:03 localhost app-19: [ThreatPreventionApp] <> INFO  Loading Settings...
Aug 11 14:23:03 localhost app-19: [AppBase] <> INFO  killMatchingSessions()
Aug 11 14:23:03 localhost app-19: [AppBase] <> INFO  Starting   threat-prevention [19] ...
Aug 11 14:23:03 localhost app-19: [AppBase] <> INFO  killMatchingSessions()
Aug 11 14:23:04 localhost app-19: [AppBase] <> INFO  killMatchingSessions()
Aug 11 14:23:04 localhost app-19: [AppBase] <> INFO  Started    threat-prevention [19] ...
Aug 11 14:23:55 localhost app-19: [AppBase] <> INFO  Stopping   threat-prevention [19] ...
Aug 11 14:24:02 localhost app-19: [AppBase] <> INFO  killMatchingSessions()
Aug 11 14:24:02 localhost app-19: [AppBase] <> INFO  Stopped    threat-prevention [19] ...
Aug 11 14:24:06 localhost app-19: [ThreatPreventionApp] <> INFO  Loading Settings...
Aug 11 14:24:06 localhost app-19: [AppBase] <> INFO  killMatchingSessions()
Aug 11 14:24:06 localhost app-19: [AppBase] <> INFO  Starting   threat-prevention [19] ...
Aug 11 14:24:06 localhost app-19: [AppBase] <> INFO  killMatchingSessions()
Aug 11 14:24:08 localhost app-19: [AppBase] <> INFO  killMatchingSessions()
Aug 11 14:24:08 localhost app-19: [AppBase] <> INFO  Started    threat-prevention [19] ...
Aug 11 14:25:10 localhost app-19: [AppBase] <> INFO  Stopping   threat-prevention [19] ...
Aug 11 14:25:17 localhost app-19: [AppBase] <> INFO  killMatchingSessions()
Aug 11 14:25:17 localhost app-19: [AppBase] <> INFO  Stopped    threat-prevention [19] ...
Aug 11 14:25:21 localhost app-19: [ThreatPreventionApp] <> INFO  Loading Settings...
Aug 11 14:25:21 localhost app-19: [AppBase] <> INFO  killMatchingSessions()
Aug 11 14:25:21 localhost app-19: [AppBase] <> INFO  Starting   threat-prevention [19] ...
Aug 11 14:25:21 localhost app-19: [AppBase] <> INFO  killMatchingSessions()
Aug 11 14:25:22 localhost app-19: [AppBase] <> INFO  killMatchingSessions()
Aug 11 14:25:22 localhost app-19: [AppBase] <> INFO  Started    threat-prevention [19] ...
Aug 11 14:52:48 localhost app-19: [AppBase] <> INFO  Stopping   threat-prevention [19] ...
Aug 11 14:52:48 localhost app-19: [SessionTableImpl] <> INFO  shutdownMatches() Shutdown  session[104672154026203]: UDP| 192.168.252.51:123 -> 72.87.88.203:123
Aug 11 14:52:48 localhost app-19: [SessionTableImpl] <> INFO  shutdownMatches() Shutdown  session[104672154026202]: UDP| 192.168.252.51:123 -> 192.48.105.15:123
Aug 11 14:52:48 localhost app-19: [SessionTableImpl] <> INFO  shutdownMatches() Shutdown  session[104672154026202]: UDP| 192.168.252.51:123 -> 192.48.105.15:123
Aug 11 14:52:56 localhost app-19: [AppBase] <> INFO  killMatchingSessions()
Aug 11 14:52:56 localhost app-19: [AppBase] <> INFO  Stopped    threat-prevention [19] ...
Aug 11 14:53:00 localhost app-19: [ThreatPreventionApp] <> INFO  Loading Settings...
Aug 11 14:53:00 localhost app-19: [AppBase] <> INFO  killMatchingSessions()
Aug 11 14:53:00 localhost app-19: [AppBase] <> INFO  Starting   threat-prevention [19] ...
Aug 11 14:53:00 localhost app-19: [AppBase] <> INFO  killMatchingSessions()
Aug 11 14:53:01 localhost app-19: [AppBase] <> INFO  killMatchingSessions()
Aug 11 14:53:01 localhost app-19: [AppBase] <> INFO  Started    threat-prevention [19] ...
Aug 11 15:50:14 localhost app-19: [AppBase] <> INFO  Stopping   threat-prevention [19] ...
Aug 11 15:50:21 localhost app-19: [AppBase] <> INFO  killMatchingSessions()
Aug 11 15:50:21 localhost app-19: [AppBase] <> INFO  Stopped    threat-prevention [19] ...
Aug 11 19:07:12 localhost app-19: [ThreatPreventionApp] <> INFO  Loading Settings...
Aug 11 19:07:12 localhost app-19: [AppBase] <> INFO  killMatchingSessions()
Aug 11 19:14:24 localhost app-19: [ThreatPreventionApp] <> INFO  Loading Settings...
Aug 11 19:14:24 localhost app-19: [AppBase] <> INFO  killMatchingSessions()
Aug 11 19:14:43 localhost app-19: [ThreatPreventionApp] <> INFO  Loading Settings...
Aug 11 19:14:43 localhost app-19: [AppBase] <> INFO  killMatchingSessions()
Aug 11 19:15:48 localhost app-19: [ThreatPreventionApp] <> INFO  Loading Settings...
Aug 11 19:15:48 localhost app-19: [AppBase] <> INFO  killMatchingSessions()
Aug 11 19:17:14 localhost app-19: [SessionTableImpl] <> INFO  shutdownMatches() Shutdown  session[104673296122173]: UDP| 192.168.252.51:34195 -> 69.10.161.7:123
Aug 11 19:17:19 localhost app-19: [ThreatPreventionApp] <> INFO  Loading Settings...
Aug 11 19:17:19 localhost app-19: [AppBase] <> INFO  killMatchingSessions()
Aug 11 19:18:42 localhost app-19: [ThreatPreventionApp] <> INFO  Loading Settings...
Aug 11 19:18:42 localhost app-19: [AppBase] <> INFO  killMatchingSessions()
Aug 11 19:21:08 localhost app-19: [SessionTableImpl] <> INFO  shutdownMatches() Shutdown  session[104673307526628]: UDP| 192.168.252.51:51654 -> 69.10.161.7:123
Aug 11 19:21:12 localhost app-19: [ThreatPreventionApp] <> INFO  Loading Settings...
Aug 11 19:21:12 localhost app-19: [AppBase] <> INFO  killMatchingSessions()
Aug 12 08:32:38 localhost app-19: [ThreatPreventionApp] <> INFO  Loading Settings...
Aug 12 08:32:38 localhost app-19: [AppBase] <> INFO  killMatchingSessions()
Aug 12 08:34:10 localhost app-19: [ThreatPreventionApp] <> INFO  Loading Settings...
Aug 12 08:34:10 localhost app-19: [AppBase] <> INFO  killMatchingSessions()
Aug 12 08:34:48 localhost app-19: [ThreatPreventionApp] <> INFO  Loading Settings...
Aug 12 08:34:48 localhost app-19: [AppBase] <> INFO  killMatchingSessions()
Aug 12 08:40:39 localhost app-19: [ThreatPreventionApp] <> INFO  Loading Settings...
Aug 12 08:40:39 localhost app-19: [AppBase] <> INFO  killMatchingSessions()
Aug 12 08:42:09 localhost app-19: [ThreatPreventionApp] <> INFO  Loading Settings...
Aug 12 08:42:09 localhost app-19: [AppBase] <> INFO  killMatchingSessions()
Aug 12 08:43:52 localhost app-19: [ThreatPreventionApp] <> INFO  Loading Settings...
Aug 12 08:43:52 localhost app-19: [AppBase] <> INFO  killMatchingSessions()
Aug 12 08:45:30 localhost app-19: [ThreatPreventionApp] <> INFO  Loading Settings...
Aug 12 08:45:30 localhost app-19: [AppBase] <> INFO  killMatchingSessions()
Aug 12 08:46:43 localhost app-19: [ThreatPreventionApp] <> INFO  Loading Settings...
Aug 12 08:46:43 localhost app-19: [AppBase] <> INFO  killMatchingSessions()
Aug 12 08:49:15 localhost app-19: [ThreatPreventionApp] <> INFO  Loading Settings...
Aug 12 08:49:15 localhost app-19: [AppBase] <> INFO  killMatchingSessions()
Aug 12 08:50:20 localhost app-19: [ThreatPreventionApp] <> INFO  Loading Settings...
Aug 12 08:50:20 localhost app-19: [AppBase] <> INFO  killMatchingSessions()
Aug 12 08:51:28 localhost app-19: [ThreatPreventionApp] <> INFO  Loading Settings...
Aug 12 08:51:28 localhost app-19: [AppBase] <> INFO  killMatchingSessions()
Aug 12 08:52:57 localhost app-19: [ThreatPreventionApp] <> INFO  Loading Settings...
Aug 12 08:52:57 localhost app-19: [AppBase] <> INFO  killMatchingSessions()
Aug 12 08:54:02 localhost app-19: [ThreatPreventionApp] <> INFO  Loading Settings...
Aug 12 08:54:02 localhost app-19: [AppBase] <> INFO  killMatchingSessions()
Aug 12 08:55:00 localhost app-19: [ThreatPreventionApp] <> INFO  Loading Settings...
Aug 12 08:55:00 localhost app-19: [AppBase] <> INFO  killMatchingSessions()
Aug 12 08:59:18 localhost app-19: [ThreatPreventionApp] <> INFO  Loading Settings...
Aug 12 08:59:18 localhost app-19: [AppBase] <> INFO  killMatchingSessions()
Aug 12 09:00:34 localhost app-19: [ThreatPreventionApp] <> INFO  Loading Settings...
Aug 12 09:00:34 localhost app-19: [AppBase] <> INFO  killMatchingSessions()
Aug 12 09:01:37 localhost app-19: [ThreatPreventionApp] <> INFO  Loading Settings...
Aug 12 09:01:37 localhost app-19: [AppBase] <> INFO  killMatchingSessions()
Aug 12 09:11:39 localhost app-19: [ThreatPreventionApp] <> INFO  Loading Settings...
Aug 12 09:11:39 localhost app-19: [AppBase] <> INFO  killMatchingSessions()
Aug 12 09:13:47 localhost app-19: [ThreatPreventionApp] <> INFO  Loading Settings...
Aug 12 09:13:47 localhost app-19: [AppBase] <> INFO  killMatchingSessions()
Aug 12 09:14:33 localhost app-19: [ThreatPreventionApp] <> INFO  Loading Settings...
Aug 12 09:14:33 localhost app-19: [AppBase] <> INFO  killMatchingSessions()
Aug 12 09:15:45 localhost app-19: [ThreatPreventionApp] <> INFO  Loading Settings...
Aug 12 09:15:45 localhost app-19: [AppBase] <> INFO  killMatchingSessions()
Aug 12 09:16:55 localhost app-19: [ThreatPreventionApp] <> INFO  Loading Settings...
Aug 12 09:16:55 localhost app-19: [AppBase] <> INFO  killMatchingSessions()
Aug 12 09:18:25 localhost app-19: [ThreatPreventionApp] <> INFO  Loading Settings...
Aug 12 09:18:25 localhost app-19: [AppBase] <> INFO  killMatchingSessions()
Aug 12 09:26:18 localhost app-19: [ThreatPreventionApp] <> INFO  Loading Settings...
Aug 12 09:26:18 localhost app-19: [AppBase] <> INFO  killMatchingSessions()
Aug 12 09:29:43 localhost app-19: [ThreatPreventionApp] <> INFO  Loading Settings...
Aug 12 09:29:43 localhost app-19: [AppBase] <> INFO  killMatchingSessions()
Aug 12 09:31:10 localhost app-19: [ThreatPreventionApp] <> INFO  Loading Settings...
Aug 12 09:31:10 localhost app-19: [AppBase] <> INFO  killMatchingSessions()
Aug 12 09:32:17 localhost app-19: [ThreatPreventionApp] <> INFO  Loading Settings...
Aug 12 09:32:17 localhost app-19: [AppBase] <> INFO  killMatchingSessions()
Aug 12 09:33:31 localhost app-19: [ThreatPreventionApp] <> INFO  Loading Settings...
Aug 12 09:33:31 localhost app-19: [AppBase] <> INFO  killMatchingSessions()
Aug 12 09:35:13 localhost app-19: [ThreatPreventionApp] <> INFO  Loading Settings...
Aug 12 09:35:13 localhost app-19: [AppBase] <> INFO  killMatchingSessions()
Aug 12 09:37:25 localhost app-19: [ThreatPreventionApp] <> INFO  Loading Settings...
Aug 12 09:37:25 localhost app-19: [AppBase] <> INFO  killMatchingSessions()
Aug 12 09:38:43 localhost app-19: [ThreatPreventionApp] <> INFO  Loading Settings...
Aug 12 09:38:43 localhost app-19: [AppBase] <> INFO  killMatchingSessions()
Aug 12 09:40:08 localhost app-19: [ThreatPreventionApp] <> INFO  Loading Settings...
Aug 12 09:40:08 localhost app-19: [AppBase] <> INFO  killMatchingSessions()
Aug 12 09:41:48 localhost app-19: [ThreatPreventionApp] <> INFO  Loading Settings...
Aug 12 09:41:48 localhost app-19: [AppBase] <> INFO  killMatchingSessions()
Aug 12 09:42:17 localhost app-19: [ThreatPreventionApp] <> INFO  Loading Settings...
Aug 12 09:42:17 localhost app-19: [AppBase] <> INFO  killMatchingSessions()
Aug 12 09:43:19 localhost app-19: [ThreatPreventionApp] <> INFO  Loading Settings...
Aug 12 09:43:19 localhost app-19: [AppBase] <> INFO  killMatchingSessions()
Aug 12 09:43:50 localhost app-19: [ThreatPreventionApp] <> INFO  Loading Settings...
Aug 12 09:43:50 localhost app-19: [AppBase] <> INFO  killMatchingSessions()
Aug 12 09:45:27 localhost app-19: [ThreatPreventionApp] <> INFO  Loading Settings...
Aug 12 09:45:27 localhost app-19: [AppBase] <> INFO  killMatchingSessions()
Aug 12 09:46:52 localhost app-19: [ThreatPreventionApp] <> INFO  Loading Settings...
Aug 12 09:46:52 localhost app-19: [AppBase] <> INFO  killMatchingSessions()
Aug 12 09:47:25 localhost app-19: [ThreatPreventionApp] <> INFO  Loading Settings...
Aug 12 09:47:25 localhost app-19: [AppBase] <> INFO  killMatchingSessions()
Aug 12 10:07:50 localhost app-19: [ThreatPreventionApp] <> INFO  Loading Settings...
Aug 12 10:07:50 localhost app-19: [AppBase] <> INFO  killMatchingSessions()
Aug 12 10:11:34 localhost app-19: [ThreatPreventionApp] <> INFO  Loading Settings...
Aug 12 10:11:34 localhost app-19: [AppBase] <> INFO  killMatchingSessions()
Aug 12 10:13:45 localhost app-19: [ThreatPreventionApp] <> INFO  Loading Settings...
Aug 12 10:13:45 localhost app-19: [AppBase] <> INFO  killMatchingSessions()
Aug 12 10:17:46 localhost app-19: [ThreatPreventionApp] <> INFO  Loading Settings...
Aug 12 10:17:46 localhost app-19: [AppBase] <> INFO  killMatchingSessions()
Aug 12 10:19:17 localhost app-19: [ThreatPreventionApp] <> INFO  Loading Settings...
Aug 12 10:19:17 localhost app-19: [AppBase] <> INFO  killMatchingSessions()
Aug 12 10:24:29 localhost app-19: [ThreatPreventionApp] <> INFO  Loading Settings...
Aug 12 10:24:29 localhost app-19: [AppBase] <> INFO  killMatchingSessions()
Aug 12 10:25:14 localhost app-19: [ThreatPreventionApp] <> INFO  Loading Settings...
Aug 12 10:25:14 localhost app-19: [AppBase] <> INFO  killMatchingSessions()
Aug 12 11:06:48 localhost app-19: [ThreatPreventionApp] <> INFO  Loading Settings...
Aug 12 11:06:48 localhost app-19: [AppBase] <> INFO  killMatchingSessions()
Aug 12 13:22:48 localhost app-19: [ThreatPreventionApp] <> INFO  Loading Settings...
Aug 12 13:22:48 localhost app-19: [AppBase] <> INFO  killMatchingSessions()
Aug 12 13:36:44 localhost app-19: [ThreatPreventionApp] <> INFO  Loading Settings...
Aug 12 13:36:44 localhost app-19: [AppBase] <> INFO  killMatchingSessions()
Aug 12 13:54:12 localhost app-19: [ThreatPreventionApp] <> INFO  Loading Settings...
Aug 12 13:54:12 localhost app-19: [AppBase] <> INFO  killMatchingSessions()
Aug 12 14:02:12 localhost app-19: [ThreatPreventionApp] <> INFO  Loading Settings...
Aug 12 14:02:12 localhost app-19: [AppBase] <> INFO  killMatchingSessions()
Aug 13 09:03:05 localhost app-19: [ThreatPreventionApp] <> INFO  Loading Settings...
Aug 13 09:03:05 localhost app-19: [AppBase] <> INFO  killMatchingSessions()
Aug 13 09:08:29 localhost app-19: [ThreatPreventionApp] <> INFO  Loading Settings...
Aug 13 09:08:29 localhost app-19: [AppBase] <> INFO  killMatchingSessions()
Aug 14 10:45:24 localhost app-19: [ThreatPreventionApp] <> INFO  Loading Settings...
Aug 14 10:45:24 localhost app-19: [AppBase] <> INFO  killMatchingSessions()
Aug 14 10:51:45 localhost app-19: [ThreatPreventionApp] <> INFO  Loading Settings...
Aug 14 10:51:45 localhost app-19: [AppBase] <> INFO  killMatchingSessions()
Aug 14 10:53:29 localhost app-19: [ThreatPreventionApp] <> INFO  Loading Settings...
Aug 14 10:53:29 localhost app-19: [AppBase] <> INFO  killMatchingSessions()
Aug 14 11:00:37 localhost app-19: [ThreatPreventionApp] <> INFO  Loading Settings...
Aug 14 11:00:37 localhost app-19: [AppBase] <> INFO  killMatchingSessions()
Aug 14 11:03:33 localhost app-19: [ThreatPreventionApp] <> INFO  Loading Settings...
Aug 14 11:03:33 localhost app-19: [AppBase] <> INFO  killMatchingSessions()
Aug 17 08:14:21 localhost app-19: [SessionTableImpl] <> INFO  shutdownMatches() Shutdown  session[104688347453884]: UDP| 192.168.252.51:50321 -> 23.131.160.7:123
Aug 17 08:14:39 localhost app-19: [ThreatPreventionApp] <> INFO  Loading Settings...
Aug 17 08:14:39 localhost app-19: [AppBase] <> INFO  killMatchingSessions()
Aug 17 09:39:53 localhost app-19: [ThreatPreventionApp] <> INFO  Loading Settings...
Aug 17 09:39:53 localhost app-19: [AppBase] <> INFO  killMatchingSessions()
Aug 18 08:42:29 localhost app-19: [SessionTableImpl] <> INFO  shutdownMatches() Shutdown  session[104705005326826]: UDP| 192.168.252.51:51435 -> 23.131.160.7:123
Aug 25 09:08:03 localhost app-19: [ThreatPreventionApp] <> INFO  Loading Settings...
Aug 25 09:08:03 localhost app-19: [AppBase] <> INFO  killMatchingSessions()
Aug 27 09:25:09 localhost app-19: [ThreatPreventionApp] <> INFO  Loading Settings...
Aug 27 09:25:09 localhost app-19: [AppBase] <> INFO  killMatchingSessions()
Aug 27 13:45:31 localhost app-19: [AppBase] <> INFO  Starting   threat-prevention [19] ...
Aug 27 13:45:31 localhost app-19: [AppBase] <> INFO  killMatchingSessions()
Aug 27 13:45:31 localhost app-19: [AppBase] <> INFO  killMatchingSessions()
Aug 27 13:45:31 localhost app-19: [AppBase] <> INFO  Started    threat-prevention [19] ...
Aug 28 13:45:55 localhost app-19: [AppBase] <> INFO  Stopping   threat-prevention [19] ...
Aug 28 13:45:55 localhost app-19: [AppBase] <> INFO  killMatchingSessions()
Aug 28 13:45:55 localhost app-19: [AppBase] <> INFO  Stopped    threat-prevention [19] ...
Aug 28 13:46:20 localhost app-19: [ThreatPreventionApp] <> INFO  Loading Settings...
Aug 28 13:46:20 localhost app-19: [AppBase] <> INFO  killMatchingSessions()
Aug 28 13:46:20 localhost app-19: [AppBase] <> INFO  Starting   threat-prevention [19] ...
Aug 28 13:46:20 localhost app-19: [AppBase] <> INFO  killMatchingSessions()
Aug 28 13:46:21 localhost app-19: [AppBase] <> INFO  killMatchingSessions()
Aug 28 13:46:21 localhost app-19: [AppBase] <> INFO  Started    threat-prevention [19] ...
Aug 28 13:52:01 localhost app-19: [AppBase] <> INFO  Stopping   threat-prevention [19] ...
Aug 28 13:52:01 localhost app-19: [AppBase] <> INFO  killMatchingSessions()
Aug 28 13:52:01 localhost app-19: [AppBase] <> INFO  Stopped    threat-prevention [19] ...
Aug 28 14:02:11 localhost app-19: [ThreatPreventionApp] <> INFO  Loading Settings...
Aug 28 14:02:11 localhost app-19: [AppBase] <> INFO  killMatchingSessions()
Aug 28 14:02:11 localhost app-19: [AppBase] <> INFO  Starting   threat-prevention [19] ...
Aug 28 14:02:11 localhost app-19: [AppBase] <> INFO  killMatchingSessions()
Aug 28 14:02:13 localhost app-19: [AppBase] <> INFO  killMatchingSessions()
Aug 28 14:02:13 localhost app-19: [AppBase] <> INFO  Started    threat-prevention [19] ...
Aug 28 23:35:51 localhost app-19: [AppBase] <> INFO  Stopping   threat-prevention [19] ...
Aug 28 23:35:51 localhost app-19: [AppBase] <> INFO  killMatchingSessions()
Aug 28 23:35:51 localhost app-19: [AppBase] <> INFO  Stopped    threat-prevention [19] ...
Aug 29 11:49:42 localhost app-19: [ThreatPreventionApp] <> INFO  Loading Settings...
Aug 29 11:49:42 localhost app-19: [AppBase] <> INFO  killMatchingSessions()
Aug 29 11:49:42 localhost app-19: [AppBase] <> INFO  Starting   threat-prevention [19] ...
Aug 29 11:49:42 localhost app-19: [AppBase] <> INFO  killMatchingSessions()
Aug 29 11:49:45 localhost app-19: [AppBase] <> INFO  killMatchingSessions()
Aug 29 11:49:45 localhost app-19: [AppBase] <> INFO  Started    threat-prevention [19] ...
Aug 31 09:09:04 localhost app-19: [AppBase] <> INFO  Stopping   threat-prevention [19] ...
Aug 31 09:09:04 localhost app-19: [AppBase] <> INFO  killMatchingSessions()
Aug 31 09:09:04 localhost app-19: [AppBase] <> INFO  Stopped    threat-prevention [19] ...
Aug 31 09:09:25 localhost app-19: [ThreatPreventionApp] <> INFO  Loading Settings...
Aug 31 09:09:25 localhost app-19: [AppBase] <> INFO  killMatchingSessions()
Aug 31 09:09:25 localhost app-19: [AppBase] <> INFO  Starting   threat-prevention [19] ...
Aug 31 09:09:25 localhost app-19: [AppBase] <> INFO  killMatchingSessions()
Aug 31 09:09:27 localhost app-19: [AppBase] <> INFO  killMatchingSessions()
Aug 31 09:09:27 localhost app-19: [AppBase] <> INFO  Started    threat-prevention [19] ...
Aug 31 09:22:01 localhost app-19: [AppBase] <> INFO  Stopping   threat-prevention [19] ...
Aug 31 09:22:01 localhost app-19: [AppBase] <> INFO  killMatchingSessions()
Aug 31 09:22:01 localhost app-19: [AppBase] <> INFO  Stopped    threat-prevention [19] ...
Aug 31 09:22:18 localhost app-19: [ThreatPreventionApp] <> INFO  Loading Settings...
Aug 31 09:22:18 localhost app-19: [AppBase] <> INFO  killMatchingSessions()
Aug 31 09:22:18 localhost app-19: [AppBase] <> INFO  Starting   threat-prevention [19] ...
Aug 31 09:22:18 localhost app-19: [AppBase] <> INFO  killMatchingSessions()
Aug 31 09:22:19 localhost app-19: [AppBase] <> INFO  killMatchingSessions()
Aug 31 09:22:19 localhost app-19: [AppBase] <> INFO  Started    threat-prevention [19] ...
Sep  2 09:25:38 localhost app-19: [AppBase] <> INFO  Stopping   threat-prevention [19] ...
Sep  2 09:25:38 localhost app-19: [AppBase] <> INFO  killMatchingSessions()
Sep  2 09:25:38 localhost app-19: [AppBase] <> INFO  Stopped    threat-prevention [19] ...
Sep  2 09:25:53 localhost app-19: [ThreatPreventionApp] <> INFO  Loading Settings...
Sep  2 09:25:53 localhost app-19: [AppBase] <> INFO  killMatchingSessions()
Sep  2 09:25:53 localhost app-19: [AppBase] <> INFO  Starting   threat-prevention [19] ...
Sep  2 09:25:53 localhost app-19: [AppBase] <> INFO  killMatchingSessions()
Sep  2 09:25:54 localhost app-19: [AppBase] <> INFO  killMatchingSessions()
Sep  2 09:25:54 localhost app-19: [AppBase] <> INFO  Started    threat-prevention [19] ...
Sep  2 09:35:37 localhost app-19: [AppBase] <> INFO  Stopping   threat-prevention [19] ...
Sep  2 09:35:37 localhost app-19: [AppBase] <> INFO  killMatchingSessions()
Sep  2 09:35:37 localhost app-19: [AppBase] <> INFO  Stopped    threat-prevention [19] ...
Sep  2 09:35:50 localhost app-19: [ThreatPreventionApp] <> INFO  Loading Settings...
Sep  2 09:35:50 localhost app-19: [AppBase] <> INFO  killMatchingSessions()
Sep  2 09:35:50 localhost app-19: [AppBase] <> INFO  Starting   threat-prevention [19] ...
Sep  2 09:35:50 localhost app-19: [AppBase] <> INFO  killMatchingSessions()
Sep  2 09:35:51 localhost app-19: [AppBase] <> INFO  killMatchingSessions()
Sep  2 09:35:51 localhost app-19: [AppBase] <> INFO  Started    threat-prevention [19] ...
Sep  2 09:40:32 localhost app-19: [AppBase] <> INFO  Stopping   threat-prevention [19] ...
Sep  2 09:40:33 localhost app-19: [AppBase] <> INFO  killMatchingSessions()
Sep  2 09:40:33 localhost app-19: [AppBase] <> INFO  Stopped    threat-prevention [19] ...
Sep  2 09:40:46 localhost app-19: [ThreatPreventionApp] <> INFO  Loading Settings...
Sep  2 09:40:46 localhost app-19: [AppBase] <> INFO  killMatchingSessions()
Sep  2 09:40:46 localhost app-19: [AppBase] <> INFO  Starting   threat-prevention [19] ...
Sep  2 09:40:46 localhost app-19: [AppBase] <> INFO  killMatchingSessions()
Sep  2 09:40:48 localhost app-19: [AppBase] <> INFO  killMatchingSessions()
Sep  2 09:40:48 localhost app-19: [AppBase] <> INFO  Started    threat-prevention [19] ...
Sep  2 09:52:10 localhost app-19: [AppBase] <> INFO  Stopping   threat-prevention [19] ...
Sep  2 09:52:10 localhost app-19: [AppBase] <> INFO  killMatchingSessions()
Sep  2 09:52:10 localhost app-19: [AppBase] <> INFO  Stopped    threat-prevention [19] ...
Sep  2 09:52:23 localhost app-19: [ThreatPreventionApp] <> INFO  Loading Settings...
Sep  2 09:52:23 localhost app-19: [AppBase] <> INFO  killMatchingSessions()
Sep  2 09:52:23 localhost app-19: [AppBase] <> INFO  Starting   threat-prevention [19] ...
Sep  2 09:52:23 localhost app-19: [AppBase] <> INFO  killMatchingSessions()
Sep  2 09:52:25 localhost app-19: [AppBase] <> INFO  killMatchingSessions()
Sep  2 09:52:25 localhost app-19: [AppBase] <> INFO  Started    threat-prevention [19] ...
Sep  2 09:55:04 localhost app-19: [AppBase] <> INFO  Stopping   threat-prevention [19] ...
Sep  2 09:55:04 localhost app-19: [AppBase] <> INFO  Stopped    threat-prevention [19] ...
Sep  2 09:55:04 localhost app-19: [AppBase] <> INFO  killMatchingSessions()
Sep  2 09:55:18 localhost app-19: [ThreatPreventionApp] <> INFO  Loading Settings...
Sep  2 09:55:18 localhost app-19: [AppBase] <> INFO  killMatchingSessions()
Sep  2 09:55:18 localhost app-19: [AppBase] <> INFO  Starting   threat-prevention [19] ...
Sep  2 09:55:18 localhost app-19: [AppBase] <> INFO  killMatchingSessions()
Sep  2 09:55:20 localhost app-19: [AppBase] <> INFO  killMatchingSessions()
Sep  2 09:55:20 localhost app-19: [AppBase] <> INFO  Started    threat-prevention [19] ...
Sep  2 09:56:59 localhost app-19: [AppBase] <> INFO  Stopping   threat-prevention [19] ...
Sep  2 09:56:59 localhost app-19: [AppBase] <> INFO  killMatchingSessions()
Sep  2 09:56:59 localhost app-19: [AppBase] <> INFO  Stopped    threat-prevention [19] ...
Sep  2 09:57:13 localhost app-19: [ThreatPreventionApp] <> INFO  Loading Settings...
Sep  2 09:57:13 localhost app-19: [AppBase] <> INFO  killMatchingSessions()
Sep  2 09:57:13 localhost app-19: [AppBase] <> INFO  Starting   threat-prevention [19] ...
Sep  2 09:57:13 localhost app-19: [AppBase] <> INFO  killMatchingSessions()
Sep  2 09:57:14 localhost app-19: [AppBase] <> INFO  killMatchingSessions()
Sep  2 09:57:14 localhost app-19: [AppBase] <> INFO  Started    threat-prevention [19] ...
Sep  2 10:21:52 localhost app-19: [AppBase] <> INFO  Stopping   threat-prevention [19] ...
Sep  2 10:21:52 localhost app-19: [AppBase] <> INFO  killMatchingSessions()
Sep  2 10:21:52 localhost app-19: [AppBase] <> INFO  Stopped    threat-prevention [19] ...
Sep  2 10:22:05 localhost app-19: [ThreatPreventionApp] <> INFO  Loading Settings...
Sep  2 10:22:05 localhost app-19: [AppBase] <> INFO  killMatchingSessions()
Sep  2 10:22:05 localhost app-19: [AppBase] <> INFO  Starting   threat-prevention [19] ...
Sep  2 10:22:05 localhost app-19: [AppBase] <> INFO  killMatchingSessions()
Sep  2 10:22:06 localhost app-19: [AppBase] <> INFO  killMatchingSessions()
Sep  2 10:22:06 localhost app-19: [AppBase] <> INFO  Started    threat-prevention [19] ...
Sep  2 23:35:57 localhost app-19: [AppBase] <> INFO  Stopping   threat-prevention [19] ...
Sep  2 23:35:58 localhost app-19: [AppBase] <> INFO  killMatchingSessions()
Sep  2 23:35:58 localhost app-19: [AppBase] <> INFO  Stopped    threat-prevention [19] ...
Sep  3 14:28:51 localhost app-19: [ThreatPreventionApp] <> INFO  Loading Settings...
Sep  3 14:28:51 localhost app-19: [AppBase] <> INFO  killMatchingSessions()
Sep  3 14:28:51 localhost app-19: [AppBase] <> INFO  Starting   threat-prevention [19] ...
Sep  3 14:28:51 localhost app-19: [AppBase] <> INFO  killMatchingSessions()
Sep  3 14:28:54 localhost app-19: [AppBase] <> INFO  killMatchingSessions()
Sep  3 14:28:54 localhost app-19: [AppBase] <> INFO  Started    threat-prevention [19] ...
Sep  4 09:03:48 localhost app-19: [AppBase] <> INFO  Stopping   threat-prevention [19] ...
Sep  4 09:03:48 localhost app-19: [AppBase] <> INFO  killMatchingSessions()
Sep  4 09:03:48 localhost app-19: [AppBase] <> INFO  Stopped    threat-prevention [19] ...
Sep  4 09:04:01 localhost app-19: [ThreatPreventionApp] <> INFO  Loading Settings...
Sep  4 09:04:01 localhost app-19: [AppBase] <> INFO  killMatchingSessions()
Sep  4 09:04:01 localhost app-19: [AppBase] <> INFO  Starting   threat-prevention [19] ...
Sep  4 09:04:01 localhost app-19: [AppBase] <> INFO  killMatchingSessions()
Sep  4 09:04:02 localhost app-19: [AppBase] <> INFO  killMatchingSessions()
Sep  4 09:04:02 localhost app-19: [AppBase] <> INFO  Started    threat-prevention [19] ...
Sep  4 09:09:54 localhost app-19: [AppBase] <> INFO  Stopping   threat-prevention [19] ...
Sep  4 09:09:54 localhost app-19: [AppBase] <> INFO  killMatchingSessions()
Sep  4 09:09:54 localhost app-19: [AppBase] <> INFO  Stopped    threat-prevention [19] ...
Sep  4 09:10:05 localhost app-19: [ThreatPreventionApp] <> INFO  Loading Settings...
Sep  4 09:10:05 localhost app-19: [AppBase] <> INFO  killMatchingSessions()
Sep  4 09:10:05 localhost app-19: [AppBase] <> INFO  Starting   threat-prevention [19] ...
Sep  4 09:10:05 localhost app-19: [AppBase] <> INFO  killMatchingSessions()
Sep  4 09:10:07 localhost app-19: [AppBase] <> INFO  killMatchingSessions()
Sep  4 09:10:07 localhost app-19: [AppBase] <> INFO  Started    threat-prevention [19] ...
Sep  4 09:10:34 localhost app-19: [AppBase] <> INFO  Stopping   threat-prevention [19] ...
Sep  4 09:10:34 localhost app-19: [AppBase] <> INFO  killMatchingSessions()
Sep  4 09:10:34 localhost app-19: [AppBase] <> INFO  Stopped    threat-prevention [19] ...
Sep  4 09:10:46 localhost app-19: [ThreatPreventionApp] <> INFO  Loading Settings...
Sep  4 09:10:46 localhost app-19: [AppBase] <> INFO  killMatchingSessions()
Sep  4 09:10:46 localhost app-19: [AppBase] <> INFO  Starting   threat-prevention [19] ...
Sep  4 09:10:46 localhost app-19: [AppBase] <> INFO  killMatchingSessions()
Sep  4 09:10:47 localhost app-19: [AppBase] <> INFO  killMatchingSessions()
Sep  4 09:10:47 localhost app-19: [AppBase] <> INFO  Started    threat-prevention [19] ...
Sep  4 09:12:12 localhost app-19: [AppBase] <> INFO  Stopping   threat-prevention [19] ...
Sep  4 09:12:12 localhost app-19: [AppBase] <> INFO  killMatchingSessions()
Sep  4 09:12:12 localhost app-19: [AppBase] <> INFO  Stopped    threat-prevention [19] ...
Sep  4 09:12:24 localhost app-19: [ThreatPreventionApp] <> INFO  Loading Settings...
Sep  4 09:12:24 localhost app-19: [AppBase] <> INFO  killMatchingSessions()
Sep  4 09:12:24 localhost app-19: [AppBase] <> INFO  Starting   threat-prevention [19] ...
Sep  4 09:12:24 localhost app-19: [AppBase] <> INFO  killMatchingSessions()
Sep  4 09:12:25 localhost app-19: [AppBase] <> INFO  killMatchingSessions()
Sep  4 09:12:25 localhost app-19: [AppBase] <> INFO  Started    threat-prevention [19] ...
Sep  4 09:27:21 localhost app-19: [AppBase] <> INFO  Stopping   threat-prevention [19] ...
Sep  4 09:27:21 localhost app-19: [AppBase] <> INFO  killMatchingSessions()
Sep  4 09:27:21 localhost app-19: [AppBase] <> INFO  Stopped    threat-prevention [19] ...
Sep  4 09:27:21 localhost app-19: [AppBase] <> INFO  Destroying threat-prevention [19] ...
Sep  4 09:27:21 localhost app-19: [AppBase] <> INFO  Destroyed  threat-prevention [19] ...
Sep 18 13:21:31 localhost app-19: [IntrusionPreventionApp] <> INFO  Loading settings from /root/development/github/ngfw_src/dist/usr/share/untangle/settings/intrusion-prevention/settings_19.js
Sep 18 13:21:31 localhost app-19: [IntrusionPreventionApp] <> WARN  No settings found - Initializing new settings.
Sep 18 13:21:32 localhost app-19: [IntrusionPreventionApp] <> WARN  reconfigure: intrusion-prevention-create-config: Unable to read settings
Sep 18 13:22:41 localhost app-19: [IntrusionPreventionApp] <> INFO  Loading settings from /root/development/github/ngfw_src/dist/usr/share/untangle/settings/intrusion-prevention/settings_19.js
Sep 18 13:22:41 localhost app-19: [IntrusionPreventionApp] <> INFO  Loading Settings...
Sep 18 13:23:03 localhost app-19: [AppBase] <> INFO  Destroying intrusion-prevention [19] ...
Sep 18 13:23:03 localhost app-19: [AppBase] <> INFO  Destroyed  intrusion-prevention [19] ...
Oct 14 16:47:49 localhost app-19: [ApplicationControlApp] <> INFO  Initializing default app settings...
Oct 14 16:47:49 localhost app-19: [AppBase] <> INFO  killMatchingSessions()
Oct 14 16:47:49 localhost app-19: [ApplicationControlApp] <> INFO  Loaded settings from /root/development/github/ngfw_src/dist/usr/share/untangle/settings/application-control/settings_19.js
Oct 14 16:47:49 localhost app-19: [AppBase] <> INFO  Starting   application-control [19] ...
Oct 14 16:47:49 localhost app-19: [ApplicationControlApp] <> INFO  Waiting for daemon connection... 0
Oct 14 16:47:50 localhost app-19: [AppBase] <> INFO  Started    application-control [19] ...
Oct 14 16:48:51 localhost app-19: [AppBase] <> INFO  killMatchingSessions()
Oct 15 12:30:16 localhost app-19: [AppBase] <> INFO  Stopping   application-control [19] ...
Oct 15 12:30:17 localhost app-19: [AppBase] <> INFO  Stopped    application-control [19] ...
Oct 15 12:32:57 localhost app-19: [ApplicationControlApp] <> INFO  Loaded settings from /root/development/github/ngfw_src/dist/usr/share/untangle/settings/application-control/settings_19.js
Oct 15 12:32:57 localhost app-19: [AppBase] <> INFO  Starting   application-control [19] ...
Oct 15 12:32:57 localhost app-19: [ApplicationControlApp] <> INFO  Waiting for daemon connection... 0
Oct 15 12:32:58 localhost app-19: [AppBase] <> INFO  Started    application-control [19] ...
Oct 15 12:41:03 localhost app-19: [AppBase] <> INFO  Stopping   application-control [19] ...
Oct 15 12:41:04 localhost app-19: [AppBase] <> INFO  Stopped    application-control [19] ...
Oct 15 12:45:07 localhost app-19: [ApplicationControlApp] <> INFO  Loaded settings from /root/development/github/ngfw_src/dist/usr/share/untangle/settings/application-control/settings_19.js
Oct 15 12:45:07 localhost app-19: [AppBase] <> INFO  Starting   application-control [19] ...
Oct 15 12:45:07 localhost app-19: [ApplicationControlApp] <> INFO  Waiting for daemon connection... 0
Oct 15 12:45:08 localhost app-19: [AppBase] <> INFO  Started    application-control [19] ...
Oct 19 09:30:19 localhost app-19: [AppBase] <> INFO  Stopping   application-control [19] ...
Oct 19 09:30:20 localhost app-19: [AppBase] <> INFO  Stopped    application-control [19] ...
Oct 19 09:59:52 localhost app-19: [ApplicationControlApp] <> INFO  Loaded settings from /root/development/github/ngfw_src/dist/usr/share/untangle/settings/application-control/settings_19.js
Oct 22 09:39:24 localhost app-19: [ApplicationControlApp] <> INFO  Loaded settings from /root/development/github/ngfw_src/dist/usr/share/untangle/settings/application-control/settings_19.js
Oct 26 09:48:54 localhost app-19: [ApplicationControlApp] <> INFO  Loaded settings from /root/development/github/ngfw_src/dist/usr/share/untangle/settings/application-control/settings_19.js
Oct 27 08:51:38 localhost app-19: [ApplicationControlApp] <> INFO  Loaded settings from /root/development/github/ngfw_src/dist/usr/share/untangle/settings/application-control/settings_19.js
Oct 27 08:52:53 localhost app-19: [ApplicationControlApp] <> INFO  Loaded settings from /root/development/github/ngfw_src/dist/usr/share/untangle/settings/application-control/settings_19.js
Nov 11 11:18:12 localhost app-19: [ApplicationControlApp] <> INFO  Loaded settings from /root/development/github/ngfw_src/dist/usr/share/untangle/settings/application-control/settings_19.js
Nov 11 14:05:43 localhost app-19: [ApplicationControlApp] <> INFO  Loaded settings from /root/development/github/ngfw_src/dist/usr/share/untangle/settings/application-control/settings_19.js
Nov 12 09:48:12 localhost app-19: [ApplicationControlApp] <> INFO  Loaded settings from /root/development/github/ngfw_src/dist/usr/share/untangle/settings/application-control/settings_19.js
Nov 12 09:51:41 localhost app-19: [ApplicationControlApp] <> INFO  Loaded settings from /root/development/github/ngfw_src/dist/usr/share/untangle/settings/application-control/settings_19.js
Nov 12 12:28:02 localhost app-19: [ApplicationControlApp] <> INFO  Loaded settings from /root/development/github/ngfw_src/dist/usr/share/untangle/settings/application-control/settings_19.js
Nov 16 11:17:16 localhost app-19: [ApplicationControlApp] <> INFO  Loaded settings from /root/development/github/ngfw_src/dist/usr/share/untangle/settings/application-control/settings_19.js
Nov 17 12:16:39 localhost app-19: [ApplicationControlApp] <> INFO  Loaded settings from /root/development/github/ngfw_src/dist/usr/share/untangle/settings/application-control/settings_19.js
Nov 23 17:24:51 localhost app-19: [ApplicationControlApp] <> INFO  Loaded settings from /root/development/github/ngfw_src/dist/usr/share/untangle/settings/application-control/settings_19.js
Nov 23 17:26:18 localhost app-19: [ApplicationControlApp] <> INFO  Loaded settings from /root/development/github/ngfw_src/dist/usr/share/untangle/settings/application-control/settings_19.js
Nov 23 17:28:30 localhost app-19: [ApplicationControlApp] <> INFO  Loaded settings from /root/development/github/ngfw_src/dist/usr/share/untangle/settings/application-control/settings_19.js
Nov 23 18:10:42 localhost app-19: [ApplicationControlApp] <> INFO  Loaded settings from /root/development/github/ngfw_src/dist/usr/share/untangle/settings/application-control/settings_19.js
Nov 30 17:23:58 localhost app-19: [ApplicationControlApp] <> INFO  Loaded settings from /root/development/github/ngfw_src/dist/usr/share/untangle/settings/application-control/settings_19.js
Nov 30 17:43:11 localhost app-19: [ApplicationControlApp] <> INFO  Loaded settings from /root/development/github/ngfw_src/dist/usr/share/untangle/settings/application-control/settings_19.js
Nov 30 17:47:31 localhost app-19: [ApplicationControlApp] <> INFO  Loaded settings from /root/development/github/ngfw_src/dist/usr/share/untangle/settings/application-control/settings_19.js
Dec  7 10:55:13 localhost app-19: [ApplicationControlApp] <> INFO  Loaded settings from /root/development/github/ngfw_src/dist/usr/share/untangle/settings/application-control/settings_19.js
Dec  9 10:37:54 localhost app-19: [ApplicationControlApp] <> INFO  Loaded settings from /root/development/github/ngfw_src/dist/usr/share/untangle/settings/application-control/settings_19.js
Dec  9 16:36:47 localhost app-19: [ApplicationControlApp] <> INFO  Loaded settings from /root/development/github/ngfw_src/dist/usr/share/untangle/settings/application-control/settings_19.js
