Apr  6 08:50:54 localhost app-39: [UnblockedSitesMonitor] <> INFO  UnblockedSitesMonitor initializing
Apr  6 08:50:54 localhost app-39: [WebFilterBase] <> WARN  No settings found - Initializing new settings.
Apr  6 08:50:54 localhost app-39: [WebFilterBase] <> INFO  Adding Category: ( 0, Uncategorized, false, false )
Apr  6 08:50:54 localhost app-39: [WebFilterBase] <> INFO  Adding Category: ( 1, Real Estate, false, false )
Apr  6 08:50:54 localhost app-39: [WebFilterBase] <> INFO  Adding Category: ( 2, Computer and Internet Security, false, false )
Apr  6 08:50:54 localhost app-39: [WebFilterBase] <> INFO  Adding Category: ( 3, Financial Services, false, false )
Apr  6 08:50:54 localhost app-39: [WebFilterBase] <> INFO  Adding Category: ( 4, Business and Economy, false, false )
Apr  6 08:50:54 localhost app-39: [WebFilterBase] <> INFO  Adding Category: ( 5, Computer and Internet Info, false, false )
Apr  6 08:50:54 localhost app-39: [WebFilterBase] <> INFO  Adding Category: ( 6, Auctions, false, false )
Apr  6 08:50:54 localhost app-39: [WebFilterBase] <> INFO  Adding Category: ( 7, Shopping, false, false )
Apr  6 08:50:54 localhost app-39: [WebFilterBase] <> INFO  Adding Category: ( 8, Cult and Occult, false, false )
Apr  6 08:50:54 localhost app-39: [WebFilterBase] <> INFO  Adding Category: ( 9, Travel, false, false )
Apr  6 08:50:54 localhost app-39: [WebFilterBase] <> INFO  Adding Category: ( 10, Abused Drugs, false, false )
Apr  6 08:50:54 localhost app-39: [WebFilterBase] <> INFO  Adding Category: ( 11, Adult and Pornography, true, true )
Apr  6 08:50:54 localhost app-39: [WebFilterBase] <> INFO  Adding Category: ( 12, Home and Garden, false, false )
Apr  6 08:50:54 localhost app-39: [WebFilterBase] <> INFO  Adding Category: ( 13, Military, false, false )
Apr  6 08:50:54 localhost app-39: [WebFilterBase] <> INFO  Adding Category: ( 14, Social Networking, false, false )
Apr  6 08:50:54 localhost app-39: [WebFilterBase] <> INFO  Adding Category: ( 15, Dead Sites, false, false )
Apr  6 08:50:54 localhost app-39: [WebFilterBase] <> INFO  Adding Category: ( 16, Individual Stock Advice and Tools, false, false )
Apr  6 08:50:54 localhost app-39: [WebFilterBase] <> INFO  Adding Category: ( 17, Training and Tools, false, false )
Apr  6 08:50:54 localhost app-39: [WebFilterBase] <> INFO  Adding Category: ( 18, Dating, false, false )
Apr  6 08:50:54 localhost app-39: [WebFilterBase] <> INFO  Adding Category: ( 19, Sex Education, false, false )
Apr  6 08:50:54 localhost app-39: [WebFilterBase] <> INFO  Adding Category: ( 20, Religion, false, false )
Apr  6 08:50:54 localhost app-39: [WebFilterBase] <> INFO  Adding Category: ( 21, Entertainment and Arts, false, false )
Apr  6 08:50:54 localhost app-39: [WebFilterBase] <> INFO  Adding Category: ( 22, Personal sites and Blogs, false, false )
Apr  6 08:50:54 localhost app-39: [WebFilterBase] <> INFO  Adding Category: ( 23, Legal, false, false )
Apr  6 08:50:54 localhost app-39: [WebFilterBase] <> INFO  Adding Category: ( 24, Local Information, false, false )
Apr  6 08:50:54 localhost app-39: [WebFilterBase] <> INFO  Adding Category: ( 25, Streaming Media, false, false )
Apr  6 08:50:54 localhost app-39: [WebFilterBase] <> INFO  Adding Category: ( 26, Job Search, false, false )
Apr  6 08:50:54 localhost app-39: [WebFilterBase] <> INFO  Adding Category: ( 27, Gambling, false, false )
Apr  6 08:50:54 localhost app-39: [WebFilterBase] <> INFO  Adding Category: ( 28, Translation, false, false )
Apr  6 08:50:54 localhost app-39: [WebFilterBase] <> INFO  Adding Category: ( 29, Reference and Research, false, false )
Apr  6 08:50:54 localhost app-39: [WebFilterBase] <> INFO  Adding Category: ( 30, Shareware and Freeware, false, false )
Apr  6 08:50:54 localhost app-39: [WebFilterBase] <> INFO  Adding Category: ( 31, Peer to Peer, false, false )
Apr  6 08:50:54 localhost app-39: [WebFilterBase] <> INFO  Adding Category: ( 32, Marijuana, false, false )
Apr  6 08:50:54 localhost app-39: [WebFilterBase] <> INFO  Adding Category: ( 33, Hacking, false, false )
Apr  6 08:50:54 localhost app-39: [WebFilterBase] <> INFO  Adding Category: ( 34, Games, false, false )
Apr  6 08:50:54 localhost app-39: [WebFilterBase] <> INFO  Adding Category: ( 35, Philosophy and Political Advocacy, false, false )
Apr  6 08:50:54 localhost app-39: [WebFilterBase] <> INFO  Adding Category: ( 36, Weapons, false, false )
Apr  6 08:50:54 localhost app-39: [WebFilterBase] <> INFO  Adding Category: ( 37, Pay to Surf, false, false )
Apr  6 08:50:54 localhost app-39: [WebFilterBase] <> INFO  Adding Category: ( 38, Hunting and Fishing, false, false )
Apr  6 08:50:54 localhost app-39: [WebFilterBase] <> INFO  Adding Category: ( 39, Society, false, false )
Apr  6 08:50:54 localhost app-39: [WebFilterBase] <> INFO  Adding Category: ( 40, Educational Institutions, false, false )
Apr  6 08:50:54 localhost app-39: [WebFilterBase] <> INFO  Adding Category: ( 41, Online Greeting Cards, false, false )
Apr  6 08:50:54 localhost app-39: [WebFilterBase] <> INFO  Adding Category: ( 42, Sports, false, false )
Apr  6 08:50:54 localhost app-39: [WebFilterBase] <> INFO  Adding Category: ( 43, Swimsuits and Intimate Apparel, false, false )
Apr  6 08:50:54 localhost app-39: [WebFilterBase] <> INFO  Adding Category: ( 44, Questionable, true, true )
Apr  6 08:50:54 localhost app-39: [WebFilterBase] <> INFO  Adding Category: ( 45, Kids, false, false )
Apr  6 08:50:54 localhost app-39: [WebFilterBase] <> INFO  Adding Category: ( 46, Hate and Racism, false, false )
Apr  6 08:50:54 localhost app-39: [WebFilterBase] <> INFO  Adding Category: ( 47, Personal Storage, false, false )
Apr  6 08:50:54 localhost app-39: [WebFilterBase] <> INFO  Adding Category: ( 48, Violence, false, false )
Apr  6 08:50:54 localhost app-39: [WebFilterBase] <> INFO  Adding Category: ( 49, Keyloggers and Monitoring, true, true )
Apr  6 08:50:54 localhost app-39: [WebFilterBase] <> INFO  Adding Category: ( 50, Search Engines, false, false )
Apr  6 08:50:54 localhost app-39: [WebFilterBase] <> INFO  Adding Category: ( 51, Internet Portals, false, false )
Apr  6 08:50:54 localhost app-39: [WebFilterBase] <> INFO  Adding Category: ( 52, Web Advertisements, false, false )
Apr  6 08:50:54 localhost app-39: [WebFilterBase] <> INFO  Adding Category: ( 53, Cheating, false, false )
Apr  6 08:50:54 localhost app-39: [WebFilterBase] <> INFO  Adding Category: ( 54, Gross, false, false )
Apr  6 08:50:54 localhost app-39: [WebFilterBase] <> INFO  Adding Category: ( 55, Web-based Email, false, false )
Apr  6 08:50:54 localhost app-39: [WebFilterBase] <> INFO  Adding Category: ( 56, Malware Sites, true, true )
Apr  6 08:50:54 localhost app-39: [WebFilterBase] <> INFO  Adding Category: ( 57, Phishing and Other Frauds, true, true )
Apr  6 08:50:54 localhost app-39: [WebFilterBase] <> INFO  Adding Category: ( 58, Proxy Avoidance and Anonymizers, true, true )
Apr  6 08:50:54 localhost app-39: [WebFilterBase] <> INFO  Adding Category: ( 59, Spyware and Adware, true, true )
Apr  6 08:50:54 localhost app-39: [WebFilterBase] <> INFO  Adding Category: ( 60, Music, false, false )
Apr  6 08:50:54 localhost app-39: [WebFilterBase] <> INFO  Adding Category: ( 61, Government, false, false )
Apr  6 08:50:54 localhost app-39: [WebFilterBase] <> INFO  Adding Category: ( 62, Nudity, false, false )
Apr  6 08:50:54 localhost app-39: [WebFilterBase] <> INFO  Adding Category: ( 63, News and Media, false, false )
Apr  6 08:50:54 localhost app-39: [WebFilterBase] <> INFO  Adding Category: ( 64, Illegal, false, false )
Apr  6 08:50:54 localhost app-39: [WebFilterBase] <> INFO  Adding Category: ( 65, Content Delivery Networks, false, false )
Apr  6 08:50:54 localhost app-39: [WebFilterBase] <> INFO  Adding Category: ( 66, Internet Communications, false, false )
Apr  6 08:50:54 localhost app-39: [WebFilterBase] <> INFO  Adding Category: ( 67, Bot Nets, true, true )
Apr  6 08:50:54 localhost app-39: [WebFilterBase] <> INFO  Adding Category: ( 68, Abortion, false, false )
Apr  6 08:50:54 localhost app-39: [WebFilterBase] <> INFO  Adding Category: ( 69, Health and Medicine, false, false )
Apr  6 08:50:54 localhost app-39: [WebFilterBase] <> INFO  Adding Category: ( 71, SPAM URLs, false, false )
Apr  6 08:50:54 localhost app-39: [WebFilterBase] <> INFO  Adding Category: ( 74, Dynamically Generated Content, false, false )
Apr  6 08:50:54 localhost app-39: [WebFilterBase] <> INFO  Adding Category: ( 75, Parked Domains, false, false )
Apr  6 08:50:54 localhost app-39: [WebFilterBase] <> INFO  Adding Category: ( 76, Alcohol and Tobacco, false, false )
Apr  6 08:50:54 localhost app-39: [WebFilterBase] <> INFO  Adding Category: ( 78, Image and Video Search, false, false )
Apr  6 08:50:54 localhost app-39: [WebFilterBase] <> INFO  Adding Category: ( 79, Fashion and Beauty, false, false )
Apr  6 08:50:54 localhost app-39: [WebFilterBase] <> INFO  Adding Category: ( 80, Recreation and Hobbies, false, false )
Apr  6 08:50:54 localhost app-39: [WebFilterBase] <> INFO  Adding Category: ( 81, Motor Vehicles, false, false )
Apr  6 08:50:54 localhost app-39: [WebFilterBase] <> INFO  Adding Category: ( 82, Web Hosting, false, false )
Apr  6 08:50:54 localhost app-39: [AppBase] <> INFO  Starting   web-filter [39] ...
Apr  6 08:50:55 localhost app-39: [AppBase] <> INFO  Started    web-filter [39] ...
Apr  6 08:51:12 localhost app-39: [AppBase] <> INFO  Stopping   web-filter [39] ...
Apr  6 08:51:19 localhost app-39: [AppBase] <> INFO  Stopped    web-filter [39] ...
Apr  6 08:51:19 localhost app-39: [AppBase] <> INFO  Destroying web-filter [39] ...
Apr  6 08:51:19 localhost app-39: [AppBase] <> INFO  Destroyed  web-filter [39] ...
May 15 14:06:09 localhost app-39: [WireGuardVpnApp] <> INFO  Initializing Settings...
May 15 14:06:09 localhost app-39: [WireGuardVpnApp] <> INFO  Creating the default settings...
May 15 14:06:09 localhost app-39: [WireGuardVpnApp] <> WARN  192.168.252.60
May 15 14:06:11 localhost app-39: [WireGuardVpnManager] <> INFO  Stopping WireGuard interface and tunnels
May 15 14:06:11 localhost app-39: [WireGuardVpnManager] <> INFO  /usr/bin/wg-quick: 
May 15 14:06:11 localhost app-39: [WireGuardVpnManager] <> INFO  /usr/bin/wg-quick: wg-quick: `wg0' is not a WireGuard interface
May 15 14:06:11 localhost app-39: [WireGuardVpnManager] <> ERROR Failed calling WireGuard start script (return code: 1)
May 15 14:06:11 localhost app-39: [WireGuardVpnManager] <> INFO  /etc/untangle/iptables-rules.d/720-wireguard-vpn: 
May 15 14:06:11 localhost app-39: [WireGuardVpnManager] <> INFO  /etc/untangle/iptables-rules.d/720-wireguard-vpn: 
May 15 14:06:11 localhost app-39: [WireGuardVpnManager] <> INFO  Starting WireGuard interface and tunnels
May 15 14:06:11 localhost app-39: [WireGuardVpnManager] <> INFO  /usr/bin/wg-quick: 
May 15 14:06:11 localhost app-39: [WireGuardVpnManager] <> INFO  /usr/bin/wg-quick: [#] ip link add wg0 type wireguard
May 15 14:06:11 localhost app-39: [WireGuardVpnManager] <> INFO  /usr/bin/wg-quick: [#] wg setconf wg0 /dev/fd/63
May 15 14:06:11 localhost app-39: [WireGuardVpnManager] <> INFO  /usr/bin/wg-quick: [#] ip -4 address add 192.168.12.1 dev wg0
May 15 14:06:11 localhost app-39: [WireGuardVpnManager] <> INFO  /usr/bin/wg-quick: [#] ip link set mtu 1500 up dev wg0
May 15 14:06:11 localhost app-39: [WireGuardVpnManager] <> INFO  /etc/untangle/iptables-rules.d/720-wireguard-vpn: 
May 15 14:06:11 localhost app-39: [WireGuardVpnManager] <> INFO  /etc/untangle/iptables-rules.d/720-wireguard-vpn: 
May 15 14:06:11 localhost app-39: [WireGuardVpnApp] <> INFO  Loading Settings...
May 15 14:06:11 localhost app-39: [AppBase] <> INFO  Starting   wireguard-vpn [39] ...
May 15 14:06:11 localhost app-39: [WireGuardVpnManager] <> INFO  Starting WireGuard interface and tunnels
May 15 14:06:11 localhost app-39: [WireGuardVpnManager] <> INFO  /usr/bin/wg-quick: 
May 15 14:06:11 localhost app-39: [WireGuardVpnManager] <> INFO  /usr/bin/wg-quick: wg-quick: `wg0' already exists
May 15 14:06:11 localhost app-39: [WireGuardVpnManager] <> ERROR Failed calling WireGuard start script (return code: 1)
May 15 14:06:11 localhost app-39: [WireGuardVpnManager] <> INFO  /etc/untangle/iptables-rules.d/720-wireguard-vpn: 
May 15 14:06:11 localhost app-39: [WireGuardVpnManager] <> INFO  /etc/untangle/iptables-rules.d/720-wireguard-vpn: 
May 15 14:06:11 localhost app-39: [AppBase] <> INFO  Started    wireguard-vpn [39] ...
May 15 14:06:28 localhost app-39: [WireGuardVpnManager] <> INFO  Stopping WireGuard interface and tunnels
May 15 14:06:28 localhost app-39: [WireGuardVpnManager] <> INFO  /usr/bin/wg-quick: 
May 15 14:06:28 localhost app-39: [WireGuardVpnManager] <> INFO  /usr/bin/wg-quick: [#] ip link delete dev wg0
May 15 14:06:28 localhost app-39: [WireGuardVpnManager] <> INFO  /etc/untangle/iptables-rules.d/720-wireguard-vpn: 
May 15 14:06:28 localhost app-39: [WireGuardVpnManager] <> INFO  /etc/untangle/iptables-rules.d/720-wireguard-vpn: 
May 15 14:06:28 localhost app-39: [WireGuardVpnManager] <> INFO  Starting WireGuard interface and tunnels
May 15 14:06:28 localhost app-39: [WireGuardVpnManager] <> INFO  /usr/bin/wg-quick: 
May 15 14:06:28 localhost app-39: [WireGuardVpnManager] <> INFO  /usr/bin/wg-quick: [#] ip link add wg0 type wireguard
May 15 14:06:28 localhost app-39: [WireGuardVpnManager] <> INFO  /usr/bin/wg-quick: [#] wg setconf wg0 /dev/fd/63
May 15 14:06:28 localhost app-39: [WireGuardVpnManager] <> INFO  /usr/bin/wg-quick: [#] ip -4 address add 192.168.12.1 dev wg0
May 15 14:06:28 localhost app-39: [WireGuardVpnManager] <> INFO  /usr/bin/wg-quick: [#] ip link set mtu 1500 up dev wg0
May 15 14:06:28 localhost app-39: [WireGuardVpnManager] <> INFO  /usr/bin/wg-quick: [#] ip -4 route add 192.168.12.3/32 dev wg0
May 15 14:06:28 localhost app-39: [WireGuardVpnManager] <> INFO  /etc/untangle/iptables-rules.d/720-wireguard-vpn: 
May 15 14:06:28 localhost app-39: [WireGuardVpnManager] <> INFO  /etc/untangle/iptables-rules.d/720-wireguard-vpn: 
May 15 14:07:38 localhost app-39: [AppBase] <> INFO  Stopping   wireguard-vpn [39] ...
May 15 14:07:38 localhost app-39: [WireGuardVpnMonitor] <> INFO  WireGuardVpn monitor was interrupted
May 15 14:07:38 localhost app-39: [WireGuardVpnManager] <> INFO  Stopping WireGuard interface and tunnels
May 15 14:07:38 localhost app-39: [WireGuardVpnManager] <> INFO  /usr/bin/wg-quick: 
May 15 14:07:38 localhost app-39: [WireGuardVpnManager] <> INFO  /usr/bin/wg-quick: [#] ip link delete dev wg0
May 15 14:07:38 localhost app-39: [WireGuardVpnManager] <> INFO  /etc/untangle/iptables-rules.d/720-wireguard-vpn: 
May 15 14:07:38 localhost app-39: [WireGuardVpnManager] <> INFO  /etc/untangle/iptables-rules.d/720-wireguard-vpn: 
May 15 14:07:38 localhost app-39: [AppBase] <> INFO  Stopped    wireguard-vpn [39] ...
May 15 14:07:38 localhost app-39: [AppBase] <> INFO  Destroying wireguard-vpn [39] ...
May 15 14:07:38 localhost app-39: [AppBase] <> INFO  Destroyed  wireguard-vpn [39] ...
Jul  5 13:28:26 localhost app-39: [ThreatPreventionApp] <> WARN  No settings found - Initializing new settings.
Jul  5 13:28:26 localhost app-39: [ThreatPreventionApp] <> INFO  Creating the default settings...
Sep 25 09:20:09 localhost app-39: [SslInspectorApp] <> INFO  Loading settings from /root/development/github/ngfw_src/dist/usr/share/untangle/settings/ssl-inspector/settings_39.js
Sep 25 09:20:10 localhost app-39: [SslInspectorApp] <> INFO  Loaded settings from /root/development/github/ngfw_src/dist/usr/share/untangle/settings/ssl-inspector/settings_39.js
Sep 25 09:20:27 localhost app-39: [AppBase] <> INFO  Starting   ssl-inspector [39] ...
Sep 25 09:20:27 localhost app-39: [AppBase] <> INFO  Started    ssl-inspector [39] ...
Sep 25 09:23:48 localhost app-39: [AppBase] <> INFO  No valid license for: ssl-inspector
Sep 25 09:23:48 localhost app-39: [AppBase] <> INFO  Requesting trial for: ssl-inspector
Sep 25 09:24:10 localhost app-39: [AppBase] <> WARN  Exception fetching trial license. Ignoring...
Sep 25 09:24:10 localhost app-39:       java.lang.Exception: Unable to fetch trial license: DNS lookup failed.
Sep 25 09:24:10 localhost app-39:       com.untangle.app.license.LicenseManagerImpl.requestTrialLicense(LicenseManagerImpl.java:493)
Sep 25 09:24:10 localhost app-39:       com.untangle.uvm.app.AppBase.init(AppBase.java:857)
Sep 25 09:24:10 localhost app-39:       com.untangle.uvm.app.AppBase.resumeState(AppBase.java:245)
Sep 25 09:24:10 localhost app-39:       com.untangle.uvm.app.AppBase.loadClass(AppBase.java:373)
Sep 25 09:24:10 localhost app-39:       com.untangle.uvm.AppManagerImpl$3.run(AppManagerImpl.java:1128)
Sep 25 09:24:10 localhost app-39:       com.untangle.uvm.UvmContextImpl$1.run(UvmContextImpl.java:654)
Sep 25 09:24:10 localhost app-39:       java.base/java.lang.Thread.run(Thread.java:834)
Sep 25 09:24:10 localhost app-39: [SslInspectorApp] <> INFO  Loading settings from /usr/share/untangle/settings/ssl-inspector/settings_39.js
Sep 25 09:24:10 localhost app-39: [SslInspectorApp] <> INFO  Loaded settings from /usr/share/untangle/settings/ssl-inspector/settings_39.js
Sep 25 09:24:14 localhost app-39: [AppBase] <> INFO  Starting   ssl-inspector [39] ...
Sep 25 09:24:14 localhost app-39: [AppBase] <> INFO  Started    ssl-inspector [39] ...
Sep 25 09:27:24 localhost app-39: [AppBase] <> INFO  No valid license for: ssl-inspector
Sep 25 09:27:24 localhost app-39: [AppBase] <> INFO  Requesting trial for: ssl-inspector
Sep 25 09:27:46 localhost app-39: [AppBase] <> WARN  Exception fetching trial license. Ignoring...
Sep 25 09:27:46 localhost app-39:       java.lang.Exception: Unable to fetch trial license: DNS lookup failed.
Sep 25 09:27:46 localhost app-39:       com.untangle.app.license.LicenseManagerImpl.requestTrialLicense(LicenseManagerImpl.java:493)
Sep 25 09:27:46 localhost app-39:       com.untangle.uvm.app.AppBase.init(AppBase.java:857)
Sep 25 09:27:46 localhost app-39:       com.untangle.uvm.app.AppBase.resumeState(AppBase.java:245)
Sep 25 09:27:46 localhost app-39:       com.untangle.uvm.app.AppBase.loadClass(AppBase.java:373)
Sep 25 09:27:46 localhost app-39:       com.untangle.uvm.AppManagerImpl$3.run(AppManagerImpl.java:1128)
Sep 25 09:27:46 localhost app-39:       com.untangle.uvm.UvmContextImpl$1.run(UvmContextImpl.java:654)
Sep 25 09:27:46 localhost app-39:       java.base/java.lang.Thread.run(Thread.java:834)
Sep 25 09:27:46 localhost app-39: [SslInspectorApp] <> INFO  Loading settings from /usr/share/untangle/settings/ssl-inspector/settings_39.js
Sep 25 09:27:46 localhost app-39: [SslInspectorApp] <> INFO  Loaded settings from /usr/share/untangle/settings/ssl-inspector/settings_39.js
Sep 25 09:27:50 localhost app-39: [AppBase] <> INFO  Starting   ssl-inspector [39] ...
Sep 25 09:27:50 localhost app-39: [AppBase] <> INFO  Started    ssl-inspector [39] ...
Sep 25 09:31:02 localhost app-39: [AppBase] <> INFO  No valid license for: ssl-inspector
Sep 25 09:31:02 localhost app-39: [AppBase] <> INFO  Requesting trial for: ssl-inspector
Sep 25 09:31:25 localhost app-39: [AppBase] <> WARN  Exception fetching trial license. Ignoring...
Sep 25 09:31:25 localhost app-39:       java.lang.Exception: Unable to fetch trial license: DNS lookup failed.
Sep 25 09:31:25 localhost app-39:       com.untangle.app.license.LicenseManagerImpl.requestTrialLicense(LicenseManagerImpl.java:493)
Sep 25 09:31:25 localhost app-39:       com.untangle.uvm.app.AppBase.init(AppBase.java:857)
Sep 25 09:31:25 localhost app-39:       com.untangle.uvm.app.AppBase.resumeState(AppBase.java:245)
Sep 25 09:31:25 localhost app-39:       com.untangle.uvm.app.AppBase.loadClass(AppBase.java:373)
Sep 25 09:31:25 localhost app-39:       com.untangle.uvm.AppManagerImpl$3.run(AppManagerImpl.java:1128)
Sep 25 09:31:25 localhost app-39:       com.untangle.uvm.UvmContextImpl$1.run(UvmContextImpl.java:654)
Sep 25 09:31:25 localhost app-39:       java.base/java.lang.Thread.run(Thread.java:834)
Sep 25 09:31:25 localhost app-39: [SslInspectorApp] <> INFO  Loading settings from /usr/share/untangle/settings/ssl-inspector/settings_39.js
Sep 25 09:31:26 localhost app-39: [SslInspectorApp] <> INFO  Loaded settings from /usr/share/untangle/settings/ssl-inspector/settings_39.js
Sep 25 09:31:29 localhost app-39: [SslInspectorApp] <> INFO  Loaded 413 trusted certificates from /usr/share/untangle/lib/ssl-inspector/trusted-ca-list.jks
Sep 25 09:31:29 localhost app-39: [AppBase] <> INFO  Starting   ssl-inspector [39] ...
Sep 25 09:31:29 localhost app-39: [AppBase] <> INFO  Started    ssl-inspector [39] ...
Sep 25 09:31:29 localhost app-39: [SslInspectorApp] <> INFO  Loaded 413 trusted certificates from /usr/share/untangle/lib/ssl-inspector/trusted-ca-list.jks
Sep 25 09:33:44 localhost app-39: [AppBase] <> INFO  Stopping   ssl-inspector [39] ...
Sep 25 09:33:44 localhost app-39: [AppBase] <> INFO  Stopped    ssl-inspector [39] ...
Sep 25 09:33:59 localhost app-39: [AppBase] <> INFO  No valid license for: ssl-inspector
Sep 25 09:33:59 localhost app-39: [AppBase] <> INFO  Requesting trial for: ssl-inspector
Sep 25 09:34:27 localhost app-39: [SslInspectorApp] <> INFO  Loading settings from /usr/share/untangle/settings/ssl-inspector/settings_39.js
Sep 25 09:34:27 localhost app-39: [SslInspectorApp] <> INFO  Loaded settings from /usr/share/untangle/settings/ssl-inspector/settings_39.js
Sep 25 09:34:28 localhost app-39: [SslInspectorApp] <> INFO  Loaded 413 trusted certificates from /usr/share/untangle/lib/ssl-inspector/trusted-ca-list.jks
Sep 25 09:34:28 localhost app-39: [AppBase] <> INFO  Starting   ssl-inspector [39] ...
Sep 25 09:34:28 localhost app-39: [AppBase] <> INFO  Started    ssl-inspector [39] ...
Sep 25 09:34:33 localhost app-39: [SslInspectorApp] <> INFO  Loaded 413 trusted certificates from /usr/share/untangle/lib/ssl-inspector/trusted-ca-list.jks
Sep 25 09:37:49 localhost app-39: [AppBase] <> INFO  Stopping   ssl-inspector [39] ...
Sep 25 09:37:49 localhost app-39: [AppBase] <> INFO  Stopped    ssl-inspector [39] ...
Sep 25 09:38:01 localhost app-39: [SslInspectorApp] <> INFO  Loading settings from /root/development/github/ngfw_src/dist/usr/share/untangle/settings/ssl-inspector/settings_39.js
Sep 25 09:38:02 localhost app-39: [SslInspectorApp] <> INFO  Loaded settings from /root/development/github/ngfw_src/dist/usr/share/untangle/settings/ssl-inspector/settings_39.js
Sep 25 09:38:08 localhost app-39: [SslInspectorApp] <> INFO  Loaded 413 trusted certificates from /root/development/github/ngfw_src/dist/usr/share/untangle/lib/ssl-inspector/trusted-ca-list.jks
Sep 25 09:38:08 localhost app-39: [SslInspectorApp] <> INFO  Loaded 413 trusted certificates from /root/development/github/ngfw_src/dist/usr/share/untangle/lib/ssl-inspector/trusted-ca-list.jks
Sep 25 09:38:08 localhost app-39: [AppBase] <> INFO  Starting   ssl-inspector [39] ...
Sep 25 09:38:08 localhost app-39: [AppBase] <> INFO  Started    ssl-inspector [39] ...
Sep 25 09:40:37 localhost app-39: [AppBase] <> INFO  Stopping   ssl-inspector [39] ...
Sep 25 09:40:37 localhost app-39: [AppBase] <> INFO  Stopped    ssl-inspector [39] ...
Sep 25 09:40:50 localhost app-39: [SslInspectorApp] <> INFO  Loading settings from /root/development/github/ngfw_src/dist/usr/share/untangle/settings/ssl-inspector/settings_39.js
Sep 25 09:40:50 localhost app-39: [SslInspectorApp] <> INFO  Loaded settings from /root/development/github/ngfw_src/dist/usr/share/untangle/settings/ssl-inspector/settings_39.js
Sep 25 09:40:53 localhost app-39: [SslInspectorApp] <> INFO  Loaded 413 trusted certificates from /root/development/github/ngfw_src/dist/usr/share/untangle/lib/ssl-inspector/trusted-ca-list.jks
Sep 25 09:40:53 localhost app-39: [AppBase] <> INFO  Starting   ssl-inspector [39] ...
Sep 25 09:40:53 localhost app-39: [AppBase] <> INFO  Started    ssl-inspector [39] ...
Sep 25 09:40:53 localhost app-39: [SslInspectorApp] <> INFO  Loaded 413 trusted certificates from /root/development/github/ngfw_src/dist/usr/share/untangle/lib/ssl-inspector/trusted-ca-list.jks
Sep 25 09:42:12 localhost app-39: [AppBase] <> INFO  Stopping   ssl-inspector [39] ...
Sep 25 09:42:12 localhost app-39: [AppBase] <> INFO  Stopped    ssl-inspector [39] ...
Sep 25 09:42:24 localhost app-39: [SslInspectorApp] <> INFO  Loading settings from /root/development/github/ngfw_src/dist/usr/share/untangle/settings/ssl-inspector/settings_39.js
Sep 25 09:42:25 localhost app-39: [SslInspectorApp] <> INFO  Loaded settings from /root/development/github/ngfw_src/dist/usr/share/untangle/settings/ssl-inspector/settings_39.js
Sep 25 09:42:28 localhost app-39: [AppBase] <> INFO  Starting   ssl-inspector [39] ...
Sep 25 09:42:28 localhost app-39: [AppBase] <> INFO  Started    ssl-inspector [39] ...
Sep 25 09:45:27 localhost app-39: [AppBase] <> INFO  Stopping   ssl-inspector [39] ...
Sep 25 09:45:27 localhost app-39: [AppBase] <> INFO  Stopped    ssl-inspector [39] ...
Sep 25 09:45:40 localhost app-39: [SslInspectorApp] <> INFO  Loading settings from /root/development/github/ngfw_src/dist/usr/share/untangle/settings/ssl-inspector/settings_39.js
Sep 25 09:45:41 localhost app-39: [SslInspectorApp] <> INFO  Loaded settings from /root/development/github/ngfw_src/dist/usr/share/untangle/settings/ssl-inspector/settings_39.js
Sep 25 09:45:46 localhost app-39: [AppBase] <> INFO  Starting   ssl-inspector [39] ...
Sep 25 09:45:46 localhost app-39: [AppBase] <> INFO  Started    ssl-inspector [39] ...
Sep 25 09:52:35 localhost app-39: [AppBase] <> INFO  Stopping   ssl-inspector [39] ...
Sep 25 09:52:35 localhost app-39: [AppBase] <> INFO  Stopped    ssl-inspector [39] ...
Sep 25 09:52:47 localhost app-39: [SslInspectorApp] <> INFO  Loading settings from /root/development/github/ngfw_src/dist/usr/share/untangle/settings/ssl-inspector/settings_39.js
Sep 25 09:52:48 localhost app-39: [SslInspectorApp] <> INFO  Loaded settings from /root/development/github/ngfw_src/dist/usr/share/untangle/settings/ssl-inspector/settings_39.js
Sep 25 09:52:50 localhost app-39: [SslInspectorApp] <> INFO  Loaded 413 trusted certificates from /root/development/github/ngfw_src/dist/usr/share/untangle/lib/ssl-inspector/trusted-ca-list.jks
Sep 25 09:52:50 localhost app-39: [AppBase] <> INFO  Starting   ssl-inspector [39] ...
Sep 25 09:52:50 localhost app-39: [AppBase] <> INFO  Started    ssl-inspector [39] ...
Sep 25 09:52:50 localhost app-39: [SslInspectorApp] <> INFO  Loaded 413 trusted certificates from /root/development/github/ngfw_src/dist/usr/share/untangle/lib/ssl-inspector/trusted-ca-list.jks
Sep 25 09:53:27 localhost app-39: [AppBase] <> INFO  Stopping   ssl-inspector [39] ...
Sep 25 09:53:27 localhost app-39: [AppBase] <> INFO  Stopped    ssl-inspector [39] ...
Sep 25 09:53:39 localhost app-39: [SslInspectorApp] <> INFO  Loading settings from /root/development/github/ngfw_src/dist/usr/share/untangle/settings/ssl-inspector/settings_39.js
Sep 25 09:53:40 localhost app-39: [SslInspectorApp] <> INFO  Loaded settings from /root/development/github/ngfw_src/dist/usr/share/untangle/settings/ssl-inspector/settings_39.js
Sep 25 09:53:43 localhost app-39: [SslInspectorApp] <> INFO  Loaded 413 trusted certificates from /root/development/github/ngfw_src/dist/usr/share/untangle/lib/ssl-inspector/trusted-ca-list.jks
Sep 25 09:53:43 localhost app-39: [AppBase] <> INFO  Starting   ssl-inspector [39] ...
Sep 25 09:53:43 localhost app-39: [AppBase] <> INFO  Started    ssl-inspector [39] ...
Sep 25 09:53:43 localhost app-39: [SslInspectorApp] <> INFO  Loaded 413 trusted certificates from /root/development/github/ngfw_src/dist/usr/share/untangle/lib/ssl-inspector/trusted-ca-list.jks
Sep 25 09:55:51 localhost app-39: [AppBase] <> INFO  Stopping   ssl-inspector [39] ...
Sep 25 09:55:51 localhost app-39: [AppBase] <> INFO  Stopped    ssl-inspector [39] ...
Sep 25 09:56:04 localhost app-39: [SslInspectorApp] <> INFO  Loading settings from /root/development/github/ngfw_src/dist/usr/share/untangle/settings/ssl-inspector/settings_39.js
Sep 25 09:56:05 localhost app-39: [SslInspectorApp] <> INFO  Loaded settings from /root/development/github/ngfw_src/dist/usr/share/untangle/settings/ssl-inspector/settings_39.js
Sep 25 09:56:09 localhost app-39: [AppBase] <> INFO  Starting   ssl-inspector [39] ...
Sep 25 09:56:09 localhost app-39: [AppBase] <> INFO  Started    ssl-inspector [39] ...
Sep 25 09:56:31 localhost app-39: [AppBase] <> INFO  Stopping   ssl-inspector [39] ...
Sep 25 09:56:31 localhost app-39: [AppBase] <> INFO  Stopped    ssl-inspector [39] ...
Sep 25 09:56:45 localhost app-39: [SslInspectorApp] <> INFO  Loading settings from /root/development/github/ngfw_src/dist/usr/share/untangle/settings/ssl-inspector/settings_39.js
Sep 25 09:56:46 localhost app-39: [SslInspectorApp] <> INFO  Loaded settings from /root/development/github/ngfw_src/dist/usr/share/untangle/settings/ssl-inspector/settings_39.js
Sep 25 09:56:49 localhost app-39: [AppBase] <> INFO  Starting   ssl-inspector [39] ...
Sep 25 09:56:49 localhost app-39: [AppBase] <> INFO  Started    ssl-inspector [39] ...
Sep 25 09:57:56 localhost app-39: [AppBase] <> INFO  Stopping   ssl-inspector [39] ...
Sep 25 09:57:56 localhost app-39: [AppBase] <> INFO  Stopped    ssl-inspector [39] ...
Sep 25 09:58:09 localhost app-39: [SslInspectorApp] <> INFO  Loading settings from /root/development/github/ngfw_src/dist/usr/share/untangle/settings/ssl-inspector/settings_39.js
Sep 25 09:58:09 localhost app-39: [SslInspectorApp] <> INFO  Loaded settings from /root/development/github/ngfw_src/dist/usr/share/untangle/settings/ssl-inspector/settings_39.js
Sep 25 09:58:12 localhost app-39: [AppBase] <> INFO  Starting   ssl-inspector [39] ...
Sep 25 09:58:12 localhost app-39: [AppBase] <> INFO  Started    ssl-inspector [39] ...
Sep 25 09:59:18 localhost app-39: [AppBase] <> INFO  Stopping   ssl-inspector [39] ...
Sep 25 09:59:18 localhost app-39: [AppBase] <> INFO  Stopped    ssl-inspector [39] ...
Sep 25 09:59:30 localhost app-39: [SslInspectorApp] <> INFO  Loading settings from /root/development/github/ngfw_src/dist/usr/share/untangle/settings/ssl-inspector/settings_39.js
Sep 25 09:59:30 localhost app-39: [SslInspectorApp] <> INFO  Loaded settings from /root/development/github/ngfw_src/dist/usr/share/untangle/settings/ssl-inspector/settings_39.js
Sep 25 09:59:35 localhost app-39: [AppBase] <> INFO  Starting   ssl-inspector [39] ...
Sep 25 09:59:35 localhost app-39: [AppBase] <> INFO  Started    ssl-inspector [39] ...
Sep 25 10:00:26 localhost app-39: [AppBase] <> INFO  Stopping   ssl-inspector [39] ...
Sep 25 10:00:26 localhost app-39: [AppBase] <> INFO  Stopped    ssl-inspector [39] ...
Sep 25 10:00:38 localhost app-39: [SslInspectorApp] <> INFO  Loading settings from /root/development/github/ngfw_src/dist/usr/share/untangle/settings/ssl-inspector/settings_39.js
Sep 25 10:00:40 localhost app-39: [SslInspectorApp] <> INFO  Loaded settings from /root/development/github/ngfw_src/dist/usr/share/untangle/settings/ssl-inspector/settings_39.js
Sep 25 10:00:44 localhost app-39: [SslInspectorApp] <> INFO  Loaded 413 trusted certificates from /root/development/github/ngfw_src/dist/usr/share/untangle/lib/ssl-inspector/trusted-ca-list.jks
Sep 25 10:00:44 localhost app-39: [SslInspectorApp] <> INFO  Loaded 413 trusted certificates from /root/development/github/ngfw_src/dist/usr/share/untangle/lib/ssl-inspector/trusted-ca-list.jks
Sep 25 10:00:44 localhost app-39: [AppBase] <> INFO  Starting   ssl-inspector [39] ...
Sep 25 10:00:44 localhost app-39: [AppBase] <> INFO  Started    ssl-inspector [39] ...
Sep 25 10:02:51 localhost app-39: [AppBase] <> INFO  Stopping   ssl-inspector [39] ...
Sep 25 10:02:51 localhost app-39: [AppBase] <> INFO  Stopped    ssl-inspector [39] ...
Sep 25 10:03:04 localhost app-39: [SslInspectorApp] <> INFO  Loading settings from /root/development/github/ngfw_src/dist/usr/share/untangle/settings/ssl-inspector/settings_39.js
Sep 25 10:03:05 localhost app-39: [SslInspectorApp] <> INFO  Loaded settings from /root/development/github/ngfw_src/dist/usr/share/untangle/settings/ssl-inspector/settings_39.js
Sep 25 10:03:09 localhost app-39: [AppBase] <> INFO  Starting   ssl-inspector [39] ...
Sep 25 10:03:09 localhost app-39: [AppBase] <> INFO  Started    ssl-inspector [39] ...
Sep 25 10:06:10 localhost app-39: [AppBase] <> INFO  Stopping   ssl-inspector [39] ...
Sep 25 10:06:10 localhost app-39: [AppBase] <> INFO  Stopped    ssl-inspector [39] ...
Sep 25 10:06:29 localhost app-39: [SslInspectorApp] <> INFO  Loading settings from /root/development/github/ngfw_src/dist/usr/share/untangle/settings/ssl-inspector/settings_39.js
Sep 25 10:06:30 localhost app-39: [SslInspectorApp] <> INFO  Loaded settings from /root/development/github/ngfw_src/dist/usr/share/untangle/settings/ssl-inspector/settings_39.js
Sep 25 10:06:35 localhost app-39: [SslInspectorApp] <> INFO  Loaded 413 trusted certificates from /root/development/github/ngfw_src/dist/usr/share/untangle/lib/ssl-inspector/trusted-ca-list.jks
Sep 25 10:06:35 localhost app-39: [SslInspectorApp] <> INFO  Loaded 413 trusted certificates from /root/development/github/ngfw_src/dist/usr/share/untangle/lib/ssl-inspector/trusted-ca-list.jks
Sep 25 10:06:35 localhost app-39: [AppBase] <> INFO  Starting   ssl-inspector [39] ...
Sep 25 10:06:35 localhost app-39: [AppBase] <> INFO  Started    ssl-inspector [39] ...
Sep 25 10:08:15 localhost app-39: [AppBase] <> INFO  Stopping   ssl-inspector [39] ...
Sep 25 10:08:15 localhost app-39: [AppBase] <> INFO  Stopped    ssl-inspector [39] ...
Sep 25 10:08:34 localhost app-39: [SslInspectorApp] <> INFO  Loading settings from /root/development/github/ngfw_src/dist/usr/share/untangle/settings/ssl-inspector/settings_39.js
Sep 25 10:08:34 localhost app-39: [SslInspectorApp] <> INFO  Loaded settings from /root/development/github/ngfw_src/dist/usr/share/untangle/settings/ssl-inspector/settings_39.js
Sep 25 10:08:39 localhost app-39: [SslInspectorApp] <> INFO  Loaded 413 trusted certificates from /root/development/github/ngfw_src/dist/usr/share/untangle/lib/ssl-inspector/trusted-ca-list.jks
Sep 25 10:08:39 localhost app-39: [AppBase] <> INFO  Starting   ssl-inspector [39] ...
Sep 25 10:08:39 localhost app-39: [AppBase] <> INFO  Started    ssl-inspector [39] ...
Sep 25 10:08:39 localhost app-39: [SslInspectorApp] <> INFO  Loaded 413 trusted certificates from /root/development/github/ngfw_src/dist/usr/share/untangle/lib/ssl-inspector/trusted-ca-list.jks
Sep 25 10:12:53 localhost app-39: [AppBase] <> INFO  Stopping   ssl-inspector [39] ...
Sep 25 10:12:53 localhost app-39: [AppBase] <> INFO  Stopped    ssl-inspector [39] ...
Sep 25 10:13:07 localhost app-39: [SslInspectorApp] <> INFO  Loading settings from /root/development/github/ngfw_src/dist/usr/share/untangle/settings/ssl-inspector/settings_39.js
Sep 25 10:13:08 localhost app-39: [SslInspectorApp] <> INFO  Loaded settings from /root/development/github/ngfw_src/dist/usr/share/untangle/settings/ssl-inspector/settings_39.js
Sep 25 10:13:13 localhost app-39: [AppBase] <> INFO  Starting   ssl-inspector [39] ...
Sep 25 10:13:13 localhost app-39: [AppBase] <> INFO  Started    ssl-inspector [39] ...
Sep 25 10:15:10 localhost app-39: [AppBase] <> INFO  Stopping   ssl-inspector [39] ...
Sep 25 10:15:10 localhost app-39: [AppBase] <> INFO  Stopped    ssl-inspector [39] ...
Sep 25 10:15:23 localhost app-39: [SslInspectorApp] <> INFO  Loading settings from /root/development/github/ngfw_src/dist/usr/share/untangle/settings/ssl-inspector/settings_39.js
Sep 25 10:15:25 localhost app-39: [SslInspectorApp] <> INFO  Loaded settings from /root/development/github/ngfw_src/dist/usr/share/untangle/settings/ssl-inspector/settings_39.js
Sep 25 10:15:29 localhost app-39: [SslInspectorApp] <> INFO  Loaded 413 trusted certificates from /root/development/github/ngfw_src/dist/usr/share/untangle/lib/ssl-inspector/trusted-ca-list.jks
Sep 25 10:15:29 localhost app-39: [SslInspectorApp] <> INFO  Loaded 413 trusted certificates from /root/development/github/ngfw_src/dist/usr/share/untangle/lib/ssl-inspector/trusted-ca-list.jks
Sep 25 10:15:29 localhost app-39: [AppBase] <> INFO  Starting   ssl-inspector [39] ...
Sep 25 10:15:29 localhost app-39: [AppBase] <> INFO  Started    ssl-inspector [39] ...
Sep 25 10:16:42 localhost app-39: [AppBase] <> INFO  Stopping   ssl-inspector [39] ...
Sep 25 10:16:42 localhost app-39: [AppBase] <> INFO  Stopped    ssl-inspector [39] ...
Sep 25 10:16:56 localhost app-39: [SslInspectorApp] <> INFO  Loading settings from /root/development/github/ngfw_src/dist/usr/share/untangle/settings/ssl-inspector/settings_39.js
Sep 25 10:16:56 localhost app-39: [SslInspectorApp] <> INFO  Loaded settings from /root/development/github/ngfw_src/dist/usr/share/untangle/settings/ssl-inspector/settings_39.js
Sep 25 10:17:00 localhost app-39: [SslInspectorApp] <> INFO  Loaded 413 trusted certificates from /root/development/github/ngfw_src/dist/usr/share/untangle/lib/ssl-inspector/trusted-ca-list.jks
Sep 25 10:17:00 localhost app-39: [AppBase] <> INFO  Starting   ssl-inspector [39] ...
Sep 25 10:17:00 localhost app-39: [AppBase] <> INFO  Started    ssl-inspector [39] ...
Sep 25 10:17:00 localhost app-39: [SslInspectorApp] <> INFO  Loaded 413 trusted certificates from /root/development/github/ngfw_src/dist/usr/share/untangle/lib/ssl-inspector/trusted-ca-list.jks
Sep 25 10:30:22 localhost app-39: [AppBase] <> INFO  Stopping   ssl-inspector [39] ...
Sep 25 10:30:22 localhost app-39: [AppBase] <> INFO  Stopped    ssl-inspector [39] ...
Sep 25 10:30:35 localhost app-39: [SslInspectorApp] <> INFO  Loading settings from /root/development/github/ngfw_src/dist/usr/share/untangle/settings/ssl-inspector/settings_39.js
Sep 25 10:30:36 localhost app-39: [SslInspectorApp] <> INFO  Loaded settings from /root/development/github/ngfw_src/dist/usr/share/untangle/settings/ssl-inspector/settings_39.js
Sep 25 10:30:39 localhost app-39: [SslInspectorApp] <> INFO  Loaded 413 trusted certificates from /root/development/github/ngfw_src/dist/usr/share/untangle/lib/ssl-inspector/trusted-ca-list.jks
Sep 25 10:30:39 localhost app-39: [AppBase] <> INFO  Starting   ssl-inspector [39] ...
Sep 25 10:30:39 localhost app-39: [AppBase] <> INFO  Started    ssl-inspector [39] ...
Sep 25 10:30:42 localhost app-39: [SslInspectorApp] <> INFO  Loaded 413 trusted certificates from /root/development/github/ngfw_src/dist/usr/share/untangle/lib/ssl-inspector/trusted-ca-list.jks
Sep 25 10:34:13 localhost app-39: [AppBase] <> INFO  Stopping   ssl-inspector [39] ...
Sep 25 10:34:13 localhost app-39: [AppBase] <> INFO  Stopped    ssl-inspector [39] ...
Sep 25 10:34:26 localhost app-39: [SslInspectorApp] <> INFO  Loading settings from /root/development/github/ngfw_src/dist/usr/share/untangle/settings/ssl-inspector/settings_39.js
Sep 25 10:34:26 localhost app-39: [SslInspectorApp] <> INFO  Loaded settings from /root/development/github/ngfw_src/dist/usr/share/untangle/settings/ssl-inspector/settings_39.js
Sep 25 10:34:35 localhost app-39: [AppBase] <> INFO  Starting   ssl-inspector [39] ...
Sep 25 10:34:35 localhost app-39: [AppBase] <> INFO  Started    ssl-inspector [39] ...
Sep 25 10:37:00 localhost app-39: [AppBase] <> INFO  Stopping   ssl-inspector [39] ...
Sep 25 10:37:00 localhost app-39: [AppBase] <> INFO  Stopped    ssl-inspector [39] ...
Sep 25 10:37:14 localhost app-39: [SslInspectorApp] <> INFO  Loading settings from /root/development/github/ngfw_src/dist/usr/share/untangle/settings/ssl-inspector/settings_39.js
Sep 25 10:37:16 localhost app-39: [SslInspectorApp] <> INFO  Loaded settings from /root/development/github/ngfw_src/dist/usr/share/untangle/settings/ssl-inspector/settings_39.js
Sep 25 10:37:20 localhost app-39: [AppBase] <> INFO  Starting   ssl-inspector [39] ...
Sep 25 10:37:20 localhost app-39: [AppBase] <> INFO  Started    ssl-inspector [39] ...
Sep 25 10:41:43 localhost app-39: [AppBase] <> INFO  Stopping   ssl-inspector [39] ...
Sep 25 10:41:43 localhost app-39: [AppBase] <> INFO  Stopped    ssl-inspector [39] ...
Sep 25 10:41:57 localhost app-39: [SslInspectorApp] <> INFO  Loading settings from /root/development/github/ngfw_src/dist/usr/share/untangle/settings/ssl-inspector/settings_39.js
Sep 25 10:41:58 localhost app-39: [SslInspectorApp] <> INFO  Loaded settings from /root/development/github/ngfw_src/dist/usr/share/untangle/settings/ssl-inspector/settings_39.js
Sep 25 10:42:03 localhost app-39: [SslInspectorApp] <> INFO  Loaded 413 trusted certificates from /root/development/github/ngfw_src/dist/usr/share/untangle/lib/ssl-inspector/trusted-ca-list.jks
Sep 25 10:42:03 localhost app-39: [AppBase] <> INFO  Starting   ssl-inspector [39] ...
Sep 25 10:42:03 localhost app-39: [AppBase] <> INFO  Started    ssl-inspector [39] ...
Sep 25 10:42:04 localhost app-39: [SslInspectorApp] <> INFO  Loaded 413 trusted certificates from /root/development/github/ngfw_src/dist/usr/share/untangle/lib/ssl-inspector/trusted-ca-list.jks
Sep 25 10:44:34 localhost app-39: [AppBase] <> INFO  Stopping   ssl-inspector [39] ...
Sep 25 10:44:34 localhost app-39: [AppBase] <> INFO  Stopped    ssl-inspector [39] ...
Sep 25 10:44:48 localhost app-39: [SslInspectorApp] <> INFO  Loading settings from /root/development/github/ngfw_src/dist/usr/share/untangle/settings/ssl-inspector/settings_39.js
Sep 25 10:44:49 localhost app-39: [SslInspectorApp] <> INFO  Loaded settings from /root/development/github/ngfw_src/dist/usr/share/untangle/settings/ssl-inspector/settings_39.js
Sep 25 10:44:54 localhost app-39: [AppBase] <> INFO  Starting   ssl-inspector [39] ...
Sep 25 10:44:54 localhost app-39: [AppBase] <> INFO  Started    ssl-inspector [39] ...
Sep 25 11:00:55 localhost app-39: [AppBase] <> INFO  Stopping   ssl-inspector [39] ...
Sep 25 11:00:55 localhost app-39: [AppBase] <> INFO  Stopped    ssl-inspector [39] ...
Sep 25 11:01:08 localhost app-39: [SslInspectorApp] <> INFO  Loading settings from /root/development/github/ngfw_src/dist/usr/share/untangle/settings/ssl-inspector/settings_39.js
Sep 25 11:01:08 localhost app-39: [SslInspectorApp] <> INFO  Loaded settings from /root/development/github/ngfw_src/dist/usr/share/untangle/settings/ssl-inspector/settings_39.js
Sep 25 11:01:12 localhost app-39: [AppBase] <> INFO  Starting   ssl-inspector [39] ...
Sep 25 11:01:12 localhost app-39: [AppBase] <> INFO  Started    ssl-inspector [39] ...
Sep 25 11:02:37 localhost app-39: [AppBase] <> INFO  Stopping   ssl-inspector [39] ...
Sep 25 11:02:37 localhost app-39: [AppBase] <> INFO  Stopped    ssl-inspector [39] ...
Sep 25 11:02:49 localhost app-39: [SslInspectorApp] <> INFO  Loading settings from /root/development/github/ngfw_src/dist/usr/share/untangle/settings/ssl-inspector/settings_39.js
Sep 25 11:02:49 localhost app-39: [SslInspectorApp] <> INFO  Loaded settings from /root/development/github/ngfw_src/dist/usr/share/untangle/settings/ssl-inspector/settings_39.js
Sep 25 11:02:52 localhost app-39: [SslInspectorApp] <> INFO  Loaded 413 trusted certificates from /root/development/github/ngfw_src/dist/usr/share/untangle/lib/ssl-inspector/trusted-ca-list.jks
Sep 25 11:02:52 localhost app-39: [SslInspectorApp] <> INFO  Loaded 413 trusted certificates from /root/development/github/ngfw_src/dist/usr/share/untangle/lib/ssl-inspector/trusted-ca-list.jks
Sep 25 11:02:52 localhost app-39: [AppBase] <> INFO  Starting   ssl-inspector [39] ...
Sep 25 11:02:52 localhost app-39: [AppBase] <> INFO  Started    ssl-inspector [39] ...
Sep 25 11:03:21 localhost app-39: [AppBase] <> INFO  Stopping   ssl-inspector [39] ...
Sep 25 11:03:21 localhost app-39: [AppBase] <> INFO  Stopped    ssl-inspector [39] ...
Sep 25 11:03:33 localhost app-39: [SslInspectorApp] <> INFO  Loading settings from /root/development/github/ngfw_src/dist/usr/share/untangle/settings/ssl-inspector/settings_39.js
Sep 25 11:03:33 localhost app-39: [SslInspectorApp] <> INFO  Loaded settings from /root/development/github/ngfw_src/dist/usr/share/untangle/settings/ssl-inspector/settings_39.js
Sep 25 11:03:35 localhost app-39: [AppBase] <> INFO  Starting   ssl-inspector [39] ...
Sep 25 11:03:35 localhost app-39: [AppBase] <> INFO  Started    ssl-inspector [39] ...
Sep 25 12:20:01 localhost app-39: [AppBase] <> INFO  Stopping   ssl-inspector [39] ...
Sep 25 12:20:01 localhost app-39: [AppBase] <> INFO  Stopped    ssl-inspector [39] ...
Sep 25 12:20:14 localhost app-39: [SslInspectorApp] <> INFO  Loading settings from /root/development/github/ngfw_src/dist/usr/share/untangle/settings/ssl-inspector/settings_39.js
Sep 25 12:20:14 localhost app-39: [SslInspectorApp] <> INFO  Loaded settings from /root/development/github/ngfw_src/dist/usr/share/untangle/settings/ssl-inspector/settings_39.js
Sep 25 12:20:18 localhost app-39: [AppBase] <> INFO  Starting   ssl-inspector [39] ...
Sep 25 12:20:18 localhost app-39: [AppBase] <> INFO  Started    ssl-inspector [39] ...
Sep 25 12:21:45 localhost app-39: [AppBase] <> INFO  Stopping   ssl-inspector [39] ...
Sep 25 12:21:45 localhost app-39: [AppBase] <> INFO  Stopped    ssl-inspector [39] ...
Sep 25 12:21:57 localhost app-39: [SslInspectorApp] <> INFO  Loading settings from /root/development/github/ngfw_src/dist/usr/share/untangle/settings/ssl-inspector/settings_39.js
Sep 25 12:21:58 localhost app-39: [SslInspectorApp] <> INFO  Loaded settings from /root/development/github/ngfw_src/dist/usr/share/untangle/settings/ssl-inspector/settings_39.js
Sep 25 12:22:02 localhost app-39: [SslInspectorApp] <> INFO  Loaded 413 trusted certificates from /root/development/github/ngfw_src/dist/usr/share/untangle/lib/ssl-inspector/trusted-ca-list.jks
Sep 25 12:22:02 localhost app-39: [AppBase] <> INFO  Starting   ssl-inspector [39] ...
Sep 25 12:22:02 localhost app-39: [AppBase] <> INFO  Started    ssl-inspector [39] ...
Sep 25 12:22:02 localhost app-39: [SslInspectorApp] <> INFO  Loaded 413 trusted certificates from /root/development/github/ngfw_src/dist/usr/share/untangle/lib/ssl-inspector/trusted-ca-list.jks
Sep 25 12:22:38 localhost app-39: [AppBase] <> INFO  Stopping   ssl-inspector [39] ...
Sep 25 12:22:38 localhost app-39: [AppBase] <> INFO  Stopped    ssl-inspector [39] ...
Sep 25 12:22:50 localhost app-39: [SslInspectorApp] <> INFO  Loading settings from /root/development/github/ngfw_src/dist/usr/share/untangle/settings/ssl-inspector/settings_39.js
Sep 25 12:22:50 localhost app-39: [SslInspectorApp] <> INFO  Loaded settings from /root/development/github/ngfw_src/dist/usr/share/untangle/settings/ssl-inspector/settings_39.js
Sep 25 12:22:54 localhost app-39: [SslInspectorApp] <> INFO  Loaded 413 trusted certificates from /root/development/github/ngfw_src/dist/usr/share/untangle/lib/ssl-inspector/trusted-ca-list.jks
Sep 25 12:22:54 localhost app-39: [SslInspectorApp] <> INFO  Loaded 413 trusted certificates from /root/development/github/ngfw_src/dist/usr/share/untangle/lib/ssl-inspector/trusted-ca-list.jks
Sep 25 12:22:54 localhost app-39: [AppBase] <> INFO  Starting   ssl-inspector [39] ...
Sep 25 12:22:54 localhost app-39: [AppBase] <> INFO  Started    ssl-inspector [39] ...
Sep 25 12:23:34 localhost app-39: [AppBase] <> INFO  Stopping   ssl-inspector [39] ...
Sep 25 12:23:34 localhost app-39: [AppBase] <> INFO  Stopped    ssl-inspector [39] ...
Sep 25 12:23:48 localhost app-39: [SslInspectorApp] <> INFO  Loading settings from /root/development/github/ngfw_src/dist/usr/share/untangle/settings/ssl-inspector/settings_39.js
Sep 25 12:23:49 localhost app-39: [SslInspectorApp] <> INFO  Loaded settings from /root/development/github/ngfw_src/dist/usr/share/untangle/settings/ssl-inspector/settings_39.js
Sep 25 12:23:54 localhost app-39: [SslInspectorApp] <> INFO  Loaded 413 trusted certificates from /root/development/github/ngfw_src/dist/usr/share/untangle/lib/ssl-inspector/trusted-ca-list.jks
Sep 25 12:23:54 localhost app-39: [SslInspectorApp] <> INFO  Loaded 413 trusted certificates from /root/development/github/ngfw_src/dist/usr/share/untangle/lib/ssl-inspector/trusted-ca-list.jks
Sep 25 12:23:54 localhost app-39: [AppBase] <> INFO  Starting   ssl-inspector [39] ...
Sep 25 12:23:54 localhost app-39: [AppBase] <> INFO  Started    ssl-inspector [39] ...
Sep 25 12:24:19 localhost app-39: [AppBase] <> INFO  Stopping   ssl-inspector [39] ...
Sep 25 12:24:19 localhost app-39: [AppBase] <> INFO  Stopped    ssl-inspector [39] ...
Sep 25 12:24:31 localhost app-39: [SslInspectorApp] <> INFO  Loading settings from /root/development/github/ngfw_src/dist/usr/share/untangle/settings/ssl-inspector/settings_39.js
Sep 25 12:24:32 localhost app-39: [SslInspectorApp] <> INFO  Loaded settings from /root/development/github/ngfw_src/dist/usr/share/untangle/settings/ssl-inspector/settings_39.js
Sep 25 12:24:35 localhost app-39: [AppBase] <> INFO  Starting   ssl-inspector [39] ...
Sep 25 12:24:35 localhost app-39: [AppBase] <> INFO  Started    ssl-inspector [39] ...
Sep 25 12:25:58 localhost app-39: [AppBase] <> INFO  Stopping   ssl-inspector [39] ...
Sep 25 12:25:58 localhost app-39: [AppBase] <> INFO  Stopped    ssl-inspector [39] ...
Sep 25 12:26:11 localhost app-39: [SslInspectorApp] <> INFO  Loading settings from /root/development/github/ngfw_src/dist/usr/share/untangle/settings/ssl-inspector/settings_39.js
Sep 25 12:26:11 localhost app-39: [SslInspectorApp] <> INFO  Loaded settings from /root/development/github/ngfw_src/dist/usr/share/untangle/settings/ssl-inspector/settings_39.js
Sep 25 12:26:16 localhost app-39: [SslInspectorApp] <> INFO  Loaded 413 trusted certificates from /root/development/github/ngfw_src/dist/usr/share/untangle/lib/ssl-inspector/trusted-ca-list.jks
Sep 25 12:26:16 localhost app-39: [AppBase] <> INFO  Starting   ssl-inspector [39] ...
Sep 25 12:26:16 localhost app-39: [AppBase] <> INFO  Started    ssl-inspector [39] ...
Sep 25 12:26:16 localhost app-39: [SslInspectorApp] <> INFO  Loaded 413 trusted certificates from /root/development/github/ngfw_src/dist/usr/share/untangle/lib/ssl-inspector/trusted-ca-list.jks
Sep 25 12:26:50 localhost app-39: [AppBase] <> INFO  Stopping   ssl-inspector [39] ...
Sep 25 12:26:50 localhost app-39: [AppBase] <> INFO  Stopped    ssl-inspector [39] ...
Sep 25 12:27:03 localhost app-39: [SslInspectorApp] <> INFO  Loading settings from /root/development/github/ngfw_src/dist/usr/share/untangle/settings/ssl-inspector/settings_39.js
Sep 25 12:27:04 localhost app-39: [SslInspectorApp] <> INFO  Loaded settings from /root/development/github/ngfw_src/dist/usr/share/untangle/settings/ssl-inspector/settings_39.js
Sep 25 12:27:07 localhost app-39: [SslInspectorApp] <> INFO  Loaded 413 trusted certificates from /root/development/github/ngfw_src/dist/usr/share/untangle/lib/ssl-inspector/trusted-ca-list.jks
Sep 25 12:27:07 localhost app-39: [SslInspectorApp] <> INFO  Loaded 413 trusted certificates from /root/development/github/ngfw_src/dist/usr/share/untangle/lib/ssl-inspector/trusted-ca-list.jks
Sep 25 12:27:07 localhost app-39: [AppBase] <> INFO  Starting   ssl-inspector [39] ...
Sep 25 12:27:07 localhost app-39: [AppBase] <> INFO  Started    ssl-inspector [39] ...
Sep 25 13:12:18 localhost app-39: [AppBase] <> INFO  Stopping   ssl-inspector [39] ...
Sep 25 13:12:18 localhost app-39: [AppBase] <> INFO  Stopped    ssl-inspector [39] ...
Sep 25 13:12:31 localhost app-39: [SslInspectorApp] <> INFO  Loading settings from /root/development/github/ngfw_src/dist/usr/share/untangle/settings/ssl-inspector/settings_39.js
Sep 25 13:12:32 localhost app-39: [SslInspectorApp] <> INFO  Loaded settings from /root/development/github/ngfw_src/dist/usr/share/untangle/settings/ssl-inspector/settings_39.js
Sep 25 13:12:36 localhost app-39: [SslInspectorApp] <> INFO  Loaded 413 trusted certificates from /root/development/github/ngfw_src/dist/usr/share/untangle/lib/ssl-inspector/trusted-ca-list.jks
Sep 25 13:12:36 localhost app-39: [SslInspectorApp] <> INFO  Loaded 413 trusted certificates from /root/development/github/ngfw_src/dist/usr/share/untangle/lib/ssl-inspector/trusted-ca-list.jks
Sep 25 13:12:36 localhost app-39: [AppBase] <> INFO  Starting   ssl-inspector [39] ...
Sep 25 13:12:36 localhost app-39: [AppBase] <> INFO  Started    ssl-inspector [39] ...
Sep 25 13:14:47 localhost app-39: [AppBase] <> INFO  Stopping   ssl-inspector [39] ...
Sep 25 13:14:47 localhost app-39: [AppBase] <> INFO  Stopped    ssl-inspector [39] ...
Sep 25 13:14:56 localhost app-39: [SslInspectorApp] <> INFO  Loading settings from /root/development/github/ngfw_src/dist/usr/share/untangle/settings/ssl-inspector/settings_39.js
Sep 25 13:14:57 localhost app-39: [SslInspectorApp] <> INFO  Loaded settings from /root/development/github/ngfw_src/dist/usr/share/untangle/settings/ssl-inspector/settings_39.js
Sep 25 13:15:03 localhost app-39: [AppBase] <> INFO  Starting   ssl-inspector [39] ...
Sep 25 13:15:03 localhost app-39: [AppBase] <> INFO  Started    ssl-inspector [39] ...
Sep 25 13:22:15 localhost app-39: [AppBase] <> INFO  Stopping   ssl-inspector [39] ...
Sep 25 13:22:15 localhost app-39: [AppBase] <> INFO  Stopped    ssl-inspector [39] ...
Oct  2 08:05:01 localhost app-39: [SslInspectorApp] <> INFO  Loading settings from /usr/share/untangle/settings/ssl-inspector/settings_39.js
Oct  2 08:05:02 localhost app-39: [SslInspectorApp] <> INFO  Loaded settings from /usr/share/untangle/settings/ssl-inspector/settings_39.js
Oct  2 08:05:17 localhost app-39: [AppBase] <> INFO  Starting   ssl-inspector [39] ...
Oct  2 08:05:17 localhost app-39: [AppBase] <> INFO  Started    ssl-inspector [39] ...
Oct 14 08:37:29 localhost app-39: [AppBase] <> INFO  No valid license for: ssl-inspector
Oct 14 08:37:29 localhost app-39: [AppBase] <> INFO  Requesting trial for: ssl-inspector
Oct 14 08:37:48 localhost app-39: [SslInspectorApp] <> INFO  Loading settings from /usr/share/untangle/settings/ssl-inspector/settings_39.js
Oct 14 08:37:49 localhost app-39: [SslInspectorApp] <> INFO  Loaded settings from /usr/share/untangle/settings/ssl-inspector/settings_39.js
Oct 14 08:37:50 localhost app-39: [SslInspectorApp] <> INFO  Loaded 413 trusted certificates from /usr/share/untangle/lib/ssl-inspector/trusted-ca-list.jks
Oct 14 08:37:50 localhost app-39: [AppBase] <> INFO  Starting   ssl-inspector [39] ...
Oct 14 08:37:50 localhost app-39: [AppBase] <> INFO  Started    ssl-inspector [39] ...
Oct 14 08:37:59 localhost app-39: [SslInspectorApp] <> INFO  Loaded 413 trusted certificates from /usr/share/untangle/lib/ssl-inspector/trusted-ca-list.jks
Oct 14 16:44:31 localhost app-39: [AppBase] <> INFO  No valid license for: ssl-inspector
Oct 14 16:44:31 localhost app-39: [AppBase] <> INFO  Requesting trial for: ssl-inspector
Oct 14 16:44:50 localhost app-39: [SslInspectorApp] <> INFO  Loading settings from /usr/share/untangle/settings/ssl-inspector/settings_39.js
Oct 14 16:44:50 localhost app-39: [SslInspectorApp] <> INFO  Loaded settings from /usr/share/untangle/settings/ssl-inspector/settings_39.js
Oct 14 16:44:50 localhost app-39: [AppBase] <> INFO  Starting   ssl-inspector [39] ...
Oct 14 16:44:50 localhost app-39: [AppBase] <> INFO  Started    ssl-inspector [39] ...
Oct 14 16:47:11 localhost app-39: [AppBase] <> INFO  Stopping   ssl-inspector [39] ...
Oct 14 16:47:11 localhost app-39: [AppBase] <> INFO  Stopped    ssl-inspector [39] ...
Oct 15 12:41:37 localhost app-39: [AppBase] <> INFO  No valid license for: ssl-inspector
Oct 15 12:41:37 localhost app-39: [AppBase] <> INFO  Requesting trial for: ssl-inspector
Oct 15 12:42:10 localhost app-39: [SslInspectorApp] <> INFO  Loading settings from /usr/share/untangle/settings/ssl-inspector/settings_39.js
Oct 15 12:42:10 localhost app-39: [SslInspectorApp] <> INFO  Loaded settings from /usr/share/untangle/settings/ssl-inspector/settings_39.js
Oct 15 12:42:11 localhost app-39: [SslInspectorApp] <> INFO  Loaded 413 trusted certificates from /usr/share/untangle/lib/ssl-inspector/trusted-ca-list.jks
Oct 15 12:42:11 localhost app-39: [AppBase] <> INFO  Starting   ssl-inspector [39] ...
Oct 15 12:42:11 localhost app-39: [AppBase] <> INFO  Started    ssl-inspector [39] ...
Oct 15 12:42:20 localhost app-39: [SslInspectorApp] <> INFO  Loaded 413 trusted certificates from /usr/share/untangle/lib/ssl-inspector/trusted-ca-list.jks
Oct 15 12:44:24 localhost app-39: [AppBase] <> INFO  Stopping   ssl-inspector [39] ...
Oct 15 12:44:24 localhost app-39: [AppBase] <> INFO  Stopped    ssl-inspector [39] ...
Oct 22 09:42:23 localhost app-39: [AppBase] <> INFO  No valid license for: ssl-inspector
Oct 22 09:42:23 localhost app-39: [AppBase] <> INFO  Requesting trial for: ssl-inspector
Oct 22 09:42:56 localhost app-39: [SslInspectorApp] <> INFO  Loading settings from /usr/share/untangle/settings/ssl-inspector/settings_39.js
Oct 22 09:42:56 localhost app-39: [SslInspectorApp] <> INFO  Loaded settings from /usr/share/untangle/settings/ssl-inspector/settings_39.js
Oct 22 09:42:57 localhost app-39: [AppBase] <> INFO  Starting   ssl-inspector [39] ...
Oct 22 09:42:57 localhost app-39: [AppBase] <> INFO  Started    ssl-inspector [39] ...
Nov 11 11:26:12 localhost app-39: [AppBase] <> INFO  No valid license for: ssl-inspector
Nov 11 11:26:12 localhost app-39: [AppBase] <> INFO  Requesting trial for: ssl-inspector
Nov 11 11:26:47 localhost app-39: [SslInspectorApp] <> INFO  Loaded 413 trusted certificates from /usr/share/untangle/lib/ssl-inspector/trusted-ca-list.jks
Nov 11 11:26:57 localhost app-39: [SslInspectorApp] <> INFO  Loading settings from /usr/share/untangle/settings/ssl-inspector/settings_39.js
Nov 11 11:26:57 localhost app-39: [SslInspectorApp] <> INFO  Loaded settings from /usr/share/untangle/settings/ssl-inspector/settings_39.js
Nov 11 11:26:57 localhost app-39: [SslInspectorApp] <> INFO  Loaded 413 trusted certificates from /usr/share/untangle/lib/ssl-inspector/trusted-ca-list.jks
Nov 11 11:26:57 localhost app-39: [AppBase] <> INFO  Starting   ssl-inspector [39] ...
Nov 11 11:26:57 localhost app-39: [AppBase] <> INFO  Started    ssl-inspector [39] ...
Nov 17 12:18:02 localhost app-39: [AppBase] <> INFO  No valid license for: ssl-inspector
Nov 17 12:18:02 localhost app-39: [AppBase] <> INFO  Requesting trial for: ssl-inspector
Nov 17 12:18:19 localhost app-39: [SslInspectorApp] <> INFO  Loading settings from /usr/share/untangle/settings/ssl-inspector/settings_39.js
Nov 17 12:18:19 localhost app-39: [SslInspectorApp] <> INFO  Loaded settings from /usr/share/untangle/settings/ssl-inspector/settings_39.js
Nov 17 12:18:19 localhost app-39: [SslInspectorApp] <> INFO  Loaded 413 trusted certificates from /usr/share/untangle/lib/ssl-inspector/trusted-ca-list.jks
Nov 17 12:18:19 localhost app-39: [AppBase] <> INFO  Starting   ssl-inspector [39] ...
Nov 17 12:18:19 localhost app-39: [AppBase] <> INFO  Started    ssl-inspector [39] ...
Nov 17 12:18:26 localhost app-39: [SslInspectorApp] <> INFO  Loaded 413 trusted certificates from /usr/share/untangle/lib/ssl-inspector/trusted-ca-list.jks
Nov 17 12:19:02 localhost app-39: [AppBase] <> INFO  Stopping   ssl-inspector [39] ...
Nov 17 12:19:02 localhost app-39: [AppBase] <> INFO  Stopped    ssl-inspector [39] ...
Nov 17 12:19:34 localhost app-39: [AppBase] <> INFO  No valid license for: ssl-inspector
Nov 17 12:19:34 localhost app-39: [AppBase] <> INFO  Requesting trial for: ssl-inspector
Nov 17 12:19:49 localhost app-39: [SslInspectorApp] <> INFO  Loading settings from /usr/share/untangle/settings/ssl-inspector/settings_39.js
Nov 17 12:19:50 localhost app-39: [SslInspectorApp] <> INFO  Loaded settings from /usr/share/untangle/settings/ssl-inspector/settings_39.js
Nov 17 12:19:50 localhost app-39: [AppBase] <> INFO  Starting   ssl-inspector [39] ...
Nov 17 12:19:50 localhost app-39: [AppBase] <> INFO  Started    ssl-inspector [39] ...
Nov 23 17:24:18 localhost app-39: [AppBase] <> INFO  Stopping   ssl-inspector [39] ...
Nov 23 17:24:18 localhost app-39: [AppBase] <> INFO  Stopped    ssl-inspector [39] ...
Nov 23 17:33:52 localhost app-39: [AppBase] <> INFO  No valid license for: ssl-inspector
Nov 23 17:33:52 localhost app-39: [AppBase] <> INFO  Requesting trial for: ssl-inspector
Nov 23 17:34:23 localhost app-39: [SslInspectorApp] <> INFO  Loading settings from /usr/share/untangle/settings/ssl-inspector/settings_39.js
Nov 23 17:34:23 localhost app-39: [SslInspectorApp] <> INFO  Loaded settings from /usr/share/untangle/settings/ssl-inspector/settings_39.js
Nov 23 17:34:23 localhost app-39: [AppBase] <> INFO  Starting   ssl-inspector [39] ...
Nov 23 17:34:23 localhost app-39: [AppBase] <> INFO  Started    ssl-inspector [39] ...
Nov 23 18:09:32 localhost app-39: [AppBase] <> INFO  Stopping   ssl-inspector [39] ...
Nov 23 18:09:32 localhost app-39: [AppBase] <> INFO  Stopped    ssl-inspector [39] ...
Nov 23 18:13:22 localhost app-39: [AppBase] <> INFO  No valid license for: ssl-inspector
Nov 23 18:13:22 localhost app-39: [AppBase] <> INFO  Requesting trial for: ssl-inspector
Nov 23 18:13:43 localhost app-39: [SslInspectorApp] <> INFO  Loaded 413 trusted certificates from /usr/share/untangle/lib/ssl-inspector/trusted-ca-list.jks
Nov 23 18:13:47 localhost app-39: [SslInspectorApp] <> INFO  Loading settings from /usr/share/untangle/settings/ssl-inspector/settings_39.js
Nov 23 18:13:47 localhost app-39: [SslInspectorApp] <> INFO  Loaded settings from /usr/share/untangle/settings/ssl-inspector/settings_39.js
Nov 23 18:13:48 localhost app-39: [SslInspectorApp] <> INFO  Loaded 413 trusted certificates from /usr/share/untangle/lib/ssl-inspector/trusted-ca-list.jks
Nov 23 18:13:48 localhost app-39: [AppBase] <> INFO  Starting   ssl-inspector [39] ...
Nov 23 18:13:48 localhost app-39: [AppBase] <> INFO  Started    ssl-inspector [39] ...
Nov 24 08:49:12 localhost app-39: [AppBase] <> INFO  No valid license for: ssl-inspector
Nov 24 08:49:12 localhost app-39: [AppBase] <> INFO  Requesting trial for: ssl-inspector
Nov 24 08:49:36 localhost app-39: [SslInspectorApp] <> INFO  Loading settings from /usr/share/untangle/settings/ssl-inspector/settings_39.js
Nov 24 08:49:36 localhost app-39: [SslInspectorApp] <> INFO  Loaded settings from /usr/share/untangle/settings/ssl-inspector/settings_39.js
Nov 24 08:49:37 localhost app-39: [AppBase] <> INFO  Starting   ssl-inspector [39] ...
Nov 24 08:49:37 localhost app-39: [AppBase] <> INFO  Started    ssl-inspector [39] ...
Nov 30 17:23:26 localhost app-39: [AppBase] <> INFO  Stopping   ssl-inspector [39] ...
Nov 30 17:23:26 localhost app-39: [AppBase] <> INFO  Stopped    ssl-inspector [39] ...
Dec  7 11:06:22 localhost app-39: [AppBase] <> INFO  No valid license for: ssl-inspector
Dec  7 11:06:22 localhost app-39: [AppBase] <> INFO  Requesting trial for: ssl-inspector
Dec  7 11:06:55 localhost app-39: [SslInspectorApp] <> INFO  Loading settings from /usr/share/untangle/settings/ssl-inspector/settings_39.js
Dec  7 11:06:56 localhost app-39: [SslInspectorApp] <> INFO  Loaded settings from /usr/share/untangle/settings/ssl-inspector/settings_39.js
Dec  7 11:06:59 localhost app-39: [SslInspectorApp] <> INFO  Loaded 413 trusted certificates from /usr/share/untangle/lib/ssl-inspector/trusted-ca-list.jks
Dec  7 11:06:59 localhost app-39: [AppBase] <> INFO  Starting   ssl-inspector [39] ...
Dec  7 11:06:59 localhost app-39: [AppBase] <> INFO  Started    ssl-inspector [39] ...
Dec  7 11:07:02 localhost app-39: [SslInspectorApp] <> INFO  Loaded 413 trusted certificates from /usr/share/untangle/lib/ssl-inspector/trusted-ca-list.jks
Dec  9 10:53:53 localhost app-39: [AppBase] <> INFO  No valid license for: ssl-inspector
Dec  9 10:53:53 localhost app-39: [AppBase] <> INFO  Requesting trial for: ssl-inspector
Dec  9 10:54:35 localhost app-39: [SslInspectorApp] <> INFO  Loaded 413 trusted certificates from /usr/share/untangle/lib/ssl-inspector/trusted-ca-list.jks
Dec  9 10:54:39 localhost app-39: [SslInspectorApp] <> INFO  Loading settings from /usr/share/untangle/settings/ssl-inspector/settings_39.js
Dec  9 10:54:39 localhost app-39: [SslInspectorApp] <> INFO  Loaded settings from /usr/share/untangle/settings/ssl-inspector/settings_39.js
Dec  9 10:54:39 localhost app-39: [SslInspectorApp] <> INFO  Loaded 413 trusted certificates from /usr/share/untangle/lib/ssl-inspector/trusted-ca-list.jks
Dec  9 10:54:39 localhost app-39: [AppBase] <> INFO  Starting   ssl-inspector [39] ...
Dec  9 10:54:39 localhost app-39: [AppBase] <> INFO  Started    ssl-inspector [39] ...
Dec  9 14:27:33 localhost app-39: [AppBase] <> INFO  No valid license for: ssl-inspector
Dec  9 14:27:33 localhost app-39: [AppBase] <> INFO  Requesting trial for: ssl-inspector
Dec  9 14:27:51 localhost app-39: [SslInspectorApp] <> INFO  Loading settings from /usr/share/untangle/settings/ssl-inspector/settings_39.js
Dec  9 14:27:51 localhost app-39: [SslInspectorApp] <> INFO  Loaded settings from /usr/share/untangle/settings/ssl-inspector/settings_39.js
Dec  9 14:27:52 localhost app-39: [AppBase] <> INFO  Starting   ssl-inspector [39] ...
Dec  9 14:27:52 localhost app-39: [AppBase] <> INFO  Started    ssl-inspector [39] ...
Dec  9 16:36:36 localhost app-39: [AppBase] <> INFO  Stopping   ssl-inspector [39] ...
Dec  9 16:36:36 localhost app-39: [AppBase] <> INFO  Stopped    ssl-inspector [39] ...
