Apr  6 08:50:57 localhost app-40: [FirewallApp] <> WARN  No settings found - Initializing new settings.
Apr  6 08:50:57 localhost app-40: [FirewallApp] <> INFO  Creating the default settings...
Apr  6 08:50:57 localhost app-40: [FirewallApp] <> INFO  Reconfigure()
Apr  6 08:50:57 localhost app-40: [AppBase] <> INFO  killMatchingSessions()
Apr  6 08:50:57 localhost app-40: [FirewallApp] <> INFO  Reconfigure()
Apr  6 08:50:57 localhost app-40: [AppBase] <> INFO  killMatchingSessions()
Apr  6 08:50:57 localhost app-40: [AppBase] <> INFO  Starting   firewall [40] ...
Apr  6 08:50:57 localhost app-40: [FirewallApp] <> INFO  Reconfigure()
Apr  6 08:50:57 localhost app-40: [AppBase] <> INFO  killMatchingSessions()
Apr  6 08:50:57 localhost app-40: [AppBase] <> INFO  killMatchingSessions()
Apr  6 08:50:57 localhost app-40: [AppBase] <> INFO  Started    firewall [40] ...
Apr  6 08:50:57 localhost app-40: [FirewallApp] <> INFO  Reconfigure()
Apr  6 08:50:57 localhost app-40: [AppBase] <> INFO  killMatchingSessions()
Apr  6 08:51:09 localhost app-40: [FirewallApp] <> INFO  Reconfigure()
Apr  6 08:51:09 localhost app-40: [AppBase] <> INFO  killMatchingSessions()
Apr  6 08:51:09 localhost app-40: [AppBase] <> INFO  Stopping   firewall [40] ...
Apr  6 08:51:09 localhost app-40: [AppBase] <> INFO  killMatchingSessions()
Apr  6 08:51:09 localhost app-40: [AppBase] <> INFO  Stopped    firewall [40] ...
Apr  6 08:51:09 localhost app-40: [AppBase] <> INFO  Destroying firewall [40] ...
Apr  6 08:51:09 localhost app-40: [AppBase] <> INFO  Destroyed  firewall [40] ...
May 15 14:07:44 localhost app-40: [WireGuardVpnApp] <> INFO  Initializing Settings...
May 15 14:07:44 localhost app-40: [WireGuardVpnApp] <> INFO  Creating the default settings...
May 15 14:07:44 localhost app-40: [WireGuardVpnApp] <> WARN  192.168.252.60
May 15 14:07:46 localhost app-40: [WireGuardVpnManager] <> INFO  Stopping WireGuard interface and tunnels
May 15 14:07:46 localhost app-40: [WireGuardVpnManager] <> INFO  /usr/bin/wg-quick: 
May 15 14:07:46 localhost app-40: [WireGuardVpnManager] <> INFO  /usr/bin/wg-quick: wg-quick: `wg0' is not a WireGuard interface
May 15 14:07:46 localhost app-40: [WireGuardVpnManager] <> ERROR Failed calling WireGuard start script (return code: 1)
May 15 14:07:46 localhost app-40: [WireGuardVpnManager] <> INFO  /etc/untangle/iptables-rules.d/720-wireguard-vpn: 
May 15 14:07:46 localhost app-40: [WireGuardVpnManager] <> INFO  /etc/untangle/iptables-rules.d/720-wireguard-vpn: 
May 15 14:07:46 localhost app-40: [WireGuardVpnManager] <> INFO  Starting WireGuard interface and tunnels
May 15 14:07:46 localhost app-40: [WireGuardVpnManager] <> INFO  /usr/bin/wg-quick: 
May 15 14:07:46 localhost app-40: [WireGuardVpnManager] <> INFO  /usr/bin/wg-quick: [#] ip link add wg0 type wireguard
May 15 14:07:46 localhost app-40: [WireGuardVpnManager] <> INFO  /usr/bin/wg-quick: [#] wg setconf wg0 /dev/fd/63
May 15 14:07:46 localhost app-40: [WireGuardVpnManager] <> INFO  /usr/bin/wg-quick: [#] ip -4 address add 172.28.0.1 dev wg0
May 15 14:07:46 localhost app-40: [WireGuardVpnManager] <> INFO  /usr/bin/wg-quick: [#] ip link set mtu 1500 up dev wg0
May 15 14:07:46 localhost app-40: [WireGuardVpnManager] <> INFO  /etc/untangle/iptables-rules.d/720-wireguard-vpn: 
May 15 14:07:46 localhost app-40: [WireGuardVpnManager] <> INFO  /etc/untangle/iptables-rules.d/720-wireguard-vpn: 
May 15 14:07:46 localhost app-40: [WireGuardVpnApp] <> INFO  Loading Settings...
May 15 14:07:46 localhost app-40: [AppBase] <> INFO  Starting   wireguard-vpn [40] ...
May 15 14:07:47 localhost app-40: [WireGuardVpnManager] <> INFO  Starting WireGuard interface and tunnels
May 15 14:07:47 localhost app-40: [WireGuardVpnManager] <> INFO  /usr/bin/wg-quick: 
May 15 14:07:47 localhost app-40: [WireGuardVpnManager] <> INFO  /usr/bin/wg-quick: wg-quick: `wg0' already exists
May 15 14:07:47 localhost app-40: [WireGuardVpnManager] <> ERROR Failed calling WireGuard start script (return code: 1)
May 15 14:07:47 localhost app-40: [WireGuardVpnManager] <> INFO  /etc/untangle/iptables-rules.d/720-wireguard-vpn: 
May 15 14:07:47 localhost app-40: [WireGuardVpnManager] <> INFO  /etc/untangle/iptables-rules.d/720-wireguard-vpn: 
May 15 14:07:47 localhost app-40: [AppBase] <> INFO  Started    wireguard-vpn [40] ...
May 15 14:08:01 localhost app-40: [WireGuardVpnManager] <> INFO  Stopping WireGuard interface and tunnels
May 15 14:08:01 localhost app-40: [WireGuardVpnManager] <> INFO  /usr/bin/wg-quick: 
May 15 14:08:01 localhost app-40: [WireGuardVpnManager] <> INFO  /usr/bin/wg-quick: [#] ip link delete dev wg0
May 15 14:08:01 localhost app-40: [WireGuardVpnManager] <> INFO  /etc/untangle/iptables-rules.d/720-wireguard-vpn: 
May 15 14:08:01 localhost app-40: [WireGuardVpnManager] <> INFO  /etc/untangle/iptables-rules.d/720-wireguard-vpn: 
May 15 14:08:01 localhost app-40: [WireGuardVpnManager] <> INFO  Starting WireGuard interface and tunnels
May 15 14:08:01 localhost app-40: [WireGuardVpnManager] <> INFO  /usr/bin/wg-quick: 
May 15 14:08:01 localhost app-40: [WireGuardVpnManager] <> INFO  /usr/bin/wg-quick: [#] ip link add wg0 type wireguard
May 15 14:08:01 localhost app-40: [WireGuardVpnManager] <> INFO  /usr/bin/wg-quick: [#] wg setconf wg0 /dev/fd/63
May 15 14:08:01 localhost app-40: [WireGuardVpnManager] <> INFO  /usr/bin/wg-quick: [#] ip -4 address add 172.28.0.1 dev wg0
May 15 14:08:01 localhost app-40: [WireGuardVpnManager] <> INFO  /usr/bin/wg-quick: [#] ip link set mtu 1500 up dev wg0
May 15 14:08:01 localhost app-40: [WireGuardVpnManager] <> INFO  /usr/bin/wg-quick: [#] ip -4 route add 172.28.0.3/32 dev wg0
May 15 14:08:01 localhost app-40: [WireGuardVpnManager] <> INFO  /etc/untangle/iptables-rules.d/720-wireguard-vpn: 
May 15 14:08:01 localhost app-40: [WireGuardVpnManager] <> INFO  /etc/untangle/iptables-rules.d/720-wireguard-vpn: 
May 15 14:11:14 localhost app-40: [AppBase] <> INFO  Stopping   wireguard-vpn [40] ...
May 15 14:11:14 localhost app-40: [WireGuardVpnMonitor] <> INFO  WireGuardVpn monitor was interrupted
May 15 14:11:14 localhost app-40: [WireGuardVpnManager] <> INFO  Stopping WireGuard interface and tunnels
May 15 14:11:14 localhost app-40: [WireGuardVpnManager] <> INFO  /usr/bin/wg-quick: 
May 15 14:11:14 localhost app-40: [WireGuardVpnManager] <> INFO  /usr/bin/wg-quick: [#] ip link delete dev wg0
May 15 14:11:14 localhost app-40: [WireGuardVpnManager] <> INFO  /etc/untangle/iptables-rules.d/720-wireguard-vpn: 
May 15 14:11:14 localhost app-40: [WireGuardVpnManager] <> INFO  /etc/untangle/iptables-rules.d/720-wireguard-vpn: 
May 15 14:11:14 localhost app-40: [AppBase] <> INFO  Stopped    wireguard-vpn [40] ...
May 15 14:11:14 localhost app-40: [AppBase] <> INFO  Destroying wireguard-vpn [40] ...
May 15 14:11:14 localhost app-40: [AppBase] <> INFO  Destroyed  wireguard-vpn [40] ...
Jul  5 13:33:53 localhost app-40: [ThreatPreventionApp] <> WARN  No settings found - Initializing new settings.
Jul  5 13:33:53 localhost app-40: [ThreatPreventionApp] <> INFO  Creating the default settings...
