Sep 25 09:20:10 localhost app-73: [VirusBlockerBaseApp] <> INFO  Loading Settings...
Sep 25 09:20:10 localhost app-73: [AppBase] <> INFO  Starting   virus-blocker [73] ...
Sep 25 09:20:10 localhost app-73: [AppBase] <> INFO  Started    virus-blocker [73] ...
Sep 25 09:23:49 localhost app-73: [AppBase] <> INFO  No valid license for: virus-blocker
Sep 25 09:23:49 localhost app-73: [AppBase] <> INFO  Requesting trial for: virus-blocker
Sep 25 09:24:10 localhost app-73: [AppBase] <> WARN  Exception fetching trial license. Ignoring...
Sep 25 09:24:10 localhost app-73:       java.lang.Exception: Unable to fetch trial license: DNS lookup failed.
Sep 25 09:24:10 localhost app-73:       com.untangle.app.license.LicenseManagerImpl.requestTrialLicense(LicenseManagerImpl.java:493)
Sep 25 09:24:10 localhost app-73:       com.untangle.uvm.app.AppBase.init(AppBase.java:857)
Sep 25 09:24:10 localhost app-73:       com.untangle.uvm.app.AppBase.resumeState(AppBase.java:245)
Sep 25 09:24:10 localhost app-73:       com.untangle.uvm.app.AppBase.loadClass(AppBase.java:373)
Sep 25 09:24:10 localhost app-73:       com.untangle.uvm.AppManagerImpl$3.run(AppManagerImpl.java:1128)
Sep 25 09:24:10 localhost app-73:       com.untangle.uvm.UvmContextImpl$1.run(UvmContextImpl.java:654)
Sep 25 09:24:10 localhost app-73:       java.base/java.lang.Thread.run(Thread.java:834)
Sep 25 09:24:10 localhost app-73: [VirusBlockerBaseApp] <> INFO  Loading Settings...
Sep 25 09:24:10 localhost app-73: [AppBase] <> INFO  Starting   virus-blocker [73] ...
Sep 25 09:24:10 localhost app-73: [AppBase] <> INFO  Started    virus-blocker [73] ...
Sep 25 09:27:25 localhost app-73: [AppBase] <> INFO  No valid license for: virus-blocker
Sep 25 09:27:25 localhost app-73: [AppBase] <> INFO  Requesting trial for: virus-blocker
Sep 25 09:27:46 localhost app-73: [AppBase] <> WARN  Exception fetching trial license. Ignoring...
Sep 25 09:27:46 localhost app-73:       java.lang.Exception: Unable to fetch trial license: DNS lookup failed.
Sep 25 09:27:46 localhost app-73:       com.untangle.app.license.LicenseManagerImpl.requestTrialLicense(LicenseManagerImpl.java:493)
Sep 25 09:27:46 localhost app-73:       com.untangle.uvm.app.AppBase.init(AppBase.java:857)
Sep 25 09:27:46 localhost app-73:       com.untangle.uvm.app.AppBase.resumeState(AppBase.java:245)
Sep 25 09:27:46 localhost app-73:       com.untangle.uvm.app.AppBase.loadClass(AppBase.java:373)
Sep 25 09:27:46 localhost app-73:       com.untangle.uvm.AppManagerImpl$3.run(AppManagerImpl.java:1128)
Sep 25 09:27:46 localhost app-73:       com.untangle.uvm.UvmContextImpl$1.run(UvmContextImpl.java:654)
Sep 25 09:27:46 localhost app-73:       java.base/java.lang.Thread.run(Thread.java:834)
Sep 25 09:27:46 localhost app-73: [VirusBlockerBaseApp] <> INFO  Loading Settings...
Sep 25 09:27:46 localhost app-73: [AppBase] <> INFO  Starting   virus-blocker [73] ...
Sep 25 09:27:46 localhost app-73: [AppBase] <> INFO  Started    virus-blocker [73] ...
Sep 25 09:31:03 localhost app-73: [AppBase] <> INFO  No valid license for: virus-blocker
Sep 25 09:31:03 localhost app-73: [AppBase] <> INFO  Requesting trial for: virus-blocker
Sep 25 09:31:25 localhost app-73: [AppBase] <> WARN  Exception fetching trial license. Ignoring...
Sep 25 09:31:25 localhost app-73:       java.lang.Exception: Unable to fetch trial license: DNS lookup failed.
Sep 25 09:31:25 localhost app-73:       com.untangle.app.license.LicenseManagerImpl.requestTrialLicense(LicenseManagerImpl.java:493)
Sep 25 09:31:25 localhost app-73:       com.untangle.uvm.app.AppBase.init(AppBase.java:857)
Sep 25 09:31:25 localhost app-73:       com.untangle.uvm.app.AppBase.resumeState(AppBase.java:245)
Sep 25 09:31:25 localhost app-73:       com.untangle.uvm.app.AppBase.loadClass(AppBase.java:373)
Sep 25 09:31:25 localhost app-73:       com.untangle.uvm.AppManagerImpl$3.run(AppManagerImpl.java:1128)
Sep 25 09:31:25 localhost app-73:       com.untangle.uvm.UvmContextImpl$1.run(UvmContextImpl.java:654)
Sep 25 09:31:25 localhost app-73:       java.base/java.lang.Thread.run(Thread.java:834)
Sep 25 09:31:25 localhost app-73: [VirusBlockerBaseApp] <> INFO  Loading Settings...
Sep 25 09:31:25 localhost app-73: [AppBase] <> INFO  Starting   virus-blocker [73] ...
Sep 25 09:31:25 localhost app-73: [AppBase] <> INFO  Started    virus-blocker [73] ...
Sep 25 09:33:44 localhost app-73: [AppBase] <> INFO  Stopping   virus-blocker [73] ...
Sep 25 09:33:45 localhost app-73: [AppBase] <> INFO  Stopped    virus-blocker [73] ...
Sep 25 09:33:59 localhost app-73: [AppBase] <> INFO  No valid license for: virus-blocker
Sep 25 09:33:59 localhost app-73: [AppBase] <> INFO  Requesting trial for: virus-blocker
Sep 25 09:34:41 localhost app-73: [VirusBlockerBaseApp] <> INFO  Loading Settings...
Sep 25 09:34:41 localhost app-73: [AppBase] <> INFO  Starting   virus-blocker [73] ...
Sep 25 09:34:41 localhost app-73: [AppBase] <> INFO  Started    virus-blocker [73] ...
Sep 25 09:37:49 localhost app-73: [AppBase] <> INFO  Stopping   virus-blocker [73] ...
Sep 25 09:37:49 localhost app-73: [AppBase] <> INFO  Stopped    virus-blocker [73] ...
Sep 25 09:38:02 localhost app-73: [VirusBlockerBaseApp] <> INFO  Loading Settings...
Sep 25 09:38:02 localhost app-73: [AppBase] <> INFO  Starting   virus-blocker [73] ...
Sep 25 09:38:02 localhost app-73: [AppBase] <> INFO  Started    virus-blocker [73] ...
Sep 25 09:40:37 localhost app-73: [AppBase] <> INFO  Stopping   virus-blocker [73] ...
Sep 25 09:40:37 localhost app-73: [AppBase] <> INFO  Stopped    virus-blocker [73] ...
Sep 25 09:40:50 localhost app-73: [VirusBlockerBaseApp] <> INFO  Loading Settings...
Sep 25 09:40:50 localhost app-73: [AppBase] <> INFO  Starting   virus-blocker [73] ...
Sep 25 09:40:50 localhost app-73: [AppBase] <> INFO  Started    virus-blocker [73] ...
Sep 25 09:42:12 localhost app-73: [AppBase] <> INFO  Stopping   virus-blocker [73] ...
Sep 25 09:42:12 localhost app-73: [AppBase] <> INFO  Stopped    virus-blocker [73] ...
Sep 25 09:42:25 localhost app-73: [VirusBlockerBaseApp] <> INFO  Loading Settings...
Sep 25 09:42:25 localhost app-73: [AppBase] <> INFO  Starting   virus-blocker [73] ...
Sep 25 09:42:25 localhost app-73: [AppBase] <> INFO  Started    virus-blocker [73] ...
Sep 25 09:45:27 localhost app-73: [AppBase] <> INFO  Stopping   virus-blocker [73] ...
Sep 25 09:45:27 localhost app-73: [AppBase] <> INFO  Stopped    virus-blocker [73] ...
Sep 25 09:45:41 localhost app-73: [VirusBlockerBaseApp] <> INFO  Loading Settings...
Sep 25 09:45:41 localhost app-73: [AppBase] <> INFO  Starting   virus-blocker [73] ...
Sep 25 09:45:41 localhost app-73: [AppBase] <> INFO  Started    virus-blocker [73] ...
Sep 25 09:52:35 localhost app-73: [AppBase] <> INFO  Stopping   virus-blocker [73] ...
Sep 25 09:52:35 localhost app-73: [AppBase] <> INFO  Stopped    virus-blocker [73] ...
Sep 25 09:52:48 localhost app-73: [VirusBlockerBaseApp] <> INFO  Loading Settings...
Sep 25 09:52:48 localhost app-73: [AppBase] <> INFO  Starting   virus-blocker [73] ...
Sep 25 09:52:48 localhost app-73: [AppBase] <> INFO  Started    virus-blocker [73] ...
Sep 25 09:53:27 localhost app-73: [AppBase] <> INFO  Stopping   virus-blocker [73] ...
Sep 25 09:53:27 localhost app-73: [AppBase] <> INFO  Stopped    virus-blocker [73] ...
Sep 25 09:53:40 localhost app-73: [VirusBlockerBaseApp] <> INFO  Loading Settings...
Sep 25 09:53:40 localhost app-73: [AppBase] <> INFO  Starting   virus-blocker [73] ...
Sep 25 09:53:40 localhost app-73: [AppBase] <> INFO  Started    virus-blocker [73] ...
Sep 25 09:55:50 localhost app-73: [AppBase] <> INFO  Stopping   virus-blocker [73] ...
Sep 25 09:55:51 localhost app-73: [AppBase] <> INFO  Stopped    virus-blocker [73] ...
Sep 25 09:56:05 localhost app-73: [VirusBlockerBaseApp] <> INFO  Loading Settings...
Sep 25 09:56:05 localhost app-73: [AppBase] <> INFO  Starting   virus-blocker [73] ...
Sep 25 09:56:05 localhost app-73: [AppBase] <> INFO  Started    virus-blocker [73] ...
Sep 25 09:56:31 localhost app-73: [AppBase] <> INFO  Stopping   virus-blocker [73] ...
Sep 25 09:56:31 localhost app-73: [AppBase] <> INFO  Stopped    virus-blocker [73] ...
Sep 25 09:56:46 localhost app-73: [VirusBlockerBaseApp] <> INFO  Loading Settings...
Sep 25 09:56:46 localhost app-73: [AppBase] <> INFO  Starting   virus-blocker [73] ...
Sep 25 09:56:46 localhost app-73: [AppBase] <> INFO  Started    virus-blocker [73] ...
Sep 25 09:57:56 localhost app-73: [AppBase] <> INFO  Stopping   virus-blocker [73] ...
Sep 25 09:57:56 localhost app-73: [AppBase] <> INFO  Stopped    virus-blocker [73] ...
Sep 25 09:58:09 localhost app-73: [VirusBlockerBaseApp] <> INFO  Loading Settings...
Sep 25 09:58:09 localhost app-73: [AppBase] <> INFO  Starting   virus-blocker [73] ...
Sep 25 09:58:09 localhost app-73: [AppBase] <> INFO  Started    virus-blocker [73] ...
Sep 25 09:59:17 localhost app-73: [AppBase] <> INFO  Stopping   virus-blocker [73] ...
Sep 25 09:59:18 localhost app-73: [AppBase] <> INFO  Stopped    virus-blocker [73] ...
Sep 25 09:59:30 localhost app-73: [VirusBlockerBaseApp] <> INFO  Loading Settings...
Sep 25 09:59:30 localhost app-73: [AppBase] <> INFO  Starting   virus-blocker [73] ...
Sep 25 09:59:31 localhost app-73: [AppBase] <> INFO  Started    virus-blocker [73] ...
Sep 25 10:00:26 localhost app-73: [AppBase] <> INFO  Stopping   virus-blocker [73] ...
Sep 25 10:00:26 localhost app-73: [AppBase] <> INFO  Stopped    virus-blocker [73] ...
Sep 25 10:00:40 localhost app-73: [VirusBlockerBaseApp] <> INFO  Loading Settings...
Sep 25 10:00:40 localhost app-73: [AppBase] <> INFO  Starting   virus-blocker [73] ...
Sep 25 10:00:40 localhost app-73: [AppBase] <> INFO  Started    virus-blocker [73] ...
Sep 25 10:02:51 localhost app-73: [AppBase] <> INFO  Stopping   virus-blocker [73] ...
Sep 25 10:02:52 localhost app-73: [AppBase] <> INFO  Stopped    virus-blocker [73] ...
Sep 25 10:03:05 localhost app-73: [VirusBlockerBaseApp] <> INFO  Loading Settings...
Sep 25 10:03:05 localhost app-73: [AppBase] <> INFO  Starting   virus-blocker [73] ...
Sep 25 10:03:05 localhost app-73: [AppBase] <> INFO  Started    virus-blocker [73] ...
Sep 25 10:06:10 localhost app-73: [AppBase] <> INFO  Stopping   virus-blocker [73] ...
Sep 25 10:06:10 localhost app-73: [AppBase] <> INFO  Stopped    virus-blocker [73] ...
Sep 25 10:06:30 localhost app-73: [VirusBlockerBaseApp] <> INFO  Loading Settings...
Sep 25 10:06:30 localhost app-73: [AppBase] <> INFO  Starting   virus-blocker [73] ...
Sep 25 10:06:30 localhost app-73: [AppBase] <> INFO  Started    virus-blocker [73] ...
Sep 25 10:08:15 localhost app-73: [AppBase] <> INFO  Stopping   virus-blocker [73] ...
Sep 25 10:08:15 localhost app-73: [AppBase] <> INFO  Stopped    virus-blocker [73] ...
Sep 25 10:08:34 localhost app-73: [VirusBlockerBaseApp] <> INFO  Loading Settings...
Sep 25 10:08:34 localhost app-73: [AppBase] <> INFO  Starting   virus-blocker [73] ...
Sep 25 10:08:35 localhost app-73: [AppBase] <> INFO  Started    virus-blocker [73] ...
Sep 25 10:12:53 localhost app-73: [AppBase] <> INFO  Stopping   virus-blocker [73] ...
Sep 25 10:12:53 localhost app-73: [AppBase] <> INFO  Stopped    virus-blocker [73] ...
Sep 25 10:13:07 localhost app-73: [VirusBlockerBaseApp] <> INFO  Loading Settings...
Sep 25 10:13:07 localhost app-73: [AppBase] <> INFO  Starting   virus-blocker [73] ...
Sep 25 10:13:08 localhost app-73: [AppBase] <> INFO  Started    virus-blocker [73] ...
Sep 25 10:15:09 localhost app-73: [AppBase] <> INFO  Stopping   virus-blocker [73] ...
Sep 25 10:15:10 localhost app-73: [AppBase] <> INFO  Stopped    virus-blocker [73] ...
Sep 25 10:15:24 localhost app-73: [VirusBlockerBaseApp] <> INFO  Loading Settings...
Sep 25 10:15:24 localhost app-73: [AppBase] <> INFO  Starting   virus-blocker [73] ...
Sep 25 10:15:24 localhost app-73: [AppBase] <> INFO  Started    virus-blocker [73] ...
Sep 25 10:16:42 localhost app-73: [AppBase] <> INFO  Stopping   virus-blocker [73] ...
Sep 25 10:16:42 localhost app-73: [AppBase] <> INFO  Stopped    virus-blocker [73] ...
Sep 25 10:16:56 localhost app-73: [VirusBlockerBaseApp] <> INFO  Loading Settings...
Sep 25 10:16:56 localhost app-73: [AppBase] <> INFO  Starting   virus-blocker [73] ...
Sep 25 10:16:56 localhost app-73: [AppBase] <> INFO  Started    virus-blocker [73] ...
Sep 25 10:30:22 localhost app-73: [AppBase] <> INFO  Stopping   virus-blocker [73] ...
Sep 25 10:30:22 localhost app-73: [AppBase] <> INFO  Stopped    virus-blocker [73] ...
Sep 25 10:30:36 localhost app-73: [VirusBlockerBaseApp] <> INFO  Loading Settings...
Sep 25 10:30:36 localhost app-73: [AppBase] <> INFO  Starting   virus-blocker [73] ...
Sep 25 10:30:36 localhost app-73: [AppBase] <> INFO  Started    virus-blocker [73] ...
Sep 25 10:34:13 localhost app-73: [AppBase] <> INFO  Stopping   virus-blocker [73] ...
Sep 25 10:34:13 localhost app-73: [AppBase] <> INFO  Stopped    virus-blocker [73] ...
Sep 25 10:34:26 localhost app-73: [VirusBlockerBaseApp] <> INFO  Loading Settings...
Sep 25 10:34:26 localhost app-73: [AppBase] <> INFO  Starting   virus-blocker [73] ...
Sep 25 10:34:26 localhost app-73: [AppBase] <> INFO  Started    virus-blocker [73] ...
Sep 25 10:37:00 localhost app-73: [AppBase] <> INFO  Stopping   virus-blocker [73] ...
Sep 25 10:37:00 localhost app-73: [AppBase] <> INFO  Stopped    virus-blocker [73] ...
Sep 25 10:37:15 localhost app-73: [VirusBlockerBaseApp] <> INFO  Loading Settings...
Sep 25 10:37:15 localhost app-73: [AppBase] <> INFO  Starting   virus-blocker [73] ...
Sep 25 10:37:15 localhost app-73: [AppBase] <> INFO  Started    virus-blocker [73] ...
Sep 25 10:41:43 localhost app-73: [AppBase] <> INFO  Stopping   virus-blocker [73] ...
Sep 25 10:41:43 localhost app-73: [AppBase] <> INFO  Stopped    virus-blocker [73] ...
Sep 25 10:41:58 localhost app-73: [VirusBlockerBaseApp] <> INFO  Loading Settings...
Sep 25 10:41:58 localhost app-73: [AppBase] <> INFO  Starting   virus-blocker [73] ...
Sep 25 10:41:58 localhost app-73: [AppBase] <> INFO  Started    virus-blocker [73] ...
Sep 25 10:44:34 localhost app-73: [AppBase] <> INFO  Stopping   virus-blocker [73] ...
Sep 25 10:44:34 localhost app-73: [AppBase] <> INFO  Stopped    virus-blocker [73] ...
Sep 25 10:44:49 localhost app-73: [VirusBlockerBaseApp] <> INFO  Loading Settings...
Sep 25 10:44:49 localhost app-73: [AppBase] <> INFO  Starting   virus-blocker [73] ...
Sep 25 10:44:49 localhost app-73: [AppBase] <> INFO  Started    virus-blocker [73] ...
Sep 25 11:00:55 localhost app-73: [AppBase] <> INFO  Stopping   virus-blocker [73] ...
Sep 25 11:00:55 localhost app-73: [AppBase] <> INFO  Stopped    virus-blocker [73] ...
Sep 25 11:01:08 localhost app-73: [VirusBlockerBaseApp] <> INFO  Loading Settings...
Sep 25 11:01:08 localhost app-73: [AppBase] <> INFO  Starting   virus-blocker [73] ...
Sep 25 11:01:08 localhost app-73: [AppBase] <> INFO  Started    virus-blocker [73] ...
Sep 25 11:02:37 localhost app-73: [AppBase] <> INFO  Stopping   virus-blocker [73] ...
Sep 25 11:02:37 localhost app-73: [AppBase] <> INFO  Stopped    virus-blocker [73] ...
Sep 25 11:02:49 localhost app-73: [VirusBlockerBaseApp] <> INFO  Loading Settings...
Sep 25 11:02:49 localhost app-73: [AppBase] <> INFO  Starting   virus-blocker [73] ...
Sep 25 11:02:49 localhost app-73: [AppBase] <> INFO  Started    virus-blocker [73] ...
Sep 25 11:03:20 localhost app-73: [AppBase] <> INFO  Stopping   virus-blocker [73] ...
Sep 25 11:03:21 localhost app-73: [AppBase] <> INFO  Stopped    virus-blocker [73] ...
Sep 25 11:03:33 localhost app-73: [VirusBlockerBaseApp] <> INFO  Loading Settings...
Sep 25 11:03:33 localhost app-73: [AppBase] <> INFO  Starting   virus-blocker [73] ...
Sep 25 11:03:33 localhost app-73: [AppBase] <> INFO  Started    virus-blocker [73] ...
Sep 25 12:20:01 localhost app-73: [AppBase] <> INFO  Stopping   virus-blocker [73] ...
Sep 25 12:20:02 localhost app-73: [AppBase] <> INFO  Stopped    virus-blocker [73] ...
Sep 25 12:20:14 localhost app-73: [VirusBlockerBaseApp] <> INFO  Loading Settings...
Sep 25 12:20:14 localhost app-73: [AppBase] <> INFO  Starting   virus-blocker [73] ...
Sep 25 12:20:14 localhost app-73: [AppBase] <> INFO  Started    virus-blocker [73] ...
Sep 25 12:21:45 localhost app-73: [AppBase] <> INFO  Stopping   virus-blocker [73] ...
Sep 25 12:21:45 localhost app-73: [AppBase] <> INFO  Stopped    virus-blocker [73] ...
Sep 25 12:21:58 localhost app-73: [VirusBlockerBaseApp] <> INFO  Loading Settings...
Sep 25 12:21:58 localhost app-73: [AppBase] <> INFO  Starting   virus-blocker [73] ...
Sep 25 12:21:58 localhost app-73: [AppBase] <> INFO  Started    virus-blocker [73] ...
Sep 25 12:22:38 localhost app-73: [AppBase] <> INFO  Stopping   virus-blocker [73] ...
Sep 25 12:22:38 localhost app-73: [AppBase] <> INFO  Stopped    virus-blocker [73] ...
Sep 25 12:22:50 localhost app-73: [VirusBlockerBaseApp] <> INFO  Loading Settings...
Sep 25 12:22:51 localhost app-73: [AppBase] <> INFO  Starting   virus-blocker [73] ...
Sep 25 12:22:51 localhost app-73: [AppBase] <> INFO  Started    virus-blocker [73] ...
Sep 25 12:23:34 localhost app-73: [AppBase] <> INFO  Stopping   virus-blocker [73] ...
Sep 25 12:23:34 localhost app-73: [AppBase] <> INFO  Stopped    virus-blocker [73] ...
Sep 25 12:23:49 localhost app-73: [VirusBlockerBaseApp] <> INFO  Loading Settings...
Sep 25 12:23:49 localhost app-73: [AppBase] <> INFO  Starting   virus-blocker [73] ...
Sep 25 12:23:49 localhost app-73: [AppBase] <> INFO  Started    virus-blocker [73] ...
Sep 25 12:24:19 localhost app-73: [AppBase] <> INFO  Stopping   virus-blocker [73] ...
Sep 25 12:24:19 localhost app-73: [AppBase] <> INFO  Stopped    virus-blocker [73] ...
Sep 25 12:24:32 localhost app-73: [VirusBlockerBaseApp] <> INFO  Loading Settings...
Sep 25 12:24:32 localhost app-73: [AppBase] <> INFO  Starting   virus-blocker [73] ...
Sep 25 12:24:32 localhost app-73: [AppBase] <> INFO  Started    virus-blocker [73] ...
Sep 25 12:25:58 localhost app-73: [AppBase] <> INFO  Stopping   virus-blocker [73] ...
Sep 25 12:25:58 localhost app-73: [AppBase] <> INFO  Stopped    virus-blocker [73] ...
Sep 25 12:26:12 localhost app-73: [VirusBlockerBaseApp] <> INFO  Loading Settings...
Sep 25 12:26:12 localhost app-73: [AppBase] <> INFO  Starting   virus-blocker [73] ...
Sep 25 12:26:12 localhost app-73: [AppBase] <> INFO  Started    virus-blocker [73] ...
Sep 25 12:26:50 localhost app-73: [AppBase] <> INFO  Stopping   virus-blocker [73] ...
Sep 25 12:26:50 localhost app-73: [AppBase] <> INFO  Stopped    virus-blocker [73] ...
Sep 25 12:27:03 localhost app-73: [VirusBlockerBaseApp] <> INFO  Loading Settings...
Sep 25 12:27:03 localhost app-73: [AppBase] <> INFO  Starting   virus-blocker [73] ...
Sep 25 12:27:03 localhost app-73: [AppBase] <> INFO  Started    virus-blocker [73] ...
Sep 25 13:12:18 localhost app-73: [AppBase] <> INFO  Stopping   virus-blocker [73] ...
Sep 25 13:12:18 localhost app-73: [AppBase] <> INFO  Stopped    virus-blocker [73] ...
Sep 25 13:12:31 localhost app-73: [VirusBlockerBaseApp] <> INFO  Loading Settings...
Sep 25 13:12:31 localhost app-73: [AppBase] <> INFO  Starting   virus-blocker [73] ...
Sep 25 13:12:32 localhost app-73: [AppBase] <> INFO  Started    virus-blocker [73] ...
Sep 25 13:14:47 localhost app-73: [AppBase] <> INFO  Stopping   virus-blocker [73] ...
Sep 25 13:14:47 localhost app-73: [AppBase] <> INFO  Stopped    virus-blocker [73] ...
Sep 25 13:14:57 localhost app-73: [VirusBlockerBaseApp] <> INFO  Loading Settings...
Sep 25 13:14:57 localhost app-73: [AppBase] <> INFO  Starting   virus-blocker [73] ...
Sep 25 13:14:57 localhost app-73: [AppBase] <> INFO  Started    virus-blocker [73] ...
Sep 25 13:22:15 localhost app-73: [AppBase] <> INFO  Stopping   virus-blocker [73] ...
Sep 25 13:22:15 localhost app-73: [AppBase] <> INFO  Stopped    virus-blocker [73] ...
Oct  2 08:05:03 localhost app-73: [VirusBlockerBaseApp] <> INFO  Loading Settings...
Oct  2 08:05:03 localhost app-73: [AppBase] <> INFO  Starting   virus-blocker [73] ...
Oct  2 08:05:03 localhost app-73: [AppBase] <> INFO  Started    virus-blocker [73] ...
Oct 14 08:37:29 localhost app-73: [AppBase] <> INFO  Requesting trial for: virus-blocker
Oct 14 08:37:29 localhost app-73: [AppBase] <> INFO  No valid license for: virus-blocker
Oct 14 08:37:54 localhost app-73: [VirusBlockerBaseApp] <> INFO  Loading Settings...
Oct 14 08:37:54 localhost app-73: [AppBase] <> INFO  Starting   virus-blocker [73] ...
Oct 14 08:37:54 localhost app-73: [AppBase] <> INFO  Started    virus-blocker [73] ...
Oct 14 16:44:31 localhost app-73: [AppBase] <> INFO  No valid license for: virus-blocker
Oct 14 16:44:31 localhost app-73: [AppBase] <> INFO  Requesting trial for: virus-blocker
Oct 14 16:44:51 localhost app-73: [VirusBlockerBaseApp] <> INFO  Loading Settings...
Oct 14 16:44:51 localhost app-73: [AppBase] <> INFO  Starting   virus-blocker [73] ...
Oct 14 16:44:51 localhost app-73: [AppBase] <> INFO  Started    virus-blocker [73] ...
Oct 14 16:47:11 localhost app-73: [AppBase] <> INFO  Stopping   virus-blocker [73] ...
Oct 14 16:47:11 localhost app-73: [AppBase] <> INFO  Stopped    virus-blocker [73] ...
Oct 15 12:41:37 localhost app-73: [AppBase] <> INFO  No valid license for: virus-blocker
Oct 15 12:41:37 localhost app-73: [AppBase] <> INFO  Requesting trial for: virus-blocker
Oct 15 12:42:07 localhost app-73: [VirusBlockerBaseApp] <> INFO  Loading Settings...
Oct 15 12:42:07 localhost app-73: [AppBase] <> INFO  Starting   virus-blocker [73] ...
Oct 15 12:42:08 localhost app-73: [AppBase] <> INFO  Started    virus-blocker [73] ...
Oct 15 12:44:24 localhost app-73: [AppBase] <> INFO  Stopping   virus-blocker [73] ...
Oct 15 12:44:25 localhost app-73: [AppBase] <> INFO  Stopped    virus-blocker [73] ...
Oct 22 09:42:23 localhost app-73: [AppBase] <> INFO  No valid license for: virus-blocker
Oct 22 09:42:23 localhost app-73: [AppBase] <> INFO  Requesting trial for: virus-blocker
Oct 22 09:42:58 localhost app-73: [VirusBlockerBaseApp] <> INFO  Loading Settings...
Oct 22 09:42:58 localhost app-73: [AppBase] <> INFO  Starting   virus-blocker [73] ...
Oct 22 09:42:58 localhost app-73: [AppBase] <> INFO  Started    virus-blocker [73] ...
Nov 11 11:26:12 localhost app-73: [AppBase] <> INFO  No valid license for: virus-blocker
Nov 11 11:26:12 localhost app-73: [AppBase] <> INFO  Requesting trial for: virus-blocker
Nov 11 11:26:58 localhost app-73: [VirusBlockerBaseApp] <> INFO  Loading Settings...
Nov 11 11:26:58 localhost app-73: [AppBase] <> INFO  Starting   virus-blocker [73] ...
Nov 11 11:26:58 localhost app-73: [AppBase] <> INFO  Started    virus-blocker [73] ...
Nov 17 12:18:03 localhost app-73: [AppBase] <> INFO  No valid license for: virus-blocker
Nov 17 12:18:03 localhost app-73: [AppBase] <> INFO  Requesting trial for: virus-blocker
Nov 17 12:18:35 localhost app-73: [VirusBlockerBaseApp] <> INFO  Loading Settings...
Nov 17 12:18:35 localhost app-73: [AppBase] <> INFO  Starting   virus-blocker [73] ...
Nov 17 12:18:35 localhost app-73: [AppBase] <> INFO  Started    virus-blocker [73] ...
Nov 17 12:19:02 localhost app-73: [AppBase] <> INFO  Stopping   virus-blocker [73] ...
Nov 17 12:19:02 localhost app-73: [AppBase] <> INFO  Stopped    virus-blocker [73] ...
Nov 17 12:19:34 localhost app-73: [AppBase] <> INFO  No valid license for: virus-blocker
Nov 17 12:19:34 localhost app-73: [AppBase] <> INFO  Requesting trial for: virus-blocker
Nov 17 12:19:52 localhost app-73: [VirusBlockerBaseApp] <> INFO  Loading Settings...
Nov 17 12:19:52 localhost app-73: [AppBase] <> INFO  Starting   virus-blocker [73] ...
Nov 17 12:19:52 localhost app-73: [AppBase] <> INFO  Started    virus-blocker [73] ...
Nov 23 17:24:17 localhost app-73: [AppBase] <> INFO  Stopping   virus-blocker [73] ...
Nov 23 17:24:19 localhost app-73: [AppBase] <> INFO  Stopped    virus-blocker [73] ...
Nov 23 17:33:53 localhost app-73: [AppBase] <> INFO  No valid license for: virus-blocker
Nov 23 17:33:53 localhost app-73: [AppBase] <> INFO  Requesting trial for: virus-blocker
Nov 23 17:34:18 localhost app-73: [VirusBlockerBaseApp] <> INFO  Loading Settings...
Nov 23 17:34:18 localhost app-73: [AppBase] <> INFO  Starting   virus-blocker [73] ...
Nov 23 17:34:18 localhost app-73: [AppBase] <> INFO  Started    virus-blocker [73] ...
Nov 23 18:09:32 localhost app-73: [AppBase] <> INFO  Stopping   virus-blocker [73] ...
Nov 23 18:09:32 localhost app-73: [AppBase] <> INFO  Stopped    virus-blocker [73] ...
Nov 23 18:13:23 localhost app-73: [AppBase] <> INFO  No valid license for: virus-blocker
Nov 23 18:13:23 localhost app-73: [AppBase] <> INFO  Requesting trial for: virus-blocker
Nov 23 18:13:31 localhost app-73: [AppBase] <> WARN  Exception fetching trial license. Ignoring...
Nov 23 18:13:31 localhost app-73:       java.lang.Exception: Unable to fetch trial license: java.net.SocketException: Network is unreachable (connect failed)
Nov 23 18:13:31 localhost app-73:       com.untangle.app.license.LicenseManagerImpl.requestTrialLicense(LicenseManagerImpl.java:499)
Nov 23 18:13:31 localhost app-73:       com.untangle.uvm.app.AppBase.init(AppBase.java:857)
Nov 23 18:13:31 localhost app-73:       com.untangle.uvm.app.AppBase.resumeState(AppBase.java:245)
Nov 23 18:13:31 localhost app-73:       com.untangle.uvm.app.AppBase.loadClass(AppBase.java:373)
Nov 23 18:13:31 localhost app-73:       com.untangle.uvm.AppManagerImpl$3.run(AppManagerImpl.java:1128)
Nov 23 18:13:31 localhost app-73:       com.untangle.uvm.UvmContextImpl$1.run(UvmContextImpl.java:654)
Nov 23 18:13:31 localhost app-73:       java.base/java.lang.Thread.run(Thread.java:834)
Nov 23 18:13:31 localhost app-73: [VirusBlockerBaseApp] <> INFO  Loading Settings...
Nov 23 18:13:31 localhost app-73: [AppBase] <> INFO  Starting   virus-blocker [73] ...
Nov 23 18:13:31 localhost app-73: [AppBase] <> INFO  Started    virus-blocker [73] ...
Nov 24 08:49:12 localhost app-73: [AppBase] <> INFO  No valid license for: virus-blocker
Nov 24 08:49:12 localhost app-73: [AppBase] <> INFO  Requesting trial for: virus-blocker
Nov 24 08:49:34 localhost app-73: [VirusBlockerBaseApp] <> INFO  Loading Settings...
Nov 24 08:49:34 localhost app-73: [AppBase] <> INFO  Starting   virus-blocker [73] ...
Nov 24 08:49:34 localhost app-73: [AppBase] <> INFO  Started    virus-blocker [73] ...
Nov 30 17:23:26 localhost app-73: [AppBase] <> INFO  Stopping   virus-blocker [73] ...
Nov 30 17:23:26 localhost app-73: [AppBase] <> INFO  Stopped    virus-blocker [73] ...
Dec  7 11:06:23 localhost app-73: [AppBase] <> INFO  No valid license for: virus-blocker
Dec  7 11:06:23 localhost app-73: [AppBase] <> INFO  Requesting trial for: virus-blocker
Dec  7 11:06:51 localhost app-73: [VirusBlockerBaseApp] <> INFO  Loading Settings...
Dec  7 11:06:51 localhost app-73: [AppBase] <> INFO  Starting   virus-blocker [73] ...
Dec  7 11:06:51 localhost app-73: [AppBase] <> INFO  Started    virus-blocker [73] ...
Dec  9 10:53:53 localhost app-73: [AppBase] <> INFO  No valid license for: virus-blocker
Dec  9 10:53:53 localhost app-73: [AppBase] <> INFO  Requesting trial for: virus-blocker
Dec  9 10:54:31 localhost app-73: [VirusBlockerBaseApp] <> INFO  Loading Settings...
Dec  9 10:54:31 localhost app-73: [AppBase] <> INFO  Starting   virus-blocker [73] ...
Dec  9 10:54:31 localhost app-73: [AppBase] <> INFO  Started    virus-blocker [73] ...
Dec  9 14:27:33 localhost app-73: [AppBase] <> INFO  No valid license for: virus-blocker
Dec  9 14:27:33 localhost app-73: [AppBase] <> INFO  Requesting trial for: virus-blocker
Dec  9 14:28:09 localhost app-73: [VirusBlockerBaseApp] <> INFO  Loading Settings...
Dec  9 14:28:09 localhost app-73: [AppBase] <> INFO  Starting   virus-blocker [73] ...
Dec  9 14:28:09 localhost app-73: [AppBase] <> INFO  Started    virus-blocker [73] ...
Dec  9 16:36:36 localhost app-73: [AppBase] <> INFO  Stopping   virus-blocker [73] ...
Dec  9 16:36:36 localhost app-73: [AppBase] <> INFO  Stopped    virus-blocker [73] ...
