Apr  6 15:55:43 localhost app-47: [UnblockedSitesMonitor] <> INFO  UnblockedSitesMonitor initializing
Apr  6 15:55:43 localhost app-47: [WebFilterBase] <> WARN  No settings found - Initializing new settings.
Apr  6 15:55:43 localhost app-47: [WebFilterBase] <> INFO  Adding Category: ( 0, Uncategorized, false, false )
Apr  6 15:55:43 localhost app-47: [WebFilterBase] <> INFO  Adding Category: ( 1, Real Estate, false, false )
Apr  6 15:55:43 localhost app-47: [WebFilterBase] <> INFO  Adding Category: ( 2, Computer and Internet Security, false, false )
Apr  6 15:55:43 localhost app-47: [WebFilterBase] <> INFO  Adding Category: ( 3, Financial Services, false, false )
Apr  6 15:55:43 localhost app-47: [WebFilterBase] <> INFO  Adding Category: ( 4, Business and Economy, false, false )
Apr  6 15:55:43 localhost app-47: [WebFilterBase] <> INFO  Adding Category: ( 5, Computer and Internet Info, false, false )
Apr  6 15:55:43 localhost app-47: [WebFilterBase] <> INFO  Adding Category: ( 6, Auctions, false, false )
Apr  6 15:55:43 localhost app-47: [WebFilterBase] <> INFO  Adding Category: ( 7, Shopping, false, false )
Apr  6 15:55:43 localhost app-47: [WebFilterBase] <> INFO  Adding Category: ( 8, Cult and Occult, false, false )
Apr  6 15:55:43 localhost app-47: [WebFilterBase] <> INFO  Adding Category: ( 9, Travel, false, false )
Apr  6 15:55:43 localhost app-47: [WebFilterBase] <> INFO  Adding Category: ( 10, Abused Drugs, false, false )
Apr  6 15:55:43 localhost app-47: [WebFilterBase] <> INFO  Adding Category: ( 11, Adult and Pornography, true, true )
Apr  6 15:55:43 localhost app-47: [WebFilterBase] <> INFO  Adding Category: ( 12, Home and Garden, false, false )
Apr  6 15:55:43 localhost app-47: [WebFilterBase] <> INFO  Adding Category: ( 13, Military, false, false )
Apr  6 15:55:43 localhost app-47: [WebFilterBase] <> INFO  Adding Category: ( 14, Social Networking, false, false )
Apr  6 15:55:43 localhost app-47: [WebFilterBase] <> INFO  Adding Category: ( 15, Dead Sites, false, false )
Apr  6 15:55:43 localhost app-47: [WebFilterBase] <> INFO  Adding Category: ( 16, Individual Stock Advice and Tools, false, false )
Apr  6 15:55:43 localhost app-47: [WebFilterBase] <> INFO  Adding Category: ( 17, Training and Tools, false, false )
Apr  6 15:55:43 localhost app-47: [WebFilterBase] <> INFO  Adding Category: ( 18, Dating, false, false )
Apr  6 15:55:43 localhost app-47: [WebFilterBase] <> INFO  Adding Category: ( 19, Sex Education, false, false )
Apr  6 15:55:43 localhost app-47: [WebFilterBase] <> INFO  Adding Category: ( 20, Religion, false, false )
Apr  6 15:55:43 localhost app-47: [WebFilterBase] <> INFO  Adding Category: ( 21, Entertainment and Arts, false, false )
Apr  6 15:55:43 localhost app-47: [WebFilterBase] <> INFO  Adding Category: ( 22, Personal sites and Blogs, false, false )
Apr  6 15:55:43 localhost app-47: [WebFilterBase] <> INFO  Adding Category: ( 23, Legal, false, false )
Apr  6 15:55:43 localhost app-47: [WebFilterBase] <> INFO  Adding Category: ( 24, Local Information, false, false )
Apr  6 15:55:43 localhost app-47: [WebFilterBase] <> INFO  Adding Category: ( 25, Streaming Media, false, false )
Apr  6 15:55:43 localhost app-47: [WebFilterBase] <> INFO  Adding Category: ( 26, Job Search, false, false )
Apr  6 15:55:43 localhost app-47: [WebFilterBase] <> INFO  Adding Category: ( 27, Gambling, false, false )
Apr  6 15:55:43 localhost app-47: [WebFilterBase] <> INFO  Adding Category: ( 28, Translation, false, false )
Apr  6 15:55:43 localhost app-47: [WebFilterBase] <> INFO  Adding Category: ( 29, Reference and Research, false, false )
Apr  6 15:55:43 localhost app-47: [WebFilterBase] <> INFO  Adding Category: ( 30, Shareware and Freeware, false, false )
Apr  6 15:55:43 localhost app-47: [WebFilterBase] <> INFO  Adding Category: ( 31, Peer to Peer, false, false )
Apr  6 15:55:43 localhost app-47: [WebFilterBase] <> INFO  Adding Category: ( 32, Marijuana, false, false )
Apr  6 15:55:43 localhost app-47: [WebFilterBase] <> INFO  Adding Category: ( 33, Hacking, false, false )
Apr  6 15:55:43 localhost app-47: [WebFilterBase] <> INFO  Adding Category: ( 34, Games, false, false )
Apr  6 15:55:43 localhost app-47: [WebFilterBase] <> INFO  Adding Category: ( 35, Philosophy and Political Advocacy, false, false )
Apr  6 15:55:43 localhost app-47: [WebFilterBase] <> INFO  Adding Category: ( 36, Weapons, false, false )
Apr  6 15:55:43 localhost app-47: [WebFilterBase] <> INFO  Adding Category: ( 37, Pay to Surf, false, false )
Apr  6 15:55:43 localhost app-47: [WebFilterBase] <> INFO  Adding Category: ( 38, Hunting and Fishing, false, false )
Apr  6 15:55:43 localhost app-47: [WebFilterBase] <> INFO  Adding Category: ( 39, Society, false, false )
Apr  6 15:55:43 localhost app-47: [WebFilterBase] <> INFO  Adding Category: ( 40, Educational Institutions, false, false )
Apr  6 15:55:43 localhost app-47: [WebFilterBase] <> INFO  Adding Category: ( 41, Online Greeting Cards, false, false )
Apr  6 15:55:43 localhost app-47: [WebFilterBase] <> INFO  Adding Category: ( 42, Sports, false, false )
Apr  6 15:55:43 localhost app-47: [WebFilterBase] <> INFO  Adding Category: ( 43, Swimsuits and Intimate Apparel, false, false )
Apr  6 15:55:43 localhost app-47: [WebFilterBase] <> INFO  Adding Category: ( 44, Questionable, true, true )
Apr  6 15:55:43 localhost app-47: [WebFilterBase] <> INFO  Adding Category: ( 45, Kids, false, false )
Apr  6 15:55:43 localhost app-47: [WebFilterBase] <> INFO  Adding Category: ( 46, Hate and Racism, false, false )
Apr  6 15:55:43 localhost app-47: [WebFilterBase] <> INFO  Adding Category: ( 47, Personal Storage, false, false )
Apr  6 15:55:43 localhost app-47: [WebFilterBase] <> INFO  Adding Category: ( 48, Violence, false, false )
Apr  6 15:55:43 localhost app-47: [WebFilterBase] <> INFO  Adding Category: ( 49, Keyloggers and Monitoring, true, true )
Apr  6 15:55:43 localhost app-47: [WebFilterBase] <> INFO  Adding Category: ( 50, Search Engines, false, false )
Apr  6 15:55:43 localhost app-47: [WebFilterBase] <> INFO  Adding Category: ( 51, Internet Portals, false, false )
Apr  6 15:55:43 localhost app-47: [WebFilterBase] <> INFO  Adding Category: ( 52, Web Advertisements, false, false )
Apr  6 15:55:43 localhost app-47: [WebFilterBase] <> INFO  Adding Category: ( 53, Cheating, false, false )
Apr  6 15:55:43 localhost app-47: [WebFilterBase] <> INFO  Adding Category: ( 54, Gross, false, false )
Apr  6 15:55:43 localhost app-47: [WebFilterBase] <> INFO  Adding Category: ( 55, Web-based Email, false, false )
Apr  6 15:55:43 localhost app-47: [WebFilterBase] <> INFO  Adding Category: ( 56, Malware Sites, true, true )
Apr  6 15:55:43 localhost app-47: [WebFilterBase] <> INFO  Adding Category: ( 57, Phishing and Other Frauds, true, true )
Apr  6 15:55:43 localhost app-47: [WebFilterBase] <> INFO  Adding Category: ( 58, Proxy Avoidance and Anonymizers, true, true )
Apr  6 15:55:43 localhost app-47: [WebFilterBase] <> INFO  Adding Category: ( 59, Spyware and Adware, true, true )
Apr  6 15:55:43 localhost app-47: [WebFilterBase] <> INFO  Adding Category: ( 60, Music, false, false )
Apr  6 15:55:43 localhost app-47: [WebFilterBase] <> INFO  Adding Category: ( 61, Government, false, false )
Apr  6 15:55:43 localhost app-47: [WebFilterBase] <> INFO  Adding Category: ( 62, Nudity, false, false )
Apr  6 15:55:43 localhost app-47: [WebFilterBase] <> INFO  Adding Category: ( 63, News and Media, false, false )
Apr  6 15:55:43 localhost app-47: [WebFilterBase] <> INFO  Adding Category: ( 64, Illegal, false, false )
Apr  6 15:55:43 localhost app-47: [WebFilterBase] <> INFO  Adding Category: ( 65, Content Delivery Networks, false, false )
Apr  6 15:55:43 localhost app-47: [WebFilterBase] <> INFO  Adding Category: ( 66, Internet Communications, false, false )
Apr  6 15:55:43 localhost app-47: [WebFilterBase] <> INFO  Adding Category: ( 67, Bot Nets, true, true )
Apr  6 15:55:43 localhost app-47: [WebFilterBase] <> INFO  Adding Category: ( 68, Abortion, false, false )
Apr  6 15:55:43 localhost app-47: [WebFilterBase] <> INFO  Adding Category: ( 69, Health and Medicine, false, false )
Apr  6 15:55:43 localhost app-47: [WebFilterBase] <> INFO  Adding Category: ( 71, SPAM URLs, false, false )
Apr  6 15:55:43 localhost app-47: [WebFilterBase] <> INFO  Adding Category: ( 74, Dynamically Generated Content, false, false )
Apr  6 15:55:43 localhost app-47: [WebFilterBase] <> INFO  Adding Category: ( 75, Parked Domains, false, false )
Apr  6 15:55:43 localhost app-47: [WebFilterBase] <> INFO  Adding Category: ( 76, Alcohol and Tobacco, false, false )
Apr  6 15:55:43 localhost app-47: [WebFilterBase] <> INFO  Adding Category: ( 78, Image and Video Search, false, false )
Apr  6 15:55:43 localhost app-47: [WebFilterBase] <> INFO  Adding Category: ( 79, Fashion and Beauty, false, false )
Apr  6 15:55:43 localhost app-47: [WebFilterBase] <> INFO  Adding Category: ( 80, Recreation and Hobbies, false, false )
Apr  6 15:55:43 localhost app-47: [WebFilterBase] <> INFO  Adding Category: ( 81, Motor Vehicles, false, false )
Apr  6 15:55:43 localhost app-47: [WebFilterBase] <> INFO  Adding Category: ( 82, Web Hosting, false, false )
Apr  6 15:55:43 localhost app-47: [AppBase] <> INFO  Starting   web-filter [47] ...
Apr  6 15:55:45 localhost app-47: [AppBase] <> INFO  Started    web-filter [47] ...
Apr  6 15:55:50 localhost app-47: [AppBase] <> INFO  Stopping   web-filter [47] ...
Apr  6 15:55:57 localhost app-47: [AppBase] <> INFO  Stopped    web-filter [47] ...
Apr  6 15:55:57 localhost app-47: [AppBase] <> INFO  Destroying web-filter [47] ...
Apr  6 15:55:57 localhost app-47: [AppBase] <> INFO  Destroyed  web-filter [47] ...
May 18 10:58:17 localhost app-47: [AdBlockerApp] <> INFO  Loading Filters...
May 18 10:58:17 localhost app-47: [AdBlockerApp] <> INFO  12901 url blocking rules loaded
May 18 10:58:17 localhost app-47: [AdBlockerApp] <> INFO  219 url passing rules loaded
May 18 10:58:19 localhost app-47: [AdBlockerApp] <> INFO  Loading Settings...
May 18 10:58:19 localhost app-47: [AppBase] <> INFO  Starting   ad-blocker [47] ...
May 18 10:58:19 localhost app-47: [AppBase] <> INFO  Started    ad-blocker [47] ...
May 18 10:59:15 localhost app-47: [AdBlockerApp] <> INFO  Reloading Filters...
May 18 10:59:15 localhost app-47: [AdBlockerApp] <> INFO  12901 url blocking rules loaded
May 18 10:59:15 localhost app-47: [AdBlockerApp] <> INFO  219 url passing rules loaded
May 18 10:59:16 localhost app-47: [AppBase] <> INFO  Stopping   ad-blocker [47] ...
May 18 10:59:16 localhost app-47: [AppBase] <> INFO  Stopped    ad-blocker [47] ...
May 18 10:59:16 localhost app-47: [AppBase] <> INFO  Destroying ad-blocker [47] ...
May 18 10:59:16 localhost app-47: [AppBase] <> INFO  Destroyed  ad-blocker [47] ...
Jul  8 14:50:25 localhost app-47: [PolicyManagerApp] <> INFO  Initializing Settings...
Jul  8 14:50:25 localhost app-47: [PolicyManagerApp] <> INFO  Loading Settings...
Jul  8 14:50:25 localhost app-47: [AppBase] <> INFO  Starting   policy-manager [47] ...
Jul  8 14:50:25 localhost app-47: [AppBase] <> INFO  Started    policy-manager [47] ...
Jul  8 14:55:50 localhost app-47: [PolicyManagerApp] <> INFO  Updating next policy ID
Jul 10 13:04:40 localhost app-47: [AppBase] <> INFO  Stopping   policy-manager [47] ...
Jul 10 13:04:40 localhost app-47: [AppBase] <> INFO  Stopped    policy-manager [47] ...
Jul 10 13:04:52 localhost app-47: [PolicyManagerApp] <> INFO  Loading Settings...
Jul 10 13:04:52 localhost app-47: [AppBase] <> INFO  Starting   policy-manager [47] ...
Jul 10 13:04:52 localhost app-47: [AppBase] <> INFO  Started    policy-manager [47] ...
Jul 10 13:06:22 localhost app-47: [AppBase] <> INFO  Stopping   policy-manager [47] ...
Jul 10 13:06:22 localhost app-47: [AppBase] <> INFO  Stopped    policy-manager [47] ...
Jul 10 13:06:33 localhost app-47: [PolicyManagerApp] <> INFO  Loading Settings...
Jul 10 13:06:33 localhost app-47: [AppBase] <> INFO  Starting   policy-manager [47] ...
Jul 10 13:06:33 localhost app-47: [AppBase] <> INFO  Started    policy-manager [47] ...
Jul 10 13:20:18 localhost app-47: [AppBase] <> INFO  Stopping   policy-manager [47] ...
Jul 10 13:20:18 localhost app-47: [AppBase] <> INFO  Stopped    policy-manager [47] ...
Jul 10 13:20:30 localhost app-47: [PolicyManagerApp] <> INFO  Loading Settings...
Jul 10 13:20:30 localhost app-47: [AppBase] <> INFO  Starting   policy-manager [47] ...
Jul 10 13:20:30 localhost app-47: [AppBase] <> INFO  Started    policy-manager [47] ...
Jul 10 14:00:39 localhost app-47: [AppBase] <> INFO  Stopping   policy-manager [47] ...
Jul 10 14:00:39 localhost app-47: [AppBase] <> INFO  Stopped    policy-manager [47] ...
Jul 10 14:00:50 localhost app-47: [PolicyManagerApp] <> INFO  Loading Settings...
Jul 10 14:00:50 localhost app-47: [AppBase] <> INFO  Starting   policy-manager [47] ...
Jul 10 14:00:50 localhost app-47: [AppBase] <> INFO  Started    policy-manager [47] ...
Jul 10 14:01:06 localhost app-47: [AppBase] <> INFO  Stopping   policy-manager [47] ...
Jul 10 14:01:06 localhost app-47: [AppBase] <> INFO  Stopped    policy-manager [47] ...
Jul 10 14:01:18 localhost app-47: [PolicyManagerApp] <> INFO  Loading Settings...
Jul 10 14:01:18 localhost app-47: [AppBase] <> INFO  Starting   policy-manager [47] ...
Jul 10 14:01:18 localhost app-47: [AppBase] <> INFO  Started    policy-manager [47] ...
Jul 10 14:59:26 localhost app-47: [AppBase] <> INFO  Stopping   policy-manager [47] ...
Jul 10 14:59:26 localhost app-47: [AppBase] <> INFO  Stopped    policy-manager [47] ...
Jul 10 14:59:38 localhost app-47: [PolicyManagerApp] <> INFO  Loading Settings...
Jul 10 14:59:38 localhost app-47: [AppBase] <> INFO  Starting   policy-manager [47] ...
Jul 10 14:59:38 localhost app-47: [AppBase] <> INFO  Started    policy-manager [47] ...
Jul 10 15:06:27 localhost app-47: [AppBase] <> INFO  Stopping   policy-manager [47] ...
Jul 10 15:06:27 localhost app-47: [AppBase] <> INFO  Stopped    policy-manager [47] ...
Jul 10 15:06:39 localhost app-47: [PolicyManagerApp] <> INFO  Loading Settings...
Jul 10 15:06:39 localhost app-47: [AppBase] <> INFO  Starting   policy-manager [47] ...
Jul 10 15:06:39 localhost app-47: [AppBase] <> INFO  Started    policy-manager [47] ...
Jul 13 09:00:12 localhost app-47: [AppBase] <> INFO  Stopping   policy-manager [47] ...
Jul 13 09:00:12 localhost app-47: [AppBase] <> INFO  Stopped    policy-manager [47] ...
Jul 13 09:00:24 localhost app-47: [PolicyManagerApp] <> INFO  Loading Settings...
Jul 13 09:00:24 localhost app-47: [AppBase] <> INFO  Starting   policy-manager [47] ...
Jul 13 09:00:24 localhost app-47: [AppBase] <> INFO  Started    policy-manager [47] ...
Jul 13 10:10:06 localhost app-47: [AppBase] <> INFO  Stopping   policy-manager [47] ...
Jul 13 10:10:06 localhost app-47: [AppBase] <> INFO  Stopped    policy-manager [47] ...
Jul 13 10:10:18 localhost app-47: [PolicyManagerApp] <> INFO  Loading Settings...
Jul 13 10:10:18 localhost app-47: [AppBase] <> INFO  Starting   policy-manager [47] ...
Jul 13 10:10:18 localhost app-47: [AppBase] <> INFO  Started    policy-manager [47] ...
Jul 13 15:19:12 localhost app-47: [AppBase] <> INFO  Stopping   policy-manager [47] ...
Jul 13 15:19:12 localhost app-47: [AppBase] <> INFO  Stopped    policy-manager [47] ...
Jul 13 15:19:24 localhost app-47: [PolicyManagerApp] <> INFO  Loading Settings...
Jul 13 15:19:24 localhost app-47: [AppBase] <> INFO  Starting   policy-manager [47] ...
Jul 13 15:19:24 localhost app-47: [AppBase] <> INFO  Started    policy-manager [47] ...
Jul 14 08:58:52 localhost app-47: [AppBase] <> INFO  Stopping   policy-manager [47] ...
Jul 14 08:58:52 localhost app-47: [AppBase] <> INFO  Stopped    policy-manager [47] ...
Jul 14 08:59:03 localhost app-47: [PolicyManagerApp] <> INFO  Loading Settings...
Jul 14 08:59:03 localhost app-47: [AppBase] <> INFO  Starting   policy-manager [47] ...
Jul 14 08:59:03 localhost app-47: [AppBase] <> INFO  Started    policy-manager [47] ...
Jul 14 09:08:17 localhost app-47: [AppBase] <> INFO  Stopping   policy-manager [47] ...
Jul 14 09:08:17 localhost app-47: [AppBase] <> INFO  Stopped    policy-manager [47] ...
Jul 14 09:08:28 localhost app-47: [PolicyManagerApp] <> INFO  Loading Settings...
Jul 14 09:08:28 localhost app-47: [AppBase] <> INFO  Starting   policy-manager [47] ...
Jul 14 09:08:28 localhost app-47: [AppBase] <> INFO  Started    policy-manager [47] ...
Jul 14 09:29:56 localhost app-47: [AppBase] <> INFO  Stopping   policy-manager [47] ...
Jul 14 09:29:56 localhost app-47: [AppBase] <> INFO  Stopped    policy-manager [47] ...
Jul 14 09:30:08 localhost app-47: [PolicyManagerApp] <> INFO  Loading Settings...
Jul 14 09:30:08 localhost app-47: [AppBase] <> INFO  Starting   policy-manager [47] ...
Jul 14 09:30:08 localhost app-47: [AppBase] <> INFO  Started    policy-manager [47] ...
Jul 14 10:05:44 localhost app-47: [AppBase] <> INFO  Stopping   policy-manager [47] ...
Jul 14 10:05:44 localhost app-47: [AppBase] <> INFO  Stopped    policy-manager [47] ...
Jul 14 10:05:56 localhost app-47: [PolicyManagerApp] <> INFO  Loading Settings...
Jul 14 10:05:56 localhost app-47: [AppBase] <> INFO  Starting   policy-manager [47] ...
Jul 14 10:05:56 localhost app-47: [AppBase] <> INFO  Started    policy-manager [47] ...
Jul 14 12:43:46 localhost app-47: [AppBase] <> INFO  Stopping   policy-manager [47] ...
Jul 14 12:43:46 localhost app-47: [AppBase] <> INFO  Stopped    policy-manager [47] ...
