Apr  6 19:20:09 localhost app-49: [UnblockedSitesMonitor] <> INFO  UnblockedSitesMonitor initializing
Apr  6 19:20:09 localhost app-49: [WebFilterBase] <> WARN  No settings found - Initializing new settings.
Apr  6 19:20:09 localhost app-49: [WebFilterBase] <> INFO  Adding Category: ( 0, Uncategorized, false, false )
Apr  6 19:20:09 localhost app-49: [WebFilterBase] <> INFO  Adding Category: ( 1, Real Estate, false, false )
Apr  6 19:20:09 localhost app-49: [WebFilterBase] <> INFO  Adding Category: ( 2, Computer and Internet Security, false, false )
Apr  6 19:20:09 localhost app-49: [WebFilterBase] <> INFO  Adding Category: ( 3, Financial Services, false, false )
Apr  6 19:20:09 localhost app-49: [WebFilterBase] <> INFO  Adding Category: ( 4, Business and Economy, false, false )
Apr  6 19:20:09 localhost app-49: [WebFilterBase] <> INFO  Adding Category: ( 5, Computer and Internet Info, false, false )
Apr  6 19:20:09 localhost app-49: [WebFilterBase] <> INFO  Adding Category: ( 6, Auctions, false, false )
Apr  6 19:20:09 localhost app-49: [WebFilterBase] <> INFO  Adding Category: ( 7, Shopping, false, false )
Apr  6 19:20:09 localhost app-49: [WebFilterBase] <> INFO  Adding Category: ( 8, Cult and Occult, false, false )
Apr  6 19:20:09 localhost app-49: [WebFilterBase] <> INFO  Adding Category: ( 9, Travel, false, false )
Apr  6 19:20:09 localhost app-49: [WebFilterBase] <> INFO  Adding Category: ( 10, Abused Drugs, false, false )
Apr  6 19:20:09 localhost app-49: [WebFilterBase] <> INFO  Adding Category: ( 11, Adult and Pornography, true, true )
Apr  6 19:20:09 localhost app-49: [WebFilterBase] <> INFO  Adding Category: ( 12, Home and Garden, false, false )
Apr  6 19:20:09 localhost app-49: [WebFilterBase] <> INFO  Adding Category: ( 13, Military, false, false )
Apr  6 19:20:09 localhost app-49: [WebFilterBase] <> INFO  Adding Category: ( 14, Social Networking, false, false )
Apr  6 19:20:09 localhost app-49: [WebFilterBase] <> INFO  Adding Category: ( 15, Dead Sites, false, false )
Apr  6 19:20:09 localhost app-49: [WebFilterBase] <> INFO  Adding Category: ( 16, Individual Stock Advice and Tools, false, false )
Apr  6 19:20:09 localhost app-49: [WebFilterBase] <> INFO  Adding Category: ( 17, Training and Tools, false, false )
Apr  6 19:20:09 localhost app-49: [WebFilterBase] <> INFO  Adding Category: ( 18, Dating, false, false )
Apr  6 19:20:09 localhost app-49: [WebFilterBase] <> INFO  Adding Category: ( 19, Sex Education, false, false )
Apr  6 19:20:09 localhost app-49: [WebFilterBase] <> INFO  Adding Category: ( 20, Religion, false, false )
Apr  6 19:20:09 localhost app-49: [WebFilterBase] <> INFO  Adding Category: ( 21, Entertainment and Arts, false, false )
Apr  6 19:20:09 localhost app-49: [WebFilterBase] <> INFO  Adding Category: ( 22, Personal sites and Blogs, false, false )
Apr  6 19:20:09 localhost app-49: [WebFilterBase] <> INFO  Adding Category: ( 23, Legal, false, false )
Apr  6 19:20:09 localhost app-49: [WebFilterBase] <> INFO  Adding Category: ( 24, Local Information, false, false )
Apr  6 19:20:09 localhost app-49: [WebFilterBase] <> INFO  Adding Category: ( 25, Streaming Media, false, false )
Apr  6 19:20:09 localhost app-49: [WebFilterBase] <> INFO  Adding Category: ( 26, Job Search, false, false )
Apr  6 19:20:09 localhost app-49: [WebFilterBase] <> INFO  Adding Category: ( 27, Gambling, false, false )
Apr  6 19:20:09 localhost app-49: [WebFilterBase] <> INFO  Adding Category: ( 28, Translation, false, false )
Apr  6 19:20:09 localhost app-49: [WebFilterBase] <> INFO  Adding Category: ( 29, Reference and Research, false, false )
Apr  6 19:20:09 localhost app-49: [WebFilterBase] <> INFO  Adding Category: ( 30, Shareware and Freeware, false, false )
Apr  6 19:20:09 localhost app-49: [WebFilterBase] <> INFO  Adding Category: ( 31, Peer to Peer, false, false )
Apr  6 19:20:09 localhost app-49: [WebFilterBase] <> INFO  Adding Category: ( 32, Marijuana, false, false )
Apr  6 19:20:09 localhost app-49: [WebFilterBase] <> INFO  Adding Category: ( 33, Hacking, false, false )
Apr  6 19:20:09 localhost app-49: [WebFilterBase] <> INFO  Adding Category: ( 34, Games, false, false )
Apr  6 19:20:09 localhost app-49: [WebFilterBase] <> INFO  Adding Category: ( 35, Philosophy and Political Advocacy, false, false )
Apr  6 19:20:09 localhost app-49: [WebFilterBase] <> INFO  Adding Category: ( 36, Weapons, false, false )
Apr  6 19:20:09 localhost app-49: [WebFilterBase] <> INFO  Adding Category: ( 37, Pay to Surf, false, false )
Apr  6 19:20:09 localhost app-49: [WebFilterBase] <> INFO  Adding Category: ( 38, Hunting and Fishing, false, false )
Apr  6 19:20:09 localhost app-49: [WebFilterBase] <> INFO  Adding Category: ( 39, Society, false, false )
Apr  6 19:20:09 localhost app-49: [WebFilterBase] <> INFO  Adding Category: ( 40, Educational Institutions, false, false )
Apr  6 19:20:09 localhost app-49: [WebFilterBase] <> INFO  Adding Category: ( 41, Online Greeting Cards, false, false )
Apr  6 19:20:09 localhost app-49: [WebFilterBase] <> INFO  Adding Category: ( 42, Sports, false, false )
Apr  6 19:20:09 localhost app-49: [WebFilterBase] <> INFO  Adding Category: ( 43, Swimsuits and Intimate Apparel, false, false )
Apr  6 19:20:09 localhost app-49: [WebFilterBase] <> INFO  Adding Category: ( 44, Questionable, true, true )
Apr  6 19:20:09 localhost app-49: [WebFilterBase] <> INFO  Adding Category: ( 45, Kids, false, false )
Apr  6 19:20:09 localhost app-49: [WebFilterBase] <> INFO  Adding Category: ( 46, Hate and Racism, false, false )
Apr  6 19:20:09 localhost app-49: [WebFilterBase] <> INFO  Adding Category: ( 47, Personal Storage, false, false )
Apr  6 19:20:09 localhost app-49: [WebFilterBase] <> INFO  Adding Category: ( 48, Violence, false, false )
Apr  6 19:20:09 localhost app-49: [WebFilterBase] <> INFO  Adding Category: ( 49, Keyloggers and Monitoring, true, true )
Apr  6 19:20:09 localhost app-49: [WebFilterBase] <> INFO  Adding Category: ( 50, Search Engines, false, false )
Apr  6 19:20:09 localhost app-49: [WebFilterBase] <> INFO  Adding Category: ( 51, Internet Portals, false, false )
Apr  6 19:20:09 localhost app-49: [WebFilterBase] <> INFO  Adding Category: ( 52, Web Advertisements, false, false )
Apr  6 19:20:09 localhost app-49: [WebFilterBase] <> INFO  Adding Category: ( 53, Cheating, false, false )
Apr  6 19:20:09 localhost app-49: [WebFilterBase] <> INFO  Adding Category: ( 54, Gross, false, false )
Apr  6 19:20:09 localhost app-49: [WebFilterBase] <> INFO  Adding Category: ( 55, Web-based Email, false, false )
Apr  6 19:20:09 localhost app-49: [WebFilterBase] <> INFO  Adding Category: ( 56, Malware Sites, true, true )
Apr  6 19:20:09 localhost app-49: [WebFilterBase] <> INFO  Adding Category: ( 57, Phishing and Other Frauds, true, true )
Apr  6 19:20:09 localhost app-49: [WebFilterBase] <> INFO  Adding Category: ( 58, Proxy Avoidance and Anonymizers, true, true )
Apr  6 19:20:09 localhost app-49: [WebFilterBase] <> INFO  Adding Category: ( 59, Spyware and Adware, true, true )
Apr  6 19:20:09 localhost app-49: [WebFilterBase] <> INFO  Adding Category: ( 60, Music, false, false )
Apr  6 19:20:09 localhost app-49: [WebFilterBase] <> INFO  Adding Category: ( 61, Government, false, false )
Apr  6 19:20:09 localhost app-49: [WebFilterBase] <> INFO  Adding Category: ( 62, Nudity, false, false )
Apr  6 19:20:09 localhost app-49: [WebFilterBase] <> INFO  Adding Category: ( 63, News and Media, false, false )
Apr  6 19:20:09 localhost app-49: [WebFilterBase] <> INFO  Adding Category: ( 64, Illegal, false, false )
Apr  6 19:20:09 localhost app-49: [WebFilterBase] <> INFO  Adding Category: ( 65, Content Delivery Networks, false, false )
Apr  6 19:20:09 localhost app-49: [WebFilterBase] <> INFO  Adding Category: ( 66, Internet Communications, false, false )
Apr  6 19:20:09 localhost app-49: [WebFilterBase] <> INFO  Adding Category: ( 67, Bot Nets, true, true )
Apr  6 19:20:09 localhost app-49: [WebFilterBase] <> INFO  Adding Category: ( 68, Abortion, false, false )
Apr  6 19:20:09 localhost app-49: [WebFilterBase] <> INFO  Adding Category: ( 69, Health and Medicine, false, false )
Apr  6 19:20:09 localhost app-49: [WebFilterBase] <> INFO  Adding Category: ( 71, SPAM URLs, false, false )
Apr  6 19:20:09 localhost app-49: [WebFilterBase] <> INFO  Adding Category: ( 74, Dynamically Generated Content, false, false )
Apr  6 19:20:09 localhost app-49: [WebFilterBase] <> INFO  Adding Category: ( 75, Parked Domains, false, false )
Apr  6 19:20:09 localhost app-49: [WebFilterBase] <> INFO  Adding Category: ( 76, Alcohol and Tobacco, false, false )
Apr  6 19:20:09 localhost app-49: [WebFilterBase] <> INFO  Adding Category: ( 78, Image and Video Search, false, false )
Apr  6 19:20:09 localhost app-49: [WebFilterBase] <> INFO  Adding Category: ( 79, Fashion and Beauty, false, false )
Apr  6 19:20:09 localhost app-49: [WebFilterBase] <> INFO  Adding Category: ( 80, Recreation and Hobbies, false, false )
Apr  6 19:20:09 localhost app-49: [WebFilterBase] <> INFO  Adding Category: ( 81, Motor Vehicles, false, false )
Apr  6 19:20:09 localhost app-49: [WebFilterBase] <> INFO  Adding Category: ( 82, Web Hosting, false, false )
Apr  6 19:20:09 localhost app-49: [AppBase] <> INFO  Starting   web-filter [49] ...
Apr  6 19:20:10 localhost app-49: [AppBase] <> INFO  Started    web-filter [49] ...
Apr  6 19:20:12 localhost app-49: [AppBase] <> INFO  Stopping   web-filter [49] ...
Apr  6 19:20:19 localhost app-49: [AppBase] <> INFO  Stopped    web-filter [49] ...
Apr  6 19:20:19 localhost app-49: [AppBase] <> INFO  Destroying web-filter [49] ...
Apr  6 19:20:19 localhost app-49: [AppBase] <> INFO  Destroyed  web-filter [49] ...
Apr  6 19:21:48 localhost app-49: [WebFilterBase] <> WARN  No settings found - Initializing new settings.
Apr  6 19:21:48 localhost app-49: [WebFilterBase] <> INFO  Adding Category: ( 0, Uncategorized, false, false )
Apr  6 19:21:48 localhost app-49: [WebFilterBase] <> INFO  Adding Category: ( 1, Real Estate, false, false )
Apr  6 19:21:48 localhost app-49: [WebFilterBase] <> INFO  Adding Category: ( 2, Computer and Internet Security, false, false )
Apr  6 19:21:48 localhost app-49: [WebFilterBase] <> INFO  Adding Category: ( 3, Financial Services, false, false )
Apr  6 19:21:48 localhost app-49: [WebFilterBase] <> INFO  Adding Category: ( 4, Business and Economy, false, false )
Apr  6 19:21:48 localhost app-49: [WebFilterBase] <> INFO  Adding Category: ( 5, Computer and Internet Info, false, false )
Apr  6 19:21:48 localhost app-49: [WebFilterBase] <> INFO  Adding Category: ( 6, Auctions, false, false )
Apr  6 19:21:48 localhost app-49: [WebFilterBase] <> INFO  Adding Category: ( 7, Shopping, false, false )
Apr  6 19:21:48 localhost app-49: [WebFilterBase] <> INFO  Adding Category: ( 8, Cult and Occult, false, false )
Apr  6 19:21:48 localhost app-49: [WebFilterBase] <> INFO  Adding Category: ( 9, Travel, false, false )
Apr  6 19:21:48 localhost app-49: [WebFilterBase] <> INFO  Adding Category: ( 10, Abused Drugs, false, false )
Apr  6 19:21:48 localhost app-49: [WebFilterBase] <> INFO  Adding Category: ( 11, Adult and Pornography, true, true )
Apr  6 19:21:48 localhost app-49: [WebFilterBase] <> INFO  Adding Category: ( 12, Home and Garden, false, false )
Apr  6 19:21:48 localhost app-49: [WebFilterBase] <> INFO  Adding Category: ( 13, Military, false, false )
Apr  6 19:21:48 localhost app-49: [WebFilterBase] <> INFO  Adding Category: ( 14, Social Networking, false, false )
Apr  6 19:21:48 localhost app-49: [WebFilterBase] <> INFO  Adding Category: ( 15, Dead Sites, false, false )
Apr  6 19:21:48 localhost app-49: [WebFilterBase] <> INFO  Adding Category: ( 16, Individual Stock Advice and Tools, false, false )
Apr  6 19:21:48 localhost app-49: [WebFilterBase] <> INFO  Adding Category: ( 17, Training and Tools, false, false )
Apr  6 19:21:48 localhost app-49: [WebFilterBase] <> INFO  Adding Category: ( 18, Dating, false, false )
Apr  6 19:21:48 localhost app-49: [WebFilterBase] <> INFO  Adding Category: ( 19, Sex Education, false, false )
Apr  6 19:21:48 localhost app-49: [WebFilterBase] <> INFO  Adding Category: ( 20, Religion, false, false )
Apr  6 19:21:48 localhost app-49: [WebFilterBase] <> INFO  Adding Category: ( 21, Entertainment and Arts, false, false )
Apr  6 19:21:48 localhost app-49: [WebFilterBase] <> INFO  Adding Category: ( 22, Personal sites and Blogs, false, false )
Apr  6 19:21:48 localhost app-49: [WebFilterBase] <> INFO  Adding Category: ( 23, Legal, false, false )
Apr  6 19:21:48 localhost app-49: [WebFilterBase] <> INFO  Adding Category: ( 24, Local Information, false, false )
Apr  6 19:21:48 localhost app-49: [WebFilterBase] <> INFO  Adding Category: ( 25, Streaming Media, false, false )
Apr  6 19:21:48 localhost app-49: [WebFilterBase] <> INFO  Adding Category: ( 26, Job Search, false, false )
Apr  6 19:21:48 localhost app-49: [WebFilterBase] <> INFO  Adding Category: ( 27, Gambling, false, false )
Apr  6 19:21:48 localhost app-49: [WebFilterBase] <> INFO  Adding Category: ( 28, Translation, false, false )
Apr  6 19:21:48 localhost app-49: [WebFilterBase] <> INFO  Adding Category: ( 29, Reference and Research, false, false )
Apr  6 19:21:48 localhost app-49: [WebFilterBase] <> INFO  Adding Category: ( 30, Shareware and Freeware, false, false )
Apr  6 19:21:48 localhost app-49: [WebFilterBase] <> INFO  Adding Category: ( 31, Peer to Peer, false, false )
Apr  6 19:21:48 localhost app-49: [WebFilterBase] <> INFO  Adding Category: ( 32, Marijuana, false, false )
Apr  6 19:21:48 localhost app-49: [WebFilterBase] <> INFO  Adding Category: ( 33, Hacking, false, false )
Apr  6 19:21:48 localhost app-49: [WebFilterBase] <> INFO  Adding Category: ( 34, Games, false, false )
Apr  6 19:21:48 localhost app-49: [WebFilterBase] <> INFO  Adding Category: ( 35, Philosophy and Political Advocacy, false, false )
Apr  6 19:21:48 localhost app-49: [WebFilterBase] <> INFO  Adding Category: ( 36, Weapons, false, false )
Apr  6 19:21:48 localhost app-49: [WebFilterBase] <> INFO  Adding Category: ( 37, Pay to Surf, false, false )
Apr  6 19:21:48 localhost app-49: [WebFilterBase] <> INFO  Adding Category: ( 38, Hunting and Fishing, false, false )
Apr  6 19:21:48 localhost app-49: [WebFilterBase] <> INFO  Adding Category: ( 39, Society, false, false )
Apr  6 19:21:48 localhost app-49: [WebFilterBase] <> INFO  Adding Category: ( 40, Educational Institutions, false, false )
Apr  6 19:21:48 localhost app-49: [WebFilterBase] <> INFO  Adding Category: ( 41, Online Greeting Cards, false, false )
Apr  6 19:21:48 localhost app-49: [WebFilterBase] <> INFO  Adding Category: ( 42, Sports, false, false )
Apr  6 19:21:48 localhost app-49: [WebFilterBase] <> INFO  Adding Category: ( 43, Swimsuits and Intimate Apparel, false, false )
Apr  6 19:21:48 localhost app-49: [WebFilterBase] <> INFO  Adding Category: ( 44, Questionable, true, true )
Apr  6 19:21:48 localhost app-49: [WebFilterBase] <> INFO  Adding Category: ( 45, Kids, false, false )
Apr  6 19:21:48 localhost app-49: [WebFilterBase] <> INFO  Adding Category: ( 46, Hate and Racism, false, false )
Apr  6 19:21:48 localhost app-49: [WebFilterBase] <> INFO  Adding Category: ( 47, Personal Storage, false, false )
Apr  6 19:21:48 localhost app-49: [WebFilterBase] <> INFO  Adding Category: ( 48, Violence, false, false )
Apr  6 19:21:48 localhost app-49: [WebFilterBase] <> INFO  Adding Category: ( 49, Keyloggers and Monitoring, true, true )
Apr  6 19:21:48 localhost app-49: [WebFilterBase] <> INFO  Adding Category: ( 50, Search Engines, false, false )
Apr  6 19:21:48 localhost app-49: [WebFilterBase] <> INFO  Adding Category: ( 51, Internet Portals, false, false )
Apr  6 19:21:48 localhost app-49: [WebFilterBase] <> INFO  Adding Category: ( 52, Web Advertisements, false, false )
Apr  6 19:21:48 localhost app-49: [WebFilterBase] <> INFO  Adding Category: ( 53, Cheating, false, false )
Apr  6 19:21:48 localhost app-49: [WebFilterBase] <> INFO  Adding Category: ( 54, Gross, false, false )
Apr  6 19:21:48 localhost app-49: [WebFilterBase] <> INFO  Adding Category: ( 55, Web-based Email, false, false )
Apr  6 19:21:48 localhost app-49: [WebFilterBase] <> INFO  Adding Category: ( 56, Malware Sites, true, true )
Apr  6 19:21:48 localhost app-49: [WebFilterBase] <> INFO  Adding Category: ( 57, Phishing and Other Frauds, true, true )
Apr  6 19:21:48 localhost app-49: [WebFilterBase] <> INFO  Adding Category: ( 58, Proxy Avoidance and Anonymizers, true, true )
Apr  6 19:21:48 localhost app-49: [WebFilterBase] <> INFO  Adding Category: ( 59, Spyware and Adware, true, true )
Apr  6 19:21:48 localhost app-49: [WebFilterBase] <> INFO  Adding Category: ( 60, Music, false, false )
Apr  6 19:21:48 localhost app-49: [WebFilterBase] <> INFO  Adding Category: ( 61, Government, false, false )
Apr  6 19:21:48 localhost app-49: [WebFilterBase] <> INFO  Adding Category: ( 62, Nudity, false, false )
Apr  6 19:21:48 localhost app-49: [WebFilterBase] <> INFO  Adding Category: ( 63, News and Media, false, false )
Apr  6 19:21:48 localhost app-49: [WebFilterBase] <> INFO  Adding Category: ( 64, Illegal, false, false )
Apr  6 19:21:48 localhost app-49: [WebFilterBase] <> INFO  Adding Category: ( 65, Content Delivery Networks, false, false )
Apr  6 19:21:48 localhost app-49: [WebFilterBase] <> INFO  Adding Category: ( 66, Internet Communications, false, false )
Apr  6 19:21:48 localhost app-49: [WebFilterBase] <> INFO  Adding Category: ( 67, Bot Nets, true, true )
Apr  6 19:21:48 localhost app-49: [WebFilterBase] <> INFO  Adding Category: ( 68, Abortion, false, false )
Apr  6 19:21:48 localhost app-49: [WebFilterBase] <> INFO  Adding Category: ( 69, Health and Medicine, false, false )
Apr  6 19:21:48 localhost app-49: [WebFilterBase] <> INFO  Adding Category: ( 71, SPAM URLs, false, false )
Apr  6 19:21:48 localhost app-49: [WebFilterBase] <> INFO  Adding Category: ( 74, Dynamically Generated Content, false, false )
Apr  6 19:21:48 localhost app-49: [WebFilterBase] <> INFO  Adding Category: ( 75, Parked Domains, false, false )
Apr  6 19:21:48 localhost app-49: [WebFilterBase] <> INFO  Adding Category: ( 76, Alcohol and Tobacco, false, false )
Apr  6 19:21:48 localhost app-49: [WebFilterBase] <> INFO  Adding Category: ( 78, Image and Video Search, false, false )
Apr  6 19:21:48 localhost app-49: [WebFilterBase] <> INFO  Adding Category: ( 79, Fashion and Beauty, false, false )
Apr  6 19:21:48 localhost app-49: [WebFilterBase] <> INFO  Adding Category: ( 80, Recreation and Hobbies, false, false )
Apr  6 19:21:48 localhost app-49: [WebFilterBase] <> INFO  Adding Category: ( 81, Motor Vehicles, false, false )
Apr  6 19:21:48 localhost app-49: [WebFilterBase] <> INFO  Adding Category: ( 82, Web Hosting, false, false )
Apr  6 19:22:33 localhost app-49: [WebFilterBase] <> WARN  No settings found - Initializing new settings.
Apr  6 19:22:33 localhost app-49: [WebFilterBase] <> INFO  Adding Category: ( 0, Uncategorized, false, false )
Apr  6 19:22:33 localhost app-49: [WebFilterBase] <> INFO  Adding Category: ( 1, Real Estate, false, false )
Apr  6 19:22:33 localhost app-49: [WebFilterBase] <> INFO  Adding Category: ( 2, Computer and Internet Security, false, false )
Apr  6 19:22:33 localhost app-49: [WebFilterBase] <> INFO  Adding Category: ( 3, Financial Services, false, false )
Apr  6 19:22:33 localhost app-49: [WebFilterBase] <> INFO  Adding Category: ( 4, Business and Economy, false, false )
Apr  6 19:22:33 localhost app-49: [WebFilterBase] <> INFO  Adding Category: ( 5, Computer and Internet Info, false, false )
Apr  6 19:22:33 localhost app-49: [WebFilterBase] <> INFO  Adding Category: ( 6, Auctions, false, false )
Apr  6 19:22:33 localhost app-49: [WebFilterBase] <> INFO  Adding Category: ( 7, Shopping, false, false )
Apr  6 19:22:33 localhost app-49: [WebFilterBase] <> INFO  Adding Category: ( 8, Cult and Occult, false, false )
Apr  6 19:22:33 localhost app-49: [WebFilterBase] <> INFO  Adding Category: ( 9, Travel, false, false )
Apr  6 19:22:33 localhost app-49: [WebFilterBase] <> INFO  Adding Category: ( 10, Abused Drugs, false, false )
Apr  6 19:22:33 localhost app-49: [WebFilterBase] <> INFO  Adding Category: ( 11, Adult and Pornography, true, true )
Apr  6 19:22:33 localhost app-49: [WebFilterBase] <> INFO  Adding Category: ( 12, Home and Garden, false, false )
Apr  6 19:22:33 localhost app-49: [WebFilterBase] <> INFO  Adding Category: ( 13, Military, false, false )
Apr  6 19:22:33 localhost app-49: [WebFilterBase] <> INFO  Adding Category: ( 14, Social Networking, false, false )
Apr  6 19:22:33 localhost app-49: [WebFilterBase] <> INFO  Adding Category: ( 15, Dead Sites, false, false )
Apr  6 19:22:33 localhost app-49: [WebFilterBase] <> INFO  Adding Category: ( 16, Individual Stock Advice and Tools, false, false )
Apr  6 19:22:33 localhost app-49: [WebFilterBase] <> INFO  Adding Category: ( 17, Training and Tools, false, false )
Apr  6 19:22:33 localhost app-49: [WebFilterBase] <> INFO  Adding Category: ( 18, Dating, false, false )
Apr  6 19:22:33 localhost app-49: [WebFilterBase] <> INFO  Adding Category: ( 19, Sex Education, false, false )
Apr  6 19:22:33 localhost app-49: [WebFilterBase] <> INFO  Adding Category: ( 20, Religion, false, false )
Apr  6 19:22:33 localhost app-49: [WebFilterBase] <> INFO  Adding Category: ( 21, Entertainment and Arts, false, false )
Apr  6 19:22:33 localhost app-49: [WebFilterBase] <> INFO  Adding Category: ( 22, Personal sites and Blogs, false, false )
Apr  6 19:22:33 localhost app-49: [WebFilterBase] <> INFO  Adding Category: ( 23, Legal, false, false )
Apr  6 19:22:33 localhost app-49: [WebFilterBase] <> INFO  Adding Category: ( 24, Local Information, false, false )
Apr  6 19:22:33 localhost app-49: [WebFilterBase] <> INFO  Adding Category: ( 25, Streaming Media, false, false )
Apr  6 19:22:33 localhost app-49: [WebFilterBase] <> INFO  Adding Category: ( 26, Job Search, false, false )
Apr  6 19:22:33 localhost app-49: [WebFilterBase] <> INFO  Adding Category: ( 27, Gambling, false, false )
Apr  6 19:22:33 localhost app-49: [WebFilterBase] <> INFO  Adding Category: ( 28, Translation, false, false )
Apr  6 19:22:33 localhost app-49: [WebFilterBase] <> INFO  Adding Category: ( 29, Reference and Research, false, false )
Apr  6 19:22:33 localhost app-49: [WebFilterBase] <> INFO  Adding Category: ( 30, Shareware and Freeware, false, false )
Apr  6 19:22:33 localhost app-49: [WebFilterBase] <> INFO  Adding Category: ( 31, Peer to Peer, false, false )
Apr  6 19:22:33 localhost app-49: [WebFilterBase] <> INFO  Adding Category: ( 32, Marijuana, false, false )
Apr  6 19:22:33 localhost app-49: [WebFilterBase] <> INFO  Adding Category: ( 33, Hacking, false, false )
Apr  6 19:22:33 localhost app-49: [WebFilterBase] <> INFO  Adding Category: ( 34, Games, false, false )
Apr  6 19:22:33 localhost app-49: [WebFilterBase] <> INFO  Adding Category: ( 35, Philosophy and Political Advocacy, false, false )
Apr  6 19:22:33 localhost app-49: [WebFilterBase] <> INFO  Adding Category: ( 36, Weapons, false, false )
Apr  6 19:22:33 localhost app-49: [WebFilterBase] <> INFO  Adding Category: ( 37, Pay to Surf, false, false )
Apr  6 19:22:33 localhost app-49: [WebFilterBase] <> INFO  Adding Category: ( 38, Hunting and Fishing, false, false )
Apr  6 19:22:33 localhost app-49: [WebFilterBase] <> INFO  Adding Category: ( 39, Society, false, false )
Apr  6 19:22:33 localhost app-49: [WebFilterBase] <> INFO  Adding Category: ( 40, Educational Institutions, false, false )
Apr  6 19:22:33 localhost app-49: [WebFilterBase] <> INFO  Adding Category: ( 41, Online Greeting Cards, false, false )
Apr  6 19:22:33 localhost app-49: [WebFilterBase] <> INFO  Adding Category: ( 42, Sports, false, false )
Apr  6 19:22:33 localhost app-49: [WebFilterBase] <> INFO  Adding Category: ( 43, Swimsuits and Intimate Apparel, false, false )
Apr  6 19:22:33 localhost app-49: [WebFilterBase] <> INFO  Adding Category: ( 44, Questionable, true, true )
Apr  6 19:22:33 localhost app-49: [WebFilterBase] <> INFO  Adding Category: ( 45, Kids, false, false )
Apr  6 19:22:33 localhost app-49: [WebFilterBase] <> INFO  Adding Category: ( 46, Hate and Racism, false, false )
Apr  6 19:22:33 localhost app-49: [WebFilterBase] <> INFO  Adding Category: ( 47, Personal Storage, false, false )
Apr  6 19:22:33 localhost app-49: [WebFilterBase] <> INFO  Adding Category: ( 48, Violence, false, false )
Apr  6 19:22:33 localhost app-49: [WebFilterBase] <> INFO  Adding Category: ( 49, Keyloggers and Monitoring, true, true )
Apr  6 19:22:33 localhost app-49: [WebFilterBase] <> INFO  Adding Category: ( 50, Search Engines, false, false )
Apr  6 19:22:33 localhost app-49: [WebFilterBase] <> INFO  Adding Category: ( 51, Internet Portals, false, false )
Apr  6 19:22:33 localhost app-49: [WebFilterBase] <> INFO  Adding Category: ( 52, Web Advertisements, false, false )
Apr  6 19:22:33 localhost app-49: [WebFilterBase] <> INFO  Adding Category: ( 53, Cheating, false, false )
Apr  6 19:22:33 localhost app-49: [WebFilterBase] <> INFO  Adding Category: ( 54, Gross, false, false )
Apr  6 19:22:33 localhost app-49: [WebFilterBase] <> INFO  Adding Category: ( 55, Web-based Email, false, false )
Apr  6 19:22:33 localhost app-49: [WebFilterBase] <> INFO  Adding Category: ( 56, Malware Sites, true, true )
Apr  6 19:22:33 localhost app-49: [WebFilterBase] <> INFO  Adding Category: ( 57, Phishing and Other Frauds, true, true )
Apr  6 19:22:33 localhost app-49: [WebFilterBase] <> INFO  Adding Category: ( 58, Proxy Avoidance and Anonymizers, true, true )
Apr  6 19:22:33 localhost app-49: [WebFilterBase] <> INFO  Adding Category: ( 59, Spyware and Adware, true, true )
Apr  6 19:22:33 localhost app-49: [WebFilterBase] <> INFO  Adding Category: ( 60, Music, false, false )
Apr  6 19:22:33 localhost app-49: [WebFilterBase] <> INFO  Adding Category: ( 61, Government, false, false )
Apr  6 19:22:33 localhost app-49: [WebFilterBase] <> INFO  Adding Category: ( 62, Nudity, false, false )
Apr  6 19:22:33 localhost app-49: [WebFilterBase] <> INFO  Adding Category: ( 63, News and Media, false, false )
Apr  6 19:22:33 localhost app-49: [WebFilterBase] <> INFO  Adding Category: ( 64, Illegal, false, false )
Apr  6 19:22:33 localhost app-49: [WebFilterBase] <> INFO  Adding Category: ( 65, Content Delivery Networks, false, false )
Apr  6 19:22:33 localhost app-49: [WebFilterBase] <> INFO  Adding Category: ( 66, Internet Communications, false, false )
Apr  6 19:22:33 localhost app-49: [WebFilterBase] <> INFO  Adding Category: ( 67, Bot Nets, true, true )
Apr  6 19:22:33 localhost app-49: [WebFilterBase] <> INFO  Adding Category: ( 68, Abortion, false, false )
Apr  6 19:22:33 localhost app-49: [WebFilterBase] <> INFO  Adding Category: ( 69, Health and Medicine, false, false )
Apr  6 19:22:33 localhost app-49: [WebFilterBase] <> INFO  Adding Category: ( 71, SPAM URLs, false, false )
Apr  6 19:22:33 localhost app-49: [WebFilterBase] <> INFO  Adding Category: ( 74, Dynamically Generated Content, false, false )
Apr  6 19:22:33 localhost app-49: [WebFilterBase] <> INFO  Adding Category: ( 75, Parked Domains, false, false )
Apr  6 19:22:33 localhost app-49: [WebFilterBase] <> INFO  Adding Category: ( 76, Alcohol and Tobacco, false, false )
Apr  6 19:22:33 localhost app-49: [WebFilterBase] <> INFO  Adding Category: ( 78, Image and Video Search, false, false )
Apr  6 19:22:33 localhost app-49: [WebFilterBase] <> INFO  Adding Category: ( 79, Fashion and Beauty, false, false )
Apr  6 19:22:33 localhost app-49: [WebFilterBase] <> INFO  Adding Category: ( 80, Recreation and Hobbies, false, false )
Apr  6 19:22:33 localhost app-49: [WebFilterBase] <> INFO  Adding Category: ( 81, Motor Vehicles, false, false )
Apr  6 19:22:33 localhost app-49: [WebFilterBase] <> INFO  Adding Category: ( 82, Web Hosting, false, false )
Apr  6 19:23:34 localhost app-49: [WebFilterBase] <> WARN  No settings found - Initializing new settings.
Apr  6 19:23:34 localhost app-49: [WebFilterBase] <> INFO  Adding Category: ( 0, Uncategorized, false, false )
Apr  6 19:23:34 localhost app-49: [WebFilterBase] <> INFO  Adding Category: ( 1, Real Estate, false, false )
Apr  6 19:23:34 localhost app-49: [WebFilterBase] <> INFO  Adding Category: ( 2, Computer and Internet Security, false, false )
Apr  6 19:23:34 localhost app-49: [WebFilterBase] <> INFO  Adding Category: ( 3, Financial Services, false, false )
Apr  6 19:23:34 localhost app-49: [WebFilterBase] <> INFO  Adding Category: ( 4, Business and Economy, false, false )
Apr  6 19:23:34 localhost app-49: [WebFilterBase] <> INFO  Adding Category: ( 5, Computer and Internet Info, false, false )
Apr  6 19:23:34 localhost app-49: [WebFilterBase] <> INFO  Adding Category: ( 6, Auctions, false, false )
Apr  6 19:23:34 localhost app-49: [WebFilterBase] <> INFO  Adding Category: ( 7, Shopping, false, false )
Apr  6 19:23:34 localhost app-49: [WebFilterBase] <> INFO  Adding Category: ( 8, Cult and Occult, false, false )
Apr  6 19:23:34 localhost app-49: [WebFilterBase] <> INFO  Adding Category: ( 9, Travel, false, false )
Apr  6 19:23:34 localhost app-49: [WebFilterBase] <> INFO  Adding Category: ( 10, Abused Drugs, false, false )
Apr  6 19:23:34 localhost app-49: [WebFilterBase] <> INFO  Adding Category: ( 11, Adult and Pornography, true, true )
Apr  6 19:23:34 localhost app-49: [WebFilterBase] <> INFO  Adding Category: ( 12, Home and Garden, false, false )
Apr  6 19:23:34 localhost app-49: [WebFilterBase] <> INFO  Adding Category: ( 13, Military, false, false )
Apr  6 19:23:34 localhost app-49: [WebFilterBase] <> INFO  Adding Category: ( 14, Social Networking, false, false )
Apr  6 19:23:34 localhost app-49: [WebFilterBase] <> INFO  Adding Category: ( 15, Dead Sites, false, false )
Apr  6 19:23:34 localhost app-49: [WebFilterBase] <> INFO  Adding Category: ( 16, Individual Stock Advice and Tools, false, false )
Apr  6 19:23:34 localhost app-49: [WebFilterBase] <> INFO  Adding Category: ( 17, Training and Tools, false, false )
Apr  6 19:23:34 localhost app-49: [WebFilterBase] <> INFO  Adding Category: ( 18, Dating, false, false )
Apr  6 19:23:34 localhost app-49: [WebFilterBase] <> INFO  Adding Category: ( 19, Sex Education, false, false )
Apr  6 19:23:34 localhost app-49: [WebFilterBase] <> INFO  Adding Category: ( 20, Religion, false, false )
Apr  6 19:23:34 localhost app-49: [WebFilterBase] <> INFO  Adding Category: ( 21, Entertainment and Arts, false, false )
Apr  6 19:23:34 localhost app-49: [WebFilterBase] <> INFO  Adding Category: ( 22, Personal sites and Blogs, false, false )
Apr  6 19:23:34 localhost app-49: [WebFilterBase] <> INFO  Adding Category: ( 23, Legal, false, false )
Apr  6 19:23:34 localhost app-49: [WebFilterBase] <> INFO  Adding Category: ( 24, Local Information, false, false )
Apr  6 19:23:34 localhost app-49: [WebFilterBase] <> INFO  Adding Category: ( 25, Streaming Media, false, false )
Apr  6 19:23:34 localhost app-49: [WebFilterBase] <> INFO  Adding Category: ( 26, Job Search, false, false )
Apr  6 19:23:34 localhost app-49: [WebFilterBase] <> INFO  Adding Category: ( 27, Gambling, false, false )
Apr  6 19:23:34 localhost app-49: [WebFilterBase] <> INFO  Adding Category: ( 28, Translation, false, false )
Apr  6 19:23:34 localhost app-49: [WebFilterBase] <> INFO  Adding Category: ( 29, Reference and Research, false, false )
Apr  6 19:23:34 localhost app-49: [WebFilterBase] <> INFO  Adding Category: ( 30, Shareware and Freeware, false, false )
Apr  6 19:23:34 localhost app-49: [WebFilterBase] <> INFO  Adding Category: ( 31, Peer to Peer, false, false )
Apr  6 19:23:34 localhost app-49: [WebFilterBase] <> INFO  Adding Category: ( 32, Marijuana, false, false )
Apr  6 19:23:34 localhost app-49: [WebFilterBase] <> INFO  Adding Category: ( 33, Hacking, false, false )
Apr  6 19:23:34 localhost app-49: [WebFilterBase] <> INFO  Adding Category: ( 34, Games, false, false )
Apr  6 19:23:34 localhost app-49: [WebFilterBase] <> INFO  Adding Category: ( 35, Philosophy and Political Advocacy, false, false )
Apr  6 19:23:34 localhost app-49: [WebFilterBase] <> INFO  Adding Category: ( 36, Weapons, false, false )
Apr  6 19:23:34 localhost app-49: [WebFilterBase] <> INFO  Adding Category: ( 37, Pay to Surf, false, false )
Apr  6 19:23:34 localhost app-49: [WebFilterBase] <> INFO  Adding Category: ( 38, Hunting and Fishing, false, false )
Apr  6 19:23:34 localhost app-49: [WebFilterBase] <> INFO  Adding Category: ( 39, Society, false, false )
Apr  6 19:23:34 localhost app-49: [WebFilterBase] <> INFO  Adding Category: ( 40, Educational Institutions, false, false )
Apr  6 19:23:34 localhost app-49: [WebFilterBase] <> INFO  Adding Category: ( 41, Online Greeting Cards, false, false )
Apr  6 19:23:34 localhost app-49: [WebFilterBase] <> INFO  Adding Category: ( 42, Sports, false, false )
Apr  6 19:23:34 localhost app-49: [WebFilterBase] <> INFO  Adding Category: ( 43, Swimsuits and Intimate Apparel, false, false )
Apr  6 19:23:34 localhost app-49: [WebFilterBase] <> INFO  Adding Category: ( 44, Questionable, true, true )
Apr  6 19:23:34 localhost app-49: [WebFilterBase] <> INFO  Adding Category: ( 45, Kids, false, false )
Apr  6 19:23:34 localhost app-49: [WebFilterBase] <> INFO  Adding Category: ( 46, Hate and Racism, false, false )
Apr  6 19:23:34 localhost app-49: [WebFilterBase] <> INFO  Adding Category: ( 47, Personal Storage, false, false )
Apr  6 19:23:34 localhost app-49: [WebFilterBase] <> INFO  Adding Category: ( 48, Violence, false, false )
Apr  6 19:23:34 localhost app-49: [WebFilterBase] <> INFO  Adding Category: ( 49, Keyloggers and Monitoring, true, true )
Apr  6 19:23:34 localhost app-49: [WebFilterBase] <> INFO  Adding Category: ( 50, Search Engines, false, false )
Apr  6 19:23:34 localhost app-49: [WebFilterBase] <> INFO  Adding Category: ( 51, Internet Portals, false, false )
Apr  6 19:23:34 localhost app-49: [WebFilterBase] <> INFO  Adding Category: ( 52, Web Advertisements, false, false )
Apr  6 19:23:34 localhost app-49: [WebFilterBase] <> INFO  Adding Category: ( 53, Cheating, false, false )
Apr  6 19:23:34 localhost app-49: [WebFilterBase] <> INFO  Adding Category: ( 54, Gross, false, false )
Apr  6 19:23:34 localhost app-49: [WebFilterBase] <> INFO  Adding Category: ( 55, Web-based Email, false, false )
Apr  6 19:23:34 localhost app-49: [WebFilterBase] <> INFO  Adding Category: ( 56, Malware Sites, true, true )
Apr  6 19:23:34 localhost app-49: [WebFilterBase] <> INFO  Adding Category: ( 57, Phishing and Other Frauds, true, true )
Apr  6 19:23:34 localhost app-49: [WebFilterBase] <> INFO  Adding Category: ( 58, Proxy Avoidance and Anonymizers, true, true )
Apr  6 19:23:34 localhost app-49: [WebFilterBase] <> INFO  Adding Category: ( 59, Spyware and Adware, true, true )
Apr  6 19:23:34 localhost app-49: [WebFilterBase] <> INFO  Adding Category: ( 60, Music, false, false )
Apr  6 19:23:34 localhost app-49: [WebFilterBase] <> INFO  Adding Category: ( 61, Government, false, false )
Apr  6 19:23:34 localhost app-49: [WebFilterBase] <> INFO  Adding Category: ( 62, Nudity, false, false )
Apr  6 19:23:34 localhost app-49: [WebFilterBase] <> INFO  Adding Category: ( 63, News and Media, false, false )
Apr  6 19:23:34 localhost app-49: [WebFilterBase] <> INFO  Adding Category: ( 64, Illegal, false, false )
Apr  6 19:23:34 localhost app-49: [WebFilterBase] <> INFO  Adding Category: ( 65, Content Delivery Networks, false, false )
Apr  6 19:23:34 localhost app-49: [WebFilterBase] <> INFO  Adding Category: ( 66, Internet Communications, false, false )
Apr  6 19:23:34 localhost app-49: [WebFilterBase] <> INFO  Adding Category: ( 67, Bot Nets, true, true )
Apr  6 19:23:34 localhost app-49: [WebFilterBase] <> INFO  Adding Category: ( 68, Abortion, false, false )
Apr  6 19:23:34 localhost app-49: [WebFilterBase] <> INFO  Adding Category: ( 69, Health and Medicine, false, false )
Apr  6 19:23:34 localhost app-49: [WebFilterBase] <> INFO  Adding Category: ( 71, SPAM URLs, false, false )
Apr  6 19:23:34 localhost app-49: [WebFilterBase] <> INFO  Adding Category: ( 74, Dynamically Generated Content, false, false )
Apr  6 19:23:34 localhost app-49: [WebFilterBase] <> INFO  Adding Category: ( 75, Parked Domains, false, false )
Apr  6 19:23:34 localhost app-49: [WebFilterBase] <> INFO  Adding Category: ( 76, Alcohol and Tobacco, false, false )
Apr  6 19:23:34 localhost app-49: [WebFilterBase] <> INFO  Adding Category: ( 78, Image and Video Search, false, false )
Apr  6 19:23:34 localhost app-49: [WebFilterBase] <> INFO  Adding Category: ( 79, Fashion and Beauty, false, false )
Apr  6 19:23:34 localhost app-49: [WebFilterBase] <> INFO  Adding Category: ( 80, Recreation and Hobbies, false, false )
Apr  6 19:23:34 localhost app-49: [WebFilterBase] <> INFO  Adding Category: ( 81, Motor Vehicles, false, false )
Apr  6 19:23:34 localhost app-49: [WebFilterBase] <> INFO  Adding Category: ( 82, Web Hosting, false, false )
Apr  6 19:25:07 localhost app-49: [WebFilterBase] <> WARN  No settings found - Initializing new settings.
Apr  6 19:25:07 localhost app-49: [WebFilterBase] <> INFO  Adding Category: ( 0, Uncategorized, false, false )
Apr  6 19:25:07 localhost app-49: [WebFilterBase] <> INFO  Adding Category: ( 1, Real Estate, false, false )
Apr  6 19:25:07 localhost app-49: [WebFilterBase] <> INFO  Adding Category: ( 2, Computer and Internet Security, false, false )
Apr  6 19:25:07 localhost app-49: [WebFilterBase] <> INFO  Adding Category: ( 3, Financial Services, false, false )
Apr  6 19:25:07 localhost app-49: [WebFilterBase] <> INFO  Adding Category: ( 4, Business and Economy, false, false )
Apr  6 19:25:07 localhost app-49: [WebFilterBase] <> INFO  Adding Category: ( 5, Computer and Internet Info, false, false )
Apr  6 19:25:07 localhost app-49: [WebFilterBase] <> INFO  Adding Category: ( 6, Auctions, false, false )
Apr  6 19:25:07 localhost app-49: [WebFilterBase] <> INFO  Adding Category: ( 7, Shopping, false, false )
Apr  6 19:25:07 localhost app-49: [WebFilterBase] <> INFO  Adding Category: ( 8, Cult and Occult, false, false )
Apr  6 19:25:07 localhost app-49: [WebFilterBase] <> INFO  Adding Category: ( 9, Travel, false, false )
Apr  6 19:25:07 localhost app-49: [WebFilterBase] <> INFO  Adding Category: ( 10, Abused Drugs, false, false )
Apr  6 19:25:07 localhost app-49: [WebFilterBase] <> INFO  Adding Category: ( 11, Adult and Pornography, true, true )
Apr  6 19:25:07 localhost app-49: [WebFilterBase] <> INFO  Adding Category: ( 12, Home and Garden, false, false )
Apr  6 19:25:07 localhost app-49: [WebFilterBase] <> INFO  Adding Category: ( 13, Military, false, false )
Apr  6 19:25:07 localhost app-49: [WebFilterBase] <> INFO  Adding Category: ( 14, Social Networking, false, false )
Apr  6 19:25:07 localhost app-49: [WebFilterBase] <> INFO  Adding Category: ( 15, Dead Sites, false, false )
Apr  6 19:25:07 localhost app-49: [WebFilterBase] <> INFO  Adding Category: ( 16, Individual Stock Advice and Tools, false, false )
Apr  6 19:25:07 localhost app-49: [WebFilterBase] <> INFO  Adding Category: ( 17, Training and Tools, false, false )
Apr  6 19:25:07 localhost app-49: [WebFilterBase] <> INFO  Adding Category: ( 18, Dating, false, false )
Apr  6 19:25:07 localhost app-49: [WebFilterBase] <> INFO  Adding Category: ( 19, Sex Education, false, false )
Apr  6 19:25:07 localhost app-49: [WebFilterBase] <> INFO  Adding Category: ( 20, Religion, false, false )
Apr  6 19:25:07 localhost app-49: [WebFilterBase] <> INFO  Adding Category: ( 21, Entertainment and Arts, false, false )
Apr  6 19:25:07 localhost app-49: [WebFilterBase] <> INFO  Adding Category: ( 22, Personal sites and Blogs, false, false )
Apr  6 19:25:07 localhost app-49: [WebFilterBase] <> INFO  Adding Category: ( 23, Legal, false, false )
Apr  6 19:25:07 localhost app-49: [WebFilterBase] <> INFO  Adding Category: ( 24, Local Information, false, false )
Apr  6 19:25:07 localhost app-49: [WebFilterBase] <> INFO  Adding Category: ( 25, Streaming Media, false, false )
Apr  6 19:25:07 localhost app-49: [WebFilterBase] <> INFO  Adding Category: ( 26, Job Search, false, false )
Apr  6 19:25:07 localhost app-49: [WebFilterBase] <> INFO  Adding Category: ( 27, Gambling, false, false )
Apr  6 19:25:07 localhost app-49: [WebFilterBase] <> INFO  Adding Category: ( 28, Translation, false, false )
Apr  6 19:25:07 localhost app-49: [WebFilterBase] <> INFO  Adding Category: ( 29, Reference and Research, false, false )
Apr  6 19:25:07 localhost app-49: [WebFilterBase] <> INFO  Adding Category: ( 30, Shareware and Freeware, false, false )
Apr  6 19:25:07 localhost app-49: [WebFilterBase] <> INFO  Adding Category: ( 31, Peer to Peer, false, false )
Apr  6 19:25:07 localhost app-49: [WebFilterBase] <> INFO  Adding Category: ( 32, Marijuana, false, false )
Apr  6 19:25:07 localhost app-49: [WebFilterBase] <> INFO  Adding Category: ( 33, Hacking, false, false )
Apr  6 19:25:07 localhost app-49: [WebFilterBase] <> INFO  Adding Category: ( 34, Games, false, false )
Apr  6 19:25:07 localhost app-49: [WebFilterBase] <> INFO  Adding Category: ( 35, Philosophy and Political Advocacy, false, false )
Apr  6 19:25:07 localhost app-49: [WebFilterBase] <> INFO  Adding Category: ( 36, Weapons, false, false )
Apr  6 19:25:07 localhost app-49: [WebFilterBase] <> INFO  Adding Category: ( 37, Pay to Surf, false, false )
Apr  6 19:25:07 localhost app-49: [WebFilterBase] <> INFO  Adding Category: ( 38, Hunting and Fishing, false, false )
Apr  6 19:25:07 localhost app-49: [WebFilterBase] <> INFO  Adding Category: ( 39, Society, false, false )
Apr  6 19:25:07 localhost app-49: [WebFilterBase] <> INFO  Adding Category: ( 40, Educational Institutions, false, false )
Apr  6 19:25:07 localhost app-49: [WebFilterBase] <> INFO  Adding Category: ( 41, Online Greeting Cards, false, false )
Apr  6 19:25:07 localhost app-49: [WebFilterBase] <> INFO  Adding Category: ( 42, Sports, false, false )
Apr  6 19:25:07 localhost app-49: [WebFilterBase] <> INFO  Adding Category: ( 43, Swimsuits and Intimate Apparel, false, false )
Apr  6 19:25:07 localhost app-49: [WebFilterBase] <> INFO  Adding Category: ( 44, Questionable, true, true )
Apr  6 19:25:07 localhost app-49: [WebFilterBase] <> INFO  Adding Category: ( 45, Kids, false, false )
Apr  6 19:25:07 localhost app-49: [WebFilterBase] <> INFO  Adding Category: ( 46, Hate and Racism, false, false )
Apr  6 19:25:07 localhost app-49: [WebFilterBase] <> INFO  Adding Category: ( 47, Personal Storage, false, false )
Apr  6 19:25:07 localhost app-49: [WebFilterBase] <> INFO  Adding Category: ( 48, Violence, false, false )
Apr  6 19:25:07 localhost app-49: [WebFilterBase] <> INFO  Adding Category: ( 49, Keyloggers and Monitoring, true, true )
Apr  6 19:25:07 localhost app-49: [WebFilterBase] <> INFO  Adding Category: ( 50, Search Engines, false, false )
Apr  6 19:25:07 localhost app-49: [WebFilterBase] <> INFO  Adding Category: ( 51, Internet Portals, false, false )
Apr  6 19:25:07 localhost app-49: [WebFilterBase] <> INFO  Adding Category: ( 52, Web Advertisements, false, false )
Apr  6 19:25:07 localhost app-49: [WebFilterBase] <> INFO  Adding Category: ( 53, Cheating, false, false )
Apr  6 19:25:07 localhost app-49: [WebFilterBase] <> INFO  Adding Category: ( 54, Gross, false, false )
Apr  6 19:25:07 localhost app-49: [WebFilterBase] <> INFO  Adding Category: ( 55, Web-based Email, false, false )
Apr  6 19:25:07 localhost app-49: [WebFilterBase] <> INFO  Adding Category: ( 56, Malware Sites, true, true )
Apr  6 19:25:07 localhost app-49: [WebFilterBase] <> INFO  Adding Category: ( 57, Phishing and Other Frauds, true, true )
Apr  6 19:25:07 localhost app-49: [WebFilterBase] <> INFO  Adding Category: ( 58, Proxy Avoidance and Anonymizers, true, true )
Apr  6 19:25:07 localhost app-49: [WebFilterBase] <> INFO  Adding Category: ( 59, Spyware and Adware, true, true )
Apr  6 19:25:07 localhost app-49: [WebFilterBase] <> INFO  Adding Category: ( 60, Music, false, false )
Apr  6 19:25:07 localhost app-49: [WebFilterBase] <> INFO  Adding Category: ( 61, Government, false, false )
Apr  6 19:25:07 localhost app-49: [WebFilterBase] <> INFO  Adding Category: ( 62, Nudity, false, false )
Apr  6 19:25:07 localhost app-49: [WebFilterBase] <> INFO  Adding Category: ( 63, News and Media, false, false )
Apr  6 19:25:07 localhost app-49: [WebFilterBase] <> INFO  Adding Category: ( 64, Illegal, false, false )
Apr  6 19:25:07 localhost app-49: [WebFilterBase] <> INFO  Adding Category: ( 65, Content Delivery Networks, false, false )
Apr  6 19:25:07 localhost app-49: [WebFilterBase] <> INFO  Adding Category: ( 66, Internet Communications, false, false )
Apr  6 19:25:07 localhost app-49: [WebFilterBase] <> INFO  Adding Category: ( 67, Bot Nets, true, true )
Apr  6 19:25:07 localhost app-49: [WebFilterBase] <> INFO  Adding Category: ( 68, Abortion, false, false )
Apr  6 19:25:07 localhost app-49: [WebFilterBase] <> INFO  Adding Category: ( 69, Health and Medicine, false, false )
Apr  6 19:25:07 localhost app-49: [WebFilterBase] <> INFO  Adding Category: ( 71, SPAM URLs, false, false )
Apr  6 19:25:07 localhost app-49: [WebFilterBase] <> INFO  Adding Category: ( 74, Dynamically Generated Content, false, false )
Apr  6 19:25:07 localhost app-49: [WebFilterBase] <> INFO  Adding Category: ( 75, Parked Domains, false, false )
Apr  6 19:25:07 localhost app-49: [WebFilterBase] <> INFO  Adding Category: ( 76, Alcohol and Tobacco, false, false )
Apr  6 19:25:07 localhost app-49: [WebFilterBase] <> INFO  Adding Category: ( 78, Image and Video Search, false, false )
Apr  6 19:25:07 localhost app-49: [WebFilterBase] <> INFO  Adding Category: ( 79, Fashion and Beauty, false, false )
Apr  6 19:25:07 localhost app-49: [WebFilterBase] <> INFO  Adding Category: ( 80, Recreation and Hobbies, false, false )
Apr  6 19:25:07 localhost app-49: [WebFilterBase] <> INFO  Adding Category: ( 81, Motor Vehicles, false, false )
Apr  6 19:25:07 localhost app-49: [WebFilterBase] <> INFO  Adding Category: ( 82, Web Hosting, false, false )
Apr  6 19:25:36 localhost app-49: [WebFilterBase] <> WARN  No settings found - Initializing new settings.
Apr  6 19:25:36 localhost app-49: [WebFilterBase] <> INFO  Adding Category: ( 0, Uncategorized, false, false )
Apr  6 19:25:36 localhost app-49: [WebFilterBase] <> INFO  Adding Category: ( 1, Real Estate, false, false )
Apr  6 19:25:36 localhost app-49: [WebFilterBase] <> INFO  Adding Category: ( 2, Computer and Internet Security, false, false )
Apr  6 19:25:36 localhost app-49: [WebFilterBase] <> INFO  Adding Category: ( 3, Financial Services, false, false )
Apr  6 19:25:36 localhost app-49: [WebFilterBase] <> INFO  Adding Category: ( 4, Business and Economy, false, false )
Apr  6 19:25:36 localhost app-49: [WebFilterBase] <> INFO  Adding Category: ( 5, Computer and Internet Info, false, false )
Apr  6 19:25:36 localhost app-49: [WebFilterBase] <> INFO  Adding Category: ( 6, Auctions, false, false )
Apr  6 19:25:36 localhost app-49: [WebFilterBase] <> INFO  Adding Category: ( 7, Shopping, false, false )
Apr  6 19:25:36 localhost app-49: [WebFilterBase] <> INFO  Adding Category: ( 8, Cult and Occult, false, false )
Apr  6 19:25:36 localhost app-49: [WebFilterBase] <> INFO  Adding Category: ( 9, Travel, false, false )
Apr  6 19:25:36 localhost app-49: [WebFilterBase] <> INFO  Adding Category: ( 10, Abused Drugs, false, false )
Apr  6 19:25:36 localhost app-49: [WebFilterBase] <> INFO  Adding Category: ( 11, Adult and Pornography, true, true )
Apr  6 19:25:36 localhost app-49: [WebFilterBase] <> INFO  Adding Category: ( 12, Home and Garden, false, false )
Apr  6 19:25:36 localhost app-49: [WebFilterBase] <> INFO  Adding Category: ( 13, Military, false, false )
Apr  6 19:25:36 localhost app-49: [WebFilterBase] <> INFO  Adding Category: ( 14, Social Networking, false, false )
Apr  6 19:25:36 localhost app-49: [WebFilterBase] <> INFO  Adding Category: ( 15, Dead Sites, false, false )
Apr  6 19:25:36 localhost app-49: [WebFilterBase] <> INFO  Adding Category: ( 16, Individual Stock Advice and Tools, false, false )
Apr  6 19:25:36 localhost app-49: [WebFilterBase] <> INFO  Adding Category: ( 17, Training and Tools, false, false )
Apr  6 19:25:36 localhost app-49: [WebFilterBase] <> INFO  Adding Category: ( 18, Dating, false, false )
Apr  6 19:25:36 localhost app-49: [WebFilterBase] <> INFO  Adding Category: ( 19, Sex Education, false, false )
Apr  6 19:25:36 localhost app-49: [WebFilterBase] <> INFO  Adding Category: ( 20, Religion, false, false )
Apr  6 19:25:36 localhost app-49: [WebFilterBase] <> INFO  Adding Category: ( 21, Entertainment and Arts, false, false )
Apr  6 19:25:36 localhost app-49: [WebFilterBase] <> INFO  Adding Category: ( 22, Personal sites and Blogs, false, false )
Apr  6 19:25:36 localhost app-49: [WebFilterBase] <> INFO  Adding Category: ( 23, Legal, false, false )
Apr  6 19:25:36 localhost app-49: [WebFilterBase] <> INFO  Adding Category: ( 24, Local Information, false, false )
Apr  6 19:25:36 localhost app-49: [WebFilterBase] <> INFO  Adding Category: ( 25, Streaming Media, false, false )
Apr  6 19:25:36 localhost app-49: [WebFilterBase] <> INFO  Adding Category: ( 26, Job Search, false, false )
Apr  6 19:25:36 localhost app-49: [WebFilterBase] <> INFO  Adding Category: ( 27, Gambling, false, false )
Apr  6 19:25:36 localhost app-49: [WebFilterBase] <> INFO  Adding Category: ( 28, Translation, false, false )
Apr  6 19:25:36 localhost app-49: [WebFilterBase] <> INFO  Adding Category: ( 29, Reference and Research, false, false )
Apr  6 19:25:36 localhost app-49: [WebFilterBase] <> INFO  Adding Category: ( 30, Shareware and Freeware, false, false )
Apr  6 19:25:36 localhost app-49: [WebFilterBase] <> INFO  Adding Category: ( 31, Peer to Peer, false, false )
Apr  6 19:25:36 localhost app-49: [WebFilterBase] <> INFO  Adding Category: ( 32, Marijuana, false, false )
Apr  6 19:25:36 localhost app-49: [WebFilterBase] <> INFO  Adding Category: ( 33, Hacking, false, false )
Apr  6 19:25:36 localhost app-49: [WebFilterBase] <> INFO  Adding Category: ( 34, Games, false, false )
Apr  6 19:25:36 localhost app-49: [WebFilterBase] <> INFO  Adding Category: ( 35, Philosophy and Political Advocacy, false, false )
Apr  6 19:25:36 localhost app-49: [WebFilterBase] <> INFO  Adding Category: ( 36, Weapons, false, false )
Apr  6 19:25:36 localhost app-49: [WebFilterBase] <> INFO  Adding Category: ( 37, Pay to Surf, false, false )
Apr  6 19:25:36 localhost app-49: [WebFilterBase] <> INFO  Adding Category: ( 38, Hunting and Fishing, false, false )
Apr  6 19:25:36 localhost app-49: [WebFilterBase] <> INFO  Adding Category: ( 39, Society, false, false )
Apr  6 19:25:36 localhost app-49: [WebFilterBase] <> INFO  Adding Category: ( 40, Educational Institutions, false, false )
Apr  6 19:25:36 localhost app-49: [WebFilterBase] <> INFO  Adding Category: ( 41, Online Greeting Cards, false, false )
Apr  6 19:25:36 localhost app-49: [WebFilterBase] <> INFO  Adding Category: ( 42, Sports, false, false )
Apr  6 19:25:36 localhost app-49: [WebFilterBase] <> INFO  Adding Category: ( 43, Swimsuits and Intimate Apparel, false, false )
Apr  6 19:25:36 localhost app-49: [WebFilterBase] <> INFO  Adding Category: ( 44, Questionable, true, true )
Apr  6 19:25:36 localhost app-49: [WebFilterBase] <> INFO  Adding Category: ( 45, Kids, false, false )
Apr  6 19:25:36 localhost app-49: [WebFilterBase] <> INFO  Adding Category: ( 46, Hate and Racism, false, false )
Apr  6 19:25:36 localhost app-49: [WebFilterBase] <> INFO  Adding Category: ( 47, Personal Storage, false, false )
Apr  6 19:25:36 localhost app-49: [WebFilterBase] <> INFO  Adding Category: ( 48, Violence, false, false )
Apr  6 19:25:36 localhost app-49: [WebFilterBase] <> INFO  Adding Category: ( 49, Keyloggers and Monitoring, true, true )
Apr  6 19:25:36 localhost app-49: [WebFilterBase] <> INFO  Adding Category: ( 50, Search Engines, false, false )
Apr  6 19:25:36 localhost app-49: [WebFilterBase] <> INFO  Adding Category: ( 51, Internet Portals, false, false )
Apr  6 19:25:36 localhost app-49: [WebFilterBase] <> INFO  Adding Category: ( 52, Web Advertisements, false, false )
Apr  6 19:25:36 localhost app-49: [WebFilterBase] <> INFO  Adding Category: ( 53, Cheating, false, false )
Apr  6 19:25:36 localhost app-49: [WebFilterBase] <> INFO  Adding Category: ( 54, Gross, false, false )
Apr  6 19:25:36 localhost app-49: [WebFilterBase] <> INFO  Adding Category: ( 55, Web-based Email, false, false )
Apr  6 19:25:36 localhost app-49: [WebFilterBase] <> INFO  Adding Category: ( 56, Malware Sites, true, true )
Apr  6 19:25:36 localhost app-49: [WebFilterBase] <> INFO  Adding Category: ( 57, Phishing and Other Frauds, true, true )
Apr  6 19:25:36 localhost app-49: [WebFilterBase] <> INFO  Adding Category: ( 58, Proxy Avoidance and Anonymizers, true, true )
Apr  6 19:25:36 localhost app-49: [WebFilterBase] <> INFO  Adding Category: ( 59, Spyware and Adware, true, true )
Apr  6 19:25:36 localhost app-49: [WebFilterBase] <> INFO  Adding Category: ( 60, Music, false, false )
Apr  6 19:25:36 localhost app-49: [WebFilterBase] <> INFO  Adding Category: ( 61, Government, false, false )
Apr  6 19:25:36 localhost app-49: [WebFilterBase] <> INFO  Adding Category: ( 62, Nudity, false, false )
Apr  6 19:25:36 localhost app-49: [WebFilterBase] <> INFO  Adding Category: ( 63, News and Media, false, false )
Apr  6 19:25:36 localhost app-49: [WebFilterBase] <> INFO  Adding Category: ( 64, Illegal, false, false )
Apr  6 19:25:36 localhost app-49: [WebFilterBase] <> INFO  Adding Category: ( 65, Content Delivery Networks, false, false )
Apr  6 19:25:36 localhost app-49: [WebFilterBase] <> INFO  Adding Category: ( 66, Internet Communications, false, false )
Apr  6 19:25:36 localhost app-49: [WebFilterBase] <> INFO  Adding Category: ( 67, Bot Nets, true, true )
Apr  6 19:25:36 localhost app-49: [WebFilterBase] <> INFO  Adding Category: ( 68, Abortion, false, false )
Apr  6 19:25:36 localhost app-49: [WebFilterBase] <> INFO  Adding Category: ( 69, Health and Medicine, false, false )
Apr  6 19:25:36 localhost app-49: [WebFilterBase] <> INFO  Adding Category: ( 71, SPAM URLs, false, false )
Apr  6 19:25:36 localhost app-49: [WebFilterBase] <> INFO  Adding Category: ( 74, Dynamically Generated Content, false, false )
Apr  6 19:25:36 localhost app-49: [WebFilterBase] <> INFO  Adding Category: ( 75, Parked Domains, false, false )
Apr  6 19:25:36 localhost app-49: [WebFilterBase] <> INFO  Adding Category: ( 76, Alcohol and Tobacco, false, false )
Apr  6 19:25:36 localhost app-49: [WebFilterBase] <> INFO  Adding Category: ( 78, Image and Video Search, false, false )
Apr  6 19:25:36 localhost app-49: [WebFilterBase] <> INFO  Adding Category: ( 79, Fashion and Beauty, false, false )
Apr  6 19:25:36 localhost app-49: [WebFilterBase] <> INFO  Adding Category: ( 80, Recreation and Hobbies, false, false )
Apr  6 19:25:36 localhost app-49: [WebFilterBase] <> INFO  Adding Category: ( 81, Motor Vehicles, false, false )
Apr  6 19:25:36 localhost app-49: [WebFilterBase] <> INFO  Adding Category: ( 82, Web Hosting, false, false )
Apr  6 19:26:57 localhost app-49: [WebFilterBase] <> WARN  No settings found - Initializing new settings.
Apr  6 19:26:57 localhost app-49: [WebFilterBase] <> INFO  Adding Category: ( 0, Uncategorized, false, false )
Apr  6 19:26:57 localhost app-49: [WebFilterBase] <> INFO  Adding Category: ( 1, Real Estate, false, false )
Apr  6 19:26:57 localhost app-49: [WebFilterBase] <> INFO  Adding Category: ( 2, Computer and Internet Security, false, false )
Apr  6 19:26:57 localhost app-49: [WebFilterBase] <> INFO  Adding Category: ( 3, Financial Services, false, false )
Apr  6 19:26:57 localhost app-49: [WebFilterBase] <> INFO  Adding Category: ( 4, Business and Economy, false, false )
Apr  6 19:26:57 localhost app-49: [WebFilterBase] <> INFO  Adding Category: ( 5, Computer and Internet Info, false, false )
Apr  6 19:26:57 localhost app-49: [WebFilterBase] <> INFO  Adding Category: ( 6, Auctions, false, false )
Apr  6 19:26:57 localhost app-49: [WebFilterBase] <> INFO  Adding Category: ( 7, Shopping, false, false )
Apr  6 19:26:57 localhost app-49: [WebFilterBase] <> INFO  Adding Category: ( 8, Cult and Occult, false, false )
Apr  6 19:26:57 localhost app-49: [WebFilterBase] <> INFO  Adding Category: ( 9, Travel, false, false )
Apr  6 19:26:57 localhost app-49: [WebFilterBase] <> INFO  Adding Category: ( 10, Abused Drugs, false, false )
Apr  6 19:26:57 localhost app-49: [WebFilterBase] <> INFO  Adding Category: ( 11, Adult and Pornography, true, true )
Apr  6 19:26:57 localhost app-49: [WebFilterBase] <> INFO  Adding Category: ( 12, Home and Garden, false, false )
Apr  6 19:26:57 localhost app-49: [WebFilterBase] <> INFO  Adding Category: ( 13, Military, false, false )
Apr  6 19:26:57 localhost app-49: [WebFilterBase] <> INFO  Adding Category: ( 14, Social Networking, false, false )
Apr  6 19:26:57 localhost app-49: [WebFilterBase] <> INFO  Adding Category: ( 15, Dead Sites, false, false )
Apr  6 19:26:57 localhost app-49: [WebFilterBase] <> INFO  Adding Category: ( 16, Individual Stock Advice and Tools, false, false )
Apr  6 19:26:57 localhost app-49: [WebFilterBase] <> INFO  Adding Category: ( 17, Training and Tools, false, false )
Apr  6 19:26:57 localhost app-49: [WebFilterBase] <> INFO  Adding Category: ( 18, Dating, false, false )
Apr  6 19:26:57 localhost app-49: [WebFilterBase] <> INFO  Adding Category: ( 19, Sex Education, false, false )
Apr  6 19:26:57 localhost app-49: [WebFilterBase] <> INFO  Adding Category: ( 20, Religion, false, false )
Apr  6 19:26:57 localhost app-49: [WebFilterBase] <> INFO  Adding Category: ( 21, Entertainment and Arts, false, false )
Apr  6 19:26:57 localhost app-49: [WebFilterBase] <> INFO  Adding Category: ( 22, Personal sites and Blogs, false, false )
Apr  6 19:26:57 localhost app-49: [WebFilterBase] <> INFO  Adding Category: ( 23, Legal, false, false )
Apr  6 19:26:57 localhost app-49: [WebFilterBase] <> INFO  Adding Category: ( 24, Local Information, false, false )
Apr  6 19:26:57 localhost app-49: [WebFilterBase] <> INFO  Adding Category: ( 25, Streaming Media, false, false )
Apr  6 19:26:57 localhost app-49: [WebFilterBase] <> INFO  Adding Category: ( 26, Job Search, false, false )
Apr  6 19:26:57 localhost app-49: [WebFilterBase] <> INFO  Adding Category: ( 27, Gambling, false, false )
Apr  6 19:26:57 localhost app-49: [WebFilterBase] <> INFO  Adding Category: ( 28, Translation, false, false )
Apr  6 19:26:57 localhost app-49: [WebFilterBase] <> INFO  Adding Category: ( 29, Reference and Research, false, false )
Apr  6 19:26:57 localhost app-49: [WebFilterBase] <> INFO  Adding Category: ( 30, Shareware and Freeware, false, false )
Apr  6 19:26:57 localhost app-49: [WebFilterBase] <> INFO  Adding Category: ( 31, Peer to Peer, false, false )
Apr  6 19:26:57 localhost app-49: [WebFilterBase] <> INFO  Adding Category: ( 32, Marijuana, false, false )
Apr  6 19:26:57 localhost app-49: [WebFilterBase] <> INFO  Adding Category: ( 33, Hacking, false, false )
Apr  6 19:26:57 localhost app-49: [WebFilterBase] <> INFO  Adding Category: ( 34, Games, false, false )
Apr  6 19:26:57 localhost app-49: [WebFilterBase] <> INFO  Adding Category: ( 35, Philosophy and Political Advocacy, false, false )
Apr  6 19:26:57 localhost app-49: [WebFilterBase] <> INFO  Adding Category: ( 36, Weapons, false, false )
Apr  6 19:26:57 localhost app-49: [WebFilterBase] <> INFO  Adding Category: ( 37, Pay to Surf, false, false )
Apr  6 19:26:57 localhost app-49: [WebFilterBase] <> INFO  Adding Category: ( 38, Hunting and Fishing, false, false )
Apr  6 19:26:57 localhost app-49: [WebFilterBase] <> INFO  Adding Category: ( 39, Society, false, false )
Apr  6 19:26:57 localhost app-49: [WebFilterBase] <> INFO  Adding Category: ( 40, Educational Institutions, false, false )
Apr  6 19:26:57 localhost app-49: [WebFilterBase] <> INFO  Adding Category: ( 41, Online Greeting Cards, false, false )
Apr  6 19:26:57 localhost app-49: [WebFilterBase] <> INFO  Adding Category: ( 42, Sports, false, false )
Apr  6 19:26:57 localhost app-49: [WebFilterBase] <> INFO  Adding Category: ( 43, Swimsuits and Intimate Apparel, false, false )
Apr  6 19:26:57 localhost app-49: [WebFilterBase] <> INFO  Adding Category: ( 44, Questionable, true, true )
Apr  6 19:26:57 localhost app-49: [WebFilterBase] <> INFO  Adding Category: ( 45, Kids, false, false )
Apr  6 19:26:57 localhost app-49: [WebFilterBase] <> INFO  Adding Category: ( 46, Hate and Racism, false, false )
Apr  6 19:26:57 localhost app-49: [WebFilterBase] <> INFO  Adding Category: ( 47, Personal Storage, false, false )
Apr  6 19:26:57 localhost app-49: [WebFilterBase] <> INFO  Adding Category: ( 48, Violence, false, false )
Apr  6 19:26:57 localhost app-49: [WebFilterBase] <> INFO  Adding Category: ( 49, Keyloggers and Monitoring, true, true )
Apr  6 19:26:57 localhost app-49: [WebFilterBase] <> INFO  Adding Category: ( 50, Search Engines, false, false )
Apr  6 19:26:57 localhost app-49: [WebFilterBase] <> INFO  Adding Category: ( 51, Internet Portals, false, false )
Apr  6 19:26:57 localhost app-49: [WebFilterBase] <> INFO  Adding Category: ( 52, Web Advertisements, false, false )
Apr  6 19:26:57 localhost app-49: [WebFilterBase] <> INFO  Adding Category: ( 53, Cheating, false, false )
Apr  6 19:26:57 localhost app-49: [WebFilterBase] <> INFO  Adding Category: ( 54, Gross, false, false )
Apr  6 19:26:57 localhost app-49: [WebFilterBase] <> INFO  Adding Category: ( 55, Web-based Email, false, false )
Apr  6 19:26:57 localhost app-49: [WebFilterBase] <> INFO  Adding Category: ( 56, Malware Sites, true, true )
Apr  6 19:26:57 localhost app-49: [WebFilterBase] <> INFO  Adding Category: ( 57, Phishing and Other Frauds, true, true )
Apr  6 19:26:57 localhost app-49: [WebFilterBase] <> INFO  Adding Category: ( 58, Proxy Avoidance and Anonymizers, true, true )
Apr  6 19:26:57 localhost app-49: [WebFilterBase] <> INFO  Adding Category: ( 59, Spyware and Adware, true, true )
Apr  6 19:26:57 localhost app-49: [WebFilterBase] <> INFO  Adding Category: ( 60, Music, false, false )
Apr  6 19:26:57 localhost app-49: [WebFilterBase] <> INFO  Adding Category: ( 61, Government, false, false )
Apr  6 19:26:57 localhost app-49: [WebFilterBase] <> INFO  Adding Category: ( 62, Nudity, false, false )
Apr  6 19:26:57 localhost app-49: [WebFilterBase] <> INFO  Adding Category: ( 63, News and Media, false, false )
Apr  6 19:26:57 localhost app-49: [WebFilterBase] <> INFO  Adding Category: ( 64, Illegal, false, false )
Apr  6 19:26:57 localhost app-49: [WebFilterBase] <> INFO  Adding Category: ( 65, Content Delivery Networks, false, false )
Apr  6 19:26:57 localhost app-49: [WebFilterBase] <> INFO  Adding Category: ( 66, Internet Communications, false, false )
Apr  6 19:26:57 localhost app-49: [WebFilterBase] <> INFO  Adding Category: ( 67, Bot Nets, true, true )
Apr  6 19:26:57 localhost app-49: [WebFilterBase] <> INFO  Adding Category: ( 68, Abortion, false, false )
Apr  6 19:26:57 localhost app-49: [WebFilterBase] <> INFO  Adding Category: ( 69, Health and Medicine, false, false )
Apr  6 19:26:57 localhost app-49: [WebFilterBase] <> INFO  Adding Category: ( 71, SPAM URLs, false, false )
Apr  6 19:26:57 localhost app-49: [WebFilterBase] <> INFO  Adding Category: ( 74, Dynamically Generated Content, false, false )
Apr  6 19:26:57 localhost app-49: [WebFilterBase] <> INFO  Adding Category: ( 75, Parked Domains, false, false )
Apr  6 19:26:57 localhost app-49: [WebFilterBase] <> INFO  Adding Category: ( 76, Alcohol and Tobacco, false, false )
Apr  6 19:26:57 localhost app-49: [WebFilterBase] <> INFO  Adding Category: ( 78, Image and Video Search, false, false )
Apr  6 19:26:57 localhost app-49: [WebFilterBase] <> INFO  Adding Category: ( 79, Fashion and Beauty, false, false )
Apr  6 19:26:57 localhost app-49: [WebFilterBase] <> INFO  Adding Category: ( 80, Recreation and Hobbies, false, false )
Apr  6 19:26:57 localhost app-49: [WebFilterBase] <> INFO  Adding Category: ( 81, Motor Vehicles, false, false )
Apr  6 19:26:57 localhost app-49: [WebFilterBase] <> INFO  Adding Category: ( 82, Web Hosting, false, false )
Apr  6 19:28:00 localhost app-49: [WebFilterBase] <> WARN  No settings found - Initializing new settings.
Apr  6 19:28:00 localhost app-49: [WebFilterBase] <> INFO  Adding Category: ( 0, Uncategorized, false, false )
Apr  6 19:28:00 localhost app-49: [WebFilterBase] <> INFO  Adding Category: ( 1, Real Estate, false, false )
Apr  6 19:28:00 localhost app-49: [WebFilterBase] <> INFO  Adding Category: ( 2, Computer and Internet Security, false, false )
Apr  6 19:28:00 localhost app-49: [WebFilterBase] <> INFO  Adding Category: ( 3, Financial Services, false, false )
Apr  6 19:28:00 localhost app-49: [WebFilterBase] <> INFO  Adding Category: ( 4, Business and Economy, false, false )
Apr  6 19:28:00 localhost app-49: [WebFilterBase] <> INFO  Adding Category: ( 5, Computer and Internet Info, false, false )
Apr  6 19:28:00 localhost app-49: [WebFilterBase] <> INFO  Adding Category: ( 6, Auctions, false, false )
Apr  6 19:28:00 localhost app-49: [WebFilterBase] <> INFO  Adding Category: ( 7, Shopping, false, false )
Apr  6 19:28:00 localhost app-49: [WebFilterBase] <> INFO  Adding Category: ( 8, Cult and Occult, false, false )
Apr  6 19:28:00 localhost app-49: [WebFilterBase] <> INFO  Adding Category: ( 9, Travel, false, false )
Apr  6 19:28:00 localhost app-49: [WebFilterBase] <> INFO  Adding Category: ( 10, Abused Drugs, false, false )
Apr  6 19:28:00 localhost app-49: [WebFilterBase] <> INFO  Adding Category: ( 11, Adult and Pornography, true, true )
Apr  6 19:28:00 localhost app-49: [WebFilterBase] <> INFO  Adding Category: ( 12, Home and Garden, false, false )
Apr  6 19:28:00 localhost app-49: [WebFilterBase] <> INFO  Adding Category: ( 13, Military, false, false )
Apr  6 19:28:00 localhost app-49: [WebFilterBase] <> INFO  Adding Category: ( 14, Social Networking, false, false )
Apr  6 19:28:00 localhost app-49: [WebFilterBase] <> INFO  Adding Category: ( 15, Dead Sites, false, false )
Apr  6 19:28:00 localhost app-49: [WebFilterBase] <> INFO  Adding Category: ( 16, Individual Stock Advice and Tools, false, false )
Apr  6 19:28:00 localhost app-49: [WebFilterBase] <> INFO  Adding Category: ( 17, Training and Tools, false, false )
Apr  6 19:28:00 localhost app-49: [WebFilterBase] <> INFO  Adding Category: ( 18, Dating, false, false )
Apr  6 19:28:00 localhost app-49: [WebFilterBase] <> INFO  Adding Category: ( 19, Sex Education, false, false )
Apr  6 19:28:00 localhost app-49: [WebFilterBase] <> INFO  Adding Category: ( 20, Religion, false, false )
Apr  6 19:28:00 localhost app-49: [WebFilterBase] <> INFO  Adding Category: ( 21, Entertainment and Arts, false, false )
Apr  6 19:28:00 localhost app-49: [WebFilterBase] <> INFO  Adding Category: ( 22, Personal sites and Blogs, false, false )
Apr  6 19:28:00 localhost app-49: [WebFilterBase] <> INFO  Adding Category: ( 23, Legal, false, false )
Apr  6 19:28:00 localhost app-49: [WebFilterBase] <> INFO  Adding Category: ( 24, Local Information, false, false )
Apr  6 19:28:00 localhost app-49: [WebFilterBase] <> INFO  Adding Category: ( 25, Streaming Media, false, false )
Apr  6 19:28:00 localhost app-49: [WebFilterBase] <> INFO  Adding Category: ( 26, Job Search, false, false )
Apr  6 19:28:00 localhost app-49: [WebFilterBase] <> INFO  Adding Category: ( 27, Gambling, false, false )
Apr  6 19:28:00 localhost app-49: [WebFilterBase] <> INFO  Adding Category: ( 28, Translation, false, false )
Apr  6 19:28:00 localhost app-49: [WebFilterBase] <> INFO  Adding Category: ( 29, Reference and Research, false, false )
Apr  6 19:28:00 localhost app-49: [WebFilterBase] <> INFO  Adding Category: ( 30, Shareware and Freeware, false, false )
Apr  6 19:28:00 localhost app-49: [WebFilterBase] <> INFO  Adding Category: ( 31, Peer to Peer, false, false )
Apr  6 19:28:00 localhost app-49: [WebFilterBase] <> INFO  Adding Category: ( 32, Marijuana, false, false )
Apr  6 19:28:00 localhost app-49: [WebFilterBase] <> INFO  Adding Category: ( 33, Hacking, false, false )
Apr  6 19:28:00 localhost app-49: [WebFilterBase] <> INFO  Adding Category: ( 34, Games, false, false )
Apr  6 19:28:00 localhost app-49: [WebFilterBase] <> INFO  Adding Category: ( 35, Philosophy and Political Advocacy, false, false )
Apr  6 19:28:00 localhost app-49: [WebFilterBase] <> INFO  Adding Category: ( 36, Weapons, false, false )
Apr  6 19:28:00 localhost app-49: [WebFilterBase] <> INFO  Adding Category: ( 37, Pay to Surf, false, false )
Apr  6 19:28:00 localhost app-49: [WebFilterBase] <> INFO  Adding Category: ( 38, Hunting and Fishing, false, false )
Apr  6 19:28:00 localhost app-49: [WebFilterBase] <> INFO  Adding Category: ( 39, Society, false, false )
Apr  6 19:28:00 localhost app-49: [WebFilterBase] <> INFO  Adding Category: ( 40, Educational Institutions, false, false )
Apr  6 19:28:00 localhost app-49: [WebFilterBase] <> INFO  Adding Category: ( 41, Online Greeting Cards, false, false )
Apr  6 19:28:00 localhost app-49: [WebFilterBase] <> INFO  Adding Category: ( 42, Sports, false, false )
Apr  6 19:28:00 localhost app-49: [WebFilterBase] <> INFO  Adding Category: ( 43, Swimsuits and Intimate Apparel, false, false )
Apr  6 19:28:00 localhost app-49: [WebFilterBase] <> INFO  Adding Category: ( 44, Questionable, true, true )
Apr  6 19:28:00 localhost app-49: [WebFilterBase] <> INFO  Adding Category: ( 45, Kids, false, false )
Apr  6 19:28:00 localhost app-49: [WebFilterBase] <> INFO  Adding Category: ( 46, Hate and Racism, false, false )
Apr  6 19:28:00 localhost app-49: [WebFilterBase] <> INFO  Adding Category: ( 47, Personal Storage, false, false )
Apr  6 19:28:00 localhost app-49: [WebFilterBase] <> INFO  Adding Category: ( 48, Violence, false, false )
Apr  6 19:28:00 localhost app-49: [WebFilterBase] <> INFO  Adding Category: ( 49, Keyloggers and Monitoring, true, true )
Apr  6 19:28:00 localhost app-49: [WebFilterBase] <> INFO  Adding Category: ( 50, Search Engines, false, false )
Apr  6 19:28:00 localhost app-49: [WebFilterBase] <> INFO  Adding Category: ( 51, Internet Portals, false, false )
Apr  6 19:28:00 localhost app-49: [WebFilterBase] <> INFO  Adding Category: ( 52, Web Advertisements, false, false )
Apr  6 19:28:00 localhost app-49: [WebFilterBase] <> INFO  Adding Category: ( 53, Cheating, false, false )
Apr  6 19:28:00 localhost app-49: [WebFilterBase] <> INFO  Adding Category: ( 54, Gross, false, false )
Apr  6 19:28:00 localhost app-49: [WebFilterBase] <> INFO  Adding Category: ( 55, Web-based Email, false, false )
Apr  6 19:28:00 localhost app-49: [WebFilterBase] <> INFO  Adding Category: ( 56, Malware Sites, true, true )
Apr  6 19:28:00 localhost app-49: [WebFilterBase] <> INFO  Adding Category: ( 57, Phishing and Other Frauds, true, true )
Apr  6 19:28:00 localhost app-49: [WebFilterBase] <> INFO  Adding Category: ( 58, Proxy Avoidance and Anonymizers, true, true )
Apr  6 19:28:00 localhost app-49: [WebFilterBase] <> INFO  Adding Category: ( 59, Spyware and Adware, true, true )
Apr  6 19:28:00 localhost app-49: [WebFilterBase] <> INFO  Adding Category: ( 60, Music, false, false )
Apr  6 19:28:00 localhost app-49: [WebFilterBase] <> INFO  Adding Category: ( 61, Government, false, false )
Apr  6 19:28:00 localhost app-49: [WebFilterBase] <> INFO  Adding Category: ( 62, Nudity, false, false )
Apr  6 19:28:00 localhost app-49: [WebFilterBase] <> INFO  Adding Category: ( 63, News and Media, false, false )
Apr  6 19:28:00 localhost app-49: [WebFilterBase] <> INFO  Adding Category: ( 64, Illegal, false, false )
Apr  6 19:28:00 localhost app-49: [WebFilterBase] <> INFO  Adding Category: ( 65, Content Delivery Networks, false, false )
Apr  6 19:28:00 localhost app-49: [WebFilterBase] <> INFO  Adding Category: ( 66, Internet Communications, false, false )
Apr  6 19:28:00 localhost app-49: [WebFilterBase] <> INFO  Adding Category: ( 67, Bot Nets, true, true )
Apr  6 19:28:00 localhost app-49: [WebFilterBase] <> INFO  Adding Category: ( 68, Abortion, false, false )
Apr  6 19:28:00 localhost app-49: [WebFilterBase] <> INFO  Adding Category: ( 69, Health and Medicine, false, false )
Apr  6 19:28:00 localhost app-49: [WebFilterBase] <> INFO  Adding Category: ( 71, SPAM URLs, false, false )
Apr  6 19:28:00 localhost app-49: [WebFilterBase] <> INFO  Adding Category: ( 74, Dynamically Generated Content, false, false )
Apr  6 19:28:00 localhost app-49: [WebFilterBase] <> INFO  Adding Category: ( 75, Parked Domains, false, false )
Apr  6 19:28:00 localhost app-49: [WebFilterBase] <> INFO  Adding Category: ( 76, Alcohol and Tobacco, false, false )
Apr  6 19:28:00 localhost app-49: [WebFilterBase] <> INFO  Adding Category: ( 78, Image and Video Search, false, false )
Apr  6 19:28:00 localhost app-49: [WebFilterBase] <> INFO  Adding Category: ( 79, Fashion and Beauty, false, false )
Apr  6 19:28:00 localhost app-49: [WebFilterBase] <> INFO  Adding Category: ( 80, Recreation and Hobbies, false, false )
Apr  6 19:28:00 localhost app-49: [WebFilterBase] <> INFO  Adding Category: ( 81, Motor Vehicles, false, false )
Apr  6 19:28:00 localhost app-49: [WebFilterBase] <> INFO  Adding Category: ( 82, Web Hosting, false, false )
Apr  6 19:29:22 localhost app-49: [WebFilterBase] <> WARN  No settings found - Initializing new settings.
Apr  6 19:29:22 localhost app-49: [WebFilterBase] <> INFO  Adding Category: ( 0, Uncategorized, false, false )
Apr  6 19:29:22 localhost app-49: [WebFilterBase] <> INFO  Adding Category: ( 1, Real Estate, false, false )
Apr  6 19:29:22 localhost app-49: [WebFilterBase] <> INFO  Adding Category: ( 2, Computer and Internet Security, false, false )
Apr  6 19:29:22 localhost app-49: [WebFilterBase] <> INFO  Adding Category: ( 3, Financial Services, false, false )
Apr  6 19:29:22 localhost app-49: [WebFilterBase] <> INFO  Adding Category: ( 4, Business and Economy, false, false )
Apr  6 19:29:22 localhost app-49: [WebFilterBase] <> INFO  Adding Category: ( 5, Computer and Internet Info, false, false )
Apr  6 19:29:22 localhost app-49: [WebFilterBase] <> INFO  Adding Category: ( 6, Auctions, false, false )
Apr  6 19:29:22 localhost app-49: [WebFilterBase] <> INFO  Adding Category: ( 7, Shopping, false, false )
Apr  6 19:29:22 localhost app-49: [WebFilterBase] <> INFO  Adding Category: ( 8, Cult and Occult, false, false )
Apr  6 19:29:22 localhost app-49: [WebFilterBase] <> INFO  Adding Category: ( 9, Travel, false, false )
Apr  6 19:29:22 localhost app-49: [WebFilterBase] <> INFO  Adding Category: ( 10, Abused Drugs, false, false )
Apr  6 19:29:22 localhost app-49: [WebFilterBase] <> INFO  Adding Category: ( 11, Adult and Pornography, true, true )
Apr  6 19:29:22 localhost app-49: [WebFilterBase] <> INFO  Adding Category: ( 12, Home and Garden, false, false )
Apr  6 19:29:22 localhost app-49: [WebFilterBase] <> INFO  Adding Category: ( 13, Military, false, false )
Apr  6 19:29:22 localhost app-49: [WebFilterBase] <> INFO  Adding Category: ( 14, Social Networking, false, false )
Apr  6 19:29:22 localhost app-49: [WebFilterBase] <> INFO  Adding Category: ( 15, Dead Sites, false, false )
Apr  6 19:29:22 localhost app-49: [WebFilterBase] <> INFO  Adding Category: ( 16, Individual Stock Advice and Tools, false, false )
Apr  6 19:29:22 localhost app-49: [WebFilterBase] <> INFO  Adding Category: ( 17, Training and Tools, false, false )
Apr  6 19:29:22 localhost app-49: [WebFilterBase] <> INFO  Adding Category: ( 18, Dating, false, false )
Apr  6 19:29:22 localhost app-49: [WebFilterBase] <> INFO  Adding Category: ( 19, Sex Education, false, false )
Apr  6 19:29:22 localhost app-49: [WebFilterBase] <> INFO  Adding Category: ( 20, Religion, false, false )
Apr  6 19:29:22 localhost app-49: [WebFilterBase] <> INFO  Adding Category: ( 21, Entertainment and Arts, false, false )
Apr  6 19:29:22 localhost app-49: [WebFilterBase] <> INFO  Adding Category: ( 22, Personal sites and Blogs, false, false )
Apr  6 19:29:22 localhost app-49: [WebFilterBase] <> INFO  Adding Category: ( 23, Legal, false, false )
Apr  6 19:29:22 localhost app-49: [WebFilterBase] <> INFO  Adding Category: ( 24, Local Information, false, false )
Apr  6 19:29:22 localhost app-49: [WebFilterBase] <> INFO  Adding Category: ( 25, Streaming Media, false, false )
Apr  6 19:29:22 localhost app-49: [WebFilterBase] <> INFO  Adding Category: ( 26, Job Search, false, false )
Apr  6 19:29:22 localhost app-49: [WebFilterBase] <> INFO  Adding Category: ( 27, Gambling, false, false )
Apr  6 19:29:22 localhost app-49: [WebFilterBase] <> INFO  Adding Category: ( 28, Translation, false, false )
Apr  6 19:29:22 localhost app-49: [WebFilterBase] <> INFO  Adding Category: ( 29, Reference and Research, false, false )
Apr  6 19:29:22 localhost app-49: [WebFilterBase] <> INFO  Adding Category: ( 30, Shareware and Freeware, false, false )
Apr  6 19:29:22 localhost app-49: [WebFilterBase] <> INFO  Adding Category: ( 31, Peer to Peer, false, false )
Apr  6 19:29:22 localhost app-49: [WebFilterBase] <> INFO  Adding Category: ( 32, Marijuana, false, false )
Apr  6 19:29:22 localhost app-49: [WebFilterBase] <> INFO  Adding Category: ( 33, Hacking, false, false )
Apr  6 19:29:22 localhost app-49: [WebFilterBase] <> INFO  Adding Category: ( 34, Games, false, false )
Apr  6 19:29:22 localhost app-49: [WebFilterBase] <> INFO  Adding Category: ( 35, Philosophy and Political Advocacy, false, false )
Apr  6 19:29:22 localhost app-49: [WebFilterBase] <> INFO  Adding Category: ( 36, Weapons, false, false )
Apr  6 19:29:22 localhost app-49: [WebFilterBase] <> INFO  Adding Category: ( 37, Pay to Surf, false, false )
Apr  6 19:29:22 localhost app-49: [WebFilterBase] <> INFO  Adding Category: ( 38, Hunting and Fishing, false, false )
Apr  6 19:29:22 localhost app-49: [WebFilterBase] <> INFO  Adding Category: ( 39, Society, false, false )
Apr  6 19:29:22 localhost app-49: [WebFilterBase] <> INFO  Adding Category: ( 40, Educational Institutions, false, false )
Apr  6 19:29:22 localhost app-49: [WebFilterBase] <> INFO  Adding Category: ( 41, Online Greeting Cards, false, false )
Apr  6 19:29:22 localhost app-49: [WebFilterBase] <> INFO  Adding Category: ( 42, Sports, false, false )
Apr  6 19:29:22 localhost app-49: [WebFilterBase] <> INFO  Adding Category: ( 43, Swimsuits and Intimate Apparel, false, false )
Apr  6 19:29:22 localhost app-49: [WebFilterBase] <> INFO  Adding Category: ( 44, Questionable, true, true )
Apr  6 19:29:22 localhost app-49: [WebFilterBase] <> INFO  Adding Category: ( 45, Kids, false, false )
Apr  6 19:29:22 localhost app-49: [WebFilterBase] <> INFO  Adding Category: ( 46, Hate and Racism, false, false )
Apr  6 19:29:22 localhost app-49: [WebFilterBase] <> INFO  Adding Category: ( 47, Personal Storage, false, false )
Apr  6 19:29:22 localhost app-49: [WebFilterBase] <> INFO  Adding Category: ( 48, Violence, false, false )
Apr  6 19:29:22 localhost app-49: [WebFilterBase] <> INFO  Adding Category: ( 49, Keyloggers and Monitoring, true, true )
Apr  6 19:29:22 localhost app-49: [WebFilterBase] <> INFO  Adding Category: ( 50, Search Engines, false, false )
Apr  6 19:29:22 localhost app-49: [WebFilterBase] <> INFO  Adding Category: ( 51, Internet Portals, false, false )
Apr  6 19:29:22 localhost app-49: [WebFilterBase] <> INFO  Adding Category: ( 52, Web Advertisements, false, false )
Apr  6 19:29:22 localhost app-49: [WebFilterBase] <> INFO  Adding Category: ( 53, Cheating, false, false )
Apr  6 19:29:22 localhost app-49: [WebFilterBase] <> INFO  Adding Category: ( 54, Gross, false, false )
Apr  6 19:29:22 localhost app-49: [WebFilterBase] <> INFO  Adding Category: ( 55, Web-based Email, false, false )
Apr  6 19:29:22 localhost app-49: [WebFilterBase] <> INFO  Adding Category: ( 56, Malware Sites, true, true )
Apr  6 19:29:22 localhost app-49: [WebFilterBase] <> INFO  Adding Category: ( 57, Phishing and Other Frauds, true, true )
Apr  6 19:29:22 localhost app-49: [WebFilterBase] <> INFO  Adding Category: ( 58, Proxy Avoidance and Anonymizers, true, true )
Apr  6 19:29:22 localhost app-49: [WebFilterBase] <> INFO  Adding Category: ( 59, Spyware and Adware, true, true )
Apr  6 19:29:22 localhost app-49: [WebFilterBase] <> INFO  Adding Category: ( 60, Music, false, false )
Apr  6 19:29:22 localhost app-49: [WebFilterBase] <> INFO  Adding Category: ( 61, Government, false, false )
Apr  6 19:29:22 localhost app-49: [WebFilterBase] <> INFO  Adding Category: ( 62, Nudity, false, false )
Apr  6 19:29:22 localhost app-49: [WebFilterBase] <> INFO  Adding Category: ( 63, News and Media, false, false )
Apr  6 19:29:22 localhost app-49: [WebFilterBase] <> INFO  Adding Category: ( 64, Illegal, false, false )
Apr  6 19:29:22 localhost app-49: [WebFilterBase] <> INFO  Adding Category: ( 65, Content Delivery Networks, false, false )
Apr  6 19:29:22 localhost app-49: [WebFilterBase] <> INFO  Adding Category: ( 66, Internet Communications, false, false )
Apr  6 19:29:22 localhost app-49: [WebFilterBase] <> INFO  Adding Category: ( 67, Bot Nets, true, true )
Apr  6 19:29:22 localhost app-49: [WebFilterBase] <> INFO  Adding Category: ( 68, Abortion, false, false )
Apr  6 19:29:22 localhost app-49: [WebFilterBase] <> INFO  Adding Category: ( 69, Health and Medicine, false, false )
Apr  6 19:29:22 localhost app-49: [WebFilterBase] <> INFO  Adding Category: ( 71, SPAM URLs, false, false )
Apr  6 19:29:22 localhost app-49: [WebFilterBase] <> INFO  Adding Category: ( 74, Dynamically Generated Content, false, false )
Apr  6 19:29:22 localhost app-49: [WebFilterBase] <> INFO  Adding Category: ( 75, Parked Domains, false, false )
Apr  6 19:29:22 localhost app-49: [WebFilterBase] <> INFO  Adding Category: ( 76, Alcohol and Tobacco, false, false )
Apr  6 19:29:22 localhost app-49: [WebFilterBase] <> INFO  Adding Category: ( 78, Image and Video Search, false, false )
Apr  6 19:29:22 localhost app-49: [WebFilterBase] <> INFO  Adding Category: ( 79, Fashion and Beauty, false, false )
Apr  6 19:29:22 localhost app-49: [WebFilterBase] <> INFO  Adding Category: ( 80, Recreation and Hobbies, false, false )
Apr  6 19:29:22 localhost app-49: [WebFilterBase] <> INFO  Adding Category: ( 81, Motor Vehicles, false, false )
Apr  6 19:29:22 localhost app-49: [WebFilterBase] <> INFO  Adding Category: ( 82, Web Hosting, false, false )
May 18 11:02:05 localhost app-49: [AdBlockerApp] <> INFO  Loading Filters...
May 18 11:02:05 localhost app-49: [AdBlockerApp] <> INFO  12901 url blocking rules loaded
May 18 11:02:05 localhost app-49: [AdBlockerApp] <> INFO  219 url passing rules loaded
May 18 11:02:06 localhost app-49: [AdBlockerApp] <> INFO  Loading Settings...
May 18 11:02:13 localhost app-49: [AppBase] <> INFO  Starting   ad-blocker [49] ...
May 18 11:02:13 localhost app-49: [AppBase] <> INFO  Started    ad-blocker [49] ...
May 18 11:06:56 localhost app-49: [AppBase] <> INFO  Stopping   ad-blocker [49] ...
May 18 11:06:56 localhost app-49: [AppBase] <> INFO  Stopped    ad-blocker [49] ...
May 18 11:07:08 localhost app-49: [AdBlockerApp] <> INFO  Loading Settings...
May 18 11:07:09 localhost app-49: [AppBase] <> INFO  Starting   ad-blocker [49] ...
May 18 11:07:09 localhost app-49: [AppBase] <> INFO  Started    ad-blocker [49] ...
May 18 12:04:21 localhost app-49: [AppBase] <> INFO  Stopping   ad-blocker [49] ...
May 18 12:04:21 localhost app-49: [AppBase] <> INFO  Stopped    ad-blocker [49] ...
May 18 12:04:47 localhost app-49: [AdBlockerApp] <> INFO  Loading Settings...
May 18 12:04:48 localhost app-49: [AppBase] <> INFO  Starting   ad-blocker [49] ...
May 18 12:04:48 localhost app-49: [AppBase] <> INFO  Started    ad-blocker [49] ...
May 18 12:12:27 localhost app-49: [AppBase] <> INFO  Stopping   ad-blocker [49] ...
May 18 12:12:27 localhost app-49: [AppBase] <> INFO  Stopped    ad-blocker [49] ...
May 18 12:12:31 localhost app-49: [AdBlockerApp] <> INFO  Loading Settings...
May 18 12:12:32 localhost app-49: [AppBase] <> INFO  Starting   ad-blocker [49] ...
May 18 12:12:32 localhost app-49: [AppBase] <> INFO  Started    ad-blocker [49] ...
May 18 12:13:48 localhost app-49: [AppBase] <> INFO  Stopping   ad-blocker [49] ...
May 18 12:13:48 localhost app-49: [AppBase] <> INFO  Stopped    ad-blocker [49] ...
May 20 11:51:58 localhost app-49: [AdBlockerApp] <> INFO  Loading Settings...
May 20 11:51:58 localhost app-49: [AppBase] <> INFO  Starting   ad-blocker [49] ...
May 20 11:51:58 localhost app-49: [AppBase] <> INFO  Started    ad-blocker [49] ...
May 20 13:43:09 localhost app-49: [AppBase] <> INFO  Stopping   ad-blocker [49] ...
May 20 13:43:09 localhost app-49: [AppBase] <> INFO  Stopped    ad-blocker [49] ...
May 20 13:43:14 localhost app-49: [AdBlockerApp] <> INFO  Loading Settings...
May 20 13:43:15 localhost app-49: [AppBase] <> INFO  Starting   ad-blocker [49] ...
May 20 13:43:15 localhost app-49: [AppBase] <> INFO  Started    ad-blocker [49] ...
May 20 13:45:13 localhost app-49: [AppBase] <> INFO  Stopping   ad-blocker [49] ...
May 20 13:45:13 localhost app-49: [AppBase] <> INFO  Stopped    ad-blocker [49] ...
