May 26 11:28:58 localhost app-22: [BandwidthControlApp] <> INFO  Initializing Settings...
May 26 11:28:58 localhost app-22: [BandwidthControlApp] <> INFO  Loading Settings...
May 26 11:28:58 localhost app-22: [AppBase] <> INFO  Starting   bandwidth-control [22] ...
May 26 11:28:58 localhost app-22: [AppBase] <> INFO  Started    bandwidth-control [22] ...
May 26 11:32:44 localhost app-22: [AppBase] <> INFO  Stopping   bandwidth-control [22] ...
May 26 11:32:44 localhost app-22: [AppBase] <> INFO  Stopped    bandwidth-control [22] ...
May 26 11:32:44 localhost app-22: [AppBase] <> INFO  Destroying bandwidth-control [22] ...
May 26 11:32:45 localhost app-22: [AppBase] <> INFO  Destroyed  bandwidth-control [22] ...
Aug 17 12:38:17 localhost app-22: [IntrusionPreventionApp] <> INFO  Loading settings from /root/development/github/ngfw_src/dist/usr/share/untangle/settings/intrusion-prevention/settings_22.js
Aug 17 12:38:17 localhost app-22: [IntrusionPreventionApp] <> WARN  No settings found - Initializing new settings.
Aug 17 12:38:18 localhost app-22: [IntrusionPreventionApp] <> WARN  reconfigure: intrusion-prevention-create-config: Unable to read settings
Aug 17 12:38:19 localhost app-22: [IntrusionPreventionApp] <> WARN  reconfigure: intrusion-prevention-create-config: Unable to read settings
Aug 17 13:06:46 localhost app-22: [AppBase] <> INFO  Starting   intrusion-prevention [22] ...
Aug 17 13:06:47 localhost app-22: [IntrusionPreventionApp] <> INFO  /etc/untangle/iptables-rules.d/740-suricata: 
Aug 17 13:06:47 localhost app-22: [IntrusionPreventionApp] <> INFO  /etc/untangle/iptables-rules.d/740-suricata: [Mon 17 Aug 2020 01:06:46 PM EDT] suricata is running. Inserting rules.
Aug 17 13:06:47 localhost app-22: [AppBase] <> INFO  Started    intrusion-prevention [22] ...
Aug 17 13:08:35 localhost app-22: [AppBase] <> INFO  Stopping   intrusion-prevention [22] ...
Aug 17 13:08:35 localhost app-22: [IntrusionPreventionEventMonitor] <> INFO  ips event monitor was interrupted
Aug 17 13:08:37 localhost app-22: [IntrusionPreventionApp] <> INFO  /etc/untangle/iptables-rules.d/740-suricata: 
Aug 17 13:08:37 localhost app-22: [IntrusionPreventionApp] <> INFO  /etc/untangle/iptables-rules.d/740-suricata: [Mon 17 Aug 2020 01:08:37 PM EDT] Suricata is not running - not inserting rules for suricata
Aug 17 13:08:37 localhost app-22: [AppBase] <> INFO  Stopped    intrusion-prevention [22] ...
Aug 25 09:08:02 localhost app-22: [IntrusionPreventionApp] <> INFO  Loading settings from /root/development/github/ngfw_src/dist/usr/share/untangle/settings/intrusion-prevention/settings_22.js
Aug 25 09:08:02 localhost app-22: [IntrusionPreventionApp] <> INFO  Loading Settings...
Aug 27 09:25:08 localhost app-22: [IntrusionPreventionApp] <> INFO  Loading settings from /root/development/github/ngfw_src/dist/usr/share/untangle/settings/intrusion-prevention/settings_22.js
Aug 27 09:25:09 localhost app-22: [IntrusionPreventionApp] <> INFO  Loading Settings...
Aug 27 09:25:20 localhost app-22: [IntrusionPreventionApp] <> WARN  reconfigure: intrusion-prevention-create-config: Unable to read settings
Aug 27 09:25:21 localhost app-22: [IntrusionPreventionApp] <> WARN  reconfigure: intrusion-prevention-create-config: Unable to read settings
Aug 28 13:46:19 localhost app-22: [IntrusionPreventionApp] <> INFO  Loading settings from /root/development/github/ngfw_src/dist/usr/share/untangle/settings/intrusion-prevention/settings_22.js
Aug 28 13:46:20 localhost app-22: [IntrusionPreventionApp] <> INFO  Loading Settings...
Aug 28 13:46:23 localhost app-22: [IntrusionPreventionApp] <> WARN  reconfigure: intrusion-prevention-create-config: Unable to read settings
Aug 28 14:02:11 localhost app-22: [IntrusionPreventionApp] <> INFO  Loading settings from /root/development/github/ngfw_src/dist/usr/share/untangle/settings/intrusion-prevention/settings_22.js
Aug 28 14:02:11 localhost app-22: [IntrusionPreventionApp] <> INFO  Loading Settings...
Aug 28 14:02:14 localhost app-22: [IntrusionPreventionApp] <> WARN  reconfigure: intrusion-prevention-create-config: Unable to read settings
Aug 29 11:49:42 localhost app-22: [IntrusionPreventionApp] <> INFO  Loading settings from /root/development/github/ngfw_src/dist/usr/share/untangle/settings/intrusion-prevention/settings_22.js
Aug 29 11:49:42 localhost app-22: [IntrusionPreventionApp] <> INFO  Loading Settings...
Aug 29 11:49:55 localhost app-22: [IntrusionPreventionApp] <> WARN  reconfigure: intrusion-prevention-create-config: Unable to read settings
Aug 31 09:09:25 localhost app-22: [IntrusionPreventionApp] <> INFO  Loading settings from /root/development/github/ngfw_src/dist/usr/share/untangle/settings/intrusion-prevention/settings_22.js
Aug 31 09:09:25 localhost app-22: [IntrusionPreventionApp] <> INFO  Loading Settings...
Aug 31 09:09:31 localhost app-22: [IntrusionPreventionApp] <> WARN  reconfigure: intrusion-prevention-create-config: Unable to read settings
Aug 31 09:22:18 localhost app-22: [IntrusionPreventionApp] <> INFO  Loading settings from /root/development/github/ngfw_src/dist/usr/share/untangle/settings/intrusion-prevention/settings_22.js
Aug 31 09:22:18 localhost app-22: [IntrusionPreventionApp] <> INFO  Loading Settings...
Aug 31 09:22:20 localhost app-22: [IntrusionPreventionApp] <> WARN  reconfigure: intrusion-prevention-create-config: Unable to read settings
Sep  2 09:25:53 localhost app-22: [IntrusionPreventionApp] <> INFO  Loading settings from /root/development/github/ngfw_src/dist/usr/share/untangle/settings/intrusion-prevention/settings_22.js
Sep  2 09:25:53 localhost app-22: [IntrusionPreventionApp] <> INFO  Loading Settings...
Sep  2 09:25:56 localhost app-22: [IntrusionPreventionApp] <> WARN  reconfigure: intrusion-prevention-create-config: Unable to read settings
Sep  2 09:35:49 localhost app-22: [IntrusionPreventionApp] <> INFO  Loading settings from /root/development/github/ngfw_src/dist/usr/share/untangle/settings/intrusion-prevention/settings_22.js
Sep  2 09:35:49 localhost app-22: [IntrusionPreventionApp] <> INFO  Loading Settings...
Sep  2 09:35:54 localhost app-22: [IntrusionPreventionApp] <> WARN  reconfigure: intrusion-prevention-create-config: Unable to read settings
Sep  2 09:40:46 localhost app-22: [IntrusionPreventionApp] <> INFO  Loading settings from /root/development/github/ngfw_src/dist/usr/share/untangle/settings/intrusion-prevention/settings_22.js
Sep  2 09:40:46 localhost app-22: [IntrusionPreventionApp] <> INFO  Loading Settings...
Sep  2 09:40:50 localhost app-22: [IntrusionPreventionApp] <> WARN  reconfigure: intrusion-prevention-create-config: Unable to read settings
Sep  2 09:52:23 localhost app-22: [IntrusionPreventionApp] <> INFO  Loading settings from /root/development/github/ngfw_src/dist/usr/share/untangle/settings/intrusion-prevention/settings_22.js
Sep  2 09:52:23 localhost app-22: [IntrusionPreventionApp] <> INFO  Loading Settings...
Sep  2 09:52:26 localhost app-22: [IntrusionPreventionApp] <> WARN  reconfigure: intrusion-prevention-create-config: Unable to read settings
Sep  2 09:55:18 localhost app-22: [IntrusionPreventionApp] <> INFO  Loading settings from /root/development/github/ngfw_src/dist/usr/share/untangle/settings/intrusion-prevention/settings_22.js
Sep  2 09:55:18 localhost app-22: [IntrusionPreventionApp] <> INFO  Loading Settings...
Sep  2 09:55:22 localhost app-22: [IntrusionPreventionApp] <> WARN  reconfigure: intrusion-prevention-create-config: Unable to read settings
Sep  2 09:57:12 localhost app-22: [IntrusionPreventionApp] <> INFO  Loading settings from /root/development/github/ngfw_src/dist/usr/share/untangle/settings/intrusion-prevention/settings_22.js
Sep  2 09:57:12 localhost app-22: [IntrusionPreventionApp] <> INFO  Loading Settings...
Sep  2 09:57:15 localhost app-22: [IntrusionPreventionApp] <> WARN  reconfigure: intrusion-prevention-create-config: Unable to read settings
Sep  2 10:22:04 localhost app-22: [IntrusionPreventionApp] <> INFO  Loading settings from /root/development/github/ngfw_src/dist/usr/share/untangle/settings/intrusion-prevention/settings_22.js
Sep  2 10:22:04 localhost app-22: [IntrusionPreventionApp] <> INFO  Loading Settings...
Sep  2 10:22:08 localhost app-22: [IntrusionPreventionApp] <> WARN  reconfigure: intrusion-prevention-create-config: Unable to read settings
Sep  3 14:28:51 localhost app-22: [IntrusionPreventionApp] <> INFO  Loading settings from /root/development/github/ngfw_src/dist/usr/share/untangle/settings/intrusion-prevention/settings_22.js
Sep  3 14:28:51 localhost app-22: [IntrusionPreventionApp] <> INFO  Loading Settings...
Sep  3 14:29:00 localhost app-22: [IntrusionPreventionApp] <> WARN  reconfigure: intrusion-prevention-create-config: Unable to read settings
Sep  4 09:04:00 localhost app-22: [IntrusionPreventionApp] <> INFO  Loading settings from /root/development/github/ngfw_src/dist/usr/share/untangle/settings/intrusion-prevention/settings_22.js
Sep  4 09:04:00 localhost app-22: [IntrusionPreventionApp] <> INFO  Loading Settings...
Sep  4 09:04:06 localhost app-22: [IntrusionPreventionApp] <> WARN  reconfigure: intrusion-prevention-create-config: Unable to read settings
Sep  4 09:10:05 localhost app-22: [IntrusionPreventionApp] <> INFO  Loading settings from /root/development/github/ngfw_src/dist/usr/share/untangle/settings/intrusion-prevention/settings_22.js
Sep  4 09:10:05 localhost app-22: [IntrusionPreventionApp] <> INFO  Loading Settings...
Sep  4 09:10:08 localhost app-22: [IntrusionPreventionApp] <> WARN  reconfigure: intrusion-prevention-create-config: Unable to read settings
Sep  4 09:10:46 localhost app-22: [IntrusionPreventionApp] <> INFO  Loading settings from /root/development/github/ngfw_src/dist/usr/share/untangle/settings/intrusion-prevention/settings_22.js
Sep  4 09:10:46 localhost app-22: [IntrusionPreventionApp] <> INFO  Loading Settings...
Sep  4 09:10:47 localhost app-22: [IntrusionPreventionApp] <> WARN  reconfigure: intrusion-prevention-create-config: Unable to read settings
Sep  4 09:12:24 localhost app-22: [IntrusionPreventionApp] <> INFO  Loading settings from /root/development/github/ngfw_src/dist/usr/share/untangle/settings/intrusion-prevention/settings_22.js
Sep  4 09:12:24 localhost app-22: [IntrusionPreventionApp] <> INFO  Loading Settings...
Sep  4 09:12:25 localhost app-22: [IntrusionPreventionApp] <> WARN  reconfigure: intrusion-prevention-create-config: Unable to read settings
Sep  4 09:28:53 localhost app-22: [IntrusionPreventionApp] <> INFO  Loading settings from /root/development/github/ngfw_src/dist/usr/share/untangle/settings/intrusion-prevention/settings_22.js
Sep  4 09:28:53 localhost app-22: [IntrusionPreventionApp] <> INFO  Loading Settings...
Sep  4 09:28:53 localhost app-22: [IntrusionPreventionApp] <> WARN  reconfigure: intrusion-prevention-create-config: Unable to read settings
Sep  4 09:55:02 localhost app-22: [IntrusionPreventionApp] <> INFO  Loading settings from /root/development/github/ngfw_src/dist/usr/share/untangle/settings/intrusion-prevention/settings_22.js
Sep  4 09:55:02 localhost app-22: [IntrusionPreventionApp] <> INFO  Loading Settings...
Sep  4 09:55:03 localhost app-22: [IntrusionPreventionApp] <> WARN  reconfigure: intrusion-prevention-create-config: Unable to read settings
Sep  4 09:56:23 localhost app-22: [IntrusionPreventionApp] <> INFO  Loading settings from /root/development/github/ngfw_src/dist/usr/share/untangle/settings/intrusion-prevention/settings_22.js
Sep  4 09:56:23 localhost app-22: [IntrusionPreventionApp] <> INFO  Loading Settings...
Sep  4 09:56:24 localhost app-22: [IntrusionPreventionApp] <> WARN  reconfigure: intrusion-prevention-create-config: Unable to read settings
Sep  4 09:57:31 localhost app-22: [IntrusionPreventionApp] <> INFO  Loading settings from /root/development/github/ngfw_src/dist/usr/share/untangle/settings/intrusion-prevention/settings_22.js
Sep  4 09:57:31 localhost app-22: [IntrusionPreventionApp] <> INFO  Loading Settings...
Sep  4 09:57:32 localhost app-22: [IntrusionPreventionApp] <> WARN  reconfigure: intrusion-prevention-create-config: Unable to read settings
Sep  4 09:58:49 localhost app-22: [IntrusionPreventionApp] <> INFO  Loading settings from /root/development/github/ngfw_src/dist/usr/share/untangle/settings/intrusion-prevention/settings_22.js
Sep  4 09:58:49 localhost app-22: [IntrusionPreventionApp] <> INFO  Loading Settings...
Sep  4 09:58:50 localhost app-22: [IntrusionPreventionApp] <> WARN  reconfigure: intrusion-prevention-create-config: Unable to read settings
Sep  4 10:08:45 localhost app-22: [IntrusionPreventionApp] <> INFO  Loading settings from /root/development/github/ngfw_src/dist/usr/share/untangle/settings/intrusion-prevention/settings_22.js
Sep  4 10:08:45 localhost app-22: [IntrusionPreventionApp] <> INFO  Loading Settings...
Sep  4 10:08:46 localhost app-22: [IntrusionPreventionApp] <> WARN  reconfigure: intrusion-prevention-create-config: Unable to read settings
Sep  4 10:13:46 localhost app-22: [IntrusionPreventionApp] <> INFO  Loading settings from /root/development/github/ngfw_src/dist/usr/share/untangle/settings/intrusion-prevention/settings_22.js
Sep  4 10:13:46 localhost app-22: [IntrusionPreventionApp] <> INFO  Loading Settings...
Sep  4 10:13:48 localhost app-22: [IntrusionPreventionApp] <> WARN  reconfigure: intrusion-prevention-create-config: Unable to read settings
Sep 18 13:35:39 localhost app-22: [IntrusionPreventionApp] <> INFO  Loading settings from /root/development/github/ngfw_src/dist/usr/share/untangle/settings/intrusion-prevention/settings_22.js
Sep 18 13:35:39 localhost app-22: [IntrusionPreventionApp] <> WARN  No settings found - Initializing new settings.
Sep 18 13:35:39 localhost app-22: [IntrusionPreventionApp] <> WARN  reconfigure: intrusion-prevention-create-config: Unable to read settings
Sep 18 13:35:40 localhost app-22: [IntrusionPreventionApp] <> WARN  reconfigure: intrusion-prevention-create-config: Unable to read settings
Sep 18 13:56:54 localhost app-22: [IntrusionPreventionApp] <> INFO  Loading settings from /root/development/github/ngfw_src/dist/usr/share/untangle/settings/intrusion-prevention/settings_22.js
Sep 18 13:56:54 localhost app-22: [IntrusionPreventionApp] <> INFO  Loading Settings...
Sep 18 13:57:24 localhost app-22: [AppBase] <> INFO  Destroying intrusion-prevention [22] ...
Sep 18 13:57:24 localhost app-22: [AppBase] <> INFO  Destroyed  intrusion-prevention [22] ...
Sep 25 09:20:09 localhost app-22: [AppBase] <> INFO  Starting   live-support [22] ...
Sep 25 09:20:09 localhost app-22: [AppBase] <> INFO  Started    live-support [22] ...
Sep 25 09:23:48 localhost app-22: [AppBase] <> INFO  No valid license for: live-support
Sep 25 09:23:48 localhost app-22: [AppBase] <> INFO  Requesting trial for: live-support
Sep 25 09:24:10 localhost app-22: [AppBase] <> WARN  Exception fetching trial license. Ignoring...
Sep 25 09:24:10 localhost app-22:       java.lang.Exception: Unable to fetch trial license: DNS lookup failed.
Sep 25 09:24:10 localhost app-22:       com.untangle.app.license.LicenseManagerImpl.requestTrialLicense(LicenseManagerImpl.java:493)
Sep 25 09:24:10 localhost app-22:       com.untangle.uvm.app.AppBase.init(AppBase.java:857)
Sep 25 09:24:10 localhost app-22:       com.untangle.uvm.app.AppBase.resumeState(AppBase.java:245)
Sep 25 09:24:10 localhost app-22:       com.untangle.uvm.app.AppBase.loadClass(AppBase.java:373)
Sep 25 09:24:10 localhost app-22:       com.untangle.uvm.AppManagerImpl$3.run(AppManagerImpl.java:1128)
Sep 25 09:24:10 localhost app-22:       com.untangle.uvm.UvmContextImpl$1.run(UvmContextImpl.java:654)
Sep 25 09:24:10 localhost app-22:       java.base/java.lang.Thread.run(Thread.java:834)
Sep 25 09:24:10 localhost app-22: [AppBase] <> INFO  Starting   live-support [22] ...
Sep 25 09:24:10 localhost app-22: [AppBase] <> INFO  Started    live-support [22] ...
Sep 25 09:27:24 localhost app-22: [AppBase] <> INFO  No valid license for: live-support
Sep 25 09:27:24 localhost app-22: [AppBase] <> INFO  Requesting trial for: live-support
Sep 25 09:27:46 localhost app-22: [AppBase] <> WARN  Exception fetching trial license. Ignoring...
Sep 25 09:27:46 localhost app-22:       java.lang.Exception: Unable to fetch trial license: DNS lookup failed.
Sep 25 09:27:46 localhost app-22:       com.untangle.app.license.LicenseManagerImpl.requestTrialLicense(LicenseManagerImpl.java:493)
Sep 25 09:27:46 localhost app-22:       com.untangle.uvm.app.AppBase.init(AppBase.java:857)
Sep 25 09:27:46 localhost app-22:       com.untangle.uvm.app.AppBase.resumeState(AppBase.java:245)
Sep 25 09:27:46 localhost app-22:       com.untangle.uvm.app.AppBase.loadClass(AppBase.java:373)
Sep 25 09:27:46 localhost app-22:       com.untangle.uvm.AppManagerImpl$3.run(AppManagerImpl.java:1128)
Sep 25 09:27:46 localhost app-22:       com.untangle.uvm.UvmContextImpl$1.run(UvmContextImpl.java:654)
Sep 25 09:27:46 localhost app-22:       java.base/java.lang.Thread.run(Thread.java:834)
Sep 25 09:27:46 localhost app-22: [AppBase] <> INFO  Starting   live-support [22] ...
Sep 25 09:27:46 localhost app-22: [AppBase] <> INFO  Started    live-support [22] ...
Sep 25 09:31:02 localhost app-22: [AppBase] <> INFO  No valid license for: live-support
Sep 25 09:31:02 localhost app-22: [AppBase] <> INFO  Requesting trial for: live-support
Sep 25 09:31:25 localhost app-22: [AppBase] <> WARN  Exception fetching trial license. Ignoring...
Sep 25 09:31:25 localhost app-22:       java.lang.Exception: Unable to fetch trial license: DNS lookup failed.
Sep 25 09:31:25 localhost app-22:       com.untangle.app.license.LicenseManagerImpl.requestTrialLicense(LicenseManagerImpl.java:493)
Sep 25 09:31:25 localhost app-22:       com.untangle.uvm.app.AppBase.init(AppBase.java:857)
Sep 25 09:31:25 localhost app-22:       com.untangle.uvm.app.AppBase.resumeState(AppBase.java:245)
Sep 25 09:31:25 localhost app-22:       com.untangle.uvm.app.AppBase.loadClass(AppBase.java:373)
Sep 25 09:31:25 localhost app-22:       com.untangle.uvm.AppManagerImpl$3.run(AppManagerImpl.java:1128)
Sep 25 09:31:25 localhost app-22:       com.untangle.uvm.UvmContextImpl$1.run(UvmContextImpl.java:654)
Sep 25 09:31:25 localhost app-22:       java.base/java.lang.Thread.run(Thread.java:834)
Sep 25 09:31:25 localhost app-22: [AppBase] <> INFO  Starting   live-support [22] ...
Sep 25 09:31:25 localhost app-22: [AppBase] <> INFO  Started    live-support [22] ...
Sep 25 09:33:44 localhost app-22: [AppBase] <> INFO  Stopping   live-support [22] ...
Sep 25 09:33:44 localhost app-22: [AppBase] <> INFO  Stopped    live-support [22] ...
Sep 25 09:33:59 localhost app-22: [AppBase] <> INFO  No valid license for: live-support
Sep 25 09:33:59 localhost app-22: [AppBase] <> INFO  Requesting trial for: live-support
Sep 25 09:34:25 localhost app-22: [AppBase] <> INFO  Starting   live-support [22] ...
Sep 25 09:34:25 localhost app-22: [AppBase] <> INFO  Started    live-support [22] ...
Sep 25 09:37:49 localhost app-22: [AppBase] <> INFO  Stopping   live-support [22] ...
Sep 25 09:37:49 localhost app-22: [AppBase] <> INFO  Stopped    live-support [22] ...
Sep 25 09:38:01 localhost app-22: [AppBase] <> INFO  Starting   live-support [22] ...
Sep 25 09:38:01 localhost app-22: [AppBase] <> INFO  Started    live-support [22] ...
Sep 25 09:40:37 localhost app-22: [AppBase] <> INFO  Stopping   live-support [22] ...
Sep 25 09:40:37 localhost app-22: [AppBase] <> INFO  Stopped    live-support [22] ...
Sep 25 09:40:50 localhost app-22: [AppBase] <> INFO  Starting   live-support [22] ...
Sep 25 09:40:50 localhost app-22: [AppBase] <> INFO  Started    live-support [22] ...
Sep 25 09:42:12 localhost app-22: [AppBase] <> INFO  Stopping   live-support [22] ...
Sep 25 09:42:12 localhost app-22: [AppBase] <> INFO  Stopped    live-support [22] ...
Sep 25 09:42:24 localhost app-22: [AppBase] <> INFO  Starting   live-support [22] ...
Sep 25 09:42:24 localhost app-22: [AppBase] <> INFO  Started    live-support [22] ...
Sep 25 09:45:27 localhost app-22: [AppBase] <> INFO  Stopping   live-support [22] ...
Sep 25 09:45:27 localhost app-22: [AppBase] <> INFO  Stopped    live-support [22] ...
Sep 25 09:45:40 localhost app-22: [AppBase] <> INFO  Starting   live-support [22] ...
Sep 25 09:45:40 localhost app-22: [AppBase] <> INFO  Started    live-support [22] ...
Sep 25 09:52:35 localhost app-22: [AppBase] <> INFO  Stopping   live-support [22] ...
Sep 25 09:52:35 localhost app-22: [AppBase] <> INFO  Stopped    live-support [22] ...
Sep 25 09:52:47 localhost app-22: [AppBase] <> INFO  Starting   live-support [22] ...
Sep 25 09:52:47 localhost app-22: [AppBase] <> INFO  Started    live-support [22] ...
Sep 25 09:53:27 localhost app-22: [AppBase] <> INFO  Stopping   live-support [22] ...
Sep 25 09:53:27 localhost app-22: [AppBase] <> INFO  Stopped    live-support [22] ...
Sep 25 09:53:39 localhost app-22: [AppBase] <> INFO  Starting   live-support [22] ...
Sep 25 09:53:39 localhost app-22: [AppBase] <> INFO  Started    live-support [22] ...
Sep 25 09:55:51 localhost app-22: [AppBase] <> INFO  Stopping   live-support [22] ...
Sep 25 09:55:51 localhost app-22: [AppBase] <> INFO  Stopped    live-support [22] ...
Sep 25 09:56:03 localhost app-22: [AppBase] <> INFO  Starting   live-support [22] ...
Sep 25 09:56:03 localhost app-22: [AppBase] <> INFO  Started    live-support [22] ...
Sep 25 09:56:31 localhost app-22: [AppBase] <> INFO  Stopping   live-support [22] ...
Sep 25 09:56:31 localhost app-22: [AppBase] <> INFO  Stopped    live-support [22] ...
Sep 25 09:56:45 localhost app-22: [AppBase] <> INFO  Starting   live-support [22] ...
Sep 25 09:56:45 localhost app-22: [AppBase] <> INFO  Started    live-support [22] ...
Sep 25 09:57:56 localhost app-22: [AppBase] <> INFO  Stopping   live-support [22] ...
Sep 25 09:57:56 localhost app-22: [AppBase] <> INFO  Stopped    live-support [22] ...
Sep 25 09:58:08 localhost app-22: [AppBase] <> INFO  Starting   live-support [22] ...
Sep 25 09:58:08 localhost app-22: [AppBase] <> INFO  Started    live-support [22] ...
Sep 25 09:59:18 localhost app-22: [AppBase] <> INFO  Stopping   live-support [22] ...
Sep 25 09:59:18 localhost app-22: [AppBase] <> INFO  Stopped    live-support [22] ...
Sep 25 09:59:30 localhost app-22: [AppBase] <> INFO  Starting   live-support [22] ...
Sep 25 09:59:30 localhost app-22: [AppBase] <> INFO  Started    live-support [22] ...
Sep 25 10:00:26 localhost app-22: [AppBase] <> INFO  Stopping   live-support [22] ...
Sep 25 10:00:26 localhost app-22: [AppBase] <> INFO  Stopped    live-support [22] ...
Sep 25 10:00:38 localhost app-22: [AppBase] <> INFO  Starting   live-support [22] ...
Sep 25 10:00:38 localhost app-22: [AppBase] <> INFO  Started    live-support [22] ...
Sep 25 10:02:51 localhost app-22: [AppBase] <> INFO  Stopping   live-support [22] ...
Sep 25 10:02:51 localhost app-22: [AppBase] <> INFO  Stopped    live-support [22] ...
Sep 25 10:03:04 localhost app-22: [AppBase] <> INFO  Starting   live-support [22] ...
Sep 25 10:03:04 localhost app-22: [AppBase] <> INFO  Started    live-support [22] ...
Sep 25 10:06:10 localhost app-22: [AppBase] <> INFO  Stopping   live-support [22] ...
Sep 25 10:06:10 localhost app-22: [AppBase] <> INFO  Stopped    live-support [22] ...
Sep 25 10:06:29 localhost app-22: [AppBase] <> INFO  Starting   live-support [22] ...
Sep 25 10:06:29 localhost app-22: [AppBase] <> INFO  Started    live-support [22] ...
Sep 25 10:08:15 localhost app-22: [AppBase] <> INFO  Stopping   live-support [22] ...
Sep 25 10:08:15 localhost app-22: [AppBase] <> INFO  Stopped    live-support [22] ...
Sep 25 10:08:33 localhost app-22: [AppBase] <> INFO  Starting   live-support [22] ...
Sep 25 10:08:33 localhost app-22: [AppBase] <> INFO  Started    live-support [22] ...
Sep 25 10:12:53 localhost app-22: [AppBase] <> INFO  Stopping   live-support [22] ...
Sep 25 10:12:53 localhost app-22: [AppBase] <> INFO  Stopped    live-support [22] ...
Sep 25 10:13:07 localhost app-22: [AppBase] <> INFO  Starting   live-support [22] ...
Sep 25 10:13:07 localhost app-22: [AppBase] <> INFO  Started    live-support [22] ...
Sep 25 10:15:09 localhost app-22: [AppBase] <> INFO  Stopping   live-support [22] ...
Sep 25 10:15:09 localhost app-22: [AppBase] <> INFO  Stopped    live-support [22] ...
Sep 25 10:15:23 localhost app-22: [AppBase] <> INFO  Starting   live-support [22] ...
Sep 25 10:15:23 localhost app-22: [AppBase] <> INFO  Started    live-support [22] ...
Sep 25 10:16:42 localhost app-22: [AppBase] <> INFO  Stopping   live-support [22] ...
Sep 25 10:16:42 localhost app-22: [AppBase] <> INFO  Stopped    live-support [22] ...
Sep 25 10:16:55 localhost app-22: [AppBase] <> INFO  Starting   live-support [22] ...
Sep 25 10:16:55 localhost app-22: [AppBase] <> INFO  Started    live-support [22] ...
Sep 25 10:30:22 localhost app-22: [AppBase] <> INFO  Stopping   live-support [22] ...
Sep 25 10:30:22 localhost app-22: [AppBase] <> INFO  Stopped    live-support [22] ...
Sep 25 10:30:35 localhost app-22: [AppBase] <> INFO  Starting   live-support [22] ...
Sep 25 10:30:35 localhost app-22: [AppBase] <> INFO  Started    live-support [22] ...
Sep 25 10:34:13 localhost app-22: [AppBase] <> INFO  Stopping   live-support [22] ...
Sep 25 10:34:13 localhost app-22: [AppBase] <> INFO  Stopped    live-support [22] ...
Sep 25 10:34:25 localhost app-22: [AppBase] <> INFO  Starting   live-support [22] ...
Sep 25 10:34:25 localhost app-22: [AppBase] <> INFO  Started    live-support [22] ...
Sep 25 10:37:00 localhost app-22: [AppBase] <> INFO  Stopping   live-support [22] ...
Sep 25 10:37:00 localhost app-22: [AppBase] <> INFO  Stopped    live-support [22] ...
Sep 25 10:37:14 localhost app-22: [AppBase] <> INFO  Starting   live-support [22] ...
Sep 25 10:37:14 localhost app-22: [AppBase] <> INFO  Started    live-support [22] ...
Sep 25 10:41:43 localhost app-22: [AppBase] <> INFO  Stopping   live-support [22] ...
Sep 25 10:41:43 localhost app-22: [AppBase] <> INFO  Stopped    live-support [22] ...
Sep 25 10:41:56 localhost app-22: [AppBase] <> INFO  Starting   live-support [22] ...
Sep 25 10:41:56 localhost app-22: [AppBase] <> INFO  Started    live-support [22] ...
Sep 25 10:44:34 localhost app-22: [AppBase] <> INFO  Stopping   live-support [22] ...
Sep 25 10:44:34 localhost app-22: [AppBase] <> INFO  Stopped    live-support [22] ...
Sep 25 10:44:48 localhost app-22: [AppBase] <> INFO  Starting   live-support [22] ...
Sep 25 10:44:48 localhost app-22: [AppBase] <> INFO  Started    live-support [22] ...
Sep 25 11:00:55 localhost app-22: [AppBase] <> INFO  Stopping   live-support [22] ...
Sep 25 11:00:55 localhost app-22: [AppBase] <> INFO  Stopped    live-support [22] ...
Sep 25 11:01:08 localhost app-22: [AppBase] <> INFO  Starting   live-support [22] ...
Sep 25 11:01:08 localhost app-22: [AppBase] <> INFO  Started    live-support [22] ...
Sep 25 11:02:37 localhost app-22: [AppBase] <> INFO  Stopping   live-support [22] ...
Sep 25 11:02:37 localhost app-22: [AppBase] <> INFO  Stopped    live-support [22] ...
Sep 25 11:02:49 localhost app-22: [AppBase] <> INFO  Starting   live-support [22] ...
Sep 25 11:02:49 localhost app-22: [AppBase] <> INFO  Started    live-support [22] ...
Sep 25 11:03:21 localhost app-22: [AppBase] <> INFO  Stopping   live-support [22] ...
Sep 25 11:03:21 localhost app-22: [AppBase] <> INFO  Stopped    live-support [22] ...
Sep 25 11:03:33 localhost app-22: [AppBase] <> INFO  Starting   live-support [22] ...
Sep 25 11:03:33 localhost app-22: [AppBase] <> INFO  Started    live-support [22] ...
Sep 25 12:20:01 localhost app-22: [AppBase] <> INFO  Stopping   live-support [22] ...
Sep 25 12:20:01 localhost app-22: [AppBase] <> INFO  Stopped    live-support [22] ...
Sep 25 12:20:14 localhost app-22: [AppBase] <> INFO  Starting   live-support [22] ...
Sep 25 12:20:14 localhost app-22: [AppBase] <> INFO  Started    live-support [22] ...
Sep 25 12:21:45 localhost app-22: [AppBase] <> INFO  Stopping   live-support [22] ...
Sep 25 12:21:45 localhost app-22: [AppBase] <> INFO  Stopped    live-support [22] ...
Sep 25 12:21:57 localhost app-22: [AppBase] <> INFO  Starting   live-support [22] ...
Sep 25 12:21:57 localhost app-22: [AppBase] <> INFO  Started    live-support [22] ...
Sep 25 12:22:38 localhost app-22: [AppBase] <> INFO  Stopping   live-support [22] ...
Sep 25 12:22:38 localhost app-22: [AppBase] <> INFO  Stopped    live-support [22] ...
Sep 25 12:22:50 localhost app-22: [AppBase] <> INFO  Starting   live-support [22] ...
Sep 25 12:22:50 localhost app-22: [AppBase] <> INFO  Started    live-support [22] ...
Sep 25 12:23:34 localhost app-22: [AppBase] <> INFO  Stopping   live-support [22] ...
Sep 25 12:23:34 localhost app-22: [AppBase] <> INFO  Stopped    live-support [22] ...
Sep 25 12:23:48 localhost app-22: [AppBase] <> INFO  Starting   live-support [22] ...
Sep 25 12:23:48 localhost app-22: [AppBase] <> INFO  Started    live-support [22] ...
Sep 25 12:24:19 localhost app-22: [AppBase] <> INFO  Stopping   live-support [22] ...
Sep 25 12:24:19 localhost app-22: [AppBase] <> INFO  Stopped    live-support [22] ...
Sep 25 12:24:31 localhost app-22: [AppBase] <> INFO  Starting   live-support [22] ...
Sep 25 12:24:31 localhost app-22: [AppBase] <> INFO  Started    live-support [22] ...
Sep 25 12:25:58 localhost app-22: [AppBase] <> INFO  Stopping   live-support [22] ...
Sep 25 12:25:58 localhost app-22: [AppBase] <> INFO  Stopped    live-support [22] ...
Sep 25 12:26:11 localhost app-22: [AppBase] <> INFO  Starting   live-support [22] ...
Sep 25 12:26:11 localhost app-22: [AppBase] <> INFO  Started    live-support [22] ...
Sep 25 12:26:50 localhost app-22: [AppBase] <> INFO  Stopping   live-support [22] ...
Sep 25 12:26:50 localhost app-22: [AppBase] <> INFO  Stopped    live-support [22] ...
Sep 25 12:27:03 localhost app-22: [AppBase] <> INFO  Starting   live-support [22] ...
Sep 25 12:27:03 localhost app-22: [AppBase] <> INFO  Started    live-support [22] ...
Sep 25 13:12:18 localhost app-22: [AppBase] <> INFO  Stopping   live-support [22] ...
Sep 25 13:12:18 localhost app-22: [AppBase] <> INFO  Stopped    live-support [22] ...
Sep 25 13:12:30 localhost app-22: [AppBase] <> INFO  Starting   live-support [22] ...
Sep 25 13:12:30 localhost app-22: [AppBase] <> INFO  Started    live-support [22] ...
Sep 25 13:14:47 localhost app-22: [AppBase] <> INFO  Stopping   live-support [22] ...
Sep 25 13:14:47 localhost app-22: [AppBase] <> INFO  Stopped    live-support [22] ...
Sep 25 13:14:56 localhost app-22: [AppBase] <> INFO  Starting   live-support [22] ...
Sep 25 13:14:56 localhost app-22: [AppBase] <> INFO  Started    live-support [22] ...
Sep 25 13:22:15 localhost app-22: [AppBase] <> INFO  Stopping   live-support [22] ...
Sep 25 13:22:15 localhost app-22: [AppBase] <> INFO  Stopped    live-support [22] ...
Oct  2 08:05:01 localhost app-22: [AppBase] <> INFO  Starting   live-support [22] ...
Oct  2 08:05:01 localhost app-22: [AppBase] <> INFO  Started    live-support [22] ...
Oct 14 08:37:29 localhost app-22: [AppBase] <> INFO  No valid license for: live-support
Oct 14 08:37:29 localhost app-22: [AppBase] <> INFO  Requesting trial for: live-support
Oct 14 08:38:03 localhost app-22: [AppBase] <> INFO  Starting   live-support [22] ...
Oct 14 08:38:03 localhost app-22: [AppBase] <> INFO  Started    live-support [22] ...
Oct 14 16:44:31 localhost app-22: [AppBase] <> INFO  Requesting trial for: live-support
Oct 14 16:44:31 localhost app-22: [AppBase] <> INFO  No valid license for: live-support
Oct 14 16:44:59 localhost app-22: [AppBase] <> INFO  Starting   live-support [22] ...
Oct 14 16:44:59 localhost app-22: [AppBase] <> INFO  Started    live-support [22] ...
Oct 14 16:47:11 localhost app-22: [AppBase] <> INFO  Stopping   live-support [22] ...
Oct 14 16:47:11 localhost app-22: [AppBase] <> INFO  Stopped    live-support [22] ...
Oct 15 12:41:37 localhost app-22: [AppBase] <> INFO  No valid license for: live-support
Oct 15 12:41:37 localhost app-22: [AppBase] <> INFO  Requesting trial for: live-support
Oct 15 12:42:21 localhost app-22: [AppBase] <> INFO  Starting   live-support [22] ...
Oct 15 12:42:21 localhost app-22: [AppBase] <> INFO  Started    live-support [22] ...
Oct 15 12:44:24 localhost app-22: [AppBase] <> INFO  Stopping   live-support [22] ...
Oct 15 12:44:24 localhost app-22: [AppBase] <> INFO  Stopped    live-support [22] ...
Oct 22 09:42:23 localhost app-22: [AppBase] <> INFO  No valid license for: live-support
Oct 22 09:42:23 localhost app-22: [AppBase] <> INFO  Requesting trial for: live-support
Oct 22 09:42:45 localhost app-22: [AppBase] <> INFO  Starting   live-support [22] ...
Oct 22 09:42:45 localhost app-22: [AppBase] <> INFO  Started    live-support [22] ...
Oct 27 08:58:38 localhost app-22: [WireGuardVpnApp] <> INFO  Initializing Settings...
Oct 27 08:58:38 localhost app-22: [WireGuardVpnApp] <> INFO  Creating the default settings...
Oct 27 08:58:38 localhost app-22: [WireGuardVpnApp] <> WARN  /192.168.252.60
Oct 27 08:58:41 localhost app-22: [WireGuardVpnApp] <> INFO  Loading Settings...
Oct 27 08:58:41 localhost app-22: [AppBase] <> INFO  Starting   wireguard-vpn [22] ...
Oct 27 08:58:41 localhost app-22: [WireGuardVpnManager] <> INFO  Starting WireGuard interface and tunnels
Oct 27 08:58:42 localhost app-22: [WireGuardVpnManager] <> INFO  /usr/bin/wg-quick: 
Oct 27 08:58:42 localhost app-22: [WireGuardVpnManager] <> INFO  /usr/bin/wg-quick: [#] ip link add wg0 type wireguard
Oct 27 08:58:42 localhost app-22: [WireGuardVpnManager] <> INFO  /usr/bin/wg-quick: [#] wg setconf wg0 /dev/fd/63
Oct 27 08:58:42 localhost app-22: [WireGuardVpnManager] <> INFO  /usr/bin/wg-quick: [#] ip -4 address add 10.230.177.1 dev wg0
Oct 27 08:58:42 localhost app-22: [WireGuardVpnManager] <> INFO  /usr/bin/wg-quick: [#] ip link set mtu 1500 up dev wg0
Oct 27 08:58:42 localhost app-22: [WireGuardVpnManager] <> INFO  /etc/untangle/iptables-rules.d/720-wireguard-vpn: 
Oct 27 08:58:42 localhost app-22: [WireGuardVpnManager] <> INFO  /etc/untangle/iptables-rules.d/720-wireguard-vpn: 
Oct 27 08:58:42 localhost app-22: [AppBase] <> INFO  Started    wireguard-vpn [22] ...
Oct 27 08:59:22 localhost app-22: [AppBase] <> INFO  Stopping   wireguard-vpn [22] ...
Oct 27 08:59:22 localhost app-22: [WireGuardVpnMonitor] <> INFO  WireGuardVpn monitor was interrupted
Oct 27 08:59:22 localhost app-22: [WireGuardVpnManager] <> INFO  Stopping WireGuard interface and tunnels
Oct 27 08:59:22 localhost app-22: [WireGuardVpnManager] <> INFO  /usr/bin/wg-quick: 
Oct 27 08:59:22 localhost app-22: [WireGuardVpnManager] <> INFO  /usr/bin/wg-quick: [#] ip link delete dev wg0
Oct 27 08:59:22 localhost app-22: [WireGuardVpnManager] <> INFO  /etc/untangle/iptables-rules.d/720-wireguard-vpn: 
Oct 27 08:59:22 localhost app-22: [WireGuardVpnManager] <> INFO  /etc/untangle/iptables-rules.d/720-wireguard-vpn: 
Oct 27 08:59:22 localhost app-22: [AppBase] <> INFO  Stopped    wireguard-vpn [22] ...
Oct 27 08:59:22 localhost app-22: [AppBase] <> INFO  Destroying wireguard-vpn [22] ...
Oct 27 08:59:22 localhost app-22: [AppBase] <> INFO  Destroyed  wireguard-vpn [22] ...
Nov 11 11:26:12 localhost app-22: [AppBase] <> INFO  No valid license for: live-support
Nov 11 11:26:12 localhost app-22: [AppBase] <> INFO  Requesting trial for: live-support
Nov 11 11:26:37 localhost app-22: [AppBase] <> INFO  Starting   live-support [22] ...
Nov 11 11:26:37 localhost app-22: [AppBase] <> INFO  Started    live-support [22] ...
Nov 17 12:18:02 localhost app-22: [AppBase] <> INFO  No valid license for: live-support
Nov 17 12:18:02 localhost app-22: [AppBase] <> INFO  Requesting trial for: live-support
Nov 17 12:18:30 localhost app-22: [AppBase] <> INFO  Starting   live-support [22] ...
Nov 17 12:18:30 localhost app-22: [AppBase] <> INFO  Started    live-support [22] ...
Nov 17 12:19:02 localhost app-22: [AppBase] <> INFO  Stopping   live-support [22] ...
Nov 17 12:19:02 localhost app-22: [AppBase] <> INFO  Stopped    live-support [22] ...
Nov 17 12:19:34 localhost app-22: [AppBase] <> INFO  No valid license for: live-support
Nov 17 12:19:34 localhost app-22: [AppBase] <> INFO  Requesting trial for: live-support
Nov 17 12:19:59 localhost app-22: [AppBase] <> INFO  Starting   live-support [22] ...
Nov 17 12:19:59 localhost app-22: [AppBase] <> INFO  Started    live-support [22] ...
Nov 23 17:24:18 localhost app-22: [AppBase] <> INFO  Stopping   live-support [22] ...
Nov 23 17:24:18 localhost app-22: [AppBase] <> INFO  Stopped    live-support [22] ...
Nov 23 17:33:52 localhost app-22: [AppBase] <> INFO  No valid license for: live-support
Nov 23 17:33:52 localhost app-22: [AppBase] <> INFO  Requesting trial for: live-support
Nov 23 17:34:30 localhost app-22: [AppBase] <> INFO  Starting   live-support [22] ...
Nov 23 17:34:30 localhost app-22: [AppBase] <> INFO  Started    live-support [22] ...
Nov 23 18:09:32 localhost app-22: [AppBase] <> INFO  Stopping   live-support [22] ...
Nov 23 18:09:32 localhost app-22: [AppBase] <> INFO  Stopped    live-support [22] ...
Nov 23 18:13:22 localhost app-22: [AppBase] <> INFO  No valid license for: live-support
Nov 23 18:13:22 localhost app-22: [AppBase] <> INFO  Requesting trial for: live-support
Nov 23 18:13:53 localhost app-22: [AppBase] <> INFO  Starting   live-support [22] ...
Nov 23 18:13:53 localhost app-22: [AppBase] <> INFO  Started    live-support [22] ...
Nov 24 08:49:11 localhost app-22: [AppBase] <> INFO  No valid license for: live-support
Nov 24 08:49:11 localhost app-22: [AppBase] <> INFO  Requesting trial for: live-support
Nov 24 08:49:35 localhost app-22: [AppBase] <> INFO  Starting   live-support [22] ...
Nov 24 08:49:35 localhost app-22: [AppBase] <> INFO  Started    live-support [22] ...
Nov 30 17:23:26 localhost app-22: [AppBase] <> INFO  Stopping   live-support [22] ...
Nov 30 17:23:26 localhost app-22: [AppBase] <> INFO  Stopped    live-support [22] ...
Dec  7 11:06:22 localhost app-22: [AppBase] <> INFO  No valid license for: live-support
Dec  7 11:06:22 localhost app-22: [AppBase] <> INFO  Requesting trial for: live-support
Dec  7 11:06:44 localhost app-22: [AppBase] <> INFO  Starting   live-support [22] ...
Dec  7 11:06:44 localhost app-22: [AppBase] <> INFO  Started    live-support [22] ...
Dec  9 10:53:53 localhost app-22: [AppBase] <> INFO  No valid license for: live-support
Dec  9 10:53:53 localhost app-22: [AppBase] <> INFO  Requesting trial for: live-support
Dec  9 10:54:07 localhost app-22: [AppBase] <> INFO  Starting   live-support [22] ...
Dec  9 10:54:07 localhost app-22: [AppBase] <> INFO  Started    live-support [22] ...
Dec  9 14:27:33 localhost app-22: [AppBase] <> INFO  No valid license for: live-support
Dec  9 14:27:33 localhost app-22: [AppBase] <> INFO  Requesting trial for: live-support
Dec  9 14:27:50 localhost app-22: [AppBase] <> INFO  Starting   live-support [22] ...
Dec  9 14:27:50 localhost app-22: [AppBase] <> INFO  Started    live-support [22] ...
Dec  9 16:36:36 localhost app-22: [AppBase] <> INFO  Stopping   live-support [22] ...
Dec  9 16:36:36 localhost app-22: [AppBase] <> INFO  Stopped    live-support [22] ...
