Apr  3 13:04:17 localhost app-28: [AppBase] <> INFO  killMatchingSessions()
Apr  3 13:04:17 localhost app-28: [VirusBlockerBaseApp] <> INFO  Loading Settings...
Apr  3 13:04:17 localhost app-28: [AppBase] <> INFO  Starting   virus-blocker [28] ...
Apr  3 13:04:18 localhost app-28: [AppBase] <> INFO  Started    virus-blocker [28] ...
Apr  3 13:04:32 localhost app-28: [VirusHttpHandler] <TCP103935729467577> INFO  urlCache add: test.untangle.com/virus/eicar.zip = EICAR-Test-File
Apr  3 13:04:32 localhost app-28: [VirusHttpHandler] <TCP103935729467577> INFO  Virus found: test.untangle.com/virus/eicar.zip = EICAR-Test-File
Apr  3 13:04:33 localhost app-28: [VirusHttpHandler] <TCP103935729467582> INFO  urlCache add: test.untangle.com/virus/virus.exe = Worm.Generic.22916
Apr  3 13:04:33 localhost app-28: [VirusHttpHandler] <TCP103935729467582> INFO  Virus found: test.untangle.com/virus/virus.exe = Worm.Generic.22916
Apr  3 13:04:34 localhost app-28: [VirusHttpHandler] <TCP103935729467586> INFO  urlCache add: test.untangle.com/virus/fedexvirus.zip = MemScan:Trojan.Crypt.JJ
Apr  3 13:04:34 localhost app-28: [VirusHttpHandler] <TCP103935729467586> INFO  Virus found: test.untangle.com/virus/fedexvirus.zip = MemScan:Trojan.Crypt.JJ
Apr  3 13:04:34 localhost app-28: [VirusHttpHandler] <TCP103935729467590> INFO  urlCache hit: test.untangle.com/virus/virus.exe -> Worm.Generic.22916
Apr  3 13:04:35 localhost app-28: [VirusHttpHandler] <TCP103935729467592> INFO  urlCache hit: test.untangle.com/virus/virus.exe -> Worm.Generic.22916
Apr  3 13:04:35 localhost app-28: [AppBase] <> INFO  killMatchingSessions()
Apr  3 13:04:35 localhost app-28: [AppBase] <> INFO  killMatchingSessions()
Apr  3 13:04:46 localhost app-28: [AppBase] <> INFO  killMatchingSessions()
Apr  3 13:04:49 localhost app-28: [AppBase] <> INFO  killMatchingSessions()
Apr  3 13:04:49 localhost app-28: [VirusHttpHandler] <TCP103935729467620> INFO  urlCache hit: test.untangle.com/virus/eicar.zip -> EICAR-Test-File
Apr  3 13:05:05 localhost app-28: [AppBase] <> INFO  killMatchingSessions()
Apr  3 13:05:06 localhost app-28: [VirusSmtpHandler] <TCP103935729467659> WARN  Message[103935729467640] Ignore SMTP: 192.168.252.51 -> 35.153.140.77
Apr  3 13:05:07 localhost app-28: [AppBase] <> INFO  killMatchingSessions()
Apr  3 13:11:06 localhost app-28: [VirusBlockerScannerLauncher] <TCP103935729467672> WARN  Exception scanning file: Read timed out
Apr  3 13:11:12 localhost app-28: [AppBase] <> INFO  killMatchingSessions()
Apr  3 13:11:16 localhost app-28: [AppBase] <> INFO  killMatchingSessions()
Apr  3 13:11:22 localhost app-28: [AppBase] <> INFO  killMatchingSessions()
Apr  3 13:11:22 localhost app-28: [AppBase] <> INFO  killMatchingSessions()
Apr  3 13:11:23 localhost app-28: [AppBase] <> INFO  killMatchingSessions()
Apr  3 13:11:23 localhost app-28: [AppBase] <> INFO  Stopping   virus-blocker [28] ...
Apr  3 13:11:23 localhost app-28: [AppBase] <> INFO  Stopped    virus-blocker [28] ...
Apr  3 13:11:23 localhost app-28: [AppBase] <> INFO  Destroying virus-blocker [28] ...
Apr  3 13:11:24 localhost app-28: [AppBase] <> INFO  Destroyed  virus-blocker [28] ...
May  5 09:15:34 localhost app-28: [WireguardVpnApp] <> INFO  Initializing Settings...
May  5 09:15:34 localhost app-28: [WireguardVpnApp] <> INFO  Creating the default settings...
May  5 09:15:34 localhost app-28: [WireguardVpnApp] <> WARN  com.untangle.app.wireguard_vpn.WireguardVpnManager@6e61af24
May  5 09:15:34 localhost app-28: [WireguardVpnApp] <> WARN  com.untangle.app.wireguard_vpn.WireguardVpnManager@6e61af24
May  5 09:15:36 localhost app-28: [WireguardVpnManager] <> INFO  Stopping Wireguard interface and tunnels
May  5 09:15:36 localhost app-28: [WireguardVpnManager] <> INFO  /usr/bin/wg-quick: 
May  5 09:15:36 localhost app-28: [WireguardVpnManager] <> INFO  /usr/bin/wg-quick: wg-quick: `wg0' is not a WireGuard interface
May  5 09:15:36 localhost app-28: [WireguardVpnManager] <> ERROR Failed calling Wireguard start script (return code: 1)
May  5 09:15:36 localhost app-28: [WireguardVpnManager] <> INFO  /etc/untangle/iptables-rules.d/720-wireguard-vpn: 
May  5 09:15:36 localhost app-28: [WireguardVpnManager] <> INFO  /etc/untangle/iptables-rules.d/720-wireguard-vpn: 
May  5 09:15:36 localhost app-28: [WireguardVpnManager] <> INFO  Starting Wireguard interface and tunnels
May  5 09:15:36 localhost app-28: [WireguardVpnManager] <> INFO  /usr/bin/wg-quick: 
May  5 09:15:36 localhost app-28: [WireguardVpnManager] <> INFO  /usr/bin/wg-quick: [#] ip link add wg0 type wireguard
May  5 09:15:36 localhost app-28: [WireguardVpnManager] <> INFO  /usr/bin/wg-quick: [#] wg setconf wg0 /dev/fd/63
May  5 09:15:36 localhost app-28: [WireguardVpnManager] <> INFO  /usr/bin/wg-quick: [#] ip -4 address add 172.19.164.1 dev wg0
May  5 09:15:36 localhost app-28: [WireguardVpnManager] <> INFO  /usr/bin/wg-quick: [#] ip link set mtu 1500 up dev wg0
May  5 09:15:36 localhost app-28: [WireguardVpnManager] <> INFO  /etc/untangle/iptables-rules.d/720-wireguard-vpn: 
May  5 09:15:36 localhost app-28: [WireguardVpnManager] <> INFO  /etc/untangle/iptables-rules.d/720-wireguard-vpn: 
May  5 09:15:36 localhost app-28: [WireguardVpnApp] <> INFO  Loading Settings...
May  5 09:15:40 localhost app-28: [AppBase] <> INFO  Starting   wireguard-vpn [28] ...
May  5 09:15:40 localhost app-28: [WireguardVpnManager] <> INFO  Starting Wireguard interface and tunnels
May  5 09:15:40 localhost app-28: [WireguardVpnManager] <> INFO  /usr/bin/wg-quick: 
May  5 09:15:40 localhost app-28: [WireguardVpnManager] <> INFO  /usr/bin/wg-quick: wg-quick: `wg0' already exists
May  5 09:15:40 localhost app-28: [WireguardVpnManager] <> ERROR Failed calling Wireguard start script (return code: 1)
May  5 09:15:40 localhost app-28: [WireguardVpnManager] <> INFO  /etc/untangle/iptables-rules.d/720-wireguard-vpn: 
May  5 09:15:40 localhost app-28: [WireguardVpnManager] <> INFO  /etc/untangle/iptables-rules.d/720-wireguard-vpn: 
May  5 09:15:40 localhost app-28: [AppBase] <> INFO  Started    wireguard-vpn [28] ...
May  5 09:15:42 localhost app-28: [WireguardVpnManager] <> INFO  Stopping Wireguard interface and tunnels
May  5 09:15:42 localhost app-28: [WireguardVpnManager] <> INFO  /usr/bin/wg-quick: 
May  5 09:15:42 localhost app-28: [WireguardVpnManager] <> INFO  /usr/bin/wg-quick: [#] ip link delete dev wg0
May  5 09:15:42 localhost app-28: [WireguardVpnManager] <> INFO  /etc/untangle/iptables-rules.d/720-wireguard-vpn: 
May  5 09:15:42 localhost app-28: [WireguardVpnManager] <> INFO  /etc/untangle/iptables-rules.d/720-wireguard-vpn: 
May  5 09:15:42 localhost app-28: [WireguardVpnManager] <> INFO  Starting Wireguard interface and tunnels
May  5 09:15:42 localhost app-28: [WireguardVpnManager] <> INFO  /usr/bin/wg-quick: 
May  5 09:15:42 localhost app-28: [WireguardVpnManager] <> INFO  /usr/bin/wg-quick: [#] ip link add wg0 type wireguard
May  5 09:15:42 localhost app-28: [WireguardVpnManager] <> INFO  /usr/bin/wg-quick: [#] wg setconf wg0 /dev/fd/63
May  5 09:15:42 localhost app-28: [WireguardVpnManager] <> INFO  /usr/bin/wg-quick: [#] ip -4 address add 172.19.164.1 dev wg0
May  5 09:15:42 localhost app-28: [WireguardVpnManager] <> INFO  /usr/bin/wg-quick: [#] ip link set mtu 1500 up dev wg0
May  5 09:15:42 localhost app-28: [WireguardVpnManager] <> INFO  /etc/untangle/iptables-rules.d/720-wireguard-vpn: 
May  5 09:15:42 localhost app-28: [WireguardVpnManager] <> INFO  /etc/untangle/iptables-rules.d/720-wireguard-vpn: 
May  5 09:17:11 localhost app-28: [WireguardVpnManager] <> INFO  Stopping Wireguard interface and tunnels
May  5 09:17:11 localhost app-28: [WireguardVpnManager] <> INFO  /usr/bin/wg-quick: 
May  5 09:17:11 localhost app-28: [WireguardVpnManager] <> INFO  /usr/bin/wg-quick: [#] ip link delete dev wg0
May  5 09:17:11 localhost app-28: [WireguardVpnManager] <> INFO  /etc/untangle/iptables-rules.d/720-wireguard-vpn: 
May  5 09:17:11 localhost app-28: [WireguardVpnManager] <> INFO  /etc/untangle/iptables-rules.d/720-wireguard-vpn: 
May  5 09:17:11 localhost app-28: [WireguardVpnManager] <> INFO  Starting Wireguard interface and tunnels
May  5 09:17:11 localhost app-28: [WireguardVpnManager] <> INFO  /usr/bin/wg-quick: 
May  5 09:17:11 localhost app-28: [WireguardVpnManager] <> INFO  /usr/bin/wg-quick: [#] ip link add wg0 type wireguard
May  5 09:17:11 localhost app-28: [WireguardVpnManager] <> INFO  /usr/bin/wg-quick: [#] wg setconf wg0 /dev/fd/63
May  5 09:17:11 localhost app-28: [WireguardVpnManager] <> INFO  /usr/bin/wg-quick: [#] ip -4 address add 172.19.164.1 dev wg0
May  5 09:17:11 localhost app-28: [WireguardVpnManager] <> INFO  /usr/bin/wg-quick: [#] ip link set mtu 1500 up dev wg0
May  5 09:17:11 localhost app-28: [WireguardVpnManager] <> INFO  /usr/bin/wg-quick: [#] ip -4 route add 172.19.164.3/32 dev wg0
May  5 09:17:11 localhost app-28: [WireguardVpnManager] <> INFO  /etc/untangle/iptables-rules.d/720-wireguard-vpn: 
May  5 09:17:11 localhost app-28: [WireguardVpnManager] <> INFO  /etc/untangle/iptables-rules.d/720-wireguard-vpn: 
May  5 09:30:30 localhost app-28: [WireguardVpnManager] <> INFO  Stopping Wireguard interface and tunnels
May  5 09:30:30 localhost app-28: [WireguardVpnManager] <> INFO  /usr/bin/wg-quick: 
May  5 09:30:30 localhost app-28: [WireguardVpnManager] <> INFO  /usr/bin/wg-quick: [#] ip link delete dev wg0
May  5 09:30:30 localhost app-28: [WireguardVpnManager] <> INFO  /etc/untangle/iptables-rules.d/720-wireguard-vpn: 
May  5 09:30:30 localhost app-28: [WireguardVpnManager] <> INFO  /etc/untangle/iptables-rules.d/720-wireguard-vpn: 
May  5 09:30:30 localhost app-28: [WireguardVpnManager] <> INFO  Starting Wireguard interface and tunnels
May  5 09:30:30 localhost app-28: [WireguardVpnManager] <> INFO  /usr/bin/wg-quick: 
May  5 09:30:30 localhost app-28: [WireguardVpnManager] <> INFO  /usr/bin/wg-quick: [#] ip link add wg0 type wireguard
May  5 09:30:30 localhost app-28: [WireguardVpnManager] <> INFO  /usr/bin/wg-quick: [#] wg setconf wg0 /dev/fd/63
May  5 09:30:30 localhost app-28: [WireguardVpnManager] <> INFO  /usr/bin/wg-quick: [#] ip -4 address add 172.19.164.1 dev wg0
May  5 09:30:30 localhost app-28: [WireguardVpnManager] <> INFO  /usr/bin/wg-quick: [#] ip link set mtu 1500 up dev wg0
May  5 09:30:30 localhost app-28: [WireguardVpnManager] <> INFO  /usr/bin/wg-quick: [#] ip -4 route add 172.30.92.1/32 dev wg0
May  5 09:30:30 localhost app-28: [WireguardVpnManager] <> INFO  /usr/bin/wg-quick: [#] ip -4 route add 172.19.164.3/32 dev wg0
May  5 09:30:30 localhost app-28: [WireguardVpnManager] <> INFO  /usr/bin/wg-quick: [#] ip -4 route add 192.168.5.0/24 dev wg0
May  5 09:30:30 localhost app-28: [WireguardVpnManager] <> INFO  /etc/untangle/iptables-rules.d/720-wireguard-vpn: 
May  5 09:30:30 localhost app-28: [WireguardVpnManager] <> INFO  /etc/untangle/iptables-rules.d/720-wireguard-vpn: 
May  5 09:47:09 localhost app-28: [WireguardVpnManager] <> INFO  Stopping Wireguard interface and tunnels
May  5 09:47:10 localhost app-28: [WireguardVpnManager] <> INFO  /usr/bin/wg-quick: 
May  5 09:47:10 localhost app-28: [WireguardVpnManager] <> INFO  /usr/bin/wg-quick: [#] ip link delete dev wg0
May  5 09:47:10 localhost app-28: [WireguardVpnManager] <> INFO  /etc/untangle/iptables-rules.d/720-wireguard-vpn: 
May  5 09:47:10 localhost app-28: [WireguardVpnManager] <> INFO  /etc/untangle/iptables-rules.d/720-wireguard-vpn: 
May  5 09:47:10 localhost app-28: [WireguardVpnManager] <> INFO  Starting Wireguard interface and tunnels
May  5 09:47:10 localhost app-28: [WireguardVpnManager] <> INFO  /usr/bin/wg-quick: 
May  5 09:47:10 localhost app-28: [WireguardVpnManager] <> INFO  /usr/bin/wg-quick: [#] ip link add wg0 type wireguard
May  5 09:47:10 localhost app-28: [WireguardVpnManager] <> INFO  /usr/bin/wg-quick: [#] wg setconf wg0 /dev/fd/63
May  5 09:47:10 localhost app-28: [WireguardVpnManager] <> INFO  /usr/bin/wg-quick: [#] ip -4 address add 172.19.164.1 dev wg0
May  5 09:47:10 localhost app-28: [WireguardVpnManager] <> INFO  /usr/bin/wg-quick: [#] ip link set mtu 1500 up dev wg0
May  5 09:47:10 localhost app-28: [WireguardVpnManager] <> INFO  /usr/bin/wg-quick: [#] ip -4 route add 172.30.92.1/32 dev wg0
May  5 09:47:10 localhost app-28: [WireguardVpnManager] <> INFO  /usr/bin/wg-quick: [#] ip -4 route add 172.19.164.3/32 dev wg0
May  5 09:47:10 localhost app-28: [WireguardVpnManager] <> INFO  /usr/bin/wg-quick: [#] ip -4 route add 192.168.5.0/24 dev wg0
May  5 09:47:10 localhost app-28: [WireguardVpnManager] <> INFO  /etc/untangle/iptables-rules.d/720-wireguard-vpn: 
May  5 09:47:10 localhost app-28: [WireguardVpnManager] <> INFO  /etc/untangle/iptables-rules.d/720-wireguard-vpn: 
May  5 09:50:28 localhost app-28: [WireguardVpnMonitor] <> WARN  Missing tunnel for rwAiIMfGWnwaHmXaeDKzOp9IW7i6sl9YpVbiVQUPAz0=
May  5 09:50:28 localhost app-28: [WireguardVpnMonitor] <> WARN  Missing tunnel for NOzmFvLB+l7hdf5uKvHVzluQmF9PcVmpEAqa0dKo13E=
May  5 10:01:43 localhost app-28: [AppBase] <> INFO  Stopping   wireguard-vpn [28] ...
May  5 10:01:43 localhost app-28: [WireguardVpnMonitor] <> INFO  WireguardVpn monitor was interrupted
May  5 10:01:43 localhost app-28: [WireguardVpnManager] <> INFO  Stopping Wireguard interface and tunnels
May  5 10:01:43 localhost app-28: [WireguardVpnManager] <> INFO  /usr/bin/wg-quick: 
May  5 10:01:43 localhost app-28: [WireguardVpnManager] <> INFO  /usr/bin/wg-quick: [#] ip link delete dev wg0
May  5 10:01:43 localhost app-28: [WireguardVpnManager] <> INFO  /etc/untangle/iptables-rules.d/720-wireguard-vpn: 
May  5 10:01:43 localhost app-28: [WireguardVpnManager] <> INFO  /etc/untangle/iptables-rules.d/720-wireguard-vpn: 
May  5 10:01:43 localhost app-28: [AppBase] <> INFO  Stopped    wireguard-vpn [28] ...
May  5 10:01:54 localhost app-28: [WireguardVpnApp] <> INFO  Loading Settings...
May  5 10:01:54 localhost app-28: [AppBase] <> INFO  Starting   wireguard-vpn [28] ...
May  5 10:01:55 localhost app-28: [WireguardVpnManager] <> INFO  Starting Wireguard interface and tunnels
May  5 10:01:55 localhost app-28: [WireguardVpnManager] <> INFO  /usr/bin/wg-quick: 
May  5 10:01:55 localhost app-28: [WireguardVpnManager] <> INFO  /usr/bin/wg-quick: [#] ip link add wg0 type wireguard
May  5 10:01:55 localhost app-28: [WireguardVpnManager] <> INFO  /usr/bin/wg-quick: [#] wg setconf wg0 /dev/fd/63
May  5 10:01:55 localhost app-28: [WireguardVpnManager] <> INFO  /usr/bin/wg-quick: [#] ip -4 address add 172.19.164.1 dev wg0
May  5 10:01:55 localhost app-28: [WireguardVpnManager] <> INFO  /usr/bin/wg-quick: [#] ip link set mtu 1500 up dev wg0
May  5 10:01:56 localhost app-28: [WireguardVpnManager] <> INFO  /etc/untangle/iptables-rules.d/720-wireguard-vpn: 
May  5 10:01:56 localhost app-28: [WireguardVpnManager] <> INFO  /etc/untangle/iptables-rules.d/720-wireguard-vpn: 
May  5 10:01:56 localhost app-28: [AppBase] <> INFO  Started    wireguard-vpn [28] ...
May  5 11:09:42 localhost app-28: [WireguardVpnManager] <> INFO  Stopping Wireguard interface and tunnels
May  5 11:09:43 localhost app-28: [WireguardVpnManager] <> INFO  /usr/bin/wg-quick: 
May  5 11:09:43 localhost app-28: [WireguardVpnManager] <> INFO  /usr/bin/wg-quick: [#] ip link delete dev wg0
May  5 11:09:43 localhost app-28: [WireguardVpnManager] <> INFO  /etc/untangle/iptables-rules.d/720-wireguard-vpn: 
May  5 11:09:43 localhost app-28: [WireguardVpnManager] <> INFO  /etc/untangle/iptables-rules.d/720-wireguard-vpn: 
May  5 11:09:43 localhost app-28: [WireguardVpnManager] <> INFO  Starting Wireguard interface and tunnels
May  5 11:09:43 localhost app-28: [WireguardVpnManager] <> INFO  /usr/bin/wg-quick: 
May  5 11:09:43 localhost app-28: [WireguardVpnManager] <> INFO  /usr/bin/wg-quick: [#] ip link add wg0 type wireguard
May  5 11:09:43 localhost app-28: [WireguardVpnManager] <> INFO  /usr/bin/wg-quick: [#] wg setconf wg0 /dev/fd/63
May  5 11:09:43 localhost app-28: [WireguardVpnManager] <> INFO  /usr/bin/wg-quick: [#] ip -4 address add 172.19.164.1 dev wg0
May  5 11:09:43 localhost app-28: [WireguardVpnManager] <> INFO  /usr/bin/wg-quick: [#] ip link set mtu 1500 up dev wg0
May  5 11:09:43 localhost app-28: [WireguardVpnManager] <> INFO  /usr/bin/wg-quick: [#] ip -4 route add 172.19.164.3/32 dev wg0
May  5 11:09:43 localhost app-28: [WireguardVpnManager] <> INFO  /etc/untangle/iptables-rules.d/720-wireguard-vpn: 
May  5 11:09:43 localhost app-28: [WireguardVpnManager] <> INFO  /etc/untangle/iptables-rules.d/720-wireguard-vpn: 
May  5 11:12:28 localhost app-28: [WireguardVpnManager] <> INFO  Stopping Wireguard interface and tunnels
May  5 11:12:28 localhost app-28: [WireguardVpnManager] <> INFO  /usr/bin/wg-quick: 
May  5 11:12:28 localhost app-28: [WireguardVpnManager] <> INFO  /usr/bin/wg-quick: [#] ip link delete dev wg0
May  5 11:12:29 localhost app-28: [WireguardVpnManager] <> INFO  /etc/untangle/iptables-rules.d/720-wireguard-vpn: 
May  5 11:12:29 localhost app-28: [WireguardVpnManager] <> INFO  /etc/untangle/iptables-rules.d/720-wireguard-vpn: 
May  5 11:12:29 localhost app-28: [WireguardVpnManager] <> INFO  Starting Wireguard interface and tunnels
May  5 11:12:29 localhost app-28: [WireguardVpnManager] <> INFO  /usr/bin/wg-quick: 
May  5 11:12:29 localhost app-28: [WireguardVpnManager] <> INFO  /usr/bin/wg-quick: [#] ip link add wg0 type wireguard
May  5 11:12:29 localhost app-28: [WireguardVpnManager] <> INFO  /usr/bin/wg-quick: [#] wg setconf wg0 /dev/fd/63
May  5 11:12:29 localhost app-28: [WireguardVpnManager] <> INFO  /usr/bin/wg-quick: [#] ip -4 address add 172.19.164.1 dev wg0
May  5 11:12:29 localhost app-28: [WireguardVpnManager] <> INFO  /usr/bin/wg-quick: [#] ip link set mtu 1500 up dev wg0
May  5 11:12:29 localhost app-28: [WireguardVpnManager] <> INFO  /usr/bin/wg-quick: [#] ip -4 route add 172.30.92.1/32 dev wg0
May  5 11:12:29 localhost app-28: [WireguardVpnManager] <> INFO  /usr/bin/wg-quick: [#] ip -4 route add 172.19.164.3/32 dev wg0
May  5 11:12:29 localhost app-28: [WireguardVpnManager] <> INFO  /usr/bin/wg-quick: [#] ip -4 route add 192.168.5.0/24 dev wg0
May  5 11:12:29 localhost app-28: [WireguardVpnManager] <> INFO  /etc/untangle/iptables-rules.d/720-wireguard-vpn: 
May  5 11:12:29 localhost app-28: [WireguardVpnManager] <> INFO  /etc/untangle/iptables-rules.d/720-wireguard-vpn: 
May  6 23:35:41 localhost app-28: [AppBase] <> INFO  Stopping   wireguard-vpn [28] ...
May  6 23:35:41 localhost app-28: [WireguardVpnMonitor] <> INFO  WireguardVpn monitor was interrupted
May  6 23:35:41 localhost app-28: [WireguardVpnManager] <> INFO  Stopping Wireguard interface and tunnels
May  6 23:35:41 localhost app-28: [WireguardVpnManager] <> INFO  /usr/bin/wg-quick: 
May  6 23:35:41 localhost app-28: [WireguardVpnManager] <> INFO  /usr/bin/wg-quick: [#] ip link delete dev wg0
May  6 23:35:42 localhost app-28: [WireguardVpnManager] <> INFO  /etc/untangle/iptables-rules.d/720-wireguard-vpn: 
May  6 23:35:42 localhost app-28: [WireguardVpnManager] <> INFO  /etc/untangle/iptables-rules.d/720-wireguard-vpn: 
May  6 23:35:42 localhost app-28: [AppBase] <> INFO  Stopped    wireguard-vpn [28] ...
May  7 10:35:37 localhost app-28: [WireguardVpnApp] <> INFO  Loading Settings...
May  7 10:35:37 localhost app-28: [AppBase] <> INFO  Starting   wireguard-vpn [28] ...
May  7 10:35:38 localhost app-28: [WireguardVpnManager] <> INFO  Starting Wireguard interface and tunnels
May  7 10:35:39 localhost app-28: [WireguardVpnManager] <> INFO  /usr/bin/wg-quick: 
May  7 10:35:39 localhost app-28: [WireguardVpnManager] <> INFO  /usr/bin/wg-quick: [#] ip link add wg0 type wireguard
May  7 10:35:39 localhost app-28: [WireguardVpnManager] <> INFO  /usr/bin/wg-quick: [#] wg setconf wg0 /dev/fd/63
May  7 10:35:39 localhost app-28: [WireguardVpnManager] <> INFO  /usr/bin/wg-quick: [#] ip -4 address add 172.19.164.1 dev wg0
May  7 10:35:39 localhost app-28: [WireguardVpnManager] <> INFO  /usr/bin/wg-quick: [#] ip link set mtu 1500 up dev wg0
May  7 10:35:39 localhost app-28: [WireguardVpnManager] <> INFO  /usr/bin/wg-quick: [#] ip -4 route add 172.30.92.1/32 dev wg0
May  7 10:35:39 localhost app-28: [WireguardVpnManager] <> INFO  /usr/bin/wg-quick: [#] ip -4 route add 172.19.164.3/32 dev wg0
May  7 10:35:39 localhost app-28: [WireguardVpnManager] <> INFO  /usr/bin/wg-quick: [#] ip -4 route add 192.168.5.0/24 dev wg0
May  7 10:35:40 localhost app-28: [WireguardVpnManager] <> INFO  /etc/untangle/iptables-rules.d/720-wireguard-vpn: 
May  7 10:35:40 localhost app-28: [WireguardVpnManager] <> INFO  /etc/untangle/iptables-rules.d/720-wireguard-vpn: 
May  7 10:35:40 localhost app-28: [AppBase] <> INFO  Started    wireguard-vpn [28] ...
May  7 23:35:43 localhost app-28: [AppBase] <> INFO  Stopping   wireguard-vpn [28] ...
May  7 23:35:43 localhost app-28: [WireguardVpnMonitor] <> INFO  WireguardVpn monitor was interrupted
May  7 23:35:43 localhost app-28: [WireguardVpnManager] <> INFO  Stopping Wireguard interface and tunnels
May  7 23:35:43 localhost app-28: [WireguardVpnManager] <> INFO  /usr/bin/wg-quick: 
May  7 23:35:43 localhost app-28: [WireguardVpnManager] <> INFO  /usr/bin/wg-quick: [#] ip link delete dev wg0
May  7 23:35:43 localhost app-28: [WireguardVpnManager] <> INFO  /etc/untangle/iptables-rules.d/720-wireguard-vpn: 
May  7 23:35:43 localhost app-28: [WireguardVpnManager] <> INFO  /etc/untangle/iptables-rules.d/720-wireguard-vpn: 
May  7 23:35:43 localhost app-28: [AppBase] <> INFO  Stopped    wireguard-vpn [28] ...
May  8 08:49:46 localhost app-28: [AppBase] <> INFO  No valid license for: wireguard-vpn
May  8 08:49:46 localhost app-28: [AppBase] <> INFO  Requesting trial for: wireguard-vpn
May  8 08:49:47 localhost app-28: [WireguardVpnApp] <> INFO  Loading Settings...
May  8 08:49:47 localhost app-28: [AppBase] <> INFO  Starting   wireguard-vpn [28] ...
May  8 08:49:50 localhost app-28: [WireguardVpnManager] <> INFO  Starting Wireguard interface and tunnels
May  8 08:49:51 localhost app-28: [WireguardVpnManager] <> INFO  /usr/bin/wg-quick: 
May  8 08:49:51 localhost app-28: [WireguardVpnManager] <> INFO  /usr/bin/wg-quick: [#] ip link add wg0 type wireguard
May  8 08:49:51 localhost app-28: [WireguardVpnManager] <> INFO  /usr/bin/wg-quick: [#] wg setconf wg0 /dev/fd/63
May  8 08:49:51 localhost app-28: [WireguardVpnManager] <> INFO  /usr/bin/wg-quick: [#] ip -4 address add 172.19.164.1 dev wg0
May  8 08:49:51 localhost app-28: [WireguardVpnManager] <> INFO  /usr/bin/wg-quick: [#] ip link set mtu 1500 up dev wg0
May  8 08:49:51 localhost app-28: [WireguardVpnManager] <> INFO  /usr/bin/wg-quick: [#] ip -4 route add 172.30.92.1/32 dev wg0
May  8 08:49:51 localhost app-28: [WireguardVpnManager] <> INFO  /usr/bin/wg-quick: [#] ip -4 route add 172.19.164.3/32 dev wg0
May  8 08:49:51 localhost app-28: [WireguardVpnManager] <> INFO  /usr/bin/wg-quick: [#] ip -4 route add 192.168.5.0/24 dev wg0
May  8 08:49:51 localhost app-28: [WireguardVpnManager] <> INFO  /etc/untangle/iptables-rules.d/720-wireguard-vpn: 
May  8 08:49:51 localhost app-28: [WireguardVpnManager] <> INFO  /etc/untangle/iptables-rules.d/720-wireguard-vpn: 
May  8 08:49:51 localhost app-28: [AppBase] <> INFO  Started    wireguard-vpn [28] ...
May  8 11:34:24 localhost app-28: [AppBase] <> INFO  Stopping   wireguard-vpn [28] ...
May  8 11:34:24 localhost app-28: [WireguardVpnMonitor] <> INFO  WireguardVpn monitor was interrupted
May  8 11:34:24 localhost app-28: [WireguardVpnManager] <> INFO  Stopping Wireguard interface and tunnels
May  8 11:34:24 localhost app-28: [WireguardVpnManager] <> INFO  /usr/bin/wg-quick: 
May  8 11:34:24 localhost app-28: [WireguardVpnManager] <> INFO  /usr/bin/wg-quick: [#] ip link delete dev wg0
May  8 11:34:24 localhost app-28: [WireguardVpnManager] <> INFO  /etc/untangle/iptables-rules.d/720-wireguard-vpn: 
May  8 11:34:24 localhost app-28: [WireguardVpnManager] <> INFO  /etc/untangle/iptables-rules.d/720-wireguard-vpn: 
May  8 11:34:24 localhost app-28: [AppBase] <> INFO  Stopped    wireguard-vpn [28] ...
May  8 11:34:35 localhost app-28: [AppBase] <> INFO  No valid license for: wireguard-vpn
May  8 11:34:35 localhost app-28: [AppBase] <> INFO  Requesting trial for: wireguard-vpn
May  8 11:34:35 localhost app-28: [WireguardVpnApp] <> INFO  Loading Settings...
May  8 11:34:35 localhost app-28: [AppBase] <> INFO  Starting   wireguard-vpn [28] ...
May  8 11:34:36 localhost app-28: [WireguardVpnManager] <> INFO  Starting Wireguard interface and tunnels
May  8 11:34:37 localhost app-28: [WireguardVpnManager] <> INFO  /usr/bin/wg-quick: 
May  8 11:34:37 localhost app-28: [WireguardVpnManager] <> INFO  /usr/bin/wg-quick: [#] ip link add wg0 type wireguard
May  8 11:34:37 localhost app-28: [WireguardVpnManager] <> INFO  /usr/bin/wg-quick: [#] wg setconf wg0 /dev/fd/63
May  8 11:34:37 localhost app-28: [WireguardVpnManager] <> INFO  /usr/bin/wg-quick: [#] ip -4 address add 172.19.164.1 dev wg0
May  8 11:34:37 localhost app-28: [WireguardVpnManager] <> INFO  /usr/bin/wg-quick: [#] ip link set mtu 1500 up dev wg0
May  8 11:34:37 localhost app-28: [WireguardVpnManager] <> INFO  /usr/bin/wg-quick: [#] ip -4 route add 172.30.92.1/32 dev wg0
May  8 11:34:37 localhost app-28: [WireguardVpnManager] <> INFO  /usr/bin/wg-quick: [#] ip -4 route add 172.19.164.3/32 dev wg0
May  8 11:34:37 localhost app-28: [WireguardVpnManager] <> INFO  /usr/bin/wg-quick: [#] ip -4 route add 192.168.5.0/24 dev wg0
May  8 11:34:37 localhost app-28: [WireguardVpnManager] <> INFO  /etc/untangle/iptables-rules.d/720-wireguard-vpn: 
May  8 11:34:37 localhost app-28: [WireguardVpnManager] <> INFO  /etc/untangle/iptables-rules.d/720-wireguard-vpn: 
May  8 11:34:37 localhost app-28: [AppBase] <> INFO  Started    wireguard-vpn [28] ...
May  8 12:45:33 localhost app-28: [WireguardVpnManager] <> INFO  Stopping Wireguard interface and tunnels
May  8 12:45:33 localhost app-28: [WireguardVpnManager] <> INFO  /usr/bin/wg-quick: 
May  8 12:45:33 localhost app-28: [WireguardVpnManager] <> INFO  /usr/bin/wg-quick: [#] ip link delete dev wg0
May  8 12:45:33 localhost app-28: [WireguardVpnManager] <> INFO  /etc/untangle/iptables-rules.d/720-wireguard-vpn: 
May  8 12:45:33 localhost app-28: [WireguardVpnManager] <> INFO  /etc/untangle/iptables-rules.d/720-wireguard-vpn: 
May  8 12:45:33 localhost app-28: [WireguardVpnManager] <> INFO  Starting Wireguard interface and tunnels
May  8 12:45:33 localhost app-28: [WireguardVpnManager] <> INFO  /usr/bin/wg-quick: 
May  8 12:45:33 localhost app-28: [WireguardVpnManager] <> INFO  /usr/bin/wg-quick: [#] ip link add wg0 type wireguard
May  8 12:45:33 localhost app-28: [WireguardVpnManager] <> INFO  /usr/bin/wg-quick: [#] wg setconf wg0 /dev/fd/63
May  8 12:45:33 localhost app-28: [WireguardVpnManager] <> INFO  /usr/bin/wg-quick: [#] ip -4 address add 172.19.164.1 dev wg0
May  8 12:45:33 localhost app-28: [WireguardVpnManager] <> INFO  /usr/bin/wg-quick: [#] ip link set mtu 1500 up dev wg0
May  8 12:45:33 localhost app-28: [WireguardVpnManager] <> INFO  /usr/bin/wg-quick: [#] ip -4 route add 172.30.92.1/32 dev wg0
May  8 12:45:33 localhost app-28: [WireguardVpnManager] <> INFO  /usr/bin/wg-quick: [#] ip -4 route add 172.19.164.3/32 dev wg0
May  8 12:45:33 localhost app-28: [WireguardVpnManager] <> INFO  /usr/bin/wg-quick: [#] ip -4 route add 192.168.5.0/24 dev wg0
May  8 12:45:33 localhost app-28: [WireguardVpnManager] <> INFO  /etc/untangle/iptables-rules.d/720-wireguard-vpn: 
May  8 12:45:33 localhost app-28: [WireguardVpnManager] <> INFO  /etc/untangle/iptables-rules.d/720-wireguard-vpn: 
May  8 12:48:25 localhost app-28: [AppBase] <> INFO  Stopping   wireguard-vpn [28] ...
May  8 12:48:25 localhost app-28: [WireguardVpnMonitor] <> INFO  WireguardVpn monitor was interrupted
May  8 12:48:25 localhost app-28: [WireguardVpnManager] <> INFO  Stopping Wireguard interface and tunnels
May  8 12:48:25 localhost app-28: [WireguardVpnManager] <> INFO  /usr/bin/wg-quick: 
May  8 12:48:25 localhost app-28: [WireguardVpnManager] <> INFO  /usr/bin/wg-quick: [#] ip link delete dev wg0
May  8 12:48:26 localhost app-28: [WireguardVpnManager] <> INFO  /etc/untangle/iptables-rules.d/720-wireguard-vpn: 
May  8 12:48:26 localhost app-28: [WireguardVpnManager] <> INFO  /etc/untangle/iptables-rules.d/720-wireguard-vpn: 
May  8 12:48:26 localhost app-28: [AppBase] <> INFO  Stopped    wireguard-vpn [28] ...
May  8 12:48:26 localhost app-28: [AppBase] <> INFO  Destroying wireguard-vpn [28] ...
May  8 12:48:26 localhost app-28: [AppBase] <> INFO  Destroyed  wireguard-vpn [28] ...
Jun  1 12:56:40 localhost app-28: [AppBase] <> INFO  killMatchingSessions()
Jun  1 12:56:40 localhost app-28: [VirusBlockerBaseApp] <> INFO  Loading Settings...
Jun  1 12:56:40 localhost app-28: [AppBase] <> INFO  Starting   virus-blocker [28] ...
Jun  1 12:56:40 localhost app-28: [AppBase] <> INFO  Started    virus-blocker [28] ...
Jun  1 12:56:42 localhost app-28: [VirusBlockerScanner] <> WARN  Unable to query last update.
Jun  1 12:56:42 localhost app-28:       java.net.ConnectException: Connection refused (Connection refused)
Jun  1 12:56:42 localhost app-28:       java.base/java.net.PlainSocketImpl.socketConnect(Native Method)
Jun  1 12:56:42 localhost app-28:       java.base/java.net.AbstractPlainSocketImpl.doConnect(AbstractPlainSocketImpl.java:399)
Jun  1 12:56:42 localhost app-28:       java.base/java.net.AbstractPlainSocketImpl.connectToAddress(AbstractPlainSocketImpl.java:242)
Jun  1 12:56:42 localhost app-28:       java.base/java.net.AbstractPlainSocketImpl.connect(AbstractPlainSocketImpl.java:224)
Jun  1 12:56:42 localhost app-28:       java.base/java.net.SocksSocketImpl.connect(SocksSocketImpl.java:403)
Jun  1 12:56:42 localhost app-28:       java.base/java.net.Socket.connect(Socket.java:609)
Jun  1 12:56:42 localhost app-28:       com.untangle.app.virus_blocker.VirusBlockerScanner.getLastSignatureUpdate(VirusBlockerScanner.java:70)
Jun  1 12:56:42 localhost app-28:       com.untangle.app.virus_blocker.VirusBlockerBaseApp.getLastSignatureUpdate(VirusBlockerBaseApp.java:309)
Jun  1 12:56:42 localhost app-28:       java.base/jdk.internal.reflect.NativeMethodAccessorImpl.invoke0(Native Method)
Jun  1 12:56:42 localhost app-28:       java.base/jdk.internal.reflect.NativeMethodAccessorImpl.invoke(NativeMethodAccessorImpl.java:62)
Jun  1 12:56:42 localhost app-28:       java.base/jdk.internal.reflect.DelegatingMethodAccessorImpl.invoke(DelegatingMethodAccessorImpl.java:43)
Jun  1 12:56:42 localhost app-28:       java.base/java.lang.reflect.Method.invoke(Method.java:566)
Jun  1 12:56:42 localhost app-28:       org.jabsorb.JSONRPCBridge.call(JSONRPCBridge.java:665)
Jun  1 12:56:42 localhost app-28:       org.jabsorb.JSONRPCServlet.service(JSONRPCServlet.java:274)
Jun  1 12:56:42 localhost app-28:       com.untangle.uvm.admin.jabsorb.UtJsonRpcServlet.service(UtJsonRpcServlet.java:121)
Jun  1 12:56:42 localhost app-28:       javax.servlet.http.HttpServlet.service(HttpServlet.java:741)
Jun  1 12:56:42 localhost app-28:       org.apache.catalina.core.ApplicationFilterChain.internalDoFilter(ApplicationFilterChain.java:231)
Jun  1 12:56:42 localhost app-28:       org.apache.catalina.core.ApplicationFilterChain.doFilter(ApplicationFilterChain.java:166)
Jun  1 12:56:42 localhost app-28:       org.apache.catalina.core.StandardWrapperValve.invoke(StandardWrapperValve.java:199)
Jun  1 12:56:42 localhost app-28:       org.apache.catalina.core.StandardContextValve.invoke(StandardContextValve.java:96)
Jun  1 12:56:42 localhost app-28:       org.apache.catalina.authenticator.AuthenticatorBase.invoke(AuthenticatorBase.java:543)
Jun  1 12:56:42 localhost app-28:       com.untangle.uvm.TomcatManagerImpl$AdministrationValve.invoke(TomcatManagerImpl.java:508)
Jun  1 12:56:42 localhost app-28:       org.apache.catalina.core.StandardHostValve.invoke(StandardHostValve.java:139)
Jun  1 12:56:42 localhost app-28:       org.apache.catalina.valves.ErrorReportValve.invoke(ErrorReportValve.java:81)
Jun  1 12:56:42 localhost app-28:       org.apache.catalina.core.StandardEngineValve.invoke(StandardEngineValve.java:87)
Jun  1 12:56:42 localhost app-28:       org.apache.catalina.connector.CoyoteAdapter.service(CoyoteAdapter.java:343)
Jun  1 12:56:42 localhost app-28:       org.apache.coyote.ajp.AjpProcessor.service(AjpProcessor.java:525)
Jun  1 12:56:42 localhost app-28:       org.apache.coyote.AbstractProcessorLight.process(AbstractProcessorLight.java:65)
Jun  1 12:56:42 localhost app-28:       org.apache.coyote.AbstractProtocol$ConnectionHandler.process(AbstractProtocol.java:818)
Jun  1 12:56:42 localhost app-28:       org.apache.tomcat.util.net.NioEndpoint$SocketProcessor.doRun(NioEndpoint.java:1623)
Jun  1 12:56:42 localhost app-28:       org.apache.tomcat.util.net.SocketProcessorBase.run(SocketProcessorBase.java:49)
Jun  1 12:56:42 localhost app-28:       java.base/java.util.concurrent.ThreadPoolExecutor.runWorker(ThreadPoolExecutor.java:1128)
Jun  1 12:56:42 localhost app-28:       java.base/java.util.concurrent.ThreadPoolExecutor$Worker.run(ThreadPoolExecutor.java:628)
Jun  1 12:56:42 localhost app-28:       org.apache.tomcat.util.threads.TaskThread$WrappingRunnable.run(TaskThread.java:61)
Jun  1 12:56:42 localhost app-28:       java.base/java.lang.Thread.run(Thread.java:834)
Jun  1 14:04:44 localhost app-28: [AppBase] <> INFO  Stopping   virus-blocker [28] ...
Jun  1 14:04:44 localhost app-28: [AppBase] <> INFO  Stopped    virus-blocker [28] ...
Jun  1 14:05:10 localhost app-28: [VirusBlockerBaseApp] <> INFO  Loading Settings...
Jun  1 14:39:31 localhost app-28: [VirusBlockerBaseApp] <> INFO  Loading Settings...
Jun  1 15:08:24 localhost app-28: [VirusBlockerBaseApp] <> INFO  Loading Settings...
Jun  1 15:08:57 localhost app-28: [VirusBlockerBaseApp] <> INFO  Loading Settings...
Jun  1 15:10:24 localhost app-28: [VirusBlockerBaseApp] <> INFO  Loading Settings...
Jun  1 15:10:45 localhost app-28: [VirusBlockerBaseApp] <> INFO  Loading Settings...
Jun  1 15:14:22 localhost app-28: [VirusBlockerBaseApp] <> INFO  Loading Settings...
Jun  1 15:15:52 localhost app-28: [VirusBlockerBaseApp] <> INFO  Loading Settings...
Jun  1 15:17:27 localhost app-28: [VirusBlockerBaseApp] <> INFO  Loading Settings...
Jun  1 15:20:29 localhost app-28: [VirusBlockerBaseApp] <> INFO  Loading Settings...
Jun  1 15:21:22 localhost app-28: [VirusBlockerBaseApp] <> INFO  Loading Settings...
Jun  1 15:35:30 localhost app-28: [VirusBlockerBaseApp] <> INFO  Loading Settings...
Jun  1 15:39:57 localhost app-28: [VirusBlockerBaseApp] <> INFO  Loading Settings...
Jun  1 15:40:32 localhost app-28: [VirusBlockerBaseApp] <> INFO  Loading Settings...
Jun  1 15:40:58 localhost app-28: [VirusBlockerBaseApp] <> INFO  Loading Settings...
Jun  4 07:58:07 localhost app-28: [VirusBlockerScanner] <> WARN  Unable to query last update.
Jun  4 07:58:07 localhost app-28:       java.net.ConnectException: Connection refused (Connection refused)
Jun  4 07:58:07 localhost app-28:       java.base/java.net.PlainSocketImpl.socketConnect(Native Method)
Jun  4 07:58:07 localhost app-28:       java.base/java.net.AbstractPlainSocketImpl.doConnect(AbstractPlainSocketImpl.java:399)
Jun  4 07:58:07 localhost app-28:       java.base/java.net.AbstractPlainSocketImpl.connectToAddress(AbstractPlainSocketImpl.java:242)
Jun  4 07:58:07 localhost app-28:       java.base/java.net.AbstractPlainSocketImpl.connect(AbstractPlainSocketImpl.java:224)
Jun  4 07:58:07 localhost app-28:       java.base/java.net.SocksSocketImpl.connect(SocksSocketImpl.java:403)
Jun  4 07:58:07 localhost app-28:       java.base/java.net.Socket.connect(Socket.java:609)
Jun  4 07:58:07 localhost app-28:       com.untangle.app.virus_blocker.VirusBlockerScanner.getLastSignatureUpdate(VirusBlockerScanner.java:70)
Jun  4 07:58:07 localhost app-28:       com.untangle.app.virus_blocker.VirusBlockerBaseApp.getLastSignatureUpdate(VirusBlockerBaseApp.java:309)
Jun  4 07:58:07 localhost app-28:       java.base/jdk.internal.reflect.NativeMethodAccessorImpl.invoke0(Native Method)
Jun  4 07:58:07 localhost app-28:       java.base/jdk.internal.reflect.NativeMethodAccessorImpl.invoke(NativeMethodAccessorImpl.java:62)
Jun  4 07:58:07 localhost app-28:       java.base/jdk.internal.reflect.DelegatingMethodAccessorImpl.invoke(DelegatingMethodAccessorImpl.java:43)
Jun  4 07:58:07 localhost app-28:       java.base/java.lang.reflect.Method.invoke(Method.java:566)
Jun  4 07:58:07 localhost app-28:       org.jabsorb.JSONRPCBridge.call(JSONRPCBridge.java:665)
Jun  4 07:58:07 localhost app-28:       org.jabsorb.JSONRPCServlet.service(JSONRPCServlet.java:274)
Jun  4 07:58:07 localhost app-28:       com.untangle.uvm.admin.jabsorb.UtJsonRpcServlet.service(UtJsonRpcServlet.java:121)
Jun  4 07:58:07 localhost app-28:       javax.servlet.http.HttpServlet.service(HttpServlet.java:741)
Jun  4 07:58:07 localhost app-28:       org.apache.catalina.core.ApplicationFilterChain.internalDoFilter(ApplicationFilterChain.java:231)
Jun  4 07:58:07 localhost app-28:       org.apache.catalina.core.ApplicationFilterChain.doFilter(ApplicationFilterChain.java:166)
Jun  4 07:58:07 localhost app-28:       org.apache.catalina.filters.CorsFilter.handleNonCORS(CorsFilter.java:364)
Jun  4 07:58:07 localhost app-28:       org.apache.catalina.filters.CorsFilter.doFilter(CorsFilter.java:170)
Jun  4 07:58:07 localhost app-28:       org.apache.catalina.core.ApplicationFilterChain.internalDoFilter(ApplicationFilterChain.java:193)
Jun  4 07:58:07 localhost app-28:       org.apache.catalina.core.ApplicationFilterChain.doFilter(ApplicationFilterChain.java:166)
Jun  4 07:58:07 localhost app-28:       org.apache.catalina.core.StandardWrapperValve.invoke(StandardWrapperValve.java:199)
Jun  4 07:58:07 localhost app-28:       org.apache.catalina.core.StandardContextValve.invoke(StandardContextValve.java:96)
Jun  4 07:58:07 localhost app-28:       org.apache.catalina.authenticator.AuthenticatorBase.invoke(AuthenticatorBase.java:543)
Jun  4 07:58:07 localhost app-28:       com.untangle.uvm.TomcatManagerImpl$AdministrationValve.invoke(TomcatManagerImpl.java:508)
Jun  4 07:58:07 localhost app-28:       org.apache.catalina.core.StandardHostValve.invoke(StandardHostValve.java:139)
Jun  4 07:58:07 localhost app-28:       org.apache.catalina.valves.ErrorReportValve.invoke(ErrorReportValve.java:81)
Jun  4 07:58:07 localhost app-28:       org.apache.catalina.core.StandardEngineValve.invoke(StandardEngineValve.java:87)
Jun  4 07:58:07 localhost app-28:       org.apache.catalina.connector.CoyoteAdapter.service(CoyoteAdapter.java:343)
Jun  4 07:58:07 localhost app-28:       org.apache.coyote.ajp.AjpProcessor.service(AjpProcessor.java:525)
Jun  4 07:58:07 localhost app-28:       org.apache.coyote.AbstractProcessorLight.process(AbstractProcessorLight.java:65)
Jun  4 07:58:07 localhost app-28:       org.apache.coyote.AbstractProtocol$ConnectionHandler.process(AbstractProtocol.java:818)
Jun  4 07:58:07 localhost app-28:       org.apache.tomcat.util.net.NioEndpoint$SocketProcessor.doRun(NioEndpoint.java:1623)
Jun  4 07:58:07 localhost app-28:       org.apache.tomcat.util.net.SocketProcessorBase.run(SocketProcessorBase.java:49)
Jun  4 07:58:07 localhost app-28:       java.base/java.util.concurrent.ThreadPoolExecutor.runWorker(ThreadPoolExecutor.java:1128)
Jun  4 07:58:07 localhost app-28:       java.base/java.util.concurrent.ThreadPoolExecutor$Worker.run(ThreadPoolExecutor.java:628)
Jun  4 07:58:07 localhost app-28:       org.apache.tomcat.util.threads.TaskThread$WrappingRunnable.run(TaskThread.java:61)
Jun  4 07:58:07 localhost app-28:       java.base/java.lang.Thread.run(Thread.java:834)
Jun  4 07:58:11 localhost app-28: [AppBase] <> INFO  Destroying virus-blocker [28] ...
Jun  4 07:58:11 localhost app-28: [AppBase] <> INFO  Destroyed  virus-blocker [28] ...
Sep 18 14:05:42 localhost app-28: [IntrusionPreventionApp] <> INFO  Loading settings from /root/development/github/ngfw_src/dist/usr/share/untangle/settings/intrusion-prevention/settings_28.js
Sep 18 14:05:42 localhost app-28: [IntrusionPreventionApp] <> WARN  No settings found - Initializing new settings.
Sep 18 14:06:03 localhost app-28: [AppBase] <> INFO  Starting   intrusion-prevention [28] ...
Sep 18 14:06:07 localhost app-28: [IntrusionPreventionApp] <> INFO  /etc/untangle/iptables-rules.d/740-suricata: 
Sep 18 14:06:07 localhost app-28: [IntrusionPreventionApp] <> INFO  /etc/untangle/iptables-rules.d/740-suricata: [Fri 18 Sep 2020 02:06:07 PM EDT] suricata is running. Inserting rules.
Sep 18 14:06:07 localhost app-28: [AppBase] <> INFO  Started    intrusion-prevention [28] ...
Sep 18 23:36:14 localhost app-28: [AppBase] <> INFO  Stopping   intrusion-prevention [28] ...
Sep 18 23:36:19 localhost app-28: [IntrusionPreventionApp] <> INFO  /etc/untangle/iptables-rules.d/740-suricata: 
Sep 18 23:36:19 localhost app-28: [IntrusionPreventionApp] <> INFO  /etc/untangle/iptables-rules.d/740-suricata: [Fri 18 Sep 2020 11:36:19 PM EDT] Suricata is not running - not inserting rules for suricata
Sep 18 23:36:19 localhost app-28: [AppBase] <> INFO  Stopped    intrusion-prevention [28] ...
Sep 20 17:15:33 localhost app-28: [IntrusionPreventionApp] <> INFO  Loading settings from /root/development/github/ngfw_src/dist/usr/share/untangle/settings/intrusion-prevention/settings_28.js
Sep 20 17:15:33 localhost app-28: [IntrusionPreventionApp] <> INFO  Loading Settings...
Sep 20 17:15:45 localhost app-28: [AppBase] <> INFO  Starting   intrusion-prevention [28] ...
Sep 20 17:15:45 localhost app-28: [IntrusionPreventionApp] <> INFO  /etc/untangle/iptables-rules.d/740-suricata: 
Sep 20 17:15:45 localhost app-28: [IntrusionPreventionApp] <> INFO  /etc/untangle/iptables-rules.d/740-suricata: [Sun 20 Sep 2020 05:15:45 PM EDT] suricata is running. Inserting rules.
Sep 20 17:15:45 localhost app-28: [AppBase] <> INFO  Started    intrusion-prevention [28] ...
Sep 20 17:16:59 localhost app-28: [AppBase] <> INFO  Stopping   intrusion-prevention [28] ...
Sep 20 17:16:59 localhost app-28: [IntrusionPreventionEventMonitor] <> INFO  ips event monitor was interrupted
Sep 20 17:17:00 localhost app-28: [IntrusionPreventionApp] <> INFO  /etc/untangle/iptables-rules.d/740-suricata: 
Sep 20 17:17:00 localhost app-28: [IntrusionPreventionApp] <> INFO  /etc/untangle/iptables-rules.d/740-suricata: [Sun 20 Sep 2020 05:17:00 PM EDT] Suricata is not running - not inserting rules for suricata
Sep 20 17:17:00 localhost app-28: [AppBase] <> INFO  Stopped    intrusion-prevention [28] ...
Sep 20 17:29:29 localhost app-28: [IntrusionPreventionApp] <> INFO  Loading settings from /root/development/github/ngfw_src/dist/usr/share/untangle/settings/intrusion-prevention/settings_28.js
Sep 20 17:29:29 localhost app-28: [IntrusionPreventionApp] <> INFO  Loading Settings...
Sep 20 17:29:31 localhost app-28: [AppBase] <> INFO  Starting   intrusion-prevention [28] ...
Sep 20 17:29:32 localhost app-28: [IntrusionPreventionApp] <> INFO  /etc/untangle/iptables-rules.d/740-suricata: 
Sep 20 17:29:32 localhost app-28: [IntrusionPreventionApp] <> INFO  /etc/untangle/iptables-rules.d/740-suricata: [Sun 20 Sep 2020 05:29:32 PM EDT] suricata is running. Inserting rules.
Sep 20 17:29:32 localhost app-28: [AppBase] <> INFO  Started    intrusion-prevention [28] ...
Sep 20 17:30:46 localhost app-28: [AppBase] <> INFO  Stopping   intrusion-prevention [28] ...
Sep 20 17:30:46 localhost app-28: [IntrusionPreventionEventMonitor] <> INFO  ips event monitor was interrupted
Sep 20 17:30:48 localhost app-28: [IntrusionPreventionApp] <> INFO  /etc/untangle/iptables-rules.d/740-suricata: 
Sep 20 17:30:48 localhost app-28: [IntrusionPreventionApp] <> INFO  /etc/untangle/iptables-rules.d/740-suricata: [Sun 20 Sep 2020 05:30:48 PM EDT] Suricata is not running - not inserting rules for suricata
Sep 20 17:30:48 localhost app-28: [AppBase] <> INFO  Stopped    intrusion-prevention [28] ...
Sep 20 17:30:48 localhost app-28: [AppBase] <> INFO  Destroying intrusion-prevention [28] ...
Sep 20 17:30:48 localhost app-28: [AppBase] <> INFO  Destroyed  intrusion-prevention [28] ...
Sep 20 17:31:40 localhost app-28: [IntrusionPreventionEventMonitor] <> INFO  ips event monitor was interrupted
Sep 20 17:39:30 localhost app-28: [IntrusionPreventionEventMonitor] <> INFO  ips event monitor was interrupted
Sep 25 09:20:10 localhost app-28: [CaptivePortalApp] <> INFO  Loaded app settings from /root/development/github/ngfw_src/dist/usr/share/untangle/settings/captive-portal/settings_28.js
Sep 25 09:20:10 localhost app-28: [AppBase] <> INFO  Starting   captive-portal [28] ...
Sep 25 09:20:25 localhost app-28: [AppBase] <> INFO  Started    captive-portal [28] ...
Sep 25 09:23:49 localhost app-28: [CaptivePortalApp] <> INFO  Loaded app settings from /usr/share/untangle/settings/captive-portal/settings_28.js
Sep 25 09:23:49 localhost app-28: [AppBase] <> INFO  Starting   captive-portal [28] ...
Sep 25 09:23:49 localhost app-28: [AppBase] <> INFO  Started    captive-portal [28] ...
Sep 25 09:27:25 localhost app-28: [CaptivePortalApp] <> INFO  Loaded app settings from /usr/share/untangle/settings/captive-portal/settings_28.js
Sep 25 09:27:25 localhost app-28: [AppBase] <> INFO  Starting   captive-portal [28] ...
Sep 25 09:27:25 localhost app-28: [AppBase] <> INFO  Started    captive-portal [28] ...
Sep 25 09:31:03 localhost app-28: [CaptivePortalApp] <> INFO  Loaded app settings from /usr/share/untangle/settings/captive-portal/settings_28.js
Sep 25 09:31:03 localhost app-28: [AppBase] <> INFO  Starting   captive-portal [28] ...
Sep 25 09:31:03 localhost app-28: [AppBase] <> INFO  Started    captive-portal [28] ...
Sep 25 09:33:44 localhost app-28: [AppBase] <> INFO  Stopping   captive-portal [28] ...
Sep 25 09:33:44 localhost app-28: [AppBase] <> INFO  killMatchingSessions()
Sep 25 09:33:44 localhost app-28: [AppBase] <> INFO  Stopped    captive-portal [28] ...
Sep 25 09:33:59 localhost app-28: [CaptivePortalApp] <> INFO  Loaded app settings from /usr/share/untangle/settings/captive-portal/settings_28.js
Sep 25 09:33:59 localhost app-28: [AppBase] <> INFO  Starting   captive-portal [28] ...
Sep 25 09:34:00 localhost app-28: [AppBase] <> INFO  Started    captive-portal [28] ...
Sep 25 09:37:49 localhost app-28: [AppBase] <> INFO  Stopping   captive-portal [28] ...
Sep 25 09:37:49 localhost app-28: [AppBase] <> INFO  killMatchingSessions()
Sep 25 09:37:49 localhost app-28: [AppBase] <> INFO  Stopped    captive-portal [28] ...
Sep 25 09:38:02 localhost app-28: [CaptivePortalApp] <> INFO  Loaded app settings from /root/development/github/ngfw_src/dist/usr/share/untangle/settings/captive-portal/settings_28.js
Sep 25 09:38:02 localhost app-28: [AppBase] <> INFO  Starting   captive-portal [28] ...
Sep 25 09:38:06 localhost app-28: [AppBase] <> INFO  Started    captive-portal [28] ...
Sep 25 09:40:37 localhost app-28: [AppBase] <> INFO  Stopping   captive-portal [28] ...
Sep 25 09:40:37 localhost app-28: [AppBase] <> INFO  killMatchingSessions()
Sep 25 09:40:37 localhost app-28: [AppBase] <> INFO  Stopped    captive-portal [28] ...
Sep 25 09:40:50 localhost app-28: [CaptivePortalApp] <> INFO  Loaded app settings from /root/development/github/ngfw_src/dist/usr/share/untangle/settings/captive-portal/settings_28.js
Sep 25 09:40:50 localhost app-28: [AppBase] <> INFO  Starting   captive-portal [28] ...
Sep 25 09:40:51 localhost app-28: [AppBase] <> INFO  Started    captive-portal [28] ...
Sep 25 09:42:12 localhost app-28: [AppBase] <> INFO  Stopping   captive-portal [28] ...
Sep 25 09:42:12 localhost app-28: [AppBase] <> INFO  killMatchingSessions()
Sep 25 09:42:12 localhost app-28: [AppBase] <> INFO  Stopped    captive-portal [28] ...
Sep 25 09:42:25 localhost app-28: [CaptivePortalApp] <> INFO  Loaded app settings from /root/development/github/ngfw_src/dist/usr/share/untangle/settings/captive-portal/settings_28.js
Sep 25 09:42:25 localhost app-28: [AppBase] <> INFO  Starting   captive-portal [28] ...
Sep 25 09:42:27 localhost app-28: [AppBase] <> INFO  Started    captive-portal [28] ...
Sep 25 09:45:27 localhost app-28: [AppBase] <> INFO  Stopping   captive-portal [28] ...
Sep 25 09:45:27 localhost app-28: [AppBase] <> INFO  killMatchingSessions()
Sep 25 09:45:27 localhost app-28: [AppBase] <> INFO  Stopped    captive-portal [28] ...
Sep 25 09:45:41 localhost app-28: [CaptivePortalApp] <> INFO  Loaded app settings from /root/development/github/ngfw_src/dist/usr/share/untangle/settings/captive-portal/settings_28.js
Sep 25 09:45:41 localhost app-28: [AppBase] <> INFO  Starting   captive-portal [28] ...
Sep 25 09:45:42 localhost app-28: [AppBase] <> INFO  Started    captive-portal [28] ...
Sep 25 09:52:35 localhost app-28: [AppBase] <> INFO  Stopping   captive-portal [28] ...
Sep 25 09:52:35 localhost app-28: [AppBase] <> INFO  killMatchingSessions()
Sep 25 09:52:35 localhost app-28: [AppBase] <> INFO  Stopped    captive-portal [28] ...
Sep 25 09:52:48 localhost app-28: [CaptivePortalApp] <> INFO  Loaded app settings from /root/development/github/ngfw_src/dist/usr/share/untangle/settings/captive-portal/settings_28.js
Sep 25 09:52:48 localhost app-28: [AppBase] <> INFO  Starting   captive-portal [28] ...
Sep 25 09:52:49 localhost app-28: [AppBase] <> INFO  Started    captive-portal [28] ...
Sep 25 09:53:27 localhost app-28: [AppBase] <> INFO  Stopping   captive-portal [28] ...
Sep 25 09:53:27 localhost app-28: [AppBase] <> INFO  killMatchingSessions()
Sep 25 09:53:27 localhost app-28: [AppBase] <> INFO  Stopped    captive-portal [28] ...
Sep 25 09:53:40 localhost app-28: [CaptivePortalApp] <> INFO  Loaded app settings from /root/development/github/ngfw_src/dist/usr/share/untangle/settings/captive-portal/settings_28.js
Sep 25 09:53:40 localhost app-28: [AppBase] <> INFO  Starting   captive-portal [28] ...
Sep 25 09:53:41 localhost app-28: [AppBase] <> INFO  Started    captive-portal [28] ...
Sep 25 09:55:51 localhost app-28: [AppBase] <> INFO  Stopping   captive-portal [28] ...
Sep 25 09:55:51 localhost app-28: [AppBase] <> INFO  killMatchingSessions()
Sep 25 09:55:51 localhost app-28: [AppBase] <> INFO  Stopped    captive-portal [28] ...
Sep 25 09:56:04 localhost app-28: [CaptivePortalApp] <> INFO  Loaded app settings from /root/development/github/ngfw_src/dist/usr/share/untangle/settings/captive-portal/settings_28.js
Sep 25 09:56:04 localhost app-28: [AppBase] <> INFO  Starting   captive-portal [28] ...
Sep 25 09:56:06 localhost app-28: [AppBase] <> INFO  Started    captive-portal [28] ...
Sep 25 09:56:31 localhost app-28: [AppBase] <> INFO  Stopping   captive-portal [28] ...
Sep 25 09:56:31 localhost app-28: [AppBase] <> INFO  killMatchingSessions()
Sep 25 09:56:31 localhost app-28: [AppBase] <> INFO  Stopped    captive-portal [28] ...
Sep 25 09:56:46 localhost app-28: [CaptivePortalApp] <> INFO  Loaded app settings from /root/development/github/ngfw_src/dist/usr/share/untangle/settings/captive-portal/settings_28.js
Sep 25 09:56:46 localhost app-28: [AppBase] <> INFO  Starting   captive-portal [28] ...
Sep 25 09:56:47 localhost app-28: [AppBase] <> INFO  Started    captive-portal [28] ...
Sep 25 09:57:56 localhost app-28: [AppBase] <> INFO  Stopping   captive-portal [28] ...
Sep 25 09:57:56 localhost app-28: [AppBase] <> INFO  killMatchingSessions()
Sep 25 09:57:56 localhost app-28: [AppBase] <> INFO  Stopped    captive-portal [28] ...
Sep 25 09:58:09 localhost app-28: [CaptivePortalApp] <> INFO  Loaded app settings from /root/development/github/ngfw_src/dist/usr/share/untangle/settings/captive-portal/settings_28.js
Sep 25 09:58:09 localhost app-28: [AppBase] <> INFO  Starting   captive-portal [28] ...
Sep 25 09:58:10 localhost app-28: [AppBase] <> INFO  Started    captive-portal [28] ...
Sep 25 09:59:18 localhost app-28: [AppBase] <> INFO  Stopping   captive-portal [28] ...
Sep 25 09:59:18 localhost app-28: [AppBase] <> INFO  killMatchingSessions()
Sep 25 09:59:18 localhost app-28: [AppBase] <> INFO  Stopped    captive-portal [28] ...
Sep 25 09:59:30 localhost app-28: [CaptivePortalApp] <> INFO  Loaded app settings from /root/development/github/ngfw_src/dist/usr/share/untangle/settings/captive-portal/settings_28.js
Sep 25 09:59:30 localhost app-28: [AppBase] <> INFO  Starting   captive-portal [28] ...
Sep 25 09:59:33 localhost app-28: [AppBase] <> INFO  Started    captive-portal [28] ...
Sep 25 10:00:26 localhost app-28: [AppBase] <> INFO  Stopping   captive-portal [28] ...
Sep 25 10:00:26 localhost app-28: [AppBase] <> INFO  killMatchingSessions()
Sep 25 10:00:26 localhost app-28: [AppBase] <> INFO  Stopped    captive-portal [28] ...
Sep 25 10:00:39 localhost app-28: [CaptivePortalApp] <> INFO  Loaded app settings from /root/development/github/ngfw_src/dist/usr/share/untangle/settings/captive-portal/settings_28.js
Sep 25 10:00:39 localhost app-28: [AppBase] <> INFO  Starting   captive-portal [28] ...
Sep 25 10:00:44 localhost app-28: [AppBase] <> INFO  Started    captive-portal [28] ...
Sep 25 10:02:51 localhost app-28: [AppBase] <> INFO  Stopping   captive-portal [28] ...
Sep 25 10:02:51 localhost app-28: [AppBase] <> INFO  killMatchingSessions()
Sep 25 10:02:51 localhost app-28: [AppBase] <> INFO  Stopped    captive-portal [28] ...
Sep 25 10:03:04 localhost app-28: [CaptivePortalApp] <> INFO  Loaded app settings from /root/development/github/ngfw_src/dist/usr/share/untangle/settings/captive-portal/settings_28.js
Sep 25 10:03:05 localhost app-28: [AppBase] <> INFO  Starting   captive-portal [28] ...
Sep 25 10:03:05 localhost app-28: [AppBase] <> INFO  Started    captive-portal [28] ...
Sep 25 10:06:10 localhost app-28: [AppBase] <> INFO  Stopping   captive-portal [28] ...
Sep 25 10:06:10 localhost app-28: [AppBase] <> INFO  killMatchingSessions()
Sep 25 10:06:10 localhost app-28: [AppBase] <> INFO  Stopped    captive-portal [28] ...
Sep 25 10:06:30 localhost app-28: [CaptivePortalApp] <> INFO  Loaded app settings from /root/development/github/ngfw_src/dist/usr/share/untangle/settings/captive-portal/settings_28.js
Sep 25 10:06:30 localhost app-28: [AppBase] <> INFO  Starting   captive-portal [28] ...
Sep 25 10:06:31 localhost app-28: [AppBase] <> INFO  Started    captive-portal [28] ...
Sep 25 10:08:15 localhost app-28: [AppBase] <> INFO  Stopping   captive-portal [28] ...
Sep 25 10:08:15 localhost app-28: [AppBase] <> INFO  killMatchingSessions()
Sep 25 10:08:15 localhost app-28: [AppBase] <> INFO  Stopped    captive-portal [28] ...
Sep 25 10:08:34 localhost app-28: [CaptivePortalApp] <> INFO  Loaded app settings from /root/development/github/ngfw_src/dist/usr/share/untangle/settings/captive-portal/settings_28.js
Sep 25 10:08:34 localhost app-28: [AppBase] <> INFO  Starting   captive-portal [28] ...
Sep 25 10:08:34 localhost app-28: [AppBase] <> INFO  Started    captive-portal [28] ...
Sep 25 10:12:53 localhost app-28: [AppBase] <> INFO  Stopping   captive-portal [28] ...
Sep 25 10:12:53 localhost app-28: [AppBase] <> INFO  killMatchingSessions()
Sep 25 10:12:53 localhost app-28: [AppBase] <> INFO  Stopped    captive-portal [28] ...
Sep 25 10:13:07 localhost app-28: [CaptivePortalApp] <> INFO  Loaded app settings from /root/development/github/ngfw_src/dist/usr/share/untangle/settings/captive-portal/settings_28.js
Sep 25 10:13:07 localhost app-28: [AppBase] <> INFO  Starting   captive-portal [28] ...
Sep 25 10:13:09 localhost app-28: [AppBase] <> INFO  Started    captive-portal [28] ...
Sep 25 10:15:09 localhost app-28: [AppBase] <> INFO  Stopping   captive-portal [28] ...
Sep 25 10:15:09 localhost app-28: [AppBase] <> INFO  killMatchingSessions()
Sep 25 10:15:10 localhost app-28: [AppBase] <> INFO  Stopped    captive-portal [28] ...
Sep 25 10:15:24 localhost app-28: [CaptivePortalApp] <> INFO  Loaded app settings from /root/development/github/ngfw_src/dist/usr/share/untangle/settings/captive-portal/settings_28.js
Sep 25 10:15:24 localhost app-28: [AppBase] <> INFO  Starting   captive-portal [28] ...
Sep 25 10:15:26 localhost app-28: [AppBase] <> INFO  Started    captive-portal [28] ...
Sep 25 10:16:42 localhost app-28: [AppBase] <> INFO  Stopping   captive-portal [28] ...
Sep 25 10:16:42 localhost app-28: [AppBase] <> INFO  killMatchingSessions()
Sep 25 10:16:42 localhost app-28: [AppBase] <> INFO  Stopped    captive-portal [28] ...
Sep 25 10:16:56 localhost app-28: [CaptivePortalApp] <> INFO  Loaded app settings from /root/development/github/ngfw_src/dist/usr/share/untangle/settings/captive-portal/settings_28.js
Sep 25 10:16:56 localhost app-28: [AppBase] <> INFO  Starting   captive-portal [28] ...
Sep 25 10:16:58 localhost app-28: [AppBase] <> INFO  Started    captive-portal [28] ...
Sep 25 10:30:22 localhost app-28: [AppBase] <> INFO  Stopping   captive-portal [28] ...
Sep 25 10:30:22 localhost app-28: [AppBase] <> INFO  killMatchingSessions()
Sep 25 10:30:22 localhost app-28: [AppBase] <> INFO  Stopped    captive-portal [28] ...
Sep 25 10:30:36 localhost app-28: [CaptivePortalApp] <> INFO  Loaded app settings from /root/development/github/ngfw_src/dist/usr/share/untangle/settings/captive-portal/settings_28.js
Sep 25 10:30:36 localhost app-28: [AppBase] <> INFO  Starting   captive-portal [28] ...
Sep 25 10:30:41 localhost app-28: [AppBase] <> INFO  Started    captive-portal [28] ...
Sep 25 10:34:13 localhost app-28: [AppBase] <> INFO  Stopping   captive-portal [28] ...
Sep 25 10:34:13 localhost app-28: [AppBase] <> INFO  killMatchingSessions()
Sep 25 10:34:13 localhost app-28: [AppBase] <> INFO  Stopped    captive-portal [28] ...
Sep 25 10:34:27 localhost app-28: [CaptivePortalApp] <> INFO  Loaded app settings from /root/development/github/ngfw_src/dist/usr/share/untangle/settings/captive-portal/settings_28.js
Sep 25 10:34:27 localhost app-28: [AppBase] <> INFO  Starting   captive-portal [28] ...
Sep 25 10:34:28 localhost app-28: [AppBase] <> INFO  Started    captive-portal [28] ...
Sep 25 10:37:00 localhost app-28: [AppBase] <> INFO  Stopping   captive-portal [28] ...
Sep 25 10:37:00 localhost app-28: [AppBase] <> INFO  killMatchingSessions()
Sep 25 10:37:00 localhost app-28: [AppBase] <> INFO  Stopped    captive-portal [28] ...
Sep 25 10:37:15 localhost app-28: [CaptivePortalApp] <> INFO  Loaded app settings from /root/development/github/ngfw_src/dist/usr/share/untangle/settings/captive-portal/settings_28.js
Sep 25 10:37:15 localhost app-28: [AppBase] <> INFO  Starting   captive-portal [28] ...
Sep 25 10:37:17 localhost app-28: [AppBase] <> INFO  Started    captive-portal [28] ...
Sep 25 10:41:43 localhost app-28: [AppBase] <> INFO  Stopping   captive-portal [28] ...
Sep 25 10:41:43 localhost app-28: [AppBase] <> INFO  killMatchingSessions()
Sep 25 10:41:43 localhost app-28: [AppBase] <> INFO  Stopped    captive-portal [28] ...
Sep 25 10:41:58 localhost app-28: [CaptivePortalApp] <> INFO  Loaded app settings from /root/development/github/ngfw_src/dist/usr/share/untangle/settings/captive-portal/settings_28.js
Sep 25 10:41:58 localhost app-28: [AppBase] <> INFO  Starting   captive-portal [28] ...
Sep 25 10:41:59 localhost app-28: [AppBase] <> INFO  Started    captive-portal [28] ...
Sep 25 10:44:34 localhost app-28: [AppBase] <> INFO  Stopping   captive-portal [28] ...
Sep 25 10:44:34 localhost app-28: [AppBase] <> INFO  killMatchingSessions()
Sep 25 10:44:34 localhost app-28: [AppBase] <> INFO  Stopped    captive-portal [28] ...
Sep 25 10:44:49 localhost app-28: [CaptivePortalApp] <> INFO  Loaded app settings from /root/development/github/ngfw_src/dist/usr/share/untangle/settings/captive-portal/settings_28.js
Sep 25 10:44:49 localhost app-28: [AppBase] <> INFO  Starting   captive-portal [28] ...
Sep 25 10:44:52 localhost app-28: [AppBase] <> INFO  Started    captive-portal [28] ...
Sep 25 11:00:55 localhost app-28: [AppBase] <> INFO  Stopping   captive-portal [28] ...
Sep 25 11:00:55 localhost app-28: [AppBase] <> INFO  killMatchingSessions()
Sep 25 11:00:55 localhost app-28: [AppBase] <> INFO  Stopped    captive-portal [28] ...
Sep 25 11:01:08 localhost app-28: [CaptivePortalApp] <> INFO  Loaded app settings from /root/development/github/ngfw_src/dist/usr/share/untangle/settings/captive-portal/settings_28.js
Sep 25 11:01:08 localhost app-28: [AppBase] <> INFO  Starting   captive-portal [28] ...
Sep 25 11:01:12 localhost app-28: [AppBase] <> INFO  Started    captive-portal [28] ...
Sep 25 11:02:37 localhost app-28: [AppBase] <> INFO  Stopping   captive-portal [28] ...
Sep 25 11:02:37 localhost app-28: [AppBase] <> INFO  killMatchingSessions()
Sep 25 11:02:37 localhost app-28: [AppBase] <> INFO  Stopped    captive-portal [28] ...
Sep 25 11:02:49 localhost app-28: [CaptivePortalApp] <> INFO  Loaded app settings from /root/development/github/ngfw_src/dist/usr/share/untangle/settings/captive-portal/settings_28.js
Sep 25 11:02:49 localhost app-28: [AppBase] <> INFO  Starting   captive-portal [28] ...
Sep 25 11:02:50 localhost app-28: [AppBase] <> INFO  Started    captive-portal [28] ...
Sep 25 11:03:21 localhost app-28: [AppBase] <> INFO  Stopping   captive-portal [28] ...
Sep 25 11:03:21 localhost app-28: [AppBase] <> INFO  killMatchingSessions()
Sep 25 11:03:21 localhost app-28: [AppBase] <> INFO  Stopped    captive-portal [28] ...
Sep 25 11:03:33 localhost app-28: [CaptivePortalApp] <> INFO  Loaded app settings from /root/development/github/ngfw_src/dist/usr/share/untangle/settings/captive-portal/settings_28.js
Sep 25 11:03:33 localhost app-28: [AppBase] <> INFO  Starting   captive-portal [28] ...
Sep 25 11:03:33 localhost app-28: [AppBase] <> INFO  Started    captive-portal [28] ...
Sep 25 12:20:01 localhost app-28: [AppBase] <> INFO  Stopping   captive-portal [28] ...
Sep 25 12:20:01 localhost app-28: [AppBase] <> INFO  killMatchingSessions()
Sep 25 12:20:01 localhost app-28: [AppBase] <> INFO  Stopped    captive-portal [28] ...
Sep 25 12:20:14 localhost app-28: [CaptivePortalApp] <> INFO  Loaded app settings from /root/development/github/ngfw_src/dist/usr/share/untangle/settings/captive-portal/settings_28.js
Sep 25 12:20:14 localhost app-28: [AppBase] <> INFO  Starting   captive-portal [28] ...
Sep 25 12:20:16 localhost app-28: [AppBase] <> INFO  Started    captive-portal [28] ...
Sep 25 12:21:45 localhost app-28: [AppBase] <> INFO  Stopping   captive-portal [28] ...
Sep 25 12:21:45 localhost app-28: [AppBase] <> INFO  killMatchingSessions()
Sep 25 12:21:45 localhost app-28: [AppBase] <> INFO  Stopped    captive-portal [28] ...
Sep 25 12:21:58 localhost app-28: [CaptivePortalApp] <> INFO  Loaded app settings from /root/development/github/ngfw_src/dist/usr/share/untangle/settings/captive-portal/settings_28.js
Sep 25 12:21:58 localhost app-28: [AppBase] <> INFO  Starting   captive-portal [28] ...
Sep 25 12:22:03 localhost app-28: [AppBase] <> INFO  Started    captive-portal [28] ...
Sep 25 12:22:38 localhost app-28: [AppBase] <> INFO  Stopping   captive-portal [28] ...
Sep 25 12:22:38 localhost app-28: [AppBase] <> INFO  killMatchingSessions()
Sep 25 12:22:38 localhost app-28: [AppBase] <> INFO  Stopped    captive-portal [28] ...
Sep 25 12:22:50 localhost app-28: [CaptivePortalApp] <> INFO  Loaded app settings from /root/development/github/ngfw_src/dist/usr/share/untangle/settings/captive-portal/settings_28.js
Sep 25 12:22:50 localhost app-28: [AppBase] <> INFO  Starting   captive-portal [28] ...
Sep 25 12:22:52 localhost app-28: [AppBase] <> INFO  Started    captive-portal [28] ...
Sep 25 12:23:34 localhost app-28: [AppBase] <> INFO  Stopping   captive-portal [28] ...
Sep 25 12:23:34 localhost app-28: [AppBase] <> INFO  killMatchingSessions()
Sep 25 12:23:34 localhost app-28: [AppBase] <> INFO  Stopped    captive-portal [28] ...
Sep 25 12:23:49 localhost app-28: [CaptivePortalApp] <> INFO  Loaded app settings from /root/development/github/ngfw_src/dist/usr/share/untangle/settings/captive-portal/settings_28.js
Sep 25 12:23:49 localhost app-28: [AppBase] <> INFO  Starting   captive-portal [28] ...
Sep 25 12:23:49 localhost app-28: [AppBase] <> INFO  Started    captive-portal [28] ...
Sep 25 12:24:19 localhost app-28: [AppBase] <> INFO  Stopping   captive-portal [28] ...
Sep 25 12:24:19 localhost app-28: [AppBase] <> INFO  killMatchingSessions()
Sep 25 12:24:19 localhost app-28: [AppBase] <> INFO  Stopped    captive-portal [28] ...
Sep 25 12:24:31 localhost app-28: [CaptivePortalApp] <> INFO  Loaded app settings from /root/development/github/ngfw_src/dist/usr/share/untangle/settings/captive-portal/settings_28.js
Sep 25 12:24:31 localhost app-28: [AppBase] <> INFO  Starting   captive-portal [28] ...
Sep 25 12:24:33 localhost app-28: [AppBase] <> INFO  Started    captive-portal [28] ...
Sep 25 12:25:58 localhost app-28: [AppBase] <> INFO  Stopping   captive-portal [28] ...
Sep 25 12:25:58 localhost app-28: [AppBase] <> INFO  killMatchingSessions()
Sep 25 12:25:58 localhost app-28: [AppBase] <> INFO  Stopped    captive-portal [28] ...
Sep 25 12:26:11 localhost app-28: [CaptivePortalApp] <> INFO  Loaded app settings from /root/development/github/ngfw_src/dist/usr/share/untangle/settings/captive-portal/settings_28.js
Sep 25 12:26:12 localhost app-28: [AppBase] <> INFO  Starting   captive-portal [28] ...
Sep 25 12:26:13 localhost app-28: [AppBase] <> INFO  Started    captive-portal [28] ...
Sep 25 12:26:50 localhost app-28: [AppBase] <> INFO  Stopping   captive-portal [28] ...
Sep 25 12:26:50 localhost app-28: [AppBase] <> INFO  killMatchingSessions()
Sep 25 12:26:50 localhost app-28: [AppBase] <> INFO  Stopped    captive-portal [28] ...
Sep 25 12:27:03 localhost app-28: [CaptivePortalApp] <> INFO  Loaded app settings from /root/development/github/ngfw_src/dist/usr/share/untangle/settings/captive-portal/settings_28.js
Sep 25 12:27:03 localhost app-28: [AppBase] <> INFO  Starting   captive-portal [28] ...
Sep 25 12:27:05 localhost app-28: [AppBase] <> INFO  Started    captive-portal [28] ...
Sep 25 13:12:18 localhost app-28: [AppBase] <> INFO  Stopping   captive-portal [28] ...
Sep 25 13:12:18 localhost app-28: [AppBase] <> INFO  killMatchingSessions()
Sep 25 13:12:18 localhost app-28: [AppBase] <> INFO  Stopped    captive-portal [28] ...
Sep 25 13:12:31 localhost app-28: [CaptivePortalApp] <> INFO  Loaded app settings from /root/development/github/ngfw_src/dist/usr/share/untangle/settings/captive-portal/settings_28.js
Sep 25 13:12:31 localhost app-28: [AppBase] <> INFO  Starting   captive-portal [28] ...
Sep 25 13:12:33 localhost app-28: [AppBase] <> INFO  Started    captive-portal [28] ...
Sep 25 13:14:47 localhost app-28: [AppBase] <> INFO  Stopping   captive-portal [28] ...
Sep 25 13:14:47 localhost app-28: [AppBase] <> INFO  killMatchingSessions()
Sep 25 13:14:47 localhost app-28: [AppBase] <> INFO  Stopped    captive-portal [28] ...
Sep 25 13:14:57 localhost app-28: [CaptivePortalApp] <> INFO  Loaded app settings from /root/development/github/ngfw_src/dist/usr/share/untangle/settings/captive-portal/settings_28.js
Sep 25 13:14:57 localhost app-28: [AppBase] <> INFO  Starting   captive-portal [28] ...
Sep 25 13:15:02 localhost app-28: [AppBase] <> INFO  Started    captive-portal [28] ...
Sep 25 13:22:15 localhost app-28: [AppBase] <> INFO  Stopping   captive-portal [28] ...
Sep 25 13:22:15 localhost app-28: [AppBase] <> INFO  killMatchingSessions()
Sep 25 13:22:15 localhost app-28: [AppBase] <> INFO  Stopped    captive-portal [28] ...
Oct  2 08:05:02 localhost app-28: [CaptivePortalApp] <> INFO  Loaded app settings from /usr/share/untangle/settings/captive-portal/settings_28.js
Oct  2 08:05:02 localhost app-28: [AppBase] <> INFO  Starting   captive-portal [28] ...
Oct  2 08:05:05 localhost app-28: [AppBase] <> INFO  Started    captive-portal [28] ...
Oct 14 08:37:29 localhost app-28: [CaptivePortalApp] <> INFO  Loaded app settings from /usr/share/untangle/settings/captive-portal/settings_28.js
Oct 14 08:37:29 localhost app-28: [AppBase] <> INFO  Starting   captive-portal [28] ...
Oct 14 08:37:34 localhost app-28: [AppBase] <> INFO  Started    captive-portal [28] ...
Oct 14 16:44:31 localhost app-28: [CaptivePortalApp] <> INFO  Loaded app settings from /usr/share/untangle/settings/captive-portal/settings_28.js
Oct 14 16:44:31 localhost app-28: [AppBase] <> INFO  Starting   captive-portal [28] ...
Oct 14 16:44:31 localhost app-28: [AppBase] <> INFO  Started    captive-portal [28] ...
Oct 14 16:47:11 localhost app-28: [AppBase] <> INFO  Stopping   captive-portal [28] ...
Oct 14 16:47:11 localhost app-28: [AppBase] <> INFO  killMatchingSessions()
Oct 14 16:47:11 localhost app-28: [AppBase] <> INFO  Stopped    captive-portal [28] ...
Oct 15 12:41:37 localhost app-28: [CaptivePortalApp] <> INFO  Loaded app settings from /usr/share/untangle/settings/captive-portal/settings_28.js
Oct 15 12:41:37 localhost app-28: [AppBase] <> INFO  Starting   captive-portal [28] ...
Oct 15 12:41:37 localhost app-28: [AppBase] <> INFO  Started    captive-portal [28] ...
Oct 15 12:44:24 localhost app-28: [AppBase] <> INFO  Stopping   captive-portal [28] ...
Oct 15 12:44:24 localhost app-28: [AppBase] <> INFO  killMatchingSessions()
Oct 15 12:44:24 localhost app-28: [AppBase] <> INFO  Stopped    captive-portal [28] ...
Oct 22 09:42:23 localhost app-28: [CaptivePortalApp] <> INFO  Loaded app settings from /usr/share/untangle/settings/captive-portal/settings_28.js
Oct 22 09:42:23 localhost app-28: [AppBase] <> INFO  Starting   captive-portal [28] ...
Oct 22 09:42:23 localhost app-28: [AppBase] <> INFO  Started    captive-portal [28] ...
Oct 27 11:40:32 localhost app-28: [WireGuardVpnApp] <> INFO  Initializing Settings...
Oct 27 11:40:32 localhost app-28: [WireGuardVpnApp] <> INFO  Creating the default settings...
Oct 27 11:40:33 localhost app-28: [WireGuardVpnApp] <> WARN  /192.168.252.60
Oct 27 11:40:35 localhost app-28: [WireGuardVpnApp] <> INFO  Loading Settings...
Oct 27 11:40:35 localhost app-28: [AppBase] <> INFO  Starting   wireguard-vpn [28] ...
Oct 27 11:40:36 localhost app-28: [WireGuardVpnManager] <> INFO  Starting WireGuard interface and tunnels
Oct 27 11:40:36 localhost app-28: [WireGuardVpnManager] <> INFO  /usr/bin/wg-quick: 
Oct 27 11:40:36 localhost app-28: [WireGuardVpnManager] <> INFO  /usr/bin/wg-quick: [#] ip link add wg0 type wireguard
Oct 27 11:40:36 localhost app-28: [WireGuardVpnManager] <> INFO  /usr/bin/wg-quick: [#] wg setconf wg0 /dev/fd/63
Oct 27 11:40:36 localhost app-28: [WireGuardVpnManager] <> INFO  /usr/bin/wg-quick: [#] ip -4 address add 172.26.234.1 dev wg0
Oct 27 11:40:36 localhost app-28: [WireGuardVpnManager] <> INFO  /usr/bin/wg-quick: [#] ip link set mtu 1500 up dev wg0
Oct 27 11:40:36 localhost app-28: [WireGuardVpnManager] <> INFO  /etc/untangle/iptables-rules.d/720-wireguard-vpn: 
Oct 27 11:40:36 localhost app-28: [WireGuardVpnManager] <> INFO  /etc/untangle/iptables-rules.d/720-wireguard-vpn: 
Oct 27 11:40:36 localhost app-28: [AppBase] <> INFO  Started    wireguard-vpn [28] ...
Nov 11 11:18:10 localhost app-28: [WireGuardVpnApp] <> INFO  Loading Settings...
Nov 11 11:18:10 localhost app-28: [AppBase] <> INFO  Starting   wireguard-vpn [28] ...
Nov 11 11:18:11 localhost app-28: [WireGuardVpnManager] <> INFO  Starting WireGuard interface and tunnels
Nov 11 11:18:13 localhost app-28: [WireGuardVpnManager] <> INFO  /usr/bin/wg-quick: 
Nov 11 11:18:13 localhost app-28: [WireGuardVpnManager] <> INFO  /usr/bin/wg-quick: [#] ip link add wg0 type wireguard
Nov 11 11:18:13 localhost app-28: [WireGuardVpnManager] <> INFO  /usr/bin/wg-quick: [#] wg setconf wg0 /dev/fd/63
Nov 11 11:18:13 localhost app-28: [WireGuardVpnManager] <> INFO  /usr/bin/wg-quick: [#] ip -4 address add 172.26.234.1 dev wg0
Nov 11 11:18:13 localhost app-28: [WireGuardVpnManager] <> INFO  /usr/bin/wg-quick: [#] ip link set mtu 1500 up dev wg0
Nov 11 11:18:13 localhost app-28: [WireGuardVpnManager] <> INFO  /usr/bin/wg-quick: [#] ip -4 route add 172.26.234.3/32 dev wg0
Nov 11 11:18:14 localhost app-28: [WireGuardVpnManager] <> INFO  /etc/untangle/iptables-rules.d/720-wireguard-vpn: 
Nov 11 11:18:14 localhost app-28: [WireGuardVpnManager] <> INFO  /etc/untangle/iptables-rules.d/720-wireguard-vpn: 
Nov 11 11:18:14 localhost app-28: [AppBase] <> INFO  Started    wireguard-vpn [28] ...
Nov 11 11:25:38 localhost app-28: [AppBase] <> INFO  Stopping   wireguard-vpn [28] ...
Nov 11 11:25:38 localhost app-28: [WireGuardVpnMonitor] <> INFO  WireGuardVpn monitor was interrupted
Nov 11 11:25:38 localhost app-28: [WireGuardVpnManager] <> INFO  Stopping WireGuard interface and tunnels
Nov 11 11:25:38 localhost app-28: [WireGuardVpnManager] <> INFO  /usr/bin/wg-quick: 
Nov 11 11:25:38 localhost app-28: [WireGuardVpnManager] <> INFO  /usr/bin/wg-quick: [#] ip link delete dev wg0
Nov 11 11:25:38 localhost app-28: [WireGuardVpnManager] <> INFO  /etc/untangle/iptables-rules.d/720-wireguard-vpn: 
Nov 11 11:25:38 localhost app-28: [WireGuardVpnManager] <> INFO  /etc/untangle/iptables-rules.d/720-wireguard-vpn: 
Nov 11 11:25:38 localhost app-28: [AppBase] <> INFO  Stopped    wireguard-vpn [28] ...
Nov 11 11:26:12 localhost app-28: [CaptivePortalApp] <> INFO  Loaded app settings from /usr/share/untangle/settings/captive-portal/settings_28.js
Nov 11 11:26:12 localhost app-28: [AppBase] <> INFO  Starting   captive-portal [28] ...
Nov 11 11:26:12 localhost app-28: [AppBase] <> INFO  Started    captive-portal [28] ...
Nov 11 14:05:43 localhost app-28: [WireGuardVpnApp] <> INFO  Loading Settings...
Nov 11 14:05:43 localhost app-28: [AppBase] <> INFO  Starting   wireguard-vpn [28] ...
Nov 11 14:05:48 localhost app-28: [WireGuardVpnManager] <> INFO  Starting WireGuard interface and tunnels
Nov 11 14:05:49 localhost app-28: [WireGuardVpnManager] <> INFO  /usr/bin/wg-quick: 
Nov 11 14:05:49 localhost app-28: [WireGuardVpnManager] <> INFO  /usr/bin/wg-quick: wg-quick: `wg0' already exists
Nov 11 14:05:49 localhost app-28: [WireGuardVpnManager] <> ERROR Failed calling WireGuard start script (return code: 1)
Nov 11 14:05:49 localhost app-28: [WireGuardVpnManager] <> INFO  /etc/untangle/iptables-rules.d/720-wireguard-vpn: 
Nov 11 14:05:49 localhost app-28: [WireGuardVpnManager] <> INFO  /etc/untangle/iptables-rules.d/720-wireguard-vpn: 
Nov 11 14:05:49 localhost app-28: [AppBase] <> INFO  Started    wireguard-vpn [28] ...
Nov 11 14:06:07 localhost app-28: [WireGuardVpnApp] <> INFO  Network Settings will change, storing local settings...
Nov 11 14:06:07 localhost app-28: [WireGuardVpnApp] <> ERROR Unable to reconfigure the Wireguard VPN app
Nov 11 14:06:10 localhost app-28: [WireGuardVpnApp] <> INFO  Network Settings have changed. Syncing new settings...
Nov 11 15:00:59 localhost app-28: [WireGuardVpnApp] <> INFO  Network Settings will change, storing local settings...
Nov 11 15:00:59 localhost app-28: [WireGuardVpnApp] <> ERROR Unable to reconfigure the Wireguard VPN app
Nov 11 15:01:18 localhost app-28: [WireGuardVpnApp] <> INFO  Network Settings will change, storing local settings...
Nov 11 15:01:18 localhost app-28: [WireGuardVpnApp] <> ERROR Unable to reconfigure the Wireguard VPN app
Nov 11 15:02:44 localhost app-28: [WireGuardVpnApp] <> INFO  Network Settings will change, storing local settings...
Nov 11 15:02:44 localhost app-28: [WireGuardVpnApp] <> ERROR Unable to reconfigure the Wireguard VPN app
Nov 11 15:02:49 localhost app-28: [WireGuardVpnApp] <> INFO  Network Settings have changed. Syncing new settings...
Nov 11 15:06:07 localhost app-28: [WireGuardVpnApp] <> INFO  Network Settings will change, storing local settings...
Nov 11 15:06:07 localhost app-28: [WireGuardVpnApp] <> ERROR Unable to reconfigure the Wireguard VPN app
Nov 11 15:06:12 localhost app-28: [WireGuardVpnApp] <> INFO  Network Settings have changed. Syncing new settings...
Nov 11 15:10:06 localhost app-28: [WireGuardVpnApp] <> INFO  Network Settings will change, storing local settings...
Nov 11 15:10:06 localhost app-28: [WireGuardVpnApp] <> ERROR Unable to reconfigure the Wireguard VPN app
Nov 11 15:10:11 localhost app-28: [WireGuardVpnApp] <> INFO  Network Settings have changed. Syncing new settings...
Nov 11 15:11:46 localhost app-28: [WireGuardVpnApp] <> INFO  Network Settings will change, storing local settings...
Nov 11 15:11:46 localhost app-28: [WireGuardVpnApp] <> ERROR Unable to reconfigure the Wireguard VPN app
Nov 11 15:11:49 localhost app-28: [WireGuardVpnApp] <> INFO  Network Settings have changed. Syncing new settings...
Nov 11 15:12:56 localhost app-28: [WireGuardVpnApp] <> INFO  Network Settings will change, storing local settings...
Nov 11 15:12:56 localhost app-28: [WireGuardVpnApp] <> ERROR Unable to reconfigure the Wireguard VPN app
Nov 11 15:12:58 localhost app-28: [WireGuardVpnApp] <> INFO  Network Settings have changed. Syncing new settings...
Nov 11 15:13:35 localhost app-28: [WireGuardVpnApp] <> INFO  Network Settings will change, storing local settings...
Nov 11 15:13:35 localhost app-28: [WireGuardVpnApp] <> ERROR Unable to reconfigure the Wireguard VPN app
Nov 11 15:13:40 localhost app-28: [WireGuardVpnApp] <> INFO  Network Settings have changed. Syncing new settings...
Nov 11 15:14:49 localhost app-28: [WireGuardVpnApp] <> INFO  Network Settings will change, storing local settings...
Nov 11 15:14:49 localhost app-28: [WireGuardVpnApp] <> ERROR Unable to reconfigure the Wireguard VPN app
Nov 11 15:14:51 localhost app-28: [WireGuardVpnApp] <> INFO  Network Settings have changed. Syncing new settings...
Nov 11 15:16:25 localhost app-28: [WireGuardVpnApp] <> INFO  Network Settings will change, storing local settings...
Nov 11 15:16:25 localhost app-28: [WireGuardVpnApp] <> ERROR Unable to reconfigure the Wireguard VPN app
Nov 11 15:16:28 localhost app-28: [WireGuardVpnApp] <> INFO  Network Settings have changed. Syncing new settings...
Nov 11 15:16:53 localhost app-28: [WireGuardVpnApp] <> INFO  Network Settings will change, storing local settings...
Nov 11 15:16:53 localhost app-28: [WireGuardVpnApp] <> ERROR Unable to reconfigure the Wireguard VPN app
Nov 11 15:16:56 localhost app-28: [WireGuardVpnApp] <> INFO  Network Settings have changed. Syncing new settings...
Nov 11 15:17:04 localhost app-28: [WireGuardVpnApp] <> INFO  Network Settings will change, storing local settings...
Nov 11 15:17:04 localhost app-28: [WireGuardVpnApp] <> ERROR Unable to reconfigure the Wireguard VPN app
Nov 11 15:17:07 localhost app-28: [WireGuardVpnApp] <> INFO  Network Settings have changed. Syncing new settings...
Nov 11 15:17:45 localhost app-28: [WireGuardVpnApp] <> INFO  Network Settings will change, storing local settings...
Nov 11 15:17:45 localhost app-28: [WireGuardVpnApp] <> ERROR Unable to reconfigure the Wireguard VPN app
Nov 11 15:17:47 localhost app-28: [WireGuardVpnApp] <> INFO  Network Settings have changed. Syncing new settings...
Nov 11 15:18:14 localhost app-28: [WireGuardVpnApp] <> INFO  Network Settings will change, storing local settings...
Nov 11 15:18:14 localhost app-28: [WireGuardVpnApp] <> ERROR Unable to reconfigure the Wireguard VPN app
Nov 11 15:18:14 localhost app-28: [WireGuardVpnApp] <> INFO  Network Settings have changed. Syncing new settings...
Nov 11 15:27:30 localhost app-28: [WireGuardVpnApp] <> INFO  Network Settings will change, storing local settings...
Nov 11 15:27:30 localhost app-28: [WireGuardVpnApp] <> ERROR Unable to reconfigure the Wireguard VPN app
Nov 11 15:27:35 localhost app-28: [WireGuardVpnApp] <> INFO  Network Settings have changed. Syncing new settings...
Nov 11 15:28:23 localhost app-28: [AppBase] <> INFO  Stopping   wireguard-vpn [28] ...
Nov 11 15:28:23 localhost app-28: [WireGuardVpnMonitor] <> INFO  WireGuardVpn monitor was interrupted
Nov 11 15:28:23 localhost app-28: [WireGuardVpnManager] <> INFO  Stopping WireGuard interface and tunnels
Nov 11 15:28:23 localhost app-28: [WireGuardVpnManager] <> INFO  /usr/bin/wg-quick: 
Nov 11 15:28:23 localhost app-28: [WireGuardVpnManager] <> INFO  /usr/bin/wg-quick: [#] ip link delete dev wg0
Nov 11 15:28:23 localhost app-28: [WireGuardVpnManager] <> INFO  /etc/untangle/iptables-rules.d/720-wireguard-vpn: 
Nov 11 15:28:23 localhost app-28: [WireGuardVpnManager] <> INFO  /etc/untangle/iptables-rules.d/720-wireguard-vpn: 
Nov 11 15:28:23 localhost app-28: [AppBase] <> INFO  Stopped    wireguard-vpn [28] ...
Nov 12 09:48:12 localhost app-28: [WireGuardVpnApp] <> INFO  Loading Settings...
Nov 12 09:48:55 localhost app-28: [AppBase] <> INFO  Destroying wireguard-vpn [28] ...
Nov 12 09:48:55 localhost app-28: [AppBase] <> INFO  Destroyed  wireguard-vpn [28] ...
Nov 17 12:18:03 localhost app-28: [CaptivePortalApp] <> INFO  Loaded app settings from /usr/share/untangle/settings/captive-portal/settings_28.js
Nov 17 12:18:03 localhost app-28: [AppBase] <> INFO  Starting   captive-portal [28] ...
Nov 17 12:18:04 localhost app-28: [AppBase] <> INFO  Started    captive-portal [28] ...
Nov 17 12:19:02 localhost app-28: [AppBase] <> INFO  Stopping   captive-portal [28] ...
Nov 17 12:19:02 localhost app-28: [AppBase] <> INFO  killMatchingSessions()
Nov 17 12:19:02 localhost app-28: [AppBase] <> INFO  Stopped    captive-portal [28] ...
Nov 17 12:19:35 localhost app-28: [CaptivePortalApp] <> INFO  Loaded app settings from /usr/share/untangle/settings/captive-portal/settings_28.js
Nov 17 12:19:35 localhost app-28: [AppBase] <> INFO  Starting   captive-portal [28] ...
Nov 17 12:19:36 localhost app-28: [AppBase] <> INFO  Started    captive-portal [28] ...
Nov 23 17:24:18 localhost app-28: [AppBase] <> INFO  Stopping   captive-portal [28] ...
Nov 23 17:24:18 localhost app-28: [AppBase] <> INFO  killMatchingSessions()
Nov 23 17:24:18 localhost app-28: [AppBase] <> INFO  Stopped    captive-portal [28] ...
Nov 23 17:33:53 localhost app-28: [CaptivePortalApp] <> INFO  Loaded app settings from /usr/share/untangle/settings/captive-portal/settings_28.js
Nov 23 17:33:53 localhost app-28: [AppBase] <> INFO  Starting   captive-portal [28] ...
Nov 23 17:33:53 localhost app-28: [AppBase] <> INFO  Started    captive-portal [28] ...
Nov 23 18:09:32 localhost app-28: [AppBase] <> INFO  Stopping   captive-portal [28] ...
Nov 23 18:09:32 localhost app-28: [AppBase] <> INFO  killMatchingSessions()
Nov 23 18:09:32 localhost app-28: [AppBase] <> INFO  Stopped    captive-portal [28] ...
Nov 23 18:13:22 localhost app-28: [CaptivePortalApp] <> INFO  Loaded app settings from /usr/share/untangle/settings/captive-portal/settings_28.js
Nov 23 18:13:22 localhost app-28: [AppBase] <> INFO  Starting   captive-portal [28] ...
Nov 23 18:13:23 localhost app-28: [AppBase] <> INFO  Started    captive-portal [28] ...
Nov 24 08:49:12 localhost app-28: [CaptivePortalApp] <> INFO  Loaded app settings from /usr/share/untangle/settings/captive-portal/settings_28.js
Nov 24 08:49:12 localhost app-28: [AppBase] <> INFO  Starting   captive-portal [28] ...
Nov 24 08:49:12 localhost app-28: [AppBase] <> INFO  Started    captive-portal [28] ...
Nov 30 17:23:26 localhost app-28: [AppBase] <> INFO  Stopping   captive-portal [28] ...
Nov 30 17:23:26 localhost app-28: [AppBase] <> INFO  killMatchingSessions()
Nov 30 17:23:27 localhost app-28: [AppBase] <> INFO  Stopped    captive-portal [28] ...
Dec  7 11:06:23 localhost app-28: [CaptivePortalApp] <> INFO  Loaded app settings from /usr/share/untangle/settings/captive-portal/settings_28.js
Dec  7 11:06:23 localhost app-28: [AppBase] <> INFO  Starting   captive-portal [28] ...
Dec  7 11:06:23 localhost app-28: [AppBase] <> INFO  Started    captive-portal [28] ...
Dec  9 10:53:53 localhost app-28: [CaptivePortalApp] <> INFO  Loaded app settings from /usr/share/untangle/settings/captive-portal/settings_28.js
Dec  9 10:53:53 localhost app-28: [AppBase] <> INFO  Starting   captive-portal [28] ...
Dec  9 10:53:53 localhost app-28: [AppBase] <> INFO  Started    captive-portal [28] ...
Dec  9 14:27:33 localhost app-28: [CaptivePortalApp] <> INFO  Loaded app settings from /usr/share/untangle/settings/captive-portal/settings_28.js
Dec  9 14:27:33 localhost app-28: [AppBase] <> INFO  Starting   captive-portal [28] ...
Dec  9 14:27:33 localhost app-28: [AppBase] <> INFO  Started    captive-portal [28] ...
Dec  9 16:36:36 localhost app-28: [AppBase] <> INFO  Stopping   captive-portal [28] ...
Dec  9 16:36:36 localhost app-28: [AppBase] <> INFO  killMatchingSessions()
Dec  9 16:36:36 localhost app-28: [AppBase] <> INFO  Stopped    captive-portal [28] ...
