May 20 11:51:56 localhost app-20: [IpsecVpnApp] <> INFO  Loaded settings from: /root/development/github/ngfw_src/dist/usr/share/untangle/settings/ipsec-vpn/settings_20.js
May 20 11:51:58 localhost app-20: [IpsecVpnManager] <> INFO  disconnecting tunnel: UT1_Example-1
May 20 11:51:58 localhost app-20: [IpsecVpnManager] <> INFO  disconnecting tunnel: UT2_Example-2
May 20 11:51:59 localhost app-20: [IpsecVpnApp] <> INFO  /root/development/github/ngfw_src/dist/etc/untangle/iptables-rules.d/710-ipsec: 0
May 20 11:51:59 localhost app-20: [IpsecVpnApp] <> INFO  /root/development/github/ngfw_src/dist/etc/untangle/iptables-rules.d/710-ipsec: 
May 20 11:51:59 localhost app-20: [IpsecVpnApp] <> INFO  /root/development/github/ngfw_src/dist/etc/untangle/iptables-rules.d/711-xauth: 1
May 20 11:51:59 localhost app-20: [IpsecVpnApp] <> INFO  /root/development/github/ngfw_src/dist/etc/untangle/iptables-rules.d/711-xauth: 
May 20 11:51:59 localhost app-20: [IpsecVpnApp] <> INFO  /root/development/github/ngfw_src/dist/etc/untangle/iptables-rules.d/712-gre: 0
May 20 11:51:59 localhost app-20: [IpsecVpnApp] <> INFO  /root/development/github/ngfw_src/dist/etc/untangle/iptables-rules.d/712-gre: 
May 20 13:43:14 localhost app-20: [IpsecVpnApp] <> INFO  Loaded settings from: /root/development/github/ngfw_src/dist/usr/share/untangle/settings/ipsec-vpn/settings_20.js
May 20 13:43:15 localhost app-20: [IpsecVpnManager] <> INFO  disconnecting tunnel: UT1_Example-1
May 20 13:43:15 localhost app-20: [IpsecVpnManager] <> INFO  disconnecting tunnel: UT2_Example-2
May 20 13:43:15 localhost app-20: [IpsecVpnApp] <> INFO  /root/development/github/ngfw_src/dist/etc/untangle/iptables-rules.d/710-ipsec: 0
May 20 13:43:15 localhost app-20: [IpsecVpnApp] <> INFO  /root/development/github/ngfw_src/dist/etc/untangle/iptables-rules.d/710-ipsec: 
May 20 13:43:15 localhost app-20: [IpsecVpnApp] <> INFO  /root/development/github/ngfw_src/dist/etc/untangle/iptables-rules.d/711-xauth: 1
May 20 13:43:15 localhost app-20: [IpsecVpnApp] <> INFO  /root/development/github/ngfw_src/dist/etc/untangle/iptables-rules.d/711-xauth: 
May 20 13:43:16 localhost app-20: [IpsecVpnApp] <> INFO  /root/development/github/ngfw_src/dist/etc/untangle/iptables-rules.d/712-gre: 0
May 20 13:43:16 localhost app-20: [IpsecVpnApp] <> INFO  /root/development/github/ngfw_src/dist/etc/untangle/iptables-rules.d/712-gre: 
May 26 11:19:45 localhost app-20: [BandwidthControlApp] <> INFO  Initializing Settings...
May 26 11:19:45 localhost app-20: [BandwidthControlApp] <> INFO  Loading Settings...
May 26 11:19:45 localhost app-20: [AppBase] <> INFO  Starting   bandwidth-control [20] ...
May 26 11:19:45 localhost app-20: [AppBase] <> INFO  Started    bandwidth-control [20] ...
May 26 11:20:13 localhost app-20: [AppBase] <> INFO  Stopping   bandwidth-control [20] ...
May 26 11:20:13 localhost app-20: [AppBase] <> INFO  Stopped    bandwidth-control [20] ...
May 26 11:20:13 localhost app-20: [AppBase] <> INFO  Destroying bandwidth-control [20] ...
May 26 11:20:13 localhost app-20: [AppBase] <> INFO  Destroyed  bandwidth-control [20] ...
Aug 17 09:47:12 localhost app-20: [AppBase] <> INFO  killMatchingSessions()
Aug 17 09:47:12 localhost app-20: [VirusBlockerBaseApp] <> INFO  Loading Settings...
Aug 17 09:47:12 localhost app-20: [AppBase] <> INFO  Starting   virus-blocker [20] ...
Aug 17 09:47:12 localhost app-20: [AppBase] <> INFO  Started    virus-blocker [20] ...
Aug 25 09:08:03 localhost app-20: [VirusBlockerBaseApp] <> INFO  Loading Settings...
Aug 25 09:08:03 localhost app-20: [AppBase] <> INFO  Starting   virus-blocker [20] ...
Aug 25 09:08:03 localhost app-20: [AppBase] <> INFO  Started    virus-blocker [20] ...
Aug 27 09:25:09 localhost app-20: [VirusBlockerBaseApp] <> INFO  Loading Settings...
Aug 27 09:25:09 localhost app-20: [AppBase] <> INFO  Starting   virus-blocker [20] ...
Aug 27 09:25:09 localhost app-20: [AppBase] <> INFO  Started    virus-blocker [20] ...
Aug 28 13:45:55 localhost app-20: [AppBase] <> INFO  Stopping   virus-blocker [20] ...
Aug 28 13:45:55 localhost app-20: [AppBase] <> INFO  Stopped    virus-blocker [20] ...
Aug 28 13:46:20 localhost app-20: [VirusBlockerBaseApp] <> INFO  Loading Settings...
Aug 28 13:46:20 localhost app-20: [AppBase] <> INFO  Starting   virus-blocker [20] ...
Aug 28 13:46:20 localhost app-20: [AppBase] <> INFO  Started    virus-blocker [20] ...
Aug 28 13:52:01 localhost app-20: [AppBase] <> INFO  Stopping   virus-blocker [20] ...
Aug 28 13:52:01 localhost app-20: [AppBase] <> INFO  Stopped    virus-blocker [20] ...
Aug 28 14:02:11 localhost app-20: [VirusBlockerBaseApp] <> INFO  Loading Settings...
Aug 28 14:02:11 localhost app-20: [AppBase] <> INFO  Starting   virus-blocker [20] ...
Aug 28 14:02:11 localhost app-20: [AppBase] <> INFO  Started    virus-blocker [20] ...
Aug 28 23:35:51 localhost app-20: [AppBase] <> INFO  Stopping   virus-blocker [20] ...
Aug 28 23:35:52 localhost app-20: [AppBase] <> INFO  Stopped    virus-blocker [20] ...
Aug 29 11:49:43 localhost app-20: [VirusBlockerBaseApp] <> INFO  Loading Settings...
Aug 29 11:49:43 localhost app-20: [AppBase] <> INFO  Starting   virus-blocker [20] ...
Aug 29 11:49:43 localhost app-20: [AppBase] <> INFO  Started    virus-blocker [20] ...
Aug 31 09:09:04 localhost app-20: [AppBase] <> INFO  Stopping   virus-blocker [20] ...
Aug 31 09:09:06 localhost app-20: [AppBase] <> INFO  Stopped    virus-blocker [20] ...
Aug 31 09:09:26 localhost app-20: [VirusBlockerBaseApp] <> INFO  Loading Settings...
Aug 31 09:09:26 localhost app-20: [AppBase] <> INFO  Starting   virus-blocker [20] ...
Aug 31 09:09:26 localhost app-20: [AppBase] <> INFO  Started    virus-blocker [20] ...
Aug 31 09:22:01 localhost app-20: [AppBase] <> INFO  Stopping   virus-blocker [20] ...
Aug 31 09:22:01 localhost app-20: [AppBase] <> INFO  Stopped    virus-blocker [20] ...
Aug 31 09:22:18 localhost app-20: [VirusBlockerBaseApp] <> INFO  Loading Settings...
Aug 31 09:22:18 localhost app-20: [AppBase] <> INFO  Starting   virus-blocker [20] ...
Aug 31 09:22:18 localhost app-20: [AppBase] <> INFO  Started    virus-blocker [20] ...
Sep  2 09:25:38 localhost app-20: [AppBase] <> INFO  Stopping   virus-blocker [20] ...
Sep  2 09:25:38 localhost app-20: [AppBase] <> INFO  Stopped    virus-blocker [20] ...
Sep  2 09:25:53 localhost app-20: [VirusBlockerBaseApp] <> INFO  Loading Settings...
Sep  2 09:25:53 localhost app-20: [AppBase] <> INFO  Starting   virus-blocker [20] ...
Sep  2 09:25:53 localhost app-20: [AppBase] <> INFO  Started    virus-blocker [20] ...
Sep  2 09:35:37 localhost app-20: [AppBase] <> INFO  Stopping   virus-blocker [20] ...
Sep  2 09:35:37 localhost app-20: [AppBase] <> INFO  Stopped    virus-blocker [20] ...
Sep  2 09:35:50 localhost app-20: [VirusBlockerBaseApp] <> INFO  Loading Settings...
Sep  2 09:35:50 localhost app-20: [AppBase] <> INFO  Starting   virus-blocker [20] ...
Sep  2 09:35:50 localhost app-20: [AppBase] <> INFO  Started    virus-blocker [20] ...
Sep  2 09:40:32 localhost app-20: [AppBase] <> INFO  Stopping   virus-blocker [20] ...
Sep  2 09:40:33 localhost app-20: [AppBase] <> INFO  Stopped    virus-blocker [20] ...
Sep  2 09:40:47 localhost app-20: [VirusBlockerBaseApp] <> INFO  Loading Settings...
Sep  2 09:40:47 localhost app-20: [AppBase] <> INFO  Starting   virus-blocker [20] ...
Sep  2 09:40:47 localhost app-20: [AppBase] <> INFO  Started    virus-blocker [20] ...
Sep  2 09:52:10 localhost app-20: [AppBase] <> INFO  Stopping   virus-blocker [20] ...
Sep  2 09:52:10 localhost app-20: [AppBase] <> INFO  Stopped    virus-blocker [20] ...
Sep  2 09:52:24 localhost app-20: [VirusBlockerBaseApp] <> INFO  Loading Settings...
Sep  2 09:52:24 localhost app-20: [AppBase] <> INFO  Starting   virus-blocker [20] ...
Sep  2 09:52:24 localhost app-20: [AppBase] <> INFO  Started    virus-blocker [20] ...
Sep  2 09:55:04 localhost app-20: [AppBase] <> INFO  Stopping   virus-blocker [20] ...
Sep  2 09:55:05 localhost app-20: [AppBase] <> INFO  Stopped    virus-blocker [20] ...
Sep  2 09:55:18 localhost app-20: [VirusBlockerBaseApp] <> INFO  Loading Settings...
Sep  2 09:55:18 localhost app-20: [AppBase] <> INFO  Starting   virus-blocker [20] ...
Sep  2 09:55:18 localhost app-20: [AppBase] <> INFO  Started    virus-blocker [20] ...
Sep  2 09:56:59 localhost app-20: [AppBase] <> INFO  Stopping   virus-blocker [20] ...
Sep  2 09:57:00 localhost app-20: [AppBase] <> INFO  Stopped    virus-blocker [20] ...
Sep  2 09:57:13 localhost app-20: [VirusBlockerBaseApp] <> INFO  Loading Settings...
Sep  2 09:57:13 localhost app-20: [AppBase] <> INFO  Starting   virus-blocker [20] ...
Sep  2 09:57:13 localhost app-20: [AppBase] <> INFO  Started    virus-blocker [20] ...
Sep  2 10:21:52 localhost app-20: [AppBase] <> INFO  Stopping   virus-blocker [20] ...
Sep  2 10:21:52 localhost app-20: [AppBase] <> INFO  Stopped    virus-blocker [20] ...
Sep  2 10:22:05 localhost app-20: [VirusBlockerBaseApp] <> INFO  Loading Settings...
Sep  2 10:22:05 localhost app-20: [AppBase] <> INFO  Starting   virus-blocker [20] ...
Sep  2 10:22:05 localhost app-20: [AppBase] <> INFO  Started    virus-blocker [20] ...
Sep  2 23:35:57 localhost app-20: [AppBase] <> INFO  Stopping   virus-blocker [20] ...
Sep  2 23:35:59 localhost app-20: [AppBase] <> INFO  Stopped    virus-blocker [20] ...
Sep  3 14:28:51 localhost app-20: [VirusBlockerBaseApp] <> INFO  Loading Settings...
Sep  3 14:28:51 localhost app-20: [AppBase] <> INFO  Starting   virus-blocker [20] ...
Sep  3 14:28:51 localhost app-20: [AppBase] <> INFO  Started    virus-blocker [20] ...
Sep  4 09:03:48 localhost app-20: [AppBase] <> INFO  Stopping   virus-blocker [20] ...
Sep  4 09:03:48 localhost app-20: [AppBase] <> INFO  Stopped    virus-blocker [20] ...
Sep  4 09:04:01 localhost app-20: [VirusBlockerBaseApp] <> INFO  Loading Settings...
Sep  4 09:04:01 localhost app-20: [AppBase] <> INFO  Starting   virus-blocker [20] ...
Sep  4 09:04:01 localhost app-20: [AppBase] <> INFO  Started    virus-blocker [20] ...
Sep  4 09:09:54 localhost app-20: [AppBase] <> INFO  Stopping   virus-blocker [20] ...
Sep  4 09:09:54 localhost app-20: [AppBase] <> INFO  Stopped    virus-blocker [20] ...
Sep  4 09:10:06 localhost app-20: [VirusBlockerBaseApp] <> INFO  Loading Settings...
Sep  4 09:10:06 localhost app-20: [AppBase] <> INFO  Starting   virus-blocker [20] ...
Sep  4 09:10:06 localhost app-20: [AppBase] <> INFO  Started    virus-blocker [20] ...
Sep  4 09:10:34 localhost app-20: [AppBase] <> INFO  Stopping   virus-blocker [20] ...
Sep  4 09:10:34 localhost app-20: [AppBase] <> INFO  Stopped    virus-blocker [20] ...
Sep  4 09:10:46 localhost app-20: [VirusBlockerBaseApp] <> INFO  Loading Settings...
Sep  4 09:10:46 localhost app-20: [AppBase] <> INFO  Starting   virus-blocker [20] ...
Sep  4 09:10:46 localhost app-20: [AppBase] <> INFO  Started    virus-blocker [20] ...
Sep  4 09:12:12 localhost app-20: [AppBase] <> INFO  Stopping   virus-blocker [20] ...
Sep  4 09:12:12 localhost app-20: [AppBase] <> INFO  Stopped    virus-blocker [20] ...
Sep  4 09:12:24 localhost app-20: [VirusBlockerBaseApp] <> INFO  Loading Settings...
Sep  4 09:12:24 localhost app-20: [AppBase] <> INFO  Starting   virus-blocker [20] ...
Sep  4 09:12:24 localhost app-20: [AppBase] <> INFO  Started    virus-blocker [20] ...
Sep  4 09:27:32 localhost app-20: [AppBase] <> INFO  Stopping   virus-blocker [20] ...
Sep  4 09:27:32 localhost app-20: [AppBase] <> INFO  Stopped    virus-blocker [20] ...
Sep  4 09:27:32 localhost app-20: [AppBase] <> INFO  Destroying virus-blocker [20] ...
Sep  4 09:27:32 localhost app-20: [AppBase] <> INFO  Destroyed  virus-blocker [20] ...
Sep 18 13:23:11 localhost app-20: [IntrusionPreventionApp] <> INFO  Loading settings from /root/development/github/ngfw_src/dist/usr/share/untangle/settings/intrusion-prevention/settings_20.js
Sep 18 13:23:11 localhost app-20: [IntrusionPreventionApp] <> WARN  No settings found - Initializing new settings.
Sep 18 13:23:11 localhost app-20: [IntrusionPreventionApp] <> WARN  reconfigure: intrusion-prevention-create-config: Unable to read settings
Sep 18 13:23:12 localhost app-20: [IntrusionPreventionApp] <> WARN  reconfigure: intrusion-prevention-create-config: Unable to read settings
Sep 18 13:26:39 localhost app-20: [AppBase] <> INFO  Destroying intrusion-prevention [20] ...
Sep 18 13:26:39 localhost app-20: [AppBase] <> INFO  Destroyed  intrusion-prevention [20] ...
Oct 14 16:54:37 localhost app-20: [UnblockedSitesMonitor] <> INFO  UnblockedSitesMonitor initializing
Oct 14 16:54:37 localhost app-20: [WebFilterBase] <> WARN  No settings found - Initializing new settings.
Oct 14 16:54:37 localhost app-20: [WebFilterBase] <> INFO  Adding Category: ( 0, Uncategorized, false, false )
Oct 14 16:54:37 localhost app-20: [WebFilterBase] <> INFO  Adding Category: ( 1, Real Estate, false, false )
Oct 14 16:54:37 localhost app-20: [WebFilterBase] <> INFO  Adding Category: ( 2, Computer and Internet Security, false, false )
Oct 14 16:54:37 localhost app-20: [WebFilterBase] <> INFO  Adding Category: ( 3, Financial Services, false, false )
Oct 14 16:54:37 localhost app-20: [WebFilterBase] <> INFO  Adding Category: ( 4, Business and Economy, false, false )
Oct 14 16:54:37 localhost app-20: [WebFilterBase] <> INFO  Adding Category: ( 5, Computer and Internet Info, false, false )
Oct 14 16:54:37 localhost app-20: [WebFilterBase] <> INFO  Adding Category: ( 6, Auctions, false, false )
Oct 14 16:54:37 localhost app-20: [WebFilterBase] <> INFO  Adding Category: ( 7, Shopping, false, false )
Oct 14 16:54:37 localhost app-20: [WebFilterBase] <> INFO  Adding Category: ( 8, Cult and Occult, false, false )
Oct 14 16:54:37 localhost app-20: [WebFilterBase] <> INFO  Adding Category: ( 9, Travel, false, false )
Oct 14 16:54:37 localhost app-20: [WebFilterBase] <> INFO  Adding Category: ( 10, Abused Drugs, false, false )
Oct 14 16:54:37 localhost app-20: [WebFilterBase] <> INFO  Adding Category: ( 11, Adult and Pornography, true, true )
Oct 14 16:54:37 localhost app-20: [WebFilterBase] <> INFO  Adding Category: ( 12, Home and Garden, false, false )
Oct 14 16:54:37 localhost app-20: [WebFilterBase] <> INFO  Adding Category: ( 13, Military, false, false )
Oct 14 16:54:37 localhost app-20: [WebFilterBase] <> INFO  Adding Category: ( 14, Social Networking, false, false )
Oct 14 16:54:37 localhost app-20: [WebFilterBase] <> INFO  Adding Category: ( 15, Dead Sites, false, false )
Oct 14 16:54:37 localhost app-20: [WebFilterBase] <> INFO  Adding Category: ( 16, Individual Stock Advice and Tools, false, false )
Oct 14 16:54:37 localhost app-20: [WebFilterBase] <> INFO  Adding Category: ( 17, Training and Tools, false, false )
Oct 14 16:54:37 localhost app-20: [WebFilterBase] <> INFO  Adding Category: ( 18, Dating, false, false )
Oct 14 16:54:37 localhost app-20: [WebFilterBase] <> INFO  Adding Category: ( 19, Sex Education, false, false )
Oct 14 16:54:37 localhost app-20: [WebFilterBase] <> INFO  Adding Category: ( 20, Religion, false, false )
Oct 14 16:54:37 localhost app-20: [WebFilterBase] <> INFO  Adding Category: ( 21, Entertainment and Arts, false, false )
Oct 14 16:54:37 localhost app-20: [WebFilterBase] <> INFO  Adding Category: ( 22, Personal sites and Blogs, false, false )
Oct 14 16:54:37 localhost app-20: [WebFilterBase] <> INFO  Adding Category: ( 23, Legal, false, false )
Oct 14 16:54:37 localhost app-20: [WebFilterBase] <> INFO  Adding Category: ( 24, Local Information, false, false )
Oct 14 16:54:37 localhost app-20: [WebFilterBase] <> INFO  Adding Category: ( 25, Streaming Media, false, false )
Oct 14 16:54:37 localhost app-20: [WebFilterBase] <> INFO  Adding Category: ( 26, Job Search, false, false )
Oct 14 16:54:37 localhost app-20: [WebFilterBase] <> INFO  Adding Category: ( 27, Gambling, false, false )
Oct 14 16:54:37 localhost app-20: [WebFilterBase] <> INFO  Adding Category: ( 28, Translation, false, false )
Oct 14 16:54:37 localhost app-20: [WebFilterBase] <> INFO  Adding Category: ( 29, Reference and Research, false, false )
Oct 14 16:54:37 localhost app-20: [WebFilterBase] <> INFO  Adding Category: ( 30, Shareware and Freeware, false, false )
Oct 14 16:54:37 localhost app-20: [WebFilterBase] <> INFO  Adding Category: ( 31, Peer to Peer, false, false )
Oct 14 16:54:37 localhost app-20: [WebFilterBase] <> INFO  Adding Category: ( 32, Marijuana, false, false )
Oct 14 16:54:37 localhost app-20: [WebFilterBase] <> INFO  Adding Category: ( 33, Hacking, false, false )
Oct 14 16:54:37 localhost app-20: [WebFilterBase] <> INFO  Adding Category: ( 34, Games, false, false )
Oct 14 16:54:37 localhost app-20: [WebFilterBase] <> INFO  Adding Category: ( 35, Philosophy and Political Advocacy, false, false )
Oct 14 16:54:37 localhost app-20: [WebFilterBase] <> INFO  Adding Category: ( 36, Weapons, false, false )
Oct 14 16:54:37 localhost app-20: [WebFilterBase] <> INFO  Adding Category: ( 37, Pay to Surf, false, false )
Oct 14 16:54:37 localhost app-20: [WebFilterBase] <> INFO  Adding Category: ( 38, Hunting and Fishing, false, false )
Oct 14 16:54:37 localhost app-20: [WebFilterBase] <> INFO  Adding Category: ( 39, Society, false, false )
Oct 14 16:54:37 localhost app-20: [WebFilterBase] <> INFO  Adding Category: ( 40, Educational Institutions, false, false )
Oct 14 16:54:37 localhost app-20: [WebFilterBase] <> INFO  Adding Category: ( 41, Online Greeting Cards, false, false )
Oct 14 16:54:37 localhost app-20: [WebFilterBase] <> INFO  Adding Category: ( 42, Sports, false, false )
Oct 14 16:54:37 localhost app-20: [WebFilterBase] <> INFO  Adding Category: ( 43, Swimsuits and Intimate Apparel, false, false )
Oct 14 16:54:37 localhost app-20: [WebFilterBase] <> INFO  Adding Category: ( 44, Questionable, true, true )
Oct 14 16:54:37 localhost app-20: [WebFilterBase] <> INFO  Adding Category: ( 45, Kids, false, false )
Oct 14 16:54:37 localhost app-20: [WebFilterBase] <> INFO  Adding Category: ( 46, Hate and Racism, false, false )
Oct 14 16:54:37 localhost app-20: [WebFilterBase] <> INFO  Adding Category: ( 47, Personal Storage, false, false )
Oct 14 16:54:37 localhost app-20: [WebFilterBase] <> INFO  Adding Category: ( 48, Violence, false, false )
Oct 14 16:54:37 localhost app-20: [WebFilterBase] <> INFO  Adding Category: ( 49, Keyloggers and Monitoring, true, true )
Oct 14 16:54:37 localhost app-20: [WebFilterBase] <> INFO  Adding Category: ( 50, Search Engines, false, false )
Oct 14 16:54:37 localhost app-20: [WebFilterBase] <> INFO  Adding Category: ( 51, Internet Portals, false, false )
Oct 14 16:54:37 localhost app-20: [WebFilterBase] <> INFO  Adding Category: ( 52, Web Advertisements, false, false )
Oct 14 16:54:37 localhost app-20: [WebFilterBase] <> INFO  Adding Category: ( 53, Cheating, false, false )
Oct 14 16:54:37 localhost app-20: [WebFilterBase] <> INFO  Adding Category: ( 54, Gross, false, false )
Oct 14 16:54:37 localhost app-20: [WebFilterBase] <> INFO  Adding Category: ( 55, Web-based Email, false, false )
Oct 14 16:54:37 localhost app-20: [WebFilterBase] <> INFO  Adding Category: ( 56, Malware Sites, true, true )
Oct 14 16:54:37 localhost app-20: [WebFilterBase] <> INFO  Adding Category: ( 57, Phishing and Other Frauds, true, true )
Oct 14 16:54:37 localhost app-20: [WebFilterBase] <> INFO  Adding Category: ( 58, Proxy Avoidance and Anonymizers, true, true )
Oct 14 16:54:37 localhost app-20: [WebFilterBase] <> INFO  Adding Category: ( 59, Spyware and Adware, true, true )
Oct 14 16:54:37 localhost app-20: [WebFilterBase] <> INFO  Adding Category: ( 60, Music, false, false )
Oct 14 16:54:37 localhost app-20: [WebFilterBase] <> INFO  Adding Category: ( 61, Government, false, false )
Oct 14 16:54:37 localhost app-20: [WebFilterBase] <> INFO  Adding Category: ( 62, Nudity, false, false )
Oct 14 16:54:37 localhost app-20: [WebFilterBase] <> INFO  Adding Category: ( 63, News and Media, false, false )
Oct 14 16:54:37 localhost app-20: [WebFilterBase] <> INFO  Adding Category: ( 64, Illegal, false, false )
Oct 14 16:54:37 localhost app-20: [WebFilterBase] <> INFO  Adding Category: ( 65, Content Delivery Networks, false, false )
Oct 14 16:54:37 localhost app-20: [WebFilterBase] <> INFO  Adding Category: ( 66, Internet Communications, false, false )
Oct 14 16:54:37 localhost app-20: [WebFilterBase] <> INFO  Adding Category: ( 67, Bot Nets, true, true )
Oct 14 16:54:37 localhost app-20: [WebFilterBase] <> INFO  Adding Category: ( 68, Abortion, false, false )
Oct 14 16:54:37 localhost app-20: [WebFilterBase] <> INFO  Adding Category: ( 69, Health and Medicine, false, false )
Oct 14 16:54:37 localhost app-20: [WebFilterBase] <> INFO  Adding Category: ( 71, SPAM URLs, false, false )
Oct 14 16:54:37 localhost app-20: [WebFilterBase] <> INFO  Adding Category: ( 74, Dynamically Generated Content, false, false )
Oct 14 16:54:37 localhost app-20: [WebFilterBase] <> INFO  Adding Category: ( 75, Parked Domains, false, false )
Oct 14 16:54:37 localhost app-20: [WebFilterBase] <> INFO  Adding Category: ( 76, Alcohol and Tobacco, false, false )
Oct 14 16:54:37 localhost app-20: [WebFilterBase] <> INFO  Adding Category: ( 78, Image and Video Search, false, false )
Oct 14 16:54:37 localhost app-20: [WebFilterBase] <> INFO  Adding Category: ( 79, Fashion and Beauty, false, false )
Oct 14 16:54:37 localhost app-20: [WebFilterBase] <> INFO  Adding Category: ( 80, Recreation and Hobbies, false, false )
Oct 14 16:54:37 localhost app-20: [WebFilterBase] <> INFO  Adding Category: ( 81, Motor Vehicles, false, false )
Oct 14 16:54:37 localhost app-20: [WebFilterBase] <> INFO  Adding Category: ( 82, Web Hosting, false, false )
Oct 14 16:54:37 localhost app-20: [AppBase] <> INFO  Starting   web-filter [20] ...
Oct 14 16:54:37 localhost app-20: [AppBase] <> INFO  Started    web-filter [20] ...
Oct 15 12:30:16 localhost app-20: [AppBase] <> INFO  Stopping   web-filter [20] ...
Oct 15 12:30:24 localhost app-20: [AppBase] <> INFO  Stopped    web-filter [20] ...
Oct 15 12:32:56 localhost app-20: [UnblockedSitesMonitor] <> INFO  UnblockedSitesMonitor initializing
Oct 15 12:32:57 localhost app-20: [AppBase] <> INFO  Starting   web-filter [20] ...
Oct 15 12:32:58 localhost app-20: [AppBase] <> INFO  Started    web-filter [20] ...
Oct 15 12:41:03 localhost app-20: [AppBase] <> INFO  Stopping   web-filter [20] ...
Oct 15 12:41:10 localhost app-20: [AppBase] <> INFO  Stopped    web-filter [20] ...
Oct 15 12:45:07 localhost app-20: [UnblockedSitesMonitor] <> INFO  UnblockedSitesMonitor initializing
Oct 15 12:45:07 localhost app-20: [AppBase] <> INFO  Starting   web-filter [20] ...
Oct 15 12:45:09 localhost app-20: [AppBase] <> INFO  Started    web-filter [20] ...
Oct 19 09:30:13 localhost app-20: [AppBase] <> INFO  Stopping   web-filter [20] ...
Oct 19 09:30:14 localhost app-20: [AppBase] <> INFO  Stopped    web-filter [20] ...
Oct 19 09:59:52 localhost app-20: [UnblockedSitesMonitor] <> INFO  UnblockedSitesMonitor initializing
Oct 22 09:39:24 localhost app-20: [UnblockedSitesMonitor] <> INFO  UnblockedSitesMonitor initializing
Oct 26 09:48:54 localhost app-20: [UnblockedSitesMonitor] <> INFO  UnblockedSitesMonitor initializing
Oct 27 08:51:37 localhost app-20: [UnblockedSitesMonitor] <> INFO  UnblockedSitesMonitor initializing
Oct 27 08:52:52 localhost app-20: [UnblockedSitesMonitor] <> INFO  UnblockedSitesMonitor initializing
Nov 11 11:18:11 localhost app-20: [UnblockedSitesMonitor] <> INFO  UnblockedSitesMonitor initializing
Nov 11 14:05:43 localhost app-20: [UnblockedSitesMonitor] <> INFO  UnblockedSitesMonitor initializing
Nov 12 09:48:12 localhost app-20: [UnblockedSitesMonitor] <> INFO  UnblockedSitesMonitor initializing
Nov 12 09:51:40 localhost app-20: [UnblockedSitesMonitor] <> INFO  UnblockedSitesMonitor initializing
Nov 12 12:28:01 localhost app-20: [UnblockedSitesMonitor] <> INFO  UnblockedSitesMonitor initializing
Nov 16 11:17:15 localhost app-20: [UnblockedSitesMonitor] <> INFO  UnblockedSitesMonitor initializing
Nov 17 12:16:38 localhost app-20: [UnblockedSitesMonitor] <> INFO  UnblockedSitesMonitor initializing
Nov 23 17:24:51 localhost app-20: [UnblockedSitesMonitor] <> INFO  UnblockedSitesMonitor initializing
Nov 23 17:26:18 localhost app-20: [UnblockedSitesMonitor] <> INFO  UnblockedSitesMonitor initializing
Nov 23 17:28:30 localhost app-20: [UnblockedSitesMonitor] <> INFO  UnblockedSitesMonitor initializing
Nov 23 18:10:41 localhost app-20: [UnblockedSitesMonitor] <> INFO  UnblockedSitesMonitor initializing
Nov 30 17:23:58 localhost app-20: [UnblockedSitesMonitor] <> INFO  UnblockedSitesMonitor initializing
Nov 30 17:43:10 localhost app-20: [UnblockedSitesMonitor] <> INFO  UnblockedSitesMonitor initializing
Nov 30 17:47:31 localhost app-20: [UnblockedSitesMonitor] <> INFO  UnblockedSitesMonitor initializing
Dec  7 10:55:12 localhost app-20: [UnblockedSitesMonitor] <> INFO  UnblockedSitesMonitor initializing
Dec  9 10:37:52 localhost app-20: [UnblockedSitesMonitor] <> INFO  UnblockedSitesMonitor initializing
Dec  9 16:36:46 localhost app-20: [UnblockedSitesMonitor] <> INFO  UnblockedSitesMonitor initializing
