Dec 10 00:36:48 localhost app-4: [LicenseManagerImpl] <> WARN  Creating development license: directory-connector
Dec 10 04:36:48 localhost app-4: [LicenseManagerImpl] <> WARN  Creating development license: directory-connector
Dec 10 08:36:48 localhost app-4: [LicenseManagerImpl] <> WARN  Creating development license: directory-connector
Dec 10 12:36:48 localhost app-4: [LicenseManagerImpl] <> WARN  Creating development license: directory-connector
Dec 10 15:09:49 localhost app-4: [LicenseManagerImpl] <> WARN  Creating development license: threat-prevention
Dec 10 15:09:49 localhost app-4: [LicenseManagerImpl] <> WARN  Creating development license: application-control
Dec 10 15:09:49 localhost app-4: [LicenseManagerImpl] <> WARN  Creating development license: web-filter
Dec 10 15:09:49 localhost app-4: [LicenseManagerImpl] <> WARN  Creating development license: ipsec-vpn
Dec 10 15:09:49 localhost app-4: [LicenseManagerImpl] <> WARN  Creating development license: policy-manager
Dec 10 15:09:49 localhost app-4: [LicenseManagerImpl] <> WARN  Creating development license: wireguard-vpn
Dec 10 16:36:48 localhost app-4: [LicenseManagerImpl] <> WARN  Creating development license: directory-connector
Dec 10 20:36:48 localhost app-4: [LicenseManagerImpl] <> WARN  Creating development license: directory-connector
Dec 11 00:36:48 localhost app-4: [LicenseManagerImpl] <> WARN  Creating development license: directory-connector
Dec 11 04:36:48 localhost app-4: [LicenseManagerImpl] <> WARN  Creating development license: directory-connector
Dec 11 08:36:48 localhost app-4: [LicenseManagerImpl] <> WARN  Creating development license: directory-connector
Dec 11 12:36:48 localhost app-4: [LicenseManagerImpl] <> WARN  Creating development license: directory-connector
Dec 11 14:13:29 localhost app-4: [LicenseManagerImpl] <> WARN  Creating development license: threat-prevention
Dec 11 14:13:29 localhost app-4: [LicenseManagerImpl] <> WARN  Creating development license: application-control
Dec 11 14:13:29 localhost app-4: [LicenseManagerImpl] <> WARN  Creating development license: web-filter
Dec 11 14:13:29 localhost app-4: [LicenseManagerImpl] <> WARN  Creating development license: ipsec-vpn
Dec 11 14:13:29 localhost app-4: [LicenseManagerImpl] <> WARN  Creating development license: policy-manager
Dec 11 14:13:29 localhost app-4: [LicenseManagerImpl] <> WARN  Creating development license: wireguard-vpn
Dec 11 16:36:48 localhost app-4: [LicenseManagerImpl] <> WARN  Creating development license: directory-connector
Dec 11 20:36:48 localhost app-4: [LicenseManagerImpl] <> WARN  Creating development license: directory-connector
Dec 12 00:36:48 localhost app-4: [LicenseManagerImpl] <> WARN  Creating development license: directory-connector
Dec 12 04:36:48 localhost app-4: [LicenseManagerImpl] <> WARN  Creating development license: directory-connector
Dec 12 08:36:48 localhost app-4: [LicenseManagerImpl] <> WARN  Creating development license: directory-connector
Dec 12 12:36:48 localhost app-4: [LicenseManagerImpl] <> WARN  Creating development license: directory-connector
Dec 12 16:36:48 localhost app-4: [LicenseManagerImpl] <> WARN  Creating development license: directory-connector
Dec 12 20:36:48 localhost app-4: [LicenseManagerImpl] <> WARN  Creating development license: directory-connector
Dec 13 00:36:48 localhost app-4: [LicenseManagerImpl] <> WARN  Creating development license: directory-connector
Dec 13 04:36:48 localhost app-4: [LicenseManagerImpl] <> WARN  Creating development license: directory-connector
Dec 13 08:36:48 localhost app-4: [LicenseManagerImpl] <> WARN  Creating development license: directory-connector
Dec 13 12:36:48 localhost app-4: [LicenseManagerImpl] <> WARN  Creating development license: directory-connector
Dec 13 16:36:48 localhost app-4: [LicenseManagerImpl] <> WARN  Creating development license: directory-connector
Dec 13 20:36:48 localhost app-4: [LicenseManagerImpl] <> WARN  Creating development license: directory-connector
Dec 14 00:36:48 localhost app-4: [LicenseManagerImpl] <> WARN  Creating development license: directory-connector
Dec 14 04:36:48 localhost app-4: [LicenseManagerImpl] <> WARN  Creating development license: directory-connector
Dec 14 08:36:48 localhost app-4: [LicenseManagerImpl] <> WARN  Creating development license: directory-connector
Dec 14 12:36:48 localhost app-4: [LicenseManagerImpl] <> WARN  Creating development license: directory-connector
Dec 14 16:36:48 localhost app-4: [LicenseManagerImpl] <> WARN  Creating development license: directory-connector
Dec 14 20:36:48 localhost app-4: [LicenseManagerImpl] <> WARN  Creating development license: directory-connector
Dec 15 00:36:48 localhost app-4: [LicenseManagerImpl] <> WARN  Creating development license: directory-connector
Dec 15 04:36:48 localhost app-4: [LicenseManagerImpl] <> WARN  Creating development license: directory-connector
Dec 15 08:36:48 localhost app-4: [LicenseManagerImpl] <> WARN  Creating development license: directory-connector
Dec 15 09:33:34 localhost app-4: [LicenseManagerImpl] <> WARN  Creating development license: threat-prevention
Dec 15 09:33:34 localhost app-4: [LicenseManagerImpl] <> WARN  Creating development license: application-control
Dec 15 09:33:34 localhost app-4: [LicenseManagerImpl] <> WARN  Creating development license: web-filter
Dec 15 09:33:34 localhost app-4: [LicenseManagerImpl] <> WARN  Creating development license: ipsec-vpn
Dec 15 09:33:34 localhost app-4: [LicenseManagerImpl] <> WARN  Creating development license: policy-manager
Dec 15 09:33:34 localhost app-4: [LicenseManagerImpl] <> WARN  Creating development license: wireguard-vpn
Dec 15 12:36:48 localhost app-4: [LicenseManagerImpl] <> WARN  Creating development license: directory-connector
Dec 15 15:09:07 localhost app-4: [LicenseManagerImpl] <> WARN  Creating development license: threat-prevention
Dec 15 15:09:07 localhost app-4: [LicenseManagerImpl] <> WARN  Creating development license: application-control
Dec 15 15:09:07 localhost app-4: [LicenseManagerImpl] <> WARN  Creating development license: web-filter
Dec 15 15:09:07 localhost app-4: [LicenseManagerImpl] <> WARN  Creating development license: ipsec-vpn
Dec 15 15:09:07 localhost app-4: [LicenseManagerImpl] <> WARN  Creating development license: policy-manager
Dec 15 15:09:07 localhost app-4: [LicenseManagerImpl] <> WARN  Creating development license: wireguard-vpn
Dec 15 16:36:48 localhost app-4: [LicenseManagerImpl] <> WARN  Creating development license: directory-connector
Dec 15 20:36:48 localhost app-4: [LicenseManagerImpl] <> WARN  Creating development license: directory-connector
Dec 16 00:36:48 localhost app-4: [LicenseManagerImpl] <> WARN  Creating development license: directory-connector
Dec 16 04:36:48 localhost app-4: [LicenseManagerImpl] <> WARN  Creating development license: directory-connector
Dec 16 08:36:48 localhost app-4: [LicenseManagerImpl] <> WARN  Creating development license: directory-connector
Dec 16 12:36:48 localhost app-4: [LicenseManagerImpl] <> WARN  Creating development license: directory-connector
Dec 16 16:36:48 localhost app-4: [LicenseManagerImpl] <> WARN  Creating development license: directory-connector
Dec 16 20:36:48 localhost app-4: [LicenseManagerImpl] <> WARN  Creating development license: directory-connector
Dec 17 00:36:48 localhost app-4: [LicenseManagerImpl] <> WARN  Creating development license: directory-connector
Dec 17 04:36:48 localhost app-4: [LicenseManagerImpl] <> WARN  Creating development license: directory-connector
Dec 17 08:36:48 localhost app-4: [LicenseManagerImpl] <> WARN  Creating development license: directory-connector
Dec 17 12:36:48 localhost app-4: [LicenseManagerImpl] <> WARN  Creating development license: directory-connector
Dec 17 16:36:48 localhost app-4: [LicenseManagerImpl] <> WARN  Creating development license: directory-connector
Dec 17 20:36:48 localhost app-4: [LicenseManagerImpl] <> WARN  Creating development license: directory-connector
Dec 18 00:36:48 localhost app-4: [LicenseManagerImpl] <> WARN  Creating development license: directory-connector
Dec 18 04:36:48 localhost app-4: [LicenseManagerImpl] <> WARN  Creating development license: directory-connector
Dec 18 08:36:48 localhost app-4: [LicenseManagerImpl] <> WARN  Creating development license: directory-connector
Dec 18 12:36:48 localhost app-4: [LicenseManagerImpl] <> WARN  Creating development license: directory-connector
Dec 18 16:36:48 localhost app-4: [LicenseManagerImpl] <> WARN  Creating development license: directory-connector
Dec 18 20:36:48 localhost app-4: [LicenseManagerImpl] <> WARN  Creating development license: directory-connector
Dec 19 00:36:48 localhost app-4: [LicenseManagerImpl] <> WARN  Creating development license: directory-connector
Dec 19 04:36:48 localhost app-4: [LicenseManagerImpl] <> WARN  Creating development license: directory-connector
Dec 19 08:36:48 localhost app-4: [LicenseManagerImpl] <> WARN  Creating development license: directory-connector
Dec 19 12:36:48 localhost app-4: [LicenseManagerImpl] <> WARN  Creating development license: directory-connector
Dec 19 16:36:48 localhost app-4: [LicenseManagerImpl] <> WARN  Creating development license: directory-connector
Dec 19 20:36:48 localhost app-4: [LicenseManagerImpl] <> WARN  Creating development license: directory-connector
Dec 20 00:36:48 localhost app-4: [LicenseManagerImpl] <> WARN  Creating development license: directory-connector
Dec 20 04:36:48 localhost app-4: [LicenseManagerImpl] <> WARN  Creating development license: directory-connector
Dec 20 08:36:48 localhost app-4: [LicenseManagerImpl] <> WARN  Creating development license: directory-connector
Dec 20 12:36:48 localhost app-4: [LicenseManagerImpl] <> WARN  Creating development license: directory-connector
Dec 20 16:36:48 localhost app-4: [LicenseManagerImpl] <> WARN  Creating development license: directory-connector
Dec 20 20:36:48 localhost app-4: [LicenseManagerImpl] <> WARN  Creating development license: directory-connector
Dec 21 00:36:48 localhost app-4: [LicenseManagerImpl] <> WARN  Creating development license: directory-connector
Dec 21 04:36:48 localhost app-4: [LicenseManagerImpl] <> WARN  Creating development license: directory-connector
Dec 21 08:36:48 localhost app-4: [LicenseManagerImpl] <> WARN  Creating development license: directory-connector
Dec 21 12:36:48 localhost app-4: [LicenseManagerImpl] <> WARN  Creating development license: directory-connector
Dec 21 16:36:48 localhost app-4: [LicenseManagerImpl] <> WARN  Creating development license: directory-connector
Dec 21 20:36:48 localhost app-4: [LicenseManagerImpl] <> WARN  Creating development license: directory-connector
Dec 22 00:36:48 localhost app-4: [LicenseManagerImpl] <> WARN  Creating development license: directory-connector
Dec 22 04:36:48 localhost app-4: [LicenseManagerImpl] <> WARN  Creating development license: directory-connector
Dec 22 08:36:48 localhost app-4: [LicenseManagerImpl] <> WARN  Creating development license: directory-connector
Dec 22 12:36:48 localhost app-4: [LicenseManagerImpl] <> WARN  Creating development license: directory-connector
Dec 22 16:36:48 localhost app-4: [LicenseManagerImpl] <> WARN  Creating development license: directory-connector
Dec 22 20:36:48 localhost app-4: [LicenseManagerImpl] <> WARN  Creating development license: directory-connector
Dec 23 00:36:48 localhost app-4: [LicenseManagerImpl] <> WARN  Creating development license: directory-connector
Dec 23 04:36:48 localhost app-4: [LicenseManagerImpl] <> WARN  Creating development license: directory-connector
Dec 23 08:36:48 localhost app-4: [LicenseManagerImpl] <> WARN  Creating development license: directory-connector
Dec 23 12:36:48 localhost app-4: [LicenseManagerImpl] <> WARN  Creating development license: directory-connector
Dec 23 12:47:23 localhost app-4: [LicenseManagerImpl] <> WARN  Creating development license: threat-prevention
Dec 23 12:47:23 localhost app-4: [LicenseManagerImpl] <> WARN  Creating development license: application-control
Dec 23 12:47:23 localhost app-4: [LicenseManagerImpl] <> WARN  Creating development license: web-filter
Dec 23 12:47:23 localhost app-4: [LicenseManagerImpl] <> WARN  Creating development license: ipsec-vpn
Dec 23 12:47:23 localhost app-4: [LicenseManagerImpl] <> WARN  Creating development license: policy-manager
Dec 23 12:47:23 localhost app-4: [LicenseManagerImpl] <> WARN  Creating development license: wireguard-vpn
Dec 23 16:36:48 localhost app-4: [LicenseManagerImpl] <> WARN  Creating development license: directory-connector
Dec 23 20:36:48 localhost app-4: [LicenseManagerImpl] <> WARN  Creating development license: directory-connector
Dec 24 00:36:48 localhost app-4: [LicenseManagerImpl] <> WARN  Creating development license: directory-connector
Dec 24 04:36:48 localhost app-4: [LicenseManagerImpl] <> WARN  Creating development license: directory-connector
Dec 24 08:36:48 localhost app-4: [LicenseManagerImpl] <> WARN  Creating development license: directory-connector
Dec 24 12:36:48 localhost app-4: [LicenseManagerImpl] <> WARN  Creating development license: directory-connector
Dec 24 16:36:48 localhost app-4: [LicenseManagerImpl] <> WARN  Creating development license: directory-connector
Dec 24 20:36:48 localhost app-4: [LicenseManagerImpl] <> WARN  Creating development license: directory-connector
Dec 25 00:36:48 localhost app-4: [LicenseManagerImpl] <> WARN  Creating development license: directory-connector
Dec 25 04:36:48 localhost app-4: [LicenseManagerImpl] <> WARN  Creating development license: directory-connector
Dec 25 08:36:48 localhost app-4: [LicenseManagerImpl] <> WARN  Creating development license: directory-connector
Dec 25 12:36:48 localhost app-4: [LicenseManagerImpl] <> WARN  Creating development license: directory-connector
Dec 25 16:36:48 localhost app-4: [LicenseManagerImpl] <> WARN  Creating development license: directory-connector
Dec 25 20:36:48 localhost app-4: [LicenseManagerImpl] <> WARN  Creating development license: directory-connector
Dec 26 00:36:48 localhost app-4: [LicenseManagerImpl] <> WARN  Creating development license: directory-connector
Dec 26 04:36:48 localhost app-4: [LicenseManagerImpl] <> WARN  Creating development license: directory-connector
Dec 26 08:36:48 localhost app-4: [LicenseManagerImpl] <> WARN  Creating development license: directory-connector
Dec 26 12:36:48 localhost app-4: [LicenseManagerImpl] <> WARN  Creating development license: directory-connector
Dec 26 16:36:48 localhost app-4: [LicenseManagerImpl] <> WARN  Creating development license: directory-connector
Dec 26 20:36:48 localhost app-4: [LicenseManagerImpl] <> WARN  Creating development license: directory-connector
Dec 27 00:36:48 localhost app-4: [LicenseManagerImpl] <> WARN  Creating development license: directory-connector
Dec 27 04:36:48 localhost app-4: [LicenseManagerImpl] <> WARN  Creating development license: directory-connector
Dec 27 08:36:48 localhost app-4: [LicenseManagerImpl] <> WARN  Creating development license: directory-connector
Dec 27 12:36:48 localhost app-4: [LicenseManagerImpl] <> WARN  Creating development license: directory-connector
Dec 27 16:36:48 localhost app-4: [LicenseManagerImpl] <> WARN  Creating development license: directory-connector
Dec 27 20:36:48 localhost app-4: [LicenseManagerImpl] <> WARN  Creating development license: directory-connector
Dec 28 00:36:48 localhost app-4: [LicenseManagerImpl] <> WARN  Creating development license: directory-connector
Dec 28 04:36:48 localhost app-4: [LicenseManagerImpl] <> WARN  Creating development license: directory-connector
Dec 28 08:36:48 localhost app-4: [LicenseManagerImpl] <> WARN  Creating development license: directory-connector
Dec 28 12:36:48 localhost app-4: [LicenseManagerImpl] <> WARN  Creating development license: directory-connector
Dec 28 16:36:48 localhost app-4: [LicenseManagerImpl] <> WARN  Creating development license: directory-connector
Dec 28 20:36:48 localhost app-4: [LicenseManagerImpl] <> WARN  Creating development license: directory-connector
Dec 29 00:36:48 localhost app-4: [LicenseManagerImpl] <> WARN  Creating development license: directory-connector
Dec 29 04:36:48 localhost app-4: [LicenseManagerImpl] <> WARN  Creating development license: directory-connector
Dec 29 08:36:48 localhost app-4: [LicenseManagerImpl] <> WARN  Creating development license: directory-connector
Dec 29 12:36:48 localhost app-4: [LicenseManagerImpl] <> WARN  Creating development license: directory-connector
