Apr 13 14:47:36 localhost app-63: [ConfigurationBackupApp] <> INFO  Initializing Settings...
Apr 13 14:47:36 localhost app-63: [ConfigurationBackupApp] <> INFO  Loading settings from /root/development/github/ngfw_src/dist/usr/share/untangle/settings/configuration-backup/settings_63.js
Apr 13 14:47:36 localhost app-63: [ConfigurationBackupApp] <> INFO  Loaded settings from /root/development/github/ngfw_src/dist/usr/share/untangle/settings/configuration-backup/settings_63.js
Apr 13 14:47:36 localhost app-63: [AppBase] <> INFO  Starting   configuration-backup [63] ...
Apr 13 14:47:36 localhost app-63: [AppBase] <> INFO  Started    configuration-backup [63] ...
Apr 13 14:48:09 localhost app-63: [ConfigurationBackupApp] <> INFO  Backing up /tmp/untangle_example_com-configuration_backup_vDEVEL-PUB-VERSION-2020_04_13_14_48.backup.tar.gz to https://boxbackup.untangle.com/boxbackup/backup.php
Apr 13 14:48:09 localhost app-63: [ConfigurationBackupApp] <> INFO  Backup command: [/root/development/github/ngfw_src/dist/usr/share/untangle/bin/configuration-backup-upload-backup.sh, -u, https://boxbackup.untangle.com/boxbackup/backup.php, -v, -k, 0000-0000-0000-0000, -t, 1200, -f, /tmp/untangle_example_com-configuration_backup_vDEVEL-PUB-VERSION-2020_04_13_14_48.backup.tar.gz]
Apr 13 14:48:41 localhost app-63: [ConfigurationBackupApp] <> ERROR Backup returned non-zero error code (4)
Apr 13 14:48:41 localhost app-63: [ConfigurationBackupApp] <> INFO  Backup failed: Unable to contact https://boxbackup.untangle.com/boxbackup/backup.php
Apr 14 02:47:01 localhost app-63: [ConfigurationBackupApp] <> INFO  Backing up /tmp/untangle_example_com-configuration_backup_vDEVEL-PUB-VERSION-2020_04_14_02_47.backup.tar.gz to https://boxbackup.untangle.com/boxbackup/backup.php
Apr 14 02:47:01 localhost app-63: [ConfigurationBackupApp] <> INFO  Backup command: [/root/development/github/ngfw_src/dist/usr/share/untangle/bin/configuration-backup-upload-backup.sh, -u, https://boxbackup.untangle.com/boxbackup/backup.php, -v, -k, 0000-0000-0000-0000, -t, 1200, -f, /tmp/untangle_example_com-configuration_backup_vDEVEL-PUB-VERSION-2020_04_14_02_47.backup.tar.gz]
Apr 14 02:47:33 localhost app-63: [ConfigurationBackupApp] <> ERROR Backup returned non-zero error code (4)
Apr 14 02:47:33 localhost app-63: [ConfigurationBackupApp] <> INFO  Backup failed: Unable to contact https://boxbackup.untangle.com/boxbackup/backup.php
Apr 15 02:47:01 localhost app-63: [ConfigurationBackupApp] <> INFO  Backing up /tmp/untangle_example_com-configuration_backup_vDEVEL-PUB-VERSION-2020_04_15_02_47.backup.tar.gz to https://boxbackup.untangle.com/boxbackup/backup.php
Apr 15 02:47:01 localhost app-63: [ConfigurationBackupApp] <> INFO  Backup command: [/root/development/github/ngfw_src/dist/usr/share/untangle/bin/configuration-backup-upload-backup.sh, -u, https://boxbackup.untangle.com/boxbackup/backup.php, -v, -k, 0000-0000-0000-0000, -t, 1200, -f, /tmp/untangle_example_com-configuration_backup_vDEVEL-PUB-VERSION-2020_04_15_02_47.backup.tar.gz]
Apr 15 02:47:33 localhost app-63: [ConfigurationBackupApp] <> ERROR Backup returned non-zero error code (4)
Apr 15 02:47:33 localhost app-63: [ConfigurationBackupApp] <> INFO  Backup failed: Unable to contact https://boxbackup.untangle.com/boxbackup/backup.php
Apr 20 10:07:30 localhost app-63: [ConfigurationBackupApp] <> INFO  Loading settings from /root/development/github/ngfw_src/dist/usr/share/untangle/settings/configuration-backup/settings_63.js
Apr 20 10:07:30 localhost app-63: [ConfigurationBackupApp] <> INFO  Loaded settings from /root/development/github/ngfw_src/dist/usr/share/untangle/settings/configuration-backup/settings_63.js
Apr 20 10:07:30 localhost app-63: [AppBase] <> INFO  Starting   configuration-backup [63] ...
Apr 20 10:07:30 localhost app-63: [AppBase] <> INFO  Started    configuration-backup [63] ...
Apr 20 15:34:41 localhost app-63: [AppBase] <> INFO  Stopping   configuration-backup [63] ...
Apr 20 15:34:41 localhost app-63: [AppBase] <> INFO  Stopped    configuration-backup [63] ...
Apr 20 15:34:46 localhost app-63: [ConfigurationBackupApp] <> INFO  Loading settings from /root/development/github/ngfw_src/dist/usr/share/untangle/settings/configuration-backup/settings_63.js
Apr 20 15:34:46 localhost app-63: [ConfigurationBackupApp] <> INFO  Loaded settings from /root/development/github/ngfw_src/dist/usr/share/untangle/settings/configuration-backup/settings_63.js
Apr 20 15:34:46 localhost app-63: [AppBase] <> INFO  Starting   configuration-backup [63] ...
Apr 20 15:34:46 localhost app-63: [AppBase] <> INFO  Started    configuration-backup [63] ...
Apr 20 15:37:13 localhost app-63: [AppBase] <> INFO  Stopping   configuration-backup [63] ...
Apr 20 15:37:13 localhost app-63: [AppBase] <> INFO  Stopped    configuration-backup [63] ...
Apr 20 15:37:16 localhost app-63: [ConfigurationBackupApp] <> INFO  Loading settings from /root/development/github/ngfw_src/dist/usr/share/untangle/settings/configuration-backup/settings_63.js
Apr 20 15:37:16 localhost app-63: [ConfigurationBackupApp] <> INFO  Loaded settings from /root/development/github/ngfw_src/dist/usr/share/untangle/settings/configuration-backup/settings_63.js
Apr 20 15:37:16 localhost app-63: [AppBase] <> INFO  Starting   configuration-backup [63] ...
Apr 20 15:37:16 localhost app-63: [AppBase] <> INFO  Started    configuration-backup [63] ...
Apr 20 15:39:31 localhost app-63: [AppBase] <> INFO  Stopping   configuration-backup [63] ...
Apr 20 15:39:31 localhost app-63: [AppBase] <> INFO  Stopped    configuration-backup [63] ...
Apr 20 15:39:35 localhost app-63: [ConfigurationBackupApp] <> INFO  Loading settings from /root/development/github/ngfw_src/dist/usr/share/untangle/settings/configuration-backup/settings_63.js
Apr 20 15:39:35 localhost app-63: [ConfigurationBackupApp] <> INFO  Loaded settings from /root/development/github/ngfw_src/dist/usr/share/untangle/settings/configuration-backup/settings_63.js
Apr 20 15:39:35 localhost app-63: [AppBase] <> INFO  Starting   configuration-backup [63] ...
Apr 20 15:39:35 localhost app-63: [AppBase] <> INFO  Started    configuration-backup [63] ...
Apr 20 15:40:53 localhost app-63: [AppBase] <> INFO  Stopping   configuration-backup [63] ...
Apr 20 15:40:53 localhost app-63: [AppBase] <> INFO  Stopped    configuration-backup [63] ...
Apr 20 15:40:56 localhost app-63: [ConfigurationBackupApp] <> INFO  Loading settings from /root/development/github/ngfw_src/dist/usr/share/untangle/settings/configuration-backup/settings_63.js
Apr 20 15:40:56 localhost app-63: [ConfigurationBackupApp] <> INFO  Loaded settings from /root/development/github/ngfw_src/dist/usr/share/untangle/settings/configuration-backup/settings_63.js
Apr 20 15:40:56 localhost app-63: [AppBase] <> INFO  Starting   configuration-backup [63] ...
Apr 20 15:40:56 localhost app-63: [AppBase] <> INFO  Started    configuration-backup [63] ...
Apr 21 02:47:01 localhost app-63: [ConfigurationBackupApp] <> INFO  Backing up /tmp/untangle_example_com-configuration_backup_vDEVEL-PUB-VERSION-2020_04_21_02_47.backup.tar.gz to https://boxbackup.untangle.com/boxbackup/backup.php
Apr 21 02:47:01 localhost app-63: [ConfigurationBackupApp] <> INFO  Backup command: [/root/development/github/ngfw_src/dist/usr/share/untangle/bin/configuration-backup-upload-backup.sh, -u, https://boxbackup.untangle.com/boxbackup/backup.php, -v, -k, 0000-0000-0000-0000, -t, 1200, -f, /tmp/untangle_example_com-configuration_backup_vDEVEL-PUB-VERSION-2020_04_21_02_47.backup.tar.gz]
Apr 21 02:47:33 localhost app-63: [ConfigurationBackupApp] <> ERROR Backup returned non-zero error code (4)
Apr 21 02:47:33 localhost app-63: [ConfigurationBackupApp] <> INFO  Backup failed: Unable to contact https://boxbackup.untangle.com/boxbackup/backup.php
Apr 21 11:49:32 localhost app-63: [AppBase] <> INFO  Stopping   configuration-backup [63] ...
Apr 21 11:49:32 localhost app-63: [AppBase] <> INFO  Stopped    configuration-backup [63] ...
Apr 21 11:49:37 localhost app-63: [ConfigurationBackupApp] <> INFO  Loading settings from /root/development/github/ngfw_src/dist/usr/share/untangle/settings/configuration-backup/settings_63.js
Apr 21 11:49:37 localhost app-63: [ConfigurationBackupApp] <> INFO  Loaded settings from /root/development/github/ngfw_src/dist/usr/share/untangle/settings/configuration-backup/settings_63.js
Apr 21 11:49:37 localhost app-63: [AppBase] <> INFO  Starting   configuration-backup [63] ...
Apr 21 11:49:37 localhost app-63: [AppBase] <> INFO  Started    configuration-backup [63] ...
Apr 21 12:20:25 localhost app-63: [AppBase] <> INFO  Stopping   configuration-backup [63] ...
Apr 21 12:20:25 localhost app-63: [AppBase] <> INFO  Stopped    configuration-backup [63] ...
Apr 21 12:20:29 localhost app-63: [ConfigurationBackupApp] <> INFO  Loading settings from /root/development/github/ngfw_src/dist/usr/share/untangle/settings/configuration-backup/settings_63.js
Apr 21 12:20:29 localhost app-63: [ConfigurationBackupApp] <> INFO  Loaded settings from /root/development/github/ngfw_src/dist/usr/share/untangle/settings/configuration-backup/settings_63.js
Apr 21 12:20:29 localhost app-63: [AppBase] <> INFO  Starting   configuration-backup [63] ...
Apr 21 12:20:29 localhost app-63: [AppBase] <> INFO  Started    configuration-backup [63] ...
Apr 21 14:26:04 localhost app-63: [AppBase] <> INFO  Stopping   configuration-backup [63] ...
Apr 21 14:26:04 localhost app-63: [AppBase] <> INFO  Stopped    configuration-backup [63] ...
Apr 21 14:26:08 localhost app-63: [ConfigurationBackupApp] <> INFO  Loading settings from /root/development/github/ngfw_src/dist/usr/share/untangle/settings/configuration-backup/settings_63.js
Apr 21 14:26:08 localhost app-63: [ConfigurationBackupApp] <> INFO  Loaded settings from /root/development/github/ngfw_src/dist/usr/share/untangle/settings/configuration-backup/settings_63.js
Apr 21 14:26:08 localhost app-63: [AppBase] <> INFO  Starting   configuration-backup [63] ...
Apr 21 14:26:08 localhost app-63: [AppBase] <> INFO  Started    configuration-backup [63] ...
Apr 21 14:31:45 localhost app-63: [AppBase] <> INFO  Stopping   configuration-backup [63] ...
Apr 21 14:31:45 localhost app-63: [AppBase] <> INFO  Stopped    configuration-backup [63] ...
Apr 21 14:31:49 localhost app-63: [ConfigurationBackupApp] <> INFO  Loading settings from /root/development/github/ngfw_src/dist/usr/share/untangle/settings/configuration-backup/settings_63.js
Apr 21 14:31:49 localhost app-63: [ConfigurationBackupApp] <> INFO  Loaded settings from /root/development/github/ngfw_src/dist/usr/share/untangle/settings/configuration-backup/settings_63.js
Apr 21 14:31:49 localhost app-63: [AppBase] <> INFO  Starting   configuration-backup [63] ...
Apr 21 14:31:49 localhost app-63: [AppBase] <> INFO  Started    configuration-backup [63] ...
Apr 21 14:46:28 localhost app-63: [AppBase] <> INFO  Stopping   configuration-backup [63] ...
Apr 21 14:46:28 localhost app-63: [AppBase] <> INFO  Stopped    configuration-backup [63] ...
Apr 21 14:46:32 localhost app-63: [ConfigurationBackupApp] <> INFO  Loading settings from /root/development/github/ngfw_src/dist/usr/share/untangle/settings/configuration-backup/settings_63.js
Apr 21 14:46:32 localhost app-63: [ConfigurationBackupApp] <> INFO  Loaded settings from /root/development/github/ngfw_src/dist/usr/share/untangle/settings/configuration-backup/settings_63.js
Apr 21 14:46:32 localhost app-63: [AppBase] <> INFO  Starting   configuration-backup [63] ...
Apr 21 14:46:32 localhost app-63: [AppBase] <> INFO  Started    configuration-backup [63] ...
Apr 21 14:46:57 localhost app-63: [AppBase] <> INFO  Stopping   configuration-backup [63] ...
Apr 21 14:46:57 localhost app-63: [AppBase] <> INFO  Stopped    configuration-backup [63] ...
Apr 21 14:47:01 localhost app-63: [ConfigurationBackupApp] <> INFO  Loading settings from /root/development/github/ngfw_src/dist/usr/share/untangle/settings/configuration-backup/settings_63.js
Apr 21 14:47:01 localhost app-63: [ConfigurationBackupApp] <> INFO  Loaded settings from /root/development/github/ngfw_src/dist/usr/share/untangle/settings/configuration-backup/settings_63.js
Apr 21 14:47:01 localhost app-63: [AppBase] <> INFO  Starting   configuration-backup [63] ...
Apr 21 14:47:01 localhost app-63: [AppBase] <> INFO  Started    configuration-backup [63] ...
Apr 21 14:49:59 localhost app-63: [AppBase] <> INFO  Stopping   configuration-backup [63] ...
Apr 21 14:49:59 localhost app-63: [AppBase] <> INFO  Stopped    configuration-backup [63] ...
Apr 21 14:50:03 localhost app-63: [ConfigurationBackupApp] <> INFO  Loading settings from /root/development/github/ngfw_src/dist/usr/share/untangle/settings/configuration-backup/settings_63.js
Apr 21 14:50:03 localhost app-63: [ConfigurationBackupApp] <> INFO  Loaded settings from /root/development/github/ngfw_src/dist/usr/share/untangle/settings/configuration-backup/settings_63.js
Apr 21 14:50:03 localhost app-63: [AppBase] <> INFO  Starting   configuration-backup [63] ...
Apr 21 14:50:03 localhost app-63: [AppBase] <> INFO  Started    configuration-backup [63] ...
Apr 21 14:50:35 localhost app-63: [AppBase] <> INFO  Stopping   configuration-backup [63] ...
Apr 21 14:50:35 localhost app-63: [AppBase] <> INFO  Stopped    configuration-backup [63] ...
Apr 21 14:50:40 localhost app-63: [ConfigurationBackupApp] <> INFO  Loading settings from /root/development/github/ngfw_src/dist/usr/share/untangle/settings/configuration-backup/settings_63.js
Apr 21 14:50:40 localhost app-63: [ConfigurationBackupApp] <> INFO  Loaded settings from /root/development/github/ngfw_src/dist/usr/share/untangle/settings/configuration-backup/settings_63.js
Apr 21 14:50:40 localhost app-63: [AppBase] <> INFO  Starting   configuration-backup [63] ...
Apr 21 14:50:40 localhost app-63: [AppBase] <> INFO  Started    configuration-backup [63] ...
Apr 21 14:51:54 localhost app-63: [AppBase] <> INFO  Stopping   configuration-backup [63] ...
Apr 21 14:51:54 localhost app-63: [AppBase] <> INFO  Stopped    configuration-backup [63] ...
Apr 21 14:51:59 localhost app-63: [ConfigurationBackupApp] <> INFO  Loading settings from /root/development/github/ngfw_src/dist/usr/share/untangle/settings/configuration-backup/settings_63.js
Apr 21 14:51:59 localhost app-63: [ConfigurationBackupApp] <> INFO  Loaded settings from /root/development/github/ngfw_src/dist/usr/share/untangle/settings/configuration-backup/settings_63.js
Apr 21 14:51:59 localhost app-63: [AppBase] <> INFO  Starting   configuration-backup [63] ...
Apr 21 14:51:59 localhost app-63: [AppBase] <> INFO  Started    configuration-backup [63] ...
Apr 21 17:07:39 localhost app-63: [AppBase] <> INFO  Stopping   configuration-backup [63] ...
Apr 21 17:07:39 localhost app-63: [AppBase] <> INFO  Stopped    configuration-backup [63] ...
Apr 21 17:07:43 localhost app-63: [ConfigurationBackupApp] <> INFO  Loading settings from /root/development/github/ngfw_src/dist/usr/share/untangle/settings/configuration-backup/settings_63.js
Apr 21 17:07:43 localhost app-63: [ConfigurationBackupApp] <> INFO  Loaded settings from /root/development/github/ngfw_src/dist/usr/share/untangle/settings/configuration-backup/settings_63.js
Apr 21 17:07:43 localhost app-63: [AppBase] <> INFO  Starting   configuration-backup [63] ...
Apr 21 17:07:43 localhost app-63: [AppBase] <> INFO  Started    configuration-backup [63] ...
Apr 22 02:47:01 localhost app-63: [ConfigurationBackupApp] <> INFO  Backing up /tmp/untangle_example_com-configuration_backup_vDEVEL-PUB-VERSION-2020_04_22_02_47.backup.tar.gz to https://boxbackup.untangle.com/boxbackup/backup.php
Apr 22 02:47:01 localhost app-63: [ConfigurationBackupApp] <> INFO  Backup command: [/root/development/github/ngfw_src/dist/usr/share/untangle/bin/configuration-backup-upload-backup.sh, -u, https://boxbackup.untangle.com/boxbackup/backup.php, -v, -k, 0000-0000-0000-0000, -t, 1200, -f, /tmp/untangle_example_com-configuration_backup_vDEVEL-PUB-VERSION-2020_04_22_02_47.backup.tar.gz]
Apr 22 02:47:33 localhost app-63: [ConfigurationBackupApp] <> ERROR Backup returned non-zero error code (4)
Apr 22 02:47:33 localhost app-63: [ConfigurationBackupApp] <> INFO  Backup failed: Unable to contact https://boxbackup.untangle.com/boxbackup/backup.php
Apr 23 02:47:01 localhost app-63: [ConfigurationBackupApp] <> INFO  Backing up /tmp/untangle_example_com-configuration_backup_vDEVEL-PUB-VERSION-2020_04_23_02_47.backup.tar.gz to https://boxbackup.untangle.com/boxbackup/backup.php
Apr 23 02:47:01 localhost app-63: [ConfigurationBackupApp] <> INFO  Backup command: [/root/development/github/ngfw_src/dist/usr/share/untangle/bin/configuration-backup-upload-backup.sh, -u, https://boxbackup.untangle.com/boxbackup/backup.php, -v, -k, 0000-0000-0000-0000, -t, 1200, -f, /tmp/untangle_example_com-configuration_backup_vDEVEL-PUB-VERSION-2020_04_23_02_47.backup.tar.gz]
Apr 23 02:47:33 localhost app-63: [ConfigurationBackupApp] <> ERROR Backup returned non-zero error code (4)
Apr 23 02:47:33 localhost app-63: [ConfigurationBackupApp] <> INFO  Backup failed: Unable to contact https://boxbackup.untangle.com/boxbackup/backup.php
Apr 23 09:21:06 localhost app-63: [AppBase] <> INFO  Stopping   configuration-backup [63] ...
Apr 23 09:21:06 localhost app-63: [AppBase] <> INFO  Stopped    configuration-backup [63] ...
Apr 23 09:21:18 localhost app-63: [ConfigurationBackupApp] <> INFO  Loading settings from /root/development/github/ngfw_src/dist/usr/share/untangle/settings/configuration-backup/settings_63.js
Apr 23 09:21:18 localhost app-63: [ConfigurationBackupApp] <> INFO  Loaded settings from /root/development/github/ngfw_src/dist/usr/share/untangle/settings/configuration-backup/settings_63.js
Apr 23 09:21:18 localhost app-63: [AppBase] <> INFO  Starting   configuration-backup [63] ...
Apr 23 09:21:18 localhost app-63: [AppBase] <> INFO  Started    configuration-backup [63] ...
Apr 23 09:34:20 localhost app-63: [AppBase] <> INFO  Stopping   configuration-backup [63] ...
Apr 23 09:34:20 localhost app-63: [AppBase] <> INFO  Stopped    configuration-backup [63] ...
Apr 23 09:34:32 localhost app-63: [ConfigurationBackupApp] <> INFO  Loading settings from /root/development/github/ngfw_src/dist/usr/share/untangle/settings/configuration-backup/settings_63.js
Apr 23 09:34:32 localhost app-63: [ConfigurationBackupApp] <> INFO  Loaded settings from /root/development/github/ngfw_src/dist/usr/share/untangle/settings/configuration-backup/settings_63.js
Apr 23 09:34:32 localhost app-63: [AppBase] <> INFO  Starting   configuration-backup [63] ...
Apr 23 09:34:32 localhost app-63: [AppBase] <> INFO  Started    configuration-backup [63] ...
Apr 23 09:42:28 localhost app-63: [AppBase] <> INFO  Stopping   configuration-backup [63] ...
Apr 23 09:42:28 localhost app-63: [AppBase] <> INFO  Stopped    configuration-backup [63] ...
Apr 23 09:42:40 localhost app-63: [ConfigurationBackupApp] <> INFO  Loading settings from /root/development/github/ngfw_src/dist/usr/share/untangle/settings/configuration-backup/settings_63.js
Apr 23 09:42:40 localhost app-63: [ConfigurationBackupApp] <> INFO  Loaded settings from /root/development/github/ngfw_src/dist/usr/share/untangle/settings/configuration-backup/settings_63.js
Apr 23 09:42:40 localhost app-63: [AppBase] <> INFO  Starting   configuration-backup [63] ...
Apr 23 09:42:40 localhost app-63: [AppBase] <> INFO  Started    configuration-backup [63] ...
Apr 23 09:43:42 localhost app-63: [AppBase] <> INFO  Stopping   configuration-backup [63] ...
Apr 23 09:43:42 localhost app-63: [AppBase] <> INFO  Stopped    configuration-backup [63] ...
Apr 23 09:43:54 localhost app-63: [ConfigurationBackupApp] <> INFO  Loading settings from /root/development/github/ngfw_src/dist/usr/share/untangle/settings/configuration-backup/settings_63.js
Apr 23 09:43:54 localhost app-63: [ConfigurationBackupApp] <> INFO  Loaded settings from /root/development/github/ngfw_src/dist/usr/share/untangle/settings/configuration-backup/settings_63.js
Apr 23 09:43:54 localhost app-63: [AppBase] <> INFO  Starting   configuration-backup [63] ...
Apr 23 09:43:54 localhost app-63: [AppBase] <> INFO  Started    configuration-backup [63] ...
Apr 23 09:44:55 localhost app-63: [AppBase] <> INFO  Stopping   configuration-backup [63] ...
Apr 23 09:44:55 localhost app-63: [AppBase] <> INFO  Stopped    configuration-backup [63] ...
Apr 23 09:45:07 localhost app-63: [ConfigurationBackupApp] <> INFO  Loading settings from /root/development/github/ngfw_src/dist/usr/share/untangle/settings/configuration-backup/settings_63.js
Apr 23 09:45:07 localhost app-63: [ConfigurationBackupApp] <> INFO  Loaded settings from /root/development/github/ngfw_src/dist/usr/share/untangle/settings/configuration-backup/settings_63.js
Apr 23 09:45:07 localhost app-63: [AppBase] <> INFO  Starting   configuration-backup [63] ...
Apr 23 09:45:07 localhost app-63: [AppBase] <> INFO  Started    configuration-backup [63] ...
Apr 23 09:51:51 localhost app-63: [AppBase] <> INFO  Stopping   configuration-backup [63] ...
Apr 23 09:51:51 localhost app-63: [AppBase] <> INFO  Stopped    configuration-backup [63] ...
Apr 23 09:52:02 localhost app-63: [ConfigurationBackupApp] <> INFO  Loading settings from /root/development/github/ngfw_src/dist/usr/share/untangle/settings/configuration-backup/settings_63.js
Apr 23 09:52:02 localhost app-63: [ConfigurationBackupApp] <> INFO  Loaded settings from /root/development/github/ngfw_src/dist/usr/share/untangle/settings/configuration-backup/settings_63.js
Apr 23 09:52:02 localhost app-63: [AppBase] <> INFO  Starting   configuration-backup [63] ...
Apr 23 09:52:02 localhost app-63: [AppBase] <> INFO  Started    configuration-backup [63] ...
Apr 23 09:55:04 localhost app-63: [AppBase] <> INFO  Stopping   configuration-backup [63] ...
Apr 23 09:55:04 localhost app-63: [AppBase] <> INFO  Stopped    configuration-backup [63] ...
Apr 23 09:55:16 localhost app-63: [ConfigurationBackupApp] <> INFO  Loading settings from /root/development/github/ngfw_src/dist/usr/share/untangle/settings/configuration-backup/settings_63.js
Apr 23 09:55:16 localhost app-63: [ConfigurationBackupApp] <> INFO  Loaded settings from /root/development/github/ngfw_src/dist/usr/share/untangle/settings/configuration-backup/settings_63.js
Apr 23 09:55:16 localhost app-63: [AppBase] <> INFO  Starting   configuration-backup [63] ...
Apr 23 09:55:16 localhost app-63: [AppBase] <> INFO  Started    configuration-backup [63] ...
Apr 23 10:04:08 localhost app-63: [AppBase] <> INFO  Stopping   configuration-backup [63] ...
Apr 23 10:04:08 localhost app-63: [AppBase] <> INFO  Stopped    configuration-backup [63] ...
Sep 25 09:20:09 localhost app-63: [UnblockedSitesMonitor] <> INFO  UnblockedSitesMonitor initializing
Sep 25 09:20:10 localhost app-63: [AppBase] <> INFO  Starting   web-filter [63] ...
Sep 25 09:23:48 localhost app-63: [UnblockedSitesMonitor] <> INFO  UnblockedSitesMonitor initializing
Sep 25 09:23:49 localhost app-63: [AppBase] <> INFO  No valid license for: web-filter
Sep 25 09:23:49 localhost app-63: [AppBase] <> INFO  Requesting trial for: web-filter
Sep 25 09:24:10 localhost app-63: [AppBase] <> WARN  Exception fetching trial license. Ignoring...
Sep 25 09:24:10 localhost app-63:       java.lang.Exception: Unable to fetch trial license: DNS lookup failed.
Sep 25 09:24:10 localhost app-63:       com.untangle.app.license.LicenseManagerImpl.requestTrialLicense(LicenseManagerImpl.java:493)
Sep 25 09:24:10 localhost app-63:       com.untangle.uvm.app.AppBase.init(AppBase.java:857)
Sep 25 09:24:10 localhost app-63:       com.untangle.uvm.app.AppBase.resumeState(AppBase.java:245)
Sep 25 09:24:10 localhost app-63:       com.untangle.uvm.app.AppBase.loadClass(AppBase.java:373)
Sep 25 09:24:10 localhost app-63:       com.untangle.uvm.AppManagerImpl$3.run(AppManagerImpl.java:1128)
Sep 25 09:24:10 localhost app-63:       com.untangle.uvm.UvmContextImpl$1.run(UvmContextImpl.java:654)
Sep 25 09:24:10 localhost app-63:       java.base/java.lang.Thread.run(Thread.java:834)
Sep 25 09:24:10 localhost app-63: [AppBase] <> INFO  Starting   web-filter [63] ...
Sep 25 09:24:10 localhost app-63: [AppBase] <> WARN  Exception in preStart(). Reverting to INITIALIZED state.
Sep 25 09:24:10 localhost app-63:       java.lang.RuntimeException: invalid license
Sep 25 09:24:10 localhost app-63:       com.untangle.app.web_filter.WebFilterApp.preStart(WebFilterApp.java:119)
Sep 25 09:24:10 localhost app-63:       com.untangle.uvm.app.AppBase.start(AppBase.java:909)
Sep 25 09:24:10 localhost app-63:       com.untangle.uvm.app.AppBase.resumeState(AppBase.java:246)
Sep 25 09:24:10 localhost app-63:       com.untangle.uvm.app.AppBase.loadClass(AppBase.java:373)
Sep 25 09:24:10 localhost app-63:       com.untangle.uvm.AppManagerImpl$3.run(AppManagerImpl.java:1128)
Sep 25 09:24:10 localhost app-63:       com.untangle.uvm.UvmContextImpl$1.run(UvmContextImpl.java:654)
Sep 25 09:24:10 localhost app-63:       java.base/java.lang.Thread.run(Thread.java:834)
Sep 25 09:27:24 localhost app-63: [UnblockedSitesMonitor] <> INFO  UnblockedSitesMonitor initializing
Sep 25 09:27:24 localhost app-63: [AppBase] <> INFO  No valid license for: web-filter
Sep 25 09:27:24 localhost app-63: [AppBase] <> INFO  Requesting trial for: web-filter
Sep 25 09:27:46 localhost app-63: [AppBase] <> WARN  Exception fetching trial license. Ignoring...
Sep 25 09:27:46 localhost app-63:       java.lang.Exception: Unable to fetch trial license: DNS lookup failed.
Sep 25 09:27:46 localhost app-63:       com.untangle.app.license.LicenseManagerImpl.requestTrialLicense(LicenseManagerImpl.java:493)
Sep 25 09:27:46 localhost app-63:       com.untangle.uvm.app.AppBase.init(AppBase.java:857)
Sep 25 09:27:46 localhost app-63:       com.untangle.uvm.app.AppBase.resumeState(AppBase.java:245)
Sep 25 09:27:46 localhost app-63:       com.untangle.uvm.app.AppBase.loadClass(AppBase.java:373)
Sep 25 09:27:46 localhost app-63:       com.untangle.uvm.AppManagerImpl$3.run(AppManagerImpl.java:1128)
Sep 25 09:27:46 localhost app-63:       com.untangle.uvm.UvmContextImpl$1.run(UvmContextImpl.java:654)
Sep 25 09:27:46 localhost app-63:       java.base/java.lang.Thread.run(Thread.java:834)
Sep 25 09:27:46 localhost app-63: [AppBase] <> INFO  Starting   web-filter [63] ...
Sep 25 09:27:46 localhost app-63: [AppBase] <> WARN  Exception in preStart(). Reverting to INITIALIZED state.
Sep 25 09:27:46 localhost app-63:       java.lang.RuntimeException: invalid license
Sep 25 09:27:46 localhost app-63:       com.untangle.app.web_filter.WebFilterApp.preStart(WebFilterApp.java:119)
Sep 25 09:27:46 localhost app-63:       com.untangle.uvm.app.AppBase.start(AppBase.java:909)
Sep 25 09:27:46 localhost app-63:       com.untangle.uvm.app.AppBase.resumeState(AppBase.java:246)
Sep 25 09:27:46 localhost app-63:       com.untangle.uvm.app.AppBase.loadClass(AppBase.java:373)
Sep 25 09:27:46 localhost app-63:       com.untangle.uvm.AppManagerImpl$3.run(AppManagerImpl.java:1128)
Sep 25 09:27:46 localhost app-63:       com.untangle.uvm.UvmContextImpl$1.run(UvmContextImpl.java:654)
Sep 25 09:27:46 localhost app-63:       java.base/java.lang.Thread.run(Thread.java:834)
Sep 25 09:31:03 localhost app-63: [UnblockedSitesMonitor] <> INFO  UnblockedSitesMonitor initializing
Sep 25 09:31:03 localhost app-63: [AppBase] <> INFO  No valid license for: web-filter
Sep 25 09:31:03 localhost app-63: [AppBase] <> INFO  Requesting trial for: web-filter
Sep 25 09:31:25 localhost app-63: [AppBase] <> WARN  Exception fetching trial license. Ignoring...
Sep 25 09:31:25 localhost app-63:       java.lang.Exception: Unable to fetch trial license: DNS lookup failed.
Sep 25 09:31:25 localhost app-63:       com.untangle.app.license.LicenseManagerImpl.requestTrialLicense(LicenseManagerImpl.java:493)
Sep 25 09:31:25 localhost app-63:       com.untangle.uvm.app.AppBase.init(AppBase.java:857)
Sep 25 09:31:25 localhost app-63:       com.untangle.uvm.app.AppBase.resumeState(AppBase.java:245)
Sep 25 09:31:25 localhost app-63:       com.untangle.uvm.app.AppBase.loadClass(AppBase.java:373)
Sep 25 09:31:25 localhost app-63:       com.untangle.uvm.AppManagerImpl$3.run(AppManagerImpl.java:1128)
Sep 25 09:31:25 localhost app-63:       com.untangle.uvm.UvmContextImpl$1.run(UvmContextImpl.java:654)
Sep 25 09:31:25 localhost app-63:       java.base/java.lang.Thread.run(Thread.java:834)
Sep 25 09:31:26 localhost app-63: [AppBase] <> INFO  Starting   web-filter [63] ...
Sep 25 09:31:26 localhost app-63: [AppBase] <> WARN  Exception in preStart(). Reverting to INITIALIZED state.
Sep 25 09:31:26 localhost app-63:       java.lang.RuntimeException: invalid license
Sep 25 09:31:26 localhost app-63:       com.untangle.app.web_filter.WebFilterApp.preStart(WebFilterApp.java:119)
Sep 25 09:31:26 localhost app-63:       com.untangle.uvm.app.AppBase.start(AppBase.java:909)
Sep 25 09:31:26 localhost app-63:       com.untangle.uvm.app.AppBase.resumeState(AppBase.java:246)
Sep 25 09:31:26 localhost app-63:       com.untangle.uvm.app.AppBase.loadClass(AppBase.java:373)
Sep 25 09:31:26 localhost app-63:       com.untangle.uvm.AppManagerImpl$3.run(AppManagerImpl.java:1128)
Sep 25 09:31:26 localhost app-63:       com.untangle.uvm.UvmContextImpl$1.run(UvmContextImpl.java:654)
Sep 25 09:31:26 localhost app-63:       java.base/java.lang.Thread.run(Thread.java:834)
Sep 25 09:33:59 localhost app-63: [UnblockedSitesMonitor] <> INFO  UnblockedSitesMonitor initializing
Sep 25 09:33:59 localhost app-63: [AppBase] <> INFO  No valid license for: web-filter
Sep 25 09:33:59 localhost app-63: [AppBase] <> INFO  Requesting trial for: web-filter
Sep 25 09:34:44 localhost app-63: [AppBase] <> INFO  Starting   web-filter [63] ...
Sep 25 09:34:44 localhost app-63: [AppBase] <> INFO  Started    web-filter [63] ...
Sep 25 09:37:49 localhost app-63: [AppBase] <> INFO  Stopping   web-filter [63] ...
Sep 25 09:37:49 localhost app-63: [AppBase] <> INFO  Stopped    web-filter [63] ...
Sep 25 09:38:01 localhost app-63: [UnblockedSitesMonitor] <> INFO  UnblockedSitesMonitor initializing
Sep 25 09:38:02 localhost app-63: [AppBase] <> INFO  Starting   web-filter [63] ...
Sep 25 09:38:05 localhost app-63: [AppBase] <> INFO  Started    web-filter [63] ...
Sep 25 09:40:37 localhost app-63: [AppBase] <> INFO  Stopping   web-filter [63] ...
Sep 25 09:40:37 localhost app-63: [AppBase] <> INFO  Stopped    web-filter [63] ...
Sep 25 09:40:50 localhost app-63: [UnblockedSitesMonitor] <> INFO  UnblockedSitesMonitor initializing
Sep 25 09:40:50 localhost app-63: [AppBase] <> INFO  Starting   web-filter [63] ...
Sep 25 09:40:52 localhost app-63: [AppBase] <> INFO  Started    web-filter [63] ...
Sep 25 09:42:12 localhost app-63: [AppBase] <> INFO  Stopping   web-filter [63] ...
Sep 25 09:42:19 localhost app-63: [AppBase] <> INFO  Stopped    web-filter [63] ...
Sep 25 09:42:24 localhost app-63: [UnblockedSitesMonitor] <> INFO  UnblockedSitesMonitor initializing
Sep 25 09:42:25 localhost app-63: [AppBase] <> INFO  Starting   web-filter [63] ...
Sep 25 09:42:27 localhost app-63: [AppBase] <> INFO  Started    web-filter [63] ...
Sep 25 09:45:27 localhost app-63: [AppBase] <> INFO  Stopping   web-filter [63] ...
Sep 25 09:45:34 localhost app-63: [AppBase] <> INFO  Stopped    web-filter [63] ...
Sep 25 09:45:40 localhost app-63: [UnblockedSitesMonitor] <> INFO  UnblockedSitesMonitor initializing
Sep 25 09:45:41 localhost app-63: [AppBase] <> INFO  Starting   web-filter [63] ...
Sep 25 09:45:43 localhost app-63: [AppBase] <> INFO  Started    web-filter [63] ...
Sep 25 09:52:35 localhost app-63: [AppBase] <> INFO  Stopping   web-filter [63] ...
Sep 25 09:52:42 localhost app-63: [AppBase] <> INFO  Stopped    web-filter [63] ...
Sep 25 09:52:47 localhost app-63: [UnblockedSitesMonitor] <> INFO  UnblockedSitesMonitor initializing
Sep 25 09:52:48 localhost app-63: [AppBase] <> INFO  Starting   web-filter [63] ...
Sep 25 09:52:49 localhost app-63: [AppBase] <> INFO  Started    web-filter [63] ...
Sep 25 09:53:27 localhost app-63: [AppBase] <> INFO  Stopping   web-filter [63] ...
Sep 25 09:53:34 localhost app-63: [AppBase] <> INFO  Stopped    web-filter [63] ...
Sep 25 09:53:39 localhost app-63: [UnblockedSitesMonitor] <> INFO  UnblockedSitesMonitor initializing
Sep 25 09:53:40 localhost app-63: [AppBase] <> INFO  Starting   web-filter [63] ...
Sep 25 09:53:41 localhost app-63: [AppBase] <> INFO  Started    web-filter [63] ...
Sep 25 09:55:51 localhost app-63: [AppBase] <> INFO  Stopping   web-filter [63] ...
Sep 25 09:55:51 localhost app-63: [AppBase] <> INFO  Stopped    web-filter [63] ...
Sep 25 09:56:04 localhost app-63: [UnblockedSitesMonitor] <> INFO  UnblockedSitesMonitor initializing
Sep 25 09:56:05 localhost app-63: [AppBase] <> INFO  Starting   web-filter [63] ...
Sep 25 09:56:06 localhost app-63: [AppBase] <> INFO  Started    web-filter [63] ...
Sep 25 09:56:31 localhost app-63: [AppBase] <> INFO  Stopping   web-filter [63] ...
Sep 25 09:56:38 localhost app-63: [AppBase] <> INFO  Stopped    web-filter [63] ...
Sep 25 09:56:45 localhost app-63: [UnblockedSitesMonitor] <> INFO  UnblockedSitesMonitor initializing
Sep 25 09:56:46 localhost app-63: [AppBase] <> INFO  Starting   web-filter [63] ...
Sep 25 09:56:47 localhost app-63: [AppBase] <> INFO  Started    web-filter [63] ...
Sep 25 09:57:56 localhost app-63: [AppBase] <> INFO  Stopping   web-filter [63] ...
Sep 25 09:58:04 localhost app-63: [AppBase] <> INFO  Stopped    web-filter [63] ...
Sep 25 09:58:09 localhost app-63: [UnblockedSitesMonitor] <> INFO  UnblockedSitesMonitor initializing
Sep 25 09:58:09 localhost app-63: [AppBase] <> INFO  Starting   web-filter [63] ...
Sep 25 09:58:11 localhost app-63: [AppBase] <> INFO  Started    web-filter [63] ...
Sep 25 09:59:18 localhost app-63: [AppBase] <> INFO  Stopping   web-filter [63] ...
Sep 25 09:59:25 localhost app-63: [AppBase] <> INFO  Stopped    web-filter [63] ...
Sep 25 09:59:30 localhost app-63: [UnblockedSitesMonitor] <> INFO  UnblockedSitesMonitor initializing
Sep 25 09:59:31 localhost app-63: [AppBase] <> INFO  Starting   web-filter [63] ...
Sep 25 09:59:32 localhost app-63: [AppBase] <> INFO  Started    web-filter [63] ...
Sep 25 10:00:26 localhost app-63: [AppBase] <> INFO  Stopping   web-filter [63] ...
Sep 25 10:00:33 localhost app-63: [AppBase] <> INFO  Stopped    web-filter [63] ...
Sep 25 10:00:38 localhost app-63: [UnblockedSitesMonitor] <> INFO  UnblockedSitesMonitor initializing
Sep 25 10:00:40 localhost app-63: [AppBase] <> INFO  Starting   web-filter [63] ...
Sep 25 10:00:44 localhost app-63: [AppBase] <> INFO  Started    web-filter [63] ...
Sep 25 10:02:52 localhost app-63: [AppBase] <> INFO  Stopping   web-filter [63] ...
Sep 25 10:02:59 localhost app-63: [AppBase] <> INFO  Stopped    web-filter [63] ...
Sep 25 10:03:04 localhost app-63: [UnblockedSitesMonitor] <> INFO  UnblockedSitesMonitor initializing
Sep 25 10:03:05 localhost app-63: [AppBase] <> INFO  Starting   web-filter [63] ...
Sep 25 10:03:06 localhost app-63: [AppBase] <> INFO  Started    web-filter [63] ...
Sep 25 10:06:10 localhost app-63: [AppBase] <> INFO  Stopping   web-filter [63] ...
Sep 25 10:06:17 localhost app-63: [AppBase] <> INFO  Stopped    web-filter [63] ...
Sep 25 10:06:29 localhost app-63: [UnblockedSitesMonitor] <> INFO  UnblockedSitesMonitor initializing
Sep 25 10:06:30 localhost app-63: [AppBase] <> INFO  Starting   web-filter [63] ...
Sep 25 10:06:32 localhost app-63: [AppBase] <> INFO  Started    web-filter [63] ...
Sep 25 10:08:15 localhost app-63: [AppBase] <> INFO  Stopping   web-filter [63] ...
Sep 25 10:08:22 localhost app-63: [AppBase] <> INFO  Stopped    web-filter [63] ...
Sep 25 10:08:34 localhost app-63: [UnblockedSitesMonitor] <> INFO  UnblockedSitesMonitor initializing
Sep 25 10:08:35 localhost app-63: [AppBase] <> INFO  Starting   web-filter [63] ...
Sep 25 10:08:39 localhost app-63: [AppBase] <> INFO  Started    web-filter [63] ...
Sep 25 10:12:53 localhost app-63: [AppBase] <> INFO  Stopping   web-filter [63] ...
Sep 25 10:13:00 localhost app-63: [AppBase] <> INFO  Stopped    web-filter [63] ...
Sep 25 10:13:07 localhost app-63: [UnblockedSitesMonitor] <> INFO  UnblockedSitesMonitor initializing
Sep 25 10:13:08 localhost app-63: [AppBase] <> INFO  Starting   web-filter [63] ...
Sep 25 10:13:10 localhost app-63: [AppBase] <> INFO  Started    web-filter [63] ...
Sep 25 10:15:10 localhost app-63: [AppBase] <> INFO  Stopping   web-filter [63] ...
Sep 25 10:15:10 localhost app-63: [AppBase] <> INFO  Stopped    web-filter [63] ...
Sep 25 10:15:24 localhost app-63: [UnblockedSitesMonitor] <> INFO  UnblockedSitesMonitor initializing
Sep 25 10:15:25 localhost app-63: [AppBase] <> INFO  Starting   web-filter [63] ...
Sep 25 10:15:27 localhost app-63: [AppBase] <> INFO  Started    web-filter [63] ...
Sep 25 10:16:42 localhost app-63: [AppBase] <> INFO  Stopping   web-filter [63] ...
Sep 25 10:16:49 localhost app-63: [AppBase] <> INFO  Stopped    web-filter [63] ...
Sep 25 10:16:56 localhost app-63: [UnblockedSitesMonitor] <> INFO  UnblockedSitesMonitor initializing
Sep 25 10:16:57 localhost app-63: [AppBase] <> INFO  Starting   web-filter [63] ...
Sep 25 10:16:57 localhost app-63: [AppBase] <> INFO  Started    web-filter [63] ...
Sep 25 10:30:22 localhost app-63: [AppBase] <> INFO  Stopping   web-filter [63] ...
Sep 25 10:30:30 localhost app-63: [AppBase] <> INFO  Stopped    web-filter [63] ...
Sep 25 10:30:35 localhost app-63: [UnblockedSitesMonitor] <> INFO  UnblockedSitesMonitor initializing
Sep 25 10:30:36 localhost app-63: [AppBase] <> INFO  Starting   web-filter [63] ...
Sep 25 10:30:38 localhost app-63: [AppBase] <> INFO  Started    web-filter [63] ...
Sep 25 10:34:13 localhost app-63: [AppBase] <> INFO  Stopping   web-filter [63] ...
Sep 25 10:34:13 localhost app-63: [AppBase] <> INFO  Stopped    web-filter [63] ...
Sep 25 10:34:26 localhost app-63: [UnblockedSitesMonitor] <> INFO  UnblockedSitesMonitor initializing
Sep 25 10:34:27 localhost app-63: [AppBase] <> INFO  Starting   web-filter [63] ...
Sep 25 10:34:28 localhost app-63: [AppBase] <> INFO  Started    web-filter [63] ...
Sep 25 10:37:00 localhost app-63: [AppBase] <> INFO  Stopping   web-filter [63] ...
Sep 25 10:37:07 localhost app-63: [AppBase] <> INFO  Stopped    web-filter [63] ...
Sep 25 10:37:14 localhost app-63: [UnblockedSitesMonitor] <> INFO  UnblockedSitesMonitor initializing
Sep 25 10:37:16 localhost app-63: [AppBase] <> INFO  Starting   web-filter [63] ...
Sep 25 10:37:18 localhost app-63: [AppBase] <> INFO  Started    web-filter [63] ...
Sep 25 10:41:44 localhost app-63: [AppBase] <> INFO  Stopping   web-filter [63] ...
Sep 25 10:41:44 localhost app-63: [AppBase] <> INFO  Stopped    web-filter [63] ...
Sep 25 10:41:57 localhost app-63: [UnblockedSitesMonitor] <> INFO  UnblockedSitesMonitor initializing
Sep 25 10:41:59 localhost app-63: [AppBase] <> INFO  Starting   web-filter [63] ...
Sep 25 10:42:00 localhost app-63: [AppBase] <> INFO  Started    web-filter [63] ...
Sep 25 10:44:34 localhost app-63: [AppBase] <> INFO  Stopping   web-filter [63] ...
Sep 25 10:44:35 localhost app-63: [AppBase] <> INFO  Stopped    web-filter [63] ...
Sep 25 10:44:48 localhost app-63: [UnblockedSitesMonitor] <> INFO  UnblockedSitesMonitor initializing
Sep 25 10:44:50 localhost app-63: [AppBase] <> INFO  Starting   web-filter [63] ...
Sep 25 10:44:51 localhost app-63: [AppBase] <> INFO  Started    web-filter [63] ...
Sep 25 11:00:55 localhost app-63: [AppBase] <> INFO  Stopping   web-filter [63] ...
Sep 25 11:01:02 localhost app-63: [AppBase] <> INFO  Stopped    web-filter [63] ...
Sep 25 11:01:08 localhost app-63: [UnblockedSitesMonitor] <> INFO  UnblockedSitesMonitor initializing
Sep 25 11:01:09 localhost app-63: [AppBase] <> INFO  Starting   web-filter [63] ...
Sep 25 11:01:11 localhost app-63: [AppBase] <> INFO  Started    web-filter [63] ...
Sep 25 11:02:37 localhost app-63: [AppBase] <> INFO  Stopping   web-filter [63] ...
Sep 25 11:02:37 localhost app-63: [AppBase] <> INFO  Stopped    web-filter [63] ...
Sep 25 11:02:49 localhost app-63: [UnblockedSitesMonitor] <> INFO  UnblockedSitesMonitor initializing
Sep 25 11:02:50 localhost app-63: [AppBase] <> INFO  Starting   web-filter [63] ...
Sep 25 11:02:51 localhost app-63: [AppBase] <> INFO  Started    web-filter [63] ...
Sep 25 11:03:21 localhost app-63: [AppBase] <> INFO  Stopping   web-filter [63] ...
Sep 25 11:03:28 localhost app-63: [AppBase] <> INFO  Stopped    web-filter [63] ...
Sep 25 11:03:33 localhost app-63: [UnblockedSitesMonitor] <> INFO  UnblockedSitesMonitor initializing
Sep 25 11:03:33 localhost app-63: [AppBase] <> INFO  Starting   web-filter [63] ...
Sep 25 11:03:35 localhost app-63: [AppBase] <> INFO  Started    web-filter [63] ...
Sep 25 12:20:01 localhost app-63: [AppBase] <> INFO  Stopping   web-filter [63] ...
Sep 25 12:20:01 localhost app-63: [AppBase] <> INFO  Stopped    web-filter [63] ...
Sep 25 12:20:14 localhost app-63: [UnblockedSitesMonitor] <> INFO  UnblockedSitesMonitor initializing
Sep 25 12:20:15 localhost app-63: [AppBase] <> INFO  Starting   web-filter [63] ...
Sep 25 12:20:16 localhost app-63: [AppBase] <> INFO  Started    web-filter [63] ...
Sep 25 12:21:45 localhost app-63: [AppBase] <> INFO  Stopping   web-filter [63] ...
Sep 25 12:21:52 localhost app-63: [AppBase] <> INFO  Stopped    web-filter [63] ...
Sep 25 12:21:57 localhost app-63: [UnblockedSitesMonitor] <> INFO  UnblockedSitesMonitor initializing
Sep 25 12:21:58 localhost app-63: [AppBase] <> INFO  Starting   web-filter [63] ...
Sep 25 12:21:58 localhost app-63: [AppBase] <> INFO  Started    web-filter [63] ...
Sep 25 12:22:38 localhost app-63: [AppBase] <> INFO  Stopping   web-filter [63] ...
Sep 25 12:22:45 localhost app-63: [AppBase] <> INFO  Stopped    web-filter [63] ...
Sep 25 12:22:50 localhost app-63: [UnblockedSitesMonitor] <> INFO  UnblockedSitesMonitor initializing
Sep 25 12:22:51 localhost app-63: [AppBase] <> INFO  Starting   web-filter [63] ...
Sep 25 12:22:52 localhost app-63: [AppBase] <> INFO  Started    web-filter [63] ...
Sep 25 12:23:34 localhost app-63: [AppBase] <> INFO  Stopping   web-filter [63] ...
Sep 25 12:23:41 localhost app-63: [AppBase] <> INFO  Stopped    web-filter [63] ...
Sep 25 12:23:48 localhost app-63: [UnblockedSitesMonitor] <> INFO  UnblockedSitesMonitor initializing
Sep 25 12:23:49 localhost app-63: [AppBase] <> INFO  Starting   web-filter [63] ...
Sep 25 12:23:51 localhost app-63: [AppBase] <> INFO  Started    web-filter [63] ...
Sep 25 12:24:19 localhost app-63: [AppBase] <> INFO  Stopping   web-filter [63] ...
Sep 25 12:24:26 localhost app-63: [AppBase] <> INFO  Stopped    web-filter [63] ...
Sep 25 12:24:31 localhost app-63: [UnblockedSitesMonitor] <> INFO  UnblockedSitesMonitor initializing
Sep 25 12:24:32 localhost app-63: [AppBase] <> INFO  Starting   web-filter [63] ...
Sep 25 12:24:33 localhost app-63: [AppBase] <> INFO  Started    web-filter [63] ...
Sep 25 12:25:58 localhost app-63: [AppBase] <> INFO  Stopping   web-filter [63] ...
Sep 25 12:25:58 localhost app-63: [AppBase] <> INFO  Stopped    web-filter [63] ...
Sep 25 12:26:11 localhost app-63: [UnblockedSitesMonitor] <> INFO  UnblockedSitesMonitor initializing
Sep 25 12:26:12 localhost app-63: [AppBase] <> INFO  Starting   web-filter [63] ...
Sep 25 12:26:14 localhost app-63: [AppBase] <> INFO  Started    web-filter [63] ...
Sep 25 12:26:50 localhost app-63: [AppBase] <> INFO  Stopping   web-filter [63] ...
Sep 25 12:26:57 localhost app-63: [AppBase] <> INFO  Stopped    web-filter [63] ...
Sep 25 12:27:03 localhost app-63: [UnblockedSitesMonitor] <> INFO  UnblockedSitesMonitor initializing
Sep 25 12:27:04 localhost app-63: [AppBase] <> INFO  Starting   web-filter [63] ...
Sep 25 12:27:05 localhost app-63: [AppBase] <> INFO  Started    web-filter [63] ...
Sep 25 13:12:18 localhost app-63: [AppBase] <> INFO  Stopping   web-filter [63] ...
Sep 25 13:12:18 localhost app-63: [AppBase] <> INFO  Stopped    web-filter [63] ...
Sep 25 13:12:31 localhost app-63: [UnblockedSitesMonitor] <> INFO  UnblockedSitesMonitor initializing
Sep 25 13:12:32 localhost app-63: [AppBase] <> INFO  Starting   web-filter [63] ...
Sep 25 13:12:34 localhost app-63: [AppBase] <> INFO  Started    web-filter [63] ...
Sep 25 13:14:47 localhost app-63: [AppBase] <> INFO  Stopping   web-filter [63] ...
Sep 25 13:14:47 localhost app-63: [AppBase] <> INFO  Stopped    web-filter [63] ...
Sep 25 13:14:56 localhost app-63: [UnblockedSitesMonitor] <> INFO  UnblockedSitesMonitor initializing
Sep 25 13:14:57 localhost app-63: [AppBase] <> INFO  Starting   web-filter [63] ...
Sep 25 13:14:58 localhost app-63: [AppBase] <> INFO  Started    web-filter [63] ...
Sep 25 13:22:15 localhost app-63: [AppBase] <> INFO  Stopping   web-filter [63] ...
Sep 25 13:22:22 localhost app-63: [AppBase] <> INFO  Stopped    web-filter [63] ...
Oct  2 08:05:01 localhost app-63: [UnblockedSitesMonitor] <> INFO  UnblockedSitesMonitor initializing
Oct  2 08:05:03 localhost app-63: [AppBase] <> INFO  Starting   web-filter [63] ...
Oct  2 08:05:07 localhost app-63: [AppBase] <> INFO  Started    web-filter [63] ...
Oct 14 08:37:29 localhost app-63: [UnblockedSitesMonitor] <> INFO  UnblockedSitesMonitor initializing
Oct 14 08:37:29 localhost app-63: [AppBase] <> INFO  No valid license for: web-filter
Oct 14 08:37:29 localhost app-63: [AppBase] <> INFO  Requesting trial for: web-filter
Oct 14 08:38:04 localhost app-63: [AppBase] <> INFO  Starting   web-filter [63] ...
Oct 14 08:38:04 localhost app-63: [AppBase] <> WARN  Exception in preStart(). Reverting to INITIALIZED state.
Oct 14 08:38:04 localhost app-63:       java.lang.RuntimeException: invalid license
Oct 14 08:38:04 localhost app-63:       com.untangle.app.web_filter.WebFilterApp.preStart(WebFilterApp.java:119)
Oct 14 08:38:04 localhost app-63:       com.untangle.uvm.app.AppBase.start(AppBase.java:909)
Oct 14 08:38:04 localhost app-63:       com.untangle.uvm.app.AppBase.resumeState(AppBase.java:246)
Oct 14 08:38:04 localhost app-63:       com.untangle.uvm.app.AppBase.loadClass(AppBase.java:373)
Oct 14 08:38:04 localhost app-63:       com.untangle.uvm.AppManagerImpl$3.run(AppManagerImpl.java:1128)
Oct 14 08:38:04 localhost app-63:       com.untangle.uvm.UvmContextImpl$1.run(UvmContextImpl.java:654)
Oct 14 08:38:04 localhost app-63:       java.base/java.lang.Thread.run(Thread.java:834)
Oct 14 16:44:31 localhost app-63: [UnblockedSitesMonitor] <> INFO  UnblockedSitesMonitor initializing
Oct 14 16:44:31 localhost app-63: [AppBase] <> INFO  No valid license for: web-filter
Oct 14 16:44:31 localhost app-63: [AppBase] <> INFO  Requesting trial for: web-filter
Oct 14 16:44:42 localhost app-63: [AppBase] <> INFO  Starting   web-filter [63] ...
Oct 14 16:44:42 localhost app-63: [AppBase] <> WARN  Exception in preStart(). Reverting to INITIALIZED state.
Oct 14 16:44:42 localhost app-63:       java.lang.RuntimeException: invalid license
Oct 14 16:44:42 localhost app-63:       com.untangle.app.web_filter.WebFilterApp.preStart(WebFilterApp.java:119)
Oct 14 16:44:42 localhost app-63:       com.untangle.uvm.app.AppBase.start(AppBase.java:909)
Oct 14 16:44:42 localhost app-63:       com.untangle.uvm.app.AppBase.resumeState(AppBase.java:246)
Oct 14 16:44:42 localhost app-63:       com.untangle.uvm.app.AppBase.loadClass(AppBase.java:373)
Oct 14 16:44:42 localhost app-63:       com.untangle.uvm.AppManagerImpl$3.run(AppManagerImpl.java:1128)
Oct 14 16:44:42 localhost app-63:       com.untangle.uvm.UvmContextImpl$1.run(UvmContextImpl.java:654)
Oct 14 16:44:42 localhost app-63:       java.base/java.lang.Thread.run(Thread.java:834)
Oct 15 12:41:37 localhost app-63: [UnblockedSitesMonitor] <> INFO  UnblockedSitesMonitor initializing
Oct 15 12:41:37 localhost app-63: [AppBase] <> INFO  No valid license for: web-filter
Oct 15 12:41:37 localhost app-63: [AppBase] <> INFO  Requesting trial for: web-filter
Oct 15 12:42:11 localhost app-63: [AppBase] <> INFO  Starting   web-filter [63] ...
Oct 15 12:42:11 localhost app-63: [AppBase] <> WARN  Exception in preStart(). Reverting to INITIALIZED state.
Oct 15 12:42:11 localhost app-63:       java.lang.RuntimeException: invalid license
Oct 15 12:42:11 localhost app-63:       com.untangle.app.web_filter.WebFilterApp.preStart(WebFilterApp.java:119)
Oct 15 12:42:11 localhost app-63:       com.untangle.uvm.app.AppBase.start(AppBase.java:909)
Oct 15 12:42:11 localhost app-63:       com.untangle.uvm.app.AppBase.resumeState(AppBase.java:246)
Oct 15 12:42:11 localhost app-63:       com.untangle.uvm.app.AppBase.loadClass(AppBase.java:373)
Oct 15 12:42:11 localhost app-63:       com.untangle.uvm.AppManagerImpl$3.run(AppManagerImpl.java:1128)
Oct 15 12:42:11 localhost app-63:       com.untangle.uvm.UvmContextImpl$1.run(UvmContextImpl.java:654)
Oct 15 12:42:11 localhost app-63:       java.base/java.lang.Thread.run(Thread.java:834)
Oct 22 09:42:23 localhost app-63: [UnblockedSitesMonitor] <> INFO  UnblockedSitesMonitor initializing
Oct 22 09:42:23 localhost app-63: [AppBase] <> INFO  No valid license for: web-filter
Oct 22 09:42:23 localhost app-63: [AppBase] <> INFO  Requesting trial for: web-filter
Oct 22 09:43:00 localhost app-63: [AppBase] <> INFO  Starting   web-filter [63] ...
Oct 22 09:43:00 localhost app-63: [AppBase] <> WARN  Exception in preStart(). Reverting to INITIALIZED state.
Oct 22 09:43:00 localhost app-63:       java.lang.RuntimeException: invalid license
Oct 22 09:43:00 localhost app-63:       com.untangle.app.web_filter.WebFilterApp.preStart(WebFilterApp.java:119)
Oct 22 09:43:00 localhost app-63:       com.untangle.uvm.app.AppBase.start(AppBase.java:909)
Oct 22 09:43:00 localhost app-63:       com.untangle.uvm.app.AppBase.resumeState(AppBase.java:246)
Oct 22 09:43:00 localhost app-63:       com.untangle.uvm.app.AppBase.loadClass(AppBase.java:373)
Oct 22 09:43:00 localhost app-63:       com.untangle.uvm.AppManagerImpl$3.run(AppManagerImpl.java:1128)
Oct 22 09:43:00 localhost app-63:       com.untangle.uvm.UvmContextImpl$1.run(UvmContextImpl.java:654)
Oct 22 09:43:00 localhost app-63:       java.base/java.lang.Thread.run(Thread.java:834)
Nov 11 11:26:12 localhost app-63: [UnblockedSitesMonitor] <> INFO  UnblockedSitesMonitor initializing
Nov 11 11:26:12 localhost app-63: [AppBase] <> INFO  No valid license for: web-filter
Nov 11 11:26:12 localhost app-63: [AppBase] <> INFO  Requesting trial for: web-filter
Nov 11 11:26:45 localhost app-63: [AppBase] <> INFO  Starting   web-filter [63] ...
Nov 11 11:26:45 localhost app-63: [AppBase] <> WARN  Exception in preStart(). Reverting to INITIALIZED state.
Nov 11 11:26:45 localhost app-63:       java.lang.RuntimeException: invalid license
Nov 11 11:26:45 localhost app-63:       com.untangle.app.web_filter.WebFilterApp.preStart(WebFilterApp.java:119)
Nov 11 11:26:45 localhost app-63:       com.untangle.uvm.app.AppBase.start(AppBase.java:909)
Nov 11 11:26:45 localhost app-63:       com.untangle.uvm.app.AppBase.resumeState(AppBase.java:246)
Nov 11 11:26:45 localhost app-63:       com.untangle.uvm.app.AppBase.loadClass(AppBase.java:373)
Nov 11 11:26:45 localhost app-63:       com.untangle.uvm.AppManagerImpl$3.run(AppManagerImpl.java:1128)
Nov 11 11:26:45 localhost app-63:       com.untangle.uvm.UvmContextImpl$1.run(UvmContextImpl.java:654)
Nov 11 11:26:45 localhost app-63:       java.base/java.lang.Thread.run(Thread.java:834)
Nov 17 12:18:02 localhost app-63: [UnblockedSitesMonitor] <> INFO  UnblockedSitesMonitor initializing
Nov 17 12:18:02 localhost app-63: [AppBase] <> INFO  No valid license for: web-filter
Nov 17 12:18:02 localhost app-63: [AppBase] <> INFO  Requesting trial for: web-filter
Nov 17 12:18:29 localhost app-63: [AppBase] <> INFO  Starting   web-filter [63] ...
Nov 17 12:18:29 localhost app-63: [AppBase] <> WARN  Exception in preStart(). Reverting to INITIALIZED state.
Nov 17 12:18:29 localhost app-63:       java.lang.RuntimeException: invalid license
Nov 17 12:18:29 localhost app-63:       com.untangle.app.web_filter.WebFilterApp.preStart(WebFilterApp.java:119)
Nov 17 12:18:29 localhost app-63:       com.untangle.uvm.app.AppBase.start(AppBase.java:909)
Nov 17 12:18:29 localhost app-63:       com.untangle.uvm.app.AppBase.resumeState(AppBase.java:246)
Nov 17 12:18:29 localhost app-63:       com.untangle.uvm.app.AppBase.loadClass(AppBase.java:373)
Nov 17 12:18:29 localhost app-63:       com.untangle.uvm.AppManagerImpl$3.run(AppManagerImpl.java:1128)
Nov 17 12:18:29 localhost app-63:       com.untangle.uvm.UvmContextImpl$1.run(UvmContextImpl.java:654)
Nov 17 12:18:29 localhost app-63:       java.base/java.lang.Thread.run(Thread.java:834)
Nov 17 12:19:34 localhost app-63: [UnblockedSitesMonitor] <> INFO  UnblockedSitesMonitor initializing
Nov 17 12:19:34 localhost app-63: [AppBase] <> INFO  No valid license for: web-filter
Nov 17 12:19:34 localhost app-63: [AppBase] <> INFO  Requesting trial for: web-filter
Nov 17 12:19:56 localhost app-63: [AppBase] <> INFO  Starting   web-filter [63] ...
Nov 17 12:19:56 localhost app-63: [AppBase] <> WARN  Exception in preStart(). Reverting to INITIALIZED state.
Nov 17 12:19:56 localhost app-63:       java.lang.RuntimeException: invalid license
Nov 17 12:19:56 localhost app-63:       com.untangle.app.web_filter.WebFilterApp.preStart(WebFilterApp.java:119)
Nov 17 12:19:56 localhost app-63:       com.untangle.uvm.app.AppBase.start(AppBase.java:909)
Nov 17 12:19:56 localhost app-63:       com.untangle.uvm.app.AppBase.resumeState(AppBase.java:246)
Nov 17 12:19:56 localhost app-63:       com.untangle.uvm.app.AppBase.loadClass(AppBase.java:373)
Nov 17 12:19:56 localhost app-63:       com.untangle.uvm.AppManagerImpl$3.run(AppManagerImpl.java:1128)
Nov 17 12:19:56 localhost app-63:       com.untangle.uvm.UvmContextImpl$1.run(UvmContextImpl.java:654)
Nov 17 12:19:56 localhost app-63:       java.base/java.lang.Thread.run(Thread.java:834)
Nov 23 17:33:52 localhost app-63: [UnblockedSitesMonitor] <> INFO  UnblockedSitesMonitor initializing
Nov 23 17:33:53 localhost app-63: [AppBase] <> INFO  No valid license for: web-filter
Nov 23 17:33:53 localhost app-63: [AppBase] <> INFO  Requesting trial for: web-filter
Nov 23 17:34:20 localhost app-63: [AppBase] <> INFO  Starting   web-filter [63] ...
Nov 23 17:34:20 localhost app-63: [AppBase] <> WARN  Exception in preStart(). Reverting to INITIALIZED state.
Nov 23 17:34:20 localhost app-63:       java.lang.RuntimeException: invalid license
Nov 23 17:34:20 localhost app-63:       com.untangle.app.web_filter.WebFilterApp.preStart(WebFilterApp.java:119)
Nov 23 17:34:20 localhost app-63:       com.untangle.uvm.app.AppBase.start(AppBase.java:909)
Nov 23 17:34:20 localhost app-63:       com.untangle.uvm.app.AppBase.resumeState(AppBase.java:246)
Nov 23 17:34:20 localhost app-63:       com.untangle.uvm.app.AppBase.loadClass(AppBase.java:373)
Nov 23 17:34:20 localhost app-63:       com.untangle.uvm.AppManagerImpl$3.run(AppManagerImpl.java:1128)
Nov 23 17:34:20 localhost app-63:       com.untangle.uvm.UvmContextImpl$1.run(UvmContextImpl.java:654)
Nov 23 17:34:20 localhost app-63:       java.base/java.lang.Thread.run(Thread.java:834)
Nov 23 18:13:22 localhost app-63: [UnblockedSitesMonitor] <> INFO  UnblockedSitesMonitor initializing
Nov 23 18:13:22 localhost app-63: [AppBase] <> INFO  No valid license for: web-filter
Nov 23 18:13:22 localhost app-63: [AppBase] <> INFO  Requesting trial for: web-filter
Nov 23 18:13:54 localhost app-63: [AppBase] <> INFO  Starting   web-filter [63] ...
Nov 23 18:13:54 localhost app-63: [AppBase] <> WARN  Exception in preStart(). Reverting to INITIALIZED state.
Nov 23 18:13:54 localhost app-63:       java.lang.RuntimeException: invalid license
Nov 23 18:13:54 localhost app-63:       com.untangle.app.web_filter.WebFilterApp.preStart(WebFilterApp.java:119)
Nov 23 18:13:54 localhost app-63:       com.untangle.uvm.app.AppBase.start(AppBase.java:909)
Nov 23 18:13:54 localhost app-63:       com.untangle.uvm.app.AppBase.resumeState(AppBase.java:246)
Nov 23 18:13:54 localhost app-63:       com.untangle.uvm.app.AppBase.loadClass(AppBase.java:373)
Nov 23 18:13:54 localhost app-63:       com.untangle.uvm.AppManagerImpl$3.run(AppManagerImpl.java:1128)
Nov 23 18:13:54 localhost app-63:       com.untangle.uvm.UvmContextImpl$1.run(UvmContextImpl.java:654)
Nov 23 18:13:54 localhost app-63:       java.base/java.lang.Thread.run(Thread.java:834)
Nov 24 08:49:12 localhost app-63: [UnblockedSitesMonitor] <> INFO  UnblockedSitesMonitor initializing
Nov 24 08:49:12 localhost app-63: [AppBase] <> INFO  No valid license for: web-filter
Nov 24 08:49:12 localhost app-63: [AppBase] <> INFO  Requesting trial for: web-filter
Nov 24 08:49:39 localhost app-63: [AppBase] <> INFO  Starting   web-filter [63] ...
Nov 24 08:49:39 localhost app-63: [AppBase] <> WARN  Exception in preStart(). Reverting to INITIALIZED state.
Nov 24 08:49:39 localhost app-63:       java.lang.RuntimeException: invalid license
Nov 24 08:49:39 localhost app-63:       com.untangle.app.web_filter.WebFilterApp.preStart(WebFilterApp.java:119)
Nov 24 08:49:39 localhost app-63:       com.untangle.uvm.app.AppBase.start(AppBase.java:909)
Nov 24 08:49:39 localhost app-63:       com.untangle.uvm.app.AppBase.resumeState(AppBase.java:246)
Nov 24 08:49:39 localhost app-63:       com.untangle.uvm.app.AppBase.loadClass(AppBase.java:373)
Nov 24 08:49:39 localhost app-63:       com.untangle.uvm.AppManagerImpl$3.run(AppManagerImpl.java:1128)
Nov 24 08:49:39 localhost app-63:       com.untangle.uvm.UvmContextImpl$1.run(UvmContextImpl.java:654)
Nov 24 08:49:39 localhost app-63:       java.base/java.lang.Thread.run(Thread.java:834)
Dec  7 11:06:22 localhost app-63: [UnblockedSitesMonitor] <> INFO  UnblockedSitesMonitor initializing
Dec  7 11:06:23 localhost app-63: [AppBase] <> INFO  No valid license for: web-filter
Dec  7 11:06:23 localhost app-63: [AppBase] <> INFO  Requesting trial for: web-filter
Dec  7 11:06:48 localhost app-63: [AppBase] <> INFO  Starting   web-filter [63] ...
Dec  7 11:06:48 localhost app-63: [AppBase] <> WARN  Exception in preStart(). Reverting to INITIALIZED state.
Dec  7 11:06:48 localhost app-63:       java.lang.RuntimeException: invalid license
Dec  7 11:06:48 localhost app-63:       com.untangle.app.web_filter.WebFilterApp.preStart(WebFilterApp.java:119)
Dec  7 11:06:48 localhost app-63:       com.untangle.uvm.app.AppBase.start(AppBase.java:909)
Dec  7 11:06:48 localhost app-63:       com.untangle.uvm.app.AppBase.resumeState(AppBase.java:246)
Dec  7 11:06:48 localhost app-63:       com.untangle.uvm.app.AppBase.loadClass(AppBase.java:373)
Dec  7 11:06:48 localhost app-63:       com.untangle.uvm.AppManagerImpl$3.run(AppManagerImpl.java:1128)
Dec  7 11:06:48 localhost app-63:       com.untangle.uvm.UvmContextImpl$1.run(UvmContextImpl.java:654)
Dec  7 11:06:48 localhost app-63:       java.base/java.lang.Thread.run(Thread.java:834)
Dec  9 10:53:53 localhost app-63: [UnblockedSitesMonitor] <> INFO  UnblockedSitesMonitor initializing
Dec  9 10:53:53 localhost app-63: [AppBase] <> INFO  No valid license for: web-filter
Dec  9 10:53:53 localhost app-63: [AppBase] <> INFO  Requesting trial for: web-filter
Dec  9 10:54:32 localhost app-63: [AppBase] <> INFO  Starting   web-filter [63] ...
Dec  9 10:54:32 localhost app-63: [AppBase] <> WARN  Exception in preStart(). Reverting to INITIALIZED state.
Dec  9 10:54:32 localhost app-63:       java.lang.RuntimeException: invalid license
Dec  9 10:54:32 localhost app-63:       com.untangle.app.web_filter.WebFilterApp.preStart(WebFilterApp.java:119)
Dec  9 10:54:32 localhost app-63:       com.untangle.uvm.app.AppBase.start(AppBase.java:909)
Dec  9 10:54:32 localhost app-63:       com.untangle.uvm.app.AppBase.resumeState(AppBase.java:246)
Dec  9 10:54:32 localhost app-63:       com.untangle.uvm.app.AppBase.loadClass(AppBase.java:373)
Dec  9 10:54:32 localhost app-63:       com.untangle.uvm.AppManagerImpl$3.run(AppManagerImpl.java:1128)
Dec  9 10:54:32 localhost app-63:       com.untangle.uvm.UvmContextImpl$1.run(UvmContextImpl.java:654)
Dec  9 10:54:32 localhost app-63:       java.base/java.lang.Thread.run(Thread.java:834)
Dec  9 14:27:33 localhost app-63: [UnblockedSitesMonitor] <> INFO  UnblockedSitesMonitor initializing
Dec  9 14:27:33 localhost app-63: [AppBase] <> INFO  No valid license for: web-filter
Dec  9 14:27:33 localhost app-63: [AppBase] <> INFO  Requesting trial for: web-filter
Dec  9 14:28:07 localhost app-63: [AppBase] <> INFO  Starting   web-filter [63] ...
Dec  9 14:28:07 localhost app-63: [AppBase] <> WARN  Exception in preStart(). Reverting to INITIALIZED state.
Dec  9 14:28:07 localhost app-63:       java.lang.RuntimeException: invalid license
Dec  9 14:28:07 localhost app-63:       com.untangle.app.web_filter.WebFilterApp.preStart(WebFilterApp.java:119)
Dec  9 14:28:07 localhost app-63:       com.untangle.uvm.app.AppBase.start(AppBase.java:909)
Dec  9 14:28:07 localhost app-63:       com.untangle.uvm.app.AppBase.resumeState(AppBase.java:246)
Dec  9 14:28:07 localhost app-63:       com.untangle.uvm.app.AppBase.loadClass(AppBase.java:373)
Dec  9 14:28:07 localhost app-63:       com.untangle.uvm.AppManagerImpl$3.run(AppManagerImpl.java:1128)
Dec  9 14:28:07 localhost app-63:       com.untangle.uvm.UvmContextImpl$1.run(UvmContextImpl.java:654)
Dec  9 14:28:07 localhost app-63:       java.base/java.lang.Thread.run(Thread.java:834)
