Apr  6 08:52:21 localhost app-41: [UnblockedSitesMonitor] <> INFO  UnblockedSitesMonitor initializing
Apr  6 08:52:21 localhost app-41: [WebFilterBase] <> WARN  No settings found - Initializing new settings.
Apr  6 08:52:21 localhost app-41: [WebFilterBase] <> INFO  Adding Category: ( 0, Uncategorized, false, false )
Apr  6 08:52:21 localhost app-41: [WebFilterBase] <> INFO  Adding Category: ( 1, Real Estate, false, false )
Apr  6 08:52:21 localhost app-41: [WebFilterBase] <> INFO  Adding Category: ( 2, Computer and Internet Security, false, false )
Apr  6 08:52:21 localhost app-41: [WebFilterBase] <> INFO  Adding Category: ( 3, Financial Services, false, false )
Apr  6 08:52:21 localhost app-41: [WebFilterBase] <> INFO  Adding Category: ( 4, Business and Economy, false, false )
Apr  6 08:52:21 localhost app-41: [WebFilterBase] <> INFO  Adding Category: ( 5, Computer and Internet Info, false, false )
Apr  6 08:52:21 localhost app-41: [WebFilterBase] <> INFO  Adding Category: ( 6, Auctions, false, false )
Apr  6 08:52:21 localhost app-41: [WebFilterBase] <> INFO  Adding Category: ( 7, Shopping, false, false )
Apr  6 08:52:21 localhost app-41: [WebFilterBase] <> INFO  Adding Category: ( 8, Cult and Occult, false, false )
Apr  6 08:52:21 localhost app-41: [WebFilterBase] <> INFO  Adding Category: ( 9, Travel, false, false )
Apr  6 08:52:21 localhost app-41: [WebFilterBase] <> INFO  Adding Category: ( 10, Abused Drugs, false, false )
Apr  6 08:52:21 localhost app-41: [WebFilterBase] <> INFO  Adding Category: ( 11, Adult and Pornography, true, true )
Apr  6 08:52:21 localhost app-41: [WebFilterBase] <> INFO  Adding Category: ( 12, Home and Garden, false, false )
Apr  6 08:52:21 localhost app-41: [WebFilterBase] <> INFO  Adding Category: ( 13, Military, false, false )
Apr  6 08:52:21 localhost app-41: [WebFilterBase] <> INFO  Adding Category: ( 14, Social Networking, false, false )
Apr  6 08:52:21 localhost app-41: [WebFilterBase] <> INFO  Adding Category: ( 15, Dead Sites, false, false )
Apr  6 08:52:21 localhost app-41: [WebFilterBase] <> INFO  Adding Category: ( 16, Individual Stock Advice and Tools, false, false )
Apr  6 08:52:21 localhost app-41: [WebFilterBase] <> INFO  Adding Category: ( 17, Training and Tools, false, false )
Apr  6 08:52:21 localhost app-41: [WebFilterBase] <> INFO  Adding Category: ( 18, Dating, false, false )
Apr  6 08:52:21 localhost app-41: [WebFilterBase] <> INFO  Adding Category: ( 19, Sex Education, false, false )
Apr  6 08:52:21 localhost app-41: [WebFilterBase] <> INFO  Adding Category: ( 20, Religion, false, false )
Apr  6 08:52:21 localhost app-41: [WebFilterBase] <> INFO  Adding Category: ( 21, Entertainment and Arts, false, false )
Apr  6 08:52:21 localhost app-41: [WebFilterBase] <> INFO  Adding Category: ( 22, Personal sites and Blogs, false, false )
Apr  6 08:52:21 localhost app-41: [WebFilterBase] <> INFO  Adding Category: ( 23, Legal, false, false )
Apr  6 08:52:21 localhost app-41: [WebFilterBase] <> INFO  Adding Category: ( 24, Local Information, false, false )
Apr  6 08:52:21 localhost app-41: [WebFilterBase] <> INFO  Adding Category: ( 25, Streaming Media, false, false )
Apr  6 08:52:21 localhost app-41: [WebFilterBase] <> INFO  Adding Category: ( 26, Job Search, false, false )
Apr  6 08:52:21 localhost app-41: [WebFilterBase] <> INFO  Adding Category: ( 27, Gambling, false, false )
Apr  6 08:52:21 localhost app-41: [WebFilterBase] <> INFO  Adding Category: ( 28, Translation, false, false )
Apr  6 08:52:21 localhost app-41: [WebFilterBase] <> INFO  Adding Category: ( 29, Reference and Research, false, false )
Apr  6 08:52:21 localhost app-41: [WebFilterBase] <> INFO  Adding Category: ( 30, Shareware and Freeware, false, false )
Apr  6 08:52:21 localhost app-41: [WebFilterBase] <> INFO  Adding Category: ( 31, Peer to Peer, false, false )
Apr  6 08:52:21 localhost app-41: [WebFilterBase] <> INFO  Adding Category: ( 32, Marijuana, false, false )
Apr  6 08:52:21 localhost app-41: [WebFilterBase] <> INFO  Adding Category: ( 33, Hacking, false, false )
Apr  6 08:52:21 localhost app-41: [WebFilterBase] <> INFO  Adding Category: ( 34, Games, false, false )
Apr  6 08:52:21 localhost app-41: [WebFilterBase] <> INFO  Adding Category: ( 35, Philosophy and Political Advocacy, false, false )
Apr  6 08:52:21 localhost app-41: [WebFilterBase] <> INFO  Adding Category: ( 36, Weapons, false, false )
Apr  6 08:52:21 localhost app-41: [WebFilterBase] <> INFO  Adding Category: ( 37, Pay to Surf, false, false )
Apr  6 08:52:21 localhost app-41: [WebFilterBase] <> INFO  Adding Category: ( 38, Hunting and Fishing, false, false )
Apr  6 08:52:21 localhost app-41: [WebFilterBase] <> INFO  Adding Category: ( 39, Society, false, false )
Apr  6 08:52:21 localhost app-41: [WebFilterBase] <> INFO  Adding Category: ( 40, Educational Institutions, false, false )
Apr  6 08:52:21 localhost app-41: [WebFilterBase] <> INFO  Adding Category: ( 41, Online Greeting Cards, false, false )
Apr  6 08:52:21 localhost app-41: [WebFilterBase] <> INFO  Adding Category: ( 42, Sports, false, false )
Apr  6 08:52:21 localhost app-41: [WebFilterBase] <> INFO  Adding Category: ( 43, Swimsuits and Intimate Apparel, false, false )
Apr  6 08:52:21 localhost app-41: [WebFilterBase] <> INFO  Adding Category: ( 44, Questionable, true, true )
Apr  6 08:52:21 localhost app-41: [WebFilterBase] <> INFO  Adding Category: ( 45, Kids, false, false )
Apr  6 08:52:21 localhost app-41: [WebFilterBase] <> INFO  Adding Category: ( 46, Hate and Racism, false, false )
Apr  6 08:52:21 localhost app-41: [WebFilterBase] <> INFO  Adding Category: ( 47, Personal Storage, false, false )
Apr  6 08:52:21 localhost app-41: [WebFilterBase] <> INFO  Adding Category: ( 48, Violence, false, false )
Apr  6 08:52:21 localhost app-41: [WebFilterBase] <> INFO  Adding Category: ( 49, Keyloggers and Monitoring, true, true )
Apr  6 08:52:21 localhost app-41: [WebFilterBase] <> INFO  Adding Category: ( 50, Search Engines, false, false )
Apr  6 08:52:21 localhost app-41: [WebFilterBase] <> INFO  Adding Category: ( 51, Internet Portals, false, false )
Apr  6 08:52:21 localhost app-41: [WebFilterBase] <> INFO  Adding Category: ( 52, Web Advertisements, false, false )
Apr  6 08:52:21 localhost app-41: [WebFilterBase] <> INFO  Adding Category: ( 53, Cheating, false, false )
Apr  6 08:52:21 localhost app-41: [WebFilterBase] <> INFO  Adding Category: ( 54, Gross, false, false )
Apr  6 08:52:21 localhost app-41: [WebFilterBase] <> INFO  Adding Category: ( 55, Web-based Email, false, false )
Apr  6 08:52:21 localhost app-41: [WebFilterBase] <> INFO  Adding Category: ( 56, Malware Sites, true, true )
Apr  6 08:52:21 localhost app-41: [WebFilterBase] <> INFO  Adding Category: ( 57, Phishing and Other Frauds, true, true )
Apr  6 08:52:21 localhost app-41: [WebFilterBase] <> INFO  Adding Category: ( 58, Proxy Avoidance and Anonymizers, true, true )
Apr  6 08:52:21 localhost app-41: [WebFilterBase] <> INFO  Adding Category: ( 59, Spyware and Adware, true, true )
Apr  6 08:52:21 localhost app-41: [WebFilterBase] <> INFO  Adding Category: ( 60, Music, false, false )
Apr  6 08:52:21 localhost app-41: [WebFilterBase] <> INFO  Adding Category: ( 61, Government, false, false )
Apr  6 08:52:21 localhost app-41: [WebFilterBase] <> INFO  Adding Category: ( 62, Nudity, false, false )
Apr  6 08:52:21 localhost app-41: [WebFilterBase] <> INFO  Adding Category: ( 63, News and Media, false, false )
Apr  6 08:52:21 localhost app-41: [WebFilterBase] <> INFO  Adding Category: ( 64, Illegal, false, false )
Apr  6 08:52:21 localhost app-41: [WebFilterBase] <> INFO  Adding Category: ( 65, Content Delivery Networks, false, false )
Apr  6 08:52:21 localhost app-41: [WebFilterBase] <> INFO  Adding Category: ( 66, Internet Communications, false, false )
Apr  6 08:52:21 localhost app-41: [WebFilterBase] <> INFO  Adding Category: ( 67, Bot Nets, true, true )
Apr  6 08:52:21 localhost app-41: [WebFilterBase] <> INFO  Adding Category: ( 68, Abortion, false, false )
Apr  6 08:52:21 localhost app-41: [WebFilterBase] <> INFO  Adding Category: ( 69, Health and Medicine, false, false )
Apr  6 08:52:21 localhost app-41: [WebFilterBase] <> INFO  Adding Category: ( 71, SPAM URLs, false, false )
Apr  6 08:52:21 localhost app-41: [WebFilterBase] <> INFO  Adding Category: ( 74, Dynamically Generated Content, false, false )
Apr  6 08:52:21 localhost app-41: [WebFilterBase] <> INFO  Adding Category: ( 75, Parked Domains, false, false )
Apr  6 08:52:21 localhost app-41: [WebFilterBase] <> INFO  Adding Category: ( 76, Alcohol and Tobacco, false, false )
Apr  6 08:52:21 localhost app-41: [WebFilterBase] <> INFO  Adding Category: ( 78, Image and Video Search, false, false )
Apr  6 08:52:21 localhost app-41: [WebFilterBase] <> INFO  Adding Category: ( 79, Fashion and Beauty, false, false )
Apr  6 08:52:21 localhost app-41: [WebFilterBase] <> INFO  Adding Category: ( 80, Recreation and Hobbies, false, false )
Apr  6 08:52:21 localhost app-41: [WebFilterBase] <> INFO  Adding Category: ( 81, Motor Vehicles, false, false )
Apr  6 08:52:21 localhost app-41: [WebFilterBase] <> INFO  Adding Category: ( 82, Web Hosting, false, false )
Apr  6 08:52:21 localhost app-41: [AppBase] <> INFO  Starting   web-filter [41] ...
Apr  6 08:52:22 localhost app-41: [AppBase] <> INFO  Started    web-filter [41] ...
Apr  6 08:52:39 localhost app-41: [AppBase] <> INFO  Stopping   web-filter [41] ...
Apr  6 08:52:46 localhost app-41: [AppBase] <> INFO  Stopped    web-filter [41] ...
Apr  6 08:52:46 localhost app-41: [AppBase] <> INFO  Destroying web-filter [41] ...
Apr  6 08:52:46 localhost app-41: [AppBase] <> INFO  Destroyed  web-filter [41] ...
Apr  6 14:45:17 localhost app-41: [WebFilterBase] <> WARN  No settings found - Initializing new settings.
Apr  6 14:45:17 localhost app-41: [WebFilterBase] <> INFO  Adding Category: ( 0, Uncategorized, false, false )
Apr  6 14:45:17 localhost app-41: [WebFilterBase] <> INFO  Adding Category: ( 1, Real Estate, false, false )
Apr  6 14:45:17 localhost app-41: [WebFilterBase] <> INFO  Adding Category: ( 2, Computer and Internet Security, false, false )
Apr  6 14:45:17 localhost app-41: [WebFilterBase] <> INFO  Adding Category: ( 3, Financial Services, false, false )
Apr  6 14:45:17 localhost app-41: [WebFilterBase] <> INFO  Adding Category: ( 4, Business and Economy, false, false )
Apr  6 14:45:17 localhost app-41: [WebFilterBase] <> INFO  Adding Category: ( 5, Computer and Internet Info, false, false )
Apr  6 14:45:17 localhost app-41: [WebFilterBase] <> INFO  Adding Category: ( 6, Auctions, false, false )
Apr  6 14:45:17 localhost app-41: [WebFilterBase] <> INFO  Adding Category: ( 7, Shopping, false, false )
Apr  6 14:45:17 localhost app-41: [WebFilterBase] <> INFO  Adding Category: ( 8, Cult and Occult, false, false )
Apr  6 14:45:17 localhost app-41: [WebFilterBase] <> INFO  Adding Category: ( 9, Travel, false, false )
Apr  6 14:45:17 localhost app-41: [WebFilterBase] <> INFO  Adding Category: ( 10, Abused Drugs, false, false )
Apr  6 14:45:17 localhost app-41: [WebFilterBase] <> INFO  Adding Category: ( 11, Adult and Pornography, true, true )
Apr  6 14:45:17 localhost app-41: [WebFilterBase] <> INFO  Adding Category: ( 12, Home and Garden, false, false )
Apr  6 14:45:17 localhost app-41: [WebFilterBase] <> INFO  Adding Category: ( 13, Military, false, false )
Apr  6 14:45:17 localhost app-41: [WebFilterBase] <> INFO  Adding Category: ( 14, Social Networking, false, false )
Apr  6 14:45:17 localhost app-41: [WebFilterBase] <> INFO  Adding Category: ( 15, Dead Sites, false, false )
Apr  6 14:45:17 localhost app-41: [WebFilterBase] <> INFO  Adding Category: ( 16, Individual Stock Advice and Tools, false, false )
Apr  6 14:45:17 localhost app-41: [WebFilterBase] <> INFO  Adding Category: ( 17, Training and Tools, false, false )
Apr  6 14:45:17 localhost app-41: [WebFilterBase] <> INFO  Adding Category: ( 18, Dating, false, false )
Apr  6 14:45:17 localhost app-41: [WebFilterBase] <> INFO  Adding Category: ( 19, Sex Education, false, false )
Apr  6 14:45:17 localhost app-41: [WebFilterBase] <> INFO  Adding Category: ( 20, Religion, false, false )
Apr  6 14:45:17 localhost app-41: [WebFilterBase] <> INFO  Adding Category: ( 21, Entertainment and Arts, false, false )
Apr  6 14:45:17 localhost app-41: [WebFilterBase] <> INFO  Adding Category: ( 22, Personal sites and Blogs, false, false )
Apr  6 14:45:17 localhost app-41: [WebFilterBase] <> INFO  Adding Category: ( 23, Legal, false, false )
Apr  6 14:45:17 localhost app-41: [WebFilterBase] <> INFO  Adding Category: ( 24, Local Information, false, false )
Apr  6 14:45:17 localhost app-41: [WebFilterBase] <> INFO  Adding Category: ( 25, Streaming Media, false, false )
Apr  6 14:45:17 localhost app-41: [WebFilterBase] <> INFO  Adding Category: ( 26, Job Search, false, false )
Apr  6 14:45:17 localhost app-41: [WebFilterBase] <> INFO  Adding Category: ( 27, Gambling, false, false )
Apr  6 14:45:17 localhost app-41: [WebFilterBase] <> INFO  Adding Category: ( 28, Translation, false, false )
Apr  6 14:45:17 localhost app-41: [WebFilterBase] <> INFO  Adding Category: ( 29, Reference and Research, false, false )
Apr  6 14:45:17 localhost app-41: [WebFilterBase] <> INFO  Adding Category: ( 30, Shareware and Freeware, false, false )
Apr  6 14:45:17 localhost app-41: [WebFilterBase] <> INFO  Adding Category: ( 31, Peer to Peer, false, false )
Apr  6 14:45:17 localhost app-41: [WebFilterBase] <> INFO  Adding Category: ( 32, Marijuana, false, false )
Apr  6 14:45:17 localhost app-41: [WebFilterBase] <> INFO  Adding Category: ( 33, Hacking, false, false )
Apr  6 14:45:17 localhost app-41: [WebFilterBase] <> INFO  Adding Category: ( 34, Games, false, false )
Apr  6 14:45:17 localhost app-41: [WebFilterBase] <> INFO  Adding Category: ( 35, Philosophy and Political Advocacy, false, false )
Apr  6 14:45:17 localhost app-41: [WebFilterBase] <> INFO  Adding Category: ( 36, Weapons, false, false )
Apr  6 14:45:17 localhost app-41: [WebFilterBase] <> INFO  Adding Category: ( 37, Pay to Surf, false, false )
Apr  6 14:45:17 localhost app-41: [WebFilterBase] <> INFO  Adding Category: ( 38, Hunting and Fishing, false, false )
Apr  6 14:45:17 localhost app-41: [WebFilterBase] <> INFO  Adding Category: ( 39, Society, false, false )
Apr  6 14:45:17 localhost app-41: [WebFilterBase] <> INFO  Adding Category: ( 40, Educational Institutions, false, false )
Apr  6 14:45:17 localhost app-41: [WebFilterBase] <> INFO  Adding Category: ( 41, Online Greeting Cards, false, false )
Apr  6 14:45:17 localhost app-41: [WebFilterBase] <> INFO  Adding Category: ( 42, Sports, false, false )
Apr  6 14:45:17 localhost app-41: [WebFilterBase] <> INFO  Adding Category: ( 43, Swimsuits and Intimate Apparel, false, false )
Apr  6 14:45:17 localhost app-41: [WebFilterBase] <> INFO  Adding Category: ( 44, Questionable, true, true )
Apr  6 14:45:17 localhost app-41: [WebFilterBase] <> INFO  Adding Category: ( 45, Kids, false, false )
Apr  6 14:45:17 localhost app-41: [WebFilterBase] <> INFO  Adding Category: ( 46, Hate and Racism, false, false )
Apr  6 14:45:17 localhost app-41: [WebFilterBase] <> INFO  Adding Category: ( 47, Personal Storage, false, false )
Apr  6 14:45:17 localhost app-41: [WebFilterBase] <> INFO  Adding Category: ( 48, Violence, false, false )
Apr  6 14:45:17 localhost app-41: [WebFilterBase] <> INFO  Adding Category: ( 49, Keyloggers and Monitoring, true, true )
Apr  6 14:45:17 localhost app-41: [WebFilterBase] <> INFO  Adding Category: ( 50, Search Engines, false, false )
Apr  6 14:45:17 localhost app-41: [WebFilterBase] <> INFO  Adding Category: ( 51, Internet Portals, false, false )
Apr  6 14:45:17 localhost app-41: [WebFilterBase] <> INFO  Adding Category: ( 52, Web Advertisements, false, false )
Apr  6 14:45:17 localhost app-41: [WebFilterBase] <> INFO  Adding Category: ( 53, Cheating, false, false )
Apr  6 14:45:17 localhost app-41: [WebFilterBase] <> INFO  Adding Category: ( 54, Gross, false, false )
Apr  6 14:45:17 localhost app-41: [WebFilterBase] <> INFO  Adding Category: ( 55, Web-based Email, false, false )
Apr  6 14:45:17 localhost app-41: [WebFilterBase] <> INFO  Adding Category: ( 56, Malware Sites, true, true )
Apr  6 14:45:17 localhost app-41: [WebFilterBase] <> INFO  Adding Category: ( 57, Phishing and Other Frauds, true, true )
Apr  6 14:45:17 localhost app-41: [WebFilterBase] <> INFO  Adding Category: ( 58, Proxy Avoidance and Anonymizers, true, true )
Apr  6 14:45:17 localhost app-41: [WebFilterBase] <> INFO  Adding Category: ( 59, Spyware and Adware, true, true )
Apr  6 14:45:17 localhost app-41: [WebFilterBase] <> INFO  Adding Category: ( 60, Music, false, false )
Apr  6 14:45:17 localhost app-41: [WebFilterBase] <> INFO  Adding Category: ( 61, Government, false, false )
Apr  6 14:45:17 localhost app-41: [WebFilterBase] <> INFO  Adding Category: ( 62, Nudity, false, false )
Apr  6 14:45:17 localhost app-41: [WebFilterBase] <> INFO  Adding Category: ( 63, News and Media, false, false )
Apr  6 14:45:17 localhost app-41: [WebFilterBase] <> INFO  Adding Category: ( 64, Illegal, false, false )
Apr  6 14:45:17 localhost app-41: [WebFilterBase] <> INFO  Adding Category: ( 65, Content Delivery Networks, false, false )
Apr  6 14:45:17 localhost app-41: [WebFilterBase] <> INFO  Adding Category: ( 66, Internet Communications, false, false )
Apr  6 14:45:17 localhost app-41: [WebFilterBase] <> INFO  Adding Category: ( 67, Bot Nets, true, true )
Apr  6 14:45:17 localhost app-41: [WebFilterBase] <> INFO  Adding Category: ( 68, Abortion, false, false )
Apr  6 14:45:17 localhost app-41: [WebFilterBase] <> INFO  Adding Category: ( 69, Health and Medicine, false, false )
Apr  6 14:45:17 localhost app-41: [WebFilterBase] <> INFO  Adding Category: ( 71, SPAM URLs, false, false )
Apr  6 14:45:17 localhost app-41: [WebFilterBase] <> INFO  Adding Category: ( 74, Dynamically Generated Content, false, false )
Apr  6 14:45:17 localhost app-41: [WebFilterBase] <> INFO  Adding Category: ( 75, Parked Domains, false, false )
Apr  6 14:45:17 localhost app-41: [WebFilterBase] <> INFO  Adding Category: ( 76, Alcohol and Tobacco, false, false )
Apr  6 14:45:17 localhost app-41: [WebFilterBase] <> INFO  Adding Category: ( 78, Image and Video Search, false, false )
Apr  6 14:45:17 localhost app-41: [WebFilterBase] <> INFO  Adding Category: ( 79, Fashion and Beauty, false, false )
Apr  6 14:45:17 localhost app-41: [WebFilterBase] <> INFO  Adding Category: ( 80, Recreation and Hobbies, false, false )
Apr  6 14:45:17 localhost app-41: [WebFilterBase] <> INFO  Adding Category: ( 81, Motor Vehicles, false, false )
Apr  6 14:45:17 localhost app-41: [WebFilterBase] <> INFO  Adding Category: ( 82, Web Hosting, false, false )
May 15 14:11:26 localhost app-41: [WireGuardVpnApp] <> INFO  Initializing Settings...
May 15 14:11:26 localhost app-41: [WireGuardVpnApp] <> INFO  Creating the default settings...
May 15 14:11:26 localhost app-41: [WireGuardVpnApp] <> WARN  192.168.252.60
May 15 14:11:27 localhost app-41: [WireGuardVpnManager] <> INFO  Stopping WireGuard interface and tunnels
May 15 14:11:27 localhost app-41: [WireGuardVpnManager] <> INFO  /usr/bin/wg-quick: 
May 15 14:11:27 localhost app-41: [WireGuardVpnManager] <> INFO  /usr/bin/wg-quick: wg-quick: `wg0' is not a WireGuard interface
May 15 14:11:27 localhost app-41: [WireGuardVpnManager] <> ERROR Failed calling WireGuard start script (return code: 1)
May 15 14:11:27 localhost app-41: [WireGuardVpnManager] <> INFO  /etc/untangle/iptables-rules.d/720-wireguard-vpn: 
May 15 14:11:27 localhost app-41: [WireGuardVpnManager] <> INFO  /etc/untangle/iptables-rules.d/720-wireguard-vpn: 
May 15 14:11:27 localhost app-41: [WireGuardVpnManager] <> INFO  Starting WireGuard interface and tunnels
May 15 14:11:27 localhost app-41: [WireGuardVpnManager] <> INFO  /usr/bin/wg-quick: 
May 15 14:11:27 localhost app-41: [WireGuardVpnManager] <> INFO  /usr/bin/wg-quick: [#] ip link add wg0 type wireguard
May 15 14:11:27 localhost app-41: [WireGuardVpnManager] <> INFO  /usr/bin/wg-quick: [#] wg setconf wg0 /dev/fd/63
May 15 14:11:27 localhost app-41: [WireGuardVpnManager] <> INFO  /usr/bin/wg-quick: [#] ip -4 address add 192.168.243.1 dev wg0
May 15 14:11:27 localhost app-41: [WireGuardVpnManager] <> INFO  /usr/bin/wg-quick: [#] ip link set mtu 1500 up dev wg0
May 15 14:11:27 localhost app-41: [WireGuardVpnManager] <> INFO  /etc/untangle/iptables-rules.d/720-wireguard-vpn: 
May 15 14:11:27 localhost app-41: [WireGuardVpnManager] <> INFO  /etc/untangle/iptables-rules.d/720-wireguard-vpn: 
May 15 14:11:28 localhost app-41: [WireGuardVpnApp] <> INFO  Loading Settings...
May 15 14:11:28 localhost app-41: [AppBase] <> INFO  Starting   wireguard-vpn [41] ...
May 15 14:11:28 localhost app-41: [WireGuardVpnManager] <> INFO  Starting WireGuard interface and tunnels
May 15 14:11:28 localhost app-41: [WireGuardVpnManager] <> INFO  /usr/bin/wg-quick: 
May 15 14:11:28 localhost app-41: [WireGuardVpnManager] <> INFO  /usr/bin/wg-quick: wg-quick: `wg0' already exists
May 15 14:11:28 localhost app-41: [WireGuardVpnManager] <> ERROR Failed calling WireGuard start script (return code: 1)
May 15 14:11:28 localhost app-41: [WireGuardVpnManager] <> INFO  /etc/untangle/iptables-rules.d/720-wireguard-vpn: 
May 15 14:11:28 localhost app-41: [WireGuardVpnManager] <> INFO  /etc/untangle/iptables-rules.d/720-wireguard-vpn: 
May 15 14:11:28 localhost app-41: [AppBase] <> INFO  Started    wireguard-vpn [41] ...
May 15 14:11:45 localhost app-41: [WireGuardVpnManager] <> INFO  Stopping WireGuard interface and tunnels
May 15 14:11:45 localhost app-41: [WireGuardVpnManager] <> INFO  /usr/bin/wg-quick: 
May 15 14:11:45 localhost app-41: [WireGuardVpnManager] <> INFO  /usr/bin/wg-quick: [#] ip link delete dev wg0
May 15 14:11:45 localhost app-41: [WireGuardVpnManager] <> INFO  /etc/untangle/iptables-rules.d/720-wireguard-vpn: 
May 15 14:11:45 localhost app-41: [WireGuardVpnManager] <> INFO  /etc/untangle/iptables-rules.d/720-wireguard-vpn: 
May 15 14:11:45 localhost app-41: [WireGuardVpnManager] <> INFO  Starting WireGuard interface and tunnels
May 15 14:11:45 localhost app-41: [WireGuardVpnManager] <> INFO  /usr/bin/wg-quick: 
May 15 14:11:45 localhost app-41: [WireGuardVpnManager] <> INFO  /usr/bin/wg-quick: [#] ip link add wg0 type wireguard
May 15 14:11:45 localhost app-41: [WireGuardVpnManager] <> INFO  /usr/bin/wg-quick: [#] wg setconf wg0 /dev/fd/63
May 15 14:11:45 localhost app-41: [WireGuardVpnManager] <> INFO  /usr/bin/wg-quick: [#] ip -4 address add 192.168.243.1 dev wg0
May 15 14:11:45 localhost app-41: [WireGuardVpnManager] <> INFO  /usr/bin/wg-quick: [#] ip link set mtu 1500 up dev wg0
May 15 14:11:45 localhost app-41: [WireGuardVpnManager] <> INFO  /usr/bin/wg-quick: [#] ip -4 route add 192.168.243.3/32 dev wg0
May 15 14:11:45 localhost app-41: [WireGuardVpnManager] <> INFO  /etc/untangle/iptables-rules.d/720-wireguard-vpn: 
May 15 14:11:45 localhost app-41: [WireGuardVpnManager] <> INFO  /etc/untangle/iptables-rules.d/720-wireguard-vpn: 
May 15 15:44:17 localhost app-41: [AppBase] <> INFO  Stopping   wireguard-vpn [41] ...
May 15 15:44:17 localhost app-41: [WireGuardVpnMonitor] <> INFO  WireGuardVpn monitor was interrupted
May 15 15:44:17 localhost app-41: [WireGuardVpnManager] <> INFO  Stopping WireGuard interface and tunnels
May 15 15:44:17 localhost app-41: [WireGuardVpnManager] <> INFO  /usr/bin/wg-quick: 
May 15 15:44:17 localhost app-41: [WireGuardVpnManager] <> INFO  /usr/bin/wg-quick: [#] ip link delete dev wg0
May 15 15:44:17 localhost app-41: [WireGuardVpnManager] <> INFO  /etc/untangle/iptables-rules.d/720-wireguard-vpn: 
May 15 15:44:17 localhost app-41: [WireGuardVpnManager] <> INFO  /etc/untangle/iptables-rules.d/720-wireguard-vpn: 
May 15 15:44:17 localhost app-41: [AppBase] <> INFO  Stopped    wireguard-vpn [41] ...
May 15 15:44:29 localhost app-41: [AppBase] <> INFO  No valid license for: wireguard-vpn
May 15 15:44:29 localhost app-41: [AppBase] <> INFO  Requesting trial for: wireguard-vpn
May 15 15:44:29 localhost app-41: [WireGuardVpnApp] <> INFO  Loading Settings...
May 15 15:44:29 localhost app-41: [AppBase] <> INFO  Starting   wireguard-vpn [41] ...
May 15 15:44:30 localhost app-41: [WireGuardVpnApp] <> ERROR Error during startup
May 15 15:44:30 localhost app-41:       java.lang.RuntimeException: sync-settings failed: returned 1
May 15 15:44:30 localhost app-41:       com.untangle.uvm.SyncSettingsImpl.run(SyncSettingsImpl.java:45)
May 15 15:44:30 localhost app-41:       com.untangle.app.wireguard_vpn.WireGuardVpnManager.configure(WireGuardVpnManager.java:101)
May 15 15:44:30 localhost app-41:       com.untangle.app.wireguard_vpn.WireGuardVpnApp.postStart(WireGuardVpnApp.java:215)
May 15 15:44:30 localhost app-41:       com.untangle.uvm.app.AppBase.start(AppBase.java:916)
May 15 15:44:30 localhost app-41:       com.untangle.uvm.app.AppBase.resumeState(AppBase.java:242)
May 15 15:44:30 localhost app-41:       com.untangle.uvm.app.AppBase.loadClass(AppBase.java:370)
May 15 15:44:30 localhost app-41:       com.untangle.uvm.AppManagerImpl$3.run(AppManagerImpl.java:1128)
May 15 15:44:30 localhost app-41:       com.untangle.uvm.UvmContextImpl$1.run(UvmContextImpl.java:626)
May 15 15:44:30 localhost app-41:       java.base/java.lang.Thread.run(Thread.java:834)
May 15 15:44:30 localhost app-41: [WireGuardVpnManager] <> INFO  Stopping WireGuard interface and tunnels
May 15 15:44:31 localhost app-41: [WireGuardVpnManager] <> INFO  /usr/bin/wg-quick: 
May 15 15:44:31 localhost app-41: [WireGuardVpnManager] <> INFO  /usr/bin/wg-quick: wg-quick: `wg0' is not a WireGuard interface
May 15 15:44:31 localhost app-41: [WireGuardVpnManager] <> ERROR Failed calling WireGuard start script (return code: 1)
May 15 15:44:31 localhost app-41: [WireGuardVpnManager] <> INFO  /etc/untangle/iptables-rules.d/720-wireguard-vpn: 
May 15 15:44:31 localhost app-41: [WireGuardVpnManager] <> INFO  /etc/untangle/iptables-rules.d/720-wireguard-vpn: 
May 15 15:44:31 localhost app-41: [AppBase] <> WARN  Exception in postStart().
May 15 15:44:31 localhost app-41:       java.lang.RuntimeException: java.lang.RuntimeException: sync-settings failed: returned 1
May 15 15:44:31 localhost app-41:       com.untangle.app.wireguard_vpn.WireGuardVpnApp.postStart(WireGuardVpnApp.java:224)
May 15 15:44:31 localhost app-41:       com.untangle.uvm.app.AppBase.start(AppBase.java:916)
May 15 15:44:31 localhost app-41:       com.untangle.uvm.app.AppBase.resumeState(AppBase.java:242)
May 15 15:44:31 localhost app-41:       com.untangle.uvm.app.AppBase.loadClass(AppBase.java:370)
May 15 15:44:31 localhost app-41:       com.untangle.uvm.AppManagerImpl$3.run(AppManagerImpl.java:1128)
May 15 15:44:31 localhost app-41:       com.untangle.uvm.UvmContextImpl$1.run(UvmContextImpl.java:626)
May 15 15:44:31 localhost app-41:       java.base/java.lang.Thread.run(Thread.java:834)
May 15 15:44:31 localhost app-41: [AppBase] <> INFO  Started    wireguard-vpn [41] ...
May 18 09:31:56 localhost app-41: [AppBase] <> INFO  Stopping   wireguard-vpn [41] ...
May 18 09:31:56 localhost app-41: [WireGuardVpnManager] <> INFO  Stopping WireGuard interface and tunnels
May 18 09:31:56 localhost app-41: [WireGuardVpnManager] <> INFO  /usr/bin/wg-quick: 
May 18 09:31:56 localhost app-41: [WireGuardVpnManager] <> INFO  /usr/bin/wg-quick: wg-quick: `wg0' is not a WireGuard interface
May 18 09:31:56 localhost app-41: [WireGuardVpnManager] <> ERROR Failed calling WireGuard start script (return code: 1)
May 18 09:31:56 localhost app-41: [WireGuardVpnManager] <> INFO  /etc/untangle/iptables-rules.d/720-wireguard-vpn: 
May 18 09:31:56 localhost app-41: [WireGuardVpnManager] <> INFO  /etc/untangle/iptables-rules.d/720-wireguard-vpn: 
May 18 09:31:56 localhost app-41: [AppBase] <> INFO  Stopped    wireguard-vpn [41] ...
May 18 09:32:08 localhost app-41: [AppBase] <> INFO  No valid license for: wireguard-vpn
May 18 09:32:08 localhost app-41: [AppBase] <> INFO  Requesting trial for: wireguard-vpn
May 18 09:32:08 localhost app-41: [WireGuardVpnApp] <> INFO  Loading Settings...
May 18 09:32:08 localhost app-41: [AppBase] <> INFO  Starting   wireguard-vpn [41] ...
May 18 09:32:13 localhost app-41: [WireGuardVpnManager] <> INFO  Starting WireGuard interface and tunnels
May 18 09:32:13 localhost app-41: [WireGuardVpnManager] <> INFO  /usr/bin/wg-quick: 
May 18 09:32:13 localhost app-41: [WireGuardVpnManager] <> INFO  /usr/bin/wg-quick: [#] ip link add wg0 type wireguard
May 18 09:32:13 localhost app-41: [WireGuardVpnManager] <> INFO  /usr/bin/wg-quick: [#] wg setconf wg0 /dev/fd/63
May 18 09:32:13 localhost app-41: [WireGuardVpnManager] <> INFO  /usr/bin/wg-quick: [#] ip -4 address add 192.168.243.1 dev wg0
May 18 09:32:13 localhost app-41: [WireGuardVpnManager] <> INFO  /usr/bin/wg-quick: [#] ip link set mtu 1500 up dev wg0
May 18 09:32:13 localhost app-41: [WireGuardVpnManager] <> INFO  /usr/bin/wg-quick: [#] ip -4 route add 192.168.243.3/32 dev wg0
May 18 09:32:14 localhost app-41: [WireGuardVpnManager] <> INFO  /etc/untangle/iptables-rules.d/720-wireguard-vpn: 
May 18 09:32:14 localhost app-41: [WireGuardVpnManager] <> INFO  /etc/untangle/iptables-rules.d/720-wireguard-vpn: 
May 18 09:32:14 localhost app-41: [AppBase] <> INFO  Started    wireguard-vpn [41] ...
May 18 09:40:41 localhost app-41: [AppBase] <> INFO  Stopping   wireguard-vpn [41] ...
May 18 09:40:41 localhost app-41: [WireGuardVpnMonitor] <> INFO  WireGuardVpn monitor was interrupted
May 18 09:40:41 localhost app-41: [WireGuardVpnManager] <> INFO  Stopping WireGuard interface and tunnels
May 18 09:40:41 localhost app-41: [WireGuardVpnManager] <> INFO  /usr/bin/wg-quick: 
May 18 09:40:41 localhost app-41: [WireGuardVpnManager] <> INFO  /usr/bin/wg-quick: [#] ip link delete dev wg0
May 18 09:40:41 localhost app-41: [WireGuardVpnManager] <> INFO  /etc/untangle/iptables-rules.d/720-wireguard-vpn: 
May 18 09:40:41 localhost app-41: [WireGuardVpnManager] <> INFO  /etc/untangle/iptables-rules.d/720-wireguard-vpn: 
May 18 09:40:41 localhost app-41: [AppBase] <> INFO  Stopped    wireguard-vpn [41] ...
May 18 09:40:52 localhost app-41: [WireGuardVpnApp] <> INFO  Loading Settings...
May 18 09:40:52 localhost app-41: [AppBase] <> INFO  Starting   wireguard-vpn [41] ...
May 18 09:40:52 localhost app-41: [WireGuardVpnApp] <> ERROR Error during startup
May 18 09:40:52 localhost app-41:       java.lang.RuntimeException: sync-settings failed: returned 1
May 18 09:40:52 localhost app-41:       com.untangle.uvm.SyncSettingsImpl.run(SyncSettingsImpl.java:62)
May 18 09:40:52 localhost app-41:       com.untangle.app.wireguard_vpn.WireGuardVpnManager.configure(WireGuardVpnManager.java:108)
May 18 09:40:52 localhost app-41:       com.untangle.app.wireguard_vpn.WireGuardVpnApp.postStart(WireGuardVpnApp.java:217)
May 18 09:40:52 localhost app-41:       com.untangle.uvm.app.AppBase.start(AppBase.java:916)
May 18 09:40:52 localhost app-41:       com.untangle.uvm.app.AppBase.resumeState(AppBase.java:242)
May 18 09:40:52 localhost app-41:       com.untangle.uvm.app.AppBase.loadClass(AppBase.java:370)
May 18 09:40:52 localhost app-41:       com.untangle.uvm.AppManagerImpl$3.run(AppManagerImpl.java:1128)
May 18 09:40:52 localhost app-41:       com.untangle.uvm.UvmContextImpl$1.run(UvmContextImpl.java:626)
May 18 09:40:52 localhost app-41:       java.base/java.lang.Thread.run(Thread.java:834)
May 18 09:40:52 localhost app-41: [WireGuardVpnManager] <> INFO  Stopping WireGuard interface and tunnels
May 18 09:40:53 localhost app-41: [WireGuardVpnManager] <> INFO  /usr/bin/wg-quick: 
May 18 09:40:53 localhost app-41: [WireGuardVpnManager] <> INFO  /usr/bin/wg-quick: wg-quick: `wg0' is not a WireGuard interface
May 18 09:40:53 localhost app-41: [WireGuardVpnManager] <> ERROR Failed calling WireGuard start script (return code: 1)
May 18 09:40:53 localhost app-41: [WireGuardVpnManager] <> INFO  /etc/untangle/iptables-rules.d/720-wireguard-vpn: 
May 18 09:40:53 localhost app-41: [WireGuardVpnManager] <> INFO  /etc/untangle/iptables-rules.d/720-wireguard-vpn: 
May 18 09:40:53 localhost app-41: [AppBase] <> WARN  Exception in postStart().
May 18 09:40:53 localhost app-41:       java.lang.RuntimeException: java.lang.RuntimeException: sync-settings failed: returned 1
May 18 09:40:53 localhost app-41:       com.untangle.app.wireguard_vpn.WireGuardVpnApp.postStart(WireGuardVpnApp.java:226)
May 18 09:40:53 localhost app-41:       com.untangle.uvm.app.AppBase.start(AppBase.java:916)
May 18 09:40:53 localhost app-41:       com.untangle.uvm.app.AppBase.resumeState(AppBase.java:242)
May 18 09:40:53 localhost app-41:       com.untangle.uvm.app.AppBase.loadClass(AppBase.java:370)
May 18 09:40:53 localhost app-41:       com.untangle.uvm.AppManagerImpl$3.run(AppManagerImpl.java:1128)
May 18 09:40:53 localhost app-41:       com.untangle.uvm.UvmContextImpl$1.run(UvmContextImpl.java:626)
May 18 09:40:53 localhost app-41:       java.base/java.lang.Thread.run(Thread.java:834)
May 18 09:40:53 localhost app-41: [AppBase] <> INFO  Started    wireguard-vpn [41] ...
May 18 10:42:51 localhost app-41: [AppBase] <> INFO  Stopping   wireguard-vpn [41] ...
May 18 10:42:51 localhost app-41: [WireGuardVpnManager] <> INFO  Stopping WireGuard interface and tunnels
May 18 10:42:51 localhost app-41: [WireGuardVpnManager] <> INFO  /usr/bin/wg-quick: 
May 18 10:42:51 localhost app-41: [WireGuardVpnManager] <> INFO  /usr/bin/wg-quick: wg-quick: `wg0' is not a WireGuard interface
May 18 10:42:51 localhost app-41: [WireGuardVpnManager] <> ERROR Failed calling WireGuard start script (return code: 1)
May 18 10:42:51 localhost app-41: [WireGuardVpnManager] <> INFO  /etc/untangle/iptables-rules.d/720-wireguard-vpn: 
May 18 10:42:51 localhost app-41: [WireGuardVpnManager] <> INFO  /etc/untangle/iptables-rules.d/720-wireguard-vpn: 
May 18 10:42:51 localhost app-41: [AppBase] <> INFO  Stopped    wireguard-vpn [41] ...
May 18 10:43:03 localhost app-41: [AppBase] <> INFO  No valid license for: wireguard-vpn
May 18 10:43:03 localhost app-41: [AppBase] <> INFO  Requesting trial for: wireguard-vpn
May 18 10:43:03 localhost app-41: [WireGuardVpnApp] <> INFO  Loading Settings...
May 18 10:49:33 localhost app-41: [WireGuardVpnApp] <> INFO  Loading Settings...
May 18 10:49:33 localhost app-41: [AppBase] <> INFO  Starting   wireguard-vpn [41] ...
May 18 10:49:33 localhost app-41: [WireGuardVpnApp] <> ERROR Error during startup
May 18 10:49:33 localhost app-41:       java.lang.RuntimeException: sync-settings failed: returned 1
May 18 10:49:33 localhost app-41:       com.untangle.uvm.SyncSettingsImpl.run(SyncSettingsImpl.java:62)
May 18 10:49:33 localhost app-41:       com.untangle.app.wireguard_vpn.WireGuardVpnManager.configure(WireGuardVpnManager.java:108)
May 18 10:49:33 localhost app-41:       com.untangle.app.wireguard_vpn.WireGuardVpnApp.postStart(WireGuardVpnApp.java:217)
May 18 10:49:33 localhost app-41:       com.untangle.uvm.app.AppBase.start(AppBase.java:916)
May 18 10:49:33 localhost app-41:       com.untangle.uvm.app.AppBase.resumeState(AppBase.java:242)
May 18 10:49:33 localhost app-41:       com.untangle.uvm.app.AppBase.loadClass(AppBase.java:370)
May 18 10:49:33 localhost app-41:       com.untangle.uvm.AppManagerImpl$3.run(AppManagerImpl.java:1128)
May 18 10:49:33 localhost app-41:       com.untangle.uvm.UvmContextImpl$1.run(UvmContextImpl.java:626)
May 18 10:49:33 localhost app-41:       java.base/java.lang.Thread.run(Thread.java:834)
May 18 10:49:33 localhost app-41: [WireGuardVpnManager] <> INFO  Stopping WireGuard interface and tunnels
May 18 10:49:34 localhost app-41: [WireGuardVpnManager] <> INFO  /usr/bin/wg-quick: 
May 18 10:49:34 localhost app-41: [WireGuardVpnManager] <> INFO  /usr/bin/wg-quick: wg-quick: `wg0' is not a WireGuard interface
May 18 10:49:34 localhost app-41: [WireGuardVpnManager] <> ERROR Failed calling WireGuard start script (return code: 1)
May 18 10:49:34 localhost app-41: [WireGuardVpnManager] <> INFO  /etc/untangle/iptables-rules.d/720-wireguard-vpn: 
May 18 10:49:34 localhost app-41: [WireGuardVpnManager] <> INFO  /etc/untangle/iptables-rules.d/720-wireguard-vpn: 
May 18 10:49:34 localhost app-41: [AppBase] <> WARN  Exception in postStart().
May 18 10:49:34 localhost app-41:       java.lang.RuntimeException: java.lang.RuntimeException: sync-settings failed: returned 1
May 18 10:49:34 localhost app-41:       com.untangle.app.wireguard_vpn.WireGuardVpnApp.postStart(WireGuardVpnApp.java:226)
May 18 10:49:34 localhost app-41:       com.untangle.uvm.app.AppBase.start(AppBase.java:916)
May 18 10:49:34 localhost app-41:       com.untangle.uvm.app.AppBase.resumeState(AppBase.java:242)
May 18 10:49:34 localhost app-41:       com.untangle.uvm.app.AppBase.loadClass(AppBase.java:370)
May 18 10:49:34 localhost app-41:       com.untangle.uvm.AppManagerImpl$3.run(AppManagerImpl.java:1128)
May 18 10:49:34 localhost app-41:       com.untangle.uvm.UvmContextImpl$1.run(UvmContextImpl.java:626)
May 18 10:49:34 localhost app-41:       java.base/java.lang.Thread.run(Thread.java:834)
May 18 10:49:34 localhost app-41: [AppBase] <> INFO  Started    wireguard-vpn [41] ...
May 18 10:57:44 localhost app-41: [AppBase] <> INFO  Stopping   wireguard-vpn [41] ...
May 18 10:57:44 localhost app-41: [WireGuardVpnManager] <> INFO  Stopping WireGuard interface and tunnels
May 18 10:57:44 localhost app-41: [WireGuardVpnManager] <> INFO  /usr/bin/wg-quick: 
May 18 10:57:44 localhost app-41: [WireGuardVpnManager] <> INFO  /usr/bin/wg-quick: wg-quick: `wg0' is not a WireGuard interface
May 18 10:57:44 localhost app-41: [WireGuardVpnManager] <> ERROR Failed calling WireGuard start script (return code: 1)
May 18 10:57:44 localhost app-41: [WireGuardVpnManager] <> INFO  /etc/untangle/iptables-rules.d/720-wireguard-vpn: 
May 18 10:57:44 localhost app-41: [WireGuardVpnManager] <> INFO  /etc/untangle/iptables-rules.d/720-wireguard-vpn: 
May 18 10:57:44 localhost app-41: [AppBase] <> INFO  Stopped    wireguard-vpn [41] ...
May 18 10:57:55 localhost app-41: [AppBase] <> INFO  No valid license for: wireguard-vpn
May 18 10:57:55 localhost app-41: [AppBase] <> INFO  Requesting trial for: wireguard-vpn
May 18 10:57:55 localhost app-41: [WireGuardVpnApp] <> INFO  Loading Settings...
May 18 10:57:55 localhost app-41: [AppBase] <> INFO  Starting   wireguard-vpn [41] ...
May 18 10:57:56 localhost app-41: [WireGuardVpnApp] <> ERROR Error during startup
May 18 10:57:56 localhost app-41:       java.lang.RuntimeException: sync-settings failed: returned 1
May 18 10:57:56 localhost app-41:       com.untangle.uvm.SyncSettingsImpl.run(SyncSettingsImpl.java:62)
May 18 10:57:56 localhost app-41:       com.untangle.app.wireguard_vpn.WireGuardVpnManager.configure(WireGuardVpnManager.java:108)
May 18 10:57:56 localhost app-41:       com.untangle.app.wireguard_vpn.WireGuardVpnApp.postStart(WireGuardVpnApp.java:217)
May 18 10:57:56 localhost app-41:       com.untangle.uvm.app.AppBase.start(AppBase.java:916)
May 18 10:57:56 localhost app-41:       com.untangle.uvm.app.AppBase.resumeState(AppBase.java:242)
May 18 10:57:56 localhost app-41:       com.untangle.uvm.app.AppBase.loadClass(AppBase.java:370)
May 18 10:57:56 localhost app-41:       com.untangle.uvm.AppManagerImpl$3.run(AppManagerImpl.java:1128)
May 18 10:57:56 localhost app-41:       com.untangle.uvm.UvmContextImpl$1.run(UvmContextImpl.java:626)
May 18 10:57:56 localhost app-41:       java.base/java.lang.Thread.run(Thread.java:834)
May 18 10:57:56 localhost app-41: [WireGuardVpnManager] <> INFO  Stopping WireGuard interface and tunnels
May 18 10:57:56 localhost app-41: [WireGuardVpnManager] <> INFO  /usr/bin/wg-quick: 
May 18 10:57:56 localhost app-41: [WireGuardVpnManager] <> INFO  /usr/bin/wg-quick: wg-quick: `wg0' is not a WireGuard interface
May 18 10:57:56 localhost app-41: [WireGuardVpnManager] <> ERROR Failed calling WireGuard start script (return code: 1)
May 18 10:57:57 localhost app-41: [WireGuardVpnManager] <> INFO  /etc/untangle/iptables-rules.d/720-wireguard-vpn: 
May 18 10:57:57 localhost app-41: [WireGuardVpnManager] <> INFO  /etc/untangle/iptables-rules.d/720-wireguard-vpn: 
May 18 10:57:57 localhost app-41: [AppBase] <> WARN  Exception in postStart().
May 18 10:57:57 localhost app-41:       java.lang.RuntimeException: java.lang.RuntimeException: sync-settings failed: returned 1
May 18 10:57:57 localhost app-41:       com.untangle.app.wireguard_vpn.WireGuardVpnApp.postStart(WireGuardVpnApp.java:226)
May 18 10:57:57 localhost app-41:       com.untangle.uvm.app.AppBase.start(AppBase.java:916)
May 18 10:57:57 localhost app-41:       com.untangle.uvm.app.AppBase.resumeState(AppBase.java:242)
May 18 10:57:57 localhost app-41:       com.untangle.uvm.app.AppBase.loadClass(AppBase.java:370)
May 18 10:57:57 localhost app-41:       com.untangle.uvm.AppManagerImpl$3.run(AppManagerImpl.java:1128)
May 18 10:57:57 localhost app-41:       com.untangle.uvm.UvmContextImpl$1.run(UvmContextImpl.java:626)
May 18 10:57:57 localhost app-41:       java.base/java.lang.Thread.run(Thread.java:834)
May 18 10:57:57 localhost app-41: [AppBase] <> INFO  Started    wireguard-vpn [41] ...
May 18 11:06:56 localhost app-41: [AppBase] <> INFO  Stopping   wireguard-vpn [41] ...
May 18 11:06:56 localhost app-41: [WireGuardVpnManager] <> INFO  Stopping WireGuard interface and tunnels
May 18 11:06:56 localhost app-41: [WireGuardVpnManager] <> INFO  /usr/bin/wg-quick: 
May 18 11:06:56 localhost app-41: [WireGuardVpnManager] <> INFO  /usr/bin/wg-quick: wg-quick: `wg0' is not a WireGuard interface
May 18 11:06:56 localhost app-41: [WireGuardVpnManager] <> ERROR Failed calling WireGuard start script (return code: 1)
May 18 11:06:56 localhost app-41: [WireGuardVpnManager] <> INFO  /etc/untangle/iptables-rules.d/720-wireguard-vpn: 
May 18 11:06:56 localhost app-41: [WireGuardVpnManager] <> INFO  /etc/untangle/iptables-rules.d/720-wireguard-vpn: 
May 18 11:06:56 localhost app-41: [AppBase] <> INFO  Stopped    wireguard-vpn [41] ...
May 18 11:07:07 localhost app-41: [WireGuardVpnApp] <> INFO  Loading Settings...
May 18 11:07:07 localhost app-41: [AppBase] <> INFO  Starting   wireguard-vpn [41] ...
May 18 11:07:08 localhost app-41: [WireGuardVpnApp] <> ERROR Error during startup
May 18 11:07:08 localhost app-41:       java.lang.RuntimeException: sync-settings failed: returned 1
May 18 11:07:08 localhost app-41:       com.untangle.uvm.SyncSettingsImpl.run(SyncSettingsImpl.java:62)
May 18 11:07:08 localhost app-41:       com.untangle.app.wireguard_vpn.WireGuardVpnManager.configure(WireGuardVpnManager.java:108)
May 18 11:07:08 localhost app-41:       com.untangle.app.wireguard_vpn.WireGuardVpnApp.postStart(WireGuardVpnApp.java:217)
May 18 11:07:08 localhost app-41:       com.untangle.uvm.app.AppBase.start(AppBase.java:916)
May 18 11:07:08 localhost app-41:       com.untangle.uvm.app.AppBase.resumeState(AppBase.java:242)
May 18 11:07:08 localhost app-41:       com.untangle.uvm.app.AppBase.loadClass(AppBase.java:370)
May 18 11:07:08 localhost app-41:       com.untangle.uvm.AppManagerImpl$3.run(AppManagerImpl.java:1128)
May 18 11:07:08 localhost app-41:       com.untangle.uvm.UvmContextImpl$1.run(UvmContextImpl.java:626)
May 18 11:07:08 localhost app-41:       java.base/java.lang.Thread.run(Thread.java:834)
May 18 11:07:08 localhost app-41: [WireGuardVpnManager] <> INFO  Stopping WireGuard interface and tunnels
May 18 11:07:08 localhost app-41: [WireGuardVpnManager] <> INFO  /usr/bin/wg-quick: 
May 18 11:07:08 localhost app-41: [WireGuardVpnManager] <> INFO  /usr/bin/wg-quick: wg-quick: `wg0' is not a WireGuard interface
May 18 11:07:08 localhost app-41: [WireGuardVpnManager] <> ERROR Failed calling WireGuard start script (return code: 1)
May 18 11:07:09 localhost app-41: [WireGuardVpnManager] <> INFO  /etc/untangle/iptables-rules.d/720-wireguard-vpn: 
May 18 11:07:09 localhost app-41: [WireGuardVpnManager] <> INFO  /etc/untangle/iptables-rules.d/720-wireguard-vpn: 
May 18 11:07:09 localhost app-41: [AppBase] <> WARN  Exception in postStart().
May 18 11:07:09 localhost app-41:       java.lang.RuntimeException: java.lang.RuntimeException: sync-settings failed: returned 1
May 18 11:07:09 localhost app-41:       com.untangle.app.wireguard_vpn.WireGuardVpnApp.postStart(WireGuardVpnApp.java:226)
May 18 11:07:09 localhost app-41:       com.untangle.uvm.app.AppBase.start(AppBase.java:916)
May 18 11:07:09 localhost app-41:       com.untangle.uvm.app.AppBase.resumeState(AppBase.java:242)
May 18 11:07:09 localhost app-41:       com.untangle.uvm.app.AppBase.loadClass(AppBase.java:370)
May 18 11:07:09 localhost app-41:       com.untangle.uvm.AppManagerImpl$3.run(AppManagerImpl.java:1128)
May 18 11:07:09 localhost app-41:       com.untangle.uvm.UvmContextImpl$1.run(UvmContextImpl.java:626)
May 18 11:07:09 localhost app-41:       java.base/java.lang.Thread.run(Thread.java:834)
May 18 11:07:09 localhost app-41: [AppBase] <> INFO  Started    wireguard-vpn [41] ...
May 18 12:04:21 localhost app-41: [AppBase] <> INFO  Stopping   wireguard-vpn [41] ...
May 18 12:04:21 localhost app-41: [WireGuardVpnManager] <> INFO  Stopping WireGuard interface and tunnels
May 18 12:04:21 localhost app-41: [WireGuardVpnManager] <> INFO  /usr/bin/wg-quick: 
May 18 12:04:21 localhost app-41: [WireGuardVpnManager] <> INFO  /usr/bin/wg-quick: wg-quick: `wg0' is not a WireGuard interface
May 18 12:04:21 localhost app-41: [WireGuardVpnManager] <> ERROR Failed calling WireGuard start script (return code: 1)
May 18 12:04:21 localhost app-41: [WireGuardVpnManager] <> INFO  /etc/untangle/iptables-rules.d/720-wireguard-vpn: 
May 18 12:04:21 localhost app-41: [WireGuardVpnManager] <> INFO  /etc/untangle/iptables-rules.d/720-wireguard-vpn: 
May 18 12:04:21 localhost app-41: [AppBase] <> INFO  Stopped    wireguard-vpn [41] ...
May 18 12:04:47 localhost app-41: [WireGuardVpnApp] <> INFO  Loading Settings...
May 18 12:04:47 localhost app-41: [AppBase] <> INFO  Starting   wireguard-vpn [41] ...
May 18 12:04:47 localhost app-41: [WireGuardVpnApp] <> ERROR Error during startup
May 18 12:04:47 localhost app-41:       java.lang.RuntimeException: sync-settings failed: returned 1
May 18 12:04:47 localhost app-41:       com.untangle.uvm.SyncSettingsImpl.run(SyncSettingsImpl.java:62)
May 18 12:04:47 localhost app-41:       com.untangle.app.wireguard_vpn.WireGuardVpnManager.configure(WireGuardVpnManager.java:108)
May 18 12:04:47 localhost app-41:       com.untangle.app.wireguard_vpn.WireGuardVpnApp.postStart(WireGuardVpnApp.java:217)
May 18 12:04:47 localhost app-41:       com.untangle.uvm.app.AppBase.start(AppBase.java:916)
May 18 12:04:47 localhost app-41:       com.untangle.uvm.app.AppBase.resumeState(AppBase.java:242)
May 18 12:04:47 localhost app-41:       com.untangle.uvm.app.AppBase.loadClass(AppBase.java:370)
May 18 12:04:47 localhost app-41:       com.untangle.uvm.AppManagerImpl$3.run(AppManagerImpl.java:1128)
May 18 12:04:47 localhost app-41:       com.untangle.uvm.UvmContextImpl$1.run(UvmContextImpl.java:626)
May 18 12:04:47 localhost app-41:       java.base/java.lang.Thread.run(Thread.java:834)
May 18 12:04:47 localhost app-41: [WireGuardVpnManager] <> INFO  Stopping WireGuard interface and tunnels
May 18 12:04:48 localhost app-41: [WireGuardVpnManager] <> INFO  /usr/bin/wg-quick: 
May 18 12:04:48 localhost app-41: [WireGuardVpnManager] <> INFO  /usr/bin/wg-quick: wg-quick: `wg0' is not a WireGuard interface
May 18 12:04:48 localhost app-41: [WireGuardVpnManager] <> ERROR Failed calling WireGuard start script (return code: 1)
May 18 12:04:48 localhost app-41: [WireGuardVpnManager] <> INFO  /etc/untangle/iptables-rules.d/720-wireguard-vpn: 
May 18 12:04:48 localhost app-41: [WireGuardVpnManager] <> INFO  /etc/untangle/iptables-rules.d/720-wireguard-vpn: 
May 18 12:04:48 localhost app-41: [AppBase] <> WARN  Exception in postStart().
May 18 12:04:48 localhost app-41:       java.lang.RuntimeException: java.lang.RuntimeException: sync-settings failed: returned 1
May 18 12:04:48 localhost app-41:       com.untangle.app.wireguard_vpn.WireGuardVpnApp.postStart(WireGuardVpnApp.java:226)
May 18 12:04:48 localhost app-41:       com.untangle.uvm.app.AppBase.start(AppBase.java:916)
May 18 12:04:48 localhost app-41:       com.untangle.uvm.app.AppBase.resumeState(AppBase.java:242)
May 18 12:04:48 localhost app-41:       com.untangle.uvm.app.AppBase.loadClass(AppBase.java:370)
May 18 12:04:48 localhost app-41:       com.untangle.uvm.AppManagerImpl$3.run(AppManagerImpl.java:1128)
May 18 12:04:48 localhost app-41:       com.untangle.uvm.UvmContextImpl$1.run(UvmContextImpl.java:626)
May 18 12:04:48 localhost app-41:       java.base/java.lang.Thread.run(Thread.java:834)
May 18 12:04:48 localhost app-41: [AppBase] <> INFO  Started    wireguard-vpn [41] ...
May 18 12:12:27 localhost app-41: [AppBase] <> INFO  Stopping   wireguard-vpn [41] ...
May 18 12:12:27 localhost app-41: [WireGuardVpnManager] <> INFO  Stopping WireGuard interface and tunnels
May 18 12:12:27 localhost app-41: [WireGuardVpnManager] <> INFO  /usr/bin/wg-quick: 
May 18 12:12:27 localhost app-41: [WireGuardVpnManager] <> INFO  /usr/bin/wg-quick: wg-quick: `wg0' is not a WireGuard interface
May 18 12:12:27 localhost app-41: [WireGuardVpnManager] <> ERROR Failed calling WireGuard start script (return code: 1)
May 18 12:12:27 localhost app-41: [WireGuardVpnManager] <> INFO  /etc/untangle/iptables-rules.d/720-wireguard-vpn: 
May 18 12:12:27 localhost app-41: [WireGuardVpnManager] <> INFO  /etc/untangle/iptables-rules.d/720-wireguard-vpn: 
May 18 12:12:27 localhost app-41: [AppBase] <> INFO  Stopped    wireguard-vpn [41] ...
May 18 12:12:30 localhost app-41: [AppBase] <> INFO  No valid license for: wireguard-vpn
May 18 12:12:30 localhost app-41: [AppBase] <> INFO  Requesting trial for: wireguard-vpn
May 18 12:12:30 localhost app-41: [WireGuardVpnApp] <> INFO  Loading Settings...
May 18 12:12:30 localhost app-41: [AppBase] <> INFO  Starting   wireguard-vpn [41] ...
May 18 12:12:31 localhost app-41: [WireGuardVpnApp] <> ERROR Error during startup
May 18 12:12:31 localhost app-41:       java.lang.RuntimeException: sync-settings failed: returned 1
May 18 12:12:31 localhost app-41:       com.untangle.uvm.SyncSettingsImpl.run(SyncSettingsImpl.java:62)
May 18 12:12:31 localhost app-41:       com.untangle.app.wireguard_vpn.WireGuardVpnManager.configure(WireGuardVpnManager.java:108)
May 18 12:12:31 localhost app-41:       com.untangle.app.wireguard_vpn.WireGuardVpnApp.postStart(WireGuardVpnApp.java:217)
May 18 12:12:31 localhost app-41:       com.untangle.uvm.app.AppBase.start(AppBase.java:916)
May 18 12:12:31 localhost app-41:       com.untangle.uvm.app.AppBase.resumeState(AppBase.java:242)
May 18 12:12:31 localhost app-41:       com.untangle.uvm.app.AppBase.loadClass(AppBase.java:370)
May 18 12:12:31 localhost app-41:       com.untangle.uvm.AppManagerImpl$3.run(AppManagerImpl.java:1128)
May 18 12:12:31 localhost app-41:       com.untangle.uvm.UvmContextImpl$1.run(UvmContextImpl.java:626)
May 18 12:12:31 localhost app-41:       java.base/java.lang.Thread.run(Thread.java:834)
May 18 12:12:31 localhost app-41: [WireGuardVpnManager] <> INFO  Stopping WireGuard interface and tunnels
May 18 12:12:32 localhost app-41: [WireGuardVpnManager] <> INFO  /usr/bin/wg-quick: 
May 18 12:12:32 localhost app-41: [WireGuardVpnManager] <> INFO  /usr/bin/wg-quick: wg-quick: `wg0' is not a WireGuard interface
May 18 12:12:32 localhost app-41: [WireGuardVpnManager] <> ERROR Failed calling WireGuard start script (return code: 1)
May 18 12:12:32 localhost app-41: [WireGuardVpnManager] <> INFO  /etc/untangle/iptables-rules.d/720-wireguard-vpn: 
May 18 12:12:32 localhost app-41: [WireGuardVpnManager] <> INFO  /etc/untangle/iptables-rules.d/720-wireguard-vpn: 
May 18 12:12:32 localhost app-41: [AppBase] <> WARN  Exception in postStart().
May 18 12:12:32 localhost app-41:       java.lang.RuntimeException: java.lang.RuntimeException: sync-settings failed: returned 1
May 18 12:12:32 localhost app-41:       com.untangle.app.wireguard_vpn.WireGuardVpnApp.postStart(WireGuardVpnApp.java:226)
May 18 12:12:32 localhost app-41:       com.untangle.uvm.app.AppBase.start(AppBase.java:916)
May 18 12:12:32 localhost app-41:       com.untangle.uvm.app.AppBase.resumeState(AppBase.java:242)
May 18 12:12:32 localhost app-41:       com.untangle.uvm.app.AppBase.loadClass(AppBase.java:370)
May 18 12:12:32 localhost app-41:       com.untangle.uvm.AppManagerImpl$3.run(AppManagerImpl.java:1128)
May 18 12:12:32 localhost app-41:       com.untangle.uvm.UvmContextImpl$1.run(UvmContextImpl.java:626)
May 18 12:12:32 localhost app-41:       java.base/java.lang.Thread.run(Thread.java:834)
May 18 12:12:32 localhost app-41: [AppBase] <> INFO  Started    wireguard-vpn [41] ...
May 18 12:13:48 localhost app-41: [AppBase] <> INFO  Stopping   wireguard-vpn [41] ...
May 18 12:13:48 localhost app-41: [WireGuardVpnManager] <> INFO  Stopping WireGuard interface and tunnels
May 18 12:13:48 localhost app-41: [WireGuardVpnManager] <> INFO  /usr/bin/wg-quick: 
May 18 12:13:48 localhost app-41: [WireGuardVpnManager] <> INFO  /usr/bin/wg-quick: wg-quick: `wg0' is not a WireGuard interface
May 18 12:13:48 localhost app-41: [WireGuardVpnManager] <> ERROR Failed calling WireGuard start script (return code: 1)
May 18 12:13:48 localhost app-41: [WireGuardVpnManager] <> INFO  /etc/untangle/iptables-rules.d/720-wireguard-vpn: 
May 18 12:13:48 localhost app-41: [WireGuardVpnManager] <> INFO  /etc/untangle/iptables-rules.d/720-wireguard-vpn: 
May 18 12:13:48 localhost app-41: [AppBase] <> INFO  Stopped    wireguard-vpn [41] ...
May 20 11:51:56 localhost app-41: [WireGuardVpnApp] <> INFO  Loading Settings...
May 20 11:51:56 localhost app-41: [AppBase] <> INFO  Starting   wireguard-vpn [41] ...
May 20 11:51:57 localhost app-41: [WireGuardVpnApp] <> ERROR Error during startup
May 20 11:51:57 localhost app-41:       java.lang.RuntimeException: sync-settings failed: returned 1
May 20 11:51:57 localhost app-41:       com.untangle.uvm.SyncSettingsImpl.run(SyncSettingsImpl.java:62)
May 20 11:51:57 localhost app-41:       com.untangle.app.wireguard_vpn.WireGuardVpnManager.configure(WireGuardVpnManager.java:108)
May 20 11:51:57 localhost app-41:       com.untangle.app.wireguard_vpn.WireGuardVpnApp.postStart(WireGuardVpnApp.java:217)
May 20 11:51:57 localhost app-41:       com.untangle.uvm.app.AppBase.start(AppBase.java:916)
May 20 11:51:57 localhost app-41:       com.untangle.uvm.app.AppBase.resumeState(AppBase.java:242)
May 20 11:51:57 localhost app-41:       com.untangle.uvm.app.AppBase.loadClass(AppBase.java:370)
May 20 11:51:57 localhost app-41:       com.untangle.uvm.AppManagerImpl$3.run(AppManagerImpl.java:1128)
May 20 11:51:57 localhost app-41:       com.untangle.uvm.UvmContextImpl$1.run(UvmContextImpl.java:626)
May 20 11:51:57 localhost app-41:       java.base/java.lang.Thread.run(Thread.java:834)
May 20 11:51:57 localhost app-41: [WireGuardVpnManager] <> INFO  Stopping WireGuard interface and tunnels
May 20 11:51:57 localhost app-41: [WireGuardVpnManager] <> INFO  /usr/bin/wg-quick: 
May 20 11:51:57 localhost app-41: [WireGuardVpnManager] <> INFO  /usr/bin/wg-quick: wg-quick: `wg0' is not a WireGuard interface
May 20 11:51:57 localhost app-41: [WireGuardVpnManager] <> ERROR Failed calling WireGuard start script (return code: 1)
May 20 11:51:58 localhost app-41: [WireGuardVpnManager] <> INFO  /etc/untangle/iptables-rules.d/720-wireguard-vpn: 
May 20 11:51:58 localhost app-41: [WireGuardVpnManager] <> INFO  /etc/untangle/iptables-rules.d/720-wireguard-vpn: 
May 20 11:51:58 localhost app-41: [AppBase] <> WARN  Exception in postStart().
May 20 11:51:58 localhost app-41:       java.lang.RuntimeException: java.lang.RuntimeException: sync-settings failed: returned 1
May 20 11:51:58 localhost app-41:       com.untangle.app.wireguard_vpn.WireGuardVpnApp.postStart(WireGuardVpnApp.java:226)
May 20 11:51:58 localhost app-41:       com.untangle.uvm.app.AppBase.start(AppBase.java:916)
May 20 11:51:58 localhost app-41:       com.untangle.uvm.app.AppBase.resumeState(AppBase.java:242)
May 20 11:51:58 localhost app-41:       com.untangle.uvm.app.AppBase.loadClass(AppBase.java:370)
May 20 11:51:58 localhost app-41:       com.untangle.uvm.AppManagerImpl$3.run(AppManagerImpl.java:1128)
May 20 11:51:58 localhost app-41:       com.untangle.uvm.UvmContextImpl$1.run(UvmContextImpl.java:626)
May 20 11:51:58 localhost app-41:       java.base/java.lang.Thread.run(Thread.java:834)
May 20 11:51:58 localhost app-41: [AppBase] <> INFO  Started    wireguard-vpn [41] ...
May 20 13:43:09 localhost app-41: [AppBase] <> INFO  Stopping   wireguard-vpn [41] ...
May 20 13:43:09 localhost app-41: [WireGuardVpnManager] <> INFO  Stopping WireGuard interface and tunnels
May 20 13:43:10 localhost app-41: [WireGuardVpnManager] <> INFO  /usr/bin/wg-quick: 
May 20 13:43:10 localhost app-41: [WireGuardVpnManager] <> INFO  /usr/bin/wg-quick: wg-quick: `wg0' is not a WireGuard interface
May 20 13:43:10 localhost app-41: [WireGuardVpnManager] <> ERROR Failed calling WireGuard start script (return code: 1)
May 20 13:43:10 localhost app-41: [WireGuardVpnManager] <> INFO  /etc/untangle/iptables-rules.d/720-wireguard-vpn: 
May 20 13:43:10 localhost app-41: [WireGuardVpnManager] <> INFO  /etc/untangle/iptables-rules.d/720-wireguard-vpn: 
May 20 13:43:10 localhost app-41: [AppBase] <> INFO  Stopped    wireguard-vpn [41] ...
May 20 13:43:13 localhost app-41: [AppBase] <> INFO  No valid license for: wireguard-vpn
May 20 13:43:13 localhost app-41: [AppBase] <> INFO  Requesting trial for: wireguard-vpn
May 20 13:43:13 localhost app-41: [WireGuardVpnApp] <> INFO  Loading Settings...
May 20 13:43:13 localhost app-41: [AppBase] <> INFO  Starting   wireguard-vpn [41] ...
May 20 13:43:14 localhost app-41: [WireGuardVpnApp] <> ERROR Error during startup
May 20 13:43:14 localhost app-41:       java.lang.RuntimeException: sync-settings failed: returned 1
May 20 13:43:14 localhost app-41:       com.untangle.uvm.SyncSettingsImpl.run(SyncSettingsImpl.java:62)
May 20 13:43:14 localhost app-41:       com.untangle.app.wireguard_vpn.WireGuardVpnManager.configure(WireGuardVpnManager.java:108)
May 20 13:43:14 localhost app-41:       com.untangle.app.wireguard_vpn.WireGuardVpnApp.postStart(WireGuardVpnApp.java:217)
May 20 13:43:14 localhost app-41:       com.untangle.uvm.app.AppBase.start(AppBase.java:916)
May 20 13:43:14 localhost app-41:       com.untangle.uvm.app.AppBase.resumeState(AppBase.java:242)
May 20 13:43:14 localhost app-41:       com.untangle.uvm.app.AppBase.loadClass(AppBase.java:370)
May 20 13:43:14 localhost app-41:       com.untangle.uvm.AppManagerImpl$3.run(AppManagerImpl.java:1128)
May 20 13:43:14 localhost app-41:       com.untangle.uvm.UvmContextImpl$1.run(UvmContextImpl.java:626)
May 20 13:43:14 localhost app-41:       java.base/java.lang.Thread.run(Thread.java:834)
May 20 13:43:14 localhost app-41: [WireGuardVpnManager] <> INFO  Stopping WireGuard interface and tunnels
May 20 13:43:14 localhost app-41: [WireGuardVpnManager] <> INFO  /usr/bin/wg-quick: 
May 20 13:43:14 localhost app-41: [WireGuardVpnManager] <> INFO  /usr/bin/wg-quick: wg-quick: `wg0' is not a WireGuard interface
May 20 13:43:14 localhost app-41: [WireGuardVpnManager] <> ERROR Failed calling WireGuard start script (return code: 1)
May 20 13:43:14 localhost app-41: [WireGuardVpnManager] <> INFO  /etc/untangle/iptables-rules.d/720-wireguard-vpn: 
May 20 13:43:14 localhost app-41: [WireGuardVpnManager] <> INFO  /etc/untangle/iptables-rules.d/720-wireguard-vpn: 
May 20 13:43:14 localhost app-41: [AppBase] <> WARN  Exception in postStart().
May 20 13:43:14 localhost app-41:       java.lang.RuntimeException: java.lang.RuntimeException: sync-settings failed: returned 1
May 20 13:43:14 localhost app-41:       com.untangle.app.wireguard_vpn.WireGuardVpnApp.postStart(WireGuardVpnApp.java:226)
May 20 13:43:14 localhost app-41:       com.untangle.uvm.app.AppBase.start(AppBase.java:916)
May 20 13:43:14 localhost app-41:       com.untangle.uvm.app.AppBase.resumeState(AppBase.java:242)
May 20 13:43:14 localhost app-41:       com.untangle.uvm.app.AppBase.loadClass(AppBase.java:370)
May 20 13:43:14 localhost app-41:       com.untangle.uvm.AppManagerImpl$3.run(AppManagerImpl.java:1128)
May 20 13:43:14 localhost app-41:       com.untangle.uvm.UvmContextImpl$1.run(UvmContextImpl.java:626)
May 20 13:43:14 localhost app-41:       java.base/java.lang.Thread.run(Thread.java:834)
May 20 13:43:14 localhost app-41: [AppBase] <> INFO  Started    wireguard-vpn [41] ...
May 20 13:45:13 localhost app-41: [AppBase] <> INFO  Stopping   wireguard-vpn [41] ...
May 20 13:45:13 localhost app-41: [WireGuardVpnManager] <> INFO  Stopping WireGuard interface and tunnels
May 20 13:45:13 localhost app-41: [WireGuardVpnManager] <> INFO  /usr/bin/wg-quick: 
May 20 13:45:13 localhost app-41: [WireGuardVpnManager] <> INFO  /usr/bin/wg-quick: wg-quick: `wg0' is not a WireGuard interface
May 20 13:45:13 localhost app-41: [WireGuardVpnManager] <> ERROR Failed calling WireGuard start script (return code: 1)
May 20 13:45:13 localhost app-41: [WireGuardVpnManager] <> INFO  /etc/untangle/iptables-rules.d/720-wireguard-vpn: 
May 20 13:45:13 localhost app-41: [WireGuardVpnManager] <> INFO  /etc/untangle/iptables-rules.d/720-wireguard-vpn: 
May 20 13:45:13 localhost app-41: [AppBase] <> INFO  Stopped    wireguard-vpn [41] ...
Jul  5 13:34:09 localhost app-41: [ThreatPreventionApp] <> WARN  No settings found - Initializing new settings.
Jul  5 13:34:09 localhost app-41: [ThreatPreventionApp] <> INFO  Creating the default settings...
