Apr 23 09:21:06 localhost app-65: [AppBase] <> INFO  Stopping   threat-prevention [65] ...
Apr 23 09:21:06 localhost app-65: [AppBase] <> INFO  killMatchingSessions()
Apr 23 09:21:06 localhost app-65: [AppBase] <> INFO  Stopped    threat-prevention [65] ...
Apr 23 09:21:18 localhost app-65: [ThreatPreventionApp] <> INFO  Loading Settings...
Apr 23 09:21:18 localhost app-65: [AppBase] <> INFO  killMatchingSessions()
Apr 23 09:21:18 localhost app-65: [AppBase] <> INFO  Starting   threat-prevention [65] ...
Apr 23 09:21:18 localhost app-65: [AppBase] <> INFO  killMatchingSessions()
Apr 23 09:21:19 localhost app-65: [AppBase] <> INFO  killMatchingSessions()
Apr 23 09:21:19 localhost app-65: [AppBase] <> INFO  Started    threat-prevention [65] ...
Apr 23 09:34:20 localhost app-65: [AppBase] <> INFO  Stopping   threat-prevention [65] ...
Apr 23 09:34:20 localhost app-65: [AppBase] <> INFO  Stopped    threat-prevention [65] ...
Apr 23 09:34:20 localhost app-65: [AppBase] <> INFO  killMatchingSessions()
Apr 23 09:34:32 localhost app-65: [ThreatPreventionApp] <> INFO  Loading Settings...
Apr 23 09:34:32 localhost app-65: [AppBase] <> INFO  killMatchingSessions()
Apr 23 09:34:32 localhost app-65: [AppBase] <> INFO  Starting   threat-prevention [65] ...
Apr 23 09:34:32 localhost app-65: [AppBase] <> INFO  killMatchingSessions()
Apr 23 09:34:33 localhost app-65: [AppBase] <> INFO  killMatchingSessions()
Apr 23 09:34:33 localhost app-65: [AppBase] <> INFO  Started    threat-prevention [65] ...
Apr 23 09:42:28 localhost app-65: [AppBase] <> INFO  Stopping   threat-prevention [65] ...
Apr 23 09:42:28 localhost app-65: [AppBase] <> INFO  killMatchingSessions()
Apr 23 09:42:28 localhost app-65: [AppBase] <> INFO  Stopped    threat-prevention [65] ...
Apr 23 09:42:40 localhost app-65: [ThreatPreventionApp] <> INFO  Loading Settings...
Apr 23 09:42:40 localhost app-65: [AppBase] <> INFO  killMatchingSessions()
Apr 23 09:42:40 localhost app-65: [AppBase] <> INFO  Starting   threat-prevention [65] ...
Apr 23 09:42:40 localhost app-65: [AppBase] <> INFO  killMatchingSessions()
Apr 23 09:42:42 localhost app-65: [AppBase] <> INFO  killMatchingSessions()
Apr 23 09:42:42 localhost app-65: [AppBase] <> INFO  Started    threat-prevention [65] ...
Apr 23 09:43:42 localhost app-65: [AppBase] <> INFO  Stopping   threat-prevention [65] ...
Apr 23 09:43:42 localhost app-65: [AppBase] <> INFO  killMatchingSessions()
Apr 23 09:43:42 localhost app-65: [AppBase] <> INFO  Stopped    threat-prevention [65] ...
Apr 23 09:43:54 localhost app-65: [ThreatPreventionApp] <> INFO  Loading Settings...
Apr 23 09:43:54 localhost app-65: [AppBase] <> INFO  killMatchingSessions()
Apr 23 09:43:54 localhost app-65: [AppBase] <> INFO  Starting   threat-prevention [65] ...
Apr 23 09:43:54 localhost app-65: [AppBase] <> INFO  killMatchingSessions()
Apr 23 09:43:55 localhost app-65: [AppBase] <> INFO  killMatchingSessions()
Apr 23 09:43:55 localhost app-65: [AppBase] <> INFO  Started    threat-prevention [65] ...
Apr 23 09:44:55 localhost app-65: [AppBase] <> INFO  Stopping   threat-prevention [65] ...
Apr 23 09:44:56 localhost app-65: [AppBase] <> INFO  killMatchingSessions()
Apr 23 09:44:56 localhost app-65: [AppBase] <> INFO  Stopped    threat-prevention [65] ...
Apr 23 09:45:07 localhost app-65: [ThreatPreventionApp] <> INFO  Loading Settings...
Apr 23 09:45:07 localhost app-65: [AppBase] <> INFO  killMatchingSessions()
Apr 23 09:45:07 localhost app-65: [AppBase] <> INFO  Starting   threat-prevention [65] ...
Apr 23 09:45:07 localhost app-65: [AppBase] <> INFO  killMatchingSessions()
Apr 23 09:45:09 localhost app-65: [AppBase] <> INFO  killMatchingSessions()
Apr 23 09:45:09 localhost app-65: [AppBase] <> INFO  Started    threat-prevention [65] ...
Apr 23 09:51:51 localhost app-65: [AppBase] <> INFO  Stopping   threat-prevention [65] ...
Apr 23 09:51:51 localhost app-65: [AppBase] <> INFO  killMatchingSessions()
Apr 23 09:51:51 localhost app-65: [AppBase] <> INFO  Stopped    threat-prevention [65] ...
Apr 23 09:52:02 localhost app-65: [ThreatPreventionApp] <> INFO  Loading Settings...
Apr 23 09:52:02 localhost app-65: [AppBase] <> INFO  killMatchingSessions()
Apr 23 09:52:02 localhost app-65: [AppBase] <> INFO  Starting   threat-prevention [65] ...
Apr 23 09:52:02 localhost app-65: [AppBase] <> INFO  killMatchingSessions()
Apr 23 09:52:04 localhost app-65: [AppBase] <> INFO  killMatchingSessions()
Apr 23 09:52:04 localhost app-65: [AppBase] <> INFO  Started    threat-prevention [65] ...
Apr 23 09:55:04 localhost app-65: [AppBase] <> INFO  Stopping   threat-prevention [65] ...
Apr 23 09:55:04 localhost app-65: [AppBase] <> INFO  killMatchingSessions()
Apr 23 09:55:04 localhost app-65: [AppBase] <> INFO  Stopped    threat-prevention [65] ...
Apr 23 09:55:16 localhost app-65: [ThreatPreventionApp] <> INFO  Loading Settings...
Apr 23 09:55:16 localhost app-65: [AppBase] <> INFO  killMatchingSessions()
Apr 23 09:55:16 localhost app-65: [AppBase] <> INFO  Starting   threat-prevention [65] ...
Apr 23 09:55:16 localhost app-65: [AppBase] <> INFO  killMatchingSessions()
Apr 23 09:55:17 localhost app-65: [AppBase] <> INFO  killMatchingSessions()
Apr 23 09:55:17 localhost app-65: [AppBase] <> INFO  Started    threat-prevention [65] ...
Apr 23 10:04:07 localhost app-65: [AppBase] <> INFO  Stopping   threat-prevention [65] ...
Apr 23 10:04:08 localhost app-65: [SessionTableImpl] <> INFO  shutdownMatches() Shutdown  session[104048237871288]: TCP| 192.168.252.56:61919 -> 72.21.81.240:80
Apr 23 10:04:08 localhost app-65: [SessionTableImpl] <> INFO  shutdownMatches() Shutdown  session[104048237871169]: TCP| 192.168.252.56:61643 -> 172.253.122.188:5228
Apr 23 10:04:08 localhost app-65: [SessionTableImpl] <> INFO  shutdownMatches() shutdown 1 sessions.
Apr 23 10:04:08 localhost app-65: [SessionTableImpl] <> INFO  shutdownMatches() Shutdown  session[104048237871288]: TCP| 192.168.252.56:61919 -> 72.21.81.240:80
Apr 23 10:04:08 localhost app-65: [SessionTableImpl] <> INFO  shutdownMatches() shutdown 1 sessions.
Apr 23 10:04:08 localhost app-65: [SessionTableImpl] <> INFO  shutdownMatches() Shutdown  session[104048237871288]: TCP| 192.168.252.56:61919 -> 72.21.81.240:80
Apr 23 10:04:08 localhost app-65: [SessionTableImpl] <> INFO  shutdownMatches() shutdown 1 sessions.
Apr 23 10:04:08 localhost app-65: [SessionTableImpl] <> INFO  shutdownMatches() Shutdown  session[104048237871288]: TCP| 192.168.252.56:61919 -> 72.21.81.240:80
Apr 23 10:04:08 localhost app-65: [SessionTableImpl] <> INFO  shutdownMatches() shutdown 1 sessions.
Apr 23 10:04:08 localhost app-65: [SessionTableImpl] <> INFO  shutdownMatches() Shutdown  session[104048237871169]: TCP| 192.168.252.56:61643 -> 172.253.122.188:5228
Apr 23 10:04:08 localhost app-65: [SessionTableImpl] <> INFO  shutdownMatches() Shutdown  session[104048237871288]: TCP| 192.168.252.56:61919 -> 72.21.81.240:80
Apr 23 10:04:08 localhost app-65: [SessionTableImpl] <> INFO  shutdownMatches() Shutdown  session[104048237871288]: TCP| 192.168.252.56:61919 -> 72.21.81.240:80
Apr 23 10:04:08 localhost app-65: [SessionTableImpl] <> INFO  shutdownMatches() shutdown 2 sessions.
Apr 23 10:04:08 localhost app-65: [AppBase] <> INFO  killMatchingSessions()
Apr 23 10:04:08 localhost app-65: [SessionTableImpl] <> INFO  shutdownMatches() shutdown 2 sessions.
Apr 23 10:04:08 localhost app-65: [SessionTableImpl] <> INFO  shutdownMatches() Shutdown  session[104048237871169]: TCP| 192.168.252.56:61643 -> 172.253.122.188:5228
Apr 23 10:04:08 localhost app-65: [SessionTableImpl] <> INFO  shutdownMatches() shutdown 1 sessions.
Apr 23 10:04:08 localhost app-65: [SessionTableImpl] <> INFO  shutdownMatches() Shutdown  session[104048237871169]: TCP| 192.168.252.56:61643 -> 172.253.122.188:5228
Apr 23 10:04:08 localhost app-65: [SessionTableImpl] <> INFO  shutdownMatches() shutdown 1 sessions.
Apr 23 10:04:08 localhost app-65: [AppBase] <> INFO  Stopped    threat-prevention [65] ...
Sep 25 09:20:09 localhost app-65: [UnblockedSitesMonitor] <> INFO  UnblockedSitesMonitor initializing
Sep 25 09:20:10 localhost app-65: [AppBase] <> INFO  Starting   web-filter [65] ...
Sep 25 09:21:33 localhost app-65: [AppBase] <> INFO  Started    web-filter [65] ...
Sep 25 09:23:48 localhost app-65: [UnblockedSitesMonitor] <> INFO  UnblockedSitesMonitor initializing
Sep 25 09:23:49 localhost app-65: [AppBase] <> INFO  No valid license for: web-filter
Sep 25 09:23:49 localhost app-65: [AppBase] <> INFO  Requesting trial for: web-filter
Sep 25 09:24:10 localhost app-65: [AppBase] <> WARN  Exception fetching trial license. Ignoring...
Sep 25 09:24:10 localhost app-65:       java.lang.Exception: Unable to fetch trial license: DNS lookup failed.
Sep 25 09:24:10 localhost app-65:       com.untangle.app.license.LicenseManagerImpl.requestTrialLicense(LicenseManagerImpl.java:493)
Sep 25 09:24:10 localhost app-65:       com.untangle.uvm.app.AppBase.init(AppBase.java:857)
Sep 25 09:24:10 localhost app-65:       com.untangle.uvm.app.AppBase.resumeState(AppBase.java:245)
Sep 25 09:24:10 localhost app-65:       com.untangle.uvm.app.AppBase.loadClass(AppBase.java:373)
Sep 25 09:24:10 localhost app-65:       com.untangle.uvm.AppManagerImpl$3.run(AppManagerImpl.java:1128)
Sep 25 09:24:10 localhost app-65:       com.untangle.uvm.UvmContextImpl$1.run(UvmContextImpl.java:654)
Sep 25 09:24:10 localhost app-65:       java.base/java.lang.Thread.run(Thread.java:834)
Sep 25 09:24:10 localhost app-65: [AppBase] <> INFO  Starting   web-filter [65] ...
Sep 25 09:24:10 localhost app-65: [AppBase] <> WARN  Exception in preStart(). Reverting to INITIALIZED state.
Sep 25 09:24:10 localhost app-65:       java.lang.RuntimeException: invalid license
Sep 25 09:24:10 localhost app-65:       com.untangle.app.web_filter.WebFilterApp.preStart(WebFilterApp.java:119)
Sep 25 09:24:10 localhost app-65:       com.untangle.uvm.app.AppBase.start(AppBase.java:909)
Sep 25 09:24:10 localhost app-65:       com.untangle.uvm.app.AppBase.resumeState(AppBase.java:246)
Sep 25 09:24:10 localhost app-65:       com.untangle.uvm.app.AppBase.loadClass(AppBase.java:373)
Sep 25 09:24:10 localhost app-65:       com.untangle.uvm.AppManagerImpl$3.run(AppManagerImpl.java:1128)
Sep 25 09:24:10 localhost app-65:       com.untangle.uvm.UvmContextImpl$1.run(UvmContextImpl.java:654)
Sep 25 09:24:10 localhost app-65:       java.base/java.lang.Thread.run(Thread.java:834)
Sep 25 09:27:24 localhost app-65: [UnblockedSitesMonitor] <> INFO  UnblockedSitesMonitor initializing
Sep 25 09:27:24 localhost app-65: [AppBase] <> INFO  No valid license for: web-filter
Sep 25 09:27:24 localhost app-65: [AppBase] <> INFO  Requesting trial for: web-filter
Sep 25 09:27:46 localhost app-65: [AppBase] <> WARN  Exception fetching trial license. Ignoring...
Sep 25 09:27:46 localhost app-65:       java.lang.Exception: Unable to fetch trial license: DNS lookup failed.
Sep 25 09:27:46 localhost app-65:       com.untangle.app.license.LicenseManagerImpl.requestTrialLicense(LicenseManagerImpl.java:493)
Sep 25 09:27:46 localhost app-65:       com.untangle.uvm.app.AppBase.init(AppBase.java:857)
Sep 25 09:27:46 localhost app-65:       com.untangle.uvm.app.AppBase.resumeState(AppBase.java:245)
Sep 25 09:27:46 localhost app-65:       com.untangle.uvm.app.AppBase.loadClass(AppBase.java:373)
Sep 25 09:27:46 localhost app-65:       com.untangle.uvm.AppManagerImpl$3.run(AppManagerImpl.java:1128)
Sep 25 09:27:46 localhost app-65:       com.untangle.uvm.UvmContextImpl$1.run(UvmContextImpl.java:654)
Sep 25 09:27:46 localhost app-65:       java.base/java.lang.Thread.run(Thread.java:834)
Sep 25 09:27:46 localhost app-65: [AppBase] <> INFO  Starting   web-filter [65] ...
Sep 25 09:27:46 localhost app-65: [AppBase] <> WARN  Exception in preStart(). Reverting to INITIALIZED state.
Sep 25 09:27:46 localhost app-65:       java.lang.RuntimeException: invalid license
Sep 25 09:27:46 localhost app-65:       com.untangle.app.web_filter.WebFilterApp.preStart(WebFilterApp.java:119)
Sep 25 09:27:46 localhost app-65:       com.untangle.uvm.app.AppBase.start(AppBase.java:909)
Sep 25 09:27:46 localhost app-65:       com.untangle.uvm.app.AppBase.resumeState(AppBase.java:246)
Sep 25 09:27:46 localhost app-65:       com.untangle.uvm.app.AppBase.loadClass(AppBase.java:373)
Sep 25 09:27:46 localhost app-65:       com.untangle.uvm.AppManagerImpl$3.run(AppManagerImpl.java:1128)
Sep 25 09:27:46 localhost app-65:       com.untangle.uvm.UvmContextImpl$1.run(UvmContextImpl.java:654)
Sep 25 09:27:46 localhost app-65:       java.base/java.lang.Thread.run(Thread.java:834)
Sep 25 09:31:03 localhost app-65: [UnblockedSitesMonitor] <> INFO  UnblockedSitesMonitor initializing
Sep 25 09:31:03 localhost app-65: [AppBase] <> INFO  No valid license for: web-filter
Sep 25 09:31:03 localhost app-65: [AppBase] <> INFO  Requesting trial for: web-filter
Sep 25 09:31:25 localhost app-65: [AppBase] <> WARN  Exception fetching trial license. Ignoring...
Sep 25 09:31:25 localhost app-65:       java.lang.Exception: Unable to fetch trial license: DNS lookup failed.
Sep 25 09:31:25 localhost app-65:       com.untangle.app.license.LicenseManagerImpl.requestTrialLicense(LicenseManagerImpl.java:493)
Sep 25 09:31:25 localhost app-65:       com.untangle.uvm.app.AppBase.init(AppBase.java:857)
Sep 25 09:31:25 localhost app-65:       com.untangle.uvm.app.AppBase.resumeState(AppBase.java:245)
Sep 25 09:31:25 localhost app-65:       com.untangle.uvm.app.AppBase.loadClass(AppBase.java:373)
Sep 25 09:31:25 localhost app-65:       com.untangle.uvm.AppManagerImpl$3.run(AppManagerImpl.java:1128)
Sep 25 09:31:25 localhost app-65:       com.untangle.uvm.UvmContextImpl$1.run(UvmContextImpl.java:654)
Sep 25 09:31:25 localhost app-65:       java.base/java.lang.Thread.run(Thread.java:834)
Sep 25 09:31:27 localhost app-65: [AppBase] <> INFO  Starting   web-filter [65] ...
Sep 25 09:31:27 localhost app-65: [AppBase] <> WARN  Exception in preStart(). Reverting to INITIALIZED state.
Sep 25 09:31:28 localhost app-65:       java.lang.RuntimeException: invalid license
Sep 25 09:31:28 localhost app-65:       com.untangle.app.web_filter.WebFilterApp.preStart(WebFilterApp.java:119)
Sep 25 09:31:28 localhost app-65:       com.untangle.uvm.app.AppBase.start(AppBase.java:909)
Sep 25 09:31:28 localhost app-65:       com.untangle.uvm.app.AppBase.resumeState(AppBase.java:246)
Sep 25 09:31:28 localhost app-65:       com.untangle.uvm.app.AppBase.loadClass(AppBase.java:373)
Sep 25 09:31:28 localhost app-65:       com.untangle.uvm.AppManagerImpl$3.run(AppManagerImpl.java:1128)
Sep 25 09:31:28 localhost app-65:       com.untangle.uvm.UvmContextImpl$1.run(UvmContextImpl.java:654)
Sep 25 09:31:28 localhost app-65:       java.base/java.lang.Thread.run(Thread.java:834)
Sep 25 09:33:59 localhost app-65: [UnblockedSitesMonitor] <> INFO  UnblockedSitesMonitor initializing
Sep 25 09:33:59 localhost app-65: [AppBase] <> INFO  No valid license for: web-filter
Sep 25 09:33:59 localhost app-65: [AppBase] <> INFO  Requesting trial for: web-filter
Sep 25 09:34:15 localhost app-65: [AppBase] <> INFO  Starting   web-filter [65] ...
Sep 25 09:34:17 localhost app-65: [AppBase] <> INFO  Started    web-filter [65] ...
Sep 25 09:37:49 localhost app-65: [AppBase] <> INFO  Stopping   web-filter [65] ...
Sep 25 09:37:49 localhost app-65: [AppBase] <> INFO  Stopped    web-filter [65] ...
Sep 25 09:38:01 localhost app-65: [UnblockedSitesMonitor] <> INFO  UnblockedSitesMonitor initializing
Sep 25 09:38:03 localhost app-65: [AppBase] <> INFO  Starting   web-filter [65] ...
Sep 25 09:38:05 localhost app-65: [AppBase] <> INFO  Started    web-filter [65] ...
Sep 25 09:40:37 localhost app-65: [AppBase] <> INFO  Stopping   web-filter [65] ...
Sep 25 09:40:37 localhost app-65: [AppBase] <> INFO  Stopped    web-filter [65] ...
Sep 25 09:40:50 localhost app-65: [UnblockedSitesMonitor] <> INFO  UnblockedSitesMonitor initializing
Sep 25 09:40:50 localhost app-65: [AppBase] <> INFO  Starting   web-filter [65] ...
Sep 25 09:40:51 localhost app-65: [AppBase] <> INFO  Started    web-filter [65] ...
Sep 25 09:42:12 localhost app-65: [AppBase] <> INFO  Stopping   web-filter [65] ...
Sep 25 09:42:12 localhost app-65: [AppBase] <> INFO  Stopped    web-filter [65] ...
Sep 25 09:42:24 localhost app-65: [UnblockedSitesMonitor] <> INFO  UnblockedSitesMonitor initializing
Sep 25 09:42:25 localhost app-65: [AppBase] <> INFO  Starting   web-filter [65] ...
Sep 25 09:42:27 localhost app-65: [AppBase] <> INFO  Started    web-filter [65] ...
Sep 25 09:45:27 localhost app-65: [AppBase] <> INFO  Stopping   web-filter [65] ...
Sep 25 09:45:27 localhost app-65: [AppBase] <> INFO  Stopped    web-filter [65] ...
Sep 25 09:45:40 localhost app-65: [UnblockedSitesMonitor] <> INFO  UnblockedSitesMonitor initializing
Sep 25 09:45:41 localhost app-65: [AppBase] <> INFO  Starting   web-filter [65] ...
Sep 25 09:45:43 localhost app-65: [AppBase] <> INFO  Started    web-filter [65] ...
Sep 25 09:52:35 localhost app-65: [AppBase] <> INFO  Stopping   web-filter [65] ...
Sep 25 09:52:35 localhost app-65: [AppBase] <> INFO  Stopped    web-filter [65] ...
Sep 25 09:52:47 localhost app-65: [UnblockedSitesMonitor] <> INFO  UnblockedSitesMonitor initializing
Sep 25 09:52:48 localhost app-65: [AppBase] <> INFO  Starting   web-filter [65] ...
Sep 25 09:52:49 localhost app-65: [AppBase] <> INFO  Started    web-filter [65] ...
Sep 25 09:53:27 localhost app-65: [AppBase] <> INFO  Stopping   web-filter [65] ...
Sep 25 09:53:27 localhost app-65: [AppBase] <> INFO  Stopped    web-filter [65] ...
Sep 25 09:53:39 localhost app-65: [UnblockedSitesMonitor] <> INFO  UnblockedSitesMonitor initializing
Sep 25 09:53:40 localhost app-65: [AppBase] <> INFO  Starting   web-filter [65] ...
Sep 25 09:53:41 localhost app-65: [AppBase] <> INFO  Started    web-filter [65] ...
Sep 25 09:55:50 localhost app-65: [AppBase] <> INFO  Stopping   web-filter [65] ...
Sep 25 09:55:50 localhost app-65: [AppBase] <> INFO  Stopped    web-filter [65] ...
Sep 25 09:56:04 localhost app-65: [UnblockedSitesMonitor] <> INFO  UnblockedSitesMonitor initializing
Sep 25 09:56:05 localhost app-65: [AppBase] <> INFO  Starting   web-filter [65] ...
Sep 25 09:56:05 localhost app-65: [AppBase] <> INFO  Started    web-filter [65] ...
Sep 25 09:56:31 localhost app-65: [AppBase] <> INFO  Stopping   web-filter [65] ...
Sep 25 09:56:31 localhost app-65: [AppBase] <> INFO  Stopped    web-filter [65] ...
Sep 25 09:56:45 localhost app-65: [UnblockedSitesMonitor] <> INFO  UnblockedSitesMonitor initializing
Sep 25 09:56:46 localhost app-65: [AppBase] <> INFO  Starting   web-filter [65] ...
Sep 25 09:56:47 localhost app-65: [AppBase] <> INFO  Started    web-filter [65] ...
Sep 25 09:57:56 localhost app-65: [AppBase] <> INFO  Stopping   web-filter [65] ...
Sep 25 09:57:56 localhost app-65: [AppBase] <> INFO  Stopped    web-filter [65] ...
Sep 25 09:58:09 localhost app-65: [UnblockedSitesMonitor] <> INFO  UnblockedSitesMonitor initializing
Sep 25 09:58:09 localhost app-65: [AppBase] <> INFO  Starting   web-filter [65] ...
Sep 25 09:58:11 localhost app-65: [AppBase] <> INFO  Started    web-filter [65] ...
Sep 25 09:59:17 localhost app-65: [AppBase] <> INFO  Stopping   web-filter [65] ...
Sep 25 09:59:17 localhost app-65: [AppBase] <> INFO  Stopped    web-filter [65] ...
Sep 25 09:59:30 localhost app-65: [UnblockedSitesMonitor] <> INFO  UnblockedSitesMonitor initializing
Sep 25 09:59:30 localhost app-65: [AppBase] <> INFO  Starting   web-filter [65] ...
Sep 25 09:59:32 localhost app-65: [AppBase] <> INFO  Started    web-filter [65] ...
Sep 25 10:00:26 localhost app-65: [AppBase] <> INFO  Stopping   web-filter [65] ...
Sep 25 10:00:26 localhost app-65: [AppBase] <> INFO  Stopped    web-filter [65] ...
Sep 25 10:00:38 localhost app-65: [UnblockedSitesMonitor] <> INFO  UnblockedSitesMonitor initializing
Sep 25 10:00:40 localhost app-65: [AppBase] <> INFO  Starting   web-filter [65] ...
Sep 25 10:00:44 localhost app-65: [AppBase] <> INFO  Started    web-filter [65] ...
Sep 25 10:02:51 localhost app-65: [AppBase] <> INFO  Stopping   web-filter [65] ...
Sep 25 10:02:51 localhost app-65: [AppBase] <> INFO  Stopped    web-filter [65] ...
Sep 25 10:03:04 localhost app-65: [UnblockedSitesMonitor] <> INFO  UnblockedSitesMonitor initializing
Sep 25 10:03:05 localhost app-65: [AppBase] <> INFO  Starting   web-filter [65] ...
Sep 25 10:03:06 localhost app-65: [AppBase] <> INFO  Started    web-filter [65] ...
Sep 25 10:06:10 localhost app-65: [AppBase] <> INFO  Stopping   web-filter [65] ...
Sep 25 10:06:10 localhost app-65: [AppBase] <> INFO  Stopped    web-filter [65] ...
Sep 25 10:06:29 localhost app-65: [UnblockedSitesMonitor] <> INFO  UnblockedSitesMonitor initializing
Sep 25 10:06:30 localhost app-65: [AppBase] <> INFO  Starting   web-filter [65] ...
Sep 25 10:06:32 localhost app-65: [AppBase] <> INFO  Started    web-filter [65] ...
Sep 25 10:08:15 localhost app-65: [AppBase] <> INFO  Stopping   web-filter [65] ...
Sep 25 10:08:15 localhost app-65: [AppBase] <> INFO  Stopped    web-filter [65] ...
Sep 25 10:08:34 localhost app-65: [UnblockedSitesMonitor] <> INFO  UnblockedSitesMonitor initializing
Sep 25 10:08:34 localhost app-65: [AppBase] <> INFO  Starting   web-filter [65] ...
Sep 25 10:08:39 localhost app-65: [AppBase] <> INFO  Started    web-filter [65] ...
Sep 25 10:12:53 localhost app-65: [AppBase] <> INFO  Stopping   web-filter [65] ...
Sep 25 10:12:53 localhost app-65: [AppBase] <> INFO  Stopped    web-filter [65] ...
Sep 25 10:13:07 localhost app-65: [UnblockedSitesMonitor] <> INFO  UnblockedSitesMonitor initializing
Sep 25 10:13:08 localhost app-65: [AppBase] <> INFO  Starting   web-filter [65] ...
Sep 25 10:13:10 localhost app-65: [AppBase] <> INFO  Started    web-filter [65] ...
Sep 25 10:15:09 localhost app-65: [AppBase] <> INFO  Stopping   web-filter [65] ...
Sep 25 10:15:09 localhost app-65: [AppBase] <> INFO  Stopped    web-filter [65] ...
Sep 25 10:15:24 localhost app-65: [UnblockedSitesMonitor] <> INFO  UnblockedSitesMonitor initializing
Sep 25 10:15:25 localhost app-65: [AppBase] <> INFO  Starting   web-filter [65] ...
Sep 25 10:15:27 localhost app-65: [AppBase] <> INFO  Started    web-filter [65] ...
Sep 25 10:16:42 localhost app-65: [AppBase] <> INFO  Stopping   web-filter [65] ...
Sep 25 10:16:42 localhost app-65: [AppBase] <> INFO  Stopped    web-filter [65] ...
Sep 25 10:16:56 localhost app-65: [UnblockedSitesMonitor] <> INFO  UnblockedSitesMonitor initializing
Sep 25 10:16:57 localhost app-65: [AppBase] <> INFO  Starting   web-filter [65] ...
Sep 25 10:16:57 localhost app-65: [AppBase] <> INFO  Started    web-filter [65] ...
Sep 25 10:30:22 localhost app-65: [AppBase] <> INFO  Stopping   web-filter [65] ...
Sep 25 10:30:22 localhost app-65: [AppBase] <> INFO  Stopped    web-filter [65] ...
Sep 25 10:30:35 localhost app-65: [UnblockedSitesMonitor] <> INFO  UnblockedSitesMonitor initializing
Sep 25 10:30:36 localhost app-65: [AppBase] <> INFO  Starting   web-filter [65] ...
Sep 25 10:30:38 localhost app-65: [AppBase] <> INFO  Started    web-filter [65] ...
Sep 25 10:34:13 localhost app-65: [AppBase] <> INFO  Stopping   web-filter [65] ...
Sep 25 10:34:13 localhost app-65: [AppBase] <> INFO  Stopped    web-filter [65] ...
Sep 25 10:34:26 localhost app-65: [UnblockedSitesMonitor] <> INFO  UnblockedSitesMonitor initializing
Sep 25 10:34:27 localhost app-65: [AppBase] <> INFO  Starting   web-filter [65] ...
Sep 25 10:34:29 localhost app-65: [AppBase] <> INFO  Started    web-filter [65] ...
Sep 25 10:37:00 localhost app-65: [AppBase] <> INFO  Stopping   web-filter [65] ...
Sep 25 10:37:00 localhost app-65: [AppBase] <> INFO  Stopped    web-filter [65] ...
Sep 25 10:37:14 localhost app-65: [UnblockedSitesMonitor] <> INFO  UnblockedSitesMonitor initializing
Sep 25 10:37:16 localhost app-65: [AppBase] <> INFO  Starting   web-filter [65] ...
Sep 25 10:37:18 localhost app-65: [AppBase] <> INFO  Started    web-filter [65] ...
Sep 25 10:41:43 localhost app-65: [AppBase] <> INFO  Stopping   web-filter [65] ...
Sep 25 10:41:43 localhost app-65: [AppBase] <> INFO  Stopped    web-filter [65] ...
Sep 25 10:41:57 localhost app-65: [UnblockedSitesMonitor] <> INFO  UnblockedSitesMonitor initializing
Sep 25 10:41:59 localhost app-65: [AppBase] <> INFO  Starting   web-filter [65] ...
Sep 25 10:42:00 localhost app-65: [AppBase] <> INFO  Started    web-filter [65] ...
Sep 25 10:44:34 localhost app-65: [AppBase] <> INFO  Stopping   web-filter [65] ...
Sep 25 10:44:34 localhost app-65: [AppBase] <> INFO  Stopped    web-filter [65] ...
Sep 25 10:44:48 localhost app-65: [UnblockedSitesMonitor] <> INFO  UnblockedSitesMonitor initializing
Sep 25 10:44:50 localhost app-65: [AppBase] <> INFO  Starting   web-filter [65] ...
Sep 25 10:44:51 localhost app-65: [AppBase] <> INFO  Started    web-filter [65] ...
Sep 25 11:00:55 localhost app-65: [AppBase] <> INFO  Stopping   web-filter [65] ...
Sep 25 11:00:55 localhost app-65: [AppBase] <> INFO  Stopped    web-filter [65] ...
Sep 25 11:01:08 localhost app-65: [UnblockedSitesMonitor] <> INFO  UnblockedSitesMonitor initializing
Sep 25 11:01:08 localhost app-65: [AppBase] <> INFO  Starting   web-filter [65] ...
Sep 25 11:01:11 localhost app-65: [AppBase] <> INFO  Started    web-filter [65] ...
Sep 25 11:02:37 localhost app-65: [AppBase] <> INFO  Stopping   web-filter [65] ...
Sep 25 11:02:37 localhost app-65: [AppBase] <> INFO  Stopped    web-filter [65] ...
Sep 25 11:02:49 localhost app-65: [UnblockedSitesMonitor] <> INFO  UnblockedSitesMonitor initializing
Sep 25 11:02:50 localhost app-65: [AppBase] <> INFO  Starting   web-filter [65] ...
Sep 25 11:02:51 localhost app-65: [AppBase] <> INFO  Started    web-filter [65] ...
Sep 25 11:03:20 localhost app-65: [AppBase] <> INFO  Stopping   web-filter [65] ...
Sep 25 11:03:20 localhost app-65: [AppBase] <> INFO  Stopped    web-filter [65] ...
Sep 25 11:03:33 localhost app-65: [UnblockedSitesMonitor] <> INFO  UnblockedSitesMonitor initializing
Sep 25 11:03:33 localhost app-65: [AppBase] <> INFO  Starting   web-filter [65] ...
Sep 25 11:03:35 localhost app-65: [AppBase] <> INFO  Started    web-filter [65] ...
Sep 25 12:20:01 localhost app-65: [AppBase] <> INFO  Stopping   web-filter [65] ...
Sep 25 12:20:01 localhost app-65: [AppBase] <> INFO  Stopped    web-filter [65] ...
Sep 25 12:20:14 localhost app-65: [UnblockedSitesMonitor] <> INFO  UnblockedSitesMonitor initializing
Sep 25 12:20:14 localhost app-65: [AppBase] <> INFO  Starting   web-filter [65] ...
Sep 25 12:20:16 localhost app-65: [AppBase] <> INFO  Started    web-filter [65] ...
Sep 25 12:21:45 localhost app-65: [AppBase] <> INFO  Stopping   web-filter [65] ...
Sep 25 12:21:45 localhost app-65: [AppBase] <> INFO  Stopped    web-filter [65] ...
Sep 25 12:21:57 localhost app-65: [UnblockedSitesMonitor] <> INFO  UnblockedSitesMonitor initializing
Sep 25 12:21:58 localhost app-65: [AppBase] <> INFO  Starting   web-filter [65] ...
Sep 25 12:21:58 localhost app-65: [AppBase] <> INFO  Started    web-filter [65] ...
Sep 25 12:22:38 localhost app-65: [AppBase] <> INFO  Stopping   web-filter [65] ...
Sep 25 12:22:38 localhost app-65: [AppBase] <> INFO  Stopped    web-filter [65] ...
Sep 25 12:22:50 localhost app-65: [UnblockedSitesMonitor] <> INFO  UnblockedSitesMonitor initializing
Sep 25 12:22:50 localhost app-65: [AppBase] <> INFO  Starting   web-filter [65] ...
Sep 25 12:22:52 localhost app-65: [AppBase] <> INFO  Started    web-filter [65] ...
Sep 25 12:23:34 localhost app-65: [AppBase] <> INFO  Stopping   web-filter [65] ...
Sep 25 12:23:34 localhost app-65: [AppBase] <> INFO  Stopped    web-filter [65] ...
Sep 25 12:23:48 localhost app-65: [UnblockedSitesMonitor] <> INFO  UnblockedSitesMonitor initializing
Sep 25 12:23:49 localhost app-65: [AppBase] <> INFO  Starting   web-filter [65] ...
Sep 25 12:23:51 localhost app-65: [AppBase] <> INFO  Started    web-filter [65] ...
Sep 25 12:24:19 localhost app-65: [AppBase] <> INFO  Stopping   web-filter [65] ...
Sep 25 12:24:19 localhost app-65: [AppBase] <> INFO  Stopped    web-filter [65] ...
Sep 25 12:24:31 localhost app-65: [UnblockedSitesMonitor] <> INFO  UnblockedSitesMonitor initializing
Sep 25 12:24:32 localhost app-65: [AppBase] <> INFO  Starting   web-filter [65] ...
Sep 25 12:24:33 localhost app-65: [AppBase] <> INFO  Started    web-filter [65] ...
Sep 25 12:25:58 localhost app-65: [AppBase] <> INFO  Stopping   web-filter [65] ...
Sep 25 12:25:58 localhost app-65: [AppBase] <> INFO  Stopped    web-filter [65] ...
Sep 25 12:26:11 localhost app-65: [UnblockedSitesMonitor] <> INFO  UnblockedSitesMonitor initializing
Sep 25 12:26:12 localhost app-65: [AppBase] <> INFO  Starting   web-filter [65] ...
Sep 25 12:26:14 localhost app-65: [AppBase] <> INFO  Started    web-filter [65] ...
Sep 25 12:26:50 localhost app-65: [AppBase] <> INFO  Stopping   web-filter [65] ...
Sep 25 12:26:50 localhost app-65: [AppBase] <> INFO  Stopped    web-filter [65] ...
Sep 25 12:27:03 localhost app-65: [UnblockedSitesMonitor] <> INFO  UnblockedSitesMonitor initializing
Sep 25 12:27:03 localhost app-65: [AppBase] <> INFO  Starting   web-filter [65] ...
Sep 25 12:27:05 localhost app-65: [AppBase] <> INFO  Started    web-filter [65] ...
Sep 25 13:12:18 localhost app-65: [AppBase] <> INFO  Stopping   web-filter [65] ...
Sep 25 13:12:18 localhost app-65: [AppBase] <> INFO  Stopped    web-filter [65] ...
Sep 25 13:12:31 localhost app-65: [UnblockedSitesMonitor] <> INFO  UnblockedSitesMonitor initializing
Sep 25 13:12:32 localhost app-65: [AppBase] <> INFO  Starting   web-filter [65] ...
Sep 25 13:12:34 localhost app-65: [AppBase] <> INFO  Started    web-filter [65] ...
Sep 25 13:14:47 localhost app-65: [AppBase] <> INFO  Stopping   web-filter [65] ...
Sep 25 13:14:47 localhost app-65: [AppBase] <> INFO  Stopped    web-filter [65] ...
Sep 25 13:14:56 localhost app-65: [UnblockedSitesMonitor] <> INFO  UnblockedSitesMonitor initializing
Sep 25 13:14:57 localhost app-65: [AppBase] <> INFO  Starting   web-filter [65] ...
Sep 25 13:14:58 localhost app-65: [AppBase] <> INFO  Started    web-filter [65] ...
Sep 25 13:22:15 localhost app-65: [AppBase] <> INFO  Stopping   web-filter [65] ...
Sep 25 13:22:15 localhost app-65: [AppBase] <> INFO  Stopped    web-filter [65] ...
Oct  2 08:05:01 localhost app-65: [UnblockedSitesMonitor] <> INFO  UnblockedSitesMonitor initializing
Oct  2 08:05:03 localhost app-65: [AppBase] <> INFO  Starting   web-filter [65] ...
Oct  2 08:05:06 localhost app-65: [AppBase] <> INFO  Started    web-filter [65] ...
Oct 14 08:37:29 localhost app-65: [UnblockedSitesMonitor] <> INFO  UnblockedSitesMonitor initializing
Oct 14 08:37:29 localhost app-65: [AppBase] <> INFO  No valid license for: web-filter
Oct 14 08:37:29 localhost app-65: [AppBase] <> INFO  Requesting trial for: web-filter
Oct 14 08:38:05 localhost app-65: [AppBase] <> INFO  Starting   web-filter [65] ...
Oct 14 08:38:05 localhost app-65: [AppBase] <> WARN  Exception in preStart(). Reverting to INITIALIZED state.
Oct 14 08:38:05 localhost app-65:       java.lang.RuntimeException: invalid license
Oct 14 08:38:05 localhost app-65:       com.untangle.app.web_filter.WebFilterApp.preStart(WebFilterApp.java:119)
Oct 14 08:38:05 localhost app-65:       com.untangle.uvm.app.AppBase.start(AppBase.java:909)
Oct 14 08:38:05 localhost app-65:       com.untangle.uvm.app.AppBase.resumeState(AppBase.java:246)
Oct 14 08:38:05 localhost app-65:       com.untangle.uvm.app.AppBase.loadClass(AppBase.java:373)
Oct 14 08:38:05 localhost app-65:       com.untangle.uvm.AppManagerImpl$3.run(AppManagerImpl.java:1128)
Oct 14 08:38:05 localhost app-65:       com.untangle.uvm.UvmContextImpl$1.run(UvmContextImpl.java:654)
Oct 14 08:38:05 localhost app-65:       java.base/java.lang.Thread.run(Thread.java:834)
Oct 14 16:44:31 localhost app-65: [UnblockedSitesMonitor] <> INFO  UnblockedSitesMonitor initializing
Oct 14 16:44:31 localhost app-65: [AppBase] <> INFO  No valid license for: web-filter
Oct 14 16:44:31 localhost app-65: [AppBase] <> INFO  Requesting trial for: web-filter
Oct 14 16:44:58 localhost app-65: [AppBase] <> INFO  Starting   web-filter [65] ...
Oct 14 16:44:58 localhost app-65: [AppBase] <> WARN  Exception in preStart(). Reverting to INITIALIZED state.
Oct 14 16:44:58 localhost app-65:       java.lang.RuntimeException: invalid license
Oct 14 16:44:58 localhost app-65:       com.untangle.app.web_filter.WebFilterApp.preStart(WebFilterApp.java:119)
Oct 14 16:44:58 localhost app-65:       com.untangle.uvm.app.AppBase.start(AppBase.java:909)
Oct 14 16:44:58 localhost app-65:       com.untangle.uvm.app.AppBase.resumeState(AppBase.java:246)
Oct 14 16:44:58 localhost app-65:       com.untangle.uvm.app.AppBase.loadClass(AppBase.java:373)
Oct 14 16:44:58 localhost app-65:       com.untangle.uvm.AppManagerImpl$3.run(AppManagerImpl.java:1128)
Oct 14 16:44:58 localhost app-65:       com.untangle.uvm.UvmContextImpl$1.run(UvmContextImpl.java:654)
Oct 14 16:44:58 localhost app-65:       java.base/java.lang.Thread.run(Thread.java:834)
Oct 15 12:41:37 localhost app-65: [UnblockedSitesMonitor] <> INFO  UnblockedSitesMonitor initializing
Oct 15 12:41:37 localhost app-65: [AppBase] <> INFO  No valid license for: web-filter
Oct 15 12:41:37 localhost app-65: [AppBase] <> INFO  Requesting trial for: web-filter
Oct 15 12:42:12 localhost app-65: [AppBase] <> INFO  Starting   web-filter [65] ...
Oct 15 12:42:12 localhost app-65: [AppBase] <> WARN  Exception in preStart(). Reverting to INITIALIZED state.
Oct 15 12:42:12 localhost app-65:       java.lang.RuntimeException: invalid license
Oct 15 12:42:12 localhost app-65:       com.untangle.app.web_filter.WebFilterApp.preStart(WebFilterApp.java:119)
Oct 15 12:42:12 localhost app-65:       com.untangle.uvm.app.AppBase.start(AppBase.java:909)
Oct 15 12:42:12 localhost app-65:       com.untangle.uvm.app.AppBase.resumeState(AppBase.java:246)
Oct 15 12:42:12 localhost app-65:       com.untangle.uvm.app.AppBase.loadClass(AppBase.java:373)
Oct 15 12:42:12 localhost app-65:       com.untangle.uvm.AppManagerImpl$3.run(AppManagerImpl.java:1128)
Oct 15 12:42:12 localhost app-65:       com.untangle.uvm.UvmContextImpl$1.run(UvmContextImpl.java:654)
Oct 15 12:42:12 localhost app-65:       java.base/java.lang.Thread.run(Thread.java:834)
Oct 22 09:42:23 localhost app-65: [UnblockedSitesMonitor] <> INFO  UnblockedSitesMonitor initializing
Oct 22 09:42:23 localhost app-65: [AppBase] <> INFO  No valid license for: web-filter
Oct 22 09:42:23 localhost app-65: [AppBase] <> INFO  Requesting trial for: web-filter
Oct 22 09:42:49 localhost app-65: [AppBase] <> INFO  Starting   web-filter [65] ...
Oct 22 09:42:49 localhost app-65: [AppBase] <> WARN  Exception in preStart(). Reverting to INITIALIZED state.
Oct 22 09:42:49 localhost app-65:       java.lang.RuntimeException: invalid license
Oct 22 09:42:49 localhost app-65:       com.untangle.app.web_filter.WebFilterApp.preStart(WebFilterApp.java:119)
Oct 22 09:42:49 localhost app-65:       com.untangle.uvm.app.AppBase.start(AppBase.java:909)
Oct 22 09:42:49 localhost app-65:       com.untangle.uvm.app.AppBase.resumeState(AppBase.java:246)
Oct 22 09:42:49 localhost app-65:       com.untangle.uvm.app.AppBase.loadClass(AppBase.java:373)
Oct 22 09:42:49 localhost app-65:       com.untangle.uvm.AppManagerImpl$3.run(AppManagerImpl.java:1128)
Oct 22 09:42:49 localhost app-65:       com.untangle.uvm.UvmContextImpl$1.run(UvmContextImpl.java:654)
Oct 22 09:42:49 localhost app-65:       java.base/java.lang.Thread.run(Thread.java:834)
Nov 11 11:26:12 localhost app-65: [UnblockedSitesMonitor] <> INFO  UnblockedSitesMonitor initializing
Nov 11 11:26:12 localhost app-65: [AppBase] <> INFO  No valid license for: web-filter
Nov 11 11:26:12 localhost app-65: [AppBase] <> INFO  Requesting trial for: web-filter
Nov 11 11:26:48 localhost app-65: [AppBase] <> INFO  Starting   web-filter [65] ...
Nov 11 11:26:48 localhost app-65: [AppBase] <> WARN  Exception in preStart(). Reverting to INITIALIZED state.
Nov 11 11:26:48 localhost app-65:       java.lang.RuntimeException: invalid license
Nov 11 11:26:48 localhost app-65:       com.untangle.app.web_filter.WebFilterApp.preStart(WebFilterApp.java:119)
Nov 11 11:26:48 localhost app-65:       com.untangle.uvm.app.AppBase.start(AppBase.java:909)
Nov 11 11:26:48 localhost app-65:       com.untangle.uvm.app.AppBase.resumeState(AppBase.java:246)
Nov 11 11:26:48 localhost app-65:       com.untangle.uvm.app.AppBase.loadClass(AppBase.java:373)
Nov 11 11:26:48 localhost app-65:       com.untangle.uvm.AppManagerImpl$3.run(AppManagerImpl.java:1128)
Nov 11 11:26:48 localhost app-65:       com.untangle.uvm.UvmContextImpl$1.run(UvmContextImpl.java:654)
Nov 11 11:26:48 localhost app-65:       java.base/java.lang.Thread.run(Thread.java:834)
Nov 17 12:18:02 localhost app-65: [UnblockedSitesMonitor] <> INFO  UnblockedSitesMonitor initializing
Nov 17 12:18:02 localhost app-65: [AppBase] <> INFO  No valid license for: web-filter
Nov 17 12:18:02 localhost app-65: [AppBase] <> INFO  Requesting trial for: web-filter
Nov 17 12:18:25 localhost app-65: [AppBase] <> INFO  Starting   web-filter [65] ...
Nov 17 12:18:25 localhost app-65: [AppBase] <> WARN  Exception in preStart(). Reverting to INITIALIZED state.
Nov 17 12:18:25 localhost app-65:       java.lang.RuntimeException: invalid license
Nov 17 12:18:25 localhost app-65:       com.untangle.app.web_filter.WebFilterApp.preStart(WebFilterApp.java:119)
Nov 17 12:18:25 localhost app-65:       com.untangle.uvm.app.AppBase.start(AppBase.java:909)
Nov 17 12:18:25 localhost app-65:       com.untangle.uvm.app.AppBase.resumeState(AppBase.java:246)
Nov 17 12:18:25 localhost app-65:       com.untangle.uvm.app.AppBase.loadClass(AppBase.java:373)
Nov 17 12:18:25 localhost app-65:       com.untangle.uvm.AppManagerImpl$3.run(AppManagerImpl.java:1128)
Nov 17 12:18:25 localhost app-65:       com.untangle.uvm.UvmContextImpl$1.run(UvmContextImpl.java:654)
Nov 17 12:18:25 localhost app-65:       java.base/java.lang.Thread.run(Thread.java:834)
Nov 17 12:19:34 localhost app-65: [UnblockedSitesMonitor] <> INFO  UnblockedSitesMonitor initializing
Nov 17 12:19:34 localhost app-65: [AppBase] <> INFO  No valid license for: web-filter
Nov 17 12:19:34 localhost app-65: [AppBase] <> INFO  Requesting trial for: web-filter
Nov 17 12:20:00 localhost app-65: [AppBase] <> INFO  Starting   web-filter [65] ...
Nov 17 12:20:00 localhost app-65: [AppBase] <> WARN  Exception in preStart(). Reverting to INITIALIZED state.
Nov 17 12:20:00 localhost app-65:       java.lang.RuntimeException: invalid license
Nov 17 12:20:00 localhost app-65:       com.untangle.app.web_filter.WebFilterApp.preStart(WebFilterApp.java:119)
Nov 17 12:20:00 localhost app-65:       com.untangle.uvm.app.AppBase.start(AppBase.java:909)
Nov 17 12:20:00 localhost app-65:       com.untangle.uvm.app.AppBase.resumeState(AppBase.java:246)
Nov 17 12:20:00 localhost app-65:       com.untangle.uvm.app.AppBase.loadClass(AppBase.java:373)
Nov 17 12:20:00 localhost app-65:       com.untangle.uvm.AppManagerImpl$3.run(AppManagerImpl.java:1128)
Nov 17 12:20:00 localhost app-65:       com.untangle.uvm.UvmContextImpl$1.run(UvmContextImpl.java:654)
Nov 17 12:20:00 localhost app-65:       java.base/java.lang.Thread.run(Thread.java:834)
Nov 23 17:33:52 localhost app-65: [UnblockedSitesMonitor] <> INFO  UnblockedSitesMonitor initializing
Nov 23 17:33:53 localhost app-65: [AppBase] <> INFO  No valid license for: web-filter
Nov 23 17:33:53 localhost app-65: [AppBase] <> INFO  Requesting trial for: web-filter
Nov 23 17:34:15 localhost app-65: [AppBase] <> INFO  Starting   web-filter [65] ...
Nov 23 17:34:15 localhost app-65: [AppBase] <> WARN  Exception in preStart(). Reverting to INITIALIZED state.
Nov 23 17:34:15 localhost app-65:       java.lang.RuntimeException: invalid license
Nov 23 17:34:15 localhost app-65:       com.untangle.app.web_filter.WebFilterApp.preStart(WebFilterApp.java:119)
Nov 23 17:34:15 localhost app-65:       com.untangle.uvm.app.AppBase.start(AppBase.java:909)
Nov 23 17:34:15 localhost app-65:       com.untangle.uvm.app.AppBase.resumeState(AppBase.java:246)
Nov 23 17:34:15 localhost app-65:       com.untangle.uvm.app.AppBase.loadClass(AppBase.java:373)
Nov 23 17:34:15 localhost app-65:       com.untangle.uvm.AppManagerImpl$3.run(AppManagerImpl.java:1128)
Nov 23 17:34:15 localhost app-65:       com.untangle.uvm.UvmContextImpl$1.run(UvmContextImpl.java:654)
Nov 23 17:34:15 localhost app-65:       java.base/java.lang.Thread.run(Thread.java:834)
Nov 23 18:13:22 localhost app-65: [UnblockedSitesMonitor] <> INFO  UnblockedSitesMonitor initializing
Nov 23 18:13:22 localhost app-65: [AppBase] <> INFO  No valid license for: web-filter
Nov 23 18:13:22 localhost app-65: [AppBase] <> INFO  Requesting trial for: web-filter
Nov 23 18:13:45 localhost app-65: [AppBase] <> INFO  Starting   web-filter [65] ...
Nov 23 18:13:45 localhost app-65: [AppBase] <> WARN  Exception in preStart(). Reverting to INITIALIZED state.
Nov 23 18:13:45 localhost app-65:       java.lang.RuntimeException: invalid license
Nov 23 18:13:45 localhost app-65:       com.untangle.app.web_filter.WebFilterApp.preStart(WebFilterApp.java:119)
Nov 23 18:13:45 localhost app-65:       com.untangle.uvm.app.AppBase.start(AppBase.java:909)
Nov 23 18:13:45 localhost app-65:       com.untangle.uvm.app.AppBase.resumeState(AppBase.java:246)
Nov 23 18:13:45 localhost app-65:       com.untangle.uvm.app.AppBase.loadClass(AppBase.java:373)
Nov 23 18:13:45 localhost app-65:       com.untangle.uvm.AppManagerImpl$3.run(AppManagerImpl.java:1128)
Nov 23 18:13:45 localhost app-65:       com.untangle.uvm.UvmContextImpl$1.run(UvmContextImpl.java:654)
Nov 23 18:13:45 localhost app-65:       java.base/java.lang.Thread.run(Thread.java:834)
Nov 24 08:49:12 localhost app-65: [UnblockedSitesMonitor] <> INFO  UnblockedSitesMonitor initializing
Nov 24 08:49:12 localhost app-65: [AppBase] <> INFO  No valid license for: web-filter
Nov 24 08:49:12 localhost app-65: [AppBase] <> INFO  Requesting trial for: web-filter
Nov 24 08:49:41 localhost app-65: [AppBase] <> INFO  Starting   web-filter [65] ...
Nov 24 08:49:41 localhost app-65: [AppBase] <> WARN  Exception in preStart(). Reverting to INITIALIZED state.
Nov 24 08:49:41 localhost app-65:       java.lang.RuntimeException: invalid license
Nov 24 08:49:41 localhost app-65:       com.untangle.app.web_filter.WebFilterApp.preStart(WebFilterApp.java:119)
Nov 24 08:49:41 localhost app-65:       com.untangle.uvm.app.AppBase.start(AppBase.java:909)
Nov 24 08:49:41 localhost app-65:       com.untangle.uvm.app.AppBase.resumeState(AppBase.java:246)
Nov 24 08:49:41 localhost app-65:       com.untangle.uvm.app.AppBase.loadClass(AppBase.java:373)
Nov 24 08:49:41 localhost app-65:       com.untangle.uvm.AppManagerImpl$3.run(AppManagerImpl.java:1128)
Nov 24 08:49:41 localhost app-65:       com.untangle.uvm.UvmContextImpl$1.run(UvmContextImpl.java:654)
Nov 24 08:49:41 localhost app-65:       java.base/java.lang.Thread.run(Thread.java:834)
Dec  7 11:06:22 localhost app-65: [UnblockedSitesMonitor] <> INFO  UnblockedSitesMonitor initializing
Dec  7 11:06:23 localhost app-65: [AppBase] <> INFO  No valid license for: web-filter
Dec  7 11:06:23 localhost app-65: [AppBase] <> INFO  Requesting trial for: web-filter
Dec  7 11:06:47 localhost app-65: [AppBase] <> INFO  Starting   web-filter [65] ...
Dec  7 11:06:47 localhost app-65: [AppBase] <> WARN  Exception in preStart(). Reverting to INITIALIZED state.
Dec  7 11:06:47 localhost app-65:       java.lang.RuntimeException: invalid license
Dec  7 11:06:47 localhost app-65:       com.untangle.app.web_filter.WebFilterApp.preStart(WebFilterApp.java:119)
Dec  7 11:06:47 localhost app-65:       com.untangle.uvm.app.AppBase.start(AppBase.java:909)
Dec  7 11:06:47 localhost app-65:       com.untangle.uvm.app.AppBase.resumeState(AppBase.java:246)
Dec  7 11:06:47 localhost app-65:       com.untangle.uvm.app.AppBase.loadClass(AppBase.java:373)
Dec  7 11:06:47 localhost app-65:       com.untangle.uvm.AppManagerImpl$3.run(AppManagerImpl.java:1128)
Dec  7 11:06:47 localhost app-65:       com.untangle.uvm.UvmContextImpl$1.run(UvmContextImpl.java:654)
Dec  7 11:06:47 localhost app-65:       java.base/java.lang.Thread.run(Thread.java:834)
Dec  9 10:53:53 localhost app-65: [UnblockedSitesMonitor] <> INFO  UnblockedSitesMonitor initializing
Dec  9 10:53:53 localhost app-65: [AppBase] <> INFO  No valid license for: web-filter
Dec  9 10:53:53 localhost app-65: [AppBase] <> INFO  Requesting trial for: web-filter
Dec  9 10:54:36 localhost app-65: [AppBase] <> INFO  Starting   web-filter [65] ...
Dec  9 10:54:36 localhost app-65: [AppBase] <> WARN  Exception in preStart(). Reverting to INITIALIZED state.
Dec  9 10:54:36 localhost app-65:       java.lang.RuntimeException: invalid license
Dec  9 10:54:36 localhost app-65:       com.untangle.app.web_filter.WebFilterApp.preStart(WebFilterApp.java:119)
Dec  9 10:54:36 localhost app-65:       com.untangle.uvm.app.AppBase.start(AppBase.java:909)
Dec  9 10:54:36 localhost app-65:       com.untangle.uvm.app.AppBase.resumeState(AppBase.java:246)
Dec  9 10:54:36 localhost app-65:       com.untangle.uvm.app.AppBase.loadClass(AppBase.java:373)
Dec  9 10:54:36 localhost app-65:       com.untangle.uvm.AppManagerImpl$3.run(AppManagerImpl.java:1128)
Dec  9 10:54:36 localhost app-65:       com.untangle.uvm.UvmContextImpl$1.run(UvmContextImpl.java:654)
Dec  9 10:54:36 localhost app-65:       java.base/java.lang.Thread.run(Thread.java:834)
Dec  9 14:27:33 localhost app-65: [UnblockedSitesMonitor] <> INFO  UnblockedSitesMonitor initializing
Dec  9 14:27:33 localhost app-65: [AppBase] <> INFO  No valid license for: web-filter
Dec  9 14:27:33 localhost app-65: [AppBase] <> INFO  Requesting trial for: web-filter
Dec  9 14:27:50 localhost app-65: [AppBase] <> INFO  Starting   web-filter [65] ...
Dec  9 14:27:50 localhost app-65: [AppBase] <> WARN  Exception in preStart(). Reverting to INITIALIZED state.
Dec  9 14:27:50 localhost app-65:       java.lang.RuntimeException: invalid license
Dec  9 14:27:50 localhost app-65:       com.untangle.app.web_filter.WebFilterApp.preStart(WebFilterApp.java:119)
Dec  9 14:27:50 localhost app-65:       com.untangle.uvm.app.AppBase.start(AppBase.java:909)
Dec  9 14:27:50 localhost app-65:       com.untangle.uvm.app.AppBase.resumeState(AppBase.java:246)
Dec  9 14:27:50 localhost app-65:       com.untangle.uvm.app.AppBase.loadClass(AppBase.java:373)
Dec  9 14:27:50 localhost app-65:       com.untangle.uvm.AppManagerImpl$3.run(AppManagerImpl.java:1128)
Dec  9 14:27:50 localhost app-65:       com.untangle.uvm.UvmContextImpl$1.run(UvmContextImpl.java:654)
Dec  9 14:27:50 localhost app-65:       java.base/java.lang.Thread.run(Thread.java:834)
