Apr  3 13:04:26 localhost app-29: [SslInspectorApp] <> INFO  Loading settings from /root/development/github/ngfw_src/dist/usr/share/untangle/settings/ssl-inspector/settings_29.js
Apr  3 13:04:26 localhost app-29: [SslInspectorApp] <> WARN  No settings found... initializing with defaults
Apr  3 13:04:26 localhost app-29: [SslInspectorApp] <> INFO  Loaded 362 trusted certificates from /root/development/github/ngfw_src/dist/usr/share/untangle/lib/ssl-inspector/trusted-ca-list.jks
Apr  3 13:05:09 localhost app-29: [SslInspectorApp] <> INFO  Loaded 362 trusted certificates from /root/development/github/ngfw_src/dist/usr/share/untangle/lib/ssl-inspector/trusted-ca-list.jks
Apr  3 13:05:09 localhost app-29: [AppBase] <> INFO  Starting   ssl-inspector [29] ...
Apr  3 13:05:09 localhost app-29: [AppBase] <> INFO  Started    ssl-inspector [29] ...
Apr  3 13:05:10 localhost app-29: [SslInspectorManager] <TCP103935729467664> INFO  Creating new MitM certificate for test.untangle.com in 07A0D28A1BCF8FAFB5102040D6A99191BD4E6FF3.p12
Apr  3 13:05:11 localhost app-29: [AppBase] <> INFO  Stopping   ssl-inspector [29] ...
Apr  3 13:05:11 localhost app-29: [AppBase] <> INFO  Stopped    ssl-inspector [29] ...
Apr  3 13:11:23 localhost app-29: [AppBase] <> INFO  Destroying ssl-inspector [29] ...
Apr  3 13:11:23 localhost app-29: [AppBase] <> INFO  Destroyed  ssl-inspector [29] ...
May  8 12:58:45 localhost app-29: [WireGuardVpnApp] <> INFO  Initializing Settings...
May  8 12:58:45 localhost app-29: [WireGuardVpnApp] <> INFO  Creating the default settings...
May  8 12:58:45 localhost app-29: [WireGuardVpnApp] <> WARN  com.untangle.app.wireguard_vpn.WireGuardVpnManager@1c1e8121
May  8 12:58:45 localhost app-29: [WireGuardVpnApp] <> WARN  com.untangle.app.wireguard_vpn.WireGuardVpnManager@1c1e8121
May  8 12:58:47 localhost app-29: [WireGuardVpnManager] <> INFO  Stopping WireGuard interface and tunnels
May  8 12:58:47 localhost app-29: [WireGuardVpnManager] <> INFO  /usr/bin/wg-quick: 
May  8 12:58:47 localhost app-29: [WireGuardVpnManager] <> INFO  /usr/bin/wg-quick: wg-quick: `wg0' is not a WireGuard interface
May  8 12:58:47 localhost app-29: [WireGuardVpnManager] <> ERROR Failed calling WireGuard start script (return code: 1)
May  8 12:58:47 localhost app-29: [WireGuardVpnManager] <> INFO  /etc/untangle/iptables-rules.d/720-wireguard-vpn: 
May  8 12:58:47 localhost app-29: [WireGuardVpnManager] <> INFO  /etc/untangle/iptables-rules.d/720-wireguard-vpn: 
May  8 12:58:47 localhost app-29: [WireGuardVpnManager] <> INFO  Starting WireGuard interface and tunnels
May  8 12:58:47 localhost app-29: [WireGuardVpnManager] <> INFO  /usr/bin/wg-quick: 
May  8 12:58:47 localhost app-29: [WireGuardVpnManager] <> INFO  /usr/bin/wg-quick: [#] ip link add wg0 type wireguard
May  8 12:58:47 localhost app-29: [WireGuardVpnManager] <> INFO  /usr/bin/wg-quick: [#] wg setconf wg0 /dev/fd/63
May  8 12:58:47 localhost app-29: [WireGuardVpnManager] <> INFO  /usr/bin/wg-quick: [#] ip -4 address add 172.19.172.1 dev wg0
May  8 12:58:47 localhost app-29: [WireGuardVpnManager] <> INFO  /usr/bin/wg-quick: [#] ip link set mtu 1500 up dev wg0
May  8 12:58:48 localhost app-29: [WireGuardVpnManager] <> INFO  /etc/untangle/iptables-rules.d/720-wireguard-vpn: 
May  8 12:58:48 localhost app-29: [WireGuardVpnManager] <> INFO  /etc/untangle/iptables-rules.d/720-wireguard-vpn: 
May  8 12:58:48 localhost app-29: [WireGuardVpnApp] <> INFO  Loading Settings...
May  8 18:16:08 localhost app-29: [AppBase] <> INFO  Destroying wireguard-vpn [29] ...
May  8 18:16:08 localhost app-29: [AppBase] <> INFO  Destroyed  wireguard-vpn [29] ...
Jun  2 10:15:16 localhost app-29: [IntrusionPreventionApp] <> INFO  Loading settings from /root/development/github/ngfw_src/dist/usr/share/untangle/settings/intrusion-prevention/settings_29.js
Jun  2 10:15:16 localhost app-29: [IntrusionPreventionApp] <> WARN  No settings found - Initializing new settings.
Jun  2 10:15:16 localhost app-29: [IntrusionPreventionApp] <> WARN  reconfigure: intrusion-prevention-create-config: Unable to read settings
Jun  2 10:15:17 localhost app-29: [IntrusionPreventionApp] <> WARN  reconfigure: intrusion-prevention-create-config: Unable to read settings
Jun  2 10:15:26 localhost app-29: [AppBase] <> INFO  Starting   intrusion-prevention [29] ...
Jun  2 10:15:27 localhost app-29: [IntrusionPreventionApp] <> INFO  /etc/untangle/iptables-rules.d/740-suricata: 
Jun  2 10:15:27 localhost app-29: [IntrusionPreventionApp] <> INFO  /etc/untangle/iptables-rules.d/740-suricata: [Tue 02 Jun 2020 10:15:26 AM EDT] suricata is running. Inserting rules.
Jun  2 10:15:27 localhost app-29: [AppBase] <> INFO  Started    intrusion-prevention [29] ...
Jun  4 07:58:01 localhost app-29: [AppBase] <> INFO  Stopping   intrusion-prevention [29] ...
Jun  4 07:58:01 localhost app-29: [IntrusionPreventionSnortUnified2Parser] <> WARN  Unable to process ips event: 
Jun  4 07:58:01 localhost app-29:       java.nio.channels.ClosedByInterruptException
Jun  4 07:58:01 localhost app-29:       java.base/java.nio.channels.spi.AbstractInterruptibleChannel.end(AbstractInterruptibleChannel.java:199)
Jun  4 07:58:01 localhost app-29:       java.base/sun.nio.ch.FileChannelImpl.endBlocking(FileChannelImpl.java:162)
Jun  4 07:58:01 localhost app-29:       java.base/sun.nio.ch.FileChannelImpl.position(FileChannelImpl.java:342)
Jun  4 07:58:01 localhost app-29:       com.untangle.app.intrusion_prevention.IntrusionPreventionSnortUnified2Parser.parse(IntrusionPreventionSnortUnified2Parser.java:205)
Jun  4 07:58:01 localhost app-29:       com.untangle.app.intrusion_prevention.IntrusionPreventionEventMonitor.processEventFiles(IntrusionPreventionEventMonitor.java:170)
Jun  4 07:58:01 localhost app-29:       com.untangle.app.intrusion_prevention.IntrusionPreventionEventMonitor.run(IntrusionPreventionEventMonitor.java:88)
Jun  4 07:58:01 localhost app-29:       com.untangle.uvm.UvmContextImpl$1.run(UvmContextImpl.java:626)
Jun  4 07:58:01 localhost app-29:       java.base/java.lang.Thread.run(Thread.java:834)
Jun  4 07:58:01 localhost app-29: [IntrusionPreventionEventMonitor] <> INFO  ips event monitor was interrupted
Jun  4 07:58:03 localhost app-29: [IntrusionPreventionApp] <> INFO  /etc/untangle/iptables-rules.d/740-suricata: 
Jun  4 07:58:03 localhost app-29: [IntrusionPreventionApp] <> INFO  /etc/untangle/iptables-rules.d/740-suricata: [Thu 04 Jun 2020 07:58:03 AM EDT] Suricata is not running - not inserting rules for suricata
Jun  4 07:58:03 localhost app-29: [AppBase] <> INFO  Stopped    intrusion-prevention [29] ...
Jun  4 07:58:03 localhost app-29: [AppBase] <> INFO  Destroying intrusion-prevention [29] ...
Jun  4 07:58:03 localhost app-29: [AppBase] <> INFO  Destroyed  intrusion-prevention [29] ...
Sep 20 17:30:56 localhost app-29: [IntrusionPreventionApp] <> INFO  Loading settings from /root/development/github/ngfw_src/dist/usr/share/untangle/settings/intrusion-prevention/settings_29.js
Sep 20 17:30:56 localhost app-29: [IntrusionPreventionApp] <> WARN  No settings found - Initializing new settings.
Sep 20 17:30:56 localhost app-29: [IntrusionPreventionApp] <> WARN  reconfigure: intrusion-prevention-create-config: Unable to read settings
Sep 20 17:31:14 localhost app-29: [AppBase] <> INFO  Starting   intrusion-prevention [29] ...
Sep 20 17:31:19 localhost app-29: [IntrusionPreventionApp] <> INFO  /etc/untangle/iptables-rules.d/740-suricata: 
Sep 20 17:31:19 localhost app-29: [IntrusionPreventionApp] <> INFO  /etc/untangle/iptables-rules.d/740-suricata: [Sun 20 Sep 2020 05:31:19 PM EDT] suricata is running. Inserting rules.
Sep 20 17:31:19 localhost app-29: [AppBase] <> INFO  Started    intrusion-prevention [29] ...
Sep 20 17:31:40 localhost app-29: [AppBase] <> INFO  Stopping   intrusion-prevention [29] ...
Sep 20 17:31:44 localhost app-29: [IntrusionPreventionApp] <> INFO  /etc/untangle/iptables-rules.d/740-suricata: 
Sep 20 17:31:44 localhost app-29: [IntrusionPreventionApp] <> INFO  /etc/untangle/iptables-rules.d/740-suricata: [Sun 20 Sep 2020 05:31:44 PM EDT] Suricata is not running - not inserting rules for suricata
Sep 20 17:31:44 localhost app-29: [AppBase] <> INFO  Stopped    intrusion-prevention [29] ...
Sep 20 17:31:44 localhost app-29: [AppBase] <> INFO  Destroying intrusion-prevention [29] ...
Sep 20 17:31:44 localhost app-29: [AppBase] <> INFO  Destroyed  intrusion-prevention [29] ...
Sep 25 09:20:09 localhost app-29: [UnblockedSitesMonitor] <> INFO  UnblockedSitesMonitor initializing
Sep 25 09:20:10 localhost app-29: [AppBase] <> INFO  Starting   web-filter [29] ...
Sep 25 09:21:33 localhost app-29: [AppBase] <> INFO  Started    web-filter [29] ...
Sep 25 09:23:48 localhost app-29: [UnblockedSitesMonitor] <> INFO  UnblockedSitesMonitor initializing
Sep 25 09:23:49 localhost app-29: [AppBase] <> INFO  No valid license for: web-filter
Sep 25 09:23:49 localhost app-29: [AppBase] <> INFO  Requesting trial for: web-filter
Sep 25 09:24:10 localhost app-29: [AppBase] <> WARN  Exception fetching trial license. Ignoring...
Sep 25 09:24:10 localhost app-29:       java.lang.Exception: Unable to fetch trial license: DNS lookup failed.
Sep 25 09:24:10 localhost app-29:       com.untangle.app.license.LicenseManagerImpl.requestTrialLicense(LicenseManagerImpl.java:493)
Sep 25 09:24:10 localhost app-29:       com.untangle.uvm.app.AppBase.init(AppBase.java:857)
Sep 25 09:24:10 localhost app-29:       com.untangle.uvm.app.AppBase.resumeState(AppBase.java:245)
Sep 25 09:24:10 localhost app-29:       com.untangle.uvm.app.AppBase.loadClass(AppBase.java:373)
Sep 25 09:24:10 localhost app-29:       com.untangle.uvm.AppManagerImpl$3.run(AppManagerImpl.java:1128)
Sep 25 09:24:10 localhost app-29:       com.untangle.uvm.UvmContextImpl$1.run(UvmContextImpl.java:654)
Sep 25 09:24:10 localhost app-29:       java.base/java.lang.Thread.run(Thread.java:834)
Sep 25 09:24:10 localhost app-29: [AppBase] <> INFO  Starting   web-filter [29] ...
Sep 25 09:24:10 localhost app-29: [AppBase] <> WARN  Exception in preStart(). Reverting to INITIALIZED state.
Sep 25 09:24:10 localhost app-29:       java.lang.RuntimeException: invalid license
Sep 25 09:24:10 localhost app-29:       com.untangle.app.web_filter.WebFilterApp.preStart(WebFilterApp.java:119)
Sep 25 09:24:10 localhost app-29:       com.untangle.uvm.app.AppBase.start(AppBase.java:909)
Sep 25 09:24:10 localhost app-29:       com.untangle.uvm.app.AppBase.resumeState(AppBase.java:246)
Sep 25 09:24:10 localhost app-29:       com.untangle.uvm.app.AppBase.loadClass(AppBase.java:373)
Sep 25 09:24:10 localhost app-29:       com.untangle.uvm.AppManagerImpl$3.run(AppManagerImpl.java:1128)
Sep 25 09:24:10 localhost app-29:       com.untangle.uvm.UvmContextImpl$1.run(UvmContextImpl.java:654)
Sep 25 09:24:10 localhost app-29:       java.base/java.lang.Thread.run(Thread.java:834)
Sep 25 09:27:24 localhost app-29: [UnblockedSitesMonitor] <> INFO  UnblockedSitesMonitor initializing
Sep 25 09:27:24 localhost app-29: [AppBase] <> INFO  No valid license for: web-filter
Sep 25 09:27:24 localhost app-29: [AppBase] <> INFO  Requesting trial for: web-filter
Sep 25 09:27:46 localhost app-29: [AppBase] <> WARN  Exception fetching trial license. Ignoring...
Sep 25 09:27:46 localhost app-29:       java.lang.Exception: Unable to fetch trial license: DNS lookup failed.
Sep 25 09:27:46 localhost app-29:       com.untangle.app.license.LicenseManagerImpl.requestTrialLicense(LicenseManagerImpl.java:493)
Sep 25 09:27:46 localhost app-29:       com.untangle.uvm.app.AppBase.init(AppBase.java:857)
Sep 25 09:27:46 localhost app-29:       com.untangle.uvm.app.AppBase.resumeState(AppBase.java:245)
Sep 25 09:27:46 localhost app-29:       com.untangle.uvm.app.AppBase.loadClass(AppBase.java:373)
Sep 25 09:27:46 localhost app-29:       com.untangle.uvm.AppManagerImpl$3.run(AppManagerImpl.java:1128)
Sep 25 09:27:46 localhost app-29:       com.untangle.uvm.UvmContextImpl$1.run(UvmContextImpl.java:654)
Sep 25 09:27:46 localhost app-29:       java.base/java.lang.Thread.run(Thread.java:834)
Sep 25 09:27:46 localhost app-29: [AppBase] <> INFO  Starting   web-filter [29] ...
Sep 25 09:27:46 localhost app-29: [AppBase] <> WARN  Exception in preStart(). Reverting to INITIALIZED state.
Sep 25 09:27:46 localhost app-29:       java.lang.RuntimeException: invalid license
Sep 25 09:27:46 localhost app-29:       com.untangle.app.web_filter.WebFilterApp.preStart(WebFilterApp.java:119)
Sep 25 09:27:46 localhost app-29:       com.untangle.uvm.app.AppBase.start(AppBase.java:909)
Sep 25 09:27:46 localhost app-29:       com.untangle.uvm.app.AppBase.resumeState(AppBase.java:246)
Sep 25 09:27:46 localhost app-29:       com.untangle.uvm.app.AppBase.loadClass(AppBase.java:373)
Sep 25 09:27:46 localhost app-29:       com.untangle.uvm.AppManagerImpl$3.run(AppManagerImpl.java:1128)
Sep 25 09:27:46 localhost app-29:       com.untangle.uvm.UvmContextImpl$1.run(UvmContextImpl.java:654)
Sep 25 09:27:46 localhost app-29:       java.base/java.lang.Thread.run(Thread.java:834)
Sep 25 09:31:03 localhost app-29: [UnblockedSitesMonitor] <> INFO  UnblockedSitesMonitor initializing
Sep 25 09:31:03 localhost app-29: [AppBase] <> INFO  No valid license for: web-filter
Sep 25 09:31:03 localhost app-29: [AppBase] <> INFO  Requesting trial for: web-filter
Sep 25 09:31:25 localhost app-29: [AppBase] <> WARN  Exception fetching trial license. Ignoring...
Sep 25 09:31:25 localhost app-29:       java.lang.Exception: Unable to fetch trial license: DNS lookup failed.
Sep 25 09:31:25 localhost app-29:       com.untangle.app.license.LicenseManagerImpl.requestTrialLicense(LicenseManagerImpl.java:493)
Sep 25 09:31:25 localhost app-29:       com.untangle.uvm.app.AppBase.init(AppBase.java:857)
Sep 25 09:31:25 localhost app-29:       com.untangle.uvm.app.AppBase.resumeState(AppBase.java:245)
Sep 25 09:31:25 localhost app-29:       com.untangle.uvm.app.AppBase.loadClass(AppBase.java:373)
Sep 25 09:31:25 localhost app-29:       com.untangle.uvm.AppManagerImpl$3.run(AppManagerImpl.java:1128)
Sep 25 09:31:25 localhost app-29:       com.untangle.uvm.UvmContextImpl$1.run(UvmContextImpl.java:654)
Sep 25 09:31:25 localhost app-29:       java.base/java.lang.Thread.run(Thread.java:834)
Sep 25 09:31:26 localhost app-29: [AppBase] <> INFO  Starting   web-filter [29] ...
Sep 25 09:31:26 localhost app-29: [AppBase] <> WARN  Exception in preStart(). Reverting to INITIALIZED state.
Sep 25 09:31:26 localhost app-29:       java.lang.RuntimeException: invalid license
Sep 25 09:31:26 localhost app-29:       com.untangle.app.web_filter.WebFilterApp.preStart(WebFilterApp.java:119)
Sep 25 09:31:26 localhost app-29:       com.untangle.uvm.app.AppBase.start(AppBase.java:909)
Sep 25 09:31:26 localhost app-29:       com.untangle.uvm.app.AppBase.resumeState(AppBase.java:246)
Sep 25 09:31:26 localhost app-29:       com.untangle.uvm.app.AppBase.loadClass(AppBase.java:373)
Sep 25 09:31:26 localhost app-29:       com.untangle.uvm.AppManagerImpl$3.run(AppManagerImpl.java:1128)
Sep 25 09:31:26 localhost app-29:       com.untangle.uvm.UvmContextImpl$1.run(UvmContextImpl.java:654)
Sep 25 09:31:26 localhost app-29:       java.base/java.lang.Thread.run(Thread.java:834)
Sep 25 09:33:59 localhost app-29: [UnblockedSitesMonitor] <> INFO  UnblockedSitesMonitor initializing
Sep 25 09:33:59 localhost app-29: [AppBase] <> INFO  No valid license for: web-filter
Sep 25 09:33:59 localhost app-29: [AppBase] <> INFO  Requesting trial for: web-filter
Sep 25 09:34:19 localhost app-29: [AppBase] <> INFO  Starting   web-filter [29] ...
Sep 25 09:34:19 localhost app-29: [AppBase] <> INFO  Started    web-filter [29] ...
Sep 25 09:37:49 localhost app-29: [AppBase] <> INFO  Stopping   web-filter [29] ...
Sep 25 09:37:56 localhost app-29: [AppBase] <> INFO  Stopped    web-filter [29] ...
Sep 25 09:38:01 localhost app-29: [UnblockedSitesMonitor] <> INFO  UnblockedSitesMonitor initializing
Sep 25 09:38:03 localhost app-29: [AppBase] <> INFO  Starting   web-filter [29] ...
Sep 25 09:38:05 localhost app-29: [AppBase] <> INFO  Started    web-filter [29] ...
Sep 25 09:40:37 localhost app-29: [AppBase] <> INFO  Stopping   web-filter [29] ...
Sep 25 09:40:37 localhost app-29: [AppBase] <> INFO  Stopped    web-filter [29] ...
Sep 25 09:40:49 localhost app-29: [UnblockedSitesMonitor] <> INFO  UnblockedSitesMonitor initializing
Sep 25 09:40:50 localhost app-29: [AppBase] <> INFO  Starting   web-filter [29] ...
Sep 25 09:40:52 localhost app-29: [AppBase] <> INFO  Started    web-filter [29] ...
Sep 25 09:42:12 localhost app-29: [AppBase] <> INFO  Stopping   web-filter [29] ...
Sep 25 09:42:12 localhost app-29: [AppBase] <> INFO  Stopped    web-filter [29] ...
Sep 25 09:42:24 localhost app-29: [UnblockedSitesMonitor] <> INFO  UnblockedSitesMonitor initializing
Sep 25 09:42:25 localhost app-29: [AppBase] <> INFO  Starting   web-filter [29] ...
Sep 25 09:42:25 localhost app-29: [AppBase] <> INFO  Started    web-filter [29] ...
Sep 25 09:45:27 localhost app-29: [AppBase] <> INFO  Stopping   web-filter [29] ...
Sep 25 09:45:27 localhost app-29: [AppBase] <> INFO  Stopped    web-filter [29] ...
Sep 25 09:45:40 localhost app-29: [UnblockedSitesMonitor] <> INFO  UnblockedSitesMonitor initializing
Sep 25 09:45:41 localhost app-29: [AppBase] <> INFO  Starting   web-filter [29] ...
Sep 25 09:45:43 localhost app-29: [AppBase] <> INFO  Started    web-filter [29] ...
Sep 25 09:52:35 localhost app-29: [AppBase] <> INFO  Stopping   web-filter [29] ...
Sep 25 09:52:35 localhost app-29: [AppBase] <> INFO  Stopped    web-filter [29] ...
Sep 25 09:52:47 localhost app-29: [UnblockedSitesMonitor] <> INFO  UnblockedSitesMonitor initializing
Sep 25 09:52:48 localhost app-29: [AppBase] <> INFO  Starting   web-filter [29] ...
Sep 25 09:52:49 localhost app-29: [AppBase] <> INFO  Started    web-filter [29] ...
Sep 25 09:53:27 localhost app-29: [AppBase] <> INFO  Stopping   web-filter [29] ...
Sep 25 09:53:27 localhost app-29: [AppBase] <> INFO  Stopped    web-filter [29] ...
Sep 25 09:53:39 localhost app-29: [UnblockedSitesMonitor] <> INFO  UnblockedSitesMonitor initializing
Sep 25 09:53:40 localhost app-29: [AppBase] <> INFO  Starting   web-filter [29] ...
Sep 25 09:53:41 localhost app-29: [AppBase] <> INFO  Started    web-filter [29] ...
Sep 25 09:55:51 localhost app-29: [AppBase] <> INFO  Stopping   web-filter [29] ...
Sep 25 09:55:51 localhost app-29: [AppBase] <> INFO  Stopped    web-filter [29] ...
Sep 25 09:56:04 localhost app-29: [UnblockedSitesMonitor] <> INFO  UnblockedSitesMonitor initializing
Sep 25 09:56:05 localhost app-29: [AppBase] <> INFO  Starting   web-filter [29] ...
Sep 25 09:56:05 localhost app-29: [AppBase] <> INFO  Started    web-filter [29] ...
Sep 25 09:56:31 localhost app-29: [AppBase] <> INFO  Stopping   web-filter [29] ...
Sep 25 09:56:31 localhost app-29: [AppBase] <> INFO  Stopped    web-filter [29] ...
Sep 25 09:56:45 localhost app-29: [UnblockedSitesMonitor] <> INFO  UnblockedSitesMonitor initializing
Sep 25 09:56:46 localhost app-29: [AppBase] <> INFO  Starting   web-filter [29] ...
Sep 25 09:56:47 localhost app-29: [AppBase] <> INFO  Started    web-filter [29] ...
Sep 25 09:57:56 localhost app-29: [AppBase] <> INFO  Stopping   web-filter [29] ...
Sep 25 09:57:56 localhost app-29: [AppBase] <> INFO  Stopped    web-filter [29] ...
Sep 25 09:58:09 localhost app-29: [UnblockedSitesMonitor] <> INFO  UnblockedSitesMonitor initializing
Sep 25 09:58:09 localhost app-29: [AppBase] <> INFO  Starting   web-filter [29] ...
Sep 25 09:58:10 localhost app-29: [AppBase] <> INFO  Started    web-filter [29] ...
Sep 25 09:59:18 localhost app-29: [AppBase] <> INFO  Stopping   web-filter [29] ...
Sep 25 09:59:18 localhost app-29: [AppBase] <> INFO  Stopped    web-filter [29] ...
Sep 25 09:59:30 localhost app-29: [UnblockedSitesMonitor] <> INFO  UnblockedSitesMonitor initializing
Sep 25 09:59:31 localhost app-29: [AppBase] <> INFO  Starting   web-filter [29] ...
Sep 25 09:59:32 localhost app-29: [AppBase] <> INFO  Started    web-filter [29] ...
Sep 25 10:00:26 localhost app-29: [AppBase] <> INFO  Stopping   web-filter [29] ...
Sep 25 10:00:26 localhost app-29: [AppBase] <> INFO  Stopped    web-filter [29] ...
Sep 25 10:00:38 localhost app-29: [UnblockedSitesMonitor] <> INFO  UnblockedSitesMonitor initializing
Sep 25 10:00:40 localhost app-29: [AppBase] <> INFO  Starting   web-filter [29] ...
Sep 25 10:00:44 localhost app-29: [AppBase] <> INFO  Started    web-filter [29] ...
Sep 25 10:02:51 localhost app-29: [AppBase] <> INFO  Stopping   web-filter [29] ...
Sep 25 10:02:51 localhost app-29: [AppBase] <> INFO  Stopped    web-filter [29] ...
Sep 25 10:03:04 localhost app-29: [UnblockedSitesMonitor] <> INFO  UnblockedSitesMonitor initializing
Sep 25 10:03:05 localhost app-29: [AppBase] <> INFO  Starting   web-filter [29] ...
Sep 25 10:03:06 localhost app-29: [AppBase] <> INFO  Started    web-filter [29] ...
Sep 25 10:06:10 localhost app-29: [AppBase] <> INFO  Stopping   web-filter [29] ...
Sep 25 10:06:10 localhost app-29: [AppBase] <> INFO  Stopped    web-filter [29] ...
Sep 25 10:06:29 localhost app-29: [UnblockedSitesMonitor] <> INFO  UnblockedSitesMonitor initializing
Sep 25 10:06:30 localhost app-29: [AppBase] <> INFO  Starting   web-filter [29] ...
Sep 25 10:06:32 localhost app-29: [AppBase] <> INFO  Started    web-filter [29] ...
Sep 25 10:08:15 localhost app-29: [AppBase] <> INFO  Stopping   web-filter [29] ...
Sep 25 10:08:15 localhost app-29: [AppBase] <> INFO  Stopped    web-filter [29] ...
Sep 25 10:08:34 localhost app-29: [UnblockedSitesMonitor] <> INFO  UnblockedSitesMonitor initializing
Sep 25 10:08:35 localhost app-29: [AppBase] <> INFO  Starting   web-filter [29] ...
Sep 25 10:08:39 localhost app-29: [AppBase] <> INFO  Started    web-filter [29] ...
Sep 25 10:12:53 localhost app-29: [AppBase] <> INFO  Stopping   web-filter [29] ...
Sep 25 10:12:53 localhost app-29: [AppBase] <> INFO  Stopped    web-filter [29] ...
Sep 25 10:13:07 localhost app-29: [UnblockedSitesMonitor] <> INFO  UnblockedSitesMonitor initializing
Sep 25 10:13:08 localhost app-29: [AppBase] <> INFO  Starting   web-filter [29] ...
Sep 25 10:13:10 localhost app-29: [AppBase] <> INFO  Started    web-filter [29] ...
Sep 25 10:15:09 localhost app-29: [AppBase] <> INFO  Stopping   web-filter [29] ...
Sep 25 10:15:09 localhost app-29: [AppBase] <> INFO  Stopped    web-filter [29] ...
Sep 25 10:15:24 localhost app-29: [UnblockedSitesMonitor] <> INFO  UnblockedSitesMonitor initializing
Sep 25 10:15:25 localhost app-29: [AppBase] <> INFO  Starting   web-filter [29] ...
Sep 25 10:15:27 localhost app-29: [AppBase] <> INFO  Started    web-filter [29] ...
Sep 25 10:16:42 localhost app-29: [AppBase] <> INFO  Stopping   web-filter [29] ...
Sep 25 10:16:42 localhost app-29: [AppBase] <> INFO  Stopped    web-filter [29] ...
Sep 25 10:16:56 localhost app-29: [UnblockedSitesMonitor] <> INFO  UnblockedSitesMonitor initializing
Sep 25 10:16:57 localhost app-29: [AppBase] <> INFO  Starting   web-filter [29] ...
Sep 25 10:16:57 localhost app-29: [AppBase] <> INFO  Started    web-filter [29] ...
Sep 25 10:30:22 localhost app-29: [AppBase] <> INFO  Stopping   web-filter [29] ...
Sep 25 10:30:22 localhost app-29: [AppBase] <> INFO  Stopped    web-filter [29] ...
Sep 25 10:30:35 localhost app-29: [UnblockedSitesMonitor] <> INFO  UnblockedSitesMonitor initializing
Sep 25 10:30:36 localhost app-29: [AppBase] <> INFO  Starting   web-filter [29] ...
Sep 25 10:30:37 localhost app-29: [AppBase] <> INFO  Started    web-filter [29] ...
Sep 25 10:34:13 localhost app-29: [AppBase] <> INFO  Stopping   web-filter [29] ...
Sep 25 10:34:13 localhost app-29: [AppBase] <> INFO  Stopped    web-filter [29] ...
Sep 25 10:34:26 localhost app-29: [UnblockedSitesMonitor] <> INFO  UnblockedSitesMonitor initializing
Sep 25 10:34:27 localhost app-29: [AppBase] <> INFO  Starting   web-filter [29] ...
Sep 25 10:34:30 localhost app-29: [AppBase] <> INFO  Started    web-filter [29] ...
Sep 25 10:37:00 localhost app-29: [AppBase] <> INFO  Stopping   web-filter [29] ...
Sep 25 10:37:00 localhost app-29: [AppBase] <> INFO  Stopped    web-filter [29] ...
Sep 25 10:37:14 localhost app-29: [UnblockedSitesMonitor] <> INFO  UnblockedSitesMonitor initializing
Sep 25 10:37:16 localhost app-29: [AppBase] <> INFO  Starting   web-filter [29] ...
Sep 25 10:37:18 localhost app-29: [AppBase] <> INFO  Started    web-filter [29] ...
Sep 25 10:41:43 localhost app-29: [AppBase] <> INFO  Stopping   web-filter [29] ...
Sep 25 10:41:43 localhost app-29: [AppBase] <> INFO  Stopped    web-filter [29] ...
Sep 25 10:41:57 localhost app-29: [UnblockedSitesMonitor] <> INFO  UnblockedSitesMonitor initializing
Sep 25 10:41:59 localhost app-29: [AppBase] <> INFO  Starting   web-filter [29] ...
Sep 25 10:42:00 localhost app-29: [AppBase] <> INFO  Started    web-filter [29] ...
Sep 25 10:44:34 localhost app-29: [AppBase] <> INFO  Stopping   web-filter [29] ...
Sep 25 10:44:34 localhost app-29: [AppBase] <> INFO  Stopped    web-filter [29] ...
Sep 25 10:44:48 localhost app-29: [UnblockedSitesMonitor] <> INFO  UnblockedSitesMonitor initializing
Sep 25 10:44:50 localhost app-29: [AppBase] <> INFO  Starting   web-filter [29] ...
Sep 25 10:44:51 localhost app-29: [AppBase] <> INFO  Started    web-filter [29] ...
Sep 25 11:00:55 localhost app-29: [AppBase] <> INFO  Stopping   web-filter [29] ...
Sep 25 11:00:55 localhost app-29: [AppBase] <> INFO  Stopped    web-filter [29] ...
Sep 25 11:01:08 localhost app-29: [UnblockedSitesMonitor] <> INFO  UnblockedSitesMonitor initializing
Sep 25 11:01:09 localhost app-29: [AppBase] <> INFO  Starting   web-filter [29] ...
Sep 25 11:01:11 localhost app-29: [AppBase] <> INFO  Started    web-filter [29] ...
Sep 25 11:02:37 localhost app-29: [AppBase] <> INFO  Stopping   web-filter [29] ...
Sep 25 11:02:37 localhost app-29: [AppBase] <> INFO  Stopped    web-filter [29] ...
Sep 25 11:02:49 localhost app-29: [UnblockedSitesMonitor] <> INFO  UnblockedSitesMonitor initializing
Sep 25 11:02:49 localhost app-29: [AppBase] <> INFO  Starting   web-filter [29] ...
Sep 25 11:02:51 localhost app-29: [AppBase] <> INFO  Started    web-filter [29] ...
Sep 25 11:03:21 localhost app-29: [AppBase] <> INFO  Stopping   web-filter [29] ...
Sep 25 11:03:21 localhost app-29: [AppBase] <> INFO  Stopped    web-filter [29] ...
Sep 25 11:03:33 localhost app-29: [UnblockedSitesMonitor] <> INFO  UnblockedSitesMonitor initializing
Sep 25 11:03:33 localhost app-29: [AppBase] <> INFO  Starting   web-filter [29] ...
Sep 25 11:03:35 localhost app-29: [AppBase] <> INFO  Started    web-filter [29] ...
Sep 25 12:20:01 localhost app-29: [AppBase] <> INFO  Stopping   web-filter [29] ...
Sep 25 12:20:09 localhost app-29: [AppBase] <> INFO  Stopped    web-filter [29] ...
Sep 25 12:20:14 localhost app-29: [UnblockedSitesMonitor] <> INFO  UnblockedSitesMonitor initializing
Sep 25 12:20:15 localhost app-29: [AppBase] <> INFO  Starting   web-filter [29] ...
Sep 25 12:20:16 localhost app-29: [AppBase] <> INFO  Started    web-filter [29] ...
Sep 25 12:21:45 localhost app-29: [AppBase] <> INFO  Stopping   web-filter [29] ...
Sep 25 12:21:45 localhost app-29: [AppBase] <> INFO  Stopped    web-filter [29] ...
Sep 25 12:21:57 localhost app-29: [UnblockedSitesMonitor] <> INFO  UnblockedSitesMonitor initializing
Sep 25 12:21:58 localhost app-29: [AppBase] <> INFO  Starting   web-filter [29] ...
Sep 25 12:22:02 localhost app-29: [AppBase] <> INFO  Started    web-filter [29] ...
Sep 25 12:22:38 localhost app-29: [AppBase] <> INFO  Stopping   web-filter [29] ...
Sep 25 12:22:38 localhost app-29: [AppBase] <> INFO  Stopped    web-filter [29] ...
Sep 25 12:22:50 localhost app-29: [UnblockedSitesMonitor] <> INFO  UnblockedSitesMonitor initializing
Sep 25 12:22:51 localhost app-29: [AppBase] <> INFO  Starting   web-filter [29] ...
Sep 25 12:22:52 localhost app-29: [AppBase] <> INFO  Started    web-filter [29] ...
Sep 25 12:23:34 localhost app-29: [AppBase] <> INFO  Stopping   web-filter [29] ...
Sep 25 12:23:34 localhost app-29: [AppBase] <> INFO  Stopped    web-filter [29] ...
Sep 25 12:23:48 localhost app-29: [UnblockedSitesMonitor] <> INFO  UnblockedSitesMonitor initializing
Sep 25 12:23:50 localhost app-29: [AppBase] <> INFO  Starting   web-filter [29] ...
Sep 25 12:23:51 localhost app-29: [AppBase] <> INFO  Started    web-filter [29] ...
Sep 25 12:24:19 localhost app-29: [AppBase] <> INFO  Stopping   web-filter [29] ...
Sep 25 12:24:19 localhost app-29: [AppBase] <> INFO  Stopped    web-filter [29] ...
Sep 25 12:24:31 localhost app-29: [UnblockedSitesMonitor] <> INFO  UnblockedSitesMonitor initializing
Sep 25 12:24:32 localhost app-29: [AppBase] <> INFO  Starting   web-filter [29] ...
Sep 25 12:24:33 localhost app-29: [AppBase] <> INFO  Started    web-filter [29] ...
Sep 25 12:25:58 localhost app-29: [AppBase] <> INFO  Stopping   web-filter [29] ...
Sep 25 12:25:58 localhost app-29: [AppBase] <> INFO  Stopped    web-filter [29] ...
Sep 25 12:26:11 localhost app-29: [UnblockedSitesMonitor] <> INFO  UnblockedSitesMonitor initializing
Sep 25 12:26:12 localhost app-29: [AppBase] <> INFO  Starting   web-filter [29] ...
Sep 25 12:26:14 localhost app-29: [AppBase] <> INFO  Started    web-filter [29] ...
Sep 25 12:26:50 localhost app-29: [AppBase] <> INFO  Stopping   web-filter [29] ...
Sep 25 12:26:50 localhost app-29: [AppBase] <> INFO  Stopped    web-filter [29] ...
Sep 25 12:27:03 localhost app-29: [UnblockedSitesMonitor] <> INFO  UnblockedSitesMonitor initializing
Sep 25 12:27:04 localhost app-29: [AppBase] <> INFO  Starting   web-filter [29] ...
Sep 25 12:27:05 localhost app-29: [AppBase] <> INFO  Started    web-filter [29] ...
Sep 25 13:12:18 localhost app-29: [AppBase] <> INFO  Stopping   web-filter [29] ...
Sep 25 13:12:18 localhost app-29: [AppBase] <> INFO  Stopped    web-filter [29] ...
Sep 25 13:12:31 localhost app-29: [UnblockedSitesMonitor] <> INFO  UnblockedSitesMonitor initializing
Sep 25 13:12:32 localhost app-29: [AppBase] <> INFO  Starting   web-filter [29] ...
Sep 25 13:12:36 localhost app-29: [AppBase] <> WARN  Exception in preStart(). Reverting to INITIALIZED state.
Sep 25 13:12:36 localhost app-29:       java.lang.IllegalStateException: Unable to start a pulse. Unexpected state: RUNNING
Sep 25 13:12:36 localhost app-29:       com.untangle.uvm.util.Pulse.start(Pulse.java:198)
Sep 25 13:12:36 localhost app-29:       com.untangle.app.webroot.WebrootDaemon.start(WebrootDaemon.java:142)
Sep 25 13:12:36 localhost app-29:       com.untangle.app.web_filter.WebFilterDecisionEngine.start(WebFilterDecisionEngine.java:337)
Sep 25 13:12:36 localhost app-29:       com.untangle.app.web_filter.WebFilterApp.preStart(WebFilterApp.java:122)
Sep 25 13:12:36 localhost app-29:       com.untangle.uvm.app.AppBase.start(AppBase.java:909)
Sep 25 13:12:36 localhost app-29:       com.untangle.uvm.app.AppBase.resumeState(AppBase.java:246)
Sep 25 13:12:36 localhost app-29:       com.untangle.uvm.app.AppBase.loadClass(AppBase.java:373)
Sep 25 13:12:36 localhost app-29:       com.untangle.uvm.AppManagerImpl$3.run(AppManagerImpl.java:1128)
Sep 25 13:12:36 localhost app-29:       com.untangle.uvm.UvmContextImpl$1.run(UvmContextImpl.java:654)
Sep 25 13:12:36 localhost app-29:       java.base/java.lang.Thread.run(Thread.java:834)
Sep 25 13:14:56 localhost app-29: [UnblockedSitesMonitor] <> INFO  UnblockedSitesMonitor initializing
Sep 25 13:14:58 localhost app-29: [AppBase] <> INFO  Starting   web-filter [29] ...
Sep 25 13:14:58 localhost app-29: [AppBase] <> INFO  Started    web-filter [29] ...
Sep 25 13:22:15 localhost app-29: [AppBase] <> INFO  Stopping   web-filter [29] ...
Sep 25 13:22:15 localhost app-29: [AppBase] <> INFO  Stopped    web-filter [29] ...
Oct  2 08:05:01 localhost app-29: [UnblockedSitesMonitor] <> INFO  UnblockedSitesMonitor initializing
Oct  2 08:05:03 localhost app-29: [AppBase] <> INFO  Starting   web-filter [29] ...
Oct  2 08:05:07 localhost app-29: [AppBase] <> INFO  Started    web-filter [29] ...
Oct 14 08:37:29 localhost app-29: [UnblockedSitesMonitor] <> INFO  UnblockedSitesMonitor initializing
Oct 14 08:37:29 localhost app-29: [AppBase] <> INFO  No valid license for: web-filter
Oct 14 08:37:29 localhost app-29: [AppBase] <> INFO  Requesting trial for: web-filter
Oct 14 08:38:06 localhost app-29: [AppBase] <> INFO  Starting   web-filter [29] ...
Oct 14 08:38:06 localhost app-29: [AppBase] <> WARN  Exception in preStart(). Reverting to INITIALIZED state.
Oct 14 08:38:06 localhost app-29:       java.lang.RuntimeException: invalid license
Oct 14 08:38:06 localhost app-29:       com.untangle.app.web_filter.WebFilterApp.preStart(WebFilterApp.java:119)
Oct 14 08:38:06 localhost app-29:       com.untangle.uvm.app.AppBase.start(AppBase.java:909)
Oct 14 08:38:06 localhost app-29:       com.untangle.uvm.app.AppBase.resumeState(AppBase.java:246)
Oct 14 08:38:06 localhost app-29:       com.untangle.uvm.app.AppBase.loadClass(AppBase.java:373)
Oct 14 08:38:06 localhost app-29:       com.untangle.uvm.AppManagerImpl$3.run(AppManagerImpl.java:1128)
Oct 14 08:38:06 localhost app-29:       com.untangle.uvm.UvmContextImpl$1.run(UvmContextImpl.java:654)
Oct 14 08:38:06 localhost app-29:       java.base/java.lang.Thread.run(Thread.java:834)
Oct 14 16:44:31 localhost app-29: [UnblockedSitesMonitor] <> INFO  UnblockedSitesMonitor initializing
Oct 14 16:44:31 localhost app-29: [AppBase] <> INFO  No valid license for: web-filter
Oct 14 16:44:31 localhost app-29: [AppBase] <> INFO  Requesting trial for: web-filter
Oct 14 16:44:53 localhost app-29: [AppBase] <> INFO  Starting   web-filter [29] ...
Oct 14 16:44:53 localhost app-29: [AppBase] <> WARN  Exception in preStart(). Reverting to INITIALIZED state.
Oct 14 16:44:53 localhost app-29:       java.lang.RuntimeException: invalid license
Oct 14 16:44:53 localhost app-29:       com.untangle.app.web_filter.WebFilterApp.preStart(WebFilterApp.java:119)
Oct 14 16:44:53 localhost app-29:       com.untangle.uvm.app.AppBase.start(AppBase.java:909)
Oct 14 16:44:53 localhost app-29:       com.untangle.uvm.app.AppBase.resumeState(AppBase.java:246)
Oct 14 16:44:53 localhost app-29:       com.untangle.uvm.app.AppBase.loadClass(AppBase.java:373)
Oct 14 16:44:53 localhost app-29:       com.untangle.uvm.AppManagerImpl$3.run(AppManagerImpl.java:1128)
Oct 14 16:44:53 localhost app-29:       com.untangle.uvm.UvmContextImpl$1.run(UvmContextImpl.java:654)
Oct 14 16:44:53 localhost app-29:       java.base/java.lang.Thread.run(Thread.java:834)
Oct 15 12:41:37 localhost app-29: [UnblockedSitesMonitor] <> INFO  UnblockedSitesMonitor initializing
Oct 15 12:41:37 localhost app-29: [AppBase] <> INFO  No valid license for: web-filter
Oct 15 12:41:37 localhost app-29: [AppBase] <> INFO  Requesting trial for: web-filter
Oct 15 12:42:16 localhost app-29: [AppBase] <> INFO  Starting   web-filter [29] ...
Oct 15 12:42:16 localhost app-29: [AppBase] <> WARN  Exception in preStart(). Reverting to INITIALIZED state.
Oct 15 12:42:16 localhost app-29:       java.lang.RuntimeException: invalid license
Oct 15 12:42:16 localhost app-29:       com.untangle.app.web_filter.WebFilterApp.preStart(WebFilterApp.java:119)
Oct 15 12:42:16 localhost app-29:       com.untangle.uvm.app.AppBase.start(AppBase.java:909)
Oct 15 12:42:16 localhost app-29:       com.untangle.uvm.app.AppBase.resumeState(AppBase.java:246)
Oct 15 12:42:16 localhost app-29:       com.untangle.uvm.app.AppBase.loadClass(AppBase.java:373)
Oct 15 12:42:16 localhost app-29:       com.untangle.uvm.AppManagerImpl$3.run(AppManagerImpl.java:1128)
Oct 15 12:42:16 localhost app-29:       com.untangle.uvm.UvmContextImpl$1.run(UvmContextImpl.java:654)
Oct 15 12:42:16 localhost app-29:       java.base/java.lang.Thread.run(Thread.java:834)
Oct 22 09:42:23 localhost app-29: [UnblockedSitesMonitor] <> INFO  UnblockedSitesMonitor initializing
Oct 22 09:42:23 localhost app-29: [AppBase] <> INFO  No valid license for: web-filter
Oct 22 09:42:23 localhost app-29: [AppBase] <> INFO  Requesting trial for: web-filter
Oct 22 09:42:54 localhost app-29: [AppBase] <> INFO  Starting   web-filter [29] ...
Oct 22 09:42:54 localhost app-29: [AppBase] <> WARN  Exception in preStart(). Reverting to INITIALIZED state.
Oct 22 09:42:54 localhost app-29:       java.lang.RuntimeException: invalid license
Oct 22 09:42:54 localhost app-29:       com.untangle.app.web_filter.WebFilterApp.preStart(WebFilterApp.java:119)
Oct 22 09:42:54 localhost app-29:       com.untangle.uvm.app.AppBase.start(AppBase.java:909)
Oct 22 09:42:54 localhost app-29:       com.untangle.uvm.app.AppBase.resumeState(AppBase.java:246)
Oct 22 09:42:54 localhost app-29:       com.untangle.uvm.app.AppBase.loadClass(AppBase.java:373)
Oct 22 09:42:54 localhost app-29:       com.untangle.uvm.AppManagerImpl$3.run(AppManagerImpl.java:1128)
Oct 22 09:42:54 localhost app-29:       com.untangle.uvm.UvmContextImpl$1.run(UvmContextImpl.java:654)
Oct 22 09:42:54 localhost app-29:       java.base/java.lang.Thread.run(Thread.java:834)
Nov 11 11:26:12 localhost app-29: [UnblockedSitesMonitor] <> INFO  UnblockedSitesMonitor initializing
Nov 11 11:26:12 localhost app-29: [AppBase] <> INFO  No valid license for: web-filter
Nov 11 11:26:12 localhost app-29: [AppBase] <> INFO  Requesting trial for: web-filter
Nov 11 11:26:54 localhost app-29: [AppBase] <> INFO  Starting   web-filter [29] ...
Nov 11 11:26:54 localhost app-29: [AppBase] <> WARN  Exception in preStart(). Reverting to INITIALIZED state.
Nov 11 11:26:54 localhost app-29:       java.lang.RuntimeException: invalid license
Nov 11 11:26:54 localhost app-29:       com.untangle.app.web_filter.WebFilterApp.preStart(WebFilterApp.java:119)
Nov 11 11:26:54 localhost app-29:       com.untangle.uvm.app.AppBase.start(AppBase.java:909)
Nov 11 11:26:54 localhost app-29:       com.untangle.uvm.app.AppBase.resumeState(AppBase.java:246)
Nov 11 11:26:54 localhost app-29:       com.untangle.uvm.app.AppBase.loadClass(AppBase.java:373)
Nov 11 11:26:54 localhost app-29:       com.untangle.uvm.AppManagerImpl$3.run(AppManagerImpl.java:1128)
Nov 11 11:26:54 localhost app-29:       com.untangle.uvm.UvmContextImpl$1.run(UvmContextImpl.java:654)
Nov 11 11:26:54 localhost app-29:       java.base/java.lang.Thread.run(Thread.java:834)
Nov 12 09:49:23 localhost app-29: [WireGuardVpnApp] <> INFO  Initializing Settings...
Nov 12 09:49:23 localhost app-29: [WireGuardVpnApp] <> INFO  Creating the default settings...
Nov 12 09:49:23 localhost app-29: [WireGuardVpnApp] <> WARN  /192.168.252.60
Nov 12 09:49:29 localhost app-29: [WireGuardVpnApp] <> INFO  Loading Settings...
Nov 12 09:49:29 localhost app-29: [AppBase] <> INFO  Starting   wireguard-vpn [29] ...
Nov 12 09:49:29 localhost app-29: [WireGuardVpnManager] <> INFO  Starting WireGuard interface and tunnels
Nov 12 09:49:29 localhost app-29: [WireGuardVpnManager] <> INFO  /usr/bin/wg-quick: 
Nov 12 09:49:29 localhost app-29: [WireGuardVpnManager] <> INFO  /usr/bin/wg-quick: [#] ip link add wg0 type wireguard
Nov 12 09:49:29 localhost app-29: [WireGuardVpnManager] <> INFO  /usr/bin/wg-quick: [#] wg setconf wg0 /dev/fd/63
Nov 12 09:49:29 localhost app-29: [WireGuardVpnManager] <> INFO  /usr/bin/wg-quick: [#] ip -4 address add 192.168.5.1 dev wg0
Nov 12 09:49:29 localhost app-29: [WireGuardVpnManager] <> INFO  /usr/bin/wg-quick: [#] ip link set mtu 1500 up dev wg0
Nov 12 09:49:30 localhost app-29: [WireGuardVpnManager] <> INFO  /etc/untangle/iptables-rules.d/720-wireguard-vpn: 
Nov 12 09:49:30 localhost app-29: [WireGuardVpnManager] <> INFO  /etc/untangle/iptables-rules.d/720-wireguard-vpn: 
Nov 12 09:49:30 localhost app-29: [AppBase] <> INFO  Started    wireguard-vpn [29] ...
Nov 12 09:51:36 localhost app-29: [AppBase] <> INFO  Stopping   wireguard-vpn [29] ...
Nov 12 09:51:36 localhost app-29: [WireGuardVpnMonitor] <> INFO  WireGuardVpn monitor was interrupted
Nov 12 09:51:36 localhost app-29: [WireGuardVpnManager] <> INFO  Stopping WireGuard interface and tunnels
Nov 12 09:51:36 localhost app-29: [WireGuardVpnManager] <> INFO  /usr/bin/wg-quick: 
Nov 12 09:51:36 localhost app-29: [WireGuardVpnManager] <> INFO  /usr/bin/wg-quick: [#] ip link delete dev wg0
Nov 12 09:51:36 localhost app-29: [WireGuardVpnManager] <> INFO  /etc/untangle/iptables-rules.d/720-wireguard-vpn: 
Nov 12 09:51:36 localhost app-29: [WireGuardVpnManager] <> INFO  /etc/untangle/iptables-rules.d/720-wireguard-vpn: 
Nov 12 09:51:36 localhost app-29: [AppBase] <> INFO  Stopped    wireguard-vpn [29] ...
Nov 12 09:51:40 localhost app-29: [WireGuardVpnApp] <> INFO  Loading Settings...
Nov 12 09:51:40 localhost app-29: [AppBase] <> INFO  Starting   wireguard-vpn [29] ...
Nov 12 09:51:41 localhost app-29: [WireGuardVpnManager] <> INFO  Starting WireGuard interface and tunnels
Nov 12 09:51:42 localhost app-29: [WireGuardVpnManager] <> INFO  /usr/bin/wg-quick: 
Nov 12 09:51:42 localhost app-29: [WireGuardVpnManager] <> INFO  /usr/bin/wg-quick: [#] ip link add wg0 type wireguard
Nov 12 09:51:42 localhost app-29: [WireGuardVpnManager] <> INFO  /usr/bin/wg-quick: [#] wg setconf wg0 /dev/fd/63
Nov 12 09:51:42 localhost app-29: [WireGuardVpnManager] <> INFO  /usr/bin/wg-quick: [#] ip -4 address add 192.168.5.1 dev wg0
Nov 12 09:51:42 localhost app-29: [WireGuardVpnManager] <> INFO  /usr/bin/wg-quick: [#] ip link set mtu 1500 up dev wg0
Nov 12 09:51:42 localhost app-29: [WireGuardVpnManager] <> INFO  /etc/untangle/iptables-rules.d/720-wireguard-vpn: 
Nov 12 09:51:42 localhost app-29: [WireGuardVpnManager] <> INFO  /etc/untangle/iptables-rules.d/720-wireguard-vpn: 
Nov 12 09:51:42 localhost app-29: [AppBase] <> INFO  Started    wireguard-vpn [29] ...
Nov 12 12:27:55 localhost app-29: [AppBase] <> INFO  Stopping   wireguard-vpn [29] ...
Nov 12 12:27:55 localhost app-29: [WireGuardVpnMonitor] <> INFO  WireGuardVpn monitor was interrupted
Nov 12 12:27:55 localhost app-29: [WireGuardVpnManager] <> INFO  Stopping WireGuard interface and tunnels
Nov 12 12:27:55 localhost app-29: [WireGuardVpnManager] <> INFO  /usr/bin/wg-quick: 
Nov 12 12:27:55 localhost app-29: [WireGuardVpnManager] <> INFO  /usr/bin/wg-quick: [#] ip link delete dev wg0
Nov 12 12:27:55 localhost app-29: [WireGuardVpnManager] <> INFO  /etc/untangle/iptables-rules.d/720-wireguard-vpn: 
Nov 12 12:27:55 localhost app-29: [WireGuardVpnManager] <> INFO  /etc/untangle/iptables-rules.d/720-wireguard-vpn: 
Nov 12 12:27:55 localhost app-29: [AppBase] <> INFO  Stopped    wireguard-vpn [29] ...
Nov 12 12:28:01 localhost app-29: [WireGuardVpnApp] <> INFO  Loading Settings...
Nov 12 12:28:01 localhost app-29: [AppBase] <> INFO  Starting   wireguard-vpn [29] ...
Nov 12 12:28:02 localhost app-29: [WireGuardVpnManager] <> INFO  Starting WireGuard interface and tunnels
Nov 12 12:28:04 localhost app-29: [WireGuardVpnManager] <> INFO  /usr/bin/wg-quick: 
Nov 12 12:28:04 localhost app-29: [WireGuardVpnManager] <> INFO  /usr/bin/wg-quick: [#] ip link add wg0 type wireguard
Nov 12 12:28:04 localhost app-29: [WireGuardVpnManager] <> INFO  /usr/bin/wg-quick: [#] wg setconf wg0 /dev/fd/63
Nov 12 12:28:04 localhost app-29: [WireGuardVpnManager] <> INFO  /usr/bin/wg-quick: [#] ip -4 address add 192.168.5.1 dev wg0
Nov 12 12:28:04 localhost app-29: [WireGuardVpnManager] <> INFO  /usr/bin/wg-quick: [#] ip link set mtu 1500 up dev wg0
Nov 12 12:28:04 localhost app-29: [WireGuardVpnManager] <> INFO  /etc/untangle/iptables-rules.d/720-wireguard-vpn: 
Nov 12 12:28:04 localhost app-29: [WireGuardVpnManager] <> INFO  /etc/untangle/iptables-rules.d/720-wireguard-vpn: 
Nov 12 12:28:04 localhost app-29: [AppBase] <> INFO  Started    wireguard-vpn [29] ...
Nov 16 11:17:08 localhost app-29: [AppBase] <> INFO  Stopping   wireguard-vpn [29] ...
Nov 16 11:17:08 localhost app-29: [WireGuardVpnMonitor] <> INFO  WireGuardVpn monitor was interrupted
Nov 16 11:17:08 localhost app-29: [WireGuardVpnManager] <> INFO  Stopping WireGuard interface and tunnels
Nov 16 11:17:08 localhost app-29: [WireGuardVpnManager] <> INFO  /usr/bin/wg-quick: 
Nov 16 11:17:08 localhost app-29: [WireGuardVpnManager] <> INFO  /usr/bin/wg-quick: [#] ip link delete dev wg0
Nov 16 11:17:08 localhost app-29: [WireGuardVpnManager] <> INFO  /etc/untangle/iptables-rules.d/720-wireguard-vpn: 
Nov 16 11:17:08 localhost app-29: [WireGuardVpnManager] <> INFO  /etc/untangle/iptables-rules.d/720-wireguard-vpn: 
Nov 16 11:17:08 localhost app-29: [AppBase] <> INFO  Stopped    wireguard-vpn [29] ...
Nov 16 11:17:15 localhost app-29: [WireGuardVpnApp] <> INFO  Loading Settings...
Nov 16 11:17:15 localhost app-29: [AppBase] <> INFO  Starting   wireguard-vpn [29] ...
Nov 16 11:17:17 localhost app-29: [WireGuardVpnManager] <> INFO  Starting WireGuard interface and tunnels
Nov 16 11:17:17 localhost app-29: [WireGuardVpnManager] <> INFO  /usr/bin/wg-quick: 
Nov 16 11:17:17 localhost app-29: [WireGuardVpnManager] <> INFO  /usr/bin/wg-quick: [#] ip link add wg0 type wireguard
Nov 16 11:17:17 localhost app-29: [WireGuardVpnManager] <> INFO  /usr/bin/wg-quick: [#] wg setconf wg0 /dev/fd/63
Nov 16 11:17:17 localhost app-29: [WireGuardVpnManager] <> INFO  /usr/bin/wg-quick: [#] ip -4 address add 192.168.5.1 dev wg0
Nov 16 11:17:17 localhost app-29: [WireGuardVpnManager] <> INFO  /usr/bin/wg-quick: [#] ip link set mtu 1500 up dev wg0
Nov 16 11:17:18 localhost app-29: [WireGuardVpnManager] <> INFO  /etc/untangle/iptables-rules.d/720-wireguard-vpn: 
Nov 16 11:17:18 localhost app-29: [WireGuardVpnManager] <> INFO  /etc/untangle/iptables-rules.d/720-wireguard-vpn: 
Nov 16 11:17:18 localhost app-29: [AppBase] <> INFO  Started    wireguard-vpn [29] ...
Nov 17 12:15:08 localhost app-29: [WireGuardVpnApp] <> INFO  Network Settings will change, storing local settings...
Nov 17 12:15:08 localhost app-29: [WireGuardVpnApp] <> ERROR Unable to reconfigure the Wireguard VPN app
Nov 17 12:15:14 localhost app-29: [WireGuardVpnApp] <> INFO  Network Settings have changed. Syncing new settings...
Nov 17 12:16:32 localhost app-29: [AppBase] <> INFO  Stopping   wireguard-vpn [29] ...
Nov 17 12:16:32 localhost app-29: [WireGuardVpnMonitor] <> INFO  WireGuardVpn monitor was interrupted
Nov 17 12:16:32 localhost app-29: [WireGuardVpnManager] <> INFO  Stopping WireGuard interface and tunnels
Nov 17 12:16:32 localhost app-29: [WireGuardVpnManager] <> INFO  /usr/bin/wg-quick: 
Nov 17 12:16:32 localhost app-29: [WireGuardVpnManager] <> INFO  /usr/bin/wg-quick: [#] ip link delete dev wg0
Nov 17 12:16:32 localhost app-29: [WireGuardVpnManager] <> INFO  /etc/untangle/iptables-rules.d/720-wireguard-vpn: 
Nov 17 12:16:32 localhost app-29: [WireGuardVpnManager] <> INFO  /etc/untangle/iptables-rules.d/720-wireguard-vpn: 
Nov 17 12:16:32 localhost app-29: [AppBase] <> INFO  Stopped    wireguard-vpn [29] ...
Nov 17 12:16:38 localhost app-29: [WireGuardVpnApp] <> INFO  Loading Settings...
Nov 17 12:16:38 localhost app-29: [AppBase] <> INFO  Starting   wireguard-vpn [29] ...
Nov 17 12:16:39 localhost app-29: [WireGuardVpnManager] <> INFO  Starting WireGuard interface and tunnels
Nov 17 12:16:39 localhost app-29: [WireGuardVpnManager] <> INFO  /usr/bin/wg-quick: 
Nov 17 12:16:39 localhost app-29: [WireGuardVpnManager] <> INFO  /usr/bin/wg-quick: [#] ip link add wg0 type wireguard
Nov 17 12:16:39 localhost app-29: [WireGuardVpnManager] <> INFO  /usr/bin/wg-quick: [#] wg setconf wg0 /dev/fd/63
Nov 17 12:16:39 localhost app-29: [WireGuardVpnManager] <> INFO  /usr/bin/wg-quick: [#] ip -4 address add 192.168.5.1 dev wg0
Nov 17 12:16:39 localhost app-29: [WireGuardVpnManager] <> INFO  /usr/bin/wg-quick: [#] ip link set mtu 1500 up dev wg0
Nov 17 12:16:39 localhost app-29: [WireGuardVpnManager] <> INFO  /etc/untangle/iptables-rules.d/720-wireguard-vpn: 
Nov 17 12:16:39 localhost app-29: [WireGuardVpnManager] <> INFO  /etc/untangle/iptables-rules.d/720-wireguard-vpn: 
Nov 17 12:16:39 localhost app-29: [AppBase] <> INFO  Started    wireguard-vpn [29] ...
Nov 17 12:17:49 localhost app-29: [AppBase] <> INFO  Stopping   wireguard-vpn [29] ...
Nov 17 12:17:49 localhost app-29: [WireGuardVpnMonitor] <> INFO  WireGuardVpn monitor was interrupted
Nov 17 12:17:49 localhost app-29: [WireGuardVpnManager] <> INFO  Stopping WireGuard interface and tunnels
Nov 17 12:17:49 localhost app-29: [WireGuardVpnManager] <> INFO  /usr/bin/wg-quick: 
Nov 17 12:17:49 localhost app-29: [WireGuardVpnManager] <> INFO  /usr/bin/wg-quick: [#] ip link delete dev wg0
Nov 17 12:17:49 localhost app-29: [WireGuardVpnManager] <> INFO  /etc/untangle/iptables-rules.d/720-wireguard-vpn: 
Nov 17 12:17:49 localhost app-29: [WireGuardVpnManager] <> INFO  /etc/untangle/iptables-rules.d/720-wireguard-vpn: 
Nov 17 12:17:49 localhost app-29: [AppBase] <> INFO  Stopped    wireguard-vpn [29] ...
Nov 17 12:18:02 localhost app-29: [UnblockedSitesMonitor] <> INFO  UnblockedSitesMonitor initializing
Nov 17 12:18:02 localhost app-29: [AppBase] <> INFO  No valid license for: web-filter
Nov 17 12:18:02 localhost app-29: [AppBase] <> INFO  Requesting trial for: web-filter
Nov 17 12:18:31 localhost app-29: [AppBase] <> INFO  Starting   web-filter [29] ...
Nov 17 12:18:31 localhost app-29: [AppBase] <> WARN  Exception in preStart(). Reverting to INITIALIZED state.
Nov 17 12:18:31 localhost app-29:       java.lang.RuntimeException: invalid license
Nov 17 12:18:31 localhost app-29:       com.untangle.app.web_filter.WebFilterApp.preStart(WebFilterApp.java:119)
Nov 17 12:18:31 localhost app-29:       com.untangle.uvm.app.AppBase.start(AppBase.java:909)
Nov 17 12:18:31 localhost app-29:       com.untangle.uvm.app.AppBase.resumeState(AppBase.java:246)
Nov 17 12:18:31 localhost app-29:       com.untangle.uvm.app.AppBase.loadClass(AppBase.java:373)
Nov 17 12:18:31 localhost app-29:       com.untangle.uvm.AppManagerImpl$3.run(AppManagerImpl.java:1128)
Nov 17 12:18:31 localhost app-29:       com.untangle.uvm.UvmContextImpl$1.run(UvmContextImpl.java:654)
Nov 17 12:18:31 localhost app-29:       java.base/java.lang.Thread.run(Thread.java:834)
Nov 17 12:19:34 localhost app-29: [UnblockedSitesMonitor] <> INFO  UnblockedSitesMonitor initializing
Nov 17 12:19:34 localhost app-29: [AppBase] <> INFO  No valid license for: web-filter
Nov 17 12:19:34 localhost app-29: [AppBase] <> INFO  Requesting trial for: web-filter
Nov 17 12:20:07 localhost app-29: [AppBase] <> INFO  Starting   web-filter [29] ...
Nov 17 12:20:07 localhost app-29: [AppBase] <> WARN  Exception in preStart(). Reverting to INITIALIZED state.
Nov 17 12:20:07 localhost app-29:       java.lang.RuntimeException: invalid license
Nov 17 12:20:07 localhost app-29:       com.untangle.app.web_filter.WebFilterApp.preStart(WebFilterApp.java:119)
Nov 17 12:20:07 localhost app-29:       com.untangle.uvm.app.AppBase.start(AppBase.java:909)
Nov 17 12:20:07 localhost app-29:       com.untangle.uvm.app.AppBase.resumeState(AppBase.java:246)
Nov 17 12:20:07 localhost app-29:       com.untangle.uvm.app.AppBase.loadClass(AppBase.java:373)
Nov 17 12:20:07 localhost app-29:       com.untangle.uvm.AppManagerImpl$3.run(AppManagerImpl.java:1128)
Nov 17 12:20:07 localhost app-29:       com.untangle.uvm.UvmContextImpl$1.run(UvmContextImpl.java:654)
Nov 17 12:20:07 localhost app-29:       java.base/java.lang.Thread.run(Thread.java:834)
Nov 23 17:24:51 localhost app-29: [WireGuardVpnApp] <> INFO  Loading Settings...
Nov 23 17:24:51 localhost app-29: [AppBase] <> INFO  Starting   wireguard-vpn [29] ...
Nov 23 17:24:59 localhost app-29: [WireGuardVpnManager] <> INFO  Starting WireGuard interface and tunnels
Nov 23 17:25:00 localhost app-29: [WireGuardVpnManager] <> INFO  /usr/bin/wg-quick: 
Nov 23 17:25:00 localhost app-29: [WireGuardVpnManager] <> INFO  /usr/bin/wg-quick: [#] ip link add wg0 type wireguard
Nov 23 17:25:00 localhost app-29: [WireGuardVpnManager] <> INFO  /usr/bin/wg-quick: [#] wg setconf wg0 /dev/fd/63
Nov 23 17:25:00 localhost app-29: [WireGuardVpnManager] <> INFO  /usr/bin/wg-quick: [#] ip -4 address add 192.168.5.1 dev wg0
Nov 23 17:25:00 localhost app-29: [WireGuardVpnManager] <> INFO  /usr/bin/wg-quick: [#] ip link set mtu 1500 up dev wg0
Nov 23 17:25:01 localhost app-29: [WireGuardVpnManager] <> INFO  /etc/untangle/iptables-rules.d/720-wireguard-vpn: 
Nov 23 17:25:01 localhost app-29: [WireGuardVpnManager] <> INFO  /etc/untangle/iptables-rules.d/720-wireguard-vpn: 
Nov 23 17:25:01 localhost app-29: [AppBase] <> INFO  Started    wireguard-vpn [29] ...
Nov 23 17:26:14 localhost app-29: [AppBase] <> INFO  Stopping   wireguard-vpn [29] ...
Nov 23 17:26:14 localhost app-29: [WireGuardVpnMonitor] <> INFO  WireGuardVpn monitor was interrupted
Nov 23 17:26:14 localhost app-29: [WireGuardVpnManager] <> INFO  Stopping WireGuard interface and tunnels
Nov 23 17:26:14 localhost app-29: [WireGuardVpnManager] <> INFO  /usr/bin/wg-quick: 
Nov 23 17:26:14 localhost app-29: [WireGuardVpnManager] <> INFO  /usr/bin/wg-quick: [#] ip link delete dev wg0
Nov 23 17:26:14 localhost app-29: [WireGuardVpnManager] <> INFO  /etc/untangle/iptables-rules.d/720-wireguard-vpn: 
Nov 23 17:26:14 localhost app-29: [WireGuardVpnManager] <> INFO  /etc/untangle/iptables-rules.d/720-wireguard-vpn: 
Nov 23 17:26:14 localhost app-29: [AppBase] <> INFO  Stopped    wireguard-vpn [29] ...
Nov 23 17:26:18 localhost app-29: [WireGuardVpnApp] <> INFO  Loading Settings...
Nov 23 17:26:18 localhost app-29: [AppBase] <> INFO  Starting   wireguard-vpn [29] ...
Nov 23 17:26:18 localhost app-29: [WireGuardVpnManager] <> INFO  Starting WireGuard interface and tunnels
Nov 23 17:26:19 localhost app-29: [WireGuardVpnManager] <> INFO  /usr/bin/wg-quick: 
Nov 23 17:26:19 localhost app-29: [WireGuardVpnManager] <> INFO  /usr/bin/wg-quick: [#] ip link add wg0 type wireguard
Nov 23 17:26:19 localhost app-29: [WireGuardVpnManager] <> INFO  /usr/bin/wg-quick: [#] wg setconf wg0 /dev/fd/63
Nov 23 17:26:19 localhost app-29: [WireGuardVpnManager] <> INFO  /usr/bin/wg-quick: [#] ip -4 address add 192.168.5.1 dev wg0
Nov 23 17:26:19 localhost app-29: [WireGuardVpnManager] <> INFO  /usr/bin/wg-quick: [#] ip link set mtu 1500 up dev wg0
Nov 23 17:26:20 localhost app-29: [WireGuardVpnManager] <> INFO  /etc/untangle/iptables-rules.d/720-wireguard-vpn: 
Nov 23 17:26:20 localhost app-29: [WireGuardVpnManager] <> INFO  /etc/untangle/iptables-rules.d/720-wireguard-vpn: 
Nov 23 17:26:20 localhost app-29: [AppBase] <> INFO  Started    wireguard-vpn [29] ...
Nov 23 17:28:30 localhost app-29: [WireGuardVpnApp] <> INFO  Loading Settings...
Nov 23 17:28:30 localhost app-29: [AppBase] <> INFO  Starting   wireguard-vpn [29] ...
Nov 23 17:28:30 localhost app-29: [WireGuardVpnManager] <> INFO  Starting WireGuard interface and tunnels
Nov 23 17:28:31 localhost app-29: [WireGuardVpnManager] <> INFO  /usr/bin/wg-quick: 
Nov 23 17:28:31 localhost app-29: [WireGuardVpnManager] <> INFO  /usr/bin/wg-quick: wg-quick: `wg0' already exists
Nov 23 17:28:31 localhost app-29: [WireGuardVpnManager] <> ERROR Failed calling WireGuard start script (return code: 1)
Nov 23 17:28:32 localhost app-29: [WireGuardVpnManager] <> INFO  /etc/untangle/iptables-rules.d/720-wireguard-vpn: 
Nov 23 17:28:32 localhost app-29: [WireGuardVpnManager] <> INFO  /etc/untangle/iptables-rules.d/720-wireguard-vpn: 
Nov 23 17:28:32 localhost app-29: [AppBase] <> INFO  Started    wireguard-vpn [29] ...
Nov 23 17:33:52 localhost app-29: [UnblockedSitesMonitor] <> INFO  UnblockedSitesMonitor initializing
Nov 23 17:33:53 localhost app-29: [AppBase] <> INFO  No valid license for: web-filter
Nov 23 17:33:53 localhost app-29: [AppBase] <> INFO  Requesting trial for: web-filter
Nov 23 17:34:19 localhost app-29: [AppBase] <> INFO  Starting   web-filter [29] ...
Nov 23 17:34:19 localhost app-29: [AppBase] <> WARN  Exception in preStart(). Reverting to INITIALIZED state.
Nov 23 17:34:19 localhost app-29:       java.lang.RuntimeException: invalid license
Nov 23 17:34:19 localhost app-29:       com.untangle.app.web_filter.WebFilterApp.preStart(WebFilterApp.java:119)
Nov 23 17:34:19 localhost app-29:       com.untangle.uvm.app.AppBase.start(AppBase.java:909)
Nov 23 17:34:19 localhost app-29:       com.untangle.uvm.app.AppBase.resumeState(AppBase.java:246)
Nov 23 17:34:19 localhost app-29:       com.untangle.uvm.app.AppBase.loadClass(AppBase.java:373)
Nov 23 17:34:19 localhost app-29:       com.untangle.uvm.AppManagerImpl$3.run(AppManagerImpl.java:1128)
Nov 23 17:34:19 localhost app-29:       com.untangle.uvm.UvmContextImpl$1.run(UvmContextImpl.java:654)
Nov 23 17:34:19 localhost app-29:       java.base/java.lang.Thread.run(Thread.java:834)
Nov 23 18:10:41 localhost app-29: [WireGuardVpnApp] <> INFO  Loading Settings...
Nov 23 18:10:41 localhost app-29: [AppBase] <> INFO  Starting   wireguard-vpn [29] ...
Nov 23 18:10:47 localhost app-29: [WireGuardVpnManager] <> INFO  Starting WireGuard interface and tunnels
Nov 23 18:10:47 localhost app-29: [WireGuardVpnManager] <> INFO  /usr/bin/wg-quick: 
Nov 23 18:10:47 localhost app-29: [WireGuardVpnManager] <> INFO  /usr/bin/wg-quick: [#] ip link add wg0 type wireguard
Nov 23 18:10:47 localhost app-29: [WireGuardVpnManager] <> INFO  /usr/bin/wg-quick: [#] wg setconf wg0 /dev/fd/63
Nov 23 18:10:47 localhost app-29: [WireGuardVpnManager] <> INFO  /usr/bin/wg-quick: [#] ip -4 address add 192.168.5.1 dev wg0
Nov 23 18:10:47 localhost app-29: [WireGuardVpnManager] <> INFO  /usr/bin/wg-quick: [#] ip link set mtu 1500 up dev wg0
Nov 23 18:10:48 localhost app-29: [WireGuardVpnManager] <> INFO  /etc/untangle/iptables-rules.d/720-wireguard-vpn: 
Nov 23 18:10:48 localhost app-29: [WireGuardVpnManager] <> INFO  /etc/untangle/iptables-rules.d/720-wireguard-vpn: 
Nov 23 18:10:48 localhost app-29: [AppBase] <> INFO  Started    wireguard-vpn [29] ...
Nov 23 18:12:48 localhost app-29: [AppBase] <> INFO  Stopping   wireguard-vpn [29] ...
Nov 23 18:12:48 localhost app-29: [WireGuardVpnMonitor] <> INFO  WireGuardVpn monitor was interrupted
Nov 23 18:12:48 localhost app-29: [WireGuardVpnManager] <> INFO  Stopping WireGuard interface and tunnels
Nov 23 18:12:48 localhost app-29: [WireGuardVpnManager] <> INFO  /usr/bin/wg-quick: 
Nov 23 18:12:48 localhost app-29: [WireGuardVpnManager] <> INFO  /usr/bin/wg-quick: [#] ip link delete dev wg0
Nov 23 18:12:49 localhost app-29: [WireGuardVpnManager] <> INFO  /etc/untangle/iptables-rules.d/720-wireguard-vpn: 
Nov 23 18:12:49 localhost app-29: [WireGuardVpnManager] <> INFO  /etc/untangle/iptables-rules.d/720-wireguard-vpn: 
Nov 23 18:12:49 localhost app-29: [AppBase] <> INFO  Stopped    wireguard-vpn [29] ...
Nov 23 18:13:22 localhost app-29: [UnblockedSitesMonitor] <> INFO  UnblockedSitesMonitor initializing
Nov 23 18:13:22 localhost app-29: [AppBase] <> INFO  No valid license for: web-filter
Nov 23 18:13:22 localhost app-29: [AppBase] <> INFO  Requesting trial for: web-filter
Nov 23 18:13:41 localhost app-29: [AppBase] <> INFO  Starting   web-filter [29] ...
Nov 23 18:13:41 localhost app-29: [AppBase] <> WARN  Exception in preStart(). Reverting to INITIALIZED state.
Nov 23 18:13:41 localhost app-29:       java.lang.RuntimeException: invalid license
Nov 23 18:13:41 localhost app-29:       com.untangle.app.web_filter.WebFilterApp.preStart(WebFilterApp.java:119)
Nov 23 18:13:41 localhost app-29:       com.untangle.uvm.app.AppBase.start(AppBase.java:909)
Nov 23 18:13:41 localhost app-29:       com.untangle.uvm.app.AppBase.resumeState(AppBase.java:246)
Nov 23 18:13:41 localhost app-29:       com.untangle.uvm.app.AppBase.loadClass(AppBase.java:373)
Nov 23 18:13:41 localhost app-29:       com.untangle.uvm.AppManagerImpl$3.run(AppManagerImpl.java:1128)
Nov 23 18:13:41 localhost app-29:       com.untangle.uvm.UvmContextImpl$1.run(UvmContextImpl.java:654)
Nov 23 18:13:41 localhost app-29:       java.base/java.lang.Thread.run(Thread.java:834)
Nov 24 08:49:12 localhost app-29: [UnblockedSitesMonitor] <> INFO  UnblockedSitesMonitor initializing
Nov 24 08:49:12 localhost app-29: [AppBase] <> INFO  No valid license for: web-filter
Nov 24 08:49:12 localhost app-29: [AppBase] <> INFO  Requesting trial for: web-filter
Nov 24 08:49:37 localhost app-29: [AppBase] <> INFO  Starting   web-filter [29] ...
Nov 24 08:49:37 localhost app-29: [AppBase] <> WARN  Exception in preStart(). Reverting to INITIALIZED state.
Nov 24 08:49:37 localhost app-29:       java.lang.RuntimeException: invalid license
Nov 24 08:49:37 localhost app-29:       com.untangle.app.web_filter.WebFilterApp.preStart(WebFilterApp.java:119)
Nov 24 08:49:37 localhost app-29:       com.untangle.uvm.app.AppBase.start(AppBase.java:909)
Nov 24 08:49:37 localhost app-29:       com.untangle.uvm.app.AppBase.resumeState(AppBase.java:246)
Nov 24 08:49:37 localhost app-29:       com.untangle.uvm.app.AppBase.loadClass(AppBase.java:373)
Nov 24 08:49:37 localhost app-29:       com.untangle.uvm.AppManagerImpl$3.run(AppManagerImpl.java:1128)
Nov 24 08:49:37 localhost app-29:       com.untangle.uvm.UvmContextImpl$1.run(UvmContextImpl.java:654)
Nov 24 08:49:37 localhost app-29:       java.base/java.lang.Thread.run(Thread.java:834)
Nov 30 17:23:58 localhost app-29: [WireGuardVpnApp] <> INFO  Loading Settings...
Nov 30 17:23:58 localhost app-29: [AppBase] <> INFO  Starting   wireguard-vpn [29] ...
Nov 30 17:24:04 localhost app-29: [WireGuardVpnManager] <> INFO  Starting WireGuard interface and tunnels
Nov 30 17:24:05 localhost app-29: [WireGuardVpnManager] <> INFO  /usr/bin/wg-quick: 
Nov 30 17:24:05 localhost app-29: [WireGuardVpnManager] <> INFO  /usr/bin/wg-quick: [#] ip link add wg0 type wireguard
Nov 30 17:24:05 localhost app-29: [WireGuardVpnManager] <> INFO  /usr/bin/wg-quick: [#] wg setconf wg0 /dev/fd/63
Nov 30 17:24:05 localhost app-29: [WireGuardVpnManager] <> INFO  /usr/bin/wg-quick: [#] ip -4 address add 192.168.5.1 dev wg0
Nov 30 17:24:05 localhost app-29: [WireGuardVpnManager] <> INFO  /usr/bin/wg-quick: [#] ip link set mtu 1500 up dev wg0
Nov 30 17:24:05 localhost app-29: [WireGuardVpnManager] <> INFO  /etc/untangle/iptables-rules.d/720-wireguard-vpn: 
Nov 30 17:24:05 localhost app-29: [WireGuardVpnManager] <> INFO  /etc/untangle/iptables-rules.d/720-wireguard-vpn: 
Nov 30 17:24:05 localhost app-29: [AppBase] <> INFO  Started    wireguard-vpn [29] ...
Nov 30 17:41:26 localhost app-29: [AppBase] <> INFO  Stopping   wireguard-vpn [29] ...
Nov 30 17:41:26 localhost app-29: [WireGuardVpnMonitor] <> INFO  WireGuardVpn monitor was interrupted
Nov 30 17:41:26 localhost app-29: [WireGuardVpnManager] <> INFO  Stopping WireGuard interface and tunnels
Nov 30 17:41:26 localhost app-29: [WireGuardVpnManager] <> INFO  /usr/bin/wg-quick: 
Nov 30 17:41:26 localhost app-29: [WireGuardVpnManager] <> INFO  /usr/bin/wg-quick: [#] ip link delete dev wg0
Nov 30 17:41:26 localhost app-29: [WireGuardVpnManager] <> INFO  /etc/untangle/iptables-rules.d/720-wireguard-vpn: 
Nov 30 17:41:26 localhost app-29: [WireGuardVpnManager] <> INFO  /etc/untangle/iptables-rules.d/720-wireguard-vpn: 
Nov 30 17:41:26 localhost app-29: [AppBase] <> INFO  Stopped    wireguard-vpn [29] ...
Nov 30 17:43:10 localhost app-29: [WireGuardVpnApp] <> INFO  Loading Settings...
Nov 30 17:43:10 localhost app-29: [AppBase] <> INFO  Starting   wireguard-vpn [29] ...
Nov 30 17:43:11 localhost app-29: [WireGuardVpnManager] <> INFO  Starting WireGuard interface and tunnels
Nov 30 17:43:12 localhost app-29: [WireGuardVpnManager] <> INFO  /usr/bin/wg-quick: 
Nov 30 17:43:12 localhost app-29: [WireGuardVpnManager] <> INFO  /usr/bin/wg-quick: [#] ip link add wg0 type wireguard
Nov 30 17:43:12 localhost app-29: [WireGuardVpnManager] <> INFO  /usr/bin/wg-quick: [#] wg setconf wg0 /dev/fd/63
Nov 30 17:43:12 localhost app-29: [WireGuardVpnManager] <> INFO  /usr/bin/wg-quick: [#] ip -4 address add 192.168.5.1 dev wg0
Nov 30 17:43:12 localhost app-29: [WireGuardVpnManager] <> INFO  /usr/bin/wg-quick: [#] ip link set mtu 1500 up dev wg0
Nov 30 17:43:13 localhost app-29: [WireGuardVpnManager] <> INFO  /etc/untangle/iptables-rules.d/720-wireguard-vpn: 
Nov 30 17:43:13 localhost app-29: [WireGuardVpnManager] <> INFO  /etc/untangle/iptables-rules.d/720-wireguard-vpn: 
Nov 30 17:43:13 localhost app-29: [AppBase] <> INFO  Started    wireguard-vpn [29] ...
Nov 30 17:46:05 localhost app-29: [AppBase] <> INFO  Stopping   wireguard-vpn [29] ...
Nov 30 17:46:05 localhost app-29: [WireGuardVpnMonitor] <> INFO  WireGuardVpn monitor was interrupted
Nov 30 17:46:05 localhost app-29: [WireGuardVpnManager] <> INFO  Stopping WireGuard interface and tunnels
Nov 30 17:46:05 localhost app-29: [WireGuardVpnManager] <> INFO  /usr/bin/wg-quick: 
Nov 30 17:46:05 localhost app-29: [WireGuardVpnManager] <> INFO  /usr/bin/wg-quick: [#] ip link delete dev wg0
Nov 30 17:46:05 localhost app-29: [WireGuardVpnManager] <> INFO  /etc/untangle/iptables-rules.d/720-wireguard-vpn: 
Nov 30 17:46:05 localhost app-29: [WireGuardVpnManager] <> INFO  /etc/untangle/iptables-rules.d/720-wireguard-vpn: 
Nov 30 17:46:05 localhost app-29: [AppBase] <> INFO  Stopped    wireguard-vpn [29] ...
Nov 30 17:47:31 localhost app-29: [WireGuardVpnApp] <> INFO  Loading Settings...
Nov 30 17:47:31 localhost app-29: [AppBase] <> INFO  Starting   wireguard-vpn [29] ...
Nov 30 17:47:32 localhost app-29: [WireGuardVpnManager] <> INFO  Starting WireGuard interface and tunnels
Nov 30 17:47:32 localhost app-29: [WireGuardVpnManager] <> INFO  /usr/bin/wg-quick: 
Nov 30 17:47:32 localhost app-29: [WireGuardVpnManager] <> INFO  /usr/bin/wg-quick: [#] ip link add wg0 type wireguard
Nov 30 17:47:32 localhost app-29: [WireGuardVpnManager] <> INFO  /usr/bin/wg-quick: [#] wg setconf wg0 /dev/fd/63
Nov 30 17:47:32 localhost app-29: [WireGuardVpnManager] <> INFO  /usr/bin/wg-quick: [#] ip -4 address add 192.168.5.1 dev wg0
Nov 30 17:47:32 localhost app-29: [WireGuardVpnManager] <> INFO  /usr/bin/wg-quick: [#] ip link set mtu 1500 up dev wg0
Nov 30 17:47:32 localhost app-29: [WireGuardVpnManager] <> INFO  /etc/untangle/iptables-rules.d/720-wireguard-vpn: 
Nov 30 17:47:32 localhost app-29: [WireGuardVpnManager] <> INFO  /etc/untangle/iptables-rules.d/720-wireguard-vpn: 
Nov 30 17:47:32 localhost app-29: [AppBase] <> INFO  Started    wireguard-vpn [29] ...
Dec  1 10:02:34 localhost app-29: [WireGuardVpnApp] <> INFO  Network Settings will change, storing local settings...
Dec  1 10:02:34 localhost app-29: [WireGuardVpnApp] <> ERROR Unable to reconfigure the Wireguard VPN app
Dec  1 10:02:41 localhost app-29: [WireGuardVpnApp] <> INFO  Network Settings have changed. Syncing new settings...
Dec  1 10:04:03 localhost app-29: [WireGuardVpnApp] <> INFO  Network Settings will change, storing local settings...
Dec  1 10:04:03 localhost app-29: [WireGuardVpnApp] <> ERROR Unable to reconfigure the Wireguard VPN app
Dec  1 10:04:09 localhost app-29: [WireGuardVpnApp] <> INFO  Network Settings have changed. Syncing new settings...
Dec  7 10:53:25 localhost app-29: [AppBase] <> INFO  Stopping   wireguard-vpn [29] ...
Dec  7 10:53:25 localhost app-29: [WireGuardVpnMonitor] <> INFO  WireGuardVpn monitor was interrupted
Dec  7 10:53:25 localhost app-29: [WireGuardVpnManager] <> INFO  Stopping WireGuard interface and tunnels
Dec  7 10:53:25 localhost app-29: [WireGuardVpnManager] <> INFO  /usr/bin/wg-quick: 
Dec  7 10:53:25 localhost app-29: [WireGuardVpnManager] <> INFO  /usr/bin/wg-quick: [#] ip link delete dev wg0
Dec  7 10:53:25 localhost app-29: [WireGuardVpnManager] <> INFO  /etc/untangle/iptables-rules.d/720-wireguard-vpn: 
Dec  7 10:53:25 localhost app-29: [WireGuardVpnManager] <> INFO  /etc/untangle/iptables-rules.d/720-wireguard-vpn: 
Dec  7 10:53:25 localhost app-29: [AppBase] <> INFO  Stopped    wireguard-vpn [29] ...
Dec  7 10:55:12 localhost app-29: [WireGuardVpnApp] <> INFO  Loading Settings...
Dec  7 10:55:12 localhost app-29: [AppBase] <> INFO  Starting   wireguard-vpn [29] ...
Dec  7 10:55:13 localhost app-29: [WireGuardVpnManager] <> INFO  Starting WireGuard interface and tunnels
Dec  7 10:55:14 localhost app-29: [WireGuardVpnManager] <> INFO  /usr/bin/wg-quick: 
Dec  7 10:55:14 localhost app-29: [WireGuardVpnManager] <> INFO  /usr/bin/wg-quick: [#] ip link add wg0 type wireguard
Dec  7 10:55:14 localhost app-29: [WireGuardVpnManager] <> INFO  /usr/bin/wg-quick: [#] wg setconf wg0 /dev/fd/63
Dec  7 10:55:14 localhost app-29: [WireGuardVpnManager] <> INFO  /usr/bin/wg-quick: [#] ip -4 address add 192.168.5.1 dev wg0
Dec  7 10:55:14 localhost app-29: [WireGuardVpnManager] <> INFO  /usr/bin/wg-quick: [#] ip link set mtu 1500 up dev wg0
Dec  7 10:55:15 localhost app-29: [WireGuardVpnManager] <> INFO  /etc/untangle/iptables-rules.d/720-wireguard-vpn: 
Dec  7 10:55:15 localhost app-29: [WireGuardVpnManager] <> INFO  /etc/untangle/iptables-rules.d/720-wireguard-vpn: 
Dec  7 10:55:15 localhost app-29: [AppBase] <> INFO  Started    wireguard-vpn [29] ...
Dec  7 11:05:48 localhost app-29: [AppBase] <> INFO  Stopping   wireguard-vpn [29] ...
Dec  7 11:05:48 localhost app-29: [WireGuardVpnMonitor] <> INFO  WireGuardVpn monitor was interrupted
Dec  7 11:05:48 localhost app-29: [WireGuardVpnManager] <> INFO  Stopping WireGuard interface and tunnels
Dec  7 11:05:48 localhost app-29: [WireGuardVpnManager] <> INFO  /usr/bin/wg-quick: 
Dec  7 11:05:48 localhost app-29: [WireGuardVpnManager] <> INFO  /usr/bin/wg-quick: [#] ip link delete dev wg0
Dec  7 11:05:48 localhost app-29: [WireGuardVpnManager] <> INFO  /etc/untangle/iptables-rules.d/720-wireguard-vpn: 
Dec  7 11:05:48 localhost app-29: [WireGuardVpnManager] <> INFO  /etc/untangle/iptables-rules.d/720-wireguard-vpn: 
Dec  7 11:05:48 localhost app-29: [AppBase] <> INFO  Stopped    wireguard-vpn [29] ...
Dec  7 11:06:22 localhost app-29: [UnblockedSitesMonitor] <> INFO  UnblockedSitesMonitor initializing
Dec  7 11:06:23 localhost app-29: [AppBase] <> INFO  No valid license for: web-filter
Dec  7 11:06:23 localhost app-29: [AppBase] <> INFO  Requesting trial for: web-filter
Dec  7 11:07:01 localhost app-29: [AppBase] <> INFO  Starting   web-filter [29] ...
Dec  7 11:07:01 localhost app-29: [AppBase] <> WARN  Exception in preStart(). Reverting to INITIALIZED state.
Dec  7 11:07:01 localhost app-29:       java.lang.RuntimeException: invalid license
Dec  7 11:07:01 localhost app-29:       com.untangle.app.web_filter.WebFilterApp.preStart(WebFilterApp.java:119)
Dec  7 11:07:01 localhost app-29:       com.untangle.uvm.app.AppBase.start(AppBase.java:909)
Dec  7 11:07:01 localhost app-29:       com.untangle.uvm.app.AppBase.resumeState(AppBase.java:246)
Dec  7 11:07:01 localhost app-29:       com.untangle.uvm.app.AppBase.loadClass(AppBase.java:373)
Dec  7 11:07:01 localhost app-29:       com.untangle.uvm.AppManagerImpl$3.run(AppManagerImpl.java:1128)
Dec  7 11:07:01 localhost app-29:       com.untangle.uvm.UvmContextImpl$1.run(UvmContextImpl.java:654)
Dec  7 11:07:01 localhost app-29:       java.base/java.lang.Thread.run(Thread.java:834)
Dec  9 10:37:52 localhost app-29: [WireGuardVpnApp] <> INFO  Loading Settings...
Dec  9 10:37:52 localhost app-29: [AppBase] <> INFO  Starting   wireguard-vpn [29] ...
Dec  9 10:38:01 localhost app-29: [WireGuardVpnManager] <> INFO  Starting WireGuard interface and tunnels
Dec  9 10:38:02 localhost app-29: [WireGuardVpnManager] <> INFO  /usr/bin/wg-quick: 
Dec  9 10:38:02 localhost app-29: [WireGuardVpnManager] <> INFO  /usr/bin/wg-quick: [#] ip link add wg0 type wireguard
Dec  9 10:38:02 localhost app-29: [WireGuardVpnManager] <> INFO  /usr/bin/wg-quick: [#] wg setconf wg0 /dev/fd/63
Dec  9 10:38:02 localhost app-29: [WireGuardVpnManager] <> INFO  /usr/bin/wg-quick: [#] ip -4 address add 192.168.5.1 dev wg0
Dec  9 10:38:02 localhost app-29: [WireGuardVpnManager] <> INFO  /usr/bin/wg-quick: [#] ip link set mtu 1500 up dev wg0
Dec  9 10:38:02 localhost app-29: [WireGuardVpnManager] <> INFO  /etc/untangle/iptables-rules.d/720-wireguard-vpn: 
Dec  9 10:38:02 localhost app-29: [WireGuardVpnManager] <> INFO  /etc/untangle/iptables-rules.d/720-wireguard-vpn: 
Dec  9 10:38:02 localhost app-29: [AppBase] <> INFO  Started    wireguard-vpn [29] ...
Dec  9 10:53:20 localhost app-29: [AppBase] <> INFO  Stopping   wireguard-vpn [29] ...
Dec  9 10:53:20 localhost app-29: [WireGuardVpnMonitor] <> INFO  WireGuardVpn monitor was interrupted
Dec  9 10:53:20 localhost app-29: [WireGuardVpnManager] <> INFO  Stopping WireGuard interface and tunnels
Dec  9 10:53:20 localhost app-29: [WireGuardVpnManager] <> INFO  /usr/bin/wg-quick: 
Dec  9 10:53:20 localhost app-29: [WireGuardVpnManager] <> INFO  /usr/bin/wg-quick: [#] ip link delete dev wg0
Dec  9 10:53:20 localhost app-29: [WireGuardVpnManager] <> INFO  /etc/untangle/iptables-rules.d/720-wireguard-vpn: 
Dec  9 10:53:20 localhost app-29: [WireGuardVpnManager] <> INFO  /etc/untangle/iptables-rules.d/720-wireguard-vpn: 
Dec  9 10:53:20 localhost app-29: [AppBase] <> INFO  Stopped    wireguard-vpn [29] ...
Dec  9 10:53:53 localhost app-29: [UnblockedSitesMonitor] <> INFO  UnblockedSitesMonitor initializing
Dec  9 10:53:53 localhost app-29: [AppBase] <> INFO  No valid license for: web-filter
Dec  9 10:53:53 localhost app-29: [AppBase] <> INFO  Requesting trial for: web-filter
Dec  9 10:54:40 localhost app-29: [AppBase] <> INFO  Starting   web-filter [29] ...
Dec  9 10:54:40 localhost app-29: [AppBase] <> WARN  Exception in preStart(). Reverting to INITIALIZED state.
Dec  9 10:54:40 localhost app-29:       java.lang.RuntimeException: invalid license
Dec  9 10:54:40 localhost app-29:       com.untangle.app.web_filter.WebFilterApp.preStart(WebFilterApp.java:119)
Dec  9 10:54:40 localhost app-29:       com.untangle.uvm.app.AppBase.start(AppBase.java:909)
Dec  9 10:54:40 localhost app-29:       com.untangle.uvm.app.AppBase.resumeState(AppBase.java:246)
Dec  9 10:54:40 localhost app-29:       com.untangle.uvm.app.AppBase.loadClass(AppBase.java:373)
Dec  9 10:54:40 localhost app-29:       com.untangle.uvm.AppManagerImpl$3.run(AppManagerImpl.java:1128)
Dec  9 10:54:40 localhost app-29:       com.untangle.uvm.UvmContextImpl$1.run(UvmContextImpl.java:654)
Dec  9 10:54:40 localhost app-29:       java.base/java.lang.Thread.run(Thread.java:834)
Dec  9 14:27:33 localhost app-29: [UnblockedSitesMonitor] <> INFO  UnblockedSitesMonitor initializing
Dec  9 14:27:33 localhost app-29: [AppBase] <> INFO  No valid license for: web-filter
Dec  9 14:27:33 localhost app-29: [AppBase] <> INFO  Requesting trial for: web-filter
Dec  9 14:28:01 localhost app-29: [AppBase] <> INFO  Starting   web-filter [29] ...
Dec  9 14:28:01 localhost app-29: [AppBase] <> WARN  Exception in preStart(). Reverting to INITIALIZED state.
Dec  9 14:28:01 localhost app-29:       java.lang.RuntimeException: invalid license
Dec  9 14:28:01 localhost app-29:       com.untangle.app.web_filter.WebFilterApp.preStart(WebFilterApp.java:119)
Dec  9 14:28:01 localhost app-29:       com.untangle.uvm.app.AppBase.start(AppBase.java:909)
Dec  9 14:28:01 localhost app-29:       com.untangle.uvm.app.AppBase.resumeState(AppBase.java:246)
Dec  9 14:28:01 localhost app-29:       com.untangle.uvm.app.AppBase.loadClass(AppBase.java:373)
Dec  9 14:28:01 localhost app-29:       com.untangle.uvm.AppManagerImpl$3.run(AppManagerImpl.java:1128)
Dec  9 14:28:01 localhost app-29:       com.untangle.uvm.UvmContextImpl$1.run(UvmContextImpl.java:654)
Dec  9 14:28:01 localhost app-29:       java.base/java.lang.Thread.run(Thread.java:834)
Dec  9 16:36:46 localhost app-29: [WireGuardVpnApp] <> INFO  Loading Settings...
Dec  9 16:36:46 localhost app-29: [AppBase] <> INFO  Starting   wireguard-vpn [29] ...
Dec  9 16:36:53 localhost app-29: [WireGuardVpnManager] <> INFO  Starting WireGuard interface and tunnels
Dec  9 16:36:53 localhost app-29: [WireGuardVpnManager] <> INFO  /usr/bin/wg-quick: 
Dec  9 16:36:53 localhost app-29: [WireGuardVpnManager] <> INFO  /usr/bin/wg-quick: [#] ip link add wg0 type wireguard
Dec  9 16:36:53 localhost app-29: [WireGuardVpnManager] <> INFO  /usr/bin/wg-quick: [#] wg setconf wg0 /dev/fd/63
Dec  9 16:36:53 localhost app-29: [WireGuardVpnManager] <> INFO  /usr/bin/wg-quick: [#] ip -4 address add 192.168.5.1 dev wg0
Dec  9 16:36:53 localhost app-29: [WireGuardVpnManager] <> INFO  /usr/bin/wg-quick: [#] ip link set mtu 1500 up dev wg0
Dec  9 16:36:53 localhost app-29: [WireGuardVpnManager] <> INFO  /etc/untangle/iptables-rules.d/720-wireguard-vpn: 
Dec  9 16:36:53 localhost app-29: [WireGuardVpnManager] <> INFO  /etc/untangle/iptables-rules.d/720-wireguard-vpn: 
Dec  9 16:36:53 localhost app-29: [AppBase] <> INFO  Started    wireguard-vpn [29] ...
Dec 11 14:14:01 localhost app-29: [WireGuardVpnApp] <> INFO  Network Settings will change, storing local settings...
Dec 11 14:14:01 localhost app-29: [WireGuardVpnApp] <> ERROR Unable to reconfigure the Wireguard VPN app
Dec 11 14:14:05 localhost app-29: [WireGuardVpnApp] <> INFO  Network Settings have changed. Syncing new settings...
