Sep 25 09:20:10 localhost app-78: [FirewallApp] <> INFO  Loading Settings...
Sep 25 09:20:10 localhost app-78: [FirewallApp] <> INFO  Reconfigure()
Sep 25 09:20:10 localhost app-78: [AppBase] <> INFO  killMatchingSessions()
Sep 25 09:20:10 localhost app-78: [AppBase] <> INFO  Starting   firewall [78] ...
Sep 25 09:20:10 localhost app-78: [FirewallApp] <> INFO  Reconfigure()
Sep 25 09:20:10 localhost app-78: [AppBase] <> INFO  killMatchingSessions()
Sep 25 09:20:10 localhost app-78: [AppBase] <> INFO  killMatchingSessions()
Sep 25 09:20:10 localhost app-78: [AppBase] <> INFO  Started    firewall [78] ...
Sep 25 09:23:48 localhost app-78: [FirewallApp] <> INFO  Loading Settings...
Sep 25 09:23:48 localhost app-78: [FirewallApp] <> INFO  Reconfigure()
Sep 25 09:23:48 localhost app-78: [AppBase] <> INFO  killMatchingSessions()
Sep 25 09:23:48 localhost app-78: [AppBase] <> INFO  Starting   firewall [78] ...
Sep 25 09:23:48 localhost app-78: [FirewallApp] <> INFO  Reconfigure()
Sep 25 09:23:48 localhost app-78: [AppBase] <> INFO  killMatchingSessions()
Sep 25 09:23:48 localhost app-78: [AppBase] <> INFO  killMatchingSessions()
Sep 25 09:23:48 localhost app-78: [AppBase] <> INFO  Started    firewall [78] ...
Sep 25 09:27:24 localhost app-78: [FirewallApp] <> INFO  Loading Settings...
Sep 25 09:27:24 localhost app-78: [FirewallApp] <> INFO  Reconfigure()
Sep 25 09:27:24 localhost app-78: [AppBase] <> INFO  killMatchingSessions()
Sep 25 09:27:24 localhost app-78: [AppBase] <> INFO  Starting   firewall [78] ...
Sep 25 09:27:24 localhost app-78: [FirewallApp] <> INFO  Reconfigure()
Sep 25 09:27:24 localhost app-78: [AppBase] <> INFO  killMatchingSessions()
Sep 25 09:27:24 localhost app-78: [AppBase] <> INFO  killMatchingSessions()
Sep 25 09:27:24 localhost app-78: [AppBase] <> INFO  Started    firewall [78] ...
Sep 25 09:31:02 localhost app-78: [FirewallApp] <> INFO  Loading Settings...
Sep 25 09:31:02 localhost app-78: [FirewallApp] <> INFO  Reconfigure()
Sep 25 09:31:02 localhost app-78: [AppBase] <> INFO  killMatchingSessions()
Sep 25 09:31:02 localhost app-78: [AppBase] <> INFO  Starting   firewall [78] ...
Sep 25 09:31:02 localhost app-78: [FirewallApp] <> INFO  Reconfigure()
Sep 25 09:31:02 localhost app-78: [AppBase] <> INFO  killMatchingSessions()
Sep 25 09:31:02 localhost app-78: [AppBase] <> INFO  killMatchingSessions()
Sep 25 09:31:02 localhost app-78: [AppBase] <> INFO  Started    firewall [78] ...
Sep 25 09:33:44 localhost app-78: [AppBase] <> INFO  Stopping   firewall [78] ...
Sep 25 09:33:44 localhost app-78: [AppBase] <> INFO  killMatchingSessions()
Sep 25 09:33:44 localhost app-78: [AppBase] <> INFO  Stopped    firewall [78] ...
Sep 25 09:33:58 localhost app-78: [FirewallApp] <> INFO  Loading Settings...
Sep 25 09:33:58 localhost app-78: [FirewallApp] <> INFO  Reconfigure()
Sep 25 09:33:58 localhost app-78: [AppBase] <> INFO  killMatchingSessions()
Sep 25 09:33:58 localhost app-78: [AppBase] <> INFO  Starting   firewall [78] ...
Sep 25 09:33:58 localhost app-78: [FirewallApp] <> INFO  Reconfigure()
Sep 25 09:33:58 localhost app-78: [AppBase] <> INFO  killMatchingSessions()
Sep 25 09:33:58 localhost app-78: [AppBase] <> INFO  killMatchingSessions()
Sep 25 09:33:58 localhost app-78: [AppBase] <> INFO  Started    firewall [78] ...
Sep 25 09:37:49 localhost app-78: [AppBase] <> INFO  Stopping   firewall [78] ...
Sep 25 09:37:49 localhost app-78: [AppBase] <> INFO  killMatchingSessions()
Sep 25 09:37:49 localhost app-78: [AppBase] <> INFO  Stopped    firewall [78] ...
Sep 25 09:38:01 localhost app-78: [FirewallApp] <> INFO  Loading Settings...
Sep 25 09:38:01 localhost app-78: [FirewallApp] <> INFO  Reconfigure()
Sep 25 09:38:01 localhost app-78: [AppBase] <> INFO  killMatchingSessions()
Sep 25 09:38:01 localhost app-78: [AppBase] <> INFO  Starting   firewall [78] ...
Sep 25 09:38:01 localhost app-78: [FirewallApp] <> INFO  Reconfigure()
Sep 25 09:38:01 localhost app-78: [AppBase] <> INFO  killMatchingSessions()
Sep 25 09:38:01 localhost app-78: [AppBase] <> INFO  killMatchingSessions()
Sep 25 09:38:01 localhost app-78: [AppBase] <> INFO  Started    firewall [78] ...
Sep 25 09:40:37 localhost app-78: [AppBase] <> INFO  Stopping   firewall [78] ...
Sep 25 09:40:37 localhost app-78: [AppBase] <> INFO  killMatchingSessions()
Sep 25 09:40:37 localhost app-78: [AppBase] <> INFO  Stopped    firewall [78] ...
Sep 25 09:40:50 localhost app-78: [FirewallApp] <> INFO  Loading Settings...
Sep 25 09:40:50 localhost app-78: [FirewallApp] <> INFO  Reconfigure()
Sep 25 09:40:50 localhost app-78: [AppBase] <> INFO  killMatchingSessions()
Sep 25 09:40:50 localhost app-78: [AppBase] <> INFO  Starting   firewall [78] ...
Sep 25 09:40:50 localhost app-78: [FirewallApp] <> INFO  Reconfigure()
Sep 25 09:40:50 localhost app-78: [AppBase] <> INFO  killMatchingSessions()
Sep 25 09:40:50 localhost app-78: [AppBase] <> INFO  killMatchingSessions()
Sep 25 09:40:50 localhost app-78: [AppBase] <> INFO  Started    firewall [78] ...
Sep 25 09:42:12 localhost app-78: [AppBase] <> INFO  Stopping   firewall [78] ...
Sep 25 09:42:12 localhost app-78: [AppBase] <> INFO  killMatchingSessions()
Sep 25 09:42:12 localhost app-78: [AppBase] <> INFO  Stopped    firewall [78] ...
Sep 25 09:42:24 localhost app-78: [FirewallApp] <> INFO  Loading Settings...
Sep 25 09:42:24 localhost app-78: [FirewallApp] <> INFO  Reconfigure()
Sep 25 09:42:24 localhost app-78: [AppBase] <> INFO  killMatchingSessions()
Sep 25 09:42:24 localhost app-78: [AppBase] <> INFO  Starting   firewall [78] ...
Sep 25 09:42:24 localhost app-78: [FirewallApp] <> INFO  Reconfigure()
Sep 25 09:42:24 localhost app-78: [AppBase] <> INFO  killMatchingSessions()
Sep 25 09:42:24 localhost app-78: [AppBase] <> INFO  killMatchingSessions()
Sep 25 09:42:24 localhost app-78: [AppBase] <> INFO  Started    firewall [78] ...
Sep 25 09:45:27 localhost app-78: [AppBase] <> INFO  Stopping   firewall [78] ...
Sep 25 09:45:27 localhost app-78: [AppBase] <> INFO  killMatchingSessions()
Sep 25 09:45:27 localhost app-78: [AppBase] <> INFO  Stopped    firewall [78] ...
Sep 25 09:45:41 localhost app-78: [FirewallApp] <> INFO  Loading Settings...
Sep 25 09:45:41 localhost app-78: [FirewallApp] <> INFO  Reconfigure()
Sep 25 09:45:41 localhost app-78: [AppBase] <> INFO  killMatchingSessions()
Sep 25 09:45:41 localhost app-78: [AppBase] <> INFO  Starting   firewall [78] ...
Sep 25 09:45:41 localhost app-78: [FirewallApp] <> INFO  Reconfigure()
Sep 25 09:45:41 localhost app-78: [AppBase] <> INFO  killMatchingSessions()
Sep 25 09:45:41 localhost app-78: [AppBase] <> INFO  killMatchingSessions()
Sep 25 09:45:41 localhost app-78: [AppBase] <> INFO  Started    firewall [78] ...
Sep 25 09:52:35 localhost app-78: [AppBase] <> INFO  Stopping   firewall [78] ...
Sep 25 09:52:35 localhost app-78: [AppBase] <> INFO  killMatchingSessions()
Sep 25 09:52:35 localhost app-78: [AppBase] <> INFO  Stopped    firewall [78] ...
Sep 25 09:52:48 localhost app-78: [FirewallApp] <> INFO  Loading Settings...
Sep 25 09:52:48 localhost app-78: [FirewallApp] <> INFO  Reconfigure()
Sep 25 09:52:48 localhost app-78: [AppBase] <> INFO  killMatchingSessions()
Sep 25 09:52:48 localhost app-78: [AppBase] <> INFO  Starting   firewall [78] ...
Sep 25 09:52:48 localhost app-78: [FirewallApp] <> INFO  Reconfigure()
Sep 25 09:52:48 localhost app-78: [AppBase] <> INFO  killMatchingSessions()
Sep 25 09:52:48 localhost app-78: [AppBase] <> INFO  killMatchingSessions()
Sep 25 09:52:48 localhost app-78: [AppBase] <> INFO  Started    firewall [78] ...
Sep 25 09:53:27 localhost app-78: [AppBase] <> INFO  Stopping   firewall [78] ...
Sep 25 09:53:27 localhost app-78: [AppBase] <> INFO  killMatchingSessions()
Sep 25 09:53:27 localhost app-78: [AppBase] <> INFO  Stopped    firewall [78] ...
Sep 25 09:53:39 localhost app-78: [FirewallApp] <> INFO  Loading Settings...
Sep 25 09:53:39 localhost app-78: [FirewallApp] <> INFO  Reconfigure()
Sep 25 09:53:39 localhost app-78: [AppBase] <> INFO  killMatchingSessions()
Sep 25 09:53:39 localhost app-78: [AppBase] <> INFO  Starting   firewall [78] ...
Sep 25 09:53:39 localhost app-78: [FirewallApp] <> INFO  Reconfigure()
Sep 25 09:53:39 localhost app-78: [AppBase] <> INFO  killMatchingSessions()
Sep 25 09:53:39 localhost app-78: [AppBase] <> INFO  killMatchingSessions()
Sep 25 09:53:39 localhost app-78: [AppBase] <> INFO  Started    firewall [78] ...
Sep 25 09:55:51 localhost app-78: [AppBase] <> INFO  Stopping   firewall [78] ...
Sep 25 09:55:51 localhost app-78: [AppBase] <> INFO  killMatchingSessions()
Sep 25 09:55:51 localhost app-78: [AppBase] <> INFO  Stopped    firewall [78] ...
Sep 25 09:56:04 localhost app-78: [FirewallApp] <> INFO  Loading Settings...
Sep 25 09:56:04 localhost app-78: [FirewallApp] <> INFO  Reconfigure()
Sep 25 09:56:04 localhost app-78: [AppBase] <> INFO  killMatchingSessions()
Sep 25 09:56:04 localhost app-78: [AppBase] <> INFO  Starting   firewall [78] ...
Sep 25 09:56:04 localhost app-78: [FirewallApp] <> INFO  Reconfigure()
Sep 25 09:56:04 localhost app-78: [AppBase] <> INFO  killMatchingSessions()
Sep 25 09:56:04 localhost app-78: [AppBase] <> INFO  killMatchingSessions()
Sep 25 09:56:04 localhost app-78: [AppBase] <> INFO  Started    firewall [78] ...
Sep 25 09:56:31 localhost app-78: [AppBase] <> INFO  Stopping   firewall [78] ...
Sep 25 09:56:31 localhost app-78: [AppBase] <> INFO  killMatchingSessions()
Sep 25 09:56:31 localhost app-78: [AppBase] <> INFO  Stopped    firewall [78] ...
Sep 25 09:56:45 localhost app-78: [FirewallApp] <> INFO  Loading Settings...
Sep 25 09:56:45 localhost app-78: [FirewallApp] <> INFO  Reconfigure()
Sep 25 09:56:45 localhost app-78: [AppBase] <> INFO  killMatchingSessions()
Sep 25 09:56:45 localhost app-78: [AppBase] <> INFO  Starting   firewall [78] ...
Sep 25 09:56:45 localhost app-78: [FirewallApp] <> INFO  Reconfigure()
Sep 25 09:56:45 localhost app-78: [AppBase] <> INFO  killMatchingSessions()
Sep 25 09:56:45 localhost app-78: [AppBase] <> INFO  killMatchingSessions()
Sep 25 09:56:45 localhost app-78: [AppBase] <> INFO  Started    firewall [78] ...
Sep 25 09:57:56 localhost app-78: [AppBase] <> INFO  Stopping   firewall [78] ...
Sep 25 09:57:56 localhost app-78: [AppBase] <> INFO  killMatchingSessions()
Sep 25 09:57:56 localhost app-78: [AppBase] <> INFO  Stopped    firewall [78] ...
Sep 25 09:58:09 localhost app-78: [FirewallApp] <> INFO  Loading Settings...
Sep 25 09:58:09 localhost app-78: [FirewallApp] <> INFO  Reconfigure()
Sep 25 09:58:09 localhost app-78: [AppBase] <> INFO  killMatchingSessions()
Sep 25 09:58:09 localhost app-78: [AppBase] <> INFO  Starting   firewall [78] ...
Sep 25 09:58:09 localhost app-78: [FirewallApp] <> INFO  Reconfigure()
Sep 25 09:58:09 localhost app-78: [AppBase] <> INFO  killMatchingSessions()
Sep 25 09:58:09 localhost app-78: [AppBase] <> INFO  killMatchingSessions()
Sep 25 09:58:09 localhost app-78: [AppBase] <> INFO  Started    firewall [78] ...
Sep 25 09:59:18 localhost app-78: [AppBase] <> INFO  Stopping   firewall [78] ...
Sep 25 09:59:18 localhost app-78: [AppBase] <> INFO  killMatchingSessions()
Sep 25 09:59:18 localhost app-78: [AppBase] <> INFO  Stopped    firewall [78] ...
Sep 25 09:59:30 localhost app-78: [FirewallApp] <> INFO  Loading Settings...
Sep 25 09:59:30 localhost app-78: [FirewallApp] <> INFO  Reconfigure()
Sep 25 09:59:30 localhost app-78: [AppBase] <> INFO  killMatchingSessions()
Sep 25 09:59:30 localhost app-78: [AppBase] <> INFO  Starting   firewall [78] ...
Sep 25 09:59:30 localhost app-78: [FirewallApp] <> INFO  Reconfigure()
Sep 25 09:59:30 localhost app-78: [AppBase] <> INFO  killMatchingSessions()
Sep 25 09:59:30 localhost app-78: [AppBase] <> INFO  killMatchingSessions()
Sep 25 09:59:30 localhost app-78: [AppBase] <> INFO  Started    firewall [78] ...
Sep 25 10:00:26 localhost app-78: [AppBase] <> INFO  Stopping   firewall [78] ...
Sep 25 10:00:26 localhost app-78: [AppBase] <> INFO  killMatchingSessions()
Sep 25 10:00:26 localhost app-78: [AppBase] <> INFO  Stopped    firewall [78] ...
Sep 25 10:00:38 localhost app-78: [FirewallApp] <> INFO  Loading Settings...
Sep 25 10:00:38 localhost app-78: [FirewallApp] <> INFO  Reconfigure()
Sep 25 10:00:38 localhost app-78: [AppBase] <> INFO  killMatchingSessions()
Sep 25 10:00:38 localhost app-78: [AppBase] <> INFO  Starting   firewall [78] ...
Sep 25 10:00:38 localhost app-78: [FirewallApp] <> INFO  Reconfigure()
Sep 25 10:00:38 localhost app-78: [AppBase] <> INFO  killMatchingSessions()
Sep 25 10:00:38 localhost app-78: [AppBase] <> INFO  killMatchingSessions()
Sep 25 10:00:38 localhost app-78: [AppBase] <> INFO  Started    firewall [78] ...
Sep 25 10:02:51 localhost app-78: [AppBase] <> INFO  Stopping   firewall [78] ...
Sep 25 10:02:51 localhost app-78: [AppBase] <> INFO  killMatchingSessions()
Sep 25 10:02:51 localhost app-78: [AppBase] <> INFO  Stopped    firewall [78] ...
Sep 25 10:03:04 localhost app-78: [FirewallApp] <> INFO  Loading Settings...
Sep 25 10:03:04 localhost app-78: [FirewallApp] <> INFO  Reconfigure()
Sep 25 10:03:04 localhost app-78: [AppBase] <> INFO  killMatchingSessions()
Sep 25 10:03:04 localhost app-78: [AppBase] <> INFO  Starting   firewall [78] ...
Sep 25 10:03:04 localhost app-78: [FirewallApp] <> INFO  Reconfigure()
Sep 25 10:03:04 localhost app-78: [AppBase] <> INFO  killMatchingSessions()
Sep 25 10:03:04 localhost app-78: [AppBase] <> INFO  killMatchingSessions()
Sep 25 10:03:05 localhost app-78: [AppBase] <> INFO  Started    firewall [78] ...
Sep 25 10:06:10 localhost app-78: [AppBase] <> INFO  Stopping   firewall [78] ...
Sep 25 10:06:10 localhost app-78: [AppBase] <> INFO  killMatchingSessions()
Sep 25 10:06:10 localhost app-78: [AppBase] <> INFO  Stopped    firewall [78] ...
Sep 25 10:06:29 localhost app-78: [FirewallApp] <> INFO  Loading Settings...
Sep 25 10:06:29 localhost app-78: [FirewallApp] <> INFO  Reconfigure()
Sep 25 10:06:29 localhost app-78: [AppBase] <> INFO  killMatchingSessions()
Sep 25 10:06:29 localhost app-78: [AppBase] <> INFO  Starting   firewall [78] ...
Sep 25 10:06:29 localhost app-78: [FirewallApp] <> INFO  Reconfigure()
Sep 25 10:06:29 localhost app-78: [AppBase] <> INFO  killMatchingSessions()
Sep 25 10:06:29 localhost app-78: [AppBase] <> INFO  killMatchingSessions()
Sep 25 10:06:29 localhost app-78: [AppBase] <> INFO  Started    firewall [78] ...
Sep 25 10:08:15 localhost app-78: [AppBase] <> INFO  Stopping   firewall [78] ...
Sep 25 10:08:15 localhost app-78: [AppBase] <> INFO  killMatchingSessions()
Sep 25 10:08:15 localhost app-78: [AppBase] <> INFO  Stopped    firewall [78] ...
Sep 25 10:08:34 localhost app-78: [FirewallApp] <> INFO  Loading Settings...
Sep 25 10:08:34 localhost app-78: [FirewallApp] <> INFO  Reconfigure()
Sep 25 10:08:34 localhost app-78: [AppBase] <> INFO  killMatchingSessions()
Sep 25 10:08:34 localhost app-78: [AppBase] <> INFO  Starting   firewall [78] ...
Sep 25 10:08:34 localhost app-78: [FirewallApp] <> INFO  Reconfigure()
Sep 25 10:08:34 localhost app-78: [AppBase] <> INFO  killMatchingSessions()
Sep 25 10:08:34 localhost app-78: [AppBase] <> INFO  killMatchingSessions()
Sep 25 10:08:34 localhost app-78: [AppBase] <> INFO  Started    firewall [78] ...
Sep 25 10:12:53 localhost app-78: [AppBase] <> INFO  Stopping   firewall [78] ...
Sep 25 10:12:53 localhost app-78: [AppBase] <> INFO  killMatchingSessions()
Sep 25 10:12:53 localhost app-78: [AppBase] <> INFO  Stopped    firewall [78] ...
Sep 25 10:13:07 localhost app-78: [FirewallApp] <> INFO  Loading Settings...
Sep 25 10:13:07 localhost app-78: [FirewallApp] <> INFO  Reconfigure()
Sep 25 10:13:07 localhost app-78: [AppBase] <> INFO  killMatchingSessions()
Sep 25 10:13:07 localhost app-78: [AppBase] <> INFO  Starting   firewall [78] ...
Sep 25 10:13:07 localhost app-78: [FirewallApp] <> INFO  Reconfigure()
Sep 25 10:13:07 localhost app-78: [AppBase] <> INFO  killMatchingSessions()
Sep 25 10:13:07 localhost app-78: [AppBase] <> INFO  killMatchingSessions()
Sep 25 10:13:07 localhost app-78: [AppBase] <> INFO  Started    firewall [78] ...
Sep 25 10:15:09 localhost app-78: [AppBase] <> INFO  Stopping   firewall [78] ...
Sep 25 10:15:10 localhost app-78: [AppBase] <> INFO  killMatchingSessions()
Sep 25 10:15:10 localhost app-78: [AppBase] <> INFO  Stopped    firewall [78] ...
Sep 25 10:15:25 localhost app-78: [FirewallApp] <> INFO  Loading Settings...
Sep 25 10:15:25 localhost app-78: [FirewallApp] <> INFO  Reconfigure()
Sep 25 10:15:25 localhost app-78: [AppBase] <> INFO  killMatchingSessions()
Sep 25 10:15:25 localhost app-78: [AppBase] <> INFO  Starting   firewall [78] ...
Sep 25 10:15:25 localhost app-78: [FirewallApp] <> INFO  Reconfigure()
Sep 25 10:15:25 localhost app-78: [AppBase] <> INFO  killMatchingSessions()
Sep 25 10:15:25 localhost app-78: [AppBase] <> INFO  killMatchingSessions()
Sep 25 10:15:25 localhost app-78: [AppBase] <> INFO  Started    firewall [78] ...
Sep 25 10:16:42 localhost app-78: [AppBase] <> INFO  Stopping   firewall [78] ...
Sep 25 10:16:43 localhost app-78: [AppBase] <> INFO  killMatchingSessions()
Sep 25 10:16:43 localhost app-78: [AppBase] <> INFO  Stopped    firewall [78] ...
Sep 25 10:16:55 localhost app-78: [FirewallApp] <> INFO  Loading Settings...
Sep 25 10:16:55 localhost app-78: [FirewallApp] <> INFO  Reconfigure()
Sep 25 10:16:55 localhost app-78: [AppBase] <> INFO  killMatchingSessions()
Sep 25 10:16:55 localhost app-78: [AppBase] <> INFO  Starting   firewall [78] ...
Sep 25 10:16:55 localhost app-78: [FirewallApp] <> INFO  Reconfigure()
Sep 25 10:16:55 localhost app-78: [AppBase] <> INFO  killMatchingSessions()
Sep 25 10:16:55 localhost app-78: [AppBase] <> INFO  killMatchingSessions()
Sep 25 10:16:55 localhost app-78: [AppBase] <> INFO  Started    firewall [78] ...
Sep 25 10:30:22 localhost app-78: [AppBase] <> INFO  Stopping   firewall [78] ...
Sep 25 10:30:23 localhost app-78: [AppBase] <> INFO  killMatchingSessions()
Sep 25 10:30:23 localhost app-78: [AppBase] <> INFO  Stopped    firewall [78] ...
Sep 25 10:30:36 localhost app-78: [FirewallApp] <> INFO  Loading Settings...
Sep 25 10:30:36 localhost app-78: [FirewallApp] <> INFO  Reconfigure()
Sep 25 10:30:36 localhost app-78: [AppBase] <> INFO  killMatchingSessions()
Sep 25 10:30:36 localhost app-78: [AppBase] <> INFO  Starting   firewall [78] ...
Sep 25 10:30:36 localhost app-78: [FirewallApp] <> INFO  Reconfigure()
Sep 25 10:30:36 localhost app-78: [AppBase] <> INFO  killMatchingSessions()
Sep 25 10:30:36 localhost app-78: [AppBase] <> INFO  killMatchingSessions()
Sep 25 10:30:36 localhost app-78: [AppBase] <> INFO  Started    firewall [78] ...
Sep 25 10:34:13 localhost app-78: [AppBase] <> INFO  Stopping   firewall [78] ...
Sep 25 10:34:13 localhost app-78: [AppBase] <> INFO  killMatchingSessions()
Sep 25 10:34:13 localhost app-78: [AppBase] <> INFO  Stopped    firewall [78] ...
Sep 25 10:34:26 localhost app-78: [FirewallApp] <> INFO  Loading Settings...
Sep 25 10:34:26 localhost app-78: [FirewallApp] <> INFO  Reconfigure()
Sep 25 10:34:26 localhost app-78: [AppBase] <> INFO  killMatchingSessions()
Sep 25 10:34:26 localhost app-78: [AppBase] <> INFO  Starting   firewall [78] ...
Sep 25 10:34:26 localhost app-78: [FirewallApp] <> INFO  Reconfigure()
Sep 25 10:34:26 localhost app-78: [AppBase] <> INFO  killMatchingSessions()
Sep 25 10:34:26 localhost app-78: [AppBase] <> INFO  killMatchingSessions()
Sep 25 10:34:26 localhost app-78: [AppBase] <> INFO  Started    firewall [78] ...
Sep 25 10:37:00 localhost app-78: [AppBase] <> INFO  Stopping   firewall [78] ...
Sep 25 10:37:00 localhost app-78: [AppBase] <> INFO  killMatchingSessions()
Sep 25 10:37:00 localhost app-78: [AppBase] <> INFO  Stopped    firewall [78] ...
Sep 25 10:37:15 localhost app-78: [FirewallApp] <> INFO  Loading Settings...
Sep 25 10:37:15 localhost app-78: [FirewallApp] <> INFO  Reconfigure()
Sep 25 10:37:15 localhost app-78: [AppBase] <> INFO  killMatchingSessions()
Sep 25 10:37:15 localhost app-78: [AppBase] <> INFO  Starting   firewall [78] ...
Sep 25 10:37:15 localhost app-78: [FirewallApp] <> INFO  Reconfigure()
Sep 25 10:37:15 localhost app-78: [AppBase] <> INFO  killMatchingSessions()
Sep 25 10:37:15 localhost app-78: [AppBase] <> INFO  killMatchingSessions()
Sep 25 10:37:15 localhost app-78: [AppBase] <> INFO  Started    firewall [78] ...
Sep 25 10:41:43 localhost app-78: [AppBase] <> INFO  Stopping   firewall [78] ...
Sep 25 10:41:44 localhost app-78: [AppBase] <> INFO  killMatchingSessions()
Sep 25 10:41:44 localhost app-78: [AppBase] <> INFO  Stopped    firewall [78] ...
Sep 25 10:41:56 localhost app-78: [FirewallApp] <> INFO  Loading Settings...
Sep 25 10:41:56 localhost app-78: [FirewallApp] <> INFO  Reconfigure()
Sep 25 10:41:56 localhost app-78: [AppBase] <> INFO  killMatchingSessions()
Sep 25 10:41:56 localhost app-78: [AppBase] <> INFO  Starting   firewall [78] ...
Sep 25 10:41:56 localhost app-78: [FirewallApp] <> INFO  Reconfigure()
Sep 25 10:41:56 localhost app-78: [AppBase] <> INFO  killMatchingSessions()
Sep 25 10:41:56 localhost app-78: [AppBase] <> INFO  killMatchingSessions()
Sep 25 10:41:56 localhost app-78: [AppBase] <> INFO  Started    firewall [78] ...
Sep 25 10:44:34 localhost app-78: [AppBase] <> INFO  Stopping   firewall [78] ...
Sep 25 10:44:35 localhost app-78: [AppBase] <> INFO  killMatchingSessions()
Sep 25 10:44:35 localhost app-78: [AppBase] <> INFO  Stopped    firewall [78] ...
Sep 25 10:44:49 localhost app-78: [FirewallApp] <> INFO  Loading Settings...
Sep 25 10:44:49 localhost app-78: [FirewallApp] <> INFO  Reconfigure()
Sep 25 10:44:49 localhost app-78: [AppBase] <> INFO  killMatchingSessions()
Sep 25 10:44:49 localhost app-78: [AppBase] <> INFO  Starting   firewall [78] ...
Sep 25 10:44:49 localhost app-78: [FirewallApp] <> INFO  Reconfigure()
Sep 25 10:44:49 localhost app-78: [AppBase] <> INFO  killMatchingSessions()
Sep 25 10:44:49 localhost app-78: [AppBase] <> INFO  killMatchingSessions()
Sep 25 10:44:49 localhost app-78: [AppBase] <> INFO  Started    firewall [78] ...
Sep 25 11:00:55 localhost app-78: [AppBase] <> INFO  Stopping   firewall [78] ...
Sep 25 11:00:55 localhost app-78: [AppBase] <> INFO  killMatchingSessions()
Sep 25 11:00:55 localhost app-78: [AppBase] <> INFO  Stopped    firewall [78] ...
Sep 25 11:01:08 localhost app-78: [FirewallApp] <> INFO  Loading Settings...
Sep 25 11:01:08 localhost app-78: [FirewallApp] <> INFO  Reconfigure()
Sep 25 11:01:08 localhost app-78: [AppBase] <> INFO  killMatchingSessions()
Sep 25 11:01:08 localhost app-78: [AppBase] <> INFO  Starting   firewall [78] ...
Sep 25 11:01:08 localhost app-78: [FirewallApp] <> INFO  Reconfigure()
Sep 25 11:01:08 localhost app-78: [AppBase] <> INFO  killMatchingSessions()
Sep 25 11:01:08 localhost app-78: [AppBase] <> INFO  killMatchingSessions()
Sep 25 11:01:08 localhost app-78: [AppBase] <> INFO  Started    firewall [78] ...
Sep 25 11:02:37 localhost app-78: [AppBase] <> INFO  Stopping   firewall [78] ...
Sep 25 11:02:37 localhost app-78: [AppBase] <> INFO  killMatchingSessions()
Sep 25 11:02:37 localhost app-78: [AppBase] <> INFO  Stopped    firewall [78] ...
Sep 25 11:02:49 localhost app-78: [FirewallApp] <> INFO  Loading Settings...
Sep 25 11:02:49 localhost app-78: [FirewallApp] <> INFO  Reconfigure()
Sep 25 11:02:49 localhost app-78: [AppBase] <> INFO  killMatchingSessions()
Sep 25 11:02:49 localhost app-78: [AppBase] <> INFO  Starting   firewall [78] ...
Sep 25 11:02:49 localhost app-78: [FirewallApp] <> INFO  Reconfigure()
Sep 25 11:02:49 localhost app-78: [AppBase] <> INFO  killMatchingSessions()
Sep 25 11:02:49 localhost app-78: [AppBase] <> INFO  killMatchingSessions()
Sep 25 11:02:49 localhost app-78: [AppBase] <> INFO  Started    firewall [78] ...
Sep 25 11:03:21 localhost app-78: [AppBase] <> INFO  Stopping   firewall [78] ...
Sep 25 11:03:21 localhost app-78: [AppBase] <> INFO  killMatchingSessions()
Sep 25 11:03:21 localhost app-78: [AppBase] <> INFO  Stopped    firewall [78] ...
Sep 25 11:03:33 localhost app-78: [FirewallApp] <> INFO  Loading Settings...
Sep 25 11:03:33 localhost app-78: [FirewallApp] <> INFO  Reconfigure()
Sep 25 11:03:33 localhost app-78: [AppBase] <> INFO  killMatchingSessions()
Sep 25 11:03:33 localhost app-78: [AppBase] <> INFO  Starting   firewall [78] ...
Sep 25 11:03:33 localhost app-78: [FirewallApp] <> INFO  Reconfigure()
Sep 25 11:03:33 localhost app-78: [AppBase] <> INFO  killMatchingSessions()
Sep 25 11:03:33 localhost app-78: [AppBase] <> INFO  killMatchingSessions()
Sep 25 11:03:33 localhost app-78: [AppBase] <> INFO  Started    firewall [78] ...
Sep 25 12:20:01 localhost app-78: [AppBase] <> INFO  Stopping   firewall [78] ...
Sep 25 12:20:01 localhost app-78: [AppBase] <> INFO  killMatchingSessions()
Sep 25 12:20:01 localhost app-78: [AppBase] <> INFO  Stopped    firewall [78] ...
Sep 25 12:20:14 localhost app-78: [FirewallApp] <> INFO  Loading Settings...
Sep 25 12:20:14 localhost app-78: [FirewallApp] <> INFO  Reconfigure()
Sep 25 12:20:14 localhost app-78: [AppBase] <> INFO  killMatchingSessions()
Sep 25 12:20:14 localhost app-78: [AppBase] <> INFO  Starting   firewall [78] ...
Sep 25 12:20:14 localhost app-78: [FirewallApp] <> INFO  Reconfigure()
Sep 25 12:20:14 localhost app-78: [AppBase] <> INFO  killMatchingSessions()
Sep 25 12:20:14 localhost app-78: [AppBase] <> INFO  killMatchingSessions()
Sep 25 12:20:14 localhost app-78: [AppBase] <> INFO  Started    firewall [78] ...
Sep 25 12:21:45 localhost app-78: [AppBase] <> INFO  Stopping   firewall [78] ...
Sep 25 12:21:45 localhost app-78: [AppBase] <> INFO  killMatchingSessions()
Sep 25 12:21:45 localhost app-78: [AppBase] <> INFO  Stopped    firewall [78] ...
Sep 25 12:21:58 localhost app-78: [FirewallApp] <> INFO  Loading Settings...
Sep 25 12:21:58 localhost app-78: [FirewallApp] <> INFO  Reconfigure()
Sep 25 12:21:58 localhost app-78: [AppBase] <> INFO  killMatchingSessions()
Sep 25 12:21:58 localhost app-78: [AppBase] <> INFO  Starting   firewall [78] ...
Sep 25 12:21:58 localhost app-78: [FirewallApp] <> INFO  Reconfigure()
Sep 25 12:21:58 localhost app-78: [AppBase] <> INFO  killMatchingSessions()
Sep 25 12:21:58 localhost app-78: [AppBase] <> INFO  killMatchingSessions()
Sep 25 12:21:58 localhost app-78: [AppBase] <> INFO  Started    firewall [78] ...
Sep 25 12:22:38 localhost app-78: [AppBase] <> INFO  Stopping   firewall [78] ...
Sep 25 12:22:38 localhost app-78: [AppBase] <> INFO  killMatchingSessions()
Sep 25 12:22:38 localhost app-78: [AppBase] <> INFO  Stopped    firewall [78] ...
Sep 25 12:22:50 localhost app-78: [FirewallApp] <> INFO  Loading Settings...
Sep 25 12:22:50 localhost app-78: [FirewallApp] <> INFO  Reconfigure()
Sep 25 12:22:50 localhost app-78: [AppBase] <> INFO  killMatchingSessions()
Sep 25 12:22:50 localhost app-78: [AppBase] <> INFO  Starting   firewall [78] ...
Sep 25 12:22:50 localhost app-78: [FirewallApp] <> INFO  Reconfigure()
Sep 25 12:22:50 localhost app-78: [AppBase] <> INFO  killMatchingSessions()
Sep 25 12:22:50 localhost app-78: [AppBase] <> INFO  killMatchingSessions()
Sep 25 12:22:50 localhost app-78: [AppBase] <> INFO  Started    firewall [78] ...
Sep 25 12:23:34 localhost app-78: [AppBase] <> INFO  Stopping   firewall [78] ...
Sep 25 12:23:34 localhost app-78: [AppBase] <> INFO  killMatchingSessions()
Sep 25 12:23:34 localhost app-78: [AppBase] <> INFO  Stopped    firewall [78] ...
Sep 25 12:23:48 localhost app-78: [FirewallApp] <> INFO  Loading Settings...
Sep 25 12:23:48 localhost app-78: [FirewallApp] <> INFO  Reconfigure()
Sep 25 12:23:48 localhost app-78: [AppBase] <> INFO  killMatchingSessions()
Sep 25 12:23:48 localhost app-78: [AppBase] <> INFO  Starting   firewall [78] ...
Sep 25 12:23:48 localhost app-78: [FirewallApp] <> INFO  Reconfigure()
Sep 25 12:23:48 localhost app-78: [AppBase] <> INFO  killMatchingSessions()
Sep 25 12:23:48 localhost app-78: [AppBase] <> INFO  killMatchingSessions()
Sep 25 12:23:48 localhost app-78: [AppBase] <> INFO  Started    firewall [78] ...
Sep 25 12:24:19 localhost app-78: [AppBase] <> INFO  Stopping   firewall [78] ...
Sep 25 12:24:19 localhost app-78: [AppBase] <> INFO  killMatchingSessions()
Sep 25 12:24:19 localhost app-78: [AppBase] <> INFO  Stopped    firewall [78] ...
Sep 25 12:24:31 localhost app-78: [FirewallApp] <> INFO  Loading Settings...
Sep 25 12:24:31 localhost app-78: [FirewallApp] <> INFO  Reconfigure()
Sep 25 12:24:31 localhost app-78: [AppBase] <> INFO  killMatchingSessions()
Sep 25 12:24:31 localhost app-78: [AppBase] <> INFO  Starting   firewall [78] ...
Sep 25 12:24:31 localhost app-78: [FirewallApp] <> INFO  Reconfigure()
Sep 25 12:24:31 localhost app-78: [AppBase] <> INFO  killMatchingSessions()
Sep 25 12:24:31 localhost app-78: [AppBase] <> INFO  killMatchingSessions()
Sep 25 12:24:31 localhost app-78: [AppBase] <> INFO  Started    firewall [78] ...
Sep 25 12:25:58 localhost app-78: [AppBase] <> INFO  Stopping   firewall [78] ...
Sep 25 12:25:58 localhost app-78: [AppBase] <> INFO  killMatchingSessions()
Sep 25 12:25:58 localhost app-78: [AppBase] <> INFO  Stopped    firewall [78] ...
Sep 25 12:26:11 localhost app-78: [FirewallApp] <> INFO  Loading Settings...
Sep 25 12:26:11 localhost app-78: [FirewallApp] <> INFO  Reconfigure()
Sep 25 12:26:11 localhost app-78: [AppBase] <> INFO  killMatchingSessions()
Sep 25 12:26:11 localhost app-78: [AppBase] <> INFO  Starting   firewall [78] ...
Sep 25 12:26:11 localhost app-78: [FirewallApp] <> INFO  Reconfigure()
Sep 25 12:26:11 localhost app-78: [AppBase] <> INFO  killMatchingSessions()
Sep 25 12:26:11 localhost app-78: [AppBase] <> INFO  killMatchingSessions()
Sep 25 12:26:11 localhost app-78: [AppBase] <> INFO  Started    firewall [78] ...
Sep 25 12:26:50 localhost app-78: [AppBase] <> INFO  Stopping   firewall [78] ...
Sep 25 12:26:50 localhost app-78: [AppBase] <> INFO  killMatchingSessions()
Sep 25 12:26:50 localhost app-78: [AppBase] <> INFO  Stopped    firewall [78] ...
Sep 25 12:27:03 localhost app-78: [FirewallApp] <> INFO  Loading Settings...
Sep 25 12:27:03 localhost app-78: [FirewallApp] <> INFO  Reconfigure()
Sep 25 12:27:03 localhost app-78: [AppBase] <> INFO  killMatchingSessions()
Sep 25 12:27:03 localhost app-78: [AppBase] <> INFO  Starting   firewall [78] ...
Sep 25 12:27:03 localhost app-78: [FirewallApp] <> INFO  Reconfigure()
Sep 25 12:27:03 localhost app-78: [AppBase] <> INFO  killMatchingSessions()
Sep 25 12:27:03 localhost app-78: [AppBase] <> INFO  killMatchingSessions()
Sep 25 12:27:03 localhost app-78: [AppBase] <> INFO  Started    firewall [78] ...
Sep 25 13:12:18 localhost app-78: [AppBase] <> INFO  Stopping   firewall [78] ...
Sep 25 13:12:18 localhost app-78: [AppBase] <> INFO  killMatchingSessions()
Sep 25 13:12:18 localhost app-78: [AppBase] <> INFO  Stopped    firewall [78] ...
Sep 25 13:12:31 localhost app-78: [FirewallApp] <> INFO  Loading Settings...
Sep 25 13:12:31 localhost app-78: [FirewallApp] <> INFO  Reconfigure()
Sep 25 13:12:31 localhost app-78: [AppBase] <> INFO  killMatchingSessions()
Sep 25 13:12:31 localhost app-78: [AppBase] <> INFO  Starting   firewall [78] ...
Sep 25 13:12:31 localhost app-78: [FirewallApp] <> INFO  Reconfigure()
Sep 25 13:12:31 localhost app-78: [AppBase] <> INFO  killMatchingSessions()
Sep 25 13:12:31 localhost app-78: [AppBase] <> INFO  killMatchingSessions()
Sep 25 13:12:31 localhost app-78: [AppBase] <> INFO  Started    firewall [78] ...
Sep 25 13:14:47 localhost app-78: [AppBase] <> INFO  Stopping   firewall [78] ...
Sep 25 13:14:47 localhost app-78: [AppBase] <> INFO  killMatchingSessions()
Sep 25 13:14:47 localhost app-78: [AppBase] <> INFO  Stopped    firewall [78] ...
Sep 25 13:14:56 localhost app-78: [FirewallApp] <> INFO  Loading Settings...
Sep 25 13:14:56 localhost app-78: [FirewallApp] <> INFO  Reconfigure()
Sep 25 13:14:56 localhost app-78: [AppBase] <> INFO  killMatchingSessions()
Sep 25 13:14:56 localhost app-78: [AppBase] <> INFO  Starting   firewall [78] ...
Sep 25 13:14:56 localhost app-78: [FirewallApp] <> INFO  Reconfigure()
Sep 25 13:14:56 localhost app-78: [AppBase] <> INFO  killMatchingSessions()
Sep 25 13:14:56 localhost app-78: [AppBase] <> INFO  killMatchingSessions()
Sep 25 13:14:56 localhost app-78: [AppBase] <> INFO  Started    firewall [78] ...
Sep 25 13:22:15 localhost app-78: [AppBase] <> INFO  Stopping   firewall [78] ...
Sep 25 13:22:15 localhost app-78: [AppBase] <> INFO  killMatchingSessions()
Sep 25 13:22:15 localhost app-78: [AppBase] <> INFO  Stopped    firewall [78] ...
Oct  2 08:05:02 localhost app-78: [FirewallApp] <> INFO  Loading Settings...
Oct  2 08:05:02 localhost app-78: [FirewallApp] <> INFO  Reconfigure()
Oct  2 08:05:02 localhost app-78: [AppBase] <> INFO  killMatchingSessions()
Oct  2 08:05:02 localhost app-78: [AppBase] <> INFO  Starting   firewall [78] ...
Oct  2 08:05:02 localhost app-78: [FirewallApp] <> INFO  Reconfigure()
Oct  2 08:05:02 localhost app-78: [AppBase] <> INFO  killMatchingSessions()
Oct  2 08:05:02 localhost app-78: [AppBase] <> INFO  killMatchingSessions()
Oct  2 08:05:02 localhost app-78: [AppBase] <> INFO  Started    firewall [78] ...
Oct 14 08:37:29 localhost app-78: [FirewallApp] <> INFO  Loading Settings...
Oct 14 08:37:29 localhost app-78: [FirewallApp] <> INFO  Reconfigure()
Oct 14 08:37:29 localhost app-78: [AppBase] <> INFO  killMatchingSessions()
Oct 14 08:37:29 localhost app-78: [AppBase] <> INFO  Starting   firewall [78] ...
Oct 14 08:37:29 localhost app-78: [FirewallApp] <> INFO  Reconfigure()
Oct 14 08:37:29 localhost app-78: [AppBase] <> INFO  killMatchingSessions()
Oct 14 08:37:29 localhost app-78: [AppBase] <> INFO  killMatchingSessions()
Oct 14 08:37:29 localhost app-78: [AppBase] <> INFO  Started    firewall [78] ...
Oct 14 16:44:31 localhost app-78: [FirewallApp] <> INFO  Loading Settings...
Oct 14 16:44:31 localhost app-78: [FirewallApp] <> INFO  Reconfigure()
Oct 14 16:44:31 localhost app-78: [AppBase] <> INFO  killMatchingSessions()
Oct 14 16:44:31 localhost app-78: [AppBase] <> INFO  Starting   firewall [78] ...
Oct 14 16:44:31 localhost app-78: [FirewallApp] <> INFO  Reconfigure()
Oct 14 16:44:31 localhost app-78: [AppBase] <> INFO  killMatchingSessions()
Oct 14 16:44:31 localhost app-78: [AppBase] <> INFO  killMatchingSessions()
Oct 14 16:44:31 localhost app-78: [AppBase] <> INFO  Started    firewall [78] ...
Oct 14 16:47:11 localhost app-78: [AppBase] <> INFO  Stopping   firewall [78] ...
Oct 14 16:47:11 localhost app-78: [AppBase] <> INFO  killMatchingSessions()
Oct 14 16:47:11 localhost app-78: [AppBase] <> INFO  Stopped    firewall [78] ...
Oct 15 12:41:37 localhost app-78: [FirewallApp] <> INFO  Loading Settings...
Oct 15 12:41:37 localhost app-78: [FirewallApp] <> INFO  Reconfigure()
Oct 15 12:41:37 localhost app-78: [AppBase] <> INFO  killMatchingSessions()
Oct 15 12:41:37 localhost app-78: [AppBase] <> INFO  Starting   firewall [78] ...
Oct 15 12:41:37 localhost app-78: [FirewallApp] <> INFO  Reconfigure()
Oct 15 12:41:37 localhost app-78: [AppBase] <> INFO  killMatchingSessions()
Oct 15 12:41:37 localhost app-78: [AppBase] <> INFO  killMatchingSessions()
Oct 15 12:41:37 localhost app-78: [AppBase] <> INFO  Started    firewall [78] ...
Oct 15 12:44:24 localhost app-78: [AppBase] <> INFO  Stopping   firewall [78] ...
Oct 15 12:44:24 localhost app-78: [AppBase] <> INFO  killMatchingSessions()
Oct 15 12:44:24 localhost app-78: [AppBase] <> INFO  Stopped    firewall [78] ...
Oct 22 09:42:23 localhost app-78: [FirewallApp] <> INFO  Loading Settings...
Oct 22 09:42:23 localhost app-78: [FirewallApp] <> INFO  Reconfigure()
Oct 22 09:42:23 localhost app-78: [AppBase] <> INFO  killMatchingSessions()
Oct 22 09:42:23 localhost app-78: [AppBase] <> INFO  Starting   firewall [78] ...
Oct 22 09:42:23 localhost app-78: [FirewallApp] <> INFO  Reconfigure()
Oct 22 09:42:23 localhost app-78: [AppBase] <> INFO  killMatchingSessions()
Oct 22 09:42:23 localhost app-78: [AppBase] <> INFO  killMatchingSessions()
Oct 22 09:42:23 localhost app-78: [AppBase] <> INFO  Started    firewall [78] ...
Nov 11 11:26:12 localhost app-78: [FirewallApp] <> INFO  Loading Settings...
Nov 11 11:26:12 localhost app-78: [FirewallApp] <> INFO  Reconfigure()
Nov 11 11:26:12 localhost app-78: [AppBase] <> INFO  killMatchingSessions()
Nov 11 11:26:12 localhost app-78: [AppBase] <> INFO  Starting   firewall [78] ...
Nov 11 11:26:12 localhost app-78: [FirewallApp] <> INFO  Reconfigure()
Nov 11 11:26:12 localhost app-78: [AppBase] <> INFO  killMatchingSessions()
Nov 11 11:26:12 localhost app-78: [AppBase] <> INFO  killMatchingSessions()
Nov 11 11:26:12 localhost app-78: [AppBase] <> INFO  Started    firewall [78] ...
Nov 17 12:18:02 localhost app-78: [FirewallApp] <> INFO  Loading Settings...
Nov 17 12:18:02 localhost app-78: [FirewallApp] <> INFO  Reconfigure()
Nov 17 12:18:02 localhost app-78: [AppBase] <> INFO  killMatchingSessions()
Nov 17 12:18:02 localhost app-78: [AppBase] <> INFO  Starting   firewall [78] ...
Nov 17 12:18:02 localhost app-78: [FirewallApp] <> INFO  Reconfigure()
Nov 17 12:18:02 localhost app-78: [AppBase] <> INFO  killMatchingSessions()
Nov 17 12:18:02 localhost app-78: [AppBase] <> INFO  killMatchingSessions()
Nov 17 12:18:02 localhost app-78: [AppBase] <> INFO  Started    firewall [78] ...
Nov 17 12:19:02 localhost app-78: [AppBase] <> INFO  Stopping   firewall [78] ...
Nov 17 12:19:02 localhost app-78: [AppBase] <> INFO  killMatchingSessions()
Nov 17 12:19:02 localhost app-78: [AppBase] <> INFO  Stopped    firewall [78] ...
Nov 17 12:19:34 localhost app-78: [FirewallApp] <> INFO  Loading Settings...
Nov 17 12:19:34 localhost app-78: [FirewallApp] <> INFO  Reconfigure()
Nov 17 12:19:34 localhost app-78: [AppBase] <> INFO  killMatchingSessions()
Nov 17 12:19:34 localhost app-78: [AppBase] <> INFO  Starting   firewall [78] ...
Nov 17 12:19:34 localhost app-78: [FirewallApp] <> INFO  Reconfigure()
Nov 17 12:19:34 localhost app-78: [AppBase] <> INFO  killMatchingSessions()
Nov 17 12:19:34 localhost app-78: [AppBase] <> INFO  killMatchingSessions()
Nov 17 12:19:34 localhost app-78: [AppBase] <> INFO  Started    firewall [78] ...
Nov 23 17:24:17 localhost app-78: [AppBase] <> INFO  Stopping   firewall [78] ...
Nov 23 17:24:17 localhost app-78: [AppBase] <> INFO  killMatchingSessions()
Nov 23 17:24:17 localhost app-78: [AppBase] <> INFO  Stopped    firewall [78] ...
Nov 23 17:33:53 localhost app-78: [FirewallApp] <> INFO  Loading Settings...
Nov 23 17:33:53 localhost app-78: [FirewallApp] <> INFO  Reconfigure()
Nov 23 17:33:53 localhost app-78: [AppBase] <> INFO  killMatchingSessions()
Nov 23 17:33:53 localhost app-78: [AppBase] <> INFO  Starting   firewall [78] ...
Nov 23 17:33:53 localhost app-78: [FirewallApp] <> INFO  Reconfigure()
Nov 23 17:33:53 localhost app-78: [AppBase] <> INFO  killMatchingSessions()
Nov 23 17:33:53 localhost app-78: [AppBase] <> INFO  killMatchingSessions()
Nov 23 17:33:53 localhost app-78: [AppBase] <> INFO  Started    firewall [78] ...
Nov 23 18:09:32 localhost app-78: [AppBase] <> INFO  Stopping   firewall [78] ...
Nov 23 18:09:32 localhost app-78: [AppBase] <> INFO  killMatchingSessions()
Nov 23 18:09:32 localhost app-78: [AppBase] <> INFO  Stopped    firewall [78] ...
Nov 23 18:13:22 localhost app-78: [FirewallApp] <> INFO  Loading Settings...
Nov 23 18:13:22 localhost app-78: [FirewallApp] <> INFO  Reconfigure()
Nov 23 18:13:22 localhost app-78: [AppBase] <> INFO  killMatchingSessions()
Nov 23 18:13:22 localhost app-78: [AppBase] <> INFO  Starting   firewall [78] ...
Nov 23 18:13:22 localhost app-78: [FirewallApp] <> INFO  Reconfigure()
Nov 23 18:13:22 localhost app-78: [AppBase] <> INFO  killMatchingSessions()
Nov 23 18:13:22 localhost app-78: [AppBase] <> INFO  killMatchingSessions()
Nov 23 18:13:22 localhost app-78: [AppBase] <> INFO  Started    firewall [78] ...
Nov 24 08:49:12 localhost app-78: [FirewallApp] <> INFO  Loading Settings...
Nov 24 08:49:12 localhost app-78: [FirewallApp] <> INFO  Reconfigure()
Nov 24 08:49:12 localhost app-78: [AppBase] <> INFO  killMatchingSessions()
Nov 24 08:49:12 localhost app-78: [AppBase] <> INFO  Starting   firewall [78] ...
Nov 24 08:49:12 localhost app-78: [FirewallApp] <> INFO  Reconfigure()
Nov 24 08:49:12 localhost app-78: [AppBase] <> INFO  killMatchingSessions()
Nov 24 08:49:12 localhost app-78: [AppBase] <> INFO  killMatchingSessions()
Nov 24 08:49:12 localhost app-78: [AppBase] <> INFO  Started    firewall [78] ...
Nov 30 17:23:26 localhost app-78: [AppBase] <> INFO  Stopping   firewall [78] ...
Nov 30 17:23:26 localhost app-78: [AppBase] <> INFO  killMatchingSessions()
Nov 30 17:23:26 localhost app-78: [AppBase] <> INFO  Stopped    firewall [78] ...
Dec  7 11:06:22 localhost app-78: [FirewallApp] <> INFO  Loading Settings...
Dec  7 11:06:22 localhost app-78: [FirewallApp] <> INFO  Reconfigure()
Dec  7 11:06:22 localhost app-78: [AppBase] <> INFO  killMatchingSessions()
Dec  7 11:06:22 localhost app-78: [AppBase] <> INFO  Starting   firewall [78] ...
Dec  7 11:06:22 localhost app-78: [FirewallApp] <> INFO  Reconfigure()
Dec  7 11:06:22 localhost app-78: [AppBase] <> INFO  killMatchingSessions()
Dec  7 11:06:22 localhost app-78: [AppBase] <> INFO  killMatchingSessions()
Dec  7 11:06:22 localhost app-78: [AppBase] <> INFO  Started    firewall [78] ...
Dec  9 10:53:53 localhost app-78: [FirewallApp] <> INFO  Loading Settings...
Dec  9 10:53:53 localhost app-78: [FirewallApp] <> INFO  Reconfigure()
Dec  9 10:53:53 localhost app-78: [AppBase] <> INFO  killMatchingSessions()
Dec  9 10:53:53 localhost app-78: [AppBase] <> INFO  Starting   firewall [78] ...
Dec  9 10:53:53 localhost app-78: [FirewallApp] <> INFO  Reconfigure()
Dec  9 10:53:53 localhost app-78: [AppBase] <> INFO  killMatchingSessions()
Dec  9 10:53:53 localhost app-78: [AppBase] <> INFO  killMatchingSessions()
Dec  9 10:53:53 localhost app-78: [AppBase] <> INFO  Started    firewall [78] ...
Dec  9 14:27:33 localhost app-78: [FirewallApp] <> INFO  Loading Settings...
Dec  9 14:27:33 localhost app-78: [FirewallApp] <> INFO  Reconfigure()
Dec  9 14:27:33 localhost app-78: [AppBase] <> INFO  killMatchingSessions()
Dec  9 14:27:33 localhost app-78: [AppBase] <> INFO  Starting   firewall [78] ...
Dec  9 14:27:33 localhost app-78: [FirewallApp] <> INFO  Reconfigure()
Dec  9 14:27:33 localhost app-78: [AppBase] <> INFO  killMatchingSessions()
Dec  9 14:27:33 localhost app-78: [AppBase] <> INFO  killMatchingSessions()
Dec  9 14:27:33 localhost app-78: [AppBase] <> INFO  Started    firewall [78] ...
Dec  9 16:36:36 localhost app-78: [AppBase] <> INFO  Stopping   firewall [78] ...
Dec  9 16:36:36 localhost app-78: [AppBase] <> INFO  killMatchingSessions()
Dec  9 16:36:36 localhost app-78: [AppBase] <> INFO  Stopped    firewall [78] ...
