Apr  6 15:55:46 localhost app-48: [FirewallApp] <> WARN  No settings found - Initializing new settings.
Apr  6 15:55:46 localhost app-48: [FirewallApp] <> INFO  Creating the default settings...
Apr  6 15:55:46 localhost app-48: [FirewallApp] <> INFO  Reconfigure()
Apr  6 15:55:46 localhost app-48: [AppBase] <> INFO  killMatchingSessions()
Apr  6 15:55:46 localhost app-48: [FirewallApp] <> INFO  Reconfigure()
Apr  6 15:55:46 localhost app-48: [AppBase] <> INFO  killMatchingSessions()
Apr  6 15:55:46 localhost app-48: [AppBase] <> INFO  Starting   firewall [48] ...
Apr  6 15:55:46 localhost app-48: [FirewallApp] <> INFO  Reconfigure()
Apr  6 15:55:46 localhost app-48: [AppBase] <> INFO  killMatchingSessions()
Apr  6 15:55:46 localhost app-48: [AppBase] <> INFO  killMatchingSessions()
Apr  6 15:55:46 localhost app-48: [AppBase] <> INFO  Started    firewall [48] ...
Apr  6 15:55:46 localhost app-48: [FirewallApp] <> INFO  Reconfigure()
Apr  6 15:55:46 localhost app-48: [AppBase] <> INFO  killMatchingSessions()
Apr  6 15:55:47 localhost app-48: [FirewallApp] <> INFO  Reconfigure()
Apr  6 15:55:47 localhost app-48: [AppBase] <> INFO  killMatchingSessions()
Apr  6 15:55:47 localhost app-48: [AppBase] <> INFO  Stopping   firewall [48] ...
Apr  6 15:55:47 localhost app-48: [AppBase] <> INFO  killMatchingSessions()
Apr  6 15:55:47 localhost app-48: [AppBase] <> INFO  Stopped    firewall [48] ...
Apr  6 15:55:47 localhost app-48: [AppBase] <> INFO  Destroying firewall [48] ...
Apr  6 15:55:47 localhost app-48: [AppBase] <> INFO  Destroyed  firewall [48] ...
May 18 10:59:26 localhost app-48: [AdBlockerApp] <> INFO  Loading Filters...
May 18 10:59:26 localhost app-48: [AdBlockerApp] <> INFO  12901 url blocking rules loaded
May 18 10:59:26 localhost app-48: [AdBlockerApp] <> INFO  219 url passing rules loaded
May 18 10:59:27 localhost app-48: [AdBlockerApp] <> INFO  Loading Settings...
May 18 10:59:28 localhost app-48: [AppBase] <> INFO  Starting   ad-blocker [48] ...
May 18 10:59:28 localhost app-48: [AppBase] <> INFO  Started    ad-blocker [48] ...
May 18 11:00:16 localhost app-48: [AdBlockerApp] <> INFO  Reloading Filters...
May 18 11:00:16 localhost app-48: [AdBlockerApp] <> INFO  12901 url blocking rules loaded
May 18 11:00:16 localhost app-48: [AdBlockerApp] <> INFO  219 url passing rules loaded
May 18 11:00:17 localhost app-48: [AppBase] <> INFO  Stopping   ad-blocker [48] ...
May 18 11:00:17 localhost app-48: [AppBase] <> INFO  Stopped    ad-blocker [48] ...
May 18 11:00:17 localhost app-48: [AppBase] <> INFO  Destroying ad-blocker [48] ...
May 18 11:00:17 localhost app-48: [AppBase] <> INFO  Destroyed  ad-blocker [48] ...
Jul  8 14:55:54 localhost app-48: [UnblockedSitesMonitor] <> INFO  UnblockedSitesMonitor initializing
Jul  8 14:55:54 localhost app-48: [AppBase] <> INFO  Starting   web-filter [48] ...
Jul  8 14:55:55 localhost app-48: [AppBase] <> INFO  Started    web-filter [48] ...
Jul 10 13:04:40 localhost app-48: [AppBase] <> INFO  Stopping   web-filter [48] ...
Jul 10 13:04:47 localhost app-48: [AppBase] <> INFO  Stopped    web-filter [48] ...
Jul 10 13:04:52 localhost app-48: [UnblockedSitesMonitor] <> INFO  UnblockedSitesMonitor initializing
Jul 10 13:04:52 localhost app-48: [AppBase] <> INFO  Starting   web-filter [48] ...
Jul 10 13:04:54 localhost app-48: [AppBase] <> INFO  Started    web-filter [48] ...
Jul 10 13:06:22 localhost app-48: [AppBase] <> INFO  Stopping   web-filter [48] ...
Jul 10 13:06:29 localhost app-48: [AppBase] <> INFO  Stopped    web-filter [48] ...
Jul 10 13:06:33 localhost app-48: [UnblockedSitesMonitor] <> INFO  UnblockedSitesMonitor initializing
Jul 10 13:06:33 localhost app-48: [AppBase] <> INFO  Starting   web-filter [48] ...
Jul 10 13:06:34 localhost app-48: [AppBase] <> INFO  Started    web-filter [48] ...
Jul 10 13:20:18 localhost app-48: [AppBase] <> INFO  Stopping   web-filter [48] ...
Jul 10 13:20:25 localhost app-48: [AppBase] <> INFO  Stopped    web-filter [48] ...
Jul 10 13:20:30 localhost app-48: [UnblockedSitesMonitor] <> INFO  UnblockedSitesMonitor initializing
Jul 10 13:20:30 localhost app-48: [AppBase] <> INFO  Starting   web-filter [48] ...
Jul 10 13:20:32 localhost app-48: [AppBase] <> INFO  Started    web-filter [48] ...
Jul 10 14:00:39 localhost app-48: [AppBase] <> INFO  Stopping   web-filter [48] ...
Jul 10 14:00:46 localhost app-48: [AppBase] <> INFO  Stopped    web-filter [48] ...
Jul 10 14:00:50 localhost app-48: [UnblockedSitesMonitor] <> INFO  UnblockedSitesMonitor initializing
Jul 10 14:00:50 localhost app-48: [AppBase] <> INFO  Starting   web-filter [48] ...
Jul 10 14:00:52 localhost app-48: [AppBase] <> INFO  Started    web-filter [48] ...
Jul 10 14:01:06 localhost app-48: [AppBase] <> INFO  Stopping   web-filter [48] ...
Jul 10 14:01:13 localhost app-48: [AppBase] <> INFO  Stopped    web-filter [48] ...
Jul 10 14:01:18 localhost app-48: [UnblockedSitesMonitor] <> INFO  UnblockedSitesMonitor initializing
Jul 10 14:01:18 localhost app-48: [AppBase] <> INFO  Starting   web-filter [48] ...
Jul 10 14:01:19 localhost app-48: [AppBase] <> INFO  Started    web-filter [48] ...
Jul 10 14:59:26 localhost app-48: [AppBase] <> INFO  Stopping   web-filter [48] ...
Jul 10 14:59:33 localhost app-48: [AppBase] <> INFO  Stopped    web-filter [48] ...
Jul 10 14:59:37 localhost app-48: [UnblockedSitesMonitor] <> INFO  UnblockedSitesMonitor initializing
Jul 10 14:59:38 localhost app-48: [AppBase] <> INFO  Starting   web-filter [48] ...
Jul 10 14:59:39 localhost app-48: [AppBase] <> INFO  Started    web-filter [48] ...
Jul 10 15:06:27 localhost app-48: [AppBase] <> INFO  Stopping   web-filter [48] ...
Jul 10 15:06:34 localhost app-48: [AppBase] <> INFO  Stopped    web-filter [48] ...
Jul 10 15:06:39 localhost app-48: [UnblockedSitesMonitor] <> INFO  UnblockedSitesMonitor initializing
Jul 10 15:06:39 localhost app-48: [AppBase] <> INFO  Starting   web-filter [48] ...
Jul 10 15:06:40 localhost app-48: [AppBase] <> INFO  Started    web-filter [48] ...
Jul 13 09:00:12 localhost app-48: [AppBase] <> INFO  Stopping   web-filter [48] ...
Jul 13 09:00:19 localhost app-48: [AppBase] <> INFO  Stopped    web-filter [48] ...
Jul 13 09:00:24 localhost app-48: [UnblockedSitesMonitor] <> INFO  UnblockedSitesMonitor initializing
Jul 13 09:00:24 localhost app-48: [AppBase] <> INFO  Starting   web-filter [48] ...
Jul 13 09:00:26 localhost app-48: [AppBase] <> INFO  Started    web-filter [48] ...
Jul 13 10:10:06 localhost app-48: [AppBase] <> INFO  Stopping   web-filter [48] ...
Jul 13 10:10:13 localhost app-48: [AppBase] <> INFO  Stopped    web-filter [48] ...
Jul 13 10:10:18 localhost app-48: [UnblockedSitesMonitor] <> INFO  UnblockedSitesMonitor initializing
Jul 13 10:10:18 localhost app-48: [AppBase] <> INFO  Starting   web-filter [48] ...
Jul 13 10:10:20 localhost app-48: [AppBase] <> INFO  Started    web-filter [48] ...
Jul 13 15:19:12 localhost app-48: [AppBase] <> INFO  Stopping   web-filter [48] ...
Jul 13 15:19:19 localhost app-48: [AppBase] <> INFO  Stopped    web-filter [48] ...
Jul 13 15:19:24 localhost app-48: [UnblockedSitesMonitor] <> INFO  UnblockedSitesMonitor initializing
Jul 13 15:19:24 localhost app-48: [AppBase] <> INFO  Starting   web-filter [48] ...
Jul 13 15:19:26 localhost app-48: [AppBase] <> INFO  Started    web-filter [48] ...
Jul 14 08:58:52 localhost app-48: [AppBase] <> INFO  Stopping   web-filter [48] ...
Jul 14 08:58:59 localhost app-48: [AppBase] <> INFO  Stopped    web-filter [48] ...
Jul 14 08:59:03 localhost app-48: [UnblockedSitesMonitor] <> INFO  UnblockedSitesMonitor initializing
Jul 14 08:59:03 localhost app-48: [AppBase] <> INFO  Starting   web-filter [48] ...
Jul 14 08:59:05 localhost app-48: [AppBase] <> INFO  Started    web-filter [48] ...
Jul 14 09:08:17 localhost app-48: [AppBase] <> INFO  Stopping   web-filter [48] ...
Jul 14 09:08:24 localhost app-48: [AppBase] <> INFO  Stopped    web-filter [48] ...
Jul 14 09:08:28 localhost app-48: [UnblockedSitesMonitor] <> INFO  UnblockedSitesMonitor initializing
Jul 14 09:08:29 localhost app-48: [AppBase] <> INFO  Starting   web-filter [48] ...
Jul 14 09:08:30 localhost app-48: [AppBase] <> INFO  Started    web-filter [48] ...
Jul 14 09:29:56 localhost app-48: [AppBase] <> INFO  Stopping   web-filter [48] ...
Jul 14 09:30:03 localhost app-48: [AppBase] <> INFO  Stopped    web-filter [48] ...
Jul 14 09:30:08 localhost app-48: [UnblockedSitesMonitor] <> INFO  UnblockedSitesMonitor initializing
Jul 14 09:30:08 localhost app-48: [AppBase] <> INFO  Starting   web-filter [48] ...
Jul 14 09:30:09 localhost app-48: [AppBase] <> INFO  Started    web-filter [48] ...
Jul 14 10:05:44 localhost app-48: [AppBase] <> INFO  Stopping   web-filter [48] ...
Jul 14 10:05:51 localhost app-48: [AppBase] <> INFO  Stopped    web-filter [48] ...
Jul 14 10:05:56 localhost app-48: [UnblockedSitesMonitor] <> INFO  UnblockedSitesMonitor initializing
Jul 14 10:05:56 localhost app-48: [AppBase] <> INFO  Starting   web-filter [48] ...
Jul 14 10:05:57 localhost app-48: [AppBase] <> INFO  Started    web-filter [48] ...
Jul 14 12:43:46 localhost app-48: [AppBase] <> INFO  Stopping   web-filter [48] ...
Jul 14 12:43:53 localhost app-48: [AppBase] <> INFO  Stopped    web-filter [48] ...
Sep 25 09:20:09 localhost app-48: [AppBase] <> INFO  Starting   web-cache [48] ...
Sep 25 09:20:10 localhost app-48: [AppBase] <> INFO  Started    web-cache [48] ...
Sep 25 09:23:48 localhost app-48: [AppBase] <> INFO  No valid license for: web-cache
Sep 25 09:23:48 localhost app-48: [AppBase] <> INFO  Requesting trial for: web-cache
Sep 25 09:24:10 localhost app-48: [AppBase] <> WARN  Exception fetching trial license. Ignoring...
Sep 25 09:24:10 localhost app-48:       java.lang.Exception: Unable to fetch trial license: DNS lookup failed.
Sep 25 09:24:10 localhost app-48:       com.untangle.app.license.LicenseManagerImpl.requestTrialLicense(LicenseManagerImpl.java:493)
Sep 25 09:24:10 localhost app-48:       com.untangle.uvm.app.AppBase.init(AppBase.java:857)
Sep 25 09:24:10 localhost app-48:       com.untangle.uvm.app.AppBase.resumeState(AppBase.java:245)
Sep 25 09:24:10 localhost app-48:       com.untangle.uvm.app.AppBase.loadClass(AppBase.java:373)
Sep 25 09:24:10 localhost app-48:       com.untangle.uvm.AppManagerImpl$3.run(AppManagerImpl.java:1128)
Sep 25 09:24:10 localhost app-48:       com.untangle.uvm.UvmContextImpl$1.run(UvmContextImpl.java:654)
Sep 25 09:24:10 localhost app-48:       java.base/java.lang.Thread.run(Thread.java:834)
Sep 25 09:24:10 localhost app-48: [AppBase] <> INFO  Starting   web-cache [48] ...
Sep 25 09:24:11 localhost app-48: [AppBase] <> INFO  Started    web-cache [48] ...
Sep 25 09:27:24 localhost app-48: [AppBase] <> INFO  No valid license for: web-cache
Sep 25 09:27:24 localhost app-48: [AppBase] <> INFO  Requesting trial for: web-cache
Sep 25 09:27:46 localhost app-48: [AppBase] <> WARN  Exception fetching trial license. Ignoring...
Sep 25 09:27:46 localhost app-48:       java.lang.Exception: Unable to fetch trial license: DNS lookup failed.
Sep 25 09:27:46 localhost app-48:       com.untangle.app.license.LicenseManagerImpl.requestTrialLicense(LicenseManagerImpl.java:493)
Sep 25 09:27:46 localhost app-48:       com.untangle.uvm.app.AppBase.init(AppBase.java:857)
Sep 25 09:27:46 localhost app-48:       com.untangle.uvm.app.AppBase.resumeState(AppBase.java:245)
Sep 25 09:27:46 localhost app-48:       com.untangle.uvm.app.AppBase.loadClass(AppBase.java:373)
Sep 25 09:27:46 localhost app-48:       com.untangle.uvm.AppManagerImpl$3.run(AppManagerImpl.java:1128)
Sep 25 09:27:46 localhost app-48:       com.untangle.uvm.UvmContextImpl$1.run(UvmContextImpl.java:654)
Sep 25 09:27:46 localhost app-48:       java.base/java.lang.Thread.run(Thread.java:834)
Sep 25 09:27:46 localhost app-48: [AppBase] <> INFO  Starting   web-cache [48] ...
Sep 25 09:27:47 localhost app-48: [AppBase] <> INFO  Started    web-cache [48] ...
Sep 25 09:31:02 localhost app-48: [AppBase] <> INFO  No valid license for: web-cache
Sep 25 09:31:02 localhost app-48: [AppBase] <> INFO  Requesting trial for: web-cache
Sep 25 09:31:25 localhost app-48: [AppBase] <> WARN  Exception fetching trial license. Ignoring...
Sep 25 09:31:25 localhost app-48:       java.lang.Exception: Unable to fetch trial license: DNS lookup failed.
Sep 25 09:31:25 localhost app-48:       com.untangle.app.license.LicenseManagerImpl.requestTrialLicense(LicenseManagerImpl.java:493)
Sep 25 09:31:25 localhost app-48:       com.untangle.uvm.app.AppBase.init(AppBase.java:857)
Sep 25 09:31:25 localhost app-48:       com.untangle.uvm.app.AppBase.resumeState(AppBase.java:245)
Sep 25 09:31:25 localhost app-48:       com.untangle.uvm.app.AppBase.loadClass(AppBase.java:373)
Sep 25 09:31:25 localhost app-48:       com.untangle.uvm.AppManagerImpl$3.run(AppManagerImpl.java:1128)
Sep 25 09:31:25 localhost app-48:       com.untangle.uvm.UvmContextImpl$1.run(UvmContextImpl.java:654)
Sep 25 09:31:25 localhost app-48:       java.base/java.lang.Thread.run(Thread.java:834)
Sep 25 09:31:25 localhost app-48: [AppBase] <> INFO  Starting   web-cache [48] ...
Sep 25 09:31:26 localhost app-48: [AppBase] <> INFO  Started    web-cache [48] ...
Sep 25 09:33:44 localhost app-48: [AppBase] <> INFO  Stopping   web-cache [48] ...
Sep 25 09:33:47 localhost app-48: [AppBase] <> INFO  Stopped    web-cache [48] ...
Sep 25 09:33:47 localhost app-48: [WebCacheParent] <> ERROR Exception accepting cache peer connection
Sep 25 09:33:47 localhost app-48:       java.nio.channels.AsynchronousCloseException
Sep 25 09:33:47 localhost app-48:       java.base/java.nio.channels.spi.AbstractInterruptibleChannel.end(AbstractInterruptibleChannel.java:202)
Sep 25 09:33:47 localhost app-48:       java.base/sun.nio.ch.ServerSocketChannelImpl.end(ServerSocketChannelImpl.java:269)
Sep 25 09:33:47 localhost app-48:       java.base/sun.nio.ch.ServerSocketChannelImpl.accept(ServerSocketChannelImpl.java:288)
Sep 25 09:33:47 localhost app-48:       com.untangle.app.web_cache.WebCacheParent.run(WebCacheParent.java:69)
Sep 25 09:33:47 localhost app-48:       java.base/java.lang.Thread.run(Thread.java:834)
Sep 25 09:33:59 localhost app-48: [AppBase] <> INFO  No valid license for: web-cache
Sep 25 09:33:59 localhost app-48: [AppBase] <> INFO  Requesting trial for: web-cache
Sep 25 09:34:35 localhost app-48: [AppBase] <> INFO  Starting   web-cache [48] ...
Sep 25 09:34:37 localhost app-48: [AppBase] <> INFO  Started    web-cache [48] ...
Sep 25 09:37:49 localhost app-48: [AppBase] <> INFO  Stopping   web-cache [48] ...
Sep 25 09:37:52 localhost app-48: [AppBase] <> INFO  Stopped    web-cache [48] ...
Sep 25 09:37:52 localhost app-48: [WebCacheParent] <> ERROR Exception accepting cache peer connection
Sep 25 09:37:52 localhost app-48:       java.nio.channels.AsynchronousCloseException
Sep 25 09:37:52 localhost app-48:       java.base/java.nio.channels.spi.AbstractInterruptibleChannel.end(AbstractInterruptibleChannel.java:202)
Sep 25 09:37:52 localhost app-48:       java.base/sun.nio.ch.ServerSocketChannelImpl.end(ServerSocketChannelImpl.java:269)
Sep 25 09:37:52 localhost app-48:       java.base/sun.nio.ch.ServerSocketChannelImpl.accept(ServerSocketChannelImpl.java:288)
Sep 25 09:37:52 localhost app-48:       com.untangle.app.web_cache.WebCacheParent.run(WebCacheParent.java:69)
Sep 25 09:37:52 localhost app-48:       java.base/java.lang.Thread.run(Thread.java:834)
Sep 25 09:38:02 localhost app-48: [AppBase] <> INFO  Starting   web-cache [48] ...
Sep 25 09:38:02 localhost app-48: [AppBase] <> INFO  Started    web-cache [48] ...
Sep 25 09:40:02 localhost app-48: [WebCacheTimer] <> INFO  High load bypass flag activated on load(5.47) limit(3.5)
Sep 25 09:40:37 localhost app-48: [AppBase] <> INFO  Stopping   web-cache [48] ...
Sep 25 09:40:40 localhost app-48: [AppBase] <> INFO  Stopped    web-cache [48] ...
Sep 25 09:40:40 localhost app-48: [WebCacheParent] <> ERROR Exception accepting cache peer connection
Sep 25 09:40:40 localhost app-48:       java.nio.channels.AsynchronousCloseException
Sep 25 09:40:40 localhost app-48:       java.base/java.nio.channels.spi.AbstractInterruptibleChannel.end(AbstractInterruptibleChannel.java:202)
Sep 25 09:40:40 localhost app-48:       java.base/sun.nio.ch.ServerSocketChannelImpl.end(ServerSocketChannelImpl.java:269)
Sep 25 09:40:40 localhost app-48:       java.base/sun.nio.ch.ServerSocketChannelImpl.accept(ServerSocketChannelImpl.java:288)
Sep 25 09:40:40 localhost app-48:       com.untangle.app.web_cache.WebCacheParent.run(WebCacheParent.java:69)
Sep 25 09:40:40 localhost app-48:       java.base/java.lang.Thread.run(Thread.java:834)
Sep 25 09:40:50 localhost app-48: [AppBase] <> INFO  Starting   web-cache [48] ...
Sep 25 09:40:50 localhost app-48: [AppBase] <> INFO  Started    web-cache [48] ...
Sep 25 09:42:12 localhost app-48: [AppBase] <> INFO  Stopping   web-cache [48] ...
Sep 25 09:42:15 localhost app-48: [AppBase] <> INFO  Stopped    web-cache [48] ...
Sep 25 09:42:15 localhost app-48: [WebCacheParent] <> ERROR Exception accepting cache peer connection
Sep 25 09:42:15 localhost app-48:       java.nio.channels.AsynchronousCloseException
Sep 25 09:42:15 localhost app-48:       java.base/java.nio.channels.spi.AbstractInterruptibleChannel.end(AbstractInterruptibleChannel.java:202)
Sep 25 09:42:15 localhost app-48:       java.base/sun.nio.ch.ServerSocketChannelImpl.end(ServerSocketChannelImpl.java:269)
Sep 25 09:42:15 localhost app-48:       java.base/sun.nio.ch.ServerSocketChannelImpl.accept(ServerSocketChannelImpl.java:288)
Sep 25 09:42:15 localhost app-48:       com.untangle.app.web_cache.WebCacheParent.run(WebCacheParent.java:69)
Sep 25 09:42:15 localhost app-48:       java.base/java.lang.Thread.run(Thread.java:834)
Sep 25 09:42:24 localhost app-48: [AppBase] <> INFO  Starting   web-cache [48] ...
Sep 25 09:42:24 localhost app-48: [AppBase] <> INFO  Started    web-cache [48] ...
Sep 25 09:45:27 localhost app-48: [AppBase] <> INFO  Stopping   web-cache [48] ...
Sep 25 09:45:31 localhost app-48: [AppBase] <> INFO  Stopped    web-cache [48] ...
Sep 25 09:45:31 localhost app-48: [WebCacheParent] <> ERROR Exception accepting cache peer connection
Sep 25 09:45:31 localhost app-48:       java.nio.channels.AsynchronousCloseException
Sep 25 09:45:31 localhost app-48:       java.base/java.nio.channels.spi.AbstractInterruptibleChannel.end(AbstractInterruptibleChannel.java:202)
Sep 25 09:45:31 localhost app-48:       java.base/sun.nio.ch.ServerSocketChannelImpl.end(ServerSocketChannelImpl.java:269)
Sep 25 09:45:31 localhost app-48:       java.base/sun.nio.ch.ServerSocketChannelImpl.accept(ServerSocketChannelImpl.java:288)
Sep 25 09:45:31 localhost app-48:       com.untangle.app.web_cache.WebCacheParent.run(WebCacheParent.java:69)
Sep 25 09:45:31 localhost app-48:       java.base/java.lang.Thread.run(Thread.java:834)
Sep 25 09:45:40 localhost app-48: [AppBase] <> INFO  Starting   web-cache [48] ...
Sep 25 09:45:40 localhost app-48: [AppBase] <> INFO  Started    web-cache [48] ...
Sep 25 09:52:35 localhost app-48: [AppBase] <> INFO  Stopping   web-cache [48] ...
Sep 25 09:52:38 localhost app-48: [AppBase] <> INFO  Stopped    web-cache [48] ...
Sep 25 09:52:38 localhost app-48: [WebCacheParent] <> ERROR Exception accepting cache peer connection
Sep 25 09:52:38 localhost app-48:       java.nio.channels.AsynchronousCloseException
Sep 25 09:52:38 localhost app-48:       java.base/java.nio.channels.spi.AbstractInterruptibleChannel.end(AbstractInterruptibleChannel.java:202)
Sep 25 09:52:38 localhost app-48:       java.base/sun.nio.ch.ServerSocketChannelImpl.end(ServerSocketChannelImpl.java:269)
Sep 25 09:52:38 localhost app-48:       java.base/sun.nio.ch.ServerSocketChannelImpl.accept(ServerSocketChannelImpl.java:288)
Sep 25 09:52:38 localhost app-48:       com.untangle.app.web_cache.WebCacheParent.run(WebCacheParent.java:69)
Sep 25 09:52:38 localhost app-48:       java.base/java.lang.Thread.run(Thread.java:834)
Sep 25 09:52:47 localhost app-48: [AppBase] <> INFO  Starting   web-cache [48] ...
Sep 25 09:52:47 localhost app-48: [AppBase] <> INFO  Started    web-cache [48] ...
Sep 25 09:53:27 localhost app-48: [AppBase] <> INFO  Stopping   web-cache [48] ...
Sep 25 09:53:31 localhost app-48: [AppBase] <> INFO  Stopped    web-cache [48] ...
Sep 25 09:53:31 localhost app-48: [WebCacheParent] <> ERROR Exception accepting cache peer connection
Sep 25 09:53:31 localhost app-48:       java.nio.channels.AsynchronousCloseException
Sep 25 09:53:31 localhost app-48:       java.base/java.nio.channels.spi.AbstractInterruptibleChannel.end(AbstractInterruptibleChannel.java:202)
Sep 25 09:53:31 localhost app-48:       java.base/sun.nio.ch.ServerSocketChannelImpl.end(ServerSocketChannelImpl.java:269)
Sep 25 09:53:31 localhost app-48:       java.base/sun.nio.ch.ServerSocketChannelImpl.accept(ServerSocketChannelImpl.java:288)
Sep 25 09:53:31 localhost app-48:       com.untangle.app.web_cache.WebCacheParent.run(WebCacheParent.java:69)
Sep 25 09:53:31 localhost app-48:       java.base/java.lang.Thread.run(Thread.java:834)
Sep 25 09:53:39 localhost app-48: [AppBase] <> INFO  Starting   web-cache [48] ...
Sep 25 09:53:39 localhost app-48: [AppBase] <> INFO  Started    web-cache [48] ...
Sep 25 09:55:51 localhost app-48: [AppBase] <> INFO  Stopping   web-cache [48] ...
Sep 25 09:55:54 localhost app-48: [AppBase] <> INFO  Stopped    web-cache [48] ...
Sep 25 09:55:54 localhost app-48: [WebCacheParent] <> ERROR Exception accepting cache peer connection
Sep 25 09:55:54 localhost app-48:       java.nio.channels.AsynchronousCloseException
Sep 25 09:55:54 localhost app-48:       java.base/java.nio.channels.spi.AbstractInterruptibleChannel.end(AbstractInterruptibleChannel.java:202)
Sep 25 09:55:54 localhost app-48:       java.base/sun.nio.ch.ServerSocketChannelImpl.end(ServerSocketChannelImpl.java:269)
Sep 25 09:55:54 localhost app-48:       java.base/sun.nio.ch.ServerSocketChannelImpl.accept(ServerSocketChannelImpl.java:288)
Sep 25 09:55:54 localhost app-48:       com.untangle.app.web_cache.WebCacheParent.run(WebCacheParent.java:69)
Sep 25 09:55:54 localhost app-48:       java.base/java.lang.Thread.run(Thread.java:834)
Sep 25 09:56:04 localhost app-48: [AppBase] <> INFO  Starting   web-cache [48] ...
Sep 25 09:56:04 localhost app-48: [AppBase] <> INFO  Started    web-cache [48] ...
Sep 25 09:56:31 localhost app-48: [AppBase] <> INFO  Stopping   web-cache [48] ...
Sep 25 09:56:34 localhost app-48: [AppBase] <> INFO  Stopped    web-cache [48] ...
Sep 25 09:56:34 localhost app-48: [WebCacheParent] <> ERROR Exception accepting cache peer connection
Sep 25 09:56:34 localhost app-48:       java.nio.channels.AsynchronousCloseException
Sep 25 09:56:34 localhost app-48:       java.base/java.nio.channels.spi.AbstractInterruptibleChannel.end(AbstractInterruptibleChannel.java:202)
Sep 25 09:56:34 localhost app-48:       java.base/sun.nio.ch.ServerSocketChannelImpl.end(ServerSocketChannelImpl.java:269)
Sep 25 09:56:34 localhost app-48:       java.base/sun.nio.ch.ServerSocketChannelImpl.accept(ServerSocketChannelImpl.java:288)
Sep 25 09:56:34 localhost app-48:       com.untangle.app.web_cache.WebCacheParent.run(WebCacheParent.java:69)
Sep 25 09:56:34 localhost app-48:       java.base/java.lang.Thread.run(Thread.java:834)
Sep 25 09:56:45 localhost app-48: [AppBase] <> INFO  Starting   web-cache [48] ...
Sep 25 09:56:45 localhost app-48: [AppBase] <> INFO  Started    web-cache [48] ...
Sep 25 09:57:56 localhost app-48: [AppBase] <> INFO  Stopping   web-cache [48] ...
Sep 25 09:58:00 localhost app-48: [AppBase] <> INFO  Stopped    web-cache [48] ...
Sep 25 09:58:00 localhost app-48: [WebCacheParent] <> ERROR Exception accepting cache peer connection
Sep 25 09:58:00 localhost app-48:       java.nio.channels.AsynchronousCloseException
Sep 25 09:58:00 localhost app-48:       java.base/java.nio.channels.spi.AbstractInterruptibleChannel.end(AbstractInterruptibleChannel.java:202)
Sep 25 09:58:00 localhost app-48:       java.base/sun.nio.ch.ServerSocketChannelImpl.end(ServerSocketChannelImpl.java:269)
Sep 25 09:58:00 localhost app-48:       java.base/sun.nio.ch.ServerSocketChannelImpl.accept(ServerSocketChannelImpl.java:288)
Sep 25 09:58:00 localhost app-48:       com.untangle.app.web_cache.WebCacheParent.run(WebCacheParent.java:69)
Sep 25 09:58:00 localhost app-48:       java.base/java.lang.Thread.run(Thread.java:834)
Sep 25 09:58:09 localhost app-48: [AppBase] <> INFO  Starting   web-cache [48] ...
Sep 25 09:58:09 localhost app-48: [AppBase] <> INFO  Started    web-cache [48] ...
Sep 25 09:59:18 localhost app-48: [AppBase] <> INFO  Stopping   web-cache [48] ...
Sep 25 09:59:21 localhost app-48: [AppBase] <> INFO  Stopped    web-cache [48] ...
Sep 25 09:59:21 localhost app-48: [WebCacheParent] <> ERROR Exception accepting cache peer connection
Sep 25 09:59:21 localhost app-48:       java.nio.channels.AsynchronousCloseException
Sep 25 09:59:21 localhost app-48:       java.base/java.nio.channels.spi.AbstractInterruptibleChannel.end(AbstractInterruptibleChannel.java:202)
Sep 25 09:59:21 localhost app-48:       java.base/sun.nio.ch.ServerSocketChannelImpl.end(ServerSocketChannelImpl.java:269)
Sep 25 09:59:21 localhost app-48:       java.base/sun.nio.ch.ServerSocketChannelImpl.accept(ServerSocketChannelImpl.java:288)
Sep 25 09:59:21 localhost app-48:       com.untangle.app.web_cache.WebCacheParent.run(WebCacheParent.java:69)
Sep 25 09:59:21 localhost app-48:       java.base/java.lang.Thread.run(Thread.java:834)
Sep 25 09:59:30 localhost app-48: [AppBase] <> INFO  Starting   web-cache [48] ...
Sep 25 09:59:30 localhost app-48: [AppBase] <> INFO  Started    web-cache [48] ...
Sep 25 10:00:26 localhost app-48: [AppBase] <> INFO  Stopping   web-cache [48] ...
Sep 25 10:00:29 localhost app-48: [AppBase] <> INFO  Stopped    web-cache [48] ...
Sep 25 10:00:29 localhost app-48: [WebCacheParent] <> ERROR Exception accepting cache peer connection
Sep 25 10:00:29 localhost app-48:       java.nio.channels.AsynchronousCloseException
Sep 25 10:00:29 localhost app-48:       java.base/java.nio.channels.spi.AbstractInterruptibleChannel.end(AbstractInterruptibleChannel.java:202)
Sep 25 10:00:29 localhost app-48:       java.base/sun.nio.ch.ServerSocketChannelImpl.end(ServerSocketChannelImpl.java:269)
Sep 25 10:00:29 localhost app-48:       java.base/sun.nio.ch.ServerSocketChannelImpl.accept(ServerSocketChannelImpl.java:288)
Sep 25 10:00:29 localhost app-48:       com.untangle.app.web_cache.WebCacheParent.run(WebCacheParent.java:69)
Sep 25 10:00:29 localhost app-48:       java.base/java.lang.Thread.run(Thread.java:834)
Sep 25 10:00:38 localhost app-48: [AppBase] <> INFO  Starting   web-cache [48] ...
Sep 25 10:00:38 localhost app-48: [AppBase] <> INFO  Started    web-cache [48] ...
Sep 25 10:02:52 localhost app-48: [AppBase] <> INFO  Stopping   web-cache [48] ...
Sep 25 10:02:55 localhost app-48: [AppBase] <> INFO  Stopped    web-cache [48] ...
Sep 25 10:02:55 localhost app-48: [WebCacheParent] <> ERROR Exception accepting cache peer connection
Sep 25 10:02:55 localhost app-48:       java.nio.channels.AsynchronousCloseException
Sep 25 10:02:55 localhost app-48:       java.base/java.nio.channels.spi.AbstractInterruptibleChannel.end(AbstractInterruptibleChannel.java:202)
Sep 25 10:02:55 localhost app-48:       java.base/sun.nio.ch.ServerSocketChannelImpl.end(ServerSocketChannelImpl.java:269)
Sep 25 10:02:55 localhost app-48:       java.base/sun.nio.ch.ServerSocketChannelImpl.accept(ServerSocketChannelImpl.java:288)
Sep 25 10:02:55 localhost app-48:       com.untangle.app.web_cache.WebCacheParent.run(WebCacheParent.java:69)
Sep 25 10:02:55 localhost app-48:       java.base/java.lang.Thread.run(Thread.java:834)
Sep 25 10:03:04 localhost app-48: [AppBase] <> INFO  Starting   web-cache [48] ...
Sep 25 10:03:04 localhost app-48: [AppBase] <> INFO  Started    web-cache [48] ...
Sep 25 10:06:10 localhost app-48: [AppBase] <> INFO  Stopping   web-cache [48] ...
Sep 25 10:06:14 localhost app-48: [AppBase] <> INFO  Stopped    web-cache [48] ...
Sep 25 10:06:14 localhost app-48: [WebCacheParent] <> ERROR Exception accepting cache peer connection
Sep 25 10:06:14 localhost app-48:       java.nio.channels.AsynchronousCloseException
Sep 25 10:06:14 localhost app-48:       java.base/java.nio.channels.spi.AbstractInterruptibleChannel.end(AbstractInterruptibleChannel.java:202)
Sep 25 10:06:14 localhost app-48:       java.base/sun.nio.ch.ServerSocketChannelImpl.end(ServerSocketChannelImpl.java:269)
Sep 25 10:06:14 localhost app-48:       java.base/sun.nio.ch.ServerSocketChannelImpl.accept(ServerSocketChannelImpl.java:288)
Sep 25 10:06:14 localhost app-48:       com.untangle.app.web_cache.WebCacheParent.run(WebCacheParent.java:69)
Sep 25 10:06:14 localhost app-48:       java.base/java.lang.Thread.run(Thread.java:834)
Sep 25 10:06:29 localhost app-48: [AppBase] <> INFO  Starting   web-cache [48] ...
Sep 25 10:06:29 localhost app-48: [AppBase] <> INFO  Started    web-cache [48] ...
Sep 25 10:08:15 localhost app-48: [AppBase] <> INFO  Stopping   web-cache [48] ...
Sep 25 10:08:18 localhost app-48: [AppBase] <> INFO  Stopped    web-cache [48] ...
Sep 25 10:08:18 localhost app-48: [WebCacheParent] <> ERROR Exception accepting cache peer connection
Sep 25 10:08:18 localhost app-48:       java.nio.channels.AsynchronousCloseException
Sep 25 10:08:18 localhost app-48:       java.base/java.nio.channels.spi.AbstractInterruptibleChannel.end(AbstractInterruptibleChannel.java:202)
Sep 25 10:08:18 localhost app-48:       java.base/sun.nio.ch.ServerSocketChannelImpl.end(ServerSocketChannelImpl.java:269)
Sep 25 10:08:18 localhost app-48:       java.base/sun.nio.ch.ServerSocketChannelImpl.accept(ServerSocketChannelImpl.java:288)
Sep 25 10:08:18 localhost app-48:       com.untangle.app.web_cache.WebCacheParent.run(WebCacheParent.java:69)
Sep 25 10:08:18 localhost app-48:       java.base/java.lang.Thread.run(Thread.java:834)
Sep 25 10:08:34 localhost app-48: [AppBase] <> INFO  Starting   web-cache [48] ...
Sep 25 10:08:34 localhost app-48: [AppBase] <> INFO  Started    web-cache [48] ...
Sep 25 10:12:53 localhost app-48: [AppBase] <> INFO  Stopping   web-cache [48] ...
Sep 25 10:12:57 localhost app-48: [AppBase] <> INFO  Stopped    web-cache [48] ...
Sep 25 10:12:57 localhost app-48: [WebCacheParent] <> ERROR Exception accepting cache peer connection
Sep 25 10:12:57 localhost app-48:       java.nio.channels.AsynchronousCloseException
Sep 25 10:12:57 localhost app-48:       java.base/java.nio.channels.spi.AbstractInterruptibleChannel.end(AbstractInterruptibleChannel.java:202)
Sep 25 10:12:57 localhost app-48:       java.base/sun.nio.ch.ServerSocketChannelImpl.end(ServerSocketChannelImpl.java:269)
Sep 25 10:12:57 localhost app-48:       java.base/sun.nio.ch.ServerSocketChannelImpl.accept(ServerSocketChannelImpl.java:288)
Sep 25 10:12:57 localhost app-48:       com.untangle.app.web_cache.WebCacheParent.run(WebCacheParent.java:69)
Sep 25 10:12:57 localhost app-48:       java.base/java.lang.Thread.run(Thread.java:834)
Sep 25 10:13:07 localhost app-48: [AppBase] <> INFO  Starting   web-cache [48] ...
Sep 25 10:13:07 localhost app-48: [AppBase] <> INFO  Started    web-cache [48] ...
Sep 25 10:15:10 localhost app-48: [AppBase] <> INFO  Stopping   web-cache [48] ...
Sep 25 10:15:13 localhost app-48: [AppBase] <> INFO  Stopped    web-cache [48] ...
Sep 25 10:15:13 localhost app-48: [WebCacheParent] <> ERROR Exception accepting cache peer connection
Sep 25 10:15:13 localhost app-48:       java.nio.channels.AsynchronousCloseException
Sep 25 10:15:13 localhost app-48:       java.base/java.nio.channels.spi.AbstractInterruptibleChannel.end(AbstractInterruptibleChannel.java:202)
Sep 25 10:15:13 localhost app-48:       java.base/sun.nio.ch.ServerSocketChannelImpl.end(ServerSocketChannelImpl.java:269)
Sep 25 10:15:13 localhost app-48:       java.base/sun.nio.ch.ServerSocketChannelImpl.accept(ServerSocketChannelImpl.java:288)
Sep 25 10:15:13 localhost app-48:       com.untangle.app.web_cache.WebCacheParent.run(WebCacheParent.java:69)
Sep 25 10:15:13 localhost app-48:       java.base/java.lang.Thread.run(Thread.java:834)
Sep 25 10:15:23 localhost app-48: [AppBase] <> INFO  Starting   web-cache [48] ...
Sep 25 10:15:24 localhost app-48: [AppBase] <> INFO  Started    web-cache [48] ...
Sep 25 10:16:24 localhost app-48: [WebCacheTimer] <> INFO  High load bypass flag activated on load(3.91) limit(3.5)
Sep 25 10:16:42 localhost app-48: [AppBase] <> INFO  Stopping   web-cache [48] ...
Sep 25 10:16:45 localhost app-48: [AppBase] <> INFO  Stopped    web-cache [48] ...
Sep 25 10:16:45 localhost app-48: [WebCacheParent] <> ERROR Exception accepting cache peer connection
Sep 25 10:16:45 localhost app-48:       java.nio.channels.AsynchronousCloseException
Sep 25 10:16:45 localhost app-48:       java.base/java.nio.channels.spi.AbstractInterruptibleChannel.end(AbstractInterruptibleChannel.java:202)
Sep 25 10:16:45 localhost app-48:       java.base/sun.nio.ch.ServerSocketChannelImpl.end(ServerSocketChannelImpl.java:269)
Sep 25 10:16:45 localhost app-48:       java.base/sun.nio.ch.ServerSocketChannelImpl.accept(ServerSocketChannelImpl.java:288)
Sep 25 10:16:45 localhost app-48:       com.untangle.app.web_cache.WebCacheParent.run(WebCacheParent.java:69)
Sep 25 10:16:45 localhost app-48:       java.base/java.lang.Thread.run(Thread.java:834)
Sep 25 10:16:56 localhost app-48: [AppBase] <> INFO  Starting   web-cache [48] ...
Sep 25 10:16:56 localhost app-48: [AppBase] <> INFO  Started    web-cache [48] ...
Sep 25 10:30:22 localhost app-48: [AppBase] <> INFO  Stopping   web-cache [48] ...
Sep 25 10:30:26 localhost app-48: [AppBase] <> INFO  Stopped    web-cache [48] ...
Sep 25 10:30:26 localhost app-48: [WebCacheParent] <> ERROR Exception accepting cache peer connection
Sep 25 10:30:26 localhost app-48:       java.nio.channels.AsynchronousCloseException
Sep 25 10:30:26 localhost app-48:       java.base/java.nio.channels.spi.AbstractInterruptibleChannel.end(AbstractInterruptibleChannel.java:202)
Sep 25 10:30:26 localhost app-48:       java.base/sun.nio.ch.ServerSocketChannelImpl.end(ServerSocketChannelImpl.java:269)
Sep 25 10:30:26 localhost app-48:       java.base/sun.nio.ch.ServerSocketChannelImpl.accept(ServerSocketChannelImpl.java:288)
Sep 25 10:30:26 localhost app-48:       com.untangle.app.web_cache.WebCacheParent.run(WebCacheParent.java:69)
Sep 25 10:30:26 localhost app-48:       java.base/java.lang.Thread.run(Thread.java:834)
Sep 25 10:30:35 localhost app-48: [AppBase] <> INFO  Starting   web-cache [48] ...
Sep 25 10:30:35 localhost app-48: [AppBase] <> INFO  Started    web-cache [48] ...
Sep 25 10:34:13 localhost app-48: [AppBase] <> INFO  Stopping   web-cache [48] ...
Sep 25 10:34:16 localhost app-48: [AppBase] <> INFO  Stopped    web-cache [48] ...
Sep 25 10:34:16 localhost app-48: [WebCacheParent] <> ERROR Exception accepting cache peer connection
Sep 25 10:34:16 localhost app-48:       java.nio.channels.AsynchronousCloseException
Sep 25 10:34:16 localhost app-48:       java.base/java.nio.channels.spi.AbstractInterruptibleChannel.end(AbstractInterruptibleChannel.java:202)
Sep 25 10:34:16 localhost app-48:       java.base/sun.nio.ch.ServerSocketChannelImpl.end(ServerSocketChannelImpl.java:269)
Sep 25 10:34:16 localhost app-48:       java.base/sun.nio.ch.ServerSocketChannelImpl.accept(ServerSocketChannelImpl.java:288)
Sep 25 10:34:16 localhost app-48:       com.untangle.app.web_cache.WebCacheParent.run(WebCacheParent.java:69)
Sep 25 10:34:16 localhost app-48:       java.base/java.lang.Thread.run(Thread.java:834)
Sep 25 10:34:26 localhost app-48: [AppBase] <> INFO  Starting   web-cache [48] ...
Sep 25 10:34:26 localhost app-48: [AppBase] <> INFO  Started    web-cache [48] ...
Sep 25 10:37:00 localhost app-48: [AppBase] <> INFO  Stopping   web-cache [48] ...
Sep 25 10:37:03 localhost app-48: [AppBase] <> INFO  Stopped    web-cache [48] ...
Sep 25 10:37:03 localhost app-48: [WebCacheParent] <> ERROR Exception accepting cache peer connection
Sep 25 10:37:03 localhost app-48:       java.nio.channels.AsynchronousCloseException
Sep 25 10:37:03 localhost app-48:       java.base/java.nio.channels.spi.AbstractInterruptibleChannel.end(AbstractInterruptibleChannel.java:202)
Sep 25 10:37:03 localhost app-48:       java.base/sun.nio.ch.ServerSocketChannelImpl.end(ServerSocketChannelImpl.java:269)
Sep 25 10:37:03 localhost app-48:       java.base/sun.nio.ch.ServerSocketChannelImpl.accept(ServerSocketChannelImpl.java:288)
Sep 25 10:37:03 localhost app-48:       com.untangle.app.web_cache.WebCacheParent.run(WebCacheParent.java:69)
Sep 25 10:37:03 localhost app-48:       java.base/java.lang.Thread.run(Thread.java:834)
Sep 25 10:37:14 localhost app-48: [AppBase] <> INFO  Starting   web-cache [48] ...
Sep 25 10:37:15 localhost app-48: [AppBase] <> INFO  Started    web-cache [48] ...
Sep 25 10:41:43 localhost app-48: [AppBase] <> INFO  Stopping   web-cache [48] ...
Sep 25 10:41:47 localhost app-48: [AppBase] <> INFO  Stopped    web-cache [48] ...
Sep 25 10:41:47 localhost app-48: [WebCacheParent] <> ERROR Exception accepting cache peer connection
Sep 25 10:41:47 localhost app-48:       java.nio.channels.AsynchronousCloseException
Sep 25 10:41:47 localhost app-48:       java.base/java.nio.channels.spi.AbstractInterruptibleChannel.end(AbstractInterruptibleChannel.java:202)
Sep 25 10:41:47 localhost app-48:       java.base/sun.nio.ch.ServerSocketChannelImpl.end(ServerSocketChannelImpl.java:269)
Sep 25 10:41:47 localhost app-48:       java.base/sun.nio.ch.ServerSocketChannelImpl.accept(ServerSocketChannelImpl.java:288)
Sep 25 10:41:47 localhost app-48:       com.untangle.app.web_cache.WebCacheParent.run(WebCacheParent.java:69)
Sep 25 10:41:47 localhost app-48:       java.base/java.lang.Thread.run(Thread.java:834)
Sep 25 10:41:57 localhost app-48: [AppBase] <> INFO  Starting   web-cache [48] ...
Sep 25 10:41:57 localhost app-48: [AppBase] <> INFO  Started    web-cache [48] ...
Sep 25 10:44:34 localhost app-48: [AppBase] <> INFO  Stopping   web-cache [48] ...
Sep 25 10:44:38 localhost app-48: [AppBase] <> INFO  Stopped    web-cache [48] ...
Sep 25 10:44:38 localhost app-48: [WebCacheParent] <> ERROR Exception accepting cache peer connection
Sep 25 10:44:38 localhost app-48:       java.nio.channels.AsynchronousCloseException
Sep 25 10:44:38 localhost app-48:       java.base/java.nio.channels.spi.AbstractInterruptibleChannel.end(AbstractInterruptibleChannel.java:202)
Sep 25 10:44:38 localhost app-48:       java.base/sun.nio.ch.ServerSocketChannelImpl.end(ServerSocketChannelImpl.java:269)
Sep 25 10:44:38 localhost app-48:       java.base/sun.nio.ch.ServerSocketChannelImpl.accept(ServerSocketChannelImpl.java:288)
Sep 25 10:44:38 localhost app-48:       com.untangle.app.web_cache.WebCacheParent.run(WebCacheParent.java:69)
Sep 25 10:44:38 localhost app-48:       java.base/java.lang.Thread.run(Thread.java:834)
Sep 25 10:44:48 localhost app-48: [AppBase] <> INFO  Starting   web-cache [48] ...
Sep 25 10:44:48 localhost app-48: [AppBase] <> INFO  Started    web-cache [48] ...
Sep 25 11:00:55 localhost app-48: [AppBase] <> INFO  Stopping   web-cache [48] ...
Sep 25 11:00:59 localhost app-48: [AppBase] <> INFO  Stopped    web-cache [48] ...
Sep 25 11:00:59 localhost app-48: [WebCacheParent] <> ERROR Exception accepting cache peer connection
Sep 25 11:00:59 localhost app-48:       java.nio.channels.AsynchronousCloseException
Sep 25 11:00:59 localhost app-48:       java.base/java.nio.channels.spi.AbstractInterruptibleChannel.end(AbstractInterruptibleChannel.java:202)
Sep 25 11:00:59 localhost app-48:       java.base/sun.nio.ch.ServerSocketChannelImpl.end(ServerSocketChannelImpl.java:269)
Sep 25 11:00:59 localhost app-48:       java.base/sun.nio.ch.ServerSocketChannelImpl.accept(ServerSocketChannelImpl.java:288)
Sep 25 11:00:59 localhost app-48:       com.untangle.app.web_cache.WebCacheParent.run(WebCacheParent.java:69)
Sep 25 11:00:59 localhost app-48:       java.base/java.lang.Thread.run(Thread.java:834)
Sep 25 11:01:08 localhost app-48: [AppBase] <> INFO  Starting   web-cache [48] ...
Sep 25 11:01:08 localhost app-48: [AppBase] <> INFO  Started    web-cache [48] ...
Sep 25 11:02:37 localhost app-48: [AppBase] <> INFO  Stopping   web-cache [48] ...
Sep 25 11:02:40 localhost app-48: [AppBase] <> INFO  Stopped    web-cache [48] ...
Sep 25 11:02:40 localhost app-48: [WebCacheParent] <> ERROR Exception accepting cache peer connection
Sep 25 11:02:40 localhost app-48:       java.nio.channels.AsynchronousCloseException
Sep 25 11:02:40 localhost app-48:       java.base/java.nio.channels.spi.AbstractInterruptibleChannel.end(AbstractInterruptibleChannel.java:202)
Sep 25 11:02:40 localhost app-48:       java.base/sun.nio.ch.ServerSocketChannelImpl.end(ServerSocketChannelImpl.java:269)
Sep 25 11:02:40 localhost app-48:       java.base/sun.nio.ch.ServerSocketChannelImpl.accept(ServerSocketChannelImpl.java:288)
Sep 25 11:02:40 localhost app-48:       com.untangle.app.web_cache.WebCacheParent.run(WebCacheParent.java:69)
Sep 25 11:02:40 localhost app-48:       java.base/java.lang.Thread.run(Thread.java:834)
Sep 25 11:02:49 localhost app-48: [AppBase] <> INFO  Starting   web-cache [48] ...
Sep 25 11:02:49 localhost app-48: [AppBase] <> INFO  Started    web-cache [48] ...
Sep 25 11:03:21 localhost app-48: [AppBase] <> INFO  Stopping   web-cache [48] ...
Sep 25 11:03:24 localhost app-48: [AppBase] <> INFO  Stopped    web-cache [48] ...
Sep 25 11:03:24 localhost app-48: [WebCacheParent] <> ERROR Exception accepting cache peer connection
Sep 25 11:03:24 localhost app-48:       java.nio.channels.AsynchronousCloseException
Sep 25 11:03:24 localhost app-48:       java.base/java.nio.channels.spi.AbstractInterruptibleChannel.end(AbstractInterruptibleChannel.java:202)
Sep 25 11:03:24 localhost app-48:       java.base/sun.nio.ch.ServerSocketChannelImpl.end(ServerSocketChannelImpl.java:269)
Sep 25 11:03:24 localhost app-48:       java.base/sun.nio.ch.ServerSocketChannelImpl.accept(ServerSocketChannelImpl.java:288)
Sep 25 11:03:24 localhost app-48:       com.untangle.app.web_cache.WebCacheParent.run(WebCacheParent.java:69)
Sep 25 11:03:24 localhost app-48:       java.base/java.lang.Thread.run(Thread.java:834)
Sep 25 11:03:33 localhost app-48: [AppBase] <> INFO  Starting   web-cache [48] ...
Sep 25 11:03:33 localhost app-48: [AppBase] <> INFO  Started    web-cache [48] ...
Sep 25 12:20:01 localhost app-48: [AppBase] <> INFO  Stopping   web-cache [48] ...
Sep 25 12:20:06 localhost app-48: [AppBase] <> INFO  Stopped    web-cache [48] ...
Sep 25 12:20:06 localhost app-48: [WebCacheParent] <> ERROR Exception accepting cache peer connection
Sep 25 12:20:06 localhost app-48:       java.nio.channels.AsynchronousCloseException
Sep 25 12:20:06 localhost app-48:       java.base/java.nio.channels.spi.AbstractInterruptibleChannel.end(AbstractInterruptibleChannel.java:202)
Sep 25 12:20:06 localhost app-48:       java.base/sun.nio.ch.ServerSocketChannelImpl.end(ServerSocketChannelImpl.java:269)
Sep 25 12:20:06 localhost app-48:       java.base/sun.nio.ch.ServerSocketChannelImpl.accept(ServerSocketChannelImpl.java:288)
Sep 25 12:20:06 localhost app-48:       com.untangle.app.web_cache.WebCacheParent.run(WebCacheParent.java:69)
Sep 25 12:20:06 localhost app-48:       java.base/java.lang.Thread.run(Thread.java:834)
Sep 25 12:20:14 localhost app-48: [AppBase] <> INFO  Starting   web-cache [48] ...
Sep 25 12:20:14 localhost app-48: [AppBase] <> INFO  Started    web-cache [48] ...
Sep 25 12:21:45 localhost app-48: [AppBase] <> INFO  Stopping   web-cache [48] ...
Sep 25 12:21:48 localhost app-48: [WebCacheParent] <> ERROR Exception accepting cache peer connection
Sep 25 12:21:48 localhost app-48:       java.nio.channels.AsynchronousCloseException
Sep 25 12:21:48 localhost app-48:       java.base/java.nio.channels.spi.AbstractInterruptibleChannel.end(AbstractInterruptibleChannel.java:202)
Sep 25 12:21:48 localhost app-48:       java.base/sun.nio.ch.ServerSocketChannelImpl.end(ServerSocketChannelImpl.java:269)
Sep 25 12:21:48 localhost app-48:       java.base/sun.nio.ch.ServerSocketChannelImpl.accept(ServerSocketChannelImpl.java:288)
Sep 25 12:21:48 localhost app-48:       com.untangle.app.web_cache.WebCacheParent.run(WebCacheParent.java:69)
Sep 25 12:21:48 localhost app-48:       java.base/java.lang.Thread.run(Thread.java:834)
Sep 25 12:21:48 localhost app-48: [AppBase] <> INFO  Stopped    web-cache [48] ...
Sep 25 12:21:57 localhost app-48: [AppBase] <> INFO  Starting   web-cache [48] ...
Sep 25 12:21:57 localhost app-48: [AppBase] <> INFO  Started    web-cache [48] ...
Sep 25 12:22:38 localhost app-48: [AppBase] <> INFO  Stopping   web-cache [48] ...
Sep 25 12:22:42 localhost app-48: [AppBase] <> INFO  Stopped    web-cache [48] ...
Sep 25 12:22:42 localhost app-48: [WebCacheParent] <> ERROR Exception accepting cache peer connection
Sep 25 12:22:42 localhost app-48:       java.nio.channels.AsynchronousCloseException
Sep 25 12:22:42 localhost app-48:       java.base/java.nio.channels.spi.AbstractInterruptibleChannel.end(AbstractInterruptibleChannel.java:202)
Sep 25 12:22:42 localhost app-48:       java.base/sun.nio.ch.ServerSocketChannelImpl.end(ServerSocketChannelImpl.java:269)
Sep 25 12:22:42 localhost app-48:       java.base/sun.nio.ch.ServerSocketChannelImpl.accept(ServerSocketChannelImpl.java:288)
Sep 25 12:22:42 localhost app-48:       com.untangle.app.web_cache.WebCacheParent.run(WebCacheParent.java:69)
Sep 25 12:22:42 localhost app-48:       java.base/java.lang.Thread.run(Thread.java:834)
Sep 25 12:22:50 localhost app-48: [AppBase] <> INFO  Starting   web-cache [48] ...
Sep 25 12:22:50 localhost app-48: [AppBase] <> INFO  Started    web-cache [48] ...
Sep 25 12:23:34 localhost app-48: [AppBase] <> INFO  Stopping   web-cache [48] ...
Sep 25 12:23:37 localhost app-48: [AppBase] <> INFO  Stopped    web-cache [48] ...
Sep 25 12:23:37 localhost app-48: [WebCacheParent] <> ERROR Exception accepting cache peer connection
Sep 25 12:23:37 localhost app-48:       java.nio.channels.AsynchronousCloseException
Sep 25 12:23:37 localhost app-48:       java.base/java.nio.channels.spi.AbstractInterruptibleChannel.end(AbstractInterruptibleChannel.java:202)
Sep 25 12:23:37 localhost app-48:       java.base/sun.nio.ch.ServerSocketChannelImpl.end(ServerSocketChannelImpl.java:269)
Sep 25 12:23:37 localhost app-48:       java.base/sun.nio.ch.ServerSocketChannelImpl.accept(ServerSocketChannelImpl.java:288)
Sep 25 12:23:37 localhost app-48:       com.untangle.app.web_cache.WebCacheParent.run(WebCacheParent.java:69)
Sep 25 12:23:37 localhost app-48:       java.base/java.lang.Thread.run(Thread.java:834)
Sep 25 12:23:48 localhost app-48: [AppBase] <> INFO  Starting   web-cache [48] ...
Sep 25 12:23:48 localhost app-48: [AppBase] <> INFO  Started    web-cache [48] ...
Sep 25 12:24:19 localhost app-48: [AppBase] <> INFO  Stopping   web-cache [48] ...
Sep 25 12:24:22 localhost app-48: [AppBase] <> INFO  Stopped    web-cache [48] ...
Sep 25 12:24:22 localhost app-48: [WebCacheParent] <> ERROR Exception accepting cache peer connection
Sep 25 12:24:22 localhost app-48:       java.nio.channels.AsynchronousCloseException
Sep 25 12:24:22 localhost app-48:       java.base/java.nio.channels.spi.AbstractInterruptibleChannel.end(AbstractInterruptibleChannel.java:202)
Sep 25 12:24:22 localhost app-48:       java.base/sun.nio.ch.ServerSocketChannelImpl.end(ServerSocketChannelImpl.java:269)
Sep 25 12:24:22 localhost app-48:       java.base/sun.nio.ch.ServerSocketChannelImpl.accept(ServerSocketChannelImpl.java:288)
Sep 25 12:24:22 localhost app-48:       com.untangle.app.web_cache.WebCacheParent.run(WebCacheParent.java:69)
Sep 25 12:24:22 localhost app-48:       java.base/java.lang.Thread.run(Thread.java:834)
Sep 25 12:24:31 localhost app-48: [AppBase] <> INFO  Starting   web-cache [48] ...
Sep 25 12:24:31 localhost app-48: [AppBase] <> INFO  Started    web-cache [48] ...
Sep 25 12:25:58 localhost app-48: [AppBase] <> INFO  Stopping   web-cache [48] ...
Sep 25 12:26:02 localhost app-48: [AppBase] <> INFO  Stopped    web-cache [48] ...
Sep 25 12:26:02 localhost app-48: [WebCacheParent] <> ERROR Exception accepting cache peer connection
Sep 25 12:26:02 localhost app-48:       java.nio.channels.AsynchronousCloseException
Sep 25 12:26:02 localhost app-48:       java.base/java.nio.channels.spi.AbstractInterruptibleChannel.end(AbstractInterruptibleChannel.java:202)
Sep 25 12:26:02 localhost app-48:       java.base/sun.nio.ch.ServerSocketChannelImpl.end(ServerSocketChannelImpl.java:269)
Sep 25 12:26:02 localhost app-48:       java.base/sun.nio.ch.ServerSocketChannelImpl.accept(ServerSocketChannelImpl.java:288)
Sep 25 12:26:02 localhost app-48:       com.untangle.app.web_cache.WebCacheParent.run(WebCacheParent.java:69)
Sep 25 12:26:02 localhost app-48:       java.base/java.lang.Thread.run(Thread.java:834)
Sep 25 12:26:11 localhost app-48: [AppBase] <> INFO  Starting   web-cache [48] ...
Sep 25 12:26:11 localhost app-48: [AppBase] <> INFO  Started    web-cache [48] ...
Sep 25 12:26:50 localhost app-48: [AppBase] <> INFO  Stopping   web-cache [48] ...
Sep 25 12:26:54 localhost app-48: [WebCacheParent] <> ERROR Exception accepting cache peer connection
Sep 25 12:26:54 localhost app-48:       java.nio.channels.AsynchronousCloseException
Sep 25 12:26:54 localhost app-48:       java.base/java.nio.channels.spi.AbstractInterruptibleChannel.end(AbstractInterruptibleChannel.java:202)
Sep 25 12:26:54 localhost app-48:       java.base/sun.nio.ch.ServerSocketChannelImpl.end(ServerSocketChannelImpl.java:269)
Sep 25 12:26:54 localhost app-48:       java.base/sun.nio.ch.ServerSocketChannelImpl.accept(ServerSocketChannelImpl.java:288)
Sep 25 12:26:54 localhost app-48:       com.untangle.app.web_cache.WebCacheParent.run(WebCacheParent.java:69)
Sep 25 12:26:54 localhost app-48:       java.base/java.lang.Thread.run(Thread.java:834)
Sep 25 12:26:54 localhost app-48: [AppBase] <> INFO  Stopped    web-cache [48] ...
Sep 25 12:27:03 localhost app-48: [AppBase] <> INFO  Starting   web-cache [48] ...
Sep 25 12:27:03 localhost app-48: [AppBase] <> INFO  Started    web-cache [48] ...
Sep 25 13:12:18 localhost app-48: [AppBase] <> INFO  Stopping   web-cache [48] ...
Sep 25 13:12:22 localhost app-48: [AppBase] <> INFO  Stopped    web-cache [48] ...
Sep 25 13:12:22 localhost app-48: [WebCacheParent] <> ERROR Exception accepting cache peer connection
Sep 25 13:12:22 localhost app-48:       java.nio.channels.AsynchronousCloseException
Sep 25 13:12:22 localhost app-48:       java.base/java.nio.channels.spi.AbstractInterruptibleChannel.end(AbstractInterruptibleChannel.java:202)
Sep 25 13:12:22 localhost app-48:       java.base/sun.nio.ch.ServerSocketChannelImpl.end(ServerSocketChannelImpl.java:269)
Sep 25 13:12:22 localhost app-48:       java.base/sun.nio.ch.ServerSocketChannelImpl.accept(ServerSocketChannelImpl.java:288)
Sep 25 13:12:22 localhost app-48:       com.untangle.app.web_cache.WebCacheParent.run(WebCacheParent.java:69)
Sep 25 13:12:22 localhost app-48:       java.base/java.lang.Thread.run(Thread.java:834)
Sep 25 13:12:31 localhost app-48: [AppBase] <> INFO  Starting   web-cache [48] ...
Sep 25 13:12:31 localhost app-48: [AppBase] <> INFO  Started    web-cache [48] ...
Sep 25 13:14:47 localhost app-48: [AppBase] <> INFO  Stopping   web-cache [48] ...
Sep 25 13:14:51 localhost app-48: [AppBase] <> INFO  Stopped    web-cache [48] ...
Sep 25 13:14:51 localhost app-48: [WebCacheParent] <> ERROR Exception accepting cache peer connection
Sep 25 13:14:51 localhost app-48:       java.nio.channels.AsynchronousCloseException
Sep 25 13:14:51 localhost app-48:       java.base/java.nio.channels.spi.AbstractInterruptibleChannel.end(AbstractInterruptibleChannel.java:202)
Sep 25 13:14:51 localhost app-48:       java.base/sun.nio.ch.ServerSocketChannelImpl.end(ServerSocketChannelImpl.java:269)
Sep 25 13:14:51 localhost app-48:       java.base/sun.nio.ch.ServerSocketChannelImpl.accept(ServerSocketChannelImpl.java:288)
Sep 25 13:14:51 localhost app-48:       com.untangle.app.web_cache.WebCacheParent.run(WebCacheParent.java:69)
Sep 25 13:14:51 localhost app-48:       java.base/java.lang.Thread.run(Thread.java:834)
Sep 25 13:14:56 localhost app-48: [AppBase] <> INFO  Starting   web-cache [48] ...
Sep 25 13:14:56 localhost app-48: [AppBase] <> INFO  Started    web-cache [48] ...
Sep 25 13:22:15 localhost app-48: [AppBase] <> INFO  Stopping   web-cache [48] ...
Sep 25 13:22:19 localhost app-48: [AppBase] <> INFO  Stopped    web-cache [48] ...
Sep 25 13:22:19 localhost app-48: [WebCacheParent] <> ERROR Exception accepting cache peer connection
Sep 25 13:22:19 localhost app-48:       java.nio.channels.AsynchronousCloseException
Sep 25 13:22:19 localhost app-48:       java.base/java.nio.channels.spi.AbstractInterruptibleChannel.end(AbstractInterruptibleChannel.java:202)
Sep 25 13:22:19 localhost app-48:       java.base/sun.nio.ch.ServerSocketChannelImpl.end(ServerSocketChannelImpl.java:269)
Sep 25 13:22:19 localhost app-48:       java.base/sun.nio.ch.ServerSocketChannelImpl.accept(ServerSocketChannelImpl.java:288)
Sep 25 13:22:19 localhost app-48:       com.untangle.app.web_cache.WebCacheParent.run(WebCacheParent.java:69)
Sep 25 13:22:19 localhost app-48:       java.base/java.lang.Thread.run(Thread.java:834)
Oct  2 08:05:01 localhost app-48: [AppBase] <> INFO  Starting   web-cache [48] ...
Oct  2 08:05:02 localhost app-48: [AppBase] <> INFO  Started    web-cache [48] ...
Oct  2 08:06:02 localhost app-48: [WebCacheTimer] <> INFO  High load bypass flag activated on load(5.72) limit(3.5)
Oct  2 08:07:02 localhost app-48: [WebCacheTimer] <> INFO  High load bypass flag cleared on load(2.33) limit(3.5)
Oct 14 08:37:29 localhost app-48: [AppBase] <> INFO  No valid license for: web-cache
Oct 14 08:37:29 localhost app-48: [AppBase] <> INFO  Requesting trial for: web-cache
Oct 14 08:38:08 localhost app-48: [AppBase] <> INFO  Starting   web-cache [48] ...
Oct 14 08:38:09 localhost app-48: [AppBase] <> INFO  Started    web-cache [48] ...
Oct 14 16:44:31 localhost app-48: [AppBase] <> INFO  No valid license for: web-cache
Oct 14 16:44:31 localhost app-48: [AppBase] <> INFO  Requesting trial for: web-cache
Oct 14 16:44:44 localhost app-48: [AppBase] <> INFO  Starting   web-cache [48] ...
Oct 14 16:44:45 localhost app-48: [AppBase] <> INFO  Started    web-cache [48] ...
Oct 14 16:47:11 localhost app-48: [AppBase] <> INFO  Stopping   web-cache [48] ...
Oct 14 16:47:14 localhost app-48: [AppBase] <> INFO  Stopped    web-cache [48] ...
Oct 14 16:47:14 localhost app-48: [WebCacheParent] <> ERROR Exception accepting cache peer connection
Oct 14 16:47:14 localhost app-48:       java.nio.channels.AsynchronousCloseException
Oct 14 16:47:14 localhost app-48:       java.base/java.nio.channels.spi.AbstractInterruptibleChannel.end(AbstractInterruptibleChannel.java:202)
Oct 14 16:47:14 localhost app-48:       java.base/sun.nio.ch.ServerSocketChannelImpl.end(ServerSocketChannelImpl.java:269)
Oct 14 16:47:14 localhost app-48:       java.base/sun.nio.ch.ServerSocketChannelImpl.accept(ServerSocketChannelImpl.java:288)
Oct 14 16:47:14 localhost app-48:       com.untangle.app.web_cache.WebCacheParent.run(WebCacheParent.java:69)
Oct 14 16:47:14 localhost app-48:       java.base/java.lang.Thread.run(Thread.java:834)
Oct 15 12:41:37 localhost app-48: [AppBase] <> INFO  No valid license for: web-cache
Oct 15 12:41:37 localhost app-48: [AppBase] <> INFO  Requesting trial for: web-cache
Oct 15 12:42:18 localhost app-48: [AppBase] <> INFO  Starting   web-cache [48] ...
Oct 15 12:42:18 localhost app-48: [AppBase] <> INFO  Started    web-cache [48] ...
Oct 15 12:44:24 localhost app-48: [AppBase] <> INFO  Stopping   web-cache [48] ...
Oct 15 12:44:28 localhost app-48: [AppBase] <> INFO  Stopped    web-cache [48] ...
Oct 15 12:44:28 localhost app-48: [WebCacheParent] <> ERROR Exception accepting cache peer connection
Oct 15 12:44:28 localhost app-48:       java.nio.channels.AsynchronousCloseException
Oct 15 12:44:28 localhost app-48:       java.base/java.nio.channels.spi.AbstractInterruptibleChannel.end(AbstractInterruptibleChannel.java:202)
Oct 15 12:44:28 localhost app-48:       java.base/sun.nio.ch.ServerSocketChannelImpl.end(ServerSocketChannelImpl.java:269)
Oct 15 12:44:28 localhost app-48:       java.base/sun.nio.ch.ServerSocketChannelImpl.accept(ServerSocketChannelImpl.java:288)
Oct 15 12:44:28 localhost app-48:       com.untangle.app.web_cache.WebCacheParent.run(WebCacheParent.java:69)
Oct 15 12:44:28 localhost app-48:       java.base/java.lang.Thread.run(Thread.java:834)
Oct 22 09:42:23 localhost app-48: [AppBase] <> INFO  No valid license for: web-cache
Oct 22 09:42:23 localhost app-48: [AppBase] <> INFO  Requesting trial for: web-cache
Oct 22 09:42:51 localhost app-48: [AppBase] <> INFO  Starting   web-cache [48] ...
Oct 22 09:42:52 localhost app-48: [AppBase] <> INFO  Started    web-cache [48] ...
Nov 11 11:26:12 localhost app-48: [AppBase] <> INFO  No valid license for: web-cache
Nov 11 11:26:12 localhost app-48: [AppBase] <> INFO  Requesting trial for: web-cache
Nov 11 11:26:56 localhost app-48: [AppBase] <> INFO  Starting   web-cache [48] ...
Nov 11 11:26:56 localhost app-48: [AppBase] <> INFO  Started    web-cache [48] ...
Nov 17 12:18:02 localhost app-48: [AppBase] <> INFO  No valid license for: web-cache
Nov 17 12:18:02 localhost app-48: [AppBase] <> INFO  Requesting trial for: web-cache
Nov 17 12:18:32 localhost app-48: [AppBase] <> INFO  Starting   web-cache [48] ...
Nov 17 12:18:32 localhost app-48: [AppBase] <> INFO  Started    web-cache [48] ...
Nov 17 12:19:02 localhost app-48: [AppBase] <> INFO  Stopping   web-cache [48] ...
Nov 17 12:19:18 localhost app-48: [AppBase] <> INFO  Stopped    web-cache [48] ...
Nov 17 12:19:18 localhost app-48: [WebCacheParent] <> ERROR Exception accepting cache peer connection
Nov 17 12:19:18 localhost app-48:       java.nio.channels.AsynchronousCloseException
Nov 17 12:19:18 localhost app-48:       java.base/java.nio.channels.spi.AbstractInterruptibleChannel.end(AbstractInterruptibleChannel.java:202)
Nov 17 12:19:18 localhost app-48:       java.base/sun.nio.ch.ServerSocketChannelImpl.end(ServerSocketChannelImpl.java:269)
Nov 17 12:19:18 localhost app-48:       java.base/sun.nio.ch.ServerSocketChannelImpl.accept(ServerSocketChannelImpl.java:288)
Nov 17 12:19:18 localhost app-48:       com.untangle.app.web_cache.WebCacheParent.run(WebCacheParent.java:69)
Nov 17 12:19:18 localhost app-48:       java.base/java.lang.Thread.run(Thread.java:834)
Nov 17 12:19:34 localhost app-48: [AppBase] <> INFO  No valid license for: web-cache
Nov 17 12:19:34 localhost app-48: [AppBase] <> INFO  Requesting trial for: web-cache
Nov 17 12:20:05 localhost app-48: [AppBase] <> INFO  Starting   web-cache [48] ...
Nov 17 12:20:06 localhost app-48: [AppBase] <> INFO  Started    web-cache [48] ...
Nov 23 17:24:18 localhost app-48: [AppBase] <> INFO  Stopping   web-cache [48] ...
Nov 23 17:24:42 localhost app-48: [AppBase] <> INFO  Stopped    web-cache [48] ...
Nov 23 17:24:42 localhost app-48: [WebCacheParent] <> ERROR Exception accepting cache peer connection
Nov 23 17:24:42 localhost app-48:       java.nio.channels.AsynchronousCloseException
Nov 23 17:24:42 localhost app-48:       java.base/java.nio.channels.spi.AbstractInterruptibleChannel.end(AbstractInterruptibleChannel.java:202)
Nov 23 17:24:42 localhost app-48:       java.base/sun.nio.ch.ServerSocketChannelImpl.end(ServerSocketChannelImpl.java:269)
Nov 23 17:24:42 localhost app-48:       java.base/sun.nio.ch.ServerSocketChannelImpl.accept(ServerSocketChannelImpl.java:288)
Nov 23 17:24:42 localhost app-48:       com.untangle.app.web_cache.WebCacheParent.run(WebCacheParent.java:69)
Nov 23 17:24:42 localhost app-48:       java.base/java.lang.Thread.run(Thread.java:834)
Nov 23 17:33:52 localhost app-48: [AppBase] <> INFO  No valid license for: web-cache
Nov 23 17:33:52 localhost app-48: [AppBase] <> INFO  Requesting trial for: web-cache
Nov 23 17:34:32 localhost app-48: [AppBase] <> INFO  Starting   web-cache [48] ...
Nov 23 17:34:32 localhost app-48: [AppBase] <> INFO  Started    web-cache [48] ...
Nov 23 18:09:32 localhost app-48: [AppBase] <> INFO  Stopping   web-cache [48] ...
Nov 23 18:09:37 localhost app-48: [AppBase] <> INFO  Stopped    web-cache [48] ...
Nov 23 18:09:37 localhost app-48: [WebCacheParent] <> ERROR Exception accepting cache peer connection
Nov 23 18:09:37 localhost app-48:       java.nio.channels.AsynchronousCloseException
Nov 23 18:09:37 localhost app-48:       java.base/java.nio.channels.spi.AbstractInterruptibleChannel.end(AbstractInterruptibleChannel.java:202)
Nov 23 18:09:37 localhost app-48:       java.base/sun.nio.ch.ServerSocketChannelImpl.end(ServerSocketChannelImpl.java:269)
Nov 23 18:09:37 localhost app-48:       java.base/sun.nio.ch.ServerSocketChannelImpl.accept(ServerSocketChannelImpl.java:288)
Nov 23 18:09:37 localhost app-48:       com.untangle.app.web_cache.WebCacheParent.run(WebCacheParent.java:69)
Nov 23 18:09:37 localhost app-48:       java.base/java.lang.Thread.run(Thread.java:834)
Nov 23 18:13:22 localhost app-48: [AppBase] <> INFO  No valid license for: web-cache
Nov 23 18:13:22 localhost app-48: [AppBase] <> INFO  Requesting trial for: web-cache
Nov 23 18:13:48 localhost app-48: [AppBase] <> INFO  Starting   web-cache [48] ...
Nov 23 18:13:49 localhost app-48: [AppBase] <> INFO  Started    web-cache [48] ...
Nov 24 08:49:12 localhost app-48: [AppBase] <> INFO  No valid license for: web-cache
Nov 24 08:49:12 localhost app-48: [AppBase] <> INFO  Requesting trial for: web-cache
Nov 24 08:49:44 localhost app-48: [AppBase] <> INFO  Starting   web-cache [48] ...
Nov 24 08:49:44 localhost app-48: [AppBase] <> INFO  Started    web-cache [48] ...
Nov 30 17:23:26 localhost app-48: [AppBase] <> INFO  Stopping   web-cache [48] ...
Nov 30 17:23:43 localhost app-48: [AppBase] <> INFO  Stopped    web-cache [48] ...
Nov 30 17:23:43 localhost app-48: [WebCacheParent] <> ERROR Exception accepting cache peer connection
Nov 30 17:23:43 localhost app-48:       java.nio.channels.AsynchronousCloseException
Nov 30 17:23:43 localhost app-48:       java.base/java.nio.channels.spi.AbstractInterruptibleChannel.end(AbstractInterruptibleChannel.java:202)
Nov 30 17:23:43 localhost app-48:       java.base/sun.nio.ch.ServerSocketChannelImpl.end(ServerSocketChannelImpl.java:269)
Nov 30 17:23:43 localhost app-48:       java.base/sun.nio.ch.ServerSocketChannelImpl.accept(ServerSocketChannelImpl.java:288)
Nov 30 17:23:43 localhost app-48:       com.untangle.app.web_cache.WebCacheParent.run(WebCacheParent.java:69)
Nov 30 17:23:43 localhost app-48:       java.base/java.lang.Thread.run(Thread.java:834)
Dec  7 11:06:22 localhost app-48: [AppBase] <> INFO  No valid license for: web-cache
Dec  7 11:06:22 localhost app-48: [AppBase] <> INFO  Requesting trial for: web-cache
Dec  7 11:06:49 localhost app-48: [AppBase] <> INFO  Starting   web-cache [48] ...
Dec  7 11:06:50 localhost app-48: [AppBase] <> INFO  Started    web-cache [48] ...
Dec  9 10:53:53 localhost app-48: [AppBase] <> INFO  No valid license for: web-cache
Dec  9 10:53:53 localhost app-48: [AppBase] <> INFO  Requesting trial for: web-cache
Dec  9 10:54:37 localhost app-48: [AppBase] <> INFO  Starting   web-cache [48] ...
Dec  9 10:54:37 localhost app-48: [AppBase] <> INFO  Started    web-cache [48] ...
Dec  9 14:27:33 localhost app-48: [AppBase] <> INFO  No valid license for: web-cache
Dec  9 14:27:33 localhost app-48: [AppBase] <> INFO  Requesting trial for: web-cache
Dec  9 14:27:57 localhost app-48: [AppBase] <> INFO  Starting   web-cache [48] ...
Dec  9 14:27:58 localhost app-48: [AppBase] <> INFO  Started    web-cache [48] ...
Dec  9 16:36:36 localhost app-48: [AppBase] <> INFO  Stopping   web-cache [48] ...
Dec  9 16:36:41 localhost app-48: [AppBase] <> INFO  Stopped    web-cache [48] ...
Dec  9 16:36:41 localhost app-48: [WebCacheParent] <> ERROR Exception accepting cache peer connection
Dec  9 16:36:41 localhost app-48:       java.nio.channels.AsynchronousCloseException
Dec  9 16:36:41 localhost app-48:       java.base/java.nio.channels.spi.AbstractInterruptibleChannel.end(AbstractInterruptibleChannel.java:202)
Dec  9 16:36:41 localhost app-48:       java.base/sun.nio.ch.ServerSocketChannelImpl.end(ServerSocketChannelImpl.java:269)
Dec  9 16:36:41 localhost app-48:       java.base/sun.nio.ch.ServerSocketChannelImpl.accept(ServerSocketChannelImpl.java:288)
Dec  9 16:36:41 localhost app-48:       com.untangle.app.web_cache.WebCacheParent.run(WebCacheParent.java:69)
Dec  9 16:36:41 localhost app-48:       java.base/java.lang.Thread.run(Thread.java:834)
