Apr  6 14:45:20 localhost app-44: [FirewallApp] <> WARN  No settings found - Initializing new settings.
Apr  6 14:45:20 localhost app-44: [FirewallApp] <> INFO  Creating the default settings...
Apr  6 14:45:20 localhost app-44: [FirewallApp] <> INFO  Reconfigure()
Apr  6 14:45:20 localhost app-44: [AppBase] <> INFO  killMatchingSessions()
Apr  6 14:45:20 localhost app-44: [FirewallApp] <> INFO  Reconfigure()
Apr  6 14:45:20 localhost app-44: [AppBase] <> INFO  killMatchingSessions()
Apr  6 14:45:20 localhost app-44: [AppBase] <> INFO  Starting   firewall [44] ...
Apr  6 14:45:20 localhost app-44: [FirewallApp] <> INFO  Reconfigure()
Apr  6 14:45:20 localhost app-44: [AppBase] <> INFO  killMatchingSessions()
Apr  6 14:45:20 localhost app-44: [AppBase] <> INFO  killMatchingSessions()
Apr  6 14:45:20 localhost app-44: [AppBase] <> INFO  Started    firewall [44] ...
Apr  6 14:45:20 localhost app-44: [FirewallApp] <> INFO  Reconfigure()
Apr  6 14:45:20 localhost app-44: [AppBase] <> INFO  killMatchingSessions()
Apr  6 14:45:21 localhost app-44: [FirewallApp] <> INFO  Reconfigure()
Apr  6 14:45:21 localhost app-44: [AppBase] <> INFO  killMatchingSessions()
Apr  6 14:45:21 localhost app-44: [AppBase] <> INFO  Stopping   firewall [44] ...
Apr  6 14:45:21 localhost app-44: [AppBase] <> INFO  killMatchingSessions()
Apr  6 14:45:21 localhost app-44: [AppBase] <> INFO  Stopped    firewall [44] ...
Apr  6 14:45:21 localhost app-44: [AppBase] <> INFO  Destroying firewall [44] ...
Apr  6 14:45:21 localhost app-44: [AppBase] <> INFO  Destroyed  firewall [44] ...
May 18 10:53:21 localhost app-44: [AdBlockerApp] <> INFO  Loading Filters...
May 18 10:53:21 localhost app-44: [AdBlockerApp] <> INFO  11536 url blocking rules loaded
May 18 10:53:21 localhost app-44: [AdBlockerApp] <> INFO  820 url passing rules loaded
May 18 10:53:25 localhost app-44: [AdBlockerApp] <> INFO  Loading Settings...
May 18 10:53:26 localhost app-44: [AppBase] <> INFO  Starting   ad-blocker [44] ...
May 18 10:53:26 localhost app-44: [AppBase] <> INFO  Started    ad-blocker [44] ...
May 18 10:54:42 localhost app-44: [AdBlockerApp] <> INFO  Reloading Filters...
May 18 10:54:43 localhost app-44: [AdBlockerApp] <> INFO  12901 url blocking rules loaded
May 18 10:54:43 localhost app-44: [AdBlockerApp] <> INFO  219 url passing rules loaded
May 18 10:54:46 localhost app-44: [AppBase] <> INFO  Stopping   ad-blocker [44] ...
May 18 10:54:46 localhost app-44: [AppBase] <> INFO  Stopped    ad-blocker [44] ...
May 18 10:54:46 localhost app-44: [AppBase] <> INFO  Destroying ad-blocker [44] ...
May 18 10:54:46 localhost app-44: [AppBase] <> INFO  Destroyed  ad-blocker [44] ...
Jul  5 13:42:46 localhost app-44: [ThreatPreventionApp] <> WARN  No settings found - Initializing new settings.
Jul  5 13:42:46 localhost app-44: [ThreatPreventionApp] <> INFO  Creating the default settings...
Jul  5 13:42:46 localhost app-44: [AppBase] <> INFO  killMatchingSessions()
Jul  5 13:42:46 localhost app-44: [AppBase] <> INFO  killMatchingSessions()
Jul  5 13:42:46 localhost app-44: [AppBase] <> INFO  Starting   threat-prevention [44] ...
Jul  5 13:42:46 localhost app-44: [AppBase] <> INFO  killMatchingSessions()
Jul  5 13:42:48 localhost app-44: [AppBase] <> INFO  killMatchingSessions()
Jul  5 13:42:48 localhost app-44: [AppBase] <> INFO  Started    threat-prevention [44] ...
Jul  7 09:48:43 localhost app-44: [AppBase] <> INFO  Stopping   threat-prevention [44] ...
Jul  7 09:48:50 localhost app-44: [AppBase] <> INFO  killMatchingSessions()
Jul  7 09:48:50 localhost app-44: [AppBase] <> INFO  Stopped    threat-prevention [44] ...
Jul  7 14:10:02 localhost app-44: [ThreatPreventionApp] <> INFO  Loading Settings...
Jul  7 14:10:02 localhost app-44: [AppBase] <> INFO  killMatchingSessions()
Jul  7 15:51:36 localhost app-44: [ThreatPreventionApp] <> INFO  Loading Settings...
Jul  7 15:51:36 localhost app-44: [AppBase] <> INFO  killMatchingSessions()
Jul 10 13:04:52 localhost app-44: [ThreatPreventionApp] <> INFO  Loading Settings...
Jul 10 13:04:52 localhost app-44: [AppBase] <> INFO  killMatchingSessions()
Jul 10 13:06:33 localhost app-44: [ThreatPreventionApp] <> INFO  Loading Settings...
Jul 10 13:06:33 localhost app-44: [AppBase] <> INFO  killMatchingSessions()
Jul 10 13:20:30 localhost app-44: [ThreatPreventionApp] <> INFO  Loading Settings...
Jul 10 13:20:30 localhost app-44: [AppBase] <> INFO  killMatchingSessions()
Jul 10 14:00:50 localhost app-44: [ThreatPreventionApp] <> INFO  Loading Settings...
Jul 10 14:00:50 localhost app-44: [AppBase] <> INFO  killMatchingSessions()
Jul 10 14:01:18 localhost app-44: [ThreatPreventionApp] <> INFO  Loading Settings...
Jul 10 14:01:18 localhost app-44: [AppBase] <> INFO  killMatchingSessions()
Jul 10 14:59:38 localhost app-44: [ThreatPreventionApp] <> INFO  Loading Settings...
Jul 10 14:59:38 localhost app-44: [AppBase] <> INFO  killMatchingSessions()
Jul 10 15:06:39 localhost app-44: [ThreatPreventionApp] <> INFO  Loading Settings...
Jul 10 15:06:39 localhost app-44: [AppBase] <> INFO  killMatchingSessions()
Jul 13 09:00:24 localhost app-44: [ThreatPreventionApp] <> INFO  Loading Settings...
Jul 13 09:00:24 localhost app-44: [AppBase] <> INFO  killMatchingSessions()
Jul 13 10:10:18 localhost app-44: [ThreatPreventionApp] <> INFO  Loading Settings...
Jul 13 10:10:18 localhost app-44: [AppBase] <> INFO  killMatchingSessions()
Jul 13 15:19:24 localhost app-44: [ThreatPreventionApp] <> INFO  Loading Settings...
Jul 13 15:19:24 localhost app-44: [AppBase] <> INFO  killMatchingSessions()
Jul 14 08:59:03 localhost app-44: [ThreatPreventionApp] <> INFO  Loading Settings...
Jul 14 08:59:03 localhost app-44: [AppBase] <> INFO  killMatchingSessions()
Jul 14 09:08:28 localhost app-44: [ThreatPreventionApp] <> INFO  Loading Settings...
Jul 14 09:08:28 localhost app-44: [AppBase] <> INFO  killMatchingSessions()
Jul 14 09:30:08 localhost app-44: [ThreatPreventionApp] <> INFO  Loading Settings...
Jul 14 09:30:08 localhost app-44: [AppBase] <> INFO  killMatchingSessions()
Jul 14 10:05:56 localhost app-44: [ThreatPreventionApp] <> INFO  Loading Settings...
Jul 14 10:05:56 localhost app-44: [AppBase] <> INFO  killMatchingSessions()
