Apr 10 11:20:07 localhost app-62: [WireguardVpnApp] <> INFO  Initializing Settings...
Apr 10 11:20:07 localhost app-62: [WireguardVpnApp] <> INFO  Creating the default settings...
Apr 10 11:20:07 localhost app-62: [WireguardVpnApp] <> WARN  com.untangle.app.wireguard_vpn.WireguardVpnManager@75179739
Apr 10 11:20:07 localhost app-62: [WireguardVpnApp] <> WARN  com.untangle.app.wireguard_vpn.WireguardVpnManager@75179739
Apr 10 11:20:09 localhost app-62: [WireguardVpnManager] <> WARN  reconfigure: sync-settings: HostsManager: Wrote /tmp/tmppjvcrh18/etc/hostname
Apr 10 11:20:09 localhost app-62: [WireguardVpnManager] <> WARN  reconfigure: sync-settings: HostsManager: Wrote /tmp/tmppjvcrh18/etc/hosts
Apr 10 11:20:09 localhost app-62: [WireguardVpnManager] <> WARN  reconfigure: sync-settings: HostsManager: Wrote /tmp/tmppjvcrh18/etc/resolv.conf
Apr 10 11:20:09 localhost app-62: [WireguardVpnManager] <> WARN  reconfigure: sync-settings: HostsManager: Wrote /tmp/tmppjvcrh18/etc/mailname
Apr 10 11:20:09 localhost app-62: [WireguardVpnManager] <> WARN  reconfigure: sync-settings: HostsManager: Wrote /tmp/tmppjvcrh18/etc/untangle/pre-network-hook.d/001-sethostname
Apr 10 11:20:09 localhost app-62: [WireguardVpnManager] <> WARN  reconfigure: sync-settings: InterfacesManager: Wrote /tmp/tmppjvcrh18/etc/network/interfaces
Apr 10 11:20:09 localhost app-62: [WireguardVpnManager] <> WARN  reconfigure: sync-settings: InterfacesManager: Wrote /tmp/tmppjvcrh18/etc/untangle/iptables-rules.d/100-interface-marks
Apr 10 11:20:09 localhost app-62: [WireguardVpnManager] <> WARN  reconfigure: sync-settings: InterfacesManager: Wrote /tmp/tmppjvcrh18/etc/untangle/pre-network-hook.d/045-interfaces
Apr 10 11:20:09 localhost app-62: [WireguardVpnManager] <> WARN  reconfigure: sync-settings: WirelessManager: Wrote /tmp/tmppjvcrh18/etc/default/crda
Apr 10 11:20:09 localhost app-62: [WireguardVpnManager] <> WARN  reconfigure: sync-settings: DnsMasqManager: Wrote /tmp/tmppjvcrh18/etc/hosts.dnsmasq
Apr 10 11:20:09 localhost app-62: [WireguardVpnManager] <> WARN  reconfigure: sync-settings: DnsMasqManager: Wrote /tmp/tmppjvcrh18/etc/dnsmasq.d/dhcp-static
Apr 10 11:20:09 localhost app-62: [WireguardVpnManager] <> WARN  reconfigure: sync-settings: DnsMasqManager: Wrote /tmp/tmppjvcrh18/etc/dnsmasq.conf
Apr 10 11:20:09 localhost app-62: [WireguardVpnManager] <> WARN  reconfigure: sync-settings: DnsMasqManager: Wrote /tmp/tmppjvcrh18/etc/untangle/post-network-hook.d/990-restart-dnsmasq
Apr 10 11:20:09 localhost app-62: [WireguardVpnManager] <> WARN  reconfigure: sync-settings: NatRulesManager: Wrote /tmp/tmppjvcrh18/etc/untangle/iptables-rules.d/220-nat-rules
Apr 10 11:20:09 localhost app-62: [WireguardVpnManager] <> WARN  reconfigure: sync-settings: FilterRulesManager: Wrote /tmp/tmppjvcrh18/etc/untangle/iptables-rules.d/240-filter-rules
Apr 10 11:20:09 localhost app-62: [WireguardVpnManager] <> WARN  reconfigure: sync-settings: IptablesManager: Wrote /tmp/tmppjvcrh18/etc/untangle/iptables-rules.d/010-flush
Apr 10 11:20:09 localhost app-62: [WireguardVpnManager] <> WARN  reconfigure: sync-settings: IptablesManager: Wrote /tmp/tmppjvcrh18/etc/untangle/iptables-rules.d/011-helpers
Apr 10 11:20:09 localhost app-62: [WireguardVpnManager] <> WARN  reconfigure: sync-settings: IptablesManager: Wrote /tmp/tmppjvcrh18/etc/untangle/post-network-hook.d/960-iptables
Apr 10 11:20:09 localhost app-62: [WireguardVpnManager] <> WARN  reconfigure: sync-settings: PortForwardManager: Wrote /tmp/tmppjvcrh18/etc/untangle/iptables-rules.d/230-port-forward-rules
Apr 10 11:20:09 localhost app-62: [WireguardVpnManager] <> WARN  reconfigure: sync-settings: PortForwardManager: Wrote /tmp/tmppjvcrh18/etc/untangle/iptables-rules.d/250-admin-port-rules
Apr 10 11:20:09 localhost app-62: [WireguardVpnManager] <> WARN  reconfigure: sync-settings: BypassRulesManager: Wrote /tmp/tmppjvcrh18/etc/untangle/iptables-rules.d/210-bypass-rules
Apr 10 11:20:09 localhost app-62: [WireguardVpnManager] <> WARN  reconfigure: sync-settings: EthernetManager: Wrote /tmp/tmppjvcrh18/etc/untangle/pre-network-hook.d/015-ethernet-media
Apr 10 11:20:09 localhost app-62: [WireguardVpnManager] <> WARN  reconfigure: sync-settings: SysctlManager: Wrote /tmp/tmppjvcrh18/etc/untangle/post-network-hook.d/010-sysctl
Apr 10 11:20:09 localhost app-62: [WireguardVpnManager] <> WARN  reconfigure: sync-settings: KernelManager: Wrote /tmp/tmppjvcrh18/etc/untangle/post-network-hook.d/011-kernel
Apr 10 11:20:09 localhost app-62: [WireguardVpnManager] <> WARN  reconfigure: sync-settings: ArpManager: Wrote /tmp/tmppjvcrh18/etc/untangle/post-network-hook.d/025-arp
Apr 10 11:20:09 localhost app-62: [WireguardVpnManager] <> WARN  reconfigure: sync-settings: RouteManager: Wrote /tmp/tmppjvcrh18/etc/iproute2/rt_tables
Apr 10 11:20:09 localhost app-62: [WireguardVpnManager] <> WARN  reconfigure: sync-settings: RouteManager: Wrote /tmp/tmppjvcrh18/etc/untangle/post-network-hook.d/030-routes
Apr 10 11:20:09 localhost app-62: [WireguardVpnManager] <> WARN  reconfigure: sync-settings: RouteManager: Wrote /tmp/tmppjvcrh18/etc/untangle/pre-network-hook.d/030-routes
Apr 10 11:20:09 localhost app-62: [WireguardVpnManager] <> WARN  reconfigure: sync-settings: DhcpManager: Wrote /tmp/tmppjvcrh18/etc/dhcp/dhclient-exit-hooks.d/untangle-dhclient-exit-hook
Apr 10 11:20:09 localhost app-62: [WireguardVpnManager] <> WARN  reconfigure: sync-settings: DhcpManager: Wrote /tmp/tmppjvcrh18/etc/dhcp/dhclient-enter-hooks.d/untangle-dhclient-enter-hook
Apr 10 11:20:09 localhost app-62: [WireguardVpnManager] <> WARN  reconfigure: sync-settings: DhcpManager: Wrote /tmp/tmppjvcrh18/etc/untangle/pre-network-hook.d/035-dhcp
Apr 10 11:20:09 localhost app-62: [WireguardVpnManager] <> WARN  reconfigure: sync-settings: DhcpManager: Wrote /tmp/tmppjvcrh18/etc/dhcp/dhclient-exit-hooks.d/ddclient
Apr 10 11:20:09 localhost app-62: [WireguardVpnManager] <> WARN  reconfigure: sync-settings: VrrpManager: Wrote /tmp/tmppjvcrh18/etc/keepalived/keepalived.conf
Apr 10 11:20:09 localhost app-62: [WireguardVpnManager] <> WARN  reconfigure: sync-settings: VrrpManager: Wrote /tmp/tmppjvcrh18/etc/untangle/post-network-hook.d/200-vrrp
Apr 10 11:20:09 localhost app-62: [WireguardVpnManager] <> WARN  reconfigure: sync-settings: VrrpManager: Wrote /tmp/tmppjvcrh18/etc/untangle/iptables-rules.d/241-vrrp-rules
Apr 10 11:20:09 localhost app-62: [WireguardVpnManager] <> WARN  reconfigure: sync-settings: RadvdManager: Wrote /tmp/tmppjvcrh18/etc/radvd.conf
Apr 10 11:20:09 localhost app-62: [WireguardVpnManager] <> WARN  reconfigure: sync-settings: RadvdManager: Wrote /tmp/tmppjvcrh18/etc/untangle/post-network-hook.d/990-restart-radvd
Apr 10 11:20:09 localhost app-62: [WireguardVpnManager] <> WARN  reconfigure: sync-settings: PPPoEManager: Wrote /tmp/tmppjvcrh18/etc/untangle/pre-network-hook.d/040-pppoe
Apr 10 11:20:09 localhost app-62: [WireguardVpnManager] <> WARN  reconfigure: sync-settings: PPPoEManager: Wrote /tmp/tmppjvcrh18/etc/ppp/ip-up.d/99-untangle
Apr 10 11:20:09 localhost app-62: [WireguardVpnManager] <> WARN  reconfigure: sync-settings: QosManager: Wrote /tmp/tmppjvcrh18/etc/untangle/iptables-rules.d/300-qos
Apr 10 11:20:09 localhost app-62: [WireguardVpnManager] <> WARN  reconfigure: sync-settings: DdclientManager: Wrote /tmp/tmppjvcrh18/etc/ddclient.conf
Apr 10 11:20:09 localhost app-62: [WireguardVpnManager] <> WARN  reconfigure: sync-settings: DdclientManager: Wrote /tmp/tmppjvcrh18/etc/default/ddclient
Apr 10 11:20:09 localhost app-62: [WireguardVpnManager] <> WARN  reconfigure: sync-settings: DdclientManager: Wrote /tmp/tmppjvcrh18/etc/untangle/post-network-hook.d/990-restart-ddclient
Apr 10 11:20:09 localhost app-62: [WireguardVpnManager] <> WARN  reconfigure: sync-settings: EbtablesManager: Wrote /tmp/tmppjvcrh18/etc/untangle/iptables-rules.d/020-ebtables
Apr 10 11:20:09 localhost app-62: [WireguardVpnManager] <> WARN  reconfigure: sync-settings: UpnpManager: Wrote /tmp/tmppjvcrh18/etc/miniupnpd/miniupnpd.conf
Apr 10 11:20:09 localhost app-62: [WireguardVpnManager] <> WARN  reconfigure: sync-settings: UpnpManager: Wrote /tmp/tmppjvcrh18/etc/untangle/post-network-hook.d/990-restart-upnp
Apr 10 11:20:09 localhost app-62: [WireguardVpnManager] <> WARN  reconfigure: sync-settings: UpnpManager: Wrote /tmp/tmppjvcrh18/etc/untangle/iptables-rules.d/741-upnp
Apr 10 11:20:09 localhost app-62: [WireguardVpnManager] <> WARN  reconfigure: sync-settings: UpnpManager: Wrote /tmp/tmppjvcrh18/etc/miniupnpd/iptables_init.sh
Apr 10 11:20:09 localhost app-62: [WireguardVpnManager] <> WARN  reconfigure: sync-settings: UpnpManager: Wrote /tmp/tmppjvcrh18/etc/miniupnpd/ip6tables_init.sh
Apr 10 11:20:09 localhost app-62: [WireguardVpnManager] <> WARN  reconfigure: sync-settings: NetflowManager: Wrote /tmp/tmppjvcrh18/etc/default/softflowd
Apr 10 11:20:09 localhost app-62: [WireguardVpnManager] <> WARN  reconfigure: sync-settings: NetflowManager: Wrote /tmp/tmppjvcrh18/etc/untangle/post-network-hook.d/990-restart-softflowd
Apr 10 11:20:09 localhost app-62: [WireguardVpnManager] <> WARN  reconfigure: sync-settings: DynamicRoutingManager: Wrote /tmp/tmppjvcrh18/etc/untangle/post-network-hook.d/990-restart-quagga
Apr 10 11:20:09 localhost app-62: [WireguardVpnManager] <> WARN  reconfigure: sync-settings: IntrusionPreventionManager: Wrote /tmp/tmppjvcrh18/etc/untangle/iptables-rules.d/740-suricata
Apr 10 11:20:09 localhost app-62: [WireguardVpnManager] <> WARN  reconfigure: sync-settings: WireguardManager: Wrote /tmp/tmppjvcrh18/etc/wireguard/wg0.conf
Apr 10 11:20:09 localhost app-62: [WireguardVpnManager] <> WARN  reconfigure: sync-settings: WireguardManager: Wrote /tmp/tmppjvcrh18/etc/untangle/iptables-rules.d/720-wireguard-vpn
Apr 10 11:20:09 localhost app-62: [WireguardVpnManager] <> WARN  reconfigure: sync-settings: Syncing to system...
Apr 10 11:20:09 localhost app-62: [WireguardVpnManager] <> WARN  reconfigure: sync-settings: New files:
Apr 10 11:20:09 localhost app-62: [WireguardVpnManager] <> WARN  reconfigure: sync-settings: /etc/untangle/iptables-rules.d/720-wireguard-vpn
Apr 10 11:20:09 localhost app-62: [WireguardVpnManager] <> WARN  reconfigure: sync-settings: /etc/wireguard/wg0.conf
Apr 10 11:20:09 localhost app-62: [WireguardVpnManager] <> WARN  reconfigure: sync-settings: Required operations: 
Apr 10 11:20:09 localhost app-62: [WireguardVpnManager] <> WARN  reconfigure: sync-settings: restart-iptables
Apr 10 11:20:09 localhost app-62: [WireguardVpnManager] <> WARN  reconfigure: sync-settings: restart-wireguard
Apr 10 11:20:09 localhost app-62: [WireguardVpnManager] <> WARN  reconfigure: sync-settings: Running operations pre_commands...
Apr 10 11:20:09 localhost app-62: [WireguardVpnManager] <> WARN  reconfigure: sync-settings: Copying files...
Apr 10 11:20:09 localhost app-62: [WireguardVpnManager] <> WARN  reconfigure: sync-settings: Running operations post_commands...
Apr 10 11:20:09 localhost app-62: [WireguardVpnManager] <> WARN  reconfigure: sync-settings: [restart-iptables]: /etc/untangle/post-network-hook.d/960-iptables
Apr 10 11:20:09 localhost app-62: [WireguardVpnManager] <> WARN  reconfigure: sync-settings: [Fri 10 Apr 2020 11:20:08 AM EDT] 960-iptables Running /etc/untangle/iptables-rules.d scripts ...
Apr 10 11:20:09 localhost app-62: [WireguardVpnManager] <> WARN  reconfigure: sync-settings: [Fri 10 Apr 2020 11:20:08 AM EDT] 960-iptables /etc/untangle/iptables-rules.d/010-flush Running ...
Apr 10 11:20:09 localhost app-62: [WireguardVpnManager] <> WARN  reconfigure: sync-settings: [Fri 10 Apr 2020 11:20:08 AM EDT] 960-iptables /etc/untangle/iptables-rules.d/010-flush Complete: 0 (took 66 msec)
Apr 10 11:20:09 localhost app-62: [WireguardVpnManager] <> WARN  reconfigure: sync-settings: [Fri 10 Apr 2020 11:20:08 AM EDT] 960-iptables /etc/untangle/iptables-rules.d/011-helpers Running ...
Apr 10 11:20:09 localhost app-62: [WireguardVpnManager] <> WARN  reconfigure: sync-settings: [Fri 10 Apr 2020 11:20:08 AM EDT] 960-iptables /etc/untangle/iptables-rules.d/011-helpers Complete: 0 (took 7 msec)
Apr 10 11:20:09 localhost app-62: [WireguardVpnManager] <> WARN  reconfigure: sync-settings: [Fri 10 Apr 2020 11:20:08 AM EDT] 960-iptables /etc/untangle/iptables-rules.d/020-ebtables Running ...
Apr 10 11:20:09 localhost app-62: [WireguardVpnManager] <> WARN  reconfigure: sync-settings: [Fri 10 Apr 2020 11:20:08 AM EDT] 960-iptables /etc/untangle/iptables-rules.d/020-ebtables Complete: 0 (took 6 msec)
Apr 10 11:20:09 localhost app-62: [WireguardVpnManager] <> WARN  reconfigure: sync-settings: [Fri 10 Apr 2020 11:20:08 AM EDT] 960-iptables /etc/untangle/iptables-rules.d/100-interface-marks Running ...
Apr 10 11:20:09 localhost app-62: [WireguardVpnManager] <> WARN  reconfigure: sync-settings: [Fri 10 Apr 2020 11:20:08 AM EDT] 960-iptables /etc/untangle/iptables-rules.d/100-interface-marks Complete: 0 (took 110 msec)
Apr 10 11:20:09 localhost app-62: [WireguardVpnManager] <> WARN  reconfigure: sync-settings: [Fri 10 Apr 2020 11:20:08 AM EDT] 960-iptables /etc/untangle/iptables-rules.d/210-bypass-rules Running ...
Apr 10 11:20:09 localhost app-62: [WireguardVpnManager] <> WARN  reconfigure: sync-settings: [Fri 10 Apr 2020 11:20:08 AM EDT] 960-iptables /etc/untangle/iptables-rules.d/210-bypass-rules Complete: 0 (took 54 msec)
Apr 10 11:20:09 localhost app-62: [WireguardVpnManager] <> WARN  reconfigure: sync-settings: [Fri 10 Apr 2020 11:20:08 AM EDT] 960-iptables /etc/untangle/iptables-rules.d/220-nat-rules Running ...
Apr 10 11:20:09 localhost app-62: [WireguardVpnManager] <> WARN  reconfigure: sync-settings: [Fri 10 Apr 2020 11:20:08 AM EDT] 960-iptables /etc/untangle/iptables-rules.d/220-nat-rules Complete: 0 (took 37 msec)
Apr 10 11:20:09 localhost app-62: [WireguardVpnManager] <> WARN  reconfigure: sync-settings: [Fri 10 Apr 2020 11:20:08 AM EDT] 960-iptables /etc/untangle/iptables-rules.d/230-port-forward-rules Running ...
Apr 10 11:20:09 localhost app-62: [WireguardVpnManager] <> WARN  reconfigure: sync-settings: [Fri 10 Apr 2020 11:20:08 AM EDT] 960-iptables /etc/untangle/iptables-rules.d/230-port-forward-rules Complete: 0 (took 7 msec)
Apr 10 11:20:09 localhost app-62: [WireguardVpnManager] <> WARN  reconfigure: sync-settings: [Fri 10 Apr 2020 11:20:08 AM EDT] 960-iptables /etc/untangle/iptables-rules.d/240-filter-rules Running ...
Apr 10 11:20:09 localhost app-62: [WireguardVpnManager] <> WARN  reconfigure: sync-settings: [Fri 10 Apr 2020 11:20:08 AM EDT] 960-iptables /etc/untangle/iptables-rules.d/240-filter-rules Complete: 0 (took 435 msec)
Apr 10 11:20:09 localhost app-62: [WireguardVpnManager] <> WARN  reconfigure: sync-settings: [Fri 10 Apr 2020 11:20:08 AM EDT] 960-iptables /etc/untangle/iptables-rules.d/241-vrrp-rules Running ...
Apr 10 11:20:09 localhost app-62: [WireguardVpnManager] <> WARN  reconfigure: sync-settings: [Fri 10 Apr 2020 11:20:08 AM EDT] 960-iptables /etc/untangle/iptables-rules.d/241-vrrp-rules Complete: 0 (took 0 msec)
Apr 10 11:20:09 localhost app-62: [WireguardVpnManager] <> WARN  reconfigure: sync-settings: [Fri 10 Apr 2020 11:20:08 AM EDT] 960-iptables /etc/untangle/iptables-rules.d/250-admin-port-rules Running ...
Apr 10 11:20:09 localhost app-62: [WireguardVpnManager] <> WARN  reconfigure: sync-settings: [Fri 10 Apr 2020 11:20:08 AM EDT] 960-iptables /etc/untangle/iptables-rules.d/250-admin-port-rules Complete: 0 (took 19 msec)
Apr 10 11:20:09 localhost app-62: [WireguardVpnManager] <> WARN  reconfigure: sync-settings: [Fri 10 Apr 2020 11:20:08 AM EDT] 960-iptables /etc/untangle/iptables-rules.d/300-qos Running ...
Apr 10 11:20:09 localhost app-62: [WireguardVpnManager] <> WARN  reconfigure: sync-settings: [Fri 10 Apr 2020 11:20:08 AM EDT] 960-iptables /etc/untangle/iptables-rules.d/300-qos Complete: 0 (took 52 msec)
Apr 10 11:20:09 localhost app-62: [WireguardVpnManager] <> WARN  reconfigure: sync-settings: [Fri 10 Apr 2020 11:20:08 AM EDT] 960-iptables /etc/untangle/iptables-rules.d/600-shield Running ...
Apr 10 11:20:09 localhost app-62: [WireguardVpnManager] <> WARN  reconfigure: sync-settings: [Fri 10 Apr 2020 11:20:08 AM EDT] 960-iptables /etc/untangle/iptables-rules.d/600-shield Complete: 0 (took 55 msec)
Apr 10 11:20:09 localhost app-62: [WireguardVpnManager] <> WARN  reconfigure: sync-settings: [Fri 10 Apr 2020 11:20:08 AM EDT] 960-iptables /etc/untangle/iptables-rules.d/720-wireguard-vpn Running ...
Apr 10 11:20:09 localhost app-62: [WireguardVpnManager] <> WARN  reconfigure: sync-settings: [Fri 10 Apr 2020 11:20:09 AM EDT] 960-iptables /etc/untangle/iptables-rules.d/720-wireguard-vpn Complete: 0 (took 19 msec)
Apr 10 11:20:09 localhost app-62: [WireguardVpnManager] <> WARN  reconfigure: sync-settings: [Fri 10 Apr 2020 11:20:09 AM EDT] 960-iptables /etc/untangle/iptables-rules.d/740-suricata Running ...
Apr 10 11:20:09 localhost app-62: [WireguardVpnManager] <> WARN  reconfigure: sync-settings: Missing iptablesProcessing!
Apr 10 11:20:09 localhost app-62: [WireguardVpnManager] <> WARN  reconfigure: sync-settings: [Fri 10 Apr 2020 11:20:09 AM EDT] 960-iptables /etc/untangle/iptables-rules.d/740-suricata Complete: 0 (took 2 msec)
Apr 10 11:20:09 localhost app-62: [WireguardVpnManager] <> WARN  reconfigure: sync-settings: [Fri 10 Apr 2020 11:20:09 AM EDT] 960-iptables /etc/untangle/iptables-rules.d/741-upnp Running ...
Apr 10 11:20:09 localhost app-62: [WireguardVpnManager] <> WARN  reconfigure: sync-settings: [Fri 10 Apr 2020 11:20:09 AM EDT] 960-iptables /etc/untangle/iptables-rules.d/741-upnp Complete: 0 (took 19 msec)
Apr 10 11:20:09 localhost app-62: [WireguardVpnManager] <> WARN  reconfigure: sync-settings: [Fri 10 Apr 2020 11:20:09 AM EDT] 960-iptables /etc/untangle/iptables-rules.d/800-uvm Running ...
Apr 10 11:20:09 localhost app-62: [WireguardVpnManager] <> WARN  reconfigure: sync-settings: [Fri 10 Apr 2020 11:20:09 AM EDT] untangle-vm is running. Inserting iptables rules.
Apr 10 11:20:09 localhost app-62: [WireguardVpnManager] <> WARN  reconfigure: sync-settings: [Fri 10 Apr 2020 11:20:09 AM EDT] 960-iptables /etc/untangle/iptables-rules.d/800-uvm Complete: 0 (took 88 msec)
Apr 10 11:20:09 localhost app-62: [WireguardVpnManager] <> WARN  reconfigure: sync-settings: [Fri 10 Apr 2020 11:20:09 AM EDT] 960-iptables Running /etc/untangle/iptables-rules.d scripts done.
Apr 10 11:20:09 localhost app-62: [WireguardVpnManager] <> WARN  reconfigure: sync-settings: [restart-iptables]: /etc/untangle/post-network-hook.d/960-iptables done. [1.06s]
Apr 10 11:20:09 localhost app-62: [WireguardVpnManager] <> WARN  reconfigure: sync-settings: [restart-iptables]: /usr/bin/systemctl-wait
Apr 10 11:20:09 localhost app-62: [WireguardVpnManager] <> WARN  reconfigure: sync-settings: [restart-iptables]: /usr/bin/systemctl-wait done. [0.01s]
Apr 10 11:20:09 localhost app-62: [WireguardVpnManager] <> WARN  reconfigure: sync-settings: [restart-wireguard]: /usr/bin/systemctl-wait
Apr 10 11:20:09 localhost app-62: [WireguardVpnManager] <> WARN  reconfigure: sync-settings: [restart-wireguard]: /usr/bin/systemctl-wait done. [0.01s]
Apr 10 11:20:09 localhost app-62: [WireguardVpnManager] <> WARN  reconfigure: sync-settings: Done.
Apr 10 11:20:09 localhost app-62: [WireguardVpnManager] <> INFO  Stopping Wireguard interface and tunnels
Apr 10 11:20:09 localhost app-62: [WireguardVpnManager] <> INFO  /usr/bin/wg-quick: 
Apr 10 11:20:09 localhost app-62: [WireguardVpnManager] <> INFO  /usr/bin/wg-quick: /bin/sh: 1: /usr/bin/wg-quick: not found
Apr 10 11:20:09 localhost app-62: [WireguardVpnManager] <> ERROR Failed calling Wireguard start script (return code: 127)
Apr 10 11:20:09 localhost app-62: [WireguardVpnManager] <> INFO  /etc/untangle/iptables-rules.d/720-wireguard-vpn: 
Apr 10 11:20:09 localhost app-62: [WireguardVpnManager] <> INFO  /etc/untangle/iptables-rules.d/720-wireguard-vpn: 
Apr 10 11:20:09 localhost app-62: [WireguardVpnManager] <> INFO  Starting Wireguard interface and tunnels
Apr 10 11:20:09 localhost app-62: [WireguardVpnManager] <> INFO  /usr/bin/wg-quick: 
Apr 10 11:20:09 localhost app-62: [WireguardVpnManager] <> INFO  /usr/bin/wg-quick: /bin/sh: 1: /usr/bin/wg-quick: not found
Apr 10 11:20:09 localhost app-62: [WireguardVpnManager] <> ERROR Failed calling Wireguard start script (return code: 127)
Apr 10 11:20:09 localhost app-62: [WireguardVpnManager] <> INFO  /etc/untangle/iptables-rules.d/720-wireguard-vpn: 
Apr 10 11:20:09 localhost app-62: [WireguardVpnManager] <> INFO  /etc/untangle/iptables-rules.d/720-wireguard-vpn: 
Apr 10 11:20:09 localhost app-62: [WireguardVpnApp] <> INFO  Loading Settings...
Apr 13 14:46:59 localhost app-62: [WireguardVpnApp] <> INFO  Loading Settings...
Apr 20 10:07:30 localhost app-62: [AppBase] <> INFO  No valid license for: wireguard-vpn
Apr 20 10:07:30 localhost app-62: [AppBase] <> INFO  Requesting trial for: wireguard-vpn
Apr 20 10:07:30 localhost app-62: [WireguardVpnApp] <> INFO  Loading Settings...
Apr 20 15:34:46 localhost app-62: [WireguardVpnApp] <> INFO  Loading Settings...
Apr 20 15:37:16 localhost app-62: [AppBase] <> INFO  No valid license for: wireguard-vpn
Apr 20 15:37:16 localhost app-62: [AppBase] <> INFO  Requesting trial for: wireguard-vpn
Apr 20 15:37:16 localhost app-62: [WireguardVpnApp] <> INFO  Loading Settings...
Apr 20 15:39:35 localhost app-62: [WireguardVpnApp] <> INFO  Loading Settings...
Apr 20 15:40:56 localhost app-62: [WireguardVpnApp] <> INFO  Loading Settings...
Apr 21 11:49:36 localhost app-62: [AppBase] <> INFO  No valid license for: wireguard-vpn
Apr 21 11:49:36 localhost app-62: [AppBase] <> INFO  Requesting trial for: wireguard-vpn
Apr 21 11:49:37 localhost app-62: [WireguardVpnApp] <> INFO  Loading Settings...
Apr 21 12:20:28 localhost app-62: [AppBase] <> INFO  No valid license for: wireguard-vpn
Apr 21 12:20:28 localhost app-62: [AppBase] <> INFO  Requesting trial for: wireguard-vpn
Apr 21 12:20:28 localhost app-62: [WireguardVpnApp] <> INFO  Loading Settings...
Apr 21 14:26:08 localhost app-62: [WireguardVpnApp] <> INFO  Loading Settings...
Apr 21 14:31:49 localhost app-62: [AppBase] <> INFO  No valid license for: wireguard-vpn
Apr 21 14:31:49 localhost app-62: [AppBase] <> INFO  Requesting trial for: wireguard-vpn
Apr 21 14:31:49 localhost app-62: [WireguardVpnApp] <> INFO  Loading Settings...
Apr 21 14:46:32 localhost app-62: [AppBase] <> INFO  No valid license for: wireguard-vpn
Apr 21 14:46:32 localhost app-62: [AppBase] <> INFO  Requesting trial for: wireguard-vpn
Apr 21 14:46:32 localhost app-62: [WireguardVpnApp] <> INFO  Loading Settings...
Apr 21 14:47:01 localhost app-62: [AppBase] <> INFO  No valid license for: wireguard-vpn
Apr 21 14:47:01 localhost app-62: [AppBase] <> INFO  Requesting trial for: wireguard-vpn
Apr 21 14:47:01 localhost app-62: [WireguardVpnApp] <> INFO  Loading Settings...
Apr 21 14:50:03 localhost app-62: [AppBase] <> INFO  No valid license for: wireguard-vpn
Apr 21 14:50:03 localhost app-62: [AppBase] <> INFO  Requesting trial for: wireguard-vpn
Apr 21 14:50:03 localhost app-62: [WireguardVpnApp] <> INFO  Loading Settings...
Apr 21 14:50:40 localhost app-62: [AppBase] <> INFO  No valid license for: wireguard-vpn
Apr 21 14:50:40 localhost app-62: [AppBase] <> INFO  Requesting trial for: wireguard-vpn
Apr 21 14:50:40 localhost app-62: [WireguardVpnApp] <> INFO  Loading Settings...
Apr 21 14:51:59 localhost app-62: [WireguardVpnApp] <> INFO  Loading Settings...
Apr 21 17:07:43 localhost app-62: [WireguardVpnApp] <> INFO  Loading Settings...
Apr 23 09:21:17 localhost app-62: [AppBase] <> INFO  No valid license for: wireguard-vpn
Apr 23 09:21:17 localhost app-62: [AppBase] <> INFO  Requesting trial for: wireguard-vpn
Apr 23 09:21:18 localhost app-62: [WireguardVpnApp] <> INFO  Loading Settings...
Apr 23 09:34:32 localhost app-62: [AppBase] <> INFO  No valid license for: wireguard-vpn
Apr 23 09:34:32 localhost app-62: [AppBase] <> INFO  Requesting trial for: wireguard-vpn
Apr 23 09:34:32 localhost app-62: [WireguardVpnApp] <> INFO  Loading Settings...
Apr 23 09:42:40 localhost app-62: [WireguardVpnApp] <> INFO  Loading Settings...
Apr 23 09:43:53 localhost app-62: [AppBase] <> INFO  No valid license for: wireguard-vpn
Apr 23 09:43:53 localhost app-62: [AppBase] <> INFO  Requesting trial for: wireguard-vpn
Apr 23 09:43:53 localhost app-62: [WireguardVpnApp] <> INFO  Loading Settings...
Apr 23 09:45:07 localhost app-62: [AppBase] <> INFO  No valid license for: wireguard-vpn
Apr 23 09:45:07 localhost app-62: [AppBase] <> INFO  Requesting trial for: wireguard-vpn
Apr 23 09:45:07 localhost app-62: [WireguardVpnApp] <> INFO  Loading Settings...
Apr 23 09:52:02 localhost app-62: [AppBase] <> INFO  No valid license for: wireguard-vpn
Apr 23 09:52:02 localhost app-62: [AppBase] <> INFO  Requesting trial for: wireguard-vpn
Apr 23 09:52:02 localhost app-62: [WireguardVpnApp] <> INFO  Loading Settings...
Apr 23 09:55:15 localhost app-62: [WireguardVpnApp] <> INFO  Loading Settings...
Sep 25 09:20:09 localhost app-62: [UnblockedSitesMonitor] <> INFO  UnblockedSitesMonitor initializing
Sep 25 09:20:10 localhost app-62: [AppBase] <> INFO  Starting   web-filter [62] ...
Sep 25 09:23:48 localhost app-62: [UnblockedSitesMonitor] <> INFO  UnblockedSitesMonitor initializing
Sep 25 09:23:49 localhost app-62: [AppBase] <> INFO  No valid license for: web-filter
Sep 25 09:23:49 localhost app-62: [AppBase] <> INFO  Requesting trial for: web-filter
Sep 25 09:24:10 localhost app-62: [AppBase] <> WARN  Exception fetching trial license. Ignoring...
Sep 25 09:24:10 localhost app-62:       java.lang.Exception: Unable to fetch trial license: DNS lookup failed.
Sep 25 09:24:10 localhost app-62:       com.untangle.app.license.LicenseManagerImpl.requestTrialLicense(LicenseManagerImpl.java:493)
Sep 25 09:24:10 localhost app-62:       com.untangle.uvm.app.AppBase.init(AppBase.java:857)
Sep 25 09:24:10 localhost app-62:       com.untangle.uvm.app.AppBase.resumeState(AppBase.java:245)
Sep 25 09:24:10 localhost app-62:       com.untangle.uvm.app.AppBase.loadClass(AppBase.java:373)
Sep 25 09:24:10 localhost app-62:       com.untangle.uvm.AppManagerImpl$3.run(AppManagerImpl.java:1128)
Sep 25 09:24:10 localhost app-62:       com.untangle.uvm.UvmContextImpl$1.run(UvmContextImpl.java:654)
Sep 25 09:24:10 localhost app-62:       java.base/java.lang.Thread.run(Thread.java:834)
Sep 25 09:24:10 localhost app-62: [AppBase] <> INFO  Starting   web-filter [62] ...
Sep 25 09:24:10 localhost app-62: [AppBase] <> WARN  Exception in preStart(). Reverting to INITIALIZED state.
Sep 25 09:24:10 localhost app-62:       java.lang.RuntimeException: invalid license
Sep 25 09:24:10 localhost app-62:       com.untangle.app.web_filter.WebFilterApp.preStart(WebFilterApp.java:119)
Sep 25 09:24:10 localhost app-62:       com.untangle.uvm.app.AppBase.start(AppBase.java:909)
Sep 25 09:24:10 localhost app-62:       com.untangle.uvm.app.AppBase.resumeState(AppBase.java:246)
Sep 25 09:24:10 localhost app-62:       com.untangle.uvm.app.AppBase.loadClass(AppBase.java:373)
Sep 25 09:24:10 localhost app-62:       com.untangle.uvm.AppManagerImpl$3.run(AppManagerImpl.java:1128)
Sep 25 09:24:10 localhost app-62:       com.untangle.uvm.UvmContextImpl$1.run(UvmContextImpl.java:654)
Sep 25 09:24:10 localhost app-62:       java.base/java.lang.Thread.run(Thread.java:834)
Sep 25 09:27:24 localhost app-62: [UnblockedSitesMonitor] <> INFO  UnblockedSitesMonitor initializing
Sep 25 09:27:24 localhost app-62: [AppBase] <> INFO  No valid license for: web-filter
Sep 25 09:27:24 localhost app-62: [AppBase] <> INFO  Requesting trial for: web-filter
Sep 25 09:27:46 localhost app-62: [AppBase] <> WARN  Exception fetching trial license. Ignoring...
Sep 25 09:27:46 localhost app-62:       java.lang.Exception: Unable to fetch trial license: DNS lookup failed.
Sep 25 09:27:46 localhost app-62:       com.untangle.app.license.LicenseManagerImpl.requestTrialLicense(LicenseManagerImpl.java:493)
Sep 25 09:27:46 localhost app-62:       com.untangle.uvm.app.AppBase.init(AppBase.java:857)
Sep 25 09:27:46 localhost app-62:       com.untangle.uvm.app.AppBase.resumeState(AppBase.java:245)
Sep 25 09:27:46 localhost app-62:       com.untangle.uvm.app.AppBase.loadClass(AppBase.java:373)
Sep 25 09:27:46 localhost app-62:       com.untangle.uvm.AppManagerImpl$3.run(AppManagerImpl.java:1128)
Sep 25 09:27:46 localhost app-62:       com.untangle.uvm.UvmContextImpl$1.run(UvmContextImpl.java:654)
Sep 25 09:27:46 localhost app-62:       java.base/java.lang.Thread.run(Thread.java:834)
Sep 25 09:27:46 localhost app-62: [AppBase] <> INFO  Starting   web-filter [62] ...
Sep 25 09:27:46 localhost app-62: [AppBase] <> WARN  Exception in preStart(). Reverting to INITIALIZED state.
Sep 25 09:27:46 localhost app-62:       java.lang.RuntimeException: invalid license
Sep 25 09:27:46 localhost app-62:       com.untangle.app.web_filter.WebFilterApp.preStart(WebFilterApp.java:119)
Sep 25 09:27:46 localhost app-62:       com.untangle.uvm.app.AppBase.start(AppBase.java:909)
Sep 25 09:27:46 localhost app-62:       com.untangle.uvm.app.AppBase.resumeState(AppBase.java:246)
Sep 25 09:27:46 localhost app-62:       com.untangle.uvm.app.AppBase.loadClass(AppBase.java:373)
Sep 25 09:27:46 localhost app-62:       com.untangle.uvm.AppManagerImpl$3.run(AppManagerImpl.java:1128)
Sep 25 09:27:46 localhost app-62:       com.untangle.uvm.UvmContextImpl$1.run(UvmContextImpl.java:654)
Sep 25 09:27:46 localhost app-62:       java.base/java.lang.Thread.run(Thread.java:834)
Sep 25 09:31:03 localhost app-62: [UnblockedSitesMonitor] <> INFO  UnblockedSitesMonitor initializing
Sep 25 09:31:03 localhost app-62: [AppBase] <> INFO  No valid license for: web-filter
Sep 25 09:31:03 localhost app-62: [AppBase] <> INFO  Requesting trial for: web-filter
Sep 25 09:31:25 localhost app-62: [AppBase] <> WARN  Exception fetching trial license. Ignoring...
Sep 25 09:31:25 localhost app-62:       java.lang.Exception: Unable to fetch trial license: DNS lookup failed.
Sep 25 09:31:25 localhost app-62:       com.untangle.app.license.LicenseManagerImpl.requestTrialLicense(LicenseManagerImpl.java:493)
Sep 25 09:31:25 localhost app-62:       com.untangle.uvm.app.AppBase.init(AppBase.java:857)
Sep 25 09:31:25 localhost app-62:       com.untangle.uvm.app.AppBase.resumeState(AppBase.java:245)
Sep 25 09:31:25 localhost app-62:       com.untangle.uvm.app.AppBase.loadClass(AppBase.java:373)
Sep 25 09:31:25 localhost app-62:       com.untangle.uvm.AppManagerImpl$3.run(AppManagerImpl.java:1128)
Sep 25 09:31:25 localhost app-62:       com.untangle.uvm.UvmContextImpl$1.run(UvmContextImpl.java:654)
Sep 25 09:31:25 localhost app-62:       java.base/java.lang.Thread.run(Thread.java:834)
Sep 25 09:31:27 localhost app-62: [AppBase] <> INFO  Starting   web-filter [62] ...
Sep 25 09:31:27 localhost app-62: [AppBase] <> WARN  Exception in preStart(). Reverting to INITIALIZED state.
Sep 25 09:31:27 localhost app-62:       java.lang.RuntimeException: invalid license
Sep 25 09:31:27 localhost app-62:       com.untangle.app.web_filter.WebFilterApp.preStart(WebFilterApp.java:119)
Sep 25 09:31:27 localhost app-62:       com.untangle.uvm.app.AppBase.start(AppBase.java:909)
Sep 25 09:31:27 localhost app-62:       com.untangle.uvm.app.AppBase.resumeState(AppBase.java:246)
Sep 25 09:31:27 localhost app-62:       com.untangle.uvm.app.AppBase.loadClass(AppBase.java:373)
Sep 25 09:31:27 localhost app-62:       com.untangle.uvm.AppManagerImpl$3.run(AppManagerImpl.java:1128)
Sep 25 09:31:27 localhost app-62:       com.untangle.uvm.UvmContextImpl$1.run(UvmContextImpl.java:654)
Sep 25 09:31:27 localhost app-62:       java.base/java.lang.Thread.run(Thread.java:834)
Sep 25 09:33:59 localhost app-62: [UnblockedSitesMonitor] <> INFO  UnblockedSitesMonitor initializing
Sep 25 09:33:59 localhost app-62: [AppBase] <> INFO  No valid license for: web-filter
Sep 25 09:33:59 localhost app-62: [AppBase] <> INFO  Requesting trial for: web-filter
Sep 25 09:34:18 localhost app-62: [AppBase] <> INFO  Starting   web-filter [62] ...
Sep 25 09:34:18 localhost app-62: [AppBase] <> INFO  Started    web-filter [62] ...
Sep 25 09:37:49 localhost app-62: [AppBase] <> INFO  Stopping   web-filter [62] ...
Sep 25 09:37:49 localhost app-62: [AppBase] <> INFO  Stopped    web-filter [62] ...
Sep 25 09:38:01 localhost app-62: [UnblockedSitesMonitor] <> INFO  UnblockedSitesMonitor initializing
Sep 25 09:38:03 localhost app-62: [AppBase] <> INFO  Starting   web-filter [62] ...
Sep 25 09:38:05 localhost app-62: [AppBase] <> INFO  Started    web-filter [62] ...
Sep 25 09:40:37 localhost app-62: [AppBase] <> INFO  Stopping   web-filter [62] ...
Sep 25 09:40:44 localhost app-62: [AppBase] <> INFO  Stopped    web-filter [62] ...
Sep 25 09:40:50 localhost app-62: [UnblockedSitesMonitor] <> INFO  UnblockedSitesMonitor initializing
Sep 25 09:40:50 localhost app-62: [AppBase] <> INFO  Starting   web-filter [62] ...
Sep 25 09:40:52 localhost app-62: [AppBase] <> INFO  Started    web-filter [62] ...
Sep 25 09:42:12 localhost app-62: [AppBase] <> INFO  Stopping   web-filter [62] ...
Sep 25 09:42:12 localhost app-62: [AppBase] <> INFO  Stopped    web-filter [62] ...
Sep 25 09:42:24 localhost app-62: [UnblockedSitesMonitor] <> INFO  UnblockedSitesMonitor initializing
Sep 25 09:42:25 localhost app-62: [AppBase] <> INFO  Starting   web-filter [62] ...
Sep 25 09:42:27 localhost app-62: [AppBase] <> INFO  Started    web-filter [62] ...
Sep 25 09:45:27 localhost app-62: [AppBase] <> INFO  Stopping   web-filter [62] ...
Sep 25 09:45:27 localhost app-62: [AppBase] <> INFO  Stopped    web-filter [62] ...
Sep 25 09:45:40 localhost app-62: [UnblockedSitesMonitor] <> INFO  UnblockedSitesMonitor initializing
Sep 25 09:45:41 localhost app-62: [AppBase] <> INFO  Starting   web-filter [62] ...
Sep 25 09:45:43 localhost app-62: [AppBase] <> INFO  Started    web-filter [62] ...
Sep 25 09:52:35 localhost app-62: [AppBase] <> INFO  Stopping   web-filter [62] ...
Sep 25 09:52:35 localhost app-62: [AppBase] <> INFO  Stopped    web-filter [62] ...
Sep 25 09:52:47 localhost app-62: [UnblockedSitesMonitor] <> INFO  UnblockedSitesMonitor initializing
Sep 25 09:52:48 localhost app-62: [AppBase] <> INFO  Starting   web-filter [62] ...
Sep 25 09:52:49 localhost app-62: [AppBase] <> INFO  Started    web-filter [62] ...
Sep 25 09:53:27 localhost app-62: [AppBase] <> INFO  Stopping   web-filter [62] ...
Sep 25 09:53:27 localhost app-62: [AppBase] <> INFO  Stopped    web-filter [62] ...
Sep 25 09:53:39 localhost app-62: [UnblockedSitesMonitor] <> INFO  UnblockedSitesMonitor initializing
Sep 25 09:53:40 localhost app-62: [AppBase] <> INFO  Starting   web-filter [62] ...
Sep 25 09:53:41 localhost app-62: [AppBase] <> INFO  Started    web-filter [62] ...
Sep 25 09:55:51 localhost app-62: [AppBase] <> INFO  Stopping   web-filter [62] ...
Sep 25 09:55:58 localhost app-62: [AppBase] <> INFO  Stopped    web-filter [62] ...
Sep 25 09:56:04 localhost app-62: [UnblockedSitesMonitor] <> INFO  UnblockedSitesMonitor initializing
Sep 25 09:56:05 localhost app-62: [AppBase] <> INFO  Starting   web-filter [62] ...
Sep 25 09:56:05 localhost app-62: [AppBase] <> INFO  Started    web-filter [62] ...
Sep 25 09:56:31 localhost app-62: [AppBase] <> INFO  Stopping   web-filter [62] ...
Sep 25 09:56:31 localhost app-62: [AppBase] <> INFO  Stopped    web-filter [62] ...
Sep 25 09:56:45 localhost app-62: [UnblockedSitesMonitor] <> INFO  UnblockedSitesMonitor initializing
Sep 25 09:56:46 localhost app-62: [AppBase] <> INFO  Starting   web-filter [62] ...
Sep 25 09:56:47 localhost app-62: [AppBase] <> INFO  Started    web-filter [62] ...
Sep 25 09:57:56 localhost app-62: [AppBase] <> INFO  Stopping   web-filter [62] ...
Sep 25 09:57:56 localhost app-62: [AppBase] <> INFO  Stopped    web-filter [62] ...
Sep 25 09:58:09 localhost app-62: [UnblockedSitesMonitor] <> INFO  UnblockedSitesMonitor initializing
Sep 25 09:58:10 localhost app-62: [AppBase] <> INFO  Starting   web-filter [62] ...
Sep 25 09:58:11 localhost app-62: [AppBase] <> INFO  Started    web-filter [62] ...
Sep 25 09:59:18 localhost app-62: [AppBase] <> INFO  Stopping   web-filter [62] ...
Sep 25 09:59:18 localhost app-62: [AppBase] <> INFO  Stopped    web-filter [62] ...
Sep 25 09:59:30 localhost app-62: [UnblockedSitesMonitor] <> INFO  UnblockedSitesMonitor initializing
Sep 25 09:59:31 localhost app-62: [AppBase] <> INFO  Starting   web-filter [62] ...
Sep 25 09:59:32 localhost app-62: [AppBase] <> INFO  Started    web-filter [62] ...
Sep 25 10:00:26 localhost app-62: [AppBase] <> INFO  Stopping   web-filter [62] ...
Sep 25 10:00:26 localhost app-62: [AppBase] <> INFO  Stopped    web-filter [62] ...
Sep 25 10:00:38 localhost app-62: [UnblockedSitesMonitor] <> INFO  UnblockedSitesMonitor initializing
Sep 25 10:00:41 localhost app-62: [AppBase] <> INFO  Starting   web-filter [62] ...
Sep 25 10:00:44 localhost app-62: [AppBase] <> INFO  Started    web-filter [62] ...
Sep 25 10:02:52 localhost app-62: [AppBase] <> INFO  Stopping   web-filter [62] ...
Sep 25 10:02:52 localhost app-62: [AppBase] <> INFO  Stopped    web-filter [62] ...
Sep 25 10:03:04 localhost app-62: [UnblockedSitesMonitor] <> INFO  UnblockedSitesMonitor initializing
Sep 25 10:03:05 localhost app-62: [AppBase] <> INFO  Starting   web-filter [62] ...
Sep 25 10:03:06 localhost app-62: [AppBase] <> INFO  Started    web-filter [62] ...
Sep 25 10:06:10 localhost app-62: [AppBase] <> INFO  Stopping   web-filter [62] ...
Sep 25 10:06:10 localhost app-62: [AppBase] <> INFO  Stopped    web-filter [62] ...
Sep 25 10:06:29 localhost app-62: [UnblockedSitesMonitor] <> INFO  UnblockedSitesMonitor initializing
Sep 25 10:06:30 localhost app-62: [AppBase] <> INFO  Starting   web-filter [62] ...
Sep 25 10:06:32 localhost app-62: [AppBase] <> INFO  Started    web-filter [62] ...
Sep 25 10:08:15 localhost app-62: [AppBase] <> INFO  Stopping   web-filter [62] ...
Sep 25 10:08:15 localhost app-62: [AppBase] <> INFO  Stopped    web-filter [62] ...
Sep 25 10:08:34 localhost app-62: [UnblockedSitesMonitor] <> INFO  UnblockedSitesMonitor initializing
Sep 25 10:08:35 localhost app-62: [AppBase] <> INFO  Starting   web-filter [62] ...
Sep 25 10:08:39 localhost app-62: [AppBase] <> INFO  Started    web-filter [62] ...
Sep 25 10:12:53 localhost app-62: [AppBase] <> INFO  Stopping   web-filter [62] ...
Sep 25 10:12:53 localhost app-62: [AppBase] <> INFO  Stopped    web-filter [62] ...
Sep 25 10:13:07 localhost app-62: [UnblockedSitesMonitor] <> INFO  UnblockedSitesMonitor initializing
Sep 25 10:13:08 localhost app-62: [AppBase] <> INFO  Starting   web-filter [62] ...
Sep 25 10:13:10 localhost app-62: [AppBase] <> INFO  Started    web-filter [62] ...
Sep 25 10:15:10 localhost app-62: [AppBase] <> INFO  Stopping   web-filter [62] ...
Sep 25 10:15:17 localhost app-62: [AppBase] <> INFO  Stopped    web-filter [62] ...
Sep 25 10:15:24 localhost app-62: [UnblockedSitesMonitor] <> INFO  UnblockedSitesMonitor initializing
Sep 25 10:15:24 localhost app-62: [AppBase] <> INFO  Starting   web-filter [62] ...
Sep 25 10:15:27 localhost app-62: [AppBase] <> INFO  Started    web-filter [62] ...
Sep 25 10:16:42 localhost app-62: [AppBase] <> INFO  Stopping   web-filter [62] ...
Sep 25 10:16:42 localhost app-62: [AppBase] <> INFO  Stopped    web-filter [62] ...
Sep 25 10:16:56 localhost app-62: [UnblockedSitesMonitor] <> INFO  UnblockedSitesMonitor initializing
Sep 25 10:16:57 localhost app-62: [AppBase] <> INFO  Starting   web-filter [62] ...
Sep 25 10:16:57 localhost app-62: [AppBase] <> INFO  Started    web-filter [62] ...
Sep 25 10:30:22 localhost app-62: [AppBase] <> INFO  Stopping   web-filter [62] ...
Sep 25 10:30:22 localhost app-62: [AppBase] <> INFO  Stopped    web-filter [62] ...
Sep 25 10:30:35 localhost app-62: [UnblockedSitesMonitor] <> INFO  UnblockedSitesMonitor initializing
Sep 25 10:30:36 localhost app-62: [AppBase] <> INFO  Starting   web-filter [62] ...
Sep 25 10:30:37 localhost app-62: [AppBase] <> INFO  Started    web-filter [62] ...
Sep 25 10:34:13 localhost app-62: [AppBase] <> INFO  Stopping   web-filter [62] ...
Sep 25 10:34:20 localhost app-62: [AppBase] <> INFO  Stopped    web-filter [62] ...
Sep 25 10:34:26 localhost app-62: [UnblockedSitesMonitor] <> INFO  UnblockedSitesMonitor initializing
Sep 25 10:34:27 localhost app-62: [AppBase] <> INFO  Starting   web-filter [62] ...
Sep 25 10:34:28 localhost app-62: [AppBase] <> INFO  Started    web-filter [62] ...
Sep 25 10:37:00 localhost app-62: [AppBase] <> INFO  Stopping   web-filter [62] ...
Sep 25 10:37:00 localhost app-62: [AppBase] <> INFO  Stopped    web-filter [62] ...
Sep 25 10:37:14 localhost app-62: [UnblockedSitesMonitor] <> INFO  UnblockedSitesMonitor initializing
Sep 25 10:37:16 localhost app-62: [AppBase] <> INFO  Starting   web-filter [62] ...
Sep 25 10:37:18 localhost app-62: [AppBase] <> INFO  Started    web-filter [62] ...
Sep 25 10:41:44 localhost app-62: [AppBase] <> INFO  Stopping   web-filter [62] ...
Sep 25 10:41:51 localhost app-62: [AppBase] <> INFO  Stopped    web-filter [62] ...
Sep 25 10:41:57 localhost app-62: [UnblockedSitesMonitor] <> INFO  UnblockedSitesMonitor initializing
Sep 25 10:41:58 localhost app-62: [AppBase] <> INFO  Starting   web-filter [62] ...
Sep 25 10:42:00 localhost app-62: [AppBase] <> INFO  Started    web-filter [62] ...
Sep 25 10:44:34 localhost app-62: [AppBase] <> INFO  Stopping   web-filter [62] ...
Sep 25 10:44:42 localhost app-62: [AppBase] <> INFO  Stopped    web-filter [62] ...
Sep 25 10:44:48 localhost app-62: [UnblockedSitesMonitor] <> INFO  UnblockedSitesMonitor initializing
Sep 25 10:44:50 localhost app-62: [AppBase] <> INFO  Starting   web-filter [62] ...
Sep 25 10:44:51 localhost app-62: [AppBase] <> INFO  Started    web-filter [62] ...
Sep 25 11:00:55 localhost app-62: [AppBase] <> INFO  Stopping   web-filter [62] ...
Sep 25 11:00:55 localhost app-62: [AppBase] <> INFO  Stopped    web-filter [62] ...
Sep 25 11:01:08 localhost app-62: [UnblockedSitesMonitor] <> INFO  UnblockedSitesMonitor initializing
Sep 25 11:01:09 localhost app-62: [AppBase] <> INFO  Starting   web-filter [62] ...
Sep 25 11:01:11 localhost app-62: [AppBase] <> INFO  Started    web-filter [62] ...
Sep 25 11:02:37 localhost app-62: [AppBase] <> INFO  Stopping   web-filter [62] ...
Sep 25 11:02:44 localhost app-62: [AppBase] <> INFO  Stopped    web-filter [62] ...
Sep 25 11:02:49 localhost app-62: [UnblockedSitesMonitor] <> INFO  UnblockedSitesMonitor initializing
Sep 25 11:02:50 localhost app-62: [AppBase] <> INFO  Starting   web-filter [62] ...
Sep 25 11:02:51 localhost app-62: [AppBase] <> INFO  Started    web-filter [62] ...
Sep 25 11:03:21 localhost app-62: [AppBase] <> INFO  Stopping   web-filter [62] ...
Sep 25 11:03:21 localhost app-62: [AppBase] <> INFO  Stopped    web-filter [62] ...
Sep 25 11:03:33 localhost app-62: [UnblockedSitesMonitor] <> INFO  UnblockedSitesMonitor initializing
Sep 25 11:03:33 localhost app-62: [AppBase] <> INFO  Starting   web-filter [62] ...
Sep 25 11:03:35 localhost app-62: [AppBase] <> INFO  Started    web-filter [62] ...
Sep 25 12:20:01 localhost app-62: [AppBase] <> INFO  Stopping   web-filter [62] ...
Sep 25 12:20:01 localhost app-62: [AppBase] <> INFO  Stopped    web-filter [62] ...
Sep 25 12:20:14 localhost app-62: [UnblockedSitesMonitor] <> INFO  UnblockedSitesMonitor initializing
Sep 25 12:20:15 localhost app-62: [AppBase] <> INFO  Starting   web-filter [62] ...
Sep 25 12:20:15 localhost app-62: [AppBase] <> INFO  Started    web-filter [62] ...
Sep 25 12:21:45 localhost app-62: [AppBase] <> INFO  Stopping   web-filter [62] ...
Sep 25 12:21:45 localhost app-62: [AppBase] <> INFO  Stopped    web-filter [62] ...
Sep 25 12:21:57 localhost app-62: [UnblockedSitesMonitor] <> INFO  UnblockedSitesMonitor initializing
Sep 25 12:21:58 localhost app-62: [AppBase] <> INFO  Starting   web-filter [62] ...
Sep 25 12:21:58 localhost app-62: [AppBase] <> INFO  Started    web-filter [62] ...
Sep 25 12:22:38 localhost app-62: [AppBase] <> INFO  Stopping   web-filter [62] ...
Sep 25 12:22:38 localhost app-62: [AppBase] <> INFO  Stopped    web-filter [62] ...
Sep 25 12:22:50 localhost app-62: [UnblockedSitesMonitor] <> INFO  UnblockedSitesMonitor initializing
Sep 25 12:22:51 localhost app-62: [AppBase] <> INFO  Starting   web-filter [62] ...
Sep 25 12:22:52 localhost app-62: [AppBase] <> INFO  Started    web-filter [62] ...
Sep 25 12:23:34 localhost app-62: [AppBase] <> INFO  Stopping   web-filter [62] ...
Sep 25 12:23:34 localhost app-62: [AppBase] <> INFO  Stopped    web-filter [62] ...
Sep 25 12:23:48 localhost app-62: [UnblockedSitesMonitor] <> INFO  UnblockedSitesMonitor initializing
Sep 25 12:23:49 localhost app-62: [AppBase] <> INFO  Starting   web-filter [62] ...
Sep 25 12:23:51 localhost app-62: [AppBase] <> INFO  Started    web-filter [62] ...
Sep 25 12:24:19 localhost app-62: [AppBase] <> INFO  Stopping   web-filter [62] ...
Sep 25 12:24:19 localhost app-62: [AppBase] <> INFO  Stopped    web-filter [62] ...
Sep 25 12:24:31 localhost app-62: [UnblockedSitesMonitor] <> INFO  UnblockedSitesMonitor initializing
Sep 25 12:24:32 localhost app-62: [AppBase] <> INFO  Starting   web-filter [62] ...
Sep 25 12:24:33 localhost app-62: [AppBase] <> INFO  Started    web-filter [62] ...
Sep 25 12:25:58 localhost app-62: [AppBase] <> INFO  Stopping   web-filter [62] ...
Sep 25 12:26:05 localhost app-62: [AppBase] <> INFO  Stopped    web-filter [62] ...
Sep 25 12:26:11 localhost app-62: [UnblockedSitesMonitor] <> INFO  UnblockedSitesMonitor initializing
Sep 25 12:26:12 localhost app-62: [AppBase] <> INFO  Starting   web-filter [62] ...
Sep 25 12:26:14 localhost app-62: [AppBase] <> INFO  Started    web-filter [62] ...
Sep 25 12:26:50 localhost app-62: [AppBase] <> INFO  Stopping   web-filter [62] ...
Sep 25 12:26:50 localhost app-62: [AppBase] <> INFO  Stopped    web-filter [62] ...
Sep 25 12:27:03 localhost app-62: [UnblockedSitesMonitor] <> INFO  UnblockedSitesMonitor initializing
Sep 25 12:27:04 localhost app-62: [AppBase] <> INFO  Starting   web-filter [62] ...
Sep 25 12:27:05 localhost app-62: [AppBase] <> INFO  Started    web-filter [62] ...
Sep 25 13:12:18 localhost app-62: [AppBase] <> INFO  Stopping   web-filter [62] ...
Sep 25 13:12:25 localhost app-62: [AppBase] <> INFO  Stopped    web-filter [62] ...
Sep 25 13:12:31 localhost app-62: [UnblockedSitesMonitor] <> INFO  UnblockedSitesMonitor initializing
Sep 25 13:12:32 localhost app-62: [AppBase] <> INFO  Starting   web-filter [62] ...
Sep 25 13:12:34 localhost app-62: [AppBase] <> INFO  Started    web-filter [62] ...
Sep 25 13:14:47 localhost app-62: [AppBase] <> INFO  Stopping   web-filter [62] ...
Sep 25 13:14:47 localhost app-62: [AppBase] <> INFO  Stopped    web-filter [62] ...
Sep 25 13:14:56 localhost app-62: [UnblockedSitesMonitor] <> INFO  UnblockedSitesMonitor initializing
Sep 25 13:14:58 localhost app-62: [AppBase] <> INFO  Starting   web-filter [62] ...
Sep 25 13:14:58 localhost app-62: [AppBase] <> INFO  Started    web-filter [62] ...
Sep 25 13:22:15 localhost app-62: [AppBase] <> INFO  Stopping   web-filter [62] ...
Sep 25 13:22:15 localhost app-62: [AppBase] <> INFO  Stopped    web-filter [62] ...
Oct  2 08:05:01 localhost app-62: [UnblockedSitesMonitor] <> INFO  UnblockedSitesMonitor initializing
Oct  2 08:05:03 localhost app-62: [AppBase] <> INFO  Starting   web-filter [62] ...
Oct  2 08:05:07 localhost app-62: [AppBase] <> INFO  Started    web-filter [62] ...
Oct 14 08:37:29 localhost app-62: [UnblockedSitesMonitor] <> INFO  UnblockedSitesMonitor initializing
Oct 14 08:37:29 localhost app-62: [AppBase] <> INFO  No valid license for: web-filter
Oct 14 08:37:29 localhost app-62: [AppBase] <> INFO  Requesting trial for: web-filter
Oct 14 08:37:51 localhost app-62: [AppBase] <> INFO  Starting   web-filter [62] ...
Oct 14 08:37:51 localhost app-62: [AppBase] <> WARN  Exception in preStart(). Reverting to INITIALIZED state.
Oct 14 08:37:51 localhost app-62:       java.lang.RuntimeException: invalid license
Oct 14 08:37:51 localhost app-62:       com.untangle.app.web_filter.WebFilterApp.preStart(WebFilterApp.java:119)
Oct 14 08:37:51 localhost app-62:       com.untangle.uvm.app.AppBase.start(AppBase.java:909)
Oct 14 08:37:51 localhost app-62:       com.untangle.uvm.app.AppBase.resumeState(AppBase.java:246)
Oct 14 08:37:51 localhost app-62:       com.untangle.uvm.app.AppBase.loadClass(AppBase.java:373)
Oct 14 08:37:51 localhost app-62:       com.untangle.uvm.AppManagerImpl$3.run(AppManagerImpl.java:1128)
Oct 14 08:37:51 localhost app-62:       com.untangle.uvm.UvmContextImpl$1.run(UvmContextImpl.java:654)
Oct 14 08:37:51 localhost app-62:       java.base/java.lang.Thread.run(Thread.java:834)
Oct 14 16:44:31 localhost app-62: [UnblockedSitesMonitor] <> INFO  UnblockedSitesMonitor initializing
Oct 14 16:44:31 localhost app-62: [AppBase] <> INFO  No valid license for: web-filter
Oct 14 16:44:31 localhost app-62: [AppBase] <> INFO  Requesting trial for: web-filter
Oct 14 16:45:01 localhost app-62: [AppBase] <> INFO  Starting   web-filter [62] ...
Oct 14 16:45:01 localhost app-62: [AppBase] <> WARN  Exception in preStart(). Reverting to INITIALIZED state.
Oct 14 16:45:01 localhost app-62:       java.lang.RuntimeException: invalid license
Oct 14 16:45:01 localhost app-62:       com.untangle.app.web_filter.WebFilterApp.preStart(WebFilterApp.java:119)
Oct 14 16:45:01 localhost app-62:       com.untangle.uvm.app.AppBase.start(AppBase.java:909)
Oct 14 16:45:01 localhost app-62:       com.untangle.uvm.app.AppBase.resumeState(AppBase.java:246)
Oct 14 16:45:01 localhost app-62:       com.untangle.uvm.app.AppBase.loadClass(AppBase.java:373)
Oct 14 16:45:01 localhost app-62:       com.untangle.uvm.AppManagerImpl$3.run(AppManagerImpl.java:1128)
Oct 14 16:45:01 localhost app-62:       com.untangle.uvm.UvmContextImpl$1.run(UvmContextImpl.java:654)
Oct 14 16:45:01 localhost app-62:       java.base/java.lang.Thread.run(Thread.java:834)
Oct 15 12:41:37 localhost app-62: [UnblockedSitesMonitor] <> INFO  UnblockedSitesMonitor initializing
Oct 15 12:41:37 localhost app-62: [AppBase] <> INFO  Requesting trial for: web-filter
Oct 15 12:41:37 localhost app-62: [AppBase] <> INFO  No valid license for: web-filter
Oct 15 12:42:13 localhost app-62: [AppBase] <> INFO  Starting   web-filter [62] ...
Oct 15 12:42:13 localhost app-62: [AppBase] <> WARN  Exception in preStart(). Reverting to INITIALIZED state.
Oct 15 12:42:13 localhost app-62:       java.lang.RuntimeException: invalid license
Oct 15 12:42:13 localhost app-62:       com.untangle.app.web_filter.WebFilterApp.preStart(WebFilterApp.java:119)
Oct 15 12:42:13 localhost app-62:       com.untangle.uvm.app.AppBase.start(AppBase.java:909)
Oct 15 12:42:13 localhost app-62:       com.untangle.uvm.app.AppBase.resumeState(AppBase.java:246)
Oct 15 12:42:13 localhost app-62:       com.untangle.uvm.app.AppBase.loadClass(AppBase.java:373)
Oct 15 12:42:13 localhost app-62:       com.untangle.uvm.AppManagerImpl$3.run(AppManagerImpl.java:1128)
Oct 15 12:42:13 localhost app-62:       com.untangle.uvm.UvmContextImpl$1.run(UvmContextImpl.java:654)
Oct 15 12:42:13 localhost app-62:       java.base/java.lang.Thread.run(Thread.java:834)
Oct 22 09:42:23 localhost app-62: [UnblockedSitesMonitor] <> INFO  UnblockedSitesMonitor initializing
Oct 22 09:42:23 localhost app-62: [AppBase] <> INFO  No valid license for: web-filter
Oct 22 09:42:23 localhost app-62: [AppBase] <> INFO  Requesting trial for: web-filter
Oct 22 09:42:46 localhost app-62: [AppBase] <> INFO  Starting   web-filter [62] ...
Oct 22 09:42:46 localhost app-62: [AppBase] <> WARN  Exception in preStart(). Reverting to INITIALIZED state.
Oct 22 09:42:46 localhost app-62:       java.lang.RuntimeException: invalid license
Oct 22 09:42:46 localhost app-62:       com.untangle.app.web_filter.WebFilterApp.preStart(WebFilterApp.java:119)
Oct 22 09:42:46 localhost app-62:       com.untangle.uvm.app.AppBase.start(AppBase.java:909)
Oct 22 09:42:46 localhost app-62:       com.untangle.uvm.app.AppBase.resumeState(AppBase.java:246)
Oct 22 09:42:46 localhost app-62:       com.untangle.uvm.AppManagerImpl$3.run(AppManagerImpl.java:1128)
Oct 22 09:42:46 localhost app-62:       com.untangle.uvm.app.AppBase.loadClass(AppBase.java:373)
Oct 22 09:42:46 localhost app-62:       com.untangle.uvm.UvmContextImpl$1.run(UvmContextImpl.java:654)
Oct 22 09:42:46 localhost app-62:       java.base/java.lang.Thread.run(Thread.java:834)
Nov 11 11:26:12 localhost app-62: [UnblockedSitesMonitor] <> INFO  UnblockedSitesMonitor initializing
Nov 11 11:26:12 localhost app-62: [AppBase] <> INFO  No valid license for: web-filter
Nov 11 11:26:12 localhost app-62: [AppBase] <> INFO  Requesting trial for: web-filter
Nov 11 11:26:40 localhost app-62: [AppBase] <> INFO  Starting   web-filter [62] ...
Nov 11 11:26:40 localhost app-62: [AppBase] <> WARN  Exception in preStart(). Reverting to INITIALIZED state.
Nov 11 11:26:40 localhost app-62:       java.lang.RuntimeException: invalid license
Nov 11 11:26:40 localhost app-62:       com.untangle.app.web_filter.WebFilterApp.preStart(WebFilterApp.java:119)
Nov 11 11:26:40 localhost app-62:       com.untangle.uvm.app.AppBase.start(AppBase.java:909)
Nov 11 11:26:40 localhost app-62:       com.untangle.uvm.app.AppBase.resumeState(AppBase.java:246)
Nov 11 11:26:40 localhost app-62:       com.untangle.uvm.app.AppBase.loadClass(AppBase.java:373)
Nov 11 11:26:40 localhost app-62:       com.untangle.uvm.AppManagerImpl$3.run(AppManagerImpl.java:1128)
Nov 11 11:26:40 localhost app-62:       com.untangle.uvm.UvmContextImpl$1.run(UvmContextImpl.java:654)
Nov 11 11:26:40 localhost app-62:       java.base/java.lang.Thread.run(Thread.java:834)
Nov 17 12:18:02 localhost app-62: [UnblockedSitesMonitor] <> INFO  UnblockedSitesMonitor initializing
Nov 17 12:18:02 localhost app-62: [AppBase] <> INFO  No valid license for: web-filter
Nov 17 12:18:02 localhost app-62: [AppBase] <> INFO  Requesting trial for: web-filter
Nov 17 12:18:23 localhost app-62: [AppBase] <> INFO  Starting   web-filter [62] ...
Nov 17 12:18:23 localhost app-62: [AppBase] <> WARN  Exception in preStart(). Reverting to INITIALIZED state.
Nov 17 12:18:23 localhost app-62:       java.lang.RuntimeException: invalid license
Nov 17 12:18:23 localhost app-62:       com.untangle.app.web_filter.WebFilterApp.preStart(WebFilterApp.java:119)
Nov 17 12:18:23 localhost app-62:       com.untangle.uvm.app.AppBase.start(AppBase.java:909)
Nov 17 12:18:23 localhost app-62:       com.untangle.uvm.app.AppBase.resumeState(AppBase.java:246)
Nov 17 12:18:23 localhost app-62:       com.untangle.uvm.app.AppBase.loadClass(AppBase.java:373)
Nov 17 12:18:23 localhost app-62:       com.untangle.uvm.AppManagerImpl$3.run(AppManagerImpl.java:1128)
Nov 17 12:18:23 localhost app-62:       com.untangle.uvm.UvmContextImpl$1.run(UvmContextImpl.java:654)
Nov 17 12:18:23 localhost app-62:       java.base/java.lang.Thread.run(Thread.java:834)
Nov 17 12:19:34 localhost app-62: [UnblockedSitesMonitor] <> INFO  UnblockedSitesMonitor initializing
Nov 17 12:19:34 localhost app-62: [AppBase] <> INFO  No valid license for: web-filter
Nov 17 12:19:34 localhost app-62: [AppBase] <> INFO  Requesting trial for: web-filter
Nov 17 12:19:55 localhost app-62: [AppBase] <> INFO  Starting   web-filter [62] ...
Nov 17 12:19:55 localhost app-62: [AppBase] <> WARN  Exception in preStart(). Reverting to INITIALIZED state.
Nov 17 12:19:55 localhost app-62:       java.lang.RuntimeException: invalid license
Nov 17 12:19:55 localhost app-62:       com.untangle.app.web_filter.WebFilterApp.preStart(WebFilterApp.java:119)
Nov 17 12:19:55 localhost app-62:       com.untangle.uvm.app.AppBase.start(AppBase.java:909)
Nov 17 12:19:55 localhost app-62:       com.untangle.uvm.app.AppBase.resumeState(AppBase.java:246)
Nov 17 12:19:55 localhost app-62:       com.untangle.uvm.app.AppBase.loadClass(AppBase.java:373)
Nov 17 12:19:55 localhost app-62:       com.untangle.uvm.AppManagerImpl$3.run(AppManagerImpl.java:1128)
Nov 17 12:19:55 localhost app-62:       com.untangle.uvm.UvmContextImpl$1.run(UvmContextImpl.java:654)
Nov 17 12:19:55 localhost app-62:       java.base/java.lang.Thread.run(Thread.java:834)
Nov 23 17:33:52 localhost app-62: [UnblockedSitesMonitor] <> INFO  UnblockedSitesMonitor initializing
Nov 23 17:33:53 localhost app-62: [AppBase] <> INFO  No valid license for: web-filter
Nov 23 17:33:53 localhost app-62: [AppBase] <> INFO  Requesting trial for: web-filter
Nov 23 17:34:16 localhost app-62: [AppBase] <> INFO  Starting   web-filter [62] ...
Nov 23 17:34:16 localhost app-62: [AppBase] <> WARN  Exception in preStart(). Reverting to INITIALIZED state.
Nov 23 17:34:16 localhost app-62:       java.lang.RuntimeException: invalid license
Nov 23 17:34:16 localhost app-62:       com.untangle.app.web_filter.WebFilterApp.preStart(WebFilterApp.java:119)
Nov 23 17:34:16 localhost app-62:       com.untangle.uvm.app.AppBase.start(AppBase.java:909)
Nov 23 17:34:16 localhost app-62:       com.untangle.uvm.app.AppBase.resumeState(AppBase.java:246)
Nov 23 17:34:16 localhost app-62:       com.untangle.uvm.app.AppBase.loadClass(AppBase.java:373)
Nov 23 17:34:16 localhost app-62:       com.untangle.uvm.AppManagerImpl$3.run(AppManagerImpl.java:1128)
Nov 23 17:34:16 localhost app-62:       com.untangle.uvm.UvmContextImpl$1.run(UvmContextImpl.java:654)
Nov 23 17:34:16 localhost app-62:       java.base/java.lang.Thread.run(Thread.java:834)
Nov 23 18:13:22 localhost app-62: [UnblockedSitesMonitor] <> INFO  UnblockedSitesMonitor initializing
Nov 23 18:13:22 localhost app-62: [AppBase] <> INFO  No valid license for: web-filter
Nov 23 18:13:22 localhost app-62: [AppBase] <> INFO  Requesting trial for: web-filter
Nov 23 18:13:43 localhost app-62: [AppBase] <> INFO  Starting   web-filter [62] ...
Nov 23 18:13:43 localhost app-62: [AppBase] <> WARN  Exception in preStart(). Reverting to INITIALIZED state.
Nov 23 18:13:43 localhost app-62:       java.lang.RuntimeException: invalid license
Nov 23 18:13:43 localhost app-62:       com.untangle.app.web_filter.WebFilterApp.preStart(WebFilterApp.java:119)
Nov 23 18:13:43 localhost app-62:       com.untangle.uvm.app.AppBase.start(AppBase.java:909)
Nov 23 18:13:43 localhost app-62:       com.untangle.uvm.app.AppBase.resumeState(AppBase.java:246)
Nov 23 18:13:43 localhost app-62:       com.untangle.uvm.app.AppBase.loadClass(AppBase.java:373)
Nov 23 18:13:43 localhost app-62:       com.untangle.uvm.AppManagerImpl$3.run(AppManagerImpl.java:1128)
Nov 23 18:13:43 localhost app-62:       com.untangle.uvm.UvmContextImpl$1.run(UvmContextImpl.java:654)
Nov 23 18:13:43 localhost app-62:       java.base/java.lang.Thread.run(Thread.java:834)
Nov 24 08:49:12 localhost app-62: [UnblockedSitesMonitor] <> INFO  UnblockedSitesMonitor initializing
Nov 24 08:49:12 localhost app-62: [AppBase] <> INFO  No valid license for: web-filter
Nov 24 08:49:12 localhost app-62: [AppBase] <> INFO  Requesting trial for: web-filter
Nov 24 08:49:49 localhost app-62: [AppBase] <> INFO  Starting   web-filter [62] ...
Nov 24 08:49:49 localhost app-62: [AppBase] <> WARN  Exception in preStart(). Reverting to INITIALIZED state.
Nov 24 08:49:49 localhost app-62:       java.lang.RuntimeException: invalid license
Nov 24 08:49:49 localhost app-62:       com.untangle.app.web_filter.WebFilterApp.preStart(WebFilterApp.java:119)
Nov 24 08:49:49 localhost app-62:       com.untangle.uvm.app.AppBase.start(AppBase.java:909)
Nov 24 08:49:49 localhost app-62:       com.untangle.uvm.app.AppBase.resumeState(AppBase.java:246)
Nov 24 08:49:49 localhost app-62:       com.untangle.uvm.app.AppBase.loadClass(AppBase.java:373)
Nov 24 08:49:49 localhost app-62:       com.untangle.uvm.AppManagerImpl$3.run(AppManagerImpl.java:1128)
Nov 24 08:49:49 localhost app-62:       com.untangle.uvm.UvmContextImpl$1.run(UvmContextImpl.java:654)
Nov 24 08:49:49 localhost app-62:       java.base/java.lang.Thread.run(Thread.java:834)
Dec  7 11:06:22 localhost app-62: [UnblockedSitesMonitor] <> INFO  UnblockedSitesMonitor initializing
Dec  7 11:06:23 localhost app-62: [AppBase] <> INFO  No valid license for: web-filter
Dec  7 11:06:23 localhost app-62: [AppBase] <> INFO  Requesting trial for: web-filter
Dec  7 11:06:46 localhost app-62: [AppBase] <> INFO  Starting   web-filter [62] ...
Dec  7 11:06:46 localhost app-62: [AppBase] <> WARN  Exception in preStart(). Reverting to INITIALIZED state.
Dec  7 11:06:46 localhost app-62:       java.lang.RuntimeException: invalid license
Dec  7 11:06:46 localhost app-62:       com.untangle.app.web_filter.WebFilterApp.preStart(WebFilterApp.java:119)
Dec  7 11:06:46 localhost app-62:       com.untangle.uvm.app.AppBase.start(AppBase.java:909)
Dec  7 11:06:46 localhost app-62:       com.untangle.uvm.app.AppBase.resumeState(AppBase.java:246)
Dec  7 11:06:46 localhost app-62:       com.untangle.uvm.app.AppBase.loadClass(AppBase.java:373)
Dec  7 11:06:46 localhost app-62:       com.untangle.uvm.AppManagerImpl$3.run(AppManagerImpl.java:1128)
Dec  7 11:06:46 localhost app-62:       com.untangle.uvm.UvmContextImpl$1.run(UvmContextImpl.java:654)
Dec  7 11:06:46 localhost app-62:       java.base/java.lang.Thread.run(Thread.java:834)
Dec  9 10:53:53 localhost app-62: [UnblockedSitesMonitor] <> INFO  UnblockedSitesMonitor initializing
Dec  9 10:53:53 localhost app-62: [AppBase] <> INFO  No valid license for: web-filter
Dec  9 10:53:53 localhost app-62: [AppBase] <> INFO  Requesting trial for: web-filter
Dec  9 10:54:34 localhost app-62: [AppBase] <> INFO  Starting   web-filter [62] ...
Dec  9 10:54:34 localhost app-62: [AppBase] <> WARN  Exception in preStart(). Reverting to INITIALIZED state.
Dec  9 10:54:34 localhost app-62:       java.lang.RuntimeException: invalid license
Dec  9 10:54:34 localhost app-62:       com.untangle.app.web_filter.WebFilterApp.preStart(WebFilterApp.java:119)
Dec  9 10:54:34 localhost app-62:       com.untangle.uvm.app.AppBase.start(AppBase.java:909)
Dec  9 10:54:34 localhost app-62:       com.untangle.uvm.app.AppBase.resumeState(AppBase.java:246)
Dec  9 10:54:34 localhost app-62:       com.untangle.uvm.app.AppBase.loadClass(AppBase.java:373)
Dec  9 10:54:34 localhost app-62:       com.untangle.uvm.AppManagerImpl$3.run(AppManagerImpl.java:1128)
Dec  9 10:54:34 localhost app-62:       com.untangle.uvm.UvmContextImpl$1.run(UvmContextImpl.java:654)
Dec  9 10:54:34 localhost app-62:       java.base/java.lang.Thread.run(Thread.java:834)
Dec  9 14:27:33 localhost app-62: [UnblockedSitesMonitor] <> INFO  UnblockedSitesMonitor initializing
Dec  9 14:27:33 localhost app-62: [AppBase] <> INFO  No valid license for: web-filter
Dec  9 14:27:33 localhost app-62: [AppBase] <> INFO  Requesting trial for: web-filter
Dec  9 14:27:58 localhost app-62: [AppBase] <> INFO  Starting   web-filter [62] ...
Dec  9 14:27:58 localhost app-62: [AppBase] <> WARN  Exception in preStart(). Reverting to INITIALIZED state.
Dec  9 14:27:58 localhost app-62:       java.lang.RuntimeException: invalid license
Dec  9 14:27:58 localhost app-62:       com.untangle.app.web_filter.WebFilterApp.preStart(WebFilterApp.java:119)
Dec  9 14:27:58 localhost app-62:       com.untangle.uvm.app.AppBase.start(AppBase.java:909)
Dec  9 14:27:58 localhost app-62:       com.untangle.uvm.app.AppBase.resumeState(AppBase.java:246)
Dec  9 14:27:58 localhost app-62:       com.untangle.uvm.app.AppBase.loadClass(AppBase.java:373)
Dec  9 14:27:58 localhost app-62:       com.untangle.uvm.AppManagerImpl$3.run(AppManagerImpl.java:1128)
Dec  9 14:27:58 localhost app-62:       com.untangle.uvm.UvmContextImpl$1.run(UvmContextImpl.java:654)
Dec  9 14:27:58 localhost app-62:       java.base/java.lang.Thread.run(Thread.java:834)
