Oct  2 08:05:00 localhost app-66: [FirewallApp] <> INFO  Loading Settings...
Oct  2 08:05:00 localhost app-66: [FirewallApp] <> INFO  Reconfigure()
Oct  2 08:05:00 localhost app-66: [AppBase] <> INFO  killMatchingSessions()
Oct  2 08:05:00 localhost app-66: [AppBase] <> INFO  Starting   firewall [66] ...
Oct  2 08:05:01 localhost app-66: [FirewallApp] <> INFO  Reconfigure()
Oct  2 08:05:01 localhost app-66: [AppBase] <> INFO  killMatchingSessions()
Oct  2 08:05:01 localhost app-66: [AppBase] <> INFO  killMatchingSessions()
Oct  2 08:05:01 localhost app-66: [AppBase] <> INFO  Started    firewall [66] ...
Oct 14 08:37:28 localhost app-66: [FirewallApp] <> INFO  Loading Settings...
Oct 14 08:37:28 localhost app-66: [FirewallApp] <> INFO  Reconfigure()
Oct 14 08:37:28 localhost app-66: [AppBase] <> INFO  killMatchingSessions()
Oct 14 08:37:28 localhost app-66: [AppBase] <> INFO  Starting   firewall [66] ...
Oct 14 08:37:28 localhost app-66: [FirewallApp] <> INFO  Reconfigure()
Oct 14 08:37:28 localhost app-66: [AppBase] <> INFO  killMatchingSessions()
Oct 14 08:37:28 localhost app-66: [AppBase] <> INFO  killMatchingSessions()
Oct 14 08:37:28 localhost app-66: [AppBase] <> INFO  Started    firewall [66] ...
Oct 14 16:44:30 localhost app-66: [FirewallApp] <> INFO  Loading Settings...
Oct 14 16:44:30 localhost app-66: [FirewallApp] <> INFO  Reconfigure()
Oct 14 16:44:30 localhost app-66: [AppBase] <> INFO  killMatchingSessions()
Oct 14 16:44:30 localhost app-66: [AppBase] <> INFO  Starting   firewall [66] ...
Oct 14 16:44:30 localhost app-66: [FirewallApp] <> INFO  Reconfigure()
Oct 14 16:44:30 localhost app-66: [AppBase] <> INFO  killMatchingSessions()
Oct 14 16:44:30 localhost app-66: [AppBase] <> INFO  killMatchingSessions()
Oct 14 16:44:30 localhost app-66: [AppBase] <> INFO  Started    firewall [66] ...
Oct 14 16:47:11 localhost app-66: [AppBase] <> INFO  Stopping   firewall [66] ...
Oct 14 16:47:11 localhost app-66: [AppBase] <> INFO  killMatchingSessions()
Oct 14 16:47:11 localhost app-66: [AppBase] <> INFO  Stopped    firewall [66] ...
Oct 15 12:41:36 localhost app-66: [FirewallApp] <> INFO  Loading Settings...
Oct 15 12:41:36 localhost app-66: [FirewallApp] <> INFO  Reconfigure()
Oct 15 12:41:36 localhost app-66: [AppBase] <> INFO  killMatchingSessions()
Oct 15 12:41:36 localhost app-66: [AppBase] <> INFO  Starting   firewall [66] ...
Oct 15 12:41:36 localhost app-66: [FirewallApp] <> INFO  Reconfigure()
Oct 15 12:41:36 localhost app-66: [AppBase] <> INFO  killMatchingSessions()
Oct 15 12:41:36 localhost app-66: [AppBase] <> INFO  killMatchingSessions()
Oct 15 12:41:36 localhost app-66: [AppBase] <> INFO  Started    firewall [66] ...
Oct 15 12:44:24 localhost app-66: [AppBase] <> INFO  Stopping   firewall [66] ...
Oct 15 12:44:24 localhost app-66: [AppBase] <> INFO  killMatchingSessions()
Oct 15 12:44:24 localhost app-66: [AppBase] <> INFO  Stopped    firewall [66] ...
Oct 22 09:42:22 localhost app-66: [FirewallApp] <> INFO  Loading Settings...
Oct 22 09:42:22 localhost app-66: [FirewallApp] <> INFO  Reconfigure()
Oct 22 09:42:22 localhost app-66: [AppBase] <> INFO  killMatchingSessions()
Oct 22 09:42:22 localhost app-66: [AppBase] <> INFO  Starting   firewall [66] ...
Oct 22 09:42:22 localhost app-66: [FirewallApp] <> INFO  Reconfigure()
Oct 22 09:42:22 localhost app-66: [AppBase] <> INFO  killMatchingSessions()
Oct 22 09:42:23 localhost app-66: [AppBase] <> INFO  killMatchingSessions()
Oct 22 09:42:23 localhost app-66: [AppBase] <> INFO  Started    firewall [66] ...
Nov 11 11:26:11 localhost app-66: [FirewallApp] <> INFO  Loading Settings...
Nov 11 11:26:11 localhost app-66: [FirewallApp] <> INFO  Reconfigure()
Nov 11 11:26:11 localhost app-66: [AppBase] <> INFO  killMatchingSessions()
Nov 11 11:26:11 localhost app-66: [AppBase] <> INFO  Starting   firewall [66] ...
Nov 11 11:26:11 localhost app-66: [FirewallApp] <> INFO  Reconfigure()
Nov 11 11:26:11 localhost app-66: [AppBase] <> INFO  killMatchingSessions()
Nov 11 11:26:11 localhost app-66: [AppBase] <> INFO  killMatchingSessions()
Nov 11 11:26:11 localhost app-66: [AppBase] <> INFO  Started    firewall [66] ...
Nov 17 12:18:02 localhost app-66: [FirewallApp] <> INFO  Loading Settings...
Nov 17 12:18:02 localhost app-66: [FirewallApp] <> INFO  Reconfigure()
Nov 17 12:18:02 localhost app-66: [AppBase] <> INFO  killMatchingSessions()
Nov 17 12:18:02 localhost app-66: [AppBase] <> INFO  Starting   firewall [66] ...
Nov 17 12:18:02 localhost app-66: [FirewallApp] <> INFO  Reconfigure()
Nov 17 12:18:02 localhost app-66: [AppBase] <> INFO  killMatchingSessions()
Nov 17 12:18:02 localhost app-66: [AppBase] <> INFO  killMatchingSessions()
Nov 17 12:18:02 localhost app-66: [AppBase] <> INFO  Started    firewall [66] ...
Nov 17 12:19:02 localhost app-66: [AppBase] <> INFO  Stopping   firewall [66] ...
Nov 17 12:19:02 localhost app-66: [AppBase] <> INFO  killMatchingSessions()
Nov 17 12:19:02 localhost app-66: [AppBase] <> INFO  Stopped    firewall [66] ...
Nov 17 12:19:02 localhost app-66: [SessionTableImpl] <> INFO  shutdownMatches() Shutdown  session[105226795679866]: UDP| 192.168.252.51:123 -> 198.211.103.209:123
Nov 17 12:19:02 localhost app-66: [SessionTableImpl] <> INFO  shutdownMatches() Shutdown  session[105226795679866]: UDP| 192.168.252.51:123 -> 198.211.103.209:123
Nov 17 12:19:02 localhost app-66: [SessionTableImpl] <> INFO  shutdownMatches() Shutdown  session[105226795679866]: UDP| 192.168.252.51:123 -> 198.211.103.209:123
Nov 17 12:19:02 localhost app-66: [SessionTableImpl] <> INFO  shutdownMatches() Shutdown  session[105226795679866]: UDP| 192.168.252.51:123 -> 198.211.103.209:123
Nov 17 12:19:02 localhost app-66: [SessionTableImpl] <> INFO  shutdownMatches() Shutdown  session[105226795679866]: UDP| 192.168.252.51:123 -> 198.211.103.209:123
Nov 17 12:19:34 localhost app-66: [FirewallApp] <> INFO  Loading Settings...
Nov 17 12:19:34 localhost app-66: [FirewallApp] <> INFO  Reconfigure()
Nov 17 12:19:34 localhost app-66: [AppBase] <> INFO  killMatchingSessions()
Nov 17 12:19:34 localhost app-66: [AppBase] <> INFO  Starting   firewall [66] ...
Nov 17 12:19:34 localhost app-66: [FirewallApp] <> INFO  Reconfigure()
Nov 17 12:19:34 localhost app-66: [AppBase] <> INFO  killMatchingSessions()
Nov 17 12:19:34 localhost app-66: [AppBase] <> INFO  killMatchingSessions()
Nov 17 12:19:34 localhost app-66: [AppBase] <> INFO  Started    firewall [66] ...
Nov 23 17:24:17 localhost app-66: [AppBase] <> INFO  Stopping   firewall [66] ...
Nov 23 17:24:17 localhost app-66: [AppBase] <> INFO  killMatchingSessions()
Nov 23 17:24:17 localhost app-66: [AppBase] <> INFO  Stopped    firewall [66] ...
Nov 23 17:33:52 localhost app-66: [FirewallApp] <> INFO  Loading Settings...
Nov 23 17:33:52 localhost app-66: [FirewallApp] <> INFO  Reconfigure()
Nov 23 17:33:52 localhost app-66: [AppBase] <> INFO  killMatchingSessions()
Nov 23 17:33:52 localhost app-66: [AppBase] <> INFO  Starting   firewall [66] ...
Nov 23 17:33:52 localhost app-66: [FirewallApp] <> INFO  Reconfigure()
Nov 23 17:33:52 localhost app-66: [AppBase] <> INFO  killMatchingSessions()
Nov 23 17:33:52 localhost app-66: [AppBase] <> INFO  killMatchingSessions()
Nov 23 17:33:52 localhost app-66: [AppBase] <> INFO  Started    firewall [66] ...
Nov 23 18:09:32 localhost app-66: [AppBase] <> INFO  Stopping   firewall [66] ...
Nov 23 18:09:32 localhost app-66: [AppBase] <> INFO  killMatchingSessions()
Nov 23 18:09:32 localhost app-66: [AppBase] <> INFO  Stopped    firewall [66] ...
Nov 23 18:13:22 localhost app-66: [FirewallApp] <> INFO  Loading Settings...
Nov 23 18:13:22 localhost app-66: [FirewallApp] <> INFO  Reconfigure()
Nov 23 18:13:22 localhost app-66: [AppBase] <> INFO  killMatchingSessions()
Nov 23 18:13:22 localhost app-66: [AppBase] <> INFO  Starting   firewall [66] ...
Nov 23 18:13:22 localhost app-66: [FirewallApp] <> INFO  Reconfigure()
Nov 23 18:13:22 localhost app-66: [AppBase] <> INFO  killMatchingSessions()
Nov 23 18:13:22 localhost app-66: [AppBase] <> INFO  killMatchingSessions()
Nov 23 18:13:22 localhost app-66: [AppBase] <> INFO  Started    firewall [66] ...
Nov 24 08:49:11 localhost app-66: [FirewallApp] <> INFO  Loading Settings...
Nov 24 08:49:11 localhost app-66: [FirewallApp] <> INFO  Reconfigure()
Nov 24 08:49:11 localhost app-66: [AppBase] <> INFO  killMatchingSessions()
Nov 24 08:49:11 localhost app-66: [AppBase] <> INFO  Starting   firewall [66] ...
Nov 24 08:49:11 localhost app-66: [FirewallApp] <> INFO  Reconfigure()
Nov 24 08:49:11 localhost app-66: [AppBase] <> INFO  killMatchingSessions()
Nov 24 08:49:11 localhost app-66: [AppBase] <> INFO  killMatchingSessions()
Nov 24 08:49:11 localhost app-66: [AppBase] <> INFO  Started    firewall [66] ...
Nov 30 17:23:26 localhost app-66: [AppBase] <> INFO  Stopping   firewall [66] ...
Nov 30 17:23:26 localhost app-66: [AppBase] <> INFO  killMatchingSessions()
Nov 30 17:23:26 localhost app-66: [AppBase] <> INFO  Stopped    firewall [66] ...
Dec  7 11:06:22 localhost app-66: [FirewallApp] <> INFO  Loading Settings...
Dec  7 11:06:22 localhost app-66: [FirewallApp] <> INFO  Reconfigure()
Dec  7 11:06:22 localhost app-66: [AppBase] <> INFO  killMatchingSessions()
Dec  7 11:06:22 localhost app-66: [AppBase] <> INFO  Starting   firewall [66] ...
Dec  7 11:06:22 localhost app-66: [FirewallApp] <> INFO  Reconfigure()
Dec  7 11:06:22 localhost app-66: [AppBase] <> INFO  killMatchingSessions()
Dec  7 11:06:22 localhost app-66: [AppBase] <> INFO  killMatchingSessions()
Dec  7 11:06:22 localhost app-66: [AppBase] <> INFO  Started    firewall [66] ...
Dec  9 10:53:53 localhost app-66: [FirewallApp] <> INFO  Loading Settings...
Dec  9 10:53:53 localhost app-66: [FirewallApp] <> INFO  Reconfigure()
Dec  9 10:53:53 localhost app-66: [AppBase] <> INFO  killMatchingSessions()
Dec  9 10:53:53 localhost app-66: [AppBase] <> INFO  Starting   firewall [66] ...
Dec  9 10:53:53 localhost app-66: [FirewallApp] <> INFO  Reconfigure()
Dec  9 10:53:53 localhost app-66: [AppBase] <> INFO  killMatchingSessions()
Dec  9 10:53:53 localhost app-66: [AppBase] <> INFO  killMatchingSessions()
Dec  9 10:53:53 localhost app-66: [AppBase] <> INFO  Started    firewall [66] ...
Dec  9 14:27:32 localhost app-66: [FirewallApp] <> INFO  Loading Settings...
Dec  9 14:27:32 localhost app-66: [FirewallApp] <> INFO  Reconfigure()
Dec  9 14:27:32 localhost app-66: [AppBase] <> INFO  killMatchingSessions()
Dec  9 14:27:32 localhost app-66: [AppBase] <> INFO  Starting   firewall [66] ...
Dec  9 14:27:32 localhost app-66: [FirewallApp] <> INFO  Reconfigure()
Dec  9 14:27:32 localhost app-66: [AppBase] <> INFO  killMatchingSessions()
Dec  9 14:27:32 localhost app-66: [AppBase] <> INFO  killMatchingSessions()
Dec  9 14:27:32 localhost app-66: [AppBase] <> INFO  Started    firewall [66] ...
Dec  9 16:36:36 localhost app-66: [AppBase] <> INFO  Stopping   firewall [66] ...
Dec  9 16:36:36 localhost app-66: [AppBase] <> INFO  killMatchingSessions()
Dec  9 16:36:36 localhost app-66: [AppBase] <> INFO  Stopped    firewall [66] ...
