Apr  6 08:37:05 localhost app-36: [FirewallApp] <> WARN  No settings found - Initializing new settings.
Apr  6 08:37:05 localhost app-36: [FirewallApp] <> INFO  Creating the default settings...
Apr  6 08:37:05 localhost app-36: [FirewallApp] <> INFO  Reconfigure()
Apr  6 08:37:05 localhost app-36: [AppBase] <> INFO  killMatchingSessions()
Apr  6 08:37:05 localhost app-36: [FirewallApp] <> INFO  Reconfigure()
Apr  6 08:37:05 localhost app-36: [AppBase] <> INFO  killMatchingSessions()
Apr  6 08:37:05 localhost app-36: [AppBase] <> INFO  Starting   firewall [36] ...
Apr  6 08:37:05 localhost app-36: [FirewallApp] <> INFO  Reconfigure()
Apr  6 08:37:05 localhost app-36: [AppBase] <> INFO  killMatchingSessions()
Apr  6 08:37:05 localhost app-36: [AppBase] <> INFO  killMatchingSessions()
Apr  6 08:37:05 localhost app-36: [AppBase] <> INFO  Started    firewall [36] ...
Apr  6 08:37:05 localhost app-36: [FirewallApp] <> INFO  Reconfigure()
Apr  6 08:37:05 localhost app-36: [AppBase] <> INFO  killMatchingSessions()
Apr  6 08:37:17 localhost app-36: [FirewallApp] <> INFO  Reconfigure()
Apr  6 08:37:17 localhost app-36: [AppBase] <> INFO  killMatchingSessions()
Apr  6 08:37:17 localhost app-36: [AppBase] <> INFO  Stopping   firewall [36] ...
Apr  6 08:37:17 localhost app-36: [AppBase] <> INFO  killMatchingSessions()
Apr  6 08:37:17 localhost app-36: [AppBase] <> INFO  Stopped    firewall [36] ...
Apr  6 08:37:17 localhost app-36: [AppBase] <> INFO  Destroying firewall [36] ...
Apr  6 08:37:17 localhost app-36: [AppBase] <> INFO  Destroyed  firewall [36] ...
May 15 09:17:46 localhost app-36: [WireGuardVpnApp] <> INFO  Initializing Settings...
May 15 09:17:46 localhost app-36: [WireGuardVpnApp] <> INFO  Creating the default settings...
May 15 09:17:46 localhost app-36: [WireGuardVpnApp] <> WARN  192.168.252.60
May 15 09:17:51 localhost app-36: [WireGuardVpnManager] <> INFO  Stopping WireGuard interface and tunnels
May 15 09:17:51 localhost app-36: [WireGuardVpnManager] <> INFO  /usr/bin/wg-quick: 
May 15 09:17:51 localhost app-36: [WireGuardVpnManager] <> INFO  /usr/bin/wg-quick: wg-quick: `wg0' is not a WireGuard interface
May 15 09:17:51 localhost app-36: [WireGuardVpnManager] <> ERROR Failed calling WireGuard start script (return code: 1)
May 15 09:17:51 localhost app-36: [WireGuardVpnManager] <> INFO  /etc/untangle/iptables-rules.d/720-wireguard-vpn: 
May 15 09:17:51 localhost app-36: [WireGuardVpnManager] <> INFO  /etc/untangle/iptables-rules.d/720-wireguard-vpn: 
May 15 09:17:51 localhost app-36: [WireGuardVpnManager] <> INFO  Starting WireGuard interface and tunnels
May 15 09:17:51 localhost app-36: [WireGuardVpnManager] <> INFO  /usr/bin/wg-quick: 
May 15 09:17:51 localhost app-36: [WireGuardVpnManager] <> INFO  /usr/bin/wg-quick: [#] ip link add wg0 type wireguard
May 15 09:17:51 localhost app-36: [WireGuardVpnManager] <> INFO  /usr/bin/wg-quick: [#] wg setconf wg0 /dev/fd/63
May 15 09:17:51 localhost app-36: [WireGuardVpnManager] <> INFO  /usr/bin/wg-quick: [#] ip -4 address add 192.168.56.1 dev wg0
May 15 09:17:51 localhost app-36: [WireGuardVpnManager] <> INFO  /usr/bin/wg-quick: [#] ip link set mtu 1500 up dev wg0
May 15 09:17:51 localhost app-36: [WireGuardVpnManager] <> INFO  /etc/untangle/iptables-rules.d/720-wireguard-vpn: 
May 15 09:17:51 localhost app-36: [WireGuardVpnManager] <> INFO  /etc/untangle/iptables-rules.d/720-wireguard-vpn: 
May 15 09:17:51 localhost app-36: [WireGuardVpnApp] <> INFO  Loading Settings...
May 15 09:17:52 localhost app-36: [AppBase] <> INFO  Starting   wireguard-vpn [36] ...
May 15 09:17:52 localhost app-36: [WireGuardVpnManager] <> INFO  Starting WireGuard interface and tunnels
May 15 09:17:52 localhost app-36: [WireGuardVpnManager] <> INFO  /usr/bin/wg-quick: 
May 15 09:17:52 localhost app-36: [WireGuardVpnManager] <> INFO  /usr/bin/wg-quick: wg-quick: `wg0' already exists
May 15 09:17:52 localhost app-36: [WireGuardVpnManager] <> ERROR Failed calling WireGuard start script (return code: 1)
May 15 09:17:52 localhost app-36: [WireGuardVpnManager] <> INFO  /etc/untangle/iptables-rules.d/720-wireguard-vpn: 
May 15 09:17:52 localhost app-36: [WireGuardVpnManager] <> INFO  /etc/untangle/iptables-rules.d/720-wireguard-vpn: 
May 15 09:17:52 localhost app-36: [AppBase] <> INFO  Started    wireguard-vpn [36] ...
May 15 09:18:57 localhost app-36: [WireGuardVpnManager] <> INFO  Stopping WireGuard interface and tunnels
May 15 09:18:57 localhost app-36: [WireGuardVpnManager] <> INFO  /usr/bin/wg-quick: 
May 15 09:18:57 localhost app-36: [WireGuardVpnManager] <> INFO  /usr/bin/wg-quick: [#] ip link delete dev wg0
May 15 09:18:57 localhost app-36: [WireGuardVpnManager] <> INFO  /etc/untangle/iptables-rules.d/720-wireguard-vpn: 
May 15 09:18:57 localhost app-36: [WireGuardVpnManager] <> INFO  /etc/untangle/iptables-rules.d/720-wireguard-vpn: 
May 15 09:18:57 localhost app-36: [WireGuardVpnManager] <> INFO  Starting WireGuard interface and tunnels
May 15 09:18:58 localhost app-36: [WireGuardVpnManager] <> INFO  /usr/bin/wg-quick: 
May 15 09:18:58 localhost app-36: [WireGuardVpnManager] <> INFO  /usr/bin/wg-quick: [#] ip link add wg0 type wireguard
May 15 09:18:58 localhost app-36: [WireGuardVpnManager] <> INFO  /usr/bin/wg-quick: [#] wg setconf wg0 /dev/fd/63
May 15 09:18:58 localhost app-36: [WireGuardVpnManager] <> INFO  /usr/bin/wg-quick: [#] ip -4 address add 192.168.56.1 dev wg0
May 15 09:18:58 localhost app-36: [WireGuardVpnManager] <> INFO  /usr/bin/wg-quick: [#] ip link set mtu 1500 up dev wg0
May 15 09:18:58 localhost app-36: [WireGuardVpnManager] <> INFO  /usr/bin/wg-quick: [#] ip -4 route add 192.168.56.3/32 dev wg0
May 15 09:18:58 localhost app-36: [WireGuardVpnManager] <> INFO  /etc/untangle/iptables-rules.d/720-wireguard-vpn: 
May 15 09:18:58 localhost app-36: [WireGuardVpnManager] <> INFO  /etc/untangle/iptables-rules.d/720-wireguard-vpn: 
May 15 09:19:44 localhost app-36: [WireGuardVpnManager] <> INFO  Stopping WireGuard interface and tunnels
May 15 09:19:44 localhost app-36: [WireGuardVpnManager] <> INFO  /usr/bin/wg-quick: 
May 15 09:19:44 localhost app-36: [WireGuardVpnManager] <> INFO  /usr/bin/wg-quick: [#] ip link delete dev wg0
May 15 09:19:44 localhost app-36: [WireGuardVpnManager] <> INFO  /etc/untangle/iptables-rules.d/720-wireguard-vpn: 
May 15 09:19:44 localhost app-36: [WireGuardVpnManager] <> INFO  /etc/untangle/iptables-rules.d/720-wireguard-vpn: 
May 15 09:19:44 localhost app-36: [WireGuardVpnManager] <> INFO  Starting WireGuard interface and tunnels
May 15 09:19:44 localhost app-36: [WireGuardVpnManager] <> INFO  /usr/bin/wg-quick: 
May 15 09:19:44 localhost app-36: [WireGuardVpnManager] <> INFO  /usr/bin/wg-quick: [#] ip link add wg0 type wireguard
May 15 09:19:44 localhost app-36: [WireGuardVpnManager] <> INFO  /usr/bin/wg-quick: [#] wg setconf wg0 /dev/fd/63
May 15 09:19:44 localhost app-36: [WireGuardVpnManager] <> INFO  /usr/bin/wg-quick: [#] ip -4 address add 192.168.56.1 dev wg0
May 15 09:19:44 localhost app-36: [WireGuardVpnManager] <> INFO  /usr/bin/wg-quick: [#] ip link set mtu 1500 up dev wg0
May 15 09:19:44 localhost app-36: [WireGuardVpnManager] <> INFO  /usr/bin/wg-quick: [#] ip -4 route add 192.168.56.3/32 dev wg0
May 15 09:19:44 localhost app-36: [WireGuardVpnManager] <> INFO  /etc/untangle/iptables-rules.d/720-wireguard-vpn: 
May 15 09:19:44 localhost app-36: [WireGuardVpnManager] <> INFO  /etc/untangle/iptables-rules.d/720-wireguard-vpn: 
May 15 09:24:17 localhost app-36: [AppBase] <> INFO  Stopping   wireguard-vpn [36] ...
May 15 09:24:17 localhost app-36: [WireGuardVpnMonitor] <> INFO  WireGuardVpn monitor was interrupted
May 15 09:24:17 localhost app-36: [WireGuardVpnManager] <> INFO  Stopping WireGuard interface and tunnels
May 15 09:24:17 localhost app-36: [WireGuardVpnManager] <> INFO  /usr/bin/wg-quick: 
May 15 09:24:17 localhost app-36: [WireGuardVpnManager] <> INFO  /usr/bin/wg-quick: [#] ip link delete dev wg0
May 15 09:24:17 localhost app-36: [WireGuardVpnManager] <> INFO  /etc/untangle/iptables-rules.d/720-wireguard-vpn: 
May 15 09:24:17 localhost app-36: [WireGuardVpnManager] <> INFO  /etc/untangle/iptables-rules.d/720-wireguard-vpn: 
May 15 09:24:17 localhost app-36: [AppBase] <> INFO  Stopped    wireguard-vpn [36] ...
May 15 09:24:17 localhost app-36: [AppBase] <> INFO  Destroying wireguard-vpn [36] ...
May 15 09:24:17 localhost app-36: [AppBase] <> INFO  Destroyed  wireguard-vpn [36] ...
Jun 15 09:13:21 localhost app-36: [UnblockedSitesMonitor] <> INFO  UnblockedSitesMonitor initializing
Jun 15 09:13:21 localhost app-36: [WebFilterBase] <> WARN  No settings found - Initializing new settings.
Jun 15 09:13:21 localhost app-36: [WebFilterBase] <> INFO  Adding Category: ( 0, Uncategorized, false, false )
Jun 15 09:13:21 localhost app-36: [WebFilterBase] <> INFO  Adding Category: ( 1, Real Estate, false, false )
Jun 15 09:13:21 localhost app-36: [WebFilterBase] <> INFO  Adding Category: ( 2, Computer and Internet Security, false, false )
Jun 15 09:13:21 localhost app-36: [WebFilterBase] <> INFO  Adding Category: ( 3, Financial Services, false, false )
Jun 15 09:13:21 localhost app-36: [WebFilterBase] <> INFO  Adding Category: ( 4, Business and Economy, false, false )
Jun 15 09:13:21 localhost app-36: [WebFilterBase] <> INFO  Adding Category: ( 5, Computer and Internet Info, false, false )
Jun 15 09:13:21 localhost app-36: [WebFilterBase] <> INFO  Adding Category: ( 6, Auctions, false, false )
Jun 15 09:13:21 localhost app-36: [WebFilterBase] <> INFO  Adding Category: ( 7, Shopping, false, false )
Jun 15 09:13:21 localhost app-36: [WebFilterBase] <> INFO  Adding Category: ( 8, Cult and Occult, false, false )
Jun 15 09:13:21 localhost app-36: [WebFilterBase] <> INFO  Adding Category: ( 9, Travel, false, false )
Jun 15 09:13:21 localhost app-36: [WebFilterBase] <> INFO  Adding Category: ( 10, Abused Drugs, false, false )
Jun 15 09:13:21 localhost app-36: [WebFilterBase] <> INFO  Adding Category: ( 11, Adult and Pornography, true, true )
Jun 15 09:13:21 localhost app-36: [WebFilterBase] <> INFO  Adding Category: ( 12, Home and Garden, false, false )
Jun 15 09:13:21 localhost app-36: [WebFilterBase] <> INFO  Adding Category: ( 13, Military, false, false )
Jun 15 09:13:21 localhost app-36: [WebFilterBase] <> INFO  Adding Category: ( 14, Social Networking, false, false )
Jun 15 09:13:21 localhost app-36: [WebFilterBase] <> INFO  Adding Category: ( 15, Dead Sites, false, false )
Jun 15 09:13:21 localhost app-36: [WebFilterBase] <> INFO  Adding Category: ( 16, Individual Stock Advice and Tools, false, false )
Jun 15 09:13:21 localhost app-36: [WebFilterBase] <> INFO  Adding Category: ( 17, Training and Tools, false, false )
Jun 15 09:13:21 localhost app-36: [WebFilterBase] <> INFO  Adding Category: ( 18, Dating, false, false )
Jun 15 09:13:21 localhost app-36: [WebFilterBase] <> INFO  Adding Category: ( 19, Sex Education, false, false )
Jun 15 09:13:21 localhost app-36: [WebFilterBase] <> INFO  Adding Category: ( 20, Religion, false, false )
Jun 15 09:13:21 localhost app-36: [WebFilterBase] <> INFO  Adding Category: ( 21, Entertainment and Arts, false, false )
Jun 15 09:13:21 localhost app-36: [WebFilterBase] <> INFO  Adding Category: ( 22, Personal sites and Blogs, false, false )
Jun 15 09:13:21 localhost app-36: [WebFilterBase] <> INFO  Adding Category: ( 23, Legal, false, false )
Jun 15 09:13:21 localhost app-36: [WebFilterBase] <> INFO  Adding Category: ( 24, Local Information, false, false )
Jun 15 09:13:21 localhost app-36: [WebFilterBase] <> INFO  Adding Category: ( 25, Streaming Media, false, false )
Jun 15 09:13:21 localhost app-36: [WebFilterBase] <> INFO  Adding Category: ( 26, Job Search, false, false )
Jun 15 09:13:21 localhost app-36: [WebFilterBase] <> INFO  Adding Category: ( 27, Gambling, false, false )
Jun 15 09:13:21 localhost app-36: [WebFilterBase] <> INFO  Adding Category: ( 28, Translation, false, false )
Jun 15 09:13:21 localhost app-36: [WebFilterBase] <> INFO  Adding Category: ( 29, Reference and Research, false, false )
Jun 15 09:13:21 localhost app-36: [WebFilterBase] <> INFO  Adding Category: ( 30, Shareware and Freeware, false, false )
Jun 15 09:13:21 localhost app-36: [WebFilterBase] <> INFO  Adding Category: ( 31, Peer to Peer, false, false )
Jun 15 09:13:21 localhost app-36: [WebFilterBase] <> INFO  Adding Category: ( 32, Marijuana, false, false )
Jun 15 09:13:21 localhost app-36: [WebFilterBase] <> INFO  Adding Category: ( 33, Hacking, false, false )
Jun 15 09:13:21 localhost app-36: [WebFilterBase] <> INFO  Adding Category: ( 34, Games, false, false )
Jun 15 09:13:21 localhost app-36: [WebFilterBase] <> INFO  Adding Category: ( 35, Philosophy and Political Advocacy, false, false )
Jun 15 09:13:21 localhost app-36: [WebFilterBase] <> INFO  Adding Category: ( 36, Weapons, false, false )
Jun 15 09:13:21 localhost app-36: [WebFilterBase] <> INFO  Adding Category: ( 37, Pay to Surf, false, false )
Jun 15 09:13:21 localhost app-36: [WebFilterBase] <> INFO  Adding Category: ( 38, Hunting and Fishing, false, false )
Jun 15 09:13:21 localhost app-36: [WebFilterBase] <> INFO  Adding Category: ( 39, Society, false, false )
Jun 15 09:13:21 localhost app-36: [WebFilterBase] <> INFO  Adding Category: ( 40, Educational Institutions, false, false )
Jun 15 09:13:21 localhost app-36: [WebFilterBase] <> INFO  Adding Category: ( 41, Online Greeting Cards, false, false )
Jun 15 09:13:21 localhost app-36: [WebFilterBase] <> INFO  Adding Category: ( 42, Sports, false, false )
Jun 15 09:13:21 localhost app-36: [WebFilterBase] <> INFO  Adding Category: ( 43, Swimsuits and Intimate Apparel, false, false )
Jun 15 09:13:21 localhost app-36: [WebFilterBase] <> INFO  Adding Category: ( 44, Questionable, true, true )
Jun 15 09:13:21 localhost app-36: [WebFilterBase] <> INFO  Adding Category: ( 45, Kids, false, false )
Jun 15 09:13:21 localhost app-36: [WebFilterBase] <> INFO  Adding Category: ( 46, Hate and Racism, false, false )
Jun 15 09:13:21 localhost app-36: [WebFilterBase] <> INFO  Adding Category: ( 47, Personal Storage, false, false )
Jun 15 09:13:21 localhost app-36: [WebFilterBase] <> INFO  Adding Category: ( 48, Violence, false, false )
Jun 15 09:13:21 localhost app-36: [WebFilterBase] <> INFO  Adding Category: ( 49, Keyloggers and Monitoring, true, true )
Jun 15 09:13:21 localhost app-36: [WebFilterBase] <> INFO  Adding Category: ( 50, Search Engines, false, false )
Jun 15 09:13:21 localhost app-36: [WebFilterBase] <> INFO  Adding Category: ( 51, Internet Portals, false, false )
Jun 15 09:13:21 localhost app-36: [WebFilterBase] <> INFO  Adding Category: ( 52, Web Advertisements, false, false )
Jun 15 09:13:21 localhost app-36: [WebFilterBase] <> INFO  Adding Category: ( 53, Cheating, false, false )
Jun 15 09:13:21 localhost app-36: [WebFilterBase] <> INFO  Adding Category: ( 54, Gross, false, false )
Jun 15 09:13:21 localhost app-36: [WebFilterBase] <> INFO  Adding Category: ( 55, Web-based Email, false, false )
Jun 15 09:13:21 localhost app-36: [WebFilterBase] <> INFO  Adding Category: ( 56, Malware Sites, true, true )
Jun 15 09:13:21 localhost app-36: [WebFilterBase] <> INFO  Adding Category: ( 57, Phishing and Other Frauds, true, true )
Jun 15 09:13:21 localhost app-36: [WebFilterBase] <> INFO  Adding Category: ( 58, Proxy Avoidance and Anonymizers, true, true )
Jun 15 09:13:21 localhost app-36: [WebFilterBase] <> INFO  Adding Category: ( 59, Spyware and Adware, true, true )
Jun 15 09:13:21 localhost app-36: [WebFilterBase] <> INFO  Adding Category: ( 60, Music, false, false )
Jun 15 09:13:21 localhost app-36: [WebFilterBase] <> INFO  Adding Category: ( 61, Government, false, false )
Jun 15 09:13:21 localhost app-36: [WebFilterBase] <> INFO  Adding Category: ( 62, Nudity, false, false )
Jun 15 09:13:21 localhost app-36: [WebFilterBase] <> INFO  Adding Category: ( 63, News and Media, false, false )
Jun 15 09:13:21 localhost app-36: [WebFilterBase] <> INFO  Adding Category: ( 64, Illegal, false, false )
Jun 15 09:13:21 localhost app-36: [WebFilterBase] <> INFO  Adding Category: ( 65, Content Delivery Networks, false, false )
Jun 15 09:13:21 localhost app-36: [WebFilterBase] <> INFO  Adding Category: ( 66, Internet Communications, false, false )
Jun 15 09:13:21 localhost app-36: [WebFilterBase] <> INFO  Adding Category: ( 67, Bot Nets, true, true )
Jun 15 09:13:21 localhost app-36: [WebFilterBase] <> INFO  Adding Category: ( 68, Abortion, false, false )
Jun 15 09:13:21 localhost app-36: [WebFilterBase] <> INFO  Adding Category: ( 69, Health and Medicine, false, false )
Jun 15 09:13:21 localhost app-36: [WebFilterBase] <> INFO  Adding Category: ( 71, SPAM URLs, false, false )
Jun 15 09:13:21 localhost app-36: [WebFilterBase] <> INFO  Adding Category: ( 74, Dynamically Generated Content, false, false )
Jun 15 09:13:21 localhost app-36: [WebFilterBase] <> INFO  Adding Category: ( 75, Parked Domains, false, false )
Jun 15 09:13:21 localhost app-36: [WebFilterBase] <> INFO  Adding Category: ( 76, Alcohol and Tobacco, false, false )
Jun 15 09:13:21 localhost app-36: [WebFilterBase] <> INFO  Adding Category: ( 78, Image and Video Search, false, false )
Jun 15 09:13:21 localhost app-36: [WebFilterBase] <> INFO  Adding Category: ( 79, Fashion and Beauty, false, false )
Jun 15 09:13:21 localhost app-36: [WebFilterBase] <> INFO  Adding Category: ( 80, Recreation and Hobbies, false, false )
Jun 15 09:13:21 localhost app-36: [WebFilterBase] <> INFO  Adding Category: ( 81, Motor Vehicles, false, false )
Jun 15 09:13:21 localhost app-36: [WebFilterBase] <> INFO  Adding Category: ( 82, Web Hosting, false, false )
Jun 15 09:13:22 localhost app-36: [AppBase] <> INFO  Starting   web-filter [36] ...
Jun 15 09:13:22 localhost app-36: [AppBase] <> INFO  Started    web-filter [36] ...
Jun 15 14:21:24 localhost app-36: [AppBase] <> INFO  Stopping   web-filter [36] ...
Jun 15 14:21:24 localhost app-36: [AppBase] <> INFO  Stopped    web-filter [36] ...
Jun 16 08:03:22 localhost app-36: [UnblockedSitesMonitor] <> INFO  UnblockedSitesMonitor initializing
Jun 16 08:36:58 localhost app-36: [UnblockedSitesMonitor] <> INFO  UnblockedSitesMonitor initializing
Jun 16 08:46:22 localhost app-36: [UnblockedSitesMonitor] <> INFO  UnblockedSitesMonitor initializing
Jun 16 08:46:52 localhost app-36: [UnblockedSitesMonitor] <> INFO  UnblockedSitesMonitor initializing
Jun 16 09:19:32 localhost app-36: [UnblockedSitesMonitor] <> INFO  UnblockedSitesMonitor initializing
Jun 16 09:23:16 localhost app-36: [UnblockedSitesMonitor] <> INFO  UnblockedSitesMonitor initializing
Jun 16 13:48:40 localhost app-36: [UnblockedSitesMonitor] <> INFO  UnblockedSitesMonitor initializing
Jun 16 13:51:04 localhost app-36: [UnblockedSitesMonitor] <> INFO  UnblockedSitesMonitor initializing
Jun 16 15:09:40 localhost app-36: [UnblockedSitesMonitor] <> INFO  UnblockedSitesMonitor initializing
Jun 16 15:15:30 localhost app-36: [UnblockedSitesMonitor] <> INFO  UnblockedSitesMonitor initializing
Jun 16 15:18:06 localhost app-36: [UnblockedSitesMonitor] <> INFO  UnblockedSitesMonitor initializing
Jun 16 15:25:42 localhost app-36: [UnblockedSitesMonitor] <> INFO  UnblockedSitesMonitor initializing
Jun 16 15:34:36 localhost app-36: [UnblockedSitesMonitor] <> INFO  UnblockedSitesMonitor initializing
Jun 17 08:38:19 localhost app-36: [UnblockedSitesMonitor] <> INFO  UnblockedSitesMonitor initializing
Jun 17 08:39:28 localhost app-36: [UnblockedSitesMonitor] <> INFO  UnblockedSitesMonitor initializing
Jun 17 08:42:35 localhost app-36: [UnblockedSitesMonitor] <> INFO  UnblockedSitesMonitor initializing
Jun 17 08:47:03 localhost app-36: [UnblockedSitesMonitor] <> INFO  UnblockedSitesMonitor initializing
Jun 17 08:49:11 localhost app-36: [UnblockedSitesMonitor] <> INFO  UnblockedSitesMonitor initializing
Jun 17 08:49:51 localhost app-36: [UnblockedSitesMonitor] <> INFO  UnblockedSitesMonitor initializing
Jun 17 08:55:15 localhost app-36: [UnblockedSitesMonitor] <> INFO  UnblockedSitesMonitor initializing
Jun 17 08:56:59 localhost app-36: [UnblockedSitesMonitor] <> INFO  UnblockedSitesMonitor initializing
Jun 17 08:59:48 localhost app-36: [UnblockedSitesMonitor] <> INFO  UnblockedSitesMonitor initializing
Jun 17 09:02:29 localhost app-36: [UnblockedSitesMonitor] <> INFO  UnblockedSitesMonitor initializing
Jun 17 09:07:02 localhost app-36: [UnblockedSitesMonitor] <> INFO  UnblockedSitesMonitor initializing
Jun 17 09:17:15 localhost app-36: [UnblockedSitesMonitor] <> INFO  UnblockedSitesMonitor initializing
Jun 17 09:17:44 localhost app-36: [UnblockedSitesMonitor] <> INFO  UnblockedSitesMonitor initializing
Jun 17 09:19:59 localhost app-36: [UnblockedSitesMonitor] <> INFO  UnblockedSitesMonitor initializing
Jun 17 09:21:25 localhost app-36: [UnblockedSitesMonitor] <> INFO  UnblockedSitesMonitor initializing
Jun 17 09:32:13 localhost app-36: [UnblockedSitesMonitor] <> INFO  UnblockedSitesMonitor initializing
Jun 17 09:35:29 localhost app-36: [UnblockedSitesMonitor] <> INFO  UnblockedSitesMonitor initializing
Jun 17 09:37:41 localhost app-36: [UnblockedSitesMonitor] <> INFO  UnblockedSitesMonitor initializing
Jun 17 09:41:16 localhost app-36: [UnblockedSitesMonitor] <> INFO  UnblockedSitesMonitor initializing
Jun 17 09:44:26 localhost app-36: [UnblockedSitesMonitor] <> INFO  UnblockedSitesMonitor initializing
Jun 17 09:47:33 localhost app-36: [UnblockedSitesMonitor] <> INFO  UnblockedSitesMonitor initializing
Jun 17 09:48:47 localhost app-36: [UnblockedSitesMonitor] <> INFO  UnblockedSitesMonitor initializing
Jun 17 09:50:50 localhost app-36: [UnblockedSitesMonitor] <> INFO  UnblockedSitesMonitor initializing
Jun 17 09:54:35 localhost app-36: [UnblockedSitesMonitor] <> INFO  UnblockedSitesMonitor initializing
Jun 17 09:59:23 localhost app-36: [UnblockedSitesMonitor] <> INFO  UnblockedSitesMonitor initializing
Jun 17 10:02:31 localhost app-36: [UnblockedSitesMonitor] <> INFO  UnblockedSitesMonitor initializing
Jun 17 10:05:35 localhost app-36: [UnblockedSitesMonitor] <> INFO  UnblockedSitesMonitor initializing
Jun 17 10:06:40 localhost app-36: [UnblockedSitesMonitor] <> INFO  UnblockedSitesMonitor initializing
Jun 17 10:08:37 localhost app-36: [UnblockedSitesMonitor] <> INFO  UnblockedSitesMonitor initializing
Jun 17 10:11:59 localhost app-36: [UnblockedSitesMonitor] <> INFO  UnblockedSitesMonitor initializing
Jun 17 10:15:20 localhost app-36: [UnblockedSitesMonitor] <> INFO  UnblockedSitesMonitor initializing
Jun 17 10:18:16 localhost app-36: [UnblockedSitesMonitor] <> INFO  UnblockedSitesMonitor initializing
Jun 17 10:22:56 localhost app-36: [UnblockedSitesMonitor] <> INFO  UnblockedSitesMonitor initializing
Jun 17 10:26:49 localhost app-36: [UnblockedSitesMonitor] <> INFO  UnblockedSitesMonitor initializing
Jun 17 13:52:31 localhost app-36: [UnblockedSitesMonitor] <> INFO  UnblockedSitesMonitor initializing
Jun 17 13:59:54 localhost app-36: [UnblockedSitesMonitor] <> INFO  UnblockedSitesMonitor initializing
Jun 17 14:01:09 localhost app-36: [UnblockedSitesMonitor] <> INFO  UnblockedSitesMonitor initializing
Jun 17 14:16:11 localhost app-36: [UnblockedSitesMonitor] <> INFO  UnblockedSitesMonitor initializing
Jun 17 14:17:14 localhost app-36: [UnblockedSitesMonitor] <> INFO  UnblockedSitesMonitor initializing
Jun 19 09:15:56 localhost app-36: [UnblockedSitesMonitor] <> INFO  UnblockedSitesMonitor initializing
Jun 25 08:31:21 localhost app-36: [UnblockedSitesMonitor] <> INFO  UnblockedSitesMonitor initializing
Jun 26 11:13:01 localhost app-36: [UnblockedSitesMonitor] <> INFO  UnblockedSitesMonitor initializing
Jun 29 08:37:25 localhost app-36: [UnblockedSitesMonitor] <> INFO  UnblockedSitesMonitor initializing
Jun 29 09:06:01 localhost app-36: [UnblockedSitesMonitor] <> INFO  UnblockedSitesMonitor initializing
Jun 30 09:58:11 localhost app-36: [UnblockedSitesMonitor] <> INFO  UnblockedSitesMonitor initializing
Jun 30 11:26:58 localhost app-36: [UnblockedSitesMonitor] <> INFO  UnblockedSitesMonitor initializing
Jun 30 12:08:56 localhost app-36: [UnblockedSitesMonitor] <> INFO  UnblockedSitesMonitor initializing
Jun 30 12:30:39 localhost app-36: [UnblockedSitesMonitor] <> INFO  UnblockedSitesMonitor initializing
Jul  2 08:29:01 localhost app-36: [UnblockedSitesMonitor] <> INFO  UnblockedSitesMonitor initializing
Jul  5 13:27:12 localhost app-36: [UnblockedSitesMonitor] <> INFO  UnblockedSitesMonitor initializing
Jul  5 13:33:21 localhost app-36: [UnblockedSitesMonitor] <> INFO  UnblockedSitesMonitor initializing
Jul  5 13:39:47 localhost app-36: [UnblockedSitesMonitor] <> INFO  UnblockedSitesMonitor initializing
Jul  5 13:40:51 localhost app-36: [UnblockedSitesMonitor] <> INFO  UnblockedSitesMonitor initializing
Jul  5 13:42:03 localhost app-36: [UnblockedSitesMonitor] <> INFO  UnblockedSitesMonitor initializing
Jul  5 13:42:23 localhost app-36: [UnblockedSitesMonitor] <> INFO  UnblockedSitesMonitor initializing
Jul  7 14:10:02 localhost app-36: [UnblockedSitesMonitor] <> INFO  UnblockedSitesMonitor initializing
Jul  7 15:51:36 localhost app-36: [UnblockedSitesMonitor] <> INFO  UnblockedSitesMonitor initializing
Jul  8 14:55:54 localhost app-36: [WebFilterBase] <> WARN  No settings found - Initializing new settings.
Jul  8 14:55:54 localhost app-36: [WebFilterBase] <> INFO  Adding Category: ( 0, Uncategorized, false, false )
Jul  8 14:55:54 localhost app-36: [WebFilterBase] <> INFO  Adding Category: ( 1, Real Estate, false, false )
Jul  8 14:55:54 localhost app-36: [WebFilterBase] <> INFO  Adding Category: ( 2, Computer and Internet Security, false, false )
Jul  8 14:55:54 localhost app-36: [WebFilterBase] <> INFO  Adding Category: ( 3, Financial Services, false, false )
Jul  8 14:55:54 localhost app-36: [WebFilterBase] <> INFO  Adding Category: ( 4, Business and Economy, false, false )
Jul  8 14:55:54 localhost app-36: [WebFilterBase] <> INFO  Adding Category: ( 5, Computer and Internet Info, false, false )
Jul  8 14:55:54 localhost app-36: [WebFilterBase] <> INFO  Adding Category: ( 6, Auctions, false, false )
Jul  8 14:55:54 localhost app-36: [WebFilterBase] <> INFO  Adding Category: ( 7, Shopping, false, false )
Jul  8 14:55:54 localhost app-36: [WebFilterBase] <> INFO  Adding Category: ( 8, Cult and Occult, false, false )
Jul  8 14:55:54 localhost app-36: [WebFilterBase] <> INFO  Adding Category: ( 9, Travel, false, false )
Jul  8 14:55:54 localhost app-36: [WebFilterBase] <> INFO  Adding Category: ( 10, Abused Drugs, false, false )
Jul  8 14:55:54 localhost app-36: [WebFilterBase] <> INFO  Adding Category: ( 11, Adult and Pornography, true, true )
Jul  8 14:55:54 localhost app-36: [WebFilterBase] <> INFO  Adding Category: ( 12, Home and Garden, false, false )
Jul  8 14:55:54 localhost app-36: [WebFilterBase] <> INFO  Adding Category: ( 13, Military, false, false )
Jul  8 14:55:54 localhost app-36: [WebFilterBase] <> INFO  Adding Category: ( 14, Social Networking, false, false )
Jul  8 14:55:54 localhost app-36: [WebFilterBase] <> INFO  Adding Category: ( 15, Dead Sites, false, false )
Jul  8 14:55:54 localhost app-36: [WebFilterBase] <> INFO  Adding Category: ( 16, Individual Stock Advice and Tools, false, false )
Jul  8 14:55:54 localhost app-36: [WebFilterBase] <> INFO  Adding Category: ( 17, Training and Tools, false, false )
Jul  8 14:55:54 localhost app-36: [WebFilterBase] <> INFO  Adding Category: ( 18, Dating, false, false )
Jul  8 14:55:54 localhost app-36: [WebFilterBase] <> INFO  Adding Category: ( 19, Sex Education, false, false )
Jul  8 14:55:54 localhost app-36: [WebFilterBase] <> INFO  Adding Category: ( 20, Religion, false, false )
Jul  8 14:55:54 localhost app-36: [WebFilterBase] <> INFO  Adding Category: ( 21, Entertainment and Arts, false, false )
Jul  8 14:55:54 localhost app-36: [WebFilterBase] <> INFO  Adding Category: ( 22, Personal sites and Blogs, false, false )
Jul  8 14:55:54 localhost app-36: [WebFilterBase] <> INFO  Adding Category: ( 23, Legal, false, false )
Jul  8 14:55:54 localhost app-36: [WebFilterBase] <> INFO  Adding Category: ( 24, Local Information, false, false )
Jul  8 14:55:54 localhost app-36: [WebFilterBase] <> INFO  Adding Category: ( 25, Streaming Media, false, false )
Jul  8 14:55:54 localhost app-36: [WebFilterBase] <> INFO  Adding Category: ( 26, Job Search, false, false )
Jul  8 14:55:54 localhost app-36: [WebFilterBase] <> INFO  Adding Category: ( 27, Gambling, false, false )
Jul  8 14:55:54 localhost app-36: [WebFilterBase] <> INFO  Adding Category: ( 28, Translation, false, false )
Jul  8 14:55:54 localhost app-36: [WebFilterBase] <> INFO  Adding Category: ( 29, Reference and Research, false, false )
Jul  8 14:55:54 localhost app-36: [WebFilterBase] <> INFO  Adding Category: ( 30, Shareware and Freeware, false, false )
Jul  8 14:55:54 localhost app-36: [WebFilterBase] <> INFO  Adding Category: ( 31, Peer to Peer, false, false )
Jul  8 14:55:54 localhost app-36: [WebFilterBase] <> INFO  Adding Category: ( 32, Marijuana, false, false )
Jul  8 14:55:54 localhost app-36: [WebFilterBase] <> INFO  Adding Category: ( 33, Hacking, false, false )
Jul  8 14:55:54 localhost app-36: [WebFilterBase] <> INFO  Adding Category: ( 34, Games, false, false )
Jul  8 14:55:54 localhost app-36: [WebFilterBase] <> INFO  Adding Category: ( 35, Philosophy and Political Advocacy, false, false )
Jul  8 14:55:54 localhost app-36: [WebFilterBase] <> INFO  Adding Category: ( 36, Weapons, false, false )
Jul  8 14:55:54 localhost app-36: [WebFilterBase] <> INFO  Adding Category: ( 37, Pay to Surf, false, false )
Jul  8 14:55:54 localhost app-36: [WebFilterBase] <> INFO  Adding Category: ( 38, Hunting and Fishing, false, false )
Jul  8 14:55:54 localhost app-36: [WebFilterBase] <> INFO  Adding Category: ( 39, Society, false, false )
Jul  8 14:55:54 localhost app-36: [WebFilterBase] <> INFO  Adding Category: ( 40, Educational Institutions, false, false )
Jul  8 14:55:54 localhost app-36: [WebFilterBase] <> INFO  Adding Category: ( 41, Online Greeting Cards, false, false )
Jul  8 14:55:54 localhost app-36: [WebFilterBase] <> INFO  Adding Category: ( 42, Sports, false, false )
Jul  8 14:55:54 localhost app-36: [WebFilterBase] <> INFO  Adding Category: ( 43, Swimsuits and Intimate Apparel, false, false )
Jul  8 14:55:54 localhost app-36: [WebFilterBase] <> INFO  Adding Category: ( 44, Questionable, true, true )
Jul  8 14:55:54 localhost app-36: [WebFilterBase] <> INFO  Adding Category: ( 45, Kids, false, false )
Jul  8 14:55:54 localhost app-36: [WebFilterBase] <> INFO  Adding Category: ( 46, Hate and Racism, false, false )
Jul  8 14:55:54 localhost app-36: [WebFilterBase] <> INFO  Adding Category: ( 47, Personal Storage, false, false )
Jul  8 14:55:54 localhost app-36: [WebFilterBase] <> INFO  Adding Category: ( 48, Violence, false, false )
Jul  8 14:55:54 localhost app-36: [WebFilterBase] <> INFO  Adding Category: ( 49, Keyloggers and Monitoring, true, true )
Jul  8 14:55:54 localhost app-36: [WebFilterBase] <> INFO  Adding Category: ( 50, Search Engines, false, false )
Jul  8 14:55:54 localhost app-36: [WebFilterBase] <> INFO  Adding Category: ( 51, Internet Portals, false, false )
Jul  8 14:55:54 localhost app-36: [WebFilterBase] <> INFO  Adding Category: ( 52, Web Advertisements, false, false )
Jul  8 14:55:54 localhost app-36: [WebFilterBase] <> INFO  Adding Category: ( 53, Cheating, false, false )
Jul  8 14:55:54 localhost app-36: [WebFilterBase] <> INFO  Adding Category: ( 54, Gross, false, false )
Jul  8 14:55:54 localhost app-36: [WebFilterBase] <> INFO  Adding Category: ( 55, Web-based Email, false, false )
Jul  8 14:55:54 localhost app-36: [WebFilterBase] <> INFO  Adding Category: ( 56, Malware Sites, true, true )
Jul  8 14:55:54 localhost app-36: [WebFilterBase] <> INFO  Adding Category: ( 57, Phishing and Other Frauds, true, true )
Jul  8 14:55:54 localhost app-36: [WebFilterBase] <> INFO  Adding Category: ( 58, Proxy Avoidance and Anonymizers, true, true )
Jul  8 14:55:54 localhost app-36: [WebFilterBase] <> INFO  Adding Category: ( 59, Spyware and Adware, true, true )
Jul  8 14:55:54 localhost app-36: [WebFilterBase] <> INFO  Adding Category: ( 60, Music, false, false )
Jul  8 14:55:54 localhost app-36: [WebFilterBase] <> INFO  Adding Category: ( 61, Government, false, false )
Jul  8 14:55:54 localhost app-36: [WebFilterBase] <> INFO  Adding Category: ( 62, Nudity, false, false )
Jul  8 14:55:54 localhost app-36: [WebFilterBase] <> INFO  Adding Category: ( 63, News and Media, false, false )
Jul  8 14:55:54 localhost app-36: [WebFilterBase] <> INFO  Adding Category: ( 64, Illegal, false, false )
Jul  8 14:55:54 localhost app-36: [WebFilterBase] <> INFO  Adding Category: ( 65, Content Delivery Networks, false, false )
Jul  8 14:55:54 localhost app-36: [WebFilterBase] <> INFO  Adding Category: ( 66, Internet Communications, false, false )
Jul  8 14:55:54 localhost app-36: [WebFilterBase] <> INFO  Adding Category: ( 67, Bot Nets, true, true )
Jul  8 14:55:54 localhost app-36: [WebFilterBase] <> INFO  Adding Category: ( 68, Abortion, false, false )
Jul  8 14:55:54 localhost app-36: [WebFilterBase] <> INFO  Adding Category: ( 69, Health and Medicine, false, false )
Jul  8 14:55:54 localhost app-36: [WebFilterBase] <> INFO  Adding Category: ( 71, SPAM URLs, false, false )
Jul  8 14:55:54 localhost app-36: [WebFilterBase] <> INFO  Adding Category: ( 74, Dynamically Generated Content, false, false )
Jul  8 14:55:54 localhost app-36: [WebFilterBase] <> INFO  Adding Category: ( 75, Parked Domains, false, false )
Jul  8 14:55:54 localhost app-36: [WebFilterBase] <> INFO  Adding Category: ( 76, Alcohol and Tobacco, false, false )
Jul  8 14:55:54 localhost app-36: [WebFilterBase] <> INFO  Adding Category: ( 78, Image and Video Search, false, false )
Jul  8 14:55:54 localhost app-36: [WebFilterBase] <> INFO  Adding Category: ( 79, Fashion and Beauty, false, false )
Jul  8 14:55:54 localhost app-36: [WebFilterBase] <> INFO  Adding Category: ( 80, Recreation and Hobbies, false, false )
Jul  8 14:55:54 localhost app-36: [WebFilterBase] <> INFO  Adding Category: ( 81, Motor Vehicles, false, false )
Jul  8 14:55:54 localhost app-36: [WebFilterBase] <> INFO  Adding Category: ( 82, Web Hosting, false, false )
Jul 10 13:04:52 localhost app-36: [UnblockedSitesMonitor] <> INFO  UnblockedSitesMonitor initializing
Jul 10 13:06:33 localhost app-36: [UnblockedSitesMonitor] <> INFO  UnblockedSitesMonitor initializing
Jul 10 13:20:30 localhost app-36: [UnblockedSitesMonitor] <> INFO  UnblockedSitesMonitor initializing
Jul 10 14:00:50 localhost app-36: [UnblockedSitesMonitor] <> INFO  UnblockedSitesMonitor initializing
Jul 10 14:01:18 localhost app-36: [UnblockedSitesMonitor] <> INFO  UnblockedSitesMonitor initializing
Jul 10 14:59:37 localhost app-36: [UnblockedSitesMonitor] <> INFO  UnblockedSitesMonitor initializing
Jul 10 15:06:39 localhost app-36: [UnblockedSitesMonitor] <> INFO  UnblockedSitesMonitor initializing
Jul 13 09:00:24 localhost app-36: [UnblockedSitesMonitor] <> INFO  UnblockedSitesMonitor initializing
Jul 13 10:10:18 localhost app-36: [UnblockedSitesMonitor] <> INFO  UnblockedSitesMonitor initializing
Jul 13 15:19:24 localhost app-36: [UnblockedSitesMonitor] <> INFO  UnblockedSitesMonitor initializing
Jul 14 08:59:03 localhost app-36: [UnblockedSitesMonitor] <> INFO  UnblockedSitesMonitor initializing
Jul 14 09:08:28 localhost app-36: [UnblockedSitesMonitor] <> INFO  UnblockedSitesMonitor initializing
Jul 14 09:30:08 localhost app-36: [UnblockedSitesMonitor] <> INFO  UnblockedSitesMonitor initializing
Jul 14 10:05:56 localhost app-36: [UnblockedSitesMonitor] <> INFO  UnblockedSitesMonitor initializing
Sep 21 15:04:02 localhost app-36: [IpsecVpnApp] <> INFO  /root/development/github/ngfw_src/dist/etc/untangle/iptables-rules.d/710-ipsec: 0
Sep 21 15:04:02 localhost app-36: [IpsecVpnApp] <> INFO  /root/development/github/ngfw_src/dist/etc/untangle/iptables-rules.d/710-ipsec: 
Sep 21 15:04:02 localhost app-36: [IpsecVpnApp] <> INFO  /root/development/github/ngfw_src/dist/etc/untangle/iptables-rules.d/711-xauth: 1
Sep 21 15:04:02 localhost app-36: [IpsecVpnApp] <> INFO  /root/development/github/ngfw_src/dist/etc/untangle/iptables-rules.d/711-xauth: 
Sep 21 15:04:02 localhost app-36: [IpsecVpnApp] <> INFO  /root/development/github/ngfw_src/dist/etc/untangle/iptables-rules.d/712-gre: 0
Sep 21 15:04:02 localhost app-36: [IpsecVpnApp] <> INFO  /root/development/github/ngfw_src/dist/etc/untangle/iptables-rules.d/712-gre: 
Sep 21 15:04:02 localhost app-36: [IpsecVpnApp] <> INFO  Loaded settings from: /root/development/github/ngfw_src/dist/usr/share/untangle/settings/ipsec-vpn/settings_36.js
Sep 21 15:04:03 localhost app-36: [IpsecVpnApp] <> INFO  /root/development/github/ngfw_src/dist/etc/untangle/iptables-rules.d/710-ipsec: 0
Sep 21 15:04:03 localhost app-36: [IpsecVpnApp] <> INFO  /root/development/github/ngfw_src/dist/etc/untangle/iptables-rules.d/710-ipsec: 
Sep 21 15:04:03 localhost app-36: [IpsecVpnApp] <> INFO  /root/development/github/ngfw_src/dist/etc/untangle/iptables-rules.d/711-xauth: 1
Sep 21 15:04:03 localhost app-36: [IpsecVpnApp] <> INFO  /root/development/github/ngfw_src/dist/etc/untangle/iptables-rules.d/711-xauth: 
Sep 21 15:04:03 localhost app-36: [IpsecVpnApp] <> INFO  /root/development/github/ngfw_src/dist/etc/untangle/iptables-rules.d/712-gre: 0
Sep 21 15:04:03 localhost app-36: [IpsecVpnApp] <> INFO  /root/development/github/ngfw_src/dist/etc/untangle/iptables-rules.d/712-gre: 
Sep 21 15:04:03 localhost app-36: [AppBase] <> INFO  Starting   ipsec-vpn [36] ...
Sep 21 15:04:03 localhost app-36: [IpsecVpnApp] <> INFO  /root/development/github/ngfw_src/dist/etc/untangle/iptables-rules.d/710-ipsec: 0
Sep 21 15:04:03 localhost app-36: [IpsecVpnApp] <> INFO  /root/development/github/ngfw_src/dist/etc/untangle/iptables-rules.d/710-ipsec: 
Sep 21 15:04:04 localhost app-36: [IpsecVpnApp] <> INFO  /root/development/github/ngfw_src/dist/etc/untangle/iptables-rules.d/711-xauth: 1
Sep 21 15:04:04 localhost app-36: [IpsecVpnApp] <> INFO  /root/development/github/ngfw_src/dist/etc/untangle/iptables-rules.d/711-xauth: 
Sep 21 15:04:04 localhost app-36: [IpsecVpnApp] <> INFO  /root/development/github/ngfw_src/dist/etc/untangle/iptables-rules.d/712-gre: 0
Sep 21 15:04:04 localhost app-36: [IpsecVpnApp] <> INFO  /root/development/github/ngfw_src/dist/etc/untangle/iptables-rules.d/712-gre: 
Sep 21 15:04:04 localhost app-36: [AppBase] <> INFO  Started    ipsec-vpn [36] ...
Sep 21 23:35:58 localhost app-36: [AppBase] <> INFO  Stopping   ipsec-vpn [36] ...
Sep 21 23:35:58 localhost app-36: [AppBase] <> INFO  Stopped    ipsec-vpn [36] ...
