Apr  6 19:29:25 localhost app-59: [FirewallApp] <> WARN  No settings found - Initializing new settings.
Apr  6 19:29:25 localhost app-59: [FirewallApp] <> INFO  Creating the default settings...
Apr  6 19:29:25 localhost app-59: [FirewallApp] <> INFO  Reconfigure()
Apr  6 19:29:25 localhost app-59: [AppBase] <> INFO  killMatchingSessions()
Apr  6 19:29:25 localhost app-59: [FirewallApp] <> INFO  Reconfigure()
Apr  6 19:29:25 localhost app-59: [AppBase] <> INFO  killMatchingSessions()
Apr  6 19:29:25 localhost app-59: [AppBase] <> INFO  Starting   firewall [59] ...
Apr  6 19:29:25 localhost app-59: [FirewallApp] <> INFO  Reconfigure()
Apr  6 19:29:25 localhost app-59: [AppBase] <> INFO  killMatchingSessions()
Apr  6 19:29:25 localhost app-59: [AppBase] <> INFO  killMatchingSessions()
Apr  6 19:29:25 localhost app-59: [AppBase] <> INFO  Started    firewall [59] ...
Apr  6 19:29:25 localhost app-59: [FirewallApp] <> INFO  Reconfigure()
Apr  6 19:29:25 localhost app-59: [AppBase] <> INFO  killMatchingSessions()
Apr  6 19:29:26 localhost app-59: [FirewallApp] <> INFO  Reconfigure()
Apr  6 19:29:26 localhost app-59: [AppBase] <> INFO  killMatchingSessions()
Apr  6 19:29:26 localhost app-59: [AppBase] <> INFO  Stopping   firewall [59] ...
Apr  6 19:29:26 localhost app-59: [AppBase] <> INFO  killMatchingSessions()
Apr  6 19:29:26 localhost app-59: [AppBase] <> INFO  Stopped    firewall [59] ...
Apr  6 19:29:26 localhost app-59: [AppBase] <> INFO  Destroying firewall [59] ...
Apr  6 19:29:26 localhost app-59: [AppBase] <> INFO  Destroyed  firewall [59] ...
