Sep 25 09:20:10 localhost app-76: [BandwidthControlApp] <> INFO  Loading Settings...
Sep 25 09:20:10 localhost app-76: [AppBase] <> INFO  Starting   bandwidth-control [76] ...
Sep 25 09:20:10 localhost app-76: [AppBase] <> INFO  Started    bandwidth-control [76] ...
Sep 25 09:23:48 localhost app-76: [AppBase] <> INFO  No valid license for: bandwidth-control
Sep 25 09:23:48 localhost app-76: [AppBase] <> INFO  Requesting trial for: bandwidth-control
Sep 25 09:24:10 localhost app-76: [AppBase] <> WARN  Exception fetching trial license. Ignoring...
Sep 25 09:24:10 localhost app-76:       java.lang.Exception: Unable to fetch trial license: DNS lookup failed.
Sep 25 09:24:10 localhost app-76:       com.untangle.app.license.LicenseManagerImpl.requestTrialLicense(LicenseManagerImpl.java:493)
Sep 25 09:24:10 localhost app-76:       com.untangle.uvm.app.AppBase.init(AppBase.java:857)
Sep 25 09:24:10 localhost app-76:       com.untangle.uvm.app.AppBase.resumeState(AppBase.java:245)
Sep 25 09:24:10 localhost app-76:       com.untangle.uvm.app.AppBase.loadClass(AppBase.java:373)
Sep 25 09:24:10 localhost app-76:       com.untangle.uvm.AppManagerImpl$3.run(AppManagerImpl.java:1128)
Sep 25 09:24:10 localhost app-76:       com.untangle.uvm.UvmContextImpl$1.run(UvmContextImpl.java:654)
Sep 25 09:24:10 localhost app-76:       java.base/java.lang.Thread.run(Thread.java:834)
Sep 25 09:24:10 localhost app-76: [BandwidthControlApp] <> INFO  Loading Settings...
Sep 25 09:24:10 localhost app-76: [AppBase] <> INFO  Starting   bandwidth-control [76] ...
Sep 25 09:24:10 localhost app-76: [AppBase] <> WARN  Exception in preStart(). Reverting to INITIALIZED state.
Sep 25 09:24:10 localhost app-76:       java.lang.RuntimeException: Unable to start an app: invalid license
Sep 25 09:24:10 localhost app-76:       com.untangle.app.bandwidth_control.BandwidthControlApp.preStart(BandwidthControlApp.java:105)
Sep 25 09:24:10 localhost app-76:       com.untangle.uvm.app.AppBase.start(AppBase.java:909)
Sep 25 09:24:10 localhost app-76:       com.untangle.uvm.app.AppBase.resumeState(AppBase.java:246)
Sep 25 09:24:10 localhost app-76:       com.untangle.uvm.app.AppBase.loadClass(AppBase.java:373)
Sep 25 09:24:10 localhost app-76:       com.untangle.uvm.AppManagerImpl$3.run(AppManagerImpl.java:1128)
Sep 25 09:24:10 localhost app-76:       com.untangle.uvm.UvmContextImpl$1.run(UvmContextImpl.java:654)
Sep 25 09:24:10 localhost app-76:       java.base/java.lang.Thread.run(Thread.java:834)
Sep 25 09:27:24 localhost app-76: [AppBase] <> INFO  No valid license for: bandwidth-control
Sep 25 09:27:24 localhost app-76: [AppBase] <> INFO  Requesting trial for: bandwidth-control
Sep 25 09:27:46 localhost app-76: [AppBase] <> WARN  Exception fetching trial license. Ignoring...
Sep 25 09:27:46 localhost app-76:       java.lang.Exception: Unable to fetch trial license: DNS lookup failed.
Sep 25 09:27:46 localhost app-76:       com.untangle.app.license.LicenseManagerImpl.requestTrialLicense(LicenseManagerImpl.java:493)
Sep 25 09:27:46 localhost app-76:       com.untangle.uvm.app.AppBase.init(AppBase.java:857)
Sep 25 09:27:46 localhost app-76:       com.untangle.uvm.app.AppBase.resumeState(AppBase.java:245)
Sep 25 09:27:46 localhost app-76:       com.untangle.uvm.app.AppBase.loadClass(AppBase.java:373)
Sep 25 09:27:46 localhost app-76:       com.untangle.uvm.AppManagerImpl$3.run(AppManagerImpl.java:1128)
Sep 25 09:27:46 localhost app-76:       com.untangle.uvm.UvmContextImpl$1.run(UvmContextImpl.java:654)
Sep 25 09:27:46 localhost app-76:       java.base/java.lang.Thread.run(Thread.java:834)
Sep 25 09:27:46 localhost app-76: [BandwidthControlApp] <> INFO  Loading Settings...
Sep 25 09:27:46 localhost app-76: [AppBase] <> INFO  Starting   bandwidth-control [76] ...
Sep 25 09:27:46 localhost app-76: [AppBase] <> WARN  Exception in preStart(). Reverting to INITIALIZED state.
Sep 25 09:27:46 localhost app-76:       java.lang.RuntimeException: Unable to start an app: invalid license
Sep 25 09:27:46 localhost app-76:       com.untangle.app.bandwidth_control.BandwidthControlApp.preStart(BandwidthControlApp.java:105)
Sep 25 09:27:46 localhost app-76:       com.untangle.uvm.app.AppBase.start(AppBase.java:909)
Sep 25 09:27:46 localhost app-76:       com.untangle.uvm.app.AppBase.resumeState(AppBase.java:246)
Sep 25 09:27:46 localhost app-76:       com.untangle.uvm.app.AppBase.loadClass(AppBase.java:373)
Sep 25 09:27:46 localhost app-76:       com.untangle.uvm.AppManagerImpl$3.run(AppManagerImpl.java:1128)
Sep 25 09:27:46 localhost app-76:       com.untangle.uvm.UvmContextImpl$1.run(UvmContextImpl.java:654)
Sep 25 09:27:46 localhost app-76:       java.base/java.lang.Thread.run(Thread.java:834)
Sep 25 09:31:02 localhost app-76: [AppBase] <> INFO  No valid license for: bandwidth-control
Sep 25 09:31:02 localhost app-76: [AppBase] <> INFO  Requesting trial for: bandwidth-control
Sep 25 09:31:25 localhost app-76: [AppBase] <> WARN  Exception fetching trial license. Ignoring...
Sep 25 09:31:25 localhost app-76:       java.lang.Exception: Unable to fetch trial license: DNS lookup failed.
Sep 25 09:31:25 localhost app-76:       com.untangle.app.license.LicenseManagerImpl.requestTrialLicense(LicenseManagerImpl.java:493)
Sep 25 09:31:25 localhost app-76:       com.untangle.uvm.app.AppBase.init(AppBase.java:857)
Sep 25 09:31:25 localhost app-76:       com.untangle.uvm.app.AppBase.resumeState(AppBase.java:245)
Sep 25 09:31:25 localhost app-76:       com.untangle.uvm.app.AppBase.loadClass(AppBase.java:373)
Sep 25 09:31:25 localhost app-76:       com.untangle.uvm.AppManagerImpl$3.run(AppManagerImpl.java:1128)
Sep 25 09:31:25 localhost app-76:       com.untangle.uvm.UvmContextImpl$1.run(UvmContextImpl.java:654)
Sep 25 09:31:25 localhost app-76:       java.base/java.lang.Thread.run(Thread.java:834)
Sep 25 09:31:26 localhost app-76: [BandwidthControlApp] <> INFO  Loading Settings...
Sep 25 09:31:26 localhost app-76: [AppBase] <> INFO  Starting   bandwidth-control [76] ...
Sep 25 09:31:26 localhost app-76: [AppBase] <> WARN  Exception in preStart(). Reverting to INITIALIZED state.
Sep 25 09:31:26 localhost app-76:       java.lang.RuntimeException: Unable to start an app: invalid license
Sep 25 09:31:26 localhost app-76:       com.untangle.app.bandwidth_control.BandwidthControlApp.preStart(BandwidthControlApp.java:105)
Sep 25 09:31:26 localhost app-76:       com.untangle.uvm.app.AppBase.start(AppBase.java:909)
Sep 25 09:31:26 localhost app-76:       com.untangle.uvm.app.AppBase.resumeState(AppBase.java:246)
Sep 25 09:31:26 localhost app-76:       com.untangle.uvm.app.AppBase.loadClass(AppBase.java:373)
Sep 25 09:31:26 localhost app-76:       com.untangle.uvm.AppManagerImpl$3.run(AppManagerImpl.java:1128)
Sep 25 09:31:26 localhost app-76:       com.untangle.uvm.UvmContextImpl$1.run(UvmContextImpl.java:654)
Sep 25 09:31:26 localhost app-76:       java.base/java.lang.Thread.run(Thread.java:834)
Sep 25 09:33:59 localhost app-76: [AppBase] <> INFO  No valid license for: bandwidth-control
Sep 25 09:33:59 localhost app-76: [AppBase] <> INFO  Requesting trial for: bandwidth-control
Sep 25 09:34:43 localhost app-76: [BandwidthControlApp] <> INFO  Loading Settings...
Sep 25 09:34:43 localhost app-76: [AppBase] <> INFO  Starting   bandwidth-control [76] ...
Sep 25 09:34:43 localhost app-76: [AppBase] <> INFO  Started    bandwidth-control [76] ...
Sep 25 09:37:49 localhost app-76: [AppBase] <> INFO  Stopping   bandwidth-control [76] ...
Sep 25 09:37:49 localhost app-76: [AppBase] <> INFO  Stopped    bandwidth-control [76] ...
Sep 25 09:38:03 localhost app-76: [BandwidthControlApp] <> INFO  Loading Settings...
Sep 25 09:38:03 localhost app-76: [AppBase] <> INFO  Starting   bandwidth-control [76] ...
Sep 25 09:38:03 localhost app-76: [AppBase] <> INFO  Started    bandwidth-control [76] ...
Sep 25 09:40:37 localhost app-76: [AppBase] <> INFO  Stopping   bandwidth-control [76] ...
Sep 25 09:40:37 localhost app-76: [AppBase] <> INFO  Stopped    bandwidth-control [76] ...
Sep 25 09:40:50 localhost app-76: [BandwidthControlApp] <> INFO  Loading Settings...
Sep 25 09:40:50 localhost app-76: [AppBase] <> INFO  Starting   bandwidth-control [76] ...
Sep 25 09:40:50 localhost app-76: [AppBase] <> INFO  Started    bandwidth-control [76] ...
Sep 25 09:42:12 localhost app-76: [AppBase] <> INFO  Stopping   bandwidth-control [76] ...
Sep 25 09:42:12 localhost app-76: [AppBase] <> INFO  Stopped    bandwidth-control [76] ...
Sep 25 09:42:25 localhost app-76: [BandwidthControlApp] <> INFO  Loading Settings...
Sep 25 09:42:25 localhost app-76: [AppBase] <> INFO  Starting   bandwidth-control [76] ...
Sep 25 09:42:25 localhost app-76: [AppBase] <> INFO  Started    bandwidth-control [76] ...
Sep 25 09:45:27 localhost app-76: [AppBase] <> INFO  Stopping   bandwidth-control [76] ...
Sep 25 09:45:27 localhost app-76: [AppBase] <> INFO  Stopped    bandwidth-control [76] ...
Sep 25 09:45:41 localhost app-76: [BandwidthControlApp] <> INFO  Loading Settings...
Sep 25 09:45:41 localhost app-76: [AppBase] <> INFO  Starting   bandwidth-control [76] ...
Sep 25 09:45:41 localhost app-76: [AppBase] <> INFO  Started    bandwidth-control [76] ...
Sep 25 09:52:35 localhost app-76: [AppBase] <> INFO  Stopping   bandwidth-control [76] ...
Sep 25 09:52:35 localhost app-76: [AppBase] <> INFO  Stopped    bandwidth-control [76] ...
Sep 25 09:52:48 localhost app-76: [BandwidthControlApp] <> INFO  Loading Settings...
Sep 25 09:52:48 localhost app-76: [AppBase] <> INFO  Starting   bandwidth-control [76] ...
Sep 25 09:52:48 localhost app-76: [AppBase] <> INFO  Started    bandwidth-control [76] ...
Sep 25 09:53:27 localhost app-76: [AppBase] <> INFO  Stopping   bandwidth-control [76] ...
Sep 25 09:53:27 localhost app-76: [AppBase] <> INFO  Stopped    bandwidth-control [76] ...
Sep 25 09:53:40 localhost app-76: [BandwidthControlApp] <> INFO  Loading Settings...
Sep 25 09:53:40 localhost app-76: [AppBase] <> INFO  Starting   bandwidth-control [76] ...
Sep 25 09:53:40 localhost app-76: [AppBase] <> INFO  Started    bandwidth-control [76] ...
Sep 25 09:55:50 localhost app-76: [AppBase] <> INFO  Stopping   bandwidth-control [76] ...
Sep 25 09:55:50 localhost app-76: [AppBase] <> INFO  Stopped    bandwidth-control [76] ...
Sep 25 09:56:05 localhost app-76: [BandwidthControlApp] <> INFO  Loading Settings...
Sep 25 09:56:05 localhost app-76: [AppBase] <> INFO  Starting   bandwidth-control [76] ...
Sep 25 09:56:05 localhost app-76: [AppBase] <> INFO  Started    bandwidth-control [76] ...
Sep 25 09:56:31 localhost app-76: [AppBase] <> INFO  Stopping   bandwidth-control [76] ...
Sep 25 09:56:31 localhost app-76: [AppBase] <> INFO  Stopped    bandwidth-control [76] ...
Sep 25 09:56:46 localhost app-76: [BandwidthControlApp] <> INFO  Loading Settings...
Sep 25 09:56:46 localhost app-76: [AppBase] <> INFO  Starting   bandwidth-control [76] ...
Sep 25 09:56:46 localhost app-76: [AppBase] <> INFO  Started    bandwidth-control [76] ...
Sep 25 09:57:56 localhost app-76: [AppBase] <> INFO  Stopping   bandwidth-control [76] ...
Sep 25 09:57:56 localhost app-76: [AppBase] <> INFO  Stopped    bandwidth-control [76] ...
Sep 25 09:58:09 localhost app-76: [BandwidthControlApp] <> INFO  Loading Settings...
Sep 25 09:58:09 localhost app-76: [AppBase] <> INFO  Starting   bandwidth-control [76] ...
Sep 25 09:58:09 localhost app-76: [AppBase] <> INFO  Started    bandwidth-control [76] ...
Sep 25 09:59:17 localhost app-76: [AppBase] <> INFO  Stopping   bandwidth-control [76] ...
Sep 25 09:59:18 localhost app-76: [AppBase] <> INFO  Stopped    bandwidth-control [76] ...
Sep 25 09:59:30 localhost app-76: [BandwidthControlApp] <> INFO  Loading Settings...
Sep 25 09:59:30 localhost app-76: [AppBase] <> INFO  Starting   bandwidth-control [76] ...
Sep 25 09:59:31 localhost app-76: [AppBase] <> INFO  Started    bandwidth-control [76] ...
Sep 25 10:00:26 localhost app-76: [AppBase] <> INFO  Stopping   bandwidth-control [76] ...
Sep 25 10:00:26 localhost app-76: [AppBase] <> INFO  Stopped    bandwidth-control [76] ...
Sep 25 10:00:40 localhost app-76: [BandwidthControlApp] <> INFO  Loading Settings...
Sep 25 10:00:40 localhost app-76: [AppBase] <> INFO  Starting   bandwidth-control [76] ...
Sep 25 10:00:40 localhost app-76: [AppBase] <> INFO  Started    bandwidth-control [76] ...
Sep 25 10:02:51 localhost app-76: [AppBase] <> INFO  Stopping   bandwidth-control [76] ...
Sep 25 10:02:51 localhost app-76: [AppBase] <> INFO  Stopped    bandwidth-control [76] ...
Sep 25 10:03:05 localhost app-76: [BandwidthControlApp] <> INFO  Loading Settings...
Sep 25 10:03:05 localhost app-76: [AppBase] <> INFO  Starting   bandwidth-control [76] ...
Sep 25 10:03:05 localhost app-76: [AppBase] <> INFO  Started    bandwidth-control [76] ...
Sep 25 10:06:10 localhost app-76: [AppBase] <> INFO  Stopping   bandwidth-control [76] ...
Sep 25 10:06:10 localhost app-76: [AppBase] <> INFO  Stopped    bandwidth-control [76] ...
Sep 25 10:06:30 localhost app-76: [BandwidthControlApp] <> INFO  Loading Settings...
Sep 25 10:06:30 localhost app-76: [AppBase] <> INFO  Starting   bandwidth-control [76] ...
Sep 25 10:06:30 localhost app-76: [AppBase] <> INFO  Started    bandwidth-control [76] ...
Sep 25 10:08:15 localhost app-76: [AppBase] <> INFO  Stopping   bandwidth-control [76] ...
Sep 25 10:08:15 localhost app-76: [AppBase] <> INFO  Stopped    bandwidth-control [76] ...
Sep 25 10:08:34 localhost app-76: [BandwidthControlApp] <> INFO  Loading Settings...
Sep 25 10:08:34 localhost app-76: [AppBase] <> INFO  Starting   bandwidth-control [76] ...
Sep 25 10:08:34 localhost app-76: [AppBase] <> INFO  Started    bandwidth-control [76] ...
Sep 25 10:12:53 localhost app-76: [AppBase] <> INFO  Stopping   bandwidth-control [76] ...
Sep 25 10:12:53 localhost app-76: [AppBase] <> INFO  Stopped    bandwidth-control [76] ...
Sep 25 10:13:08 localhost app-76: [BandwidthControlApp] <> INFO  Loading Settings...
Sep 25 10:13:08 localhost app-76: [AppBase] <> INFO  Starting   bandwidth-control [76] ...
Sep 25 10:13:08 localhost app-76: [AppBase] <> INFO  Started    bandwidth-control [76] ...
Sep 25 10:15:09 localhost app-76: [AppBase] <> INFO  Stopping   bandwidth-control [76] ...
Sep 25 10:15:10 localhost app-76: [AppBase] <> INFO  Stopped    bandwidth-control [76] ...
Sep 25 10:15:24 localhost app-76: [BandwidthControlApp] <> INFO  Loading Settings...
Sep 25 10:15:24 localhost app-76: [AppBase] <> INFO  Starting   bandwidth-control [76] ...
Sep 25 10:15:24 localhost app-76: [AppBase] <> INFO  Started    bandwidth-control [76] ...
Sep 25 10:16:42 localhost app-76: [AppBase] <> INFO  Stopping   bandwidth-control [76] ...
Sep 25 10:16:43 localhost app-76: [AppBase] <> INFO  Stopped    bandwidth-control [76] ...
Sep 25 10:16:56 localhost app-76: [BandwidthControlApp] <> INFO  Loading Settings...
Sep 25 10:16:56 localhost app-76: [AppBase] <> INFO  Starting   bandwidth-control [76] ...
Sep 25 10:16:56 localhost app-76: [AppBase] <> INFO  Started    bandwidth-control [76] ...
Sep 25 10:30:22 localhost app-76: [AppBase] <> INFO  Stopping   bandwidth-control [76] ...
Sep 25 10:30:23 localhost app-76: [AppBase] <> INFO  Stopped    bandwidth-control [76] ...
Sep 25 10:30:36 localhost app-76: [BandwidthControlApp] <> INFO  Loading Settings...
Sep 25 10:30:36 localhost app-76: [AppBase] <> INFO  Starting   bandwidth-control [76] ...
Sep 25 10:30:36 localhost app-76: [AppBase] <> INFO  Started    bandwidth-control [76] ...
Sep 25 10:34:13 localhost app-76: [AppBase] <> INFO  Stopping   bandwidth-control [76] ...
Sep 25 10:34:13 localhost app-76: [AppBase] <> INFO  Stopped    bandwidth-control [76] ...
Sep 25 10:34:27 localhost app-76: [BandwidthControlApp] <> INFO  Loading Settings...
Sep 25 10:34:27 localhost app-76: [AppBase] <> INFO  Starting   bandwidth-control [76] ...
Sep 25 10:34:27 localhost app-76: [AppBase] <> INFO  Started    bandwidth-control [76] ...
Sep 25 10:37:00 localhost app-76: [AppBase] <> INFO  Stopping   bandwidth-control [76] ...
Sep 25 10:37:00 localhost app-76: [AppBase] <> INFO  Stopped    bandwidth-control [76] ...
Sep 25 10:37:16 localhost app-76: [BandwidthControlApp] <> INFO  Loading Settings...
Sep 25 10:37:16 localhost app-76: [AppBase] <> INFO  Starting   bandwidth-control [76] ...
Sep 25 10:37:16 localhost app-76: [AppBase] <> INFO  Started    bandwidth-control [76] ...
Sep 25 10:41:43 localhost app-76: [AppBase] <> INFO  Stopping   bandwidth-control [76] ...
Sep 25 10:41:44 localhost app-76: [AppBase] <> INFO  Stopped    bandwidth-control [76] ...
Sep 25 10:41:59 localhost app-76: [BandwidthControlApp] <> INFO  Loading Settings...
Sep 25 10:41:59 localhost app-76: [AppBase] <> INFO  Starting   bandwidth-control [76] ...
Sep 25 10:41:59 localhost app-76: [AppBase] <> INFO  Started    bandwidth-control [76] ...
Sep 25 10:44:34 localhost app-76: [AppBase] <> INFO  Stopping   bandwidth-control [76] ...
Sep 25 10:44:35 localhost app-76: [AppBase] <> INFO  Stopped    bandwidth-control [76] ...
Sep 25 10:44:49 localhost app-76: [BandwidthControlApp] <> INFO  Loading Settings...
Sep 25 10:44:49 localhost app-76: [AppBase] <> INFO  Starting   bandwidth-control [76] ...
Sep 25 10:44:49 localhost app-76: [AppBase] <> INFO  Started    bandwidth-control [76] ...
Sep 25 11:00:55 localhost app-76: [AppBase] <> INFO  Stopping   bandwidth-control [76] ...
Sep 25 11:00:55 localhost app-76: [AppBase] <> INFO  Stopped    bandwidth-control [76] ...
Sep 25 11:01:09 localhost app-76: [BandwidthControlApp] <> INFO  Loading Settings...
Sep 25 11:01:09 localhost app-76: [AppBase] <> INFO  Starting   bandwidth-control [76] ...
Sep 25 11:01:09 localhost app-76: [AppBase] <> INFO  Started    bandwidth-control [76] ...
Sep 25 11:02:37 localhost app-76: [AppBase] <> INFO  Stopping   bandwidth-control [76] ...
Sep 25 11:02:37 localhost app-76: [AppBase] <> INFO  Stopped    bandwidth-control [76] ...
Sep 25 11:02:49 localhost app-76: [BandwidthControlApp] <> INFO  Loading Settings...
Sep 25 11:02:50 localhost app-76: [AppBase] <> INFO  Starting   bandwidth-control [76] ...
Sep 25 11:02:50 localhost app-76: [AppBase] <> INFO  Started    bandwidth-control [76] ...
Sep 25 11:03:21 localhost app-76: [AppBase] <> INFO  Stopping   bandwidth-control [76] ...
Sep 25 11:03:21 localhost app-76: [AppBase] <> INFO  Stopped    bandwidth-control [76] ...
Sep 25 11:03:33 localhost app-76: [BandwidthControlApp] <> INFO  Loading Settings...
Sep 25 11:03:33 localhost app-76: [AppBase] <> INFO  Starting   bandwidth-control [76] ...
Sep 25 11:03:33 localhost app-76: [AppBase] <> INFO  Started    bandwidth-control [76] ...
Sep 25 12:20:01 localhost app-76: [AppBase] <> INFO  Stopping   bandwidth-control [76] ...
Sep 25 12:20:01 localhost app-76: [AppBase] <> INFO  Stopped    bandwidth-control [76] ...
Sep 25 12:20:14 localhost app-76: [BandwidthControlApp] <> INFO  Loading Settings...
Sep 25 12:20:14 localhost app-76: [AppBase] <> INFO  Starting   bandwidth-control [76] ...
Sep 25 12:20:14 localhost app-76: [AppBase] <> INFO  Started    bandwidth-control [76] ...
Sep 25 12:21:45 localhost app-76: [AppBase] <> INFO  Stopping   bandwidth-control [76] ...
Sep 25 12:21:45 localhost app-76: [AppBase] <> INFO  Stopped    bandwidth-control [76] ...
Sep 25 12:21:58 localhost app-76: [BandwidthControlApp] <> INFO  Loading Settings...
Sep 25 12:21:58 localhost app-76: [AppBase] <> INFO  Starting   bandwidth-control [76] ...
Sep 25 12:21:58 localhost app-76: [AppBase] <> INFO  Started    bandwidth-control [76] ...
Sep 25 12:22:38 localhost app-76: [AppBase] <> INFO  Stopping   bandwidth-control [76] ...
Sep 25 12:22:38 localhost app-76: [AppBase] <> INFO  Stopped    bandwidth-control [76] ...
Sep 25 12:22:50 localhost app-76: [BandwidthControlApp] <> INFO  Loading Settings...
Sep 25 12:22:50 localhost app-76: [AppBase] <> INFO  Starting   bandwidth-control [76] ...
Sep 25 12:22:50 localhost app-76: [AppBase] <> INFO  Started    bandwidth-control [76] ...
Sep 25 12:23:34 localhost app-76: [AppBase] <> INFO  Stopping   bandwidth-control [76] ...
Sep 25 12:23:34 localhost app-76: [AppBase] <> INFO  Stopped    bandwidth-control [76] ...
Sep 25 12:23:49 localhost app-76: [BandwidthControlApp] <> INFO  Loading Settings...
Sep 25 12:23:49 localhost app-76: [AppBase] <> INFO  Starting   bandwidth-control [76] ...
Sep 25 12:23:49 localhost app-76: [AppBase] <> INFO  Started    bandwidth-control [76] ...
Sep 25 12:24:19 localhost app-76: [AppBase] <> INFO  Stopping   bandwidth-control [76] ...
Sep 25 12:24:19 localhost app-76: [AppBase] <> INFO  Stopped    bandwidth-control [76] ...
Sep 25 12:24:32 localhost app-76: [BandwidthControlApp] <> INFO  Loading Settings...
Sep 25 12:24:32 localhost app-76: [AppBase] <> INFO  Starting   bandwidth-control [76] ...
Sep 25 12:24:32 localhost app-76: [AppBase] <> INFO  Started    bandwidth-control [76] ...
Sep 25 12:25:58 localhost app-76: [AppBase] <> INFO  Stopping   bandwidth-control [76] ...
Sep 25 12:25:58 localhost app-76: [AppBase] <> INFO  Stopped    bandwidth-control [76] ...
Sep 25 12:26:12 localhost app-76: [BandwidthControlApp] <> INFO  Loading Settings...
Sep 25 12:26:12 localhost app-76: [AppBase] <> INFO  Starting   bandwidth-control [76] ...
Sep 25 12:26:12 localhost app-76: [AppBase] <> INFO  Started    bandwidth-control [76] ...
Sep 25 12:26:50 localhost app-76: [AppBase] <> INFO  Stopping   bandwidth-control [76] ...
Sep 25 12:26:50 localhost app-76: [AppBase] <> INFO  Stopped    bandwidth-control [76] ...
Sep 25 12:27:04 localhost app-76: [BandwidthControlApp] <> INFO  Loading Settings...
Sep 25 12:27:04 localhost app-76: [AppBase] <> INFO  Starting   bandwidth-control [76] ...
Sep 25 12:27:04 localhost app-76: [AppBase] <> INFO  Started    bandwidth-control [76] ...
Sep 25 13:12:18 localhost app-76: [AppBase] <> INFO  Stopping   bandwidth-control [76] ...
Sep 25 13:12:18 localhost app-76: [AppBase] <> INFO  Stopped    bandwidth-control [76] ...
Sep 25 13:12:31 localhost app-76: [BandwidthControlApp] <> INFO  Loading Settings...
Sep 25 13:12:32 localhost app-76: [AppBase] <> INFO  Starting   bandwidth-control [76] ...
Sep 25 13:12:32 localhost app-76: [AppBase] <> INFO  Started    bandwidth-control [76] ...
Sep 25 13:14:47 localhost app-76: [AppBase] <> INFO  Stopping   bandwidth-control [76] ...
Sep 25 13:14:47 localhost app-76: [AppBase] <> INFO  Stopped    bandwidth-control [76] ...
Sep 25 13:14:57 localhost app-76: [BandwidthControlApp] <> INFO  Loading Settings...
Sep 25 13:14:57 localhost app-76: [AppBase] <> INFO  Starting   bandwidth-control [76] ...
Sep 25 13:14:57 localhost app-76: [AppBase] <> INFO  Started    bandwidth-control [76] ...
Sep 25 13:22:15 localhost app-76: [AppBase] <> INFO  Stopping   bandwidth-control [76] ...
Sep 25 13:22:15 localhost app-76: [AppBase] <> INFO  Stopped    bandwidth-control [76] ...
Oct  2 08:05:03 localhost app-76: [BandwidthControlApp] <> INFO  Loading Settings...
Oct  2 08:05:03 localhost app-76: [AppBase] <> INFO  Starting   bandwidth-control [76] ...
Oct  2 08:05:03 localhost app-76: [AppBase] <> INFO  Started    bandwidth-control [76] ...
Oct 14 08:37:29 localhost app-76: [AppBase] <> INFO  No valid license for: bandwidth-control
Oct 14 08:37:29 localhost app-76: [AppBase] <> INFO  Requesting trial for: bandwidth-control
Oct 14 08:38:01 localhost app-76: [BandwidthControlApp] <> INFO  Loading Settings...
Oct 14 08:38:01 localhost app-76: [AppBase] <> INFO  Starting   bandwidth-control [76] ...
Oct 14 08:38:01 localhost app-76: [AppBase] <> WARN  Exception in preStart(). Reverting to INITIALIZED state.
Oct 14 08:38:01 localhost app-76:       java.lang.RuntimeException: Unable to start an app: invalid license
Oct 14 08:38:01 localhost app-76:       com.untangle.app.bandwidth_control.BandwidthControlApp.preStart(BandwidthControlApp.java:105)
Oct 14 08:38:01 localhost app-76:       com.untangle.uvm.app.AppBase.start(AppBase.java:909)
Oct 14 08:38:01 localhost app-76:       com.untangle.uvm.app.AppBase.resumeState(AppBase.java:246)
Oct 14 08:38:01 localhost app-76:       com.untangle.uvm.app.AppBase.loadClass(AppBase.java:373)
Oct 14 08:38:01 localhost app-76:       com.untangle.uvm.AppManagerImpl$3.run(AppManagerImpl.java:1128)
Oct 14 08:38:01 localhost app-76:       com.untangle.uvm.UvmContextImpl$1.run(UvmContextImpl.java:654)
Oct 14 08:38:01 localhost app-76:       java.base/java.lang.Thread.run(Thread.java:834)
Oct 14 16:44:31 localhost app-76: [AppBase] <> INFO  No valid license for: bandwidth-control
Oct 14 16:44:31 localhost app-76: [AppBase] <> INFO  Requesting trial for: bandwidth-control
Oct 14 16:45:00 localhost app-76: [BandwidthControlApp] <> INFO  Loading Settings...
Oct 14 16:45:00 localhost app-76: [AppBase] <> INFO  Starting   bandwidth-control [76] ...
Oct 14 16:45:00 localhost app-76: [AppBase] <> WARN  Exception in preStart(). Reverting to INITIALIZED state.
Oct 14 16:45:00 localhost app-76:       java.lang.RuntimeException: Unable to start an app: invalid license
Oct 14 16:45:00 localhost app-76:       com.untangle.app.bandwidth_control.BandwidthControlApp.preStart(BandwidthControlApp.java:105)
Oct 14 16:45:00 localhost app-76:       com.untangle.uvm.app.AppBase.start(AppBase.java:909)
Oct 14 16:45:00 localhost app-76:       com.untangle.uvm.app.AppBase.resumeState(AppBase.java:246)
Oct 14 16:45:00 localhost app-76:       com.untangle.uvm.app.AppBase.loadClass(AppBase.java:373)
Oct 14 16:45:00 localhost app-76:       com.untangle.uvm.AppManagerImpl$3.run(AppManagerImpl.java:1128)
Oct 14 16:45:00 localhost app-76:       com.untangle.uvm.UvmContextImpl$1.run(UvmContextImpl.java:654)
Oct 14 16:45:00 localhost app-76:       java.base/java.lang.Thread.run(Thread.java:834)
Oct 15 12:41:37 localhost app-76: [AppBase] <> INFO  No valid license for: bandwidth-control
Oct 15 12:41:37 localhost app-76: [AppBase] <> INFO  Requesting trial for: bandwidth-control
Oct 15 12:42:05 localhost app-76: [BandwidthControlApp] <> INFO  Loading Settings...
Oct 15 12:42:05 localhost app-76: [AppBase] <> INFO  Starting   bandwidth-control [76] ...
Oct 15 12:42:05 localhost app-76: [AppBase] <> WARN  Exception in preStart(). Reverting to INITIALIZED state.
Oct 15 12:42:05 localhost app-76:       java.lang.RuntimeException: Unable to start an app: invalid license
Oct 15 12:42:05 localhost app-76:       com.untangle.app.bandwidth_control.BandwidthControlApp.preStart(BandwidthControlApp.java:105)
Oct 15 12:42:05 localhost app-76:       com.untangle.uvm.app.AppBase.start(AppBase.java:909)
Oct 15 12:42:05 localhost app-76:       com.untangle.uvm.app.AppBase.resumeState(AppBase.java:246)
Oct 15 12:42:05 localhost app-76:       com.untangle.uvm.app.AppBase.loadClass(AppBase.java:373)
Oct 15 12:42:05 localhost app-76:       com.untangle.uvm.AppManagerImpl$3.run(AppManagerImpl.java:1128)
Oct 15 12:42:05 localhost app-76:       com.untangle.uvm.UvmContextImpl$1.run(UvmContextImpl.java:654)
Oct 15 12:42:05 localhost app-76:       java.base/java.lang.Thread.run(Thread.java:834)
Oct 22 09:42:23 localhost app-76: [AppBase] <> INFO  No valid license for: bandwidth-control
Oct 22 09:42:23 localhost app-76: [AppBase] <> INFO  Requesting trial for: bandwidth-control
Oct 22 09:42:50 localhost app-76: [BandwidthControlApp] <> INFO  Loading Settings...
Oct 22 09:42:50 localhost app-76: [AppBase] <> INFO  Starting   bandwidth-control [76] ...
Oct 22 09:42:50 localhost app-76: [AppBase] <> WARN  Exception in preStart(). Reverting to INITIALIZED state.
Oct 22 09:42:50 localhost app-76:       java.lang.RuntimeException: Unable to start an app: invalid license
Oct 22 09:42:50 localhost app-76:       com.untangle.app.bandwidth_control.BandwidthControlApp.preStart(BandwidthControlApp.java:105)
Oct 22 09:42:50 localhost app-76:       com.untangle.uvm.app.AppBase.start(AppBase.java:909)
Oct 22 09:42:50 localhost app-76:       com.untangle.uvm.app.AppBase.resumeState(AppBase.java:246)
Oct 22 09:42:50 localhost app-76:       com.untangle.uvm.app.AppBase.loadClass(AppBase.java:373)
Oct 22 09:42:50 localhost app-76:       com.untangle.uvm.AppManagerImpl$3.run(AppManagerImpl.java:1128)
Oct 22 09:42:50 localhost app-76:       com.untangle.uvm.UvmContextImpl$1.run(UvmContextImpl.java:654)
Oct 22 09:42:50 localhost app-76:       java.base/java.lang.Thread.run(Thread.java:834)
Nov 11 11:26:12 localhost app-76: [AppBase] <> INFO  No valid license for: bandwidth-control
Nov 11 11:26:12 localhost app-76: [AppBase] <> INFO  Requesting trial for: bandwidth-control
Nov 11 11:26:52 localhost app-76: [BandwidthControlApp] <> INFO  Loading Settings...
Nov 11 11:26:52 localhost app-76: [AppBase] <> INFO  Starting   bandwidth-control [76] ...
Nov 11 11:26:52 localhost app-76: [AppBase] <> WARN  Exception in preStart(). Reverting to INITIALIZED state.
Nov 11 11:26:52 localhost app-76:       java.lang.RuntimeException: Unable to start an app: invalid license
Nov 11 11:26:52 localhost app-76:       com.untangle.app.bandwidth_control.BandwidthControlApp.preStart(BandwidthControlApp.java:105)
Nov 11 11:26:52 localhost app-76:       com.untangle.uvm.app.AppBase.start(AppBase.java:909)
Nov 11 11:26:52 localhost app-76:       com.untangle.uvm.app.AppBase.resumeState(AppBase.java:246)
Nov 11 11:26:52 localhost app-76:       com.untangle.uvm.app.AppBase.loadClass(AppBase.java:373)
Nov 11 11:26:52 localhost app-76:       com.untangle.uvm.AppManagerImpl$3.run(AppManagerImpl.java:1128)
Nov 11 11:26:52 localhost app-76:       com.untangle.uvm.UvmContextImpl$1.run(UvmContextImpl.java:654)
Nov 11 11:26:52 localhost app-76:       java.base/java.lang.Thread.run(Thread.java:834)
Nov 17 12:18:02 localhost app-76: [AppBase] <> INFO  No valid license for: bandwidth-control
Nov 17 12:18:02 localhost app-76: [AppBase] <> INFO  Requesting trial for: bandwidth-control
Nov 17 12:18:18 localhost app-76: [BandwidthControlApp] <> INFO  Loading Settings...
Nov 17 12:18:18 localhost app-76: [AppBase] <> INFO  Starting   bandwidth-control [76] ...
Nov 17 12:18:18 localhost app-76: [AppBase] <> WARN  Exception in preStart(). Reverting to INITIALIZED state.
Nov 17 12:18:18 localhost app-76:       java.lang.RuntimeException: Unable to start an app: invalid license
Nov 17 12:18:18 localhost app-76:       com.untangle.app.bandwidth_control.BandwidthControlApp.preStart(BandwidthControlApp.java:105)
Nov 17 12:18:18 localhost app-76:       com.untangle.uvm.app.AppBase.start(AppBase.java:909)
Nov 17 12:18:18 localhost app-76:       com.untangle.uvm.app.AppBase.resumeState(AppBase.java:246)
Nov 17 12:18:18 localhost app-76:       com.untangle.uvm.app.AppBase.loadClass(AppBase.java:373)
Nov 17 12:18:18 localhost app-76:       com.untangle.uvm.AppManagerImpl$3.run(AppManagerImpl.java:1128)
Nov 17 12:18:18 localhost app-76:       com.untangle.uvm.UvmContextImpl$1.run(UvmContextImpl.java:654)
Nov 17 12:18:18 localhost app-76:       java.base/java.lang.Thread.run(Thread.java:834)
Nov 17 12:19:34 localhost app-76: [AppBase] <> INFO  No valid license for: bandwidth-control
Nov 17 12:19:34 localhost app-76: [AppBase] <> INFO  Requesting trial for: bandwidth-control
Nov 17 12:19:46 localhost app-76: [BandwidthControlApp] <> INFO  Loading Settings...
Nov 17 12:19:46 localhost app-76: [AppBase] <> INFO  Starting   bandwidth-control [76] ...
Nov 17 12:19:46 localhost app-76: [AppBase] <> WARN  Exception in preStart(). Reverting to INITIALIZED state.
Nov 17 12:19:46 localhost app-76:       java.lang.RuntimeException: Unable to start an app: invalid license
Nov 17 12:19:46 localhost app-76:       com.untangle.app.bandwidth_control.BandwidthControlApp.preStart(BandwidthControlApp.java:105)
Nov 17 12:19:46 localhost app-76:       com.untangle.uvm.app.AppBase.start(AppBase.java:909)
Nov 17 12:19:46 localhost app-76:       com.untangle.uvm.app.AppBase.resumeState(AppBase.java:246)
Nov 17 12:19:46 localhost app-76:       com.untangle.uvm.app.AppBase.loadClass(AppBase.java:373)
Nov 17 12:19:46 localhost app-76:       com.untangle.uvm.AppManagerImpl$3.run(AppManagerImpl.java:1128)
Nov 17 12:19:46 localhost app-76:       com.untangle.uvm.UvmContextImpl$1.run(UvmContextImpl.java:654)
Nov 17 12:19:46 localhost app-76:       java.base/java.lang.Thread.run(Thread.java:834)
Nov 23 17:33:52 localhost app-76: [AppBase] <> INFO  No valid license for: bandwidth-control
Nov 23 17:33:52 localhost app-76: [AppBase] <> INFO  Requesting trial for: bandwidth-control
Nov 23 17:34:24 localhost app-76: [BandwidthControlApp] <> INFO  Loading Settings...
Nov 23 17:34:24 localhost app-76: [AppBase] <> INFO  Starting   bandwidth-control [76] ...
Nov 23 17:34:24 localhost app-76: [AppBase] <> WARN  Exception in preStart(). Reverting to INITIALIZED state.
Nov 23 17:34:24 localhost app-76:       java.lang.RuntimeException: Unable to start an app: invalid license
Nov 23 17:34:24 localhost app-76:       com.untangle.app.bandwidth_control.BandwidthControlApp.preStart(BandwidthControlApp.java:105)
Nov 23 17:34:24 localhost app-76:       com.untangle.uvm.app.AppBase.start(AppBase.java:909)
Nov 23 17:34:24 localhost app-76:       com.untangle.uvm.app.AppBase.resumeState(AppBase.java:246)
Nov 23 17:34:24 localhost app-76:       com.untangle.uvm.app.AppBase.loadClass(AppBase.java:373)
Nov 23 17:34:24 localhost app-76:       com.untangle.uvm.AppManagerImpl$3.run(AppManagerImpl.java:1128)
Nov 23 17:34:24 localhost app-76:       com.untangle.uvm.UvmContextImpl$1.run(UvmContextImpl.java:654)
Nov 23 17:34:24 localhost app-76:       java.base/java.lang.Thread.run(Thread.java:834)
Nov 23 18:13:22 localhost app-76: [AppBase] <> INFO  No valid license for: bandwidth-control
Nov 23 18:13:22 localhost app-76: [AppBase] <> INFO  Requesting trial for: bandwidth-control
Nov 23 18:13:45 localhost app-76: [BandwidthControlApp] <> INFO  Loading Settings...
Nov 23 18:13:45 localhost app-76: [AppBase] <> INFO  Starting   bandwidth-control [76] ...
Nov 23 18:13:45 localhost app-76: [AppBase] <> WARN  Exception in preStart(). Reverting to INITIALIZED state.
Nov 23 18:13:45 localhost app-76:       java.lang.RuntimeException: Unable to start an app: invalid license
Nov 23 18:13:45 localhost app-76:       com.untangle.app.bandwidth_control.BandwidthControlApp.preStart(BandwidthControlApp.java:105)
Nov 23 18:13:45 localhost app-76:       com.untangle.uvm.app.AppBase.start(AppBase.java:909)
Nov 23 18:13:45 localhost app-76:       com.untangle.uvm.app.AppBase.resumeState(AppBase.java:246)
Nov 23 18:13:45 localhost app-76:       com.untangle.uvm.app.AppBase.loadClass(AppBase.java:373)
Nov 23 18:13:45 localhost app-76:       com.untangle.uvm.AppManagerImpl$3.run(AppManagerImpl.java:1128)
Nov 23 18:13:45 localhost app-76:       com.untangle.uvm.UvmContextImpl$1.run(UvmContextImpl.java:654)
Nov 23 18:13:45 localhost app-76:       java.base/java.lang.Thread.run(Thread.java:834)
Nov 24 08:49:12 localhost app-76: [AppBase] <> INFO  No valid license for: bandwidth-control
Nov 24 08:49:12 localhost app-76: [AppBase] <> INFO  Requesting trial for: bandwidth-control
Nov 24 08:49:33 localhost app-76: [BandwidthControlApp] <> INFO  Loading Settings...
Nov 24 08:49:33 localhost app-76: [AppBase] <> INFO  Starting   bandwidth-control [76] ...
Nov 24 08:49:33 localhost app-76: [AppBase] <> WARN  Exception in preStart(). Reverting to INITIALIZED state.
Nov 24 08:49:33 localhost app-76:       java.lang.RuntimeException: Unable to start an app: invalid license
Nov 24 08:49:33 localhost app-76:       com.untangle.app.bandwidth_control.BandwidthControlApp.preStart(BandwidthControlApp.java:105)
Nov 24 08:49:33 localhost app-76:       com.untangle.uvm.app.AppBase.start(AppBase.java:909)
Nov 24 08:49:33 localhost app-76:       com.untangle.uvm.app.AppBase.resumeState(AppBase.java:246)
Nov 24 08:49:33 localhost app-76:       com.untangle.uvm.app.AppBase.loadClass(AppBase.java:373)
Nov 24 08:49:33 localhost app-76:       com.untangle.uvm.AppManagerImpl$3.run(AppManagerImpl.java:1128)
Nov 24 08:49:33 localhost app-76:       com.untangle.uvm.UvmContextImpl$1.run(UvmContextImpl.java:654)
Nov 24 08:49:33 localhost app-76:       java.base/java.lang.Thread.run(Thread.java:834)
Dec  7 11:06:22 localhost app-76: [AppBase] <> INFO  No valid license for: bandwidth-control
Dec  7 11:06:22 localhost app-76: [AppBase] <> INFO  Requesting trial for: bandwidth-control
Dec  7 11:06:43 localhost app-76: [BandwidthControlApp] <> INFO  Loading Settings...
Dec  7 11:06:43 localhost app-76: [AppBase] <> INFO  Starting   bandwidth-control [76] ...
Dec  7 11:06:43 localhost app-76: [AppBase] <> WARN  Exception in preStart(). Reverting to INITIALIZED state.
Dec  7 11:06:43 localhost app-76:       java.lang.RuntimeException: Unable to start an app: invalid license
Dec  7 11:06:43 localhost app-76:       com.untangle.app.bandwidth_control.BandwidthControlApp.preStart(BandwidthControlApp.java:105)
Dec  7 11:06:43 localhost app-76:       com.untangle.uvm.app.AppBase.start(AppBase.java:909)
Dec  7 11:06:43 localhost app-76:       com.untangle.uvm.app.AppBase.resumeState(AppBase.java:246)
Dec  7 11:06:43 localhost app-76:       com.untangle.uvm.app.AppBase.loadClass(AppBase.java:373)
Dec  7 11:06:43 localhost app-76:       com.untangle.uvm.AppManagerImpl$3.run(AppManagerImpl.java:1128)
Dec  7 11:06:43 localhost app-76:       com.untangle.uvm.UvmContextImpl$1.run(UvmContextImpl.java:654)
Dec  7 11:06:43 localhost app-76:       java.base/java.lang.Thread.run(Thread.java:834)
Dec  9 10:53:53 localhost app-76: [AppBase] <> INFO  No valid license for: bandwidth-control
Dec  9 10:53:53 localhost app-76: [AppBase] <> INFO  Requesting trial for: bandwidth-control
Dec  9 10:54:33 localhost app-76: [BandwidthControlApp] <> INFO  Loading Settings...
Dec  9 10:54:33 localhost app-76: [AppBase] <> INFO  Starting   bandwidth-control [76] ...
Dec  9 10:54:33 localhost app-76: [AppBase] <> WARN  Exception in preStart(). Reverting to INITIALIZED state.
Dec  9 10:54:33 localhost app-76:       java.lang.RuntimeException: Unable to start an app: invalid license
Dec  9 10:54:33 localhost app-76:       com.untangle.app.bandwidth_control.BandwidthControlApp.preStart(BandwidthControlApp.java:105)
Dec  9 10:54:33 localhost app-76:       com.untangle.uvm.app.AppBase.start(AppBase.java:909)
Dec  9 10:54:33 localhost app-76:       com.untangle.uvm.app.AppBase.resumeState(AppBase.java:246)
Dec  9 10:54:33 localhost app-76:       com.untangle.uvm.app.AppBase.loadClass(AppBase.java:373)
Dec  9 10:54:33 localhost app-76:       com.untangle.uvm.AppManagerImpl$3.run(AppManagerImpl.java:1128)
Dec  9 10:54:33 localhost app-76:       com.untangle.uvm.UvmContextImpl$1.run(UvmContextImpl.java:654)
Dec  9 10:54:33 localhost app-76:       java.base/java.lang.Thread.run(Thread.java:834)
Dec  9 14:27:33 localhost app-76: [AppBase] <> INFO  No valid license for: bandwidth-control
Dec  9 14:27:33 localhost app-76: [AppBase] <> INFO  Requesting trial for: bandwidth-control
Dec  9 14:27:55 localhost app-76: [BandwidthControlApp] <> INFO  Loading Settings...
Dec  9 14:27:55 localhost app-76: [AppBase] <> INFO  Starting   bandwidth-control [76] ...
Dec  9 14:27:55 localhost app-76: [AppBase] <> WARN  Exception in preStart(). Reverting to INITIALIZED state.
Dec  9 14:27:55 localhost app-76:       java.lang.RuntimeException: Unable to start an app: invalid license
Dec  9 14:27:55 localhost app-76:       com.untangle.app.bandwidth_control.BandwidthControlApp.preStart(BandwidthControlApp.java:105)
Dec  9 14:27:55 localhost app-76:       com.untangle.uvm.app.AppBase.start(AppBase.java:909)
Dec  9 14:27:55 localhost app-76:       com.untangle.uvm.app.AppBase.resumeState(AppBase.java:246)
Dec  9 14:27:55 localhost app-76:       com.untangle.uvm.app.AppBase.loadClass(AppBase.java:373)
Dec  9 14:27:55 localhost app-76:       com.untangle.uvm.AppManagerImpl$3.run(AppManagerImpl.java:1128)
Dec  9 14:27:55 localhost app-76:       com.untangle.uvm.UvmContextImpl$1.run(UvmContextImpl.java:654)
Dec  9 14:27:55 localhost app-76:       java.base/java.lang.Thread.run(Thread.java:834)
