May 20 11:51:56 localhost app-23: [OpenVpnAppImpl] <> INFO  Loading Settings...
May 20 13:43:13 localhost app-23: [OpenVpnAppImpl] <> INFO  Loading Settings...
May 26 11:28:58 localhost app-23: [UnblockedSitesMonitor] <> INFO  UnblockedSitesMonitor initializing
May 26 11:28:59 localhost app-23: [AppBase] <> INFO  Starting   web-filter [23] ...
May 26 11:29:00 localhost app-23: [AppBase] <> INFO  Started    web-filter [23] ...
May 26 11:32:37 localhost app-23: [AppBase] <> INFO  Stopping   web-filter [23] ...
May 26 11:32:44 localhost app-23: [AppBase] <> INFO  Stopped    web-filter [23] ...
May 26 11:32:44 localhost app-23: [AppBase] <> INFO  Destroying web-filter [23] ...
May 26 11:32:44 localhost app-23: [AppBase] <> INFO  Destroyed  web-filter [23] ...
Aug 17 13:06:33 localhost app-23: [SpamBlockerApp] <> INFO  Loading settings from /root/development/github/ngfw_src/dist/usr/share/untangle/settings/spam-blocker/settings_23.js
Aug 17 13:06:33 localhost app-23: [SpamBlockerApp] <> INFO  Signatures not found! Forcing Asynchronous update...
Aug 17 13:06:33 localhost app-23: [AppBase] <> INFO  Starting   spam-blocker [23] ...
Aug 17 13:06:37 localhost app-23: [AppBase] <> INFO  Started    spam-blocker [23] ...
Aug 24 13:06:33 localhost app-23: [SpamBlockerBaseApp] <> INFO  Saving greylist to file... (0 entries)
Aug 24 13:06:33 localhost app-23: [SpamBlockerBaseApp] <> INFO  Saving greylist to file... done
Aug 25 09:08:03 localhost app-23: [SpamBlockerApp] <> INFO  Loading settings from /root/development/github/ngfw_src/dist/usr/share/untangle/settings/spam-blocker/settings_23.js
Aug 25 09:08:03 localhost app-23: [SpamBlockerBaseApp] <> INFO  Loading greylist from file...
Aug 25 09:08:03 localhost app-23: [SpamBlockerBaseApp] <> INFO  Loading greylist from file... done (0 entries)
Aug 25 09:08:03 localhost app-23: [SpamBlockerApp] <> INFO  Signatures not found! Forcing Asynchronous update...
Aug 25 09:08:03 localhost app-23: [AppBase] <> INFO  Starting   spam-blocker [23] ...
Aug 25 09:08:11 localhost app-23: [AppBase] <> INFO  Started    spam-blocker [23] ...
Aug 27 09:25:09 localhost app-23: [SpamBlockerBaseApp] <> INFO  Loading greylist from file...
Aug 27 09:25:09 localhost app-23: [SpamBlockerBaseApp] <> INFO  Loading greylist from file... done (0 entries)
Aug 27 09:25:09 localhost app-23: [SpamBlockerApp] <> INFO  Loading settings from /root/development/github/ngfw_src/dist/usr/share/untangle/settings/spam-blocker/settings_23.js
Aug 27 09:25:09 localhost app-23: [SpamBlockerApp] <> INFO  Signatures not found! Forcing Asynchronous update...
Aug 27 09:25:09 localhost app-23: [AppBase] <> INFO  Starting   spam-blocker [23] ...
Aug 27 09:25:18 localhost app-23: [AppBase] <> INFO  Started    spam-blocker [23] ...
Aug 28 13:45:55 localhost app-23: [AppBase] <> INFO  Stopping   spam-blocker [23] ...
Aug 28 13:45:58 localhost app-23: [AppBase] <> INFO  Stopped    spam-blocker [23] ...
Aug 28 13:46:20 localhost app-23: [SpamBlockerApp] <> INFO  Loading settings from /root/development/github/ngfw_src/dist/usr/share/untangle/settings/spam-blocker/settings_23.js
Aug 28 13:46:20 localhost app-23: [SpamBlockerBaseApp] <> INFO  Loading greylist from file...
Aug 28 13:46:20 localhost app-23: [SpamBlockerBaseApp] <> INFO  Loading greylist from file... done (0 entries)
Aug 28 13:46:20 localhost app-23: [SpamBlockerApp] <> INFO  Signatures not found! Forcing Asynchronous update...
Aug 28 13:46:20 localhost app-23: [AppBase] <> INFO  Starting   spam-blocker [23] ...
Aug 28 13:46:29 localhost app-23: [AppBase] <> INFO  Started    spam-blocker [23] ...
Aug 28 13:52:01 localhost app-23: [AppBase] <> INFO  Stopping   spam-blocker [23] ...
Aug 28 13:52:02 localhost app-23: [AppBase] <> INFO  Stopped    spam-blocker [23] ...
Aug 28 14:02:11 localhost app-23: [SpamBlockerBaseApp] <> INFO  Loading greylist from file...
Aug 28 14:02:11 localhost app-23: [SpamBlockerBaseApp] <> INFO  Loading greylist from file... done (0 entries)
Aug 28 14:02:11 localhost app-23: [SpamBlockerApp] <> INFO  Loading settings from /root/development/github/ngfw_src/dist/usr/share/untangle/settings/spam-blocker/settings_23.js
Aug 28 14:02:11 localhost app-23: [SpamBlockerApp] <> INFO  Signatures not found! Forcing Asynchronous update...
Aug 28 14:02:11 localhost app-23: [AppBase] <> INFO  Starting   spam-blocker [23] ...
Aug 28 14:02:16 localhost app-23: [AppBase] <> INFO  Started    spam-blocker [23] ...
Aug 28 23:35:51 localhost app-23: [AppBase] <> INFO  Stopping   spam-blocker [23] ...
Aug 28 23:35:54 localhost app-23: [AppBase] <> INFO  Stopped    spam-blocker [23] ...
Aug 29 11:49:43 localhost app-23: [SpamBlockerBaseApp] <> INFO  Loading greylist from file...
Aug 29 11:49:43 localhost app-23: [SpamBlockerBaseApp] <> INFO  Loading greylist from file... done (0 entries)
Aug 29 11:49:43 localhost app-23: [SpamBlockerApp] <> INFO  Loading settings from /root/development/github/ngfw_src/dist/usr/share/untangle/settings/spam-blocker/settings_23.js
Aug 29 11:49:43 localhost app-23: [SpamBlockerApp] <> INFO  Signatures not found! Forcing Asynchronous update...
Aug 29 11:49:43 localhost app-23: [AppBase] <> INFO  Starting   spam-blocker [23] ...
Aug 29 11:49:53 localhost app-23: [AppBase] <> INFO  Started    spam-blocker [23] ...
Aug 31 09:09:04 localhost app-23: [AppBase] <> INFO  Stopping   spam-blocker [23] ...
Aug 31 09:09:07 localhost app-23: [AppBase] <> INFO  Stopped    spam-blocker [23] ...
Aug 31 09:09:26 localhost app-23: [SpamBlockerApp] <> INFO  Loading settings from /root/development/github/ngfw_src/dist/usr/share/untangle/settings/spam-blocker/settings_23.js
Aug 31 09:09:26 localhost app-23: [SpamBlockerBaseApp] <> INFO  Loading greylist from file...
Aug 31 09:09:26 localhost app-23: [SpamBlockerBaseApp] <> INFO  Loading greylist from file... done (0 entries)
Aug 31 09:09:26 localhost app-23: [SpamBlockerApp] <> INFO  Signatures not found! Forcing Asynchronous update...
Aug 31 09:09:26 localhost app-23: [AppBase] <> INFO  Starting   spam-blocker [23] ...
Aug 31 09:09:36 localhost app-23: [AppBase] <> INFO  Started    spam-blocker [23] ...
Aug 31 09:22:01 localhost app-23: [AppBase] <> INFO  Stopping   spam-blocker [23] ...
Aug 31 09:22:01 localhost app-23: [AppBase] <> INFO  Stopped    spam-blocker [23] ...
Aug 31 09:22:18 localhost app-23: [SpamBlockerBaseApp] <> INFO  Loading greylist from file...
Aug 31 09:22:18 localhost app-23: [SpamBlockerBaseApp] <> INFO  Loading greylist from file... done (0 entries)
Aug 31 09:22:18 localhost app-23: [SpamBlockerApp] <> INFO  Loading settings from /root/development/github/ngfw_src/dist/usr/share/untangle/settings/spam-blocker/settings_23.js
Aug 31 09:22:18 localhost app-23: [SpamBlockerApp] <> INFO  Signatures not found! Forcing Asynchronous update...
Aug 31 09:22:18 localhost app-23: [AppBase] <> INFO  Starting   spam-blocker [23] ...
Aug 31 09:22:23 localhost app-23: [AppBase] <> INFO  Started    spam-blocker [23] ...
Sep  2 09:25:38 localhost app-23: [AppBase] <> INFO  Stopping   spam-blocker [23] ...
Sep  2 09:25:40 localhost app-23: [AppBase] <> INFO  Stopped    spam-blocker [23] ...
Sep  2 09:25:53 localhost app-23: [SpamBlockerApp] <> INFO  Loading settings from /root/development/github/ngfw_src/dist/usr/share/untangle/settings/spam-blocker/settings_23.js
Sep  2 09:25:53 localhost app-23: [SpamBlockerBaseApp] <> INFO  Loading greylist from file...
Sep  2 09:25:53 localhost app-23: [SpamBlockerBaseApp] <> INFO  Loading greylist from file... done (0 entries)
Sep  2 09:25:53 localhost app-23: [SpamBlockerApp] <> INFO  Signatures not found! Forcing Asynchronous update...
Sep  2 09:25:53 localhost app-23: [AppBase] <> INFO  Starting   spam-blocker [23] ...
Sep  2 09:26:03 localhost app-23: [AppBase] <> INFO  Started    spam-blocker [23] ...
Sep  2 09:35:37 localhost app-23: [AppBase] <> INFO  Stopping   spam-blocker [23] ...
Sep  2 09:35:37 localhost app-23: [AppBase] <> INFO  Stopped    spam-blocker [23] ...
Sep  2 09:35:50 localhost app-23: [SpamBlockerApp] <> INFO  Loading settings from /root/development/github/ngfw_src/dist/usr/share/untangle/settings/spam-blocker/settings_23.js
Sep  2 09:35:50 localhost app-23: [SpamBlockerApp] <> INFO  Signatures not found! Forcing Asynchronous update...
Sep  2 09:35:50 localhost app-23: [SpamBlockerBaseApp] <> INFO  Loading greylist from file...
Sep  2 09:35:50 localhost app-23: [SpamBlockerBaseApp] <> INFO  Loading greylist from file... done (0 entries)
Sep  2 09:35:50 localhost app-23: [AppBase] <> INFO  Starting   spam-blocker [23] ...
Sep  2 09:35:56 localhost app-23: [AppBase] <> INFO  Started    spam-blocker [23] ...
Sep  2 09:40:32 localhost app-23: [AppBase] <> INFO  Stopping   spam-blocker [23] ...
Sep  2 09:40:33 localhost app-23: [AppBase] <> INFO  Stopped    spam-blocker [23] ...
Sep  2 09:40:47 localhost app-23: [SpamBlockerBaseApp] <> INFO  Loading greylist from file...
Sep  2 09:40:47 localhost app-23: [SpamBlockerBaseApp] <> INFO  Loading greylist from file... done (0 entries)
Sep  2 09:40:47 localhost app-23: [SpamBlockerApp] <> INFO  Loading settings from /root/development/github/ngfw_src/dist/usr/share/untangle/settings/spam-blocker/settings_23.js
Sep  2 09:40:47 localhost app-23: [SpamBlockerApp] <> INFO  Signatures not found! Forcing Asynchronous update...
Sep  2 09:40:47 localhost app-23: [AppBase] <> INFO  Starting   spam-blocker [23] ...
Sep  2 09:40:53 localhost app-23: [AppBase] <> INFO  Started    spam-blocker [23] ...
Sep  2 09:52:10 localhost app-23: [AppBase] <> INFO  Stopping   spam-blocker [23] ...
Sep  2 09:52:10 localhost app-23: [AppBase] <> INFO  Stopped    spam-blocker [23] ...
Sep  2 09:52:24 localhost app-23: [SpamBlockerApp] <> INFO  Loading settings from /root/development/github/ngfw_src/dist/usr/share/untangle/settings/spam-blocker/settings_23.js
Sep  2 09:52:24 localhost app-23: [SpamBlockerBaseApp] <> INFO  Loading greylist from file...
Sep  2 09:52:24 localhost app-23: [SpamBlockerBaseApp] <> INFO  Loading greylist from file... done (0 entries)
Sep  2 09:52:24 localhost app-23: [SpamBlockerApp] <> INFO  Signatures not found! Forcing Asynchronous update...
Sep  2 09:52:24 localhost app-23: [AppBase] <> INFO  Starting   spam-blocker [23] ...
Sep  2 09:52:30 localhost app-23: [AppBase] <> INFO  Started    spam-blocker [23] ...
Sep  2 09:55:04 localhost app-23: [AppBase] <> INFO  Stopping   spam-blocker [23] ...
Sep  2 09:55:05 localhost app-23: [AppBase] <> INFO  Stopped    spam-blocker [23] ...
Sep  2 09:55:18 localhost app-23: [SpamBlockerApp] <> INFO  Loading settings from /root/development/github/ngfw_src/dist/usr/share/untangle/settings/spam-blocker/settings_23.js
Sep  2 09:55:18 localhost app-23: [SpamBlockerBaseApp] <> INFO  Loading greylist from file...
Sep  2 09:55:18 localhost app-23: [SpamBlockerBaseApp] <> INFO  Loading greylist from file... done (0 entries)
Sep  2 09:55:18 localhost app-23: [SpamBlockerApp] <> INFO  Signatures not found! Forcing Asynchronous update...
Sep  2 09:55:18 localhost app-23: [AppBase] <> INFO  Starting   spam-blocker [23] ...
Sep  2 09:55:25 localhost app-23: [AppBase] <> INFO  Started    spam-blocker [23] ...
Sep  2 09:56:59 localhost app-23: [AppBase] <> INFO  Stopping   spam-blocker [23] ...
Sep  2 09:57:00 localhost app-23: [AppBase] <> INFO  Stopped    spam-blocker [23] ...
Sep  2 09:57:13 localhost app-23: [SpamBlockerApp] <> INFO  Loading settings from /root/development/github/ngfw_src/dist/usr/share/untangle/settings/spam-blocker/settings_23.js
Sep  2 09:57:13 localhost app-23: [SpamBlockerBaseApp] <> INFO  Loading greylist from file...
Sep  2 09:57:13 localhost app-23: [SpamBlockerBaseApp] <> INFO  Loading greylist from file... done (0 entries)
Sep  2 09:57:13 localhost app-23: [SpamBlockerApp] <> INFO  Signatures not found! Forcing Asynchronous update...
Sep  2 09:57:13 localhost app-23: [AppBase] <> INFO  Starting   spam-blocker [23] ...
Sep  2 09:57:19 localhost app-23: [AppBase] <> INFO  Started    spam-blocker [23] ...
Sep  2 10:21:52 localhost app-23: [AppBase] <> INFO  Stopping   spam-blocker [23] ...
Sep  2 10:21:53 localhost app-23: [AppBase] <> INFO  Stopped    spam-blocker [23] ...
Sep  2 10:22:05 localhost app-23: [SpamBlockerBaseApp] <> INFO  Loading greylist from file...
Sep  2 10:22:05 localhost app-23: [SpamBlockerBaseApp] <> INFO  Loading greylist from file... done (0 entries)
Sep  2 10:22:05 localhost app-23: [SpamBlockerApp] <> INFO  Loading settings from /root/development/github/ngfw_src/dist/usr/share/untangle/settings/spam-blocker/settings_23.js
Sep  2 10:22:05 localhost app-23: [SpamBlockerApp] <> INFO  Signatures not found! Forcing Asynchronous update...
Sep  2 10:22:05 localhost app-23: [AppBase] <> INFO  Starting   spam-blocker [23] ...
Sep  2 10:22:10 localhost app-23: [AppBase] <> INFO  Started    spam-blocker [23] ...
Sep  2 23:35:57 localhost app-23: [AppBase] <> INFO  Stopping   spam-blocker [23] ...
Sep  2 23:36:01 localhost app-23: [AppBase] <> INFO  Stopped    spam-blocker [23] ...
Sep  3 14:28:51 localhost app-23: [SpamBlockerBaseApp] <> INFO  Loading greylist from file...
Sep  3 14:28:51 localhost app-23: [SpamBlockerApp] <> INFO  Loading settings from /root/development/github/ngfw_src/dist/usr/share/untangle/settings/spam-blocker/settings_23.js
Sep  3 14:28:51 localhost app-23: [SpamBlockerBaseApp] <> INFO  Loading greylist from file... done (0 entries)
Sep  3 14:28:51 localhost app-23: [SpamBlockerApp] <> INFO  Signatures not found! Forcing Asynchronous update...
Sep  3 14:28:51 localhost app-23: [AppBase] <> INFO  Starting   spam-blocker [23] ...
Sep  3 14:28:59 localhost app-23: [AppBase] <> INFO  Started    spam-blocker [23] ...
Sep  4 09:03:48 localhost app-23: [AppBase] <> INFO  Stopping   spam-blocker [23] ...
Sep  4 09:03:50 localhost app-23: [AppBase] <> INFO  Stopped    spam-blocker [23] ...
Sep  4 09:04:01 localhost app-23: [SpamBlockerApp] <> INFO  Loading settings from /root/development/github/ngfw_src/dist/usr/share/untangle/settings/spam-blocker/settings_23.js
Sep  4 09:04:01 localhost app-23: [SpamBlockerBaseApp] <> INFO  Loading greylist from file...
Sep  4 09:04:01 localhost app-23: [SpamBlockerBaseApp] <> INFO  Loading greylist from file... done (0 entries)
Sep  4 09:04:01 localhost app-23: [SpamBlockerApp] <> INFO  Signatures not found! Forcing Asynchronous update...
Sep  4 09:04:01 localhost app-23: [AppBase] <> INFO  Starting   spam-blocker [23] ...
Sep  4 09:04:12 localhost app-23: [AppBase] <> INFO  Started    spam-blocker [23] ...
Sep  4 09:09:54 localhost app-23: [AppBase] <> INFO  Stopping   spam-blocker [23] ...
Sep  4 09:09:54 localhost app-23: [AppBase] <> INFO  Stopped    spam-blocker [23] ...
Sep  4 09:10:05 localhost app-23: [SpamBlockerBaseApp] <> INFO  Loading greylist from file...
Sep  4 09:10:05 localhost app-23: [SpamBlockerBaseApp] <> INFO  Loading greylist from file... done (0 entries)
Sep  4 09:10:05 localhost app-23: [SpamBlockerApp] <> INFO  Loading settings from /root/development/github/ngfw_src/dist/usr/share/untangle/settings/spam-blocker/settings_23.js
Sep  4 09:10:05 localhost app-23: [SpamBlockerApp] <> INFO  Signatures not found! Forcing Asynchronous update...
Sep  4 09:10:06 localhost app-23: [AppBase] <> INFO  Starting   spam-blocker [23] ...
Sep  4 09:10:10 localhost app-23: [AppBase] <> INFO  Started    spam-blocker [23] ...
Sep  4 09:10:34 localhost app-23: [AppBase] <> INFO  Stopping   spam-blocker [23] ...
Sep  4 09:10:34 localhost app-23: [AppBase] <> INFO  Stopped    spam-blocker [23] ...
Sep  4 09:10:46 localhost app-23: [SpamBlockerBaseApp] <> INFO  Loading greylist from file...
Sep  4 09:10:46 localhost app-23: [SpamBlockerBaseApp] <> INFO  Loading greylist from file... done (0 entries)
Sep  4 09:10:46 localhost app-23: [SpamBlockerApp] <> INFO  Loading settings from /root/development/github/ngfw_src/dist/usr/share/untangle/settings/spam-blocker/settings_23.js
Sep  4 09:10:46 localhost app-23: [SpamBlockerApp] <> INFO  Signatures not found! Forcing Asynchronous update...
Sep  4 09:10:46 localhost app-23: [AppBase] <> INFO  Starting   spam-blocker [23] ...
Sep  4 09:10:51 localhost app-23: [AppBase] <> INFO  Started    spam-blocker [23] ...
Sep  4 09:12:12 localhost app-23: [AppBase] <> INFO  Stopping   spam-blocker [23] ...
Sep  4 09:12:12 localhost app-23: [AppBase] <> INFO  Stopped    spam-blocker [23] ...
Sep  4 09:12:24 localhost app-23: [SpamBlockerBaseApp] <> INFO  Loading greylist from file...
Sep  4 09:12:24 localhost app-23: [SpamBlockerBaseApp] <> INFO  Loading greylist from file... done (0 entries)
Sep  4 09:12:24 localhost app-23: [SpamBlockerApp] <> INFO  Loading settings from /root/development/github/ngfw_src/dist/usr/share/untangle/settings/spam-blocker/settings_23.js
Sep  4 09:12:24 localhost app-23: [SpamBlockerApp] <> INFO  Signatures not found! Forcing Asynchronous update...
Sep  4 09:12:24 localhost app-23: [AppBase] <> INFO  Starting   spam-blocker [23] ...
Sep  4 09:12:29 localhost app-23: [AppBase] <> INFO  Started    spam-blocker [23] ...
Sep  4 09:27:27 localhost app-23: [AppBase] <> INFO  Stopping   spam-blocker [23] ...
Sep  4 09:27:27 localhost app-23: [AppBase] <> INFO  Stopped    spam-blocker [23] ...
Sep  4 09:27:27 localhost app-23: [AppBase] <> INFO  Destroying spam-blocker [23] ...
Sep  4 09:27:27 localhost app-23: [AppBase] <> INFO  Destroyed  spam-blocker [23] ...
Sep 18 13:57:34 localhost app-23: [IntrusionPreventionApp] <> INFO  Loading settings from /root/development/github/ngfw_src/dist/usr/share/untangle/settings/intrusion-prevention/settings_23.js
Sep 18 13:57:34 localhost app-23: [IntrusionPreventionApp] <> WARN  No settings found - Initializing new settings.
Sep 18 13:59:37 localhost app-23: [IntrusionPreventionApp] <> INFO  Loading settings from /root/development/github/ngfw_src/dist/usr/share/untangle/settings/intrusion-prevention/settings_23.js
Sep 18 13:59:37 localhost app-23: [IntrusionPreventionApp] <> INFO  Loading Settings...
Sep 18 14:00:05 localhost app-23: [AppBase] <> INFO  Destroying intrusion-prevention [23] ...
Sep 18 14:00:05 localhost app-23: [AppBase] <> INFO  Destroyed  intrusion-prevention [23] ...
Sep 25 09:20:09 localhost app-23: [BrandingManagerApp] <> INFO  Loading settings from /root/development/github/ngfw_src/dist/usr/share/untangle/settings/branding-manager/settings_23.js
Sep 25 09:20:09 localhost app-23: [AppBase] <> INFO  Starting   branding-manager [23] ...
Sep 25 09:20:09 localhost app-23: [AppBase] <> INFO  Started    branding-manager [23] ...
Sep 25 09:23:48 localhost app-23: [AppBase] <> INFO  No valid license for: branding-manager
Sep 25 09:23:48 localhost app-23: [AppBase] <> INFO  Requesting trial for: branding-manager
Sep 25 09:24:10 localhost app-23: [AppBase] <> WARN  Exception fetching trial license. Ignoring...
Sep 25 09:24:10 localhost app-23:       java.lang.Exception: Unable to fetch trial license: DNS lookup failed.
Sep 25 09:24:10 localhost app-23:       com.untangle.app.license.LicenseManagerImpl.requestTrialLicense(LicenseManagerImpl.java:493)
Sep 25 09:24:10 localhost app-23:       com.untangle.uvm.app.AppBase.init(AppBase.java:857)
Sep 25 09:24:10 localhost app-23:       com.untangle.uvm.app.AppBase.resumeState(AppBase.java:245)
Sep 25 09:24:10 localhost app-23:       com.untangle.uvm.app.AppBase.loadClass(AppBase.java:373)
Sep 25 09:24:10 localhost app-23:       com.untangle.uvm.AppManagerImpl$3.run(AppManagerImpl.java:1128)
Sep 25 09:24:10 localhost app-23:       com.untangle.uvm.UvmContextImpl$1.run(UvmContextImpl.java:654)
Sep 25 09:24:10 localhost app-23:       java.base/java.lang.Thread.run(Thread.java:834)
Sep 25 09:24:10 localhost app-23: [BrandingManagerApp] <> INFO  Loading settings from /usr/share/untangle/settings/branding-manager/settings_23.js
Sep 25 09:24:10 localhost app-23: [AppBase] <> INFO  Starting   branding-manager [23] ...
Sep 25 09:24:10 localhost app-23: [AppBase] <> INFO  Started    branding-manager [23] ...
Sep 25 09:27:24 localhost app-23: [AppBase] <> INFO  No valid license for: branding-manager
Sep 25 09:27:24 localhost app-23: [AppBase] <> INFO  Requesting trial for: branding-manager
Sep 25 09:27:46 localhost app-23: [AppBase] <> WARN  Exception fetching trial license. Ignoring...
Sep 25 09:27:46 localhost app-23:       java.lang.Exception: Unable to fetch trial license: DNS lookup failed.
Sep 25 09:27:46 localhost app-23:       com.untangle.app.license.LicenseManagerImpl.requestTrialLicense(LicenseManagerImpl.java:493)
Sep 25 09:27:46 localhost app-23:       com.untangle.uvm.app.AppBase.init(AppBase.java:857)
Sep 25 09:27:46 localhost app-23:       com.untangle.uvm.app.AppBase.resumeState(AppBase.java:245)
Sep 25 09:27:46 localhost app-23:       com.untangle.uvm.app.AppBase.loadClass(AppBase.java:373)
Sep 25 09:27:46 localhost app-23:       com.untangle.uvm.AppManagerImpl$3.run(AppManagerImpl.java:1128)
Sep 25 09:27:46 localhost app-23:       com.untangle.uvm.UvmContextImpl$1.run(UvmContextImpl.java:654)
Sep 25 09:27:46 localhost app-23:       java.base/java.lang.Thread.run(Thread.java:834)
Sep 25 09:27:46 localhost app-23: [BrandingManagerApp] <> INFO  Loading settings from /usr/share/untangle/settings/branding-manager/settings_23.js
Sep 25 09:27:46 localhost app-23: [AppBase] <> INFO  Starting   branding-manager [23] ...
Sep 25 09:27:46 localhost app-23: [AppBase] <> INFO  Started    branding-manager [23] ...
Sep 25 09:31:02 localhost app-23: [AppBase] <> INFO  No valid license for: branding-manager
Sep 25 09:31:02 localhost app-23: [AppBase] <> INFO  Requesting trial for: branding-manager
Sep 25 09:31:25 localhost app-23: [AppBase] <> WARN  Exception fetching trial license. Ignoring...
Sep 25 09:31:25 localhost app-23:       java.lang.Exception: Unable to fetch trial license: DNS lookup failed.
Sep 25 09:31:25 localhost app-23:       com.untangle.app.license.LicenseManagerImpl.requestTrialLicense(LicenseManagerImpl.java:493)
Sep 25 09:31:25 localhost app-23:       com.untangle.uvm.app.AppBase.init(AppBase.java:857)
Sep 25 09:31:25 localhost app-23:       com.untangle.uvm.app.AppBase.resumeState(AppBase.java:245)
Sep 25 09:31:25 localhost app-23:       com.untangle.uvm.app.AppBase.loadClass(AppBase.java:373)
Sep 25 09:31:25 localhost app-23:       com.untangle.uvm.AppManagerImpl$3.run(AppManagerImpl.java:1128)
Sep 25 09:31:25 localhost app-23:       com.untangle.uvm.UvmContextImpl$1.run(UvmContextImpl.java:654)
Sep 25 09:31:25 localhost app-23:       java.base/java.lang.Thread.run(Thread.java:834)
Sep 25 09:31:25 localhost app-23: [BrandingManagerApp] <> INFO  Loading settings from /usr/share/untangle/settings/branding-manager/settings_23.js
Sep 25 09:31:25 localhost app-23: [AppBase] <> INFO  Starting   branding-manager [23] ...
Sep 25 09:31:25 localhost app-23: [AppBase] <> INFO  Started    branding-manager [23] ...
Sep 25 09:33:44 localhost app-23: [AppBase] <> INFO  Stopping   branding-manager [23] ...
Sep 25 09:33:44 localhost app-23: [AppBase] <> INFO  Stopped    branding-manager [23] ...
Sep 25 09:33:58 localhost app-23: [AppBase] <> INFO  No valid license for: branding-manager
Sep 25 09:33:58 localhost app-23: [AppBase] <> INFO  Requesting trial for: branding-manager
Sep 25 09:34:31 localhost app-23: [BrandingManagerApp] <> INFO  Loading settings from /usr/share/untangle/settings/branding-manager/settings_23.js
Sep 25 09:34:31 localhost app-23: [AppBase] <> INFO  Starting   branding-manager [23] ...
Sep 25 09:34:31 localhost app-23: [AppBase] <> INFO  Started    branding-manager [23] ...
Sep 25 09:37:49 localhost app-23: [AppBase] <> INFO  Stopping   branding-manager [23] ...
Sep 25 09:37:49 localhost app-23: [AppBase] <> INFO  Stopped    branding-manager [23] ...
Sep 25 09:38:01 localhost app-23: [BrandingManagerApp] <> INFO  Loading settings from /root/development/github/ngfw_src/dist/usr/share/untangle/settings/branding-manager/settings_23.js
Sep 25 09:38:01 localhost app-23: [AppBase] <> INFO  Starting   branding-manager [23] ...
Sep 25 09:38:01 localhost app-23: [AppBase] <> INFO  Started    branding-manager [23] ...
Sep 25 09:40:37 localhost app-23: [AppBase] <> INFO  Stopping   branding-manager [23] ...
Sep 25 09:40:37 localhost app-23: [AppBase] <> INFO  Stopped    branding-manager [23] ...
Sep 25 09:40:49 localhost app-23: [BrandingManagerApp] <> INFO  Loading settings from /root/development/github/ngfw_src/dist/usr/share/untangle/settings/branding-manager/settings_23.js
Sep 25 09:40:49 localhost app-23: [AppBase] <> INFO  Starting   branding-manager [23] ...
Sep 25 09:40:49 localhost app-23: [AppBase] <> INFO  Started    branding-manager [23] ...
Sep 25 09:42:12 localhost app-23: [AppBase] <> INFO  Stopping   branding-manager [23] ...
Sep 25 09:42:12 localhost app-23: [AppBase] <> INFO  Stopped    branding-manager [23] ...
Sep 25 09:42:24 localhost app-23: [BrandingManagerApp] <> INFO  Loading settings from /root/development/github/ngfw_src/dist/usr/share/untangle/settings/branding-manager/settings_23.js
Sep 25 09:42:24 localhost app-23: [AppBase] <> INFO  Starting   branding-manager [23] ...
Sep 25 09:42:24 localhost app-23: [AppBase] <> INFO  Started    branding-manager [23] ...
Sep 25 09:45:27 localhost app-23: [AppBase] <> INFO  Stopping   branding-manager [23] ...
Sep 25 09:45:27 localhost app-23: [AppBase] <> INFO  Stopped    branding-manager [23] ...
Sep 25 09:45:40 localhost app-23: [BrandingManagerApp] <> INFO  Loading settings from /root/development/github/ngfw_src/dist/usr/share/untangle/settings/branding-manager/settings_23.js
Sep 25 09:45:40 localhost app-23: [AppBase] <> INFO  Starting   branding-manager [23] ...
Sep 25 09:45:40 localhost app-23: [AppBase] <> INFO  Started    branding-manager [23] ...
Sep 25 09:52:35 localhost app-23: [AppBase] <> INFO  Stopping   branding-manager [23] ...
Sep 25 09:52:35 localhost app-23: [AppBase] <> INFO  Stopped    branding-manager [23] ...
Sep 25 09:52:47 localhost app-23: [BrandingManagerApp] <> INFO  Loading settings from /root/development/github/ngfw_src/dist/usr/share/untangle/settings/branding-manager/settings_23.js
Sep 25 09:52:47 localhost app-23: [AppBase] <> INFO  Starting   branding-manager [23] ...
Sep 25 09:52:47 localhost app-23: [AppBase] <> INFO  Started    branding-manager [23] ...
Sep 25 09:53:27 localhost app-23: [AppBase] <> INFO  Stopping   branding-manager [23] ...
Sep 25 09:53:27 localhost app-23: [AppBase] <> INFO  Stopped    branding-manager [23] ...
Sep 25 09:53:39 localhost app-23: [BrandingManagerApp] <> INFO  Loading settings from /root/development/github/ngfw_src/dist/usr/share/untangle/settings/branding-manager/settings_23.js
Sep 25 09:53:39 localhost app-23: [AppBase] <> INFO  Starting   branding-manager [23] ...
Sep 25 09:53:39 localhost app-23: [AppBase] <> INFO  Started    branding-manager [23] ...
Sep 25 09:55:51 localhost app-23: [AppBase] <> INFO  Stopping   branding-manager [23] ...
Sep 25 09:55:51 localhost app-23: [AppBase] <> INFO  Stopped    branding-manager [23] ...
Sep 25 09:56:03 localhost app-23: [BrandingManagerApp] <> INFO  Loading settings from /root/development/github/ngfw_src/dist/usr/share/untangle/settings/branding-manager/settings_23.js
Sep 25 09:56:03 localhost app-23: [AppBase] <> INFO  Starting   branding-manager [23] ...
Sep 25 09:56:03 localhost app-23: [AppBase] <> INFO  Started    branding-manager [23] ...
Sep 25 09:56:31 localhost app-23: [AppBase] <> INFO  Stopping   branding-manager [23] ...
Sep 25 09:56:31 localhost app-23: [AppBase] <> INFO  Stopped    branding-manager [23] ...
Sep 25 09:56:45 localhost app-23: [BrandingManagerApp] <> INFO  Loading settings from /root/development/github/ngfw_src/dist/usr/share/untangle/settings/branding-manager/settings_23.js
Sep 25 09:56:45 localhost app-23: [AppBase] <> INFO  Starting   branding-manager [23] ...
Sep 25 09:56:45 localhost app-23: [AppBase] <> INFO  Started    branding-manager [23] ...
Sep 25 09:57:56 localhost app-23: [AppBase] <> INFO  Stopping   branding-manager [23] ...
Sep 25 09:57:56 localhost app-23: [AppBase] <> INFO  Stopped    branding-manager [23] ...
Sep 25 09:58:08 localhost app-23: [BrandingManagerApp] <> INFO  Loading settings from /root/development/github/ngfw_src/dist/usr/share/untangle/settings/branding-manager/settings_23.js
Sep 25 09:58:08 localhost app-23: [AppBase] <> INFO  Starting   branding-manager [23] ...
Sep 25 09:58:08 localhost app-23: [AppBase] <> INFO  Started    branding-manager [23] ...
Sep 25 09:59:18 localhost app-23: [AppBase] <> INFO  Stopping   branding-manager [23] ...
Sep 25 09:59:18 localhost app-23: [AppBase] <> INFO  Stopped    branding-manager [23] ...
Sep 25 09:59:30 localhost app-23: [BrandingManagerApp] <> INFO  Loading settings from /root/development/github/ngfw_src/dist/usr/share/untangle/settings/branding-manager/settings_23.js
Sep 25 09:59:30 localhost app-23: [AppBase] <> INFO  Starting   branding-manager [23] ...
Sep 25 09:59:30 localhost app-23: [AppBase] <> INFO  Started    branding-manager [23] ...
Sep 25 10:00:26 localhost app-23: [AppBase] <> INFO  Stopping   branding-manager [23] ...
Sep 25 10:00:26 localhost app-23: [AppBase] <> INFO  Stopped    branding-manager [23] ...
Sep 25 10:00:38 localhost app-23: [BrandingManagerApp] <> INFO  Loading settings from /root/development/github/ngfw_src/dist/usr/share/untangle/settings/branding-manager/settings_23.js
Sep 25 10:00:38 localhost app-23: [AppBase] <> INFO  Starting   branding-manager [23] ...
Sep 25 10:00:38 localhost app-23: [AppBase] <> INFO  Started    branding-manager [23] ...
Sep 25 10:02:51 localhost app-23: [AppBase] <> INFO  Stopping   branding-manager [23] ...
Sep 25 10:02:51 localhost app-23: [AppBase] <> INFO  Stopped    branding-manager [23] ...
Sep 25 10:03:04 localhost app-23: [BrandingManagerApp] <> INFO  Loading settings from /root/development/github/ngfw_src/dist/usr/share/untangle/settings/branding-manager/settings_23.js
Sep 25 10:03:04 localhost app-23: [AppBase] <> INFO  Starting   branding-manager [23] ...
Sep 25 10:03:04 localhost app-23: [AppBase] <> INFO  Started    branding-manager [23] ...
Sep 25 10:06:10 localhost app-23: [AppBase] <> INFO  Stopping   branding-manager [23] ...
Sep 25 10:06:10 localhost app-23: [AppBase] <> INFO  Stopped    branding-manager [23] ...
Sep 25 10:06:29 localhost app-23: [BrandingManagerApp] <> INFO  Loading settings from /root/development/github/ngfw_src/dist/usr/share/untangle/settings/branding-manager/settings_23.js
Sep 25 10:06:29 localhost app-23: [AppBase] <> INFO  Starting   branding-manager [23] ...
Sep 25 10:06:29 localhost app-23: [AppBase] <> INFO  Started    branding-manager [23] ...
Sep 25 10:08:15 localhost app-23: [AppBase] <> INFO  Stopping   branding-manager [23] ...
Sep 25 10:08:15 localhost app-23: [AppBase] <> INFO  Stopped    branding-manager [23] ...
Sep 25 10:08:33 localhost app-23: [BrandingManagerApp] <> INFO  Loading settings from /root/development/github/ngfw_src/dist/usr/share/untangle/settings/branding-manager/settings_23.js
Sep 25 10:08:33 localhost app-23: [AppBase] <> INFO  Starting   branding-manager [23] ...
Sep 25 10:08:33 localhost app-23: [AppBase] <> INFO  Started    branding-manager [23] ...
Sep 25 10:12:53 localhost app-23: [AppBase] <> INFO  Stopping   branding-manager [23] ...
Sep 25 10:12:53 localhost app-23: [AppBase] <> INFO  Stopped    branding-manager [23] ...
Sep 25 10:13:07 localhost app-23: [BrandingManagerApp] <> INFO  Loading settings from /root/development/github/ngfw_src/dist/usr/share/untangle/settings/branding-manager/settings_23.js
Sep 25 10:13:07 localhost app-23: [AppBase] <> INFO  Starting   branding-manager [23] ...
Sep 25 10:13:07 localhost app-23: [AppBase] <> INFO  Started    branding-manager [23] ...
Sep 25 10:15:09 localhost app-23: [AppBase] <> INFO  Stopping   branding-manager [23] ...
Sep 25 10:15:09 localhost app-23: [AppBase] <> INFO  Stopped    branding-manager [23] ...
Sep 25 10:15:23 localhost app-23: [BrandingManagerApp] <> INFO  Loading settings from /root/development/github/ngfw_src/dist/usr/share/untangle/settings/branding-manager/settings_23.js
Sep 25 10:15:23 localhost app-23: [AppBase] <> INFO  Starting   branding-manager [23] ...
Sep 25 10:15:23 localhost app-23: [AppBase] <> INFO  Started    branding-manager [23] ...
Sep 25 10:16:42 localhost app-23: [AppBase] <> INFO  Stopping   branding-manager [23] ...
Sep 25 10:16:42 localhost app-23: [AppBase] <> INFO  Stopped    branding-manager [23] ...
Sep 25 10:16:55 localhost app-23: [BrandingManagerApp] <> INFO  Loading settings from /root/development/github/ngfw_src/dist/usr/share/untangle/settings/branding-manager/settings_23.js
Sep 25 10:16:55 localhost app-23: [AppBase] <> INFO  Starting   branding-manager [23] ...
Sep 25 10:16:55 localhost app-23: [AppBase] <> INFO  Started    branding-manager [23] ...
Sep 25 10:30:22 localhost app-23: [AppBase] <> INFO  Stopping   branding-manager [23] ...
Sep 25 10:30:22 localhost app-23: [AppBase] <> INFO  Stopped    branding-manager [23] ...
Sep 25 10:30:35 localhost app-23: [BrandingManagerApp] <> INFO  Loading settings from /root/development/github/ngfw_src/dist/usr/share/untangle/settings/branding-manager/settings_23.js
Sep 25 10:30:35 localhost app-23: [AppBase] <> INFO  Starting   branding-manager [23] ...
Sep 25 10:30:35 localhost app-23: [AppBase] <> INFO  Started    branding-manager [23] ...
Sep 25 10:34:13 localhost app-23: [AppBase] <> INFO  Stopping   branding-manager [23] ...
Sep 25 10:34:13 localhost app-23: [AppBase] <> INFO  Stopped    branding-manager [23] ...
Sep 25 10:34:25 localhost app-23: [BrandingManagerApp] <> INFO  Loading settings from /root/development/github/ngfw_src/dist/usr/share/untangle/settings/branding-manager/settings_23.js
Sep 25 10:34:25 localhost app-23: [AppBase] <> INFO  Starting   branding-manager [23] ...
Sep 25 10:34:25 localhost app-23: [AppBase] <> INFO  Started    branding-manager [23] ...
Sep 25 10:37:00 localhost app-23: [AppBase] <> INFO  Stopping   branding-manager [23] ...
Sep 25 10:37:00 localhost app-23: [AppBase] <> INFO  Stopped    branding-manager [23] ...
Sep 25 10:37:14 localhost app-23: [BrandingManagerApp] <> INFO  Loading settings from /root/development/github/ngfw_src/dist/usr/share/untangle/settings/branding-manager/settings_23.js
Sep 25 10:37:14 localhost app-23: [AppBase] <> INFO  Starting   branding-manager [23] ...
Sep 25 10:37:14 localhost app-23: [AppBase] <> INFO  Started    branding-manager [23] ...
Sep 25 10:41:43 localhost app-23: [AppBase] <> INFO  Stopping   branding-manager [23] ...
Sep 25 10:41:43 localhost app-23: [AppBase] <> INFO  Stopped    branding-manager [23] ...
Sep 25 10:41:56 localhost app-23: [BrandingManagerApp] <> INFO  Loading settings from /root/development/github/ngfw_src/dist/usr/share/untangle/settings/branding-manager/settings_23.js
Sep 25 10:41:57 localhost app-23: [AppBase] <> INFO  Starting   branding-manager [23] ...
Sep 25 10:41:57 localhost app-23: [AppBase] <> INFO  Started    branding-manager [23] ...
Sep 25 10:44:34 localhost app-23: [AppBase] <> INFO  Stopping   branding-manager [23] ...
Sep 25 10:44:34 localhost app-23: [AppBase] <> INFO  Stopped    branding-manager [23] ...
Sep 25 10:44:48 localhost app-23: [BrandingManagerApp] <> INFO  Loading settings from /root/development/github/ngfw_src/dist/usr/share/untangle/settings/branding-manager/settings_23.js
Sep 25 10:44:48 localhost app-23: [AppBase] <> INFO  Starting   branding-manager [23] ...
Sep 25 10:44:48 localhost app-23: [AppBase] <> INFO  Started    branding-manager [23] ...
Sep 25 11:00:55 localhost app-23: [AppBase] <> INFO  Stopping   branding-manager [23] ...
Sep 25 11:00:55 localhost app-23: [AppBase] <> INFO  Stopped    branding-manager [23] ...
Sep 25 11:01:08 localhost app-23: [BrandingManagerApp] <> INFO  Loading settings from /root/development/github/ngfw_src/dist/usr/share/untangle/settings/branding-manager/settings_23.js
Sep 25 11:01:08 localhost app-23: [AppBase] <> INFO  Starting   branding-manager [23] ...
Sep 25 11:01:08 localhost app-23: [AppBase] <> INFO  Started    branding-manager [23] ...
Sep 25 11:02:37 localhost app-23: [AppBase] <> INFO  Stopping   branding-manager [23] ...
Sep 25 11:02:37 localhost app-23: [AppBase] <> INFO  Stopped    branding-manager [23] ...
Sep 25 11:02:49 localhost app-23: [BrandingManagerApp] <> INFO  Loading settings from /root/development/github/ngfw_src/dist/usr/share/untangle/settings/branding-manager/settings_23.js
Sep 25 11:02:49 localhost app-23: [AppBase] <> INFO  Starting   branding-manager [23] ...
Sep 25 11:02:49 localhost app-23: [AppBase] <> INFO  Started    branding-manager [23] ...
Sep 25 11:03:21 localhost app-23: [AppBase] <> INFO  Stopping   branding-manager [23] ...
Sep 25 11:03:21 localhost app-23: [AppBase] <> INFO  Stopped    branding-manager [23] ...
Sep 25 11:03:33 localhost app-23: [BrandingManagerApp] <> INFO  Loading settings from /root/development/github/ngfw_src/dist/usr/share/untangle/settings/branding-manager/settings_23.js
Sep 25 11:03:33 localhost app-23: [AppBase] <> INFO  Starting   branding-manager [23] ...
Sep 25 11:03:33 localhost app-23: [AppBase] <> INFO  Started    branding-manager [23] ...
Sep 25 12:20:01 localhost app-23: [AppBase] <> INFO  Stopping   branding-manager [23] ...
Sep 25 12:20:01 localhost app-23: [AppBase] <> INFO  Stopped    branding-manager [23] ...
Sep 25 12:20:14 localhost app-23: [BrandingManagerApp] <> INFO  Loading settings from /root/development/github/ngfw_src/dist/usr/share/untangle/settings/branding-manager/settings_23.js
Sep 25 12:20:14 localhost app-23: [AppBase] <> INFO  Starting   branding-manager [23] ...
Sep 25 12:20:14 localhost app-23: [AppBase] <> INFO  Started    branding-manager [23] ...
Sep 25 12:21:45 localhost app-23: [AppBase] <> INFO  Stopping   branding-manager [23] ...
Sep 25 12:21:45 localhost app-23: [AppBase] <> INFO  Stopped    branding-manager [23] ...
Sep 25 12:21:57 localhost app-23: [BrandingManagerApp] <> INFO  Loading settings from /root/development/github/ngfw_src/dist/usr/share/untangle/settings/branding-manager/settings_23.js
Sep 25 12:21:57 localhost app-23: [AppBase] <> INFO  Starting   branding-manager [23] ...
Sep 25 12:21:57 localhost app-23: [AppBase] <> INFO  Started    branding-manager [23] ...
Sep 25 12:22:38 localhost app-23: [AppBase] <> INFO  Stopping   branding-manager [23] ...
Sep 25 12:22:38 localhost app-23: [AppBase] <> INFO  Stopped    branding-manager [23] ...
Sep 25 12:22:50 localhost app-23: [BrandingManagerApp] <> INFO  Loading settings from /root/development/github/ngfw_src/dist/usr/share/untangle/settings/branding-manager/settings_23.js
Sep 25 12:22:50 localhost app-23: [AppBase] <> INFO  Starting   branding-manager [23] ...
Sep 25 12:22:50 localhost app-23: [AppBase] <> INFO  Started    branding-manager [23] ...
Sep 25 12:23:34 localhost app-23: [AppBase] <> INFO  Stopping   branding-manager [23] ...
Sep 25 12:23:34 localhost app-23: [AppBase] <> INFO  Stopped    branding-manager [23] ...
Sep 25 12:23:48 localhost app-23: [BrandingManagerApp] <> INFO  Loading settings from /root/development/github/ngfw_src/dist/usr/share/untangle/settings/branding-manager/settings_23.js
Sep 25 12:23:48 localhost app-23: [AppBase] <> INFO  Starting   branding-manager [23] ...
Sep 25 12:23:48 localhost app-23: [AppBase] <> INFO  Started    branding-manager [23] ...
Sep 25 12:24:19 localhost app-23: [AppBase] <> INFO  Stopping   branding-manager [23] ...
Sep 25 12:24:19 localhost app-23: [AppBase] <> INFO  Stopped    branding-manager [23] ...
Sep 25 12:24:31 localhost app-23: [BrandingManagerApp] <> INFO  Loading settings from /root/development/github/ngfw_src/dist/usr/share/untangle/settings/branding-manager/settings_23.js
Sep 25 12:24:31 localhost app-23: [AppBase] <> INFO  Starting   branding-manager [23] ...
Sep 25 12:24:31 localhost app-23: [AppBase] <> INFO  Started    branding-manager [23] ...
Sep 25 12:25:58 localhost app-23: [AppBase] <> INFO  Stopping   branding-manager [23] ...
Sep 25 12:25:58 localhost app-23: [AppBase] <> INFO  Stopped    branding-manager [23] ...
Sep 25 12:26:11 localhost app-23: [BrandingManagerApp] <> INFO  Loading settings from /root/development/github/ngfw_src/dist/usr/share/untangle/settings/branding-manager/settings_23.js
Sep 25 12:26:11 localhost app-23: [AppBase] <> INFO  Starting   branding-manager [23] ...
Sep 25 12:26:11 localhost app-23: [AppBase] <> INFO  Started    branding-manager [23] ...
Sep 25 12:26:50 localhost app-23: [AppBase] <> INFO  Stopping   branding-manager [23] ...
Sep 25 12:26:50 localhost app-23: [AppBase] <> INFO  Stopped    branding-manager [23] ...
Sep 25 12:27:03 localhost app-23: [BrandingManagerApp] <> INFO  Loading settings from /root/development/github/ngfw_src/dist/usr/share/untangle/settings/branding-manager/settings_23.js
Sep 25 12:27:03 localhost app-23: [AppBase] <> INFO  Starting   branding-manager [23] ...
Sep 25 12:27:03 localhost app-23: [AppBase] <> INFO  Started    branding-manager [23] ...
Sep 25 13:12:18 localhost app-23: [AppBase] <> INFO  Stopping   branding-manager [23] ...
Sep 25 13:12:18 localhost app-23: [AppBase] <> INFO  Stopped    branding-manager [23] ...
Sep 25 13:12:30 localhost app-23: [BrandingManagerApp] <> INFO  Loading settings from /root/development/github/ngfw_src/dist/usr/share/untangle/settings/branding-manager/settings_23.js
Sep 25 13:12:30 localhost app-23: [AppBase] <> INFO  Starting   branding-manager [23] ...
Sep 25 13:12:30 localhost app-23: [AppBase] <> INFO  Started    branding-manager [23] ...
Sep 25 13:14:47 localhost app-23: [AppBase] <> INFO  Stopping   branding-manager [23] ...
Sep 25 13:14:47 localhost app-23: [AppBase] <> INFO  Stopped    branding-manager [23] ...
Sep 25 13:14:56 localhost app-23: [BrandingManagerApp] <> INFO  Loading settings from /root/development/github/ngfw_src/dist/usr/share/untangle/settings/branding-manager/settings_23.js
Sep 25 13:14:56 localhost app-23: [AppBase] <> INFO  Starting   branding-manager [23] ...
Sep 25 13:14:56 localhost app-23: [AppBase] <> INFO  Started    branding-manager [23] ...
Sep 25 13:22:15 localhost app-23: [AppBase] <> INFO  Stopping   branding-manager [23] ...
Sep 25 13:22:15 localhost app-23: [AppBase] <> INFO  Stopped    branding-manager [23] ...
Oct  2 08:05:01 localhost app-23: [BrandingManagerApp] <> INFO  Loading settings from /usr/share/untangle/settings/branding-manager/settings_23.js
Oct  2 08:05:01 localhost app-23: [AppBase] <> INFO  Starting   branding-manager [23] ...
Oct  2 08:05:01 localhost app-23: [AppBase] <> INFO  Started    branding-manager [23] ...
Oct 14 08:37:29 localhost app-23: [AppBase] <> INFO  No valid license for: branding-manager
Oct 14 08:37:29 localhost app-23: [AppBase] <> INFO  Requesting trial for: branding-manager
Oct 14 08:37:52 localhost app-23: [BrandingManagerApp] <> INFO  Loading settings from /usr/share/untangle/settings/branding-manager/settings_23.js
Oct 14 08:37:52 localhost app-23: [AppBase] <> INFO  Starting   branding-manager [23] ...
Oct 14 08:37:52 localhost app-23: [AppBase] <> INFO  Started    branding-manager [23] ...
Oct 14 16:44:31 localhost app-23: [AppBase] <> INFO  No valid license for: branding-manager
Oct 14 16:44:31 localhost app-23: [AppBase] <> INFO  Requesting trial for: branding-manager
Oct 14 16:44:43 localhost app-23: [BrandingManagerApp] <> INFO  Loading settings from /usr/share/untangle/settings/branding-manager/settings_23.js
Oct 14 16:44:43 localhost app-23: [AppBase] <> INFO  Starting   branding-manager [23] ...
Oct 14 16:44:43 localhost app-23: [AppBase] <> INFO  Started    branding-manager [23] ...
Oct 14 16:47:11 localhost app-23: [AppBase] <> INFO  Stopping   branding-manager [23] ...
Oct 14 16:47:11 localhost app-23: [AppBase] <> INFO  Stopped    branding-manager [23] ...
Oct 15 12:41:37 localhost app-23: [AppBase] <> INFO  No valid license for: branding-manager
Oct 15 12:41:37 localhost app-23: [AppBase] <> INFO  Requesting trial for: branding-manager
Oct 15 12:42:19 localhost app-23: [BrandingManagerApp] <> INFO  Loading settings from /usr/share/untangle/settings/branding-manager/settings_23.js
Oct 15 12:42:19 localhost app-23: [AppBase] <> INFO  Starting   branding-manager [23] ...
Oct 15 12:42:19 localhost app-23: [AppBase] <> INFO  Started    branding-manager [23] ...
Oct 15 12:44:24 localhost app-23: [AppBase] <> INFO  Stopping   branding-manager [23] ...
Oct 15 12:44:24 localhost app-23: [AppBase] <> INFO  Stopped    branding-manager [23] ...
Oct 22 09:42:23 localhost app-23: [AppBase] <> INFO  No valid license for: branding-manager
Oct 22 09:42:23 localhost app-23: [AppBase] <> INFO  Requesting trial for: branding-manager
Oct 22 09:43:04 localhost app-23: [BrandingManagerApp] <> INFO  Loading settings from /usr/share/untangle/settings/branding-manager/settings_23.js
Oct 22 09:43:04 localhost app-23: [AppBase] <> INFO  Starting   branding-manager [23] ...
Oct 22 09:43:04 localhost app-23: [AppBase] <> INFO  Started    branding-manager [23] ...
Oct 27 09:00:25 localhost app-23: [WanFailoverApp] <> INFO  Loading Settings...
Oct 27 09:00:25 localhost app-23: [AppBase] <> INFO  Starting   wan-failover [23] ...
Oct 27 09:00:25 localhost app-23: [WanFailoverTesterMonitor] <> INFO  reconfigure()
Oct 27 09:00:25 localhost app-23: [WanFailoverTesterMonitor] <> INFO  wanState reset WAN (1):  null -> true
Oct 27 09:00:25 localhost app-23: [WanFailoverTesterMonitor] <> INFO  updateWanStateScript( 1, " 1", "")
Oct 27 09:00:25 localhost app-23: [ExecManagerImpl] <> INFO  ExecManager.exec(/root/development/github/ngfw_src/dist/usr/share/untangle/bin/wan-failover-set-active-wan.sh 1 " 1" "")
Oct 27 09:00:25 localhost app-23: [ExecManagerImpl] <> INFO  ExecManager.exec(/root/development/github/ngfw_src/dist/usr/share/untangle/bin/wan-failover-set-active-wan.sh 1 " 1" "") = 0 took 115 ms.
Oct 27 09:00:25 localhost app-23: [WanFailoverTesterMonitor] <> INFO  updateWanStateScript( 1, " 1", "") = 0
Oct 27 09:00:25 localhost app-23: [WanFailoverTesterMonitor] <> INFO  /root/development/github/ngfw_src/dist/usr/share/untangle/bin/wan-failover-set-active-wan.sh:
Oct 27 09:00:25 localhost app-23: [WanFailoverTesterMonitor] <> INFO  /root/development/github/ngfw_src/dist/usr/share/untangle/bin/wan-failover-set-active-wan.sh: [Tue 27 Oct 2020 09:00:25 AM EDT] Default WAN : 1
Oct 27 09:00:25 localhost app-23: [WanFailoverTesterMonitor] <> INFO  /root/development/github/ngfw_src/dist/usr/share/untangle/bin/wan-failover-set-active-wan.sh: [Tue 27 Oct 2020 09:00:25 AM EDT] Live    WANs:  1
Oct 27 09:00:25 localhost app-23: [WanFailoverTesterMonitor] <> INFO  /root/development/github/ngfw_src/dist/usr/share/untangle/bin/wan-failover-set-active-wan.sh: [Tue 27 Oct 2020 09:00:25 AM EDT] Dead    WANs: 
Oct 27 09:00:25 localhost app-23: [WanFailoverTesterMonitor] <> INFO  /root/development/github/ngfw_src/dist/usr/share/untangle/bin/wan-failover-set-active-wan.sh: [Tue 27 Oct 2020 09:00:25 AM EDT] Setting default to uplink.1
Oct 27 09:00:25 localhost app-23: [WanFailoverTesterMonitor] <> INFO  /root/development/github/ngfw_src/dist/usr/share/untangle/bin/wan-failover-set-active-wan.sh: [Tue 27 Oct 2020 09:00:25 AM EDT] DNS configuration is up-to-date.
Oct 27 09:00:25 localhost app-23: [WanFailoverTesterMonitor] <> INFO  /root/development/github/ngfw_src/dist/usr/share/untangle/bin/wan-failover-set-active-wan.sh: [Tue 27 Oct 2020 09:00:25 AM EDT] Inserting Balancing rules...
Oct 27 09:00:25 localhost app-23: [WanFailoverTesterMonitor] <> INFO  Reseting UDP sessions...
Oct 27 09:00:25 localhost app-23: [ExecManagerImpl] <> INFO  ExecManager.exec(conntrack -D --proto udp)
Oct 27 09:00:25 localhost app-23: [ExecManagerImpl] <> INFO  ExecManager.exec(conntrack -D --proto udp) = 0 took 9 ms.
Oct 27 09:00:25 localhost app-23: [WanFailoverTesterMonitor] <> INFO  updateWanStateScript( 1, " 1", "")
Oct 27 09:00:25 localhost app-23: [ExecManagerImpl] <> INFO  ExecManager.exec(/root/development/github/ngfw_src/dist/usr/share/untangle/bin/wan-failover-set-active-wan.sh 1 " 1" "")
Oct 27 09:00:25 localhost app-23: [ExecManagerImpl] <> INFO  ExecManager.exec(/root/development/github/ngfw_src/dist/usr/share/untangle/bin/wan-failover-set-active-wan.sh 1 " 1" "") = 0 took 55 ms.
Oct 27 09:00:25 localhost app-23: [WanFailoverTesterMonitor] <> INFO  updateWanStateScript( 1, " 1", "") = 0
Oct 27 09:00:25 localhost app-23: [WanFailoverTesterMonitor] <> INFO  /root/development/github/ngfw_src/dist/usr/share/untangle/bin/wan-failover-set-active-wan.sh:
Oct 27 09:00:25 localhost app-23: [WanFailoverTesterMonitor] <> INFO  /root/development/github/ngfw_src/dist/usr/share/untangle/bin/wan-failover-set-active-wan.sh: [Tue 27 Oct 2020 09:00:25 AM EDT] Default WAN : 1
Oct 27 09:00:25 localhost app-23: [WanFailoverTesterMonitor] <> INFO  /root/development/github/ngfw_src/dist/usr/share/untangle/bin/wan-failover-set-active-wan.sh: [Tue 27 Oct 2020 09:00:25 AM EDT] Live    WANs:  1
Oct 27 09:00:25 localhost app-23: [WanFailoverTesterMonitor] <> INFO  /root/development/github/ngfw_src/dist/usr/share/untangle/bin/wan-failover-set-active-wan.sh: [Tue 27 Oct 2020 09:00:25 AM EDT] Dead    WANs: 
Oct 27 09:00:25 localhost app-23: [WanFailoverTesterMonitor] <> INFO  /root/development/github/ngfw_src/dist/usr/share/untangle/bin/wan-failover-set-active-wan.sh: [Tue 27 Oct 2020 09:00:25 AM EDT] Setting default to uplink.1
Oct 27 09:00:25 localhost app-23: [WanFailoverTesterMonitor] <> INFO  /root/development/github/ngfw_src/dist/usr/share/untangle/bin/wan-failover-set-active-wan.sh: [Tue 27 Oct 2020 09:00:25 AM EDT] DNS configuration is up-to-date.
Oct 27 09:00:25 localhost app-23: [WanFailoverTesterMonitor] <> INFO  /root/development/github/ngfw_src/dist/usr/share/untangle/bin/wan-failover-set-active-wan.sh: [Tue 27 Oct 2020 09:00:25 AM EDT] Inserting Balancing rules...
Oct 27 09:00:25 localhost app-23: [WanFailoverTesterMonitor] <> INFO  Reseting UDP sessions...
Oct 27 09:00:25 localhost app-23: [ExecManagerImpl] <> INFO  ExecManager.exec(conntrack -D --proto udp)
Oct 27 09:00:25 localhost app-23: [ExecManagerImpl] <> INFO  ExecManager.exec(conntrack -D --proto udp) = 0 took 5 ms.
Oct 27 09:00:25 localhost app-23: [AppBase] <> INFO  Started    wan-failover [23] ...
Oct 27 09:00:49 localhost app-23: [AppBase] <> INFO  Stopping   wan-failover [23] ...
Oct 27 09:00:49 localhost app-23: [WanFailoverTesterMonitor] <> INFO  reconfigure()
Oct 27 09:00:49 localhost app-23: [WanFailoverTesterMonitor] <> INFO  wanState reset WAN (1):  null -> true
Oct 27 09:00:49 localhost app-23: [WanFailoverTesterMonitor] <> INFO  updateWanStateScript( 1, " 1", "")
Oct 27 09:00:49 localhost app-23: [ExecManagerImpl] <> INFO  ExecManager.exec(/root/development/github/ngfw_src/dist/usr/share/untangle/bin/wan-failover-set-active-wan.sh 1 " 1" "")
Oct 27 09:00:49 localhost app-23: [ExecManagerImpl] <> INFO  ExecManager.exec(/root/development/github/ngfw_src/dist/usr/share/untangle/bin/wan-failover-set-active-wan.sh 1 " 1" "") = 0 took 50 ms.
Oct 27 09:00:49 localhost app-23: [WanFailoverTesterMonitor] <> INFO  updateWanStateScript( 1, " 1", "") = 0
Oct 27 09:00:49 localhost app-23: [WanFailoverTesterMonitor] <> INFO  /root/development/github/ngfw_src/dist/usr/share/untangle/bin/wan-failover-set-active-wan.sh:
Oct 27 09:00:49 localhost app-23: [WanFailoverTesterMonitor] <> INFO  /root/development/github/ngfw_src/dist/usr/share/untangle/bin/wan-failover-set-active-wan.sh: [Tue 27 Oct 2020 09:00:49 AM EDT] Default WAN : 1
Oct 27 09:00:49 localhost app-23: [WanFailoverTesterMonitor] <> INFO  /root/development/github/ngfw_src/dist/usr/share/untangle/bin/wan-failover-set-active-wan.sh: [Tue 27 Oct 2020 09:00:49 AM EDT] Live    WANs:  1
Oct 27 09:00:49 localhost app-23: [WanFailoverTesterMonitor] <> INFO  /root/development/github/ngfw_src/dist/usr/share/untangle/bin/wan-failover-set-active-wan.sh: [Tue 27 Oct 2020 09:00:49 AM EDT] Dead    WANs: 
Oct 27 09:00:49 localhost app-23: [WanFailoverTesterMonitor] <> INFO  /root/development/github/ngfw_src/dist/usr/share/untangle/bin/wan-failover-set-active-wan.sh: [Tue 27 Oct 2020 09:00:49 AM EDT] Setting default to uplink.1
Oct 27 09:00:49 localhost app-23: [WanFailoverTesterMonitor] <> INFO  /root/development/github/ngfw_src/dist/usr/share/untangle/bin/wan-failover-set-active-wan.sh: [Tue 27 Oct 2020 09:00:49 AM EDT] DNS configuration is up-to-date.
Oct 27 09:00:49 localhost app-23: [WanFailoverTesterMonitor] <> INFO  /root/development/github/ngfw_src/dist/usr/share/untangle/bin/wan-failover-set-active-wan.sh: [Tue 27 Oct 2020 09:00:49 AM EDT] Inserting Balancing rules...
Oct 27 09:00:49 localhost app-23: [WanFailoverTesterMonitor] <> INFO  Reseting UDP sessions...
Oct 27 09:00:49 localhost app-23: [ExecManagerImpl] <> INFO  ExecManager.exec(conntrack -D --proto udp)
Oct 27 09:00:49 localhost app-23: [ExecManagerImpl] <> INFO  ExecManager.exec(conntrack -D --proto udp) = 0 took 5 ms.
Oct 27 09:00:49 localhost app-23: [WanFailoverTesterMonitor] <> INFO  updateWanStateScript( 1, " 1", "")
Oct 27 09:00:49 localhost app-23: [ExecManagerImpl] <> INFO  ExecManager.exec(/root/development/github/ngfw_src/dist/usr/share/untangle/bin/wan-failover-set-active-wan.sh 1 " 1" "")
Oct 27 09:00:49 localhost app-23: [ExecManagerImpl] <> INFO  ExecManager.exec(/root/development/github/ngfw_src/dist/usr/share/untangle/bin/wan-failover-set-active-wan.sh 1 " 1" "") = 0 took 57 ms.
Oct 27 09:00:49 localhost app-23: [WanFailoverTesterMonitor] <> INFO  updateWanStateScript( 1, " 1", "") = 0
Oct 27 09:00:49 localhost app-23: [WanFailoverTesterMonitor] <> INFO  /root/development/github/ngfw_src/dist/usr/share/untangle/bin/wan-failover-set-active-wan.sh:
Oct 27 09:00:49 localhost app-23: [WanFailoverTesterMonitor] <> INFO  /root/development/github/ngfw_src/dist/usr/share/untangle/bin/wan-failover-set-active-wan.sh: [Tue 27 Oct 2020 09:00:49 AM EDT] Default WAN : 1
Oct 27 09:00:49 localhost app-23: [WanFailoverTesterMonitor] <> INFO  /root/development/github/ngfw_src/dist/usr/share/untangle/bin/wan-failover-set-active-wan.sh: [Tue 27 Oct 2020 09:00:49 AM EDT] Live    WANs:  1
Oct 27 09:00:49 localhost app-23: [WanFailoverTesterMonitor] <> INFO  /root/development/github/ngfw_src/dist/usr/share/untangle/bin/wan-failover-set-active-wan.sh: [Tue 27 Oct 2020 09:00:49 AM EDT] Dead    WANs: 
Oct 27 09:00:49 localhost app-23: [WanFailoverTesterMonitor] <> INFO  /root/development/github/ngfw_src/dist/usr/share/untangle/bin/wan-failover-set-active-wan.sh: [Tue 27 Oct 2020 09:00:49 AM EDT] Setting default to uplink.1
Oct 27 09:00:49 localhost app-23: [WanFailoverTesterMonitor] <> INFO  /root/development/github/ngfw_src/dist/usr/share/untangle/bin/wan-failover-set-active-wan.sh: [Tue 27 Oct 2020 09:00:49 AM EDT] DNS configuration is up-to-date.
Oct 27 09:00:49 localhost app-23: [WanFailoverTesterMonitor] <> INFO  /root/development/github/ngfw_src/dist/usr/share/untangle/bin/wan-failover-set-active-wan.sh: [Tue 27 Oct 2020 09:00:49 AM EDT] Inserting Balancing rules...
Oct 27 09:00:49 localhost app-23: [WanFailoverTesterMonitor] <> INFO  Reseting UDP sessions...
Oct 27 09:00:49 localhost app-23: [ExecManagerImpl] <> INFO  ExecManager.exec(conntrack -D --proto udp)
Oct 27 09:00:49 localhost app-23: [ExecManagerImpl] <> INFO  ExecManager.exec(conntrack -D --proto udp) = 0 took 5 ms.
Oct 27 09:00:49 localhost app-23: [AppBase] <> INFO  Stopped    wan-failover [23] ...
Oct 27 09:00:49 localhost app-23: [AppBase] <> INFO  Destroying wan-failover [23] ...
Oct 27 09:00:49 localhost app-23: [AppBase] <> INFO  Destroyed  wan-failover [23] ...
Nov 11 11:26:12 localhost app-23: [AppBase] <> INFO  No valid license for: branding-manager
Nov 11 11:26:12 localhost app-23: [AppBase] <> INFO  Requesting trial for: branding-manager
Nov 11 11:26:51 localhost app-23: [BrandingManagerApp] <> INFO  Loading settings from /usr/share/untangle/settings/branding-manager/settings_23.js
Nov 11 11:26:51 localhost app-23: [AppBase] <> INFO  Starting   branding-manager [23] ...
Nov 11 11:26:51 localhost app-23: [AppBase] <> INFO  Started    branding-manager [23] ...
Nov 17 12:18:02 localhost app-23: [AppBase] <> INFO  No valid license for: branding-manager
Nov 17 12:18:02 localhost app-23: [AppBase] <> INFO  Requesting trial for: branding-manager
Nov 17 12:18:20 localhost app-23: [BrandingManagerApp] <> INFO  Loading settings from /usr/share/untangle/settings/branding-manager/settings_23.js
Nov 17 12:18:20 localhost app-23: [AppBase] <> INFO  Starting   branding-manager [23] ...
Nov 17 12:18:20 localhost app-23: [AppBase] <> INFO  Started    branding-manager [23] ...
Nov 17 12:19:02 localhost app-23: [AppBase] <> INFO  Stopping   branding-manager [23] ...
Nov 17 12:19:02 localhost app-23: [AppBase] <> INFO  Stopped    branding-manager [23] ...
Nov 17 12:19:34 localhost app-23: [AppBase] <> INFO  No valid license for: branding-manager
Nov 17 12:19:34 localhost app-23: [AppBase] <> INFO  Requesting trial for: branding-manager
Nov 17 12:19:54 localhost app-23: [BrandingManagerApp] <> INFO  Loading settings from /usr/share/untangle/settings/branding-manager/settings_23.js
Nov 17 12:19:54 localhost app-23: [AppBase] <> INFO  Starting   branding-manager [23] ...
Nov 17 12:19:54 localhost app-23: [AppBase] <> INFO  Started    branding-manager [23] ...
Nov 23 17:24:18 localhost app-23: [AppBase] <> INFO  Stopping   branding-manager [23] ...
Nov 23 17:24:18 localhost app-23: [AppBase] <> INFO  Stopped    branding-manager [23] ...
Nov 23 17:33:52 localhost app-23: [AppBase] <> INFO  No valid license for: branding-manager
Nov 23 17:33:52 localhost app-23: [AppBase] <> INFO  Requesting trial for: branding-manager
Nov 23 17:34:31 localhost app-23: [BrandingManagerApp] <> INFO  Loading settings from /usr/share/untangle/settings/branding-manager/settings_23.js
Nov 23 17:34:31 localhost app-23: [AppBase] <> INFO  Starting   branding-manager [23] ...
Nov 23 17:34:31 localhost app-23: [AppBase] <> INFO  Started    branding-manager [23] ...
Nov 23 18:09:32 localhost app-23: [AppBase] <> INFO  Stopping   branding-manager [23] ...
Nov 23 18:09:32 localhost app-23: [AppBase] <> INFO  Stopped    branding-manager [23] ...
Nov 23 18:13:22 localhost app-23: [AppBase] <> INFO  No valid license for: branding-manager
Nov 23 18:13:22 localhost app-23: [AppBase] <> INFO  Requesting trial for: branding-manager
Nov 23 18:13:37 localhost app-23: [BrandingManagerApp] <> INFO  Loading settings from /usr/share/untangle/settings/branding-manager/settings_23.js
Nov 23 18:13:37 localhost app-23: [AppBase] <> INFO  Starting   branding-manager [23] ...
Nov 23 18:13:37 localhost app-23: [AppBase] <> INFO  Started    branding-manager [23] ...
Nov 24 08:49:11 localhost app-23: [AppBase] <> INFO  No valid license for: branding-manager
Nov 24 08:49:11 localhost app-23: [AppBase] <> INFO  Requesting trial for: branding-manager
Nov 24 08:49:40 localhost app-23: [BrandingManagerApp] <> INFO  Loading settings from /usr/share/untangle/settings/branding-manager/settings_23.js
Nov 24 08:49:40 localhost app-23: [AppBase] <> INFO  Starting   branding-manager [23] ...
Nov 24 08:49:40 localhost app-23: [AppBase] <> INFO  Started    branding-manager [23] ...
Nov 30 17:23:26 localhost app-23: [AppBase] <> INFO  Stopping   branding-manager [23] ...
Nov 30 17:23:26 localhost app-23: [AppBase] <> INFO  Stopped    branding-manager [23] ...
Dec  7 11:06:22 localhost app-23: [AppBase] <> INFO  No valid license for: branding-manager
Dec  7 11:06:22 localhost app-23: [AppBase] <> INFO  Requesting trial for: branding-manager
Dec  7 11:06:41 localhost app-23: [BrandingManagerApp] <> INFO  Loading settings from /usr/share/untangle/settings/branding-manager/settings_23.js
Dec  7 11:06:41 localhost app-23: [AppBase] <> INFO  Starting   branding-manager [23] ...
Dec  7 11:06:41 localhost app-23: [AppBase] <> INFO  Started    branding-manager [23] ...
Dec  9 10:53:53 localhost app-23: [AppBase] <> INFO  No valid license for: branding-manager
Dec  9 10:53:53 localhost app-23: [AppBase] <> INFO  Requesting trial for: branding-manager
Dec  9 10:54:25 localhost app-23: [BrandingManagerApp] <> INFO  Loading settings from /usr/share/untangle/settings/branding-manager/settings_23.js
Dec  9 10:54:25 localhost app-23: [AppBase] <> INFO  Starting   branding-manager [23] ...
Dec  9 10:54:25 localhost app-23: [AppBase] <> INFO  Started    branding-manager [23] ...
Dec  9 14:27:33 localhost app-23: [AppBase] <> INFO  No valid license for: branding-manager
Dec  9 14:27:33 localhost app-23: [AppBase] <> INFO  Requesting trial for: branding-manager
Dec  9 14:28:08 localhost app-23: [BrandingManagerApp] <> INFO  Loading settings from /usr/share/untangle/settings/branding-manager/settings_23.js
Dec  9 14:28:08 localhost app-23: [AppBase] <> INFO  Starting   branding-manager [23] ...
Dec  9 14:28:08 localhost app-23: [AppBase] <> INFO  Started    branding-manager [23] ...
Dec  9 16:36:36 localhost app-23: [AppBase] <> INFO  Stopping   branding-manager [23] ...
Dec  9 16:36:36 localhost app-23: [AppBase] <> INFO  Stopped    branding-manager [23] ...
