Apr  6 08:52:24 localhost app-42: [FirewallApp] <> WARN  No settings found - Initializing new settings.
Apr  6 08:52:24 localhost app-42: [FirewallApp] <> INFO  Creating the default settings...
Apr  6 08:52:24 localhost app-42: [FirewallApp] <> INFO  Reconfigure()
Apr  6 08:52:24 localhost app-42: [AppBase] <> INFO  killMatchingSessions()
Apr  6 08:52:24 localhost app-42: [FirewallApp] <> INFO  Reconfigure()
Apr  6 08:52:24 localhost app-42: [AppBase] <> INFO  killMatchingSessions()
Apr  6 08:52:24 localhost app-42: [AppBase] <> INFO  Starting   firewall [42] ...
Apr  6 08:52:24 localhost app-42: [FirewallApp] <> INFO  Reconfigure()
Apr  6 08:52:24 localhost app-42: [AppBase] <> INFO  killMatchingSessions()
Apr  6 08:52:24 localhost app-42: [AppBase] <> INFO  killMatchingSessions()
Apr  6 08:52:24 localhost app-42: [AppBase] <> INFO  Started    firewall [42] ...
Apr  6 08:52:24 localhost app-42: [FirewallApp] <> INFO  Reconfigure()
Apr  6 08:52:24 localhost app-42: [AppBase] <> INFO  killMatchingSessions()
Apr  6 08:52:36 localhost app-42: [FirewallApp] <> INFO  Reconfigure()
Apr  6 08:52:36 localhost app-42: [AppBase] <> INFO  killMatchingSessions()
Apr  6 08:52:36 localhost app-42: [AppBase] <> INFO  Stopping   firewall [42] ...
Apr  6 08:52:36 localhost app-42: [AppBase] <> INFO  killMatchingSessions()
Apr  6 08:52:36 localhost app-42: [AppBase] <> INFO  Stopped    firewall [42] ...
Apr  6 08:52:36 localhost app-42: [AppBase] <> INFO  Destroying firewall [42] ...
Apr  6 08:52:36 localhost app-42: [AppBase] <> INFO  Destroyed  firewall [42] ...
May 15 15:01:07 localhost app-42: [AppBase] <> INFO  killMatchingSessions()
May 15 15:01:07 localhost app-42: [VirusBlockerBaseApp] <> INFO  Loading Settings...
May 15 15:01:07 localhost app-42: [AppBase] <> INFO  Starting   virus-blocker [42] ...
May 15 15:01:07 localhost app-42: [AppBase] <> INFO  Started    virus-blocker [42] ...
May 15 15:01:17 localhost app-42: [AppBase] <> INFO  Stopping   virus-blocker [42] ...
May 15 15:01:17 localhost app-42: [AppBase] <> INFO  Stopped    virus-blocker [42] ...
May 15 15:01:17 localhost app-42: [AppBase] <> INFO  Destroying virus-blocker [42] ...
May 15 15:01:17 localhost app-42: [AppBase] <> INFO  Destroyed  virus-blocker [42] ...
Jul  5 13:34:46 localhost app-42: [ThreatPreventionApp] <> WARN  No settings found - Initializing new settings.
Jul  5 13:34:46 localhost app-42: [ThreatPreventionApp] <> INFO  Creating the default settings...
