Jul  2 08:29:01 localhost app-37: [OpenVpnAppImpl] <> INFO  Loading Settings...
Jul  5 13:27:12 localhost app-37: [OpenVpnAppImpl] <> INFO  Loading Settings...
Jul  5 13:33:21 localhost app-37: [OpenVpnAppImpl] <> INFO  Loading Settings...
Jul  5 13:39:46 localhost app-37: [OpenVpnAppImpl] <> INFO  Loading Settings...
Jul  5 13:40:51 localhost app-37: [OpenVpnAppImpl] <> INFO  Loading Settings...
Jul  5 13:42:03 localhost app-37: [OpenVpnAppImpl] <> INFO  Loading Settings...
Jul  5 13:42:23 localhost app-37: [OpenVpnAppImpl] <> INFO  Loading Settings...
Jul  7 14:10:02 localhost app-37: [OpenVpnAppImpl] <> INFO  Loading Settings...
Jul  7 15:51:36 localhost app-37: [OpenVpnAppImpl] <> INFO  Loading Settings...
Jul 10 13:04:52 localhost app-37: [OpenVpnAppImpl] <> INFO  Loading Settings...
Jul 10 13:06:33 localhost app-37: [OpenVpnAppImpl] <> INFO  Loading Settings...
Jul 10 13:20:30 localhost app-37: [OpenVpnAppImpl] <> INFO  Loading Settings...
Jul 10 14:00:50 localhost app-37: [OpenVpnAppImpl] <> INFO  Loading Settings...
Jul 10 14:01:17 localhost app-37: [OpenVpnAppImpl] <> INFO  Loading Settings...
Jul 10 14:59:37 localhost app-37: [OpenVpnAppImpl] <> INFO  Loading Settings...
Jul 10 15:06:39 localhost app-37: [OpenVpnAppImpl] <> INFO  Loading Settings...
Jul 13 09:00:24 localhost app-37: [OpenVpnAppImpl] <> INFO  Loading Settings...
Jul 13 10:10:18 localhost app-37: [OpenVpnAppImpl] <> INFO  Loading Settings...
Jul 13 15:19:24 localhost app-37: [OpenVpnAppImpl] <> INFO  Loading Settings...
Jul 14 08:59:03 localhost app-37: [OpenVpnAppImpl] <> INFO  Loading Settings...
Jul 14 09:08:28 localhost app-37: [OpenVpnAppImpl] <> INFO  Loading Settings...
Jul 14 09:30:08 localhost app-37: [OpenVpnAppImpl] <> INFO  Loading Settings...
Jul 14 10:05:55 localhost app-37: [OpenVpnAppImpl] <> INFO  Loading Settings...
Sep 21 15:12:30 localhost app-37: [SslInspectorApp] <> INFO  Loading settings from /root/development/github/ngfw_src/dist/usr/share/untangle/settings/ssl-inspector/settings_37.js
Sep 21 15:12:30 localhost app-37: [SslInspectorApp] <> WARN  No settings found... initializing with defaults
Sep 21 15:12:31 localhost app-37: [SslInspectorApp] <> INFO  Loaded 413 trusted certificates from /root/development/github/ngfw_src/dist/usr/share/untangle/lib/ssl-inspector/trusted-ca-list.jks
