Apr  6 19:28:02 localhost app-57: [FirewallApp] <> WARN  No settings found - Initializing new settings.
Apr  6 19:28:02 localhost app-57: [FirewallApp] <> INFO  Creating the default settings...
Apr  6 19:28:03 localhost app-57: [FirewallApp] <> INFO  Reconfigure()
Apr  6 19:28:03 localhost app-57: [AppBase] <> INFO  killMatchingSessions()
Apr  6 19:28:03 localhost app-57: [FirewallApp] <> INFO  Reconfigure()
Apr  6 19:28:03 localhost app-57: [AppBase] <> INFO  killMatchingSessions()
Apr  6 19:28:03 localhost app-57: [AppBase] <> INFO  Starting   firewall [57] ...
Apr  6 19:28:03 localhost app-57: [FirewallApp] <> INFO  Reconfigure()
Apr  6 19:28:03 localhost app-57: [AppBase] <> INFO  killMatchingSessions()
Apr  6 19:28:03 localhost app-57: [AppBase] <> INFO  killMatchingSessions()
Apr  6 19:28:03 localhost app-57: [AppBase] <> INFO  Started    firewall [57] ...
Apr  6 19:28:03 localhost app-57: [FirewallApp] <> INFO  Reconfigure()
Apr  6 19:28:03 localhost app-57: [AppBase] <> INFO  killMatchingSessions()
Apr  6 19:28:04 localhost app-57: [FirewallApp] <> INFO  Reconfigure()
Apr  6 19:28:04 localhost app-57: [AppBase] <> INFO  killMatchingSessions()
Apr  6 19:28:04 localhost app-57: [AppBase] <> INFO  Stopping   firewall [57] ...
Apr  6 19:28:04 localhost app-57: [AppBase] <> INFO  killMatchingSessions()
Apr  6 19:28:04 localhost app-57: [AppBase] <> INFO  Stopped    firewall [57] ...
Apr  6 19:28:04 localhost app-57: [AppBase] <> INFO  Destroying firewall [57] ...
Apr  6 19:28:04 localhost app-57: [AppBase] <> INFO  Destroyed  firewall [57] ...
