Enabling site upgrade.
Site uvm disabled.
Stopping Untangle VM:[.........]
.
Restoring files...
usr/share/untangle/settings/
usr/share/untangle/settings/web-filter/
usr/share/untangle/settings/web-filter/settings_26.js
usr/share/untangle/settings/web-filter/settings_63.js
usr/share/untangle/settings/web-filter/settings_72.js
usr/share/untangle/settings/web-filter/settings_65.js
usr/share/untangle/settings/web-filter/settings_58.js
usr/share/untangle/settings/web-filter/settings_29.js
usr/share/untangle/settings/web-filter/settings_62.js
usr/share/untangle/settings/web-filter/settings_5.js
usr/share/untangle/settings/web-filter/settings_24.js
usr/share/untangle/settings/untangle-certificates/
usr/share/untangle/settings/untangle-certificates/1536627564.key
usr/share/untangle/settings/untangle-certificates/apache.pem
usr/share/untangle/settings/untangle-certificates/serial.txt
usr/share/untangle/settings/untangle-certificates/1536627564.pfx
usr/share/untangle/settings/untangle-certificates/1536627564.csr
usr/share/untangle/settings/untangle-certificates/1536627564.pem
usr/share/untangle/settings/untangle-certificates/1513955941.key
usr/share/untangle/settings/untangle-certificates/index.txt
usr/share/untangle/settings/untangle-certificates/untangle.crt
usr/share/untangle/settings/untangle-certificates/1536627564.crt
usr/share/untangle/settings/untangle-certificates/apache.csr
usr/share/untangle/settings/untangle-certificates/1513955941.pfx
usr/share/untangle/settings/untangle-certificates/apache.key
usr/share/untangle/settings/untangle-certificates/1513955941.crt
usr/share/untangle/settings/untangle-certificates/RootCAInstaller.exe
usr/share/untangle/settings/untangle-certificates/UntangleRootCAInstaller.exe
usr/share/untangle/settings/untangle-certificates/apache.crt
usr/share/untangle/settings/untangle-certificates/1513955941.csr
usr/share/untangle/settings/untangle-certificates/apache.pfx
usr/share/untangle/settings/untangle-certificates/1600787184/
usr/share/untangle/settings/untangle-certificates/1600787184/serial.txt
usr/share/untangle/settings/untangle-certificates/1600787184/index.txt
usr/share/untangle/settings/untangle-certificates/1600787184/untangle.crt
usr/share/untangle/settings/untangle-certificates/1600787184/serial.txt.old
usr/share/untangle/settings/untangle-certificates/1600787184/index.txt.old
usr/share/untangle/settings/untangle-certificates/1600787184/index.txt.attr
usr/share/untangle/settings/untangle-certificates/1600787184/index.txt.attr.old
usr/share/untangle/settings/untangle-certificates/1600787184/untangle.key
usr/share/untangle/settings/untangle-certificates/untangle.key
usr/share/untangle/settings/untangle-certificates/1513955941.pem
usr/share/untangle/settings/untangle-vm/
usr/share/untangle/settings/untangle-vm/system.js
usr/share/untangle/settings/untangle-vm/language.js
usr/share/untangle/settings/untangle-vm/skin.js
usr/share/untangle/settings/untangle-vm/local_directory.js
usr/share/untangle/settings/untangle-vm/mail.js
usr/share/untangle/settings/untangle-vm/admin.js
usr/share/untangle/settings/untangle-vm/google.js
usr/share/untangle/settings/untangle-vm/dashboard.js
usr/share/untangle/settings/untangle-vm/events.js
usr/share/untangle/settings/untangle-vm/network.js
usr/share/untangle/settings/untangle-vm/devices.js
usr/share/untangle/settings/untangle-vm/hosts.js
usr/share/untangle/settings/untangle-vm/apps.js
usr/share/untangle/settings/untangle-vm/users.js
usr/share/untangle/settings/reports/
usr/share/untangle/settings/reports/settings_51.js
usr/share/untangle/settings/reports/settings_14.js
usr/share/untangle/settings/virus-blocker/
usr/share/untangle/settings/virus-blocker/settings_7.js
usr/share/untangle/settings/virus-blocker/settings_73.js
usr/share/untangle/settings/virus-blocker/settings_67.js
usr/share/untangle/settings/tunnel-vpn/
usr/share/untangle/settings/tunnel-vpn/settings_60.js
usr/share/untangle/settings/tunnel-vpn/settings_81.js
usr/share/untangle/settings/tunnel-vpn/settings_56.js
usr/share/untangle/settings/tunnel-vpn/tunnel-200/
usr/share/untangle/settings/tunnel-vpn/tunnel-200/auth.txt
usr/share/untangle/settings/tunnel-vpn/tunnel-200/tunnel.conf
usr/share/untangle/settings/tunnel-vpn/settings_70.js
usr/share/untangle/settings/http/
usr/share/untangle/settings/http/settings_6.js
usr/share/untangle/settings/firewall/
usr/share/untangle/settings/firewall/settings_78.js
usr/share/untangle/settings/firewall/settings_25.js
usr/share/untangle/settings/firewall/settings_36.js
usr/share/untangle/settings/firewall/settings_57.js
usr/share/untangle/settings/firewall/settings_54.js
usr/share/untangle/settings/firewall/settings_66.js
usr/share/untangle/settings/firewall/settings_27.js
usr/share/untangle/settings/firewall/settings_13.js
usr/share/untangle/settings/firewall/settings_55.js
usr/share/untangle/settings/wan-balancer/
usr/share/untangle/settings/wan-balancer/settings_18.js
usr/share/untangle/settings/wan-balancer/settings_45.js
usr/share/untangle/settings/wan-balancer/settings_44.js
usr/share/untangle/settings/smtp/
usr/share/untangle/settings/smtp/settings_8.js
usr/share/untangle/settings/wireguard-vpn/
usr/share/untangle/settings/wireguard-vpn/settings_82.js
usr/share/untangle/settings/shield/
usr/share/untangle/settings/shield/settings_3.js
usr/share/untangle/settings/captive-portal/
usr/share/untangle/settings/captive-portal/settings_28.js
usr/share/untangle/settings/wan-failover/
usr/share/untangle/settings/wan-failover/settings_50.js
usr/share/untangle/settings/wan-failover/settings_15.js
usr/share/untangle/settings/spam-blocker/
usr/share/untangle/settings/spam-blocker/settings_52.js
usr/share/untangle/settings/spam-blocker/settings_43.js
usr/share/untangle/settings/spam-blocker/settings_40.js
usr/share/untangle/settings/spam-blocker/settings_35.js
usr/share/untangle/settings/ipsec-vpn/
usr/share/untangle/settings/ipsec-vpn/settings_80.js
usr/share/untangle/settings/ipsec-vpn/settings_19.js
usr/share/untangle/settings/phish-blocker/
usr/share/untangle/settings/phish-blocker/settings_53.js
usr/share/untangle/settings/phish-blocker/settings_10.js
usr/share/untangle/settings/virus-blocker-lite/
usr/share/untangle/settings/virus-blocker-lite/settings_68.js
usr/share/untangle/settings/virus-blocker-lite/settings_74.js
usr/share/untangle/settings/virus-blocker-lite/settings_9.js
usr/share/untangle/settings/configuration-backup/
usr/share/untangle/settings/configuration-backup/settings_21.js
usr/share/untangle/settings/ssl-inspector/
usr/share/untangle/settings/ssl-inspector/settings_39.js
usr/share/untangle/settings/ssl-inspector/settings_38.js
usr/share/untangle/settings/ssl-inspector/settings_34.js
usr/share/untangle/settings/ssl-inspector/settings_61.js
usr/share/untangle/settings/ftp/
usr/share/untangle/settings/ftp/settings_2.js
usr/share/untangle/settings/threat-prevention/
usr/share/untangle/settings/threat-prevention/settings_71.js
usr/share/untangle/settings/threat-prevention/settings_79.js
usr/share/untangle/settings/web-cache/
usr/share/untangle/settings/web-cache/settings_47.js
usr/share/untangle/settings/branding-manager/
usr/share/untangle/settings/branding-manager/settings_23.js
usr/share/untangle/settings/bandwidth-control/
usr/share/untangle/settings/bandwidth-control/settings_76.js
usr/share/untangle/settings/bandwidth-control/settings_11.js
usr/share/untangle/settings/bandwidth-control/settings_49.js
usr/share/untangle/settings/policy-manager/
usr/share/untangle/settings/policy-manager/settings_16.js
usr/share/untangle/settings/intrusion-prevention/
usr/share/untangle/settings/intrusion-prevention/settings_69.js
usr/share/untangle/settings/intrusion-prevention/settings_42.js
usr/share/untangle/settings/openvpn/
usr/share/untangle/settings/openvpn/76B51D36.pem
usr/share/untangle/settings/openvpn/76B51D2B.pem
usr/share/untangle/settings/openvpn/76B51D14.pem
usr/share/untangle/settings/openvpn/serial
usr/share/untangle/settings/openvpn/76B51D25.pem
usr/share/untangle/settings/openvpn/76B51D3B.pem
usr/share/untangle/settings/openvpn/76B51D1E.pem
usr/share/untangle/settings/openvpn/76B51D11.pem
usr/share/untangle/settings/openvpn/76B51D21.pem
usr/share/untangle/settings/openvpn/76B51D31.pem
usr/share/untangle/settings/openvpn/76B51D19.pem
usr/share/untangle/settings/openvpn/index.txt
usr/share/untangle/settings/openvpn/76B51D2E.pem
usr/share/untangle/settings/openvpn/76B51D33.pem
usr/share/untangle/settings/openvpn/76B51D23.pem
usr/share/untangle/settings/openvpn/76B51D2F.pem
usr/share/untangle/settings/openvpn/76B51D37.pem
usr/share/untangle/settings/openvpn/76B51D35.pem
usr/share/untangle/settings/openvpn/dh.pem
usr/share/untangle/settings/openvpn/76B51D3C.pem
usr/share/untangle/settings/openvpn/76B51D2D.pem
usr/share/untangle/settings/openvpn/76B51D18.pem
usr/share/untangle/settings/openvpn/76B51D22.pem
usr/share/untangle/settings/openvpn/76B51D3E.pem
usr/share/untangle/settings/openvpn/76B51D1F.pem
usr/share/untangle/settings/openvpn/ca.crt
usr/share/untangle/settings/openvpn/server.key
usr/share/untangle/settings/openvpn/76B51D40.pem
usr/share/untangle/settings/openvpn/76B51D27.pem
usr/share/untangle/settings/openvpn/76B51D34.pem
usr/share/untangle/settings/openvpn/76B51D13.pem
usr/share/untangle/settings/openvpn/76B51D1C.pem
usr/share/untangle/settings/openvpn/76B51D42.pem
usr/share/untangle/settings/openvpn/76B51D3F.pem
usr/share/untangle/settings/openvpn/76B51D3D.pem
usr/share/untangle/settings/openvpn/settings_64.js
usr/share/untangle/settings/openvpn/76B51D30.pem
usr/share/untangle/settings/openvpn/76B51D2C.pem
usr/share/untangle/settings/openvpn/76B51D38.pem
usr/share/untangle/settings/openvpn/ca.key
usr/share/untangle/settings/openvpn/76B51D32.pem
usr/share/untangle/settings/openvpn/76B51D1A.pem
usr/share/untangle/settings/openvpn/76B51D20.pem
usr/share/untangle/settings/openvpn/76B51D16.pem
usr/share/untangle/settings/openvpn/index.txt.old
usr/share/untangle/settings/openvpn/76B51D15.pem
usr/share/untangle/settings/openvpn/remote-clients/
usr/share/untangle/settings/openvpn/remote-clients/client-amandal.crt
usr/share/untangle/settings/openvpn/remote-clients/client-kathyb.p12
usr/share/untangle/settings/openvpn/remote-clients/client-rudy.p12
usr/share/untangle/settings/openvpn/remote-clients/client-davidy2.p12
usr/share/untangle/settings/openvpn/remote-clients/client-suek.crt
usr/share/untangle/settings/openvpn/remote-clients/client-kathyb.key
usr/share/untangle/settings/openvpn/remote-clients/client-tracyl.crt
usr/share/untangle/settings/openvpn/remote-clients/client-amandal.key
usr/share/untangle/settings/openvpn/remote-clients/client-test.b64
usr/share/untangle/settings/openvpn/remote-clients/client-testunitfull.b64
usr/share/untangle/settings/openvpn/remote-clients/client-NewCastle.p12
usr/share/untangle/settings/openvpn/remote-clients/client-ordersrc2.key
usr/share/untangle/settings/openvpn/remote-clients/client-MFW-926-test.p12
usr/share/untangle/settings/openvpn/remote-clients/client-cmercertestfull.key
usr/share/untangle/settings/openvpn/remote-clients/client-tracyl.b64
usr/share/untangle/settings/openvpn/remote-clients/client-test.key
usr/share/untangle/settings/openvpn/remote-clients/client-raquelc.key
usr/share/untangle/settings/openvpn/remote-clients/client-michaelf.key
usr/share/untangle/settings/openvpn/remote-clients/client-jen3.p12
usr/share/untangle/settings/openvpn/remote-clients/client-chalet.p12
usr/share/untangle/settings/openvpn/remote-clients/client-i7lap.key
usr/share/untangle/settings/openvpn/remote-clients/client-alondrac.p12
usr/share/untangle/settings/openvpn/remote-clients/client-testunitfull.crt
usr/share/untangle/settings/openvpn/remote-clients/client-mfwrc4.p12
usr/share/untangle/settings/openvpn/remote-clients/client-christinag.key
usr/share/untangle/settings/openvpn/remote-clients/client-NewCastle.b64
usr/share/untangle/settings/openvpn/remote-clients/client-suek.key
usr/share/untangle/settings/openvpn/remote-clients/client-tracyl.p12
usr/share/untangle/settings/openvpn/remote-clients/client-tracyl.key
usr/share/untangle/settings/openvpn/remote-clients/client-rudy.crt
usr/share/untangle/settings/openvpn/remote-clients/client-junior.crt
usr/share/untangle/settings/openvpn/remote-clients/client-amandal.p12
usr/share/untangle/settings/openvpn/remote-clients/client-davidy2.crt
usr/share/untangle/settings/openvpn/remote-clients/client-chalet.crt
usr/share/untangle/settings/openvpn/remote-clients/client-NewCastle.crt
usr/share/untangle/settings/openvpn/remote-clients/client-test.crt
usr/share/untangle/settings/openvpn/remote-clients/client-ordersrc2.crt
usr/share/untangle/settings/openvpn/remote-clients/client-jen.p12
usr/share/untangle/settings/openvpn/remote-clients/client-jen.crt
usr/share/untangle/settings/openvpn/remote-clients/client-ordersrc2.p12
usr/share/untangle/settings/openvpn/remote-clients/client-MFW-926-test.key
usr/share/untangle/settings/openvpn/remote-clients/client-michaelf.p12
usr/share/untangle/settings/openvpn/remote-clients/client-chalet.b64
usr/share/untangle/settings/openvpn/remote-clients/client-suek2.p12
usr/share/untangle/settings/openvpn/remote-clients/client-alondrac.key
usr/share/untangle/settings/openvpn/remote-clients/client-michaelf.crt
usr/share/untangle/settings/openvpn/remote-clients/client-i7lap.crt
usr/share/untangle/settings/openvpn/remote-clients/client-FtWayneMFW.crt
usr/share/untangle/settings/openvpn/remote-clients/client-testunitfull.p12
usr/share/untangle/settings/openvpn/remote-clients/client-kathyb.b64
usr/share/untangle/settings/openvpn/remote-clients/client-alondrac.crt
usr/share/untangle/settings/openvpn/remote-clients/client-junior.p12
usr/share/untangle/settings/openvpn/remote-clients/client-jen2.b64
usr/share/untangle/settings/openvpn/remote-clients/client-testunitfull.key
usr/share/untangle/settings/openvpn/remote-clients/client-feliper.p12
usr/share/untangle/settings/openvpn/remote-clients/client-michaelf.b64
usr/share/untangle/settings/openvpn/remote-clients/client-davidy2.b64
usr/share/untangle/settings/openvpn/remote-clients/client-jen3.crt
usr/share/untangle/settings/openvpn/remote-clients/client-cmercertestfull.p12
usr/share/untangle/settings/openvpn/remote-clients/client-jen3.key
usr/share/untangle/settings/openvpn/remote-clients/client-raquelc.crt
usr/share/untangle/settings/openvpn/remote-clients/client-FtWayneMFW.b64
usr/share/untangle/settings/openvpn/remote-clients/client-mfwrc4.crt
usr/share/untangle/settings/openvpn/remote-clients/client-ordersrc2.b64
usr/share/untangle/settings/openvpn/remote-clients/client-MFW-926-test.crt
usr/share/untangle/settings/openvpn/remote-clients/client-i7lap.b64
usr/share/untangle/settings/openvpn/remote-clients/client-mfwrc4.b64
usr/share/untangle/settings/openvpn/remote-clients/client-rudy.key
usr/share/untangle/settings/openvpn/remote-clients/client-amandal.b64
usr/share/untangle/settings/openvpn/remote-clients/client-peteb.key
usr/share/untangle/settings/openvpn/remote-clients/client-christinag.b64
usr/share/untangle/settings/openvpn/remote-clients/client-FtWayneMFW.p12
usr/share/untangle/settings/openvpn/remote-clients/client-rudy.b64
usr/share/untangle/settings/openvpn/remote-clients/client-cmercertestfull.crt
usr/share/untangle/settings/openvpn/remote-clients/client-raquelc.b64
usr/share/untangle/settings/openvpn/remote-clients/client-alondrac.b64
usr/share/untangle/settings/openvpn/remote-clients/client-jen3.b64
usr/share/untangle/settings/openvpn/remote-clients/client-NewCastle.key
usr/share/untangle/settings/openvpn/remote-clients/client-raquelc.p12
usr/share/untangle/settings/openvpn/remote-clients/client-peteb.b64
usr/share/untangle/settings/openvpn/remote-clients/client-jen2.p12
usr/share/untangle/settings/openvpn/remote-clients/client-suek2.b64
usr/share/untangle/settings/openvpn/remote-clients/client-kathyb.crt
usr/share/untangle/settings/openvpn/remote-clients/client-jen2.key
usr/share/untangle/settings/openvpn/remote-clients/client-suek2.key
usr/share/untangle/settings/openvpn/remote-clients/client-jen.key
usr/share/untangle/settings/openvpn/remote-clients/client-feliper.crt
usr/share/untangle/settings/openvpn/remote-clients/client-test.p12
usr/share/untangle/settings/openvpn/remote-clients/client-davidy2.key
usr/share/untangle/settings/openvpn/remote-clients/client-peteb.p12
usr/share/untangle/settings/openvpn/remote-clients/client-suek2.crt
usr/share/untangle/settings/openvpn/remote-clients/client-MFW-926-test.b64
usr/share/untangle/settings/openvpn/remote-clients/client-suek.p12
usr/share/untangle/settings/openvpn/remote-clients/client-junior.key
usr/share/untangle/settings/openvpn/remote-clients/client-suek.b64
usr/share/untangle/settings/openvpn/remote-clients/client-chalet.key
usr/share/untangle/settings/openvpn/remote-clients/client-jen.b64
usr/share/untangle/settings/openvpn/remote-clients/client-junior.b64
usr/share/untangle/settings/openvpn/remote-clients/client-i7lap.p12
usr/share/untangle/settings/openvpn/remote-clients/client-mfwrc4.key
usr/share/untangle/settings/openvpn/remote-clients/client-christinag.crt
usr/share/untangle/settings/openvpn/remote-clients/client-feliper.key
usr/share/untangle/settings/openvpn/remote-clients/client-christinag.p12
usr/share/untangle/settings/openvpn/remote-clients/client-FtWayneMFW.key
usr/share/untangle/settings/openvpn/remote-clients/client-peteb.crt
usr/share/untangle/settings/openvpn/remote-clients/client-jen2.crt
usr/share/untangle/settings/openvpn/remote-clients/client-feliper.b64
usr/share/untangle/settings/openvpn/remote-clients/client-cmercertestfull.b64
usr/share/untangle/settings/openvpn/76B51D28.pem
usr/share/untangle/settings/openvpn/settings_20.js
usr/share/untangle/settings/openvpn/settings_33.js
usr/share/untangle/settings/openvpn/76B51D17.pem
usr/share/untangle/settings/openvpn/76B51D1D.pem
usr/share/untangle/settings/openvpn/76B51D26.pem
usr/share/untangle/settings/openvpn/index.txt.attr
usr/share/untangle/settings/openvpn/76B51D1B.pem
usr/share/untangle/settings/openvpn/serial.old
usr/share/untangle/settings/openvpn/index.txt.attr.old
usr/share/untangle/settings/openvpn/76B51D3A.pem
usr/share/untangle/settings/openvpn/76B51D41.pem
usr/share/untangle/settings/openvpn/76B51D29.pem
usr/share/untangle/settings/openvpn/76B51D24.pem
usr/share/untangle/settings/openvpn/76B51D39.pem
usr/share/untangle/settings/openvpn/76B51D2A.pem
usr/share/untangle/settings/openvpn/76B51D12.pem
usr/share/untangle/settings/openvpn/server.crt
usr/share/untangle/settings/application-control/
usr/share/untangle/settings/application-control/settings_77.js
usr/share/untangle/settings/application-control/settings_30.js
usr/share/untangle/settings/application-control/settings_31.js
usr/share/untangle/settings/application-control/settings_12.js
usr/share/untangle/settings/application-control/settings_59.js
usr/share/untangle/settings/directory-connector/
usr/share/untangle/settings/directory-connector/settings_17.js
usr/share/untangle/settings/directory-connector/settings_32.js
usr/share/untangle/settings/directory-connector/settings_46.js
Restoring files...done
Maintaining files...
Keeping original /root/development/github/ngfw_src/dist/usr/share/untangle/settings/./untangle-vm/network.js-version-2020-09-23-143748.751.js
Keeping original /root/development/github/ngfw_src/dist/usr/share/untangle/settings/./untangle-vm/network.js-version-2020-09-22-101108.675.js
Keeping original /root/development/github/ngfw_src/dist/usr/share/untangle/settings/./untangle-vm/network.js-version-2020-09-23-143959.090.js
Keeping original /root/development/github/ngfw_src/dist/usr/share/untangle/settings/./untangle-vm/network.js
Keeping original /root/development/github/ngfw_src/dist/usr/share/untangle/settings/./untangle-vm/network.js-version-2020-09-23-144052.266.js
Maintaining files... done
Stopping Untangle VM:Not Running.
.
Starting Untangle VM:[......|...]
.
Completed. Success
